{
  "dataset": "ASAS",
  "model_type": "langevin",
  "sde_config": 1,
  "start_time": "20250830_095704",
  "date": "20250830",
  "epochs": [
    {
      "epoch": 1,
      "train_loss": 8.630690176744718,
      "train_acc": 52.913851351351354,
      "val_loss": 0.8687875151634217,
      "val_acc": 59.32773109243698,
      "timestamp": "2025-08-30 09:57:10",
      "train_f1": 47.07743203998718,
      "train_recall": 52.91385135135135,
      "val_f1": 48.5860692541808,
      "val_recall": 59.32773109243698,
      "confusion_matrix": [
        [
          21,
          0,
          22,
          0,
          24
        ],
        [
          17,
          6,
          0,
          0,
          0
        ],
        [
          0,
          0,
          0,
          0,
          162
        ],
        [
          0,
          2,
          9,
          0,
          4
        ],
        [
          0,
          0,
          2,
          0,
          326
        ]
      ],
      "class_accuracies": {
        "class_0": 31.343283582089555,
        "class_1": 26.08695652173913,
        "class_2": 0.0,
        "class_3": 0.0,
        "class_4": 99.39024390243902
      },
      "epoch_time": 5.580840826034546,
      "learning_rate": 3e-05
    },
    {
      "epoch": 2,
      "train_loss": 8.011695067624789,
      "train_acc": 68.07432432432432,
      "val_loss": 0.8218484461307526,
      "val_acc": 76.97478991596638,
      "timestamp": "2025-08-30 09:57:15",
      "train_f1": 63.97147348303642,
      "train_recall": 68.07432432432432,
      "val_f1": 74.23521763806833,
      "val_recall": 76.9747899159664,
      "confusion_matrix": [
        [
          41,
          0,
          22,
          0,
          4
        ],
        [
          14,
          9,
          0,
          0,
          0
        ],
        [
          0,
          0,
          82,
          0,
          80
        ],
        [
          9,
          4,
          1,
          0,
          1
        ],
        [
          2,
          0,
          0,
          0,
          326
        ]
      ],
      "class_accuracies": {
        "class_0": 61.19402985074627,
        "class_1": 39.130434782608695,
        "class_2": 50.617283950617285,
        "class_3": 0.0,
        "class_4": 99.39024390243902
      },
      "epoch_time": 4.972743272781372,
      "learning_rate": 3e-05
    },
    {
      "epoch": 3,
      "train_loss": 7.589530099082637,
      "train_acc": 80.4054054054054,
      "val_loss": 0.7760018289089203,
      "val_acc": 89.91596638655462,
      "timestamp": "2025-08-30 09:57:23",
      "train_f1": 79.0993244225779,
      "train_recall": 80.4054054054054,
      "val_f1": 88.55369367086173,
      "val_recall": 89.91596638655463,
      "confusion_matrix": [
        [
          45,
          0,
          20,
          0,
          2
        ],
        [
          12,
          11,
          0,
          0,
          0
        ],
        [
          1,
          0,
          153,
          0,
          8
        ],
        [
          10,
          4,
          0,
          0,
          1
        ],
        [
          2,
          0,
          0,
          0,
          326
        ]
      ],
      "class_accuracies": {
        "class_0": 67.16417910447761,
        "class_1": 47.82608695652174,
        "class_2": 94.44444444444444,
        "class_3": 0.0,
        "class_4": 99.39024390243902
      },
      "epoch_time": 7.804073810577393,
      "learning_rate": 3e-05
    },
    {
      "epoch": 4,
      "train_loss": 7.203304353598002,
      "train_acc": 86.14864864864865,
      "val_loss": 0.7482740223407746,
      "val_acc": 92.10084033613445,
      "timestamp": "2025-08-30 09:57:32",
      "train_f1": 85.71952976167886,
      "train_recall": 86.14864864864865,
      "val_f1": 90.98000749100903,
      "val_recall": 92.10084033613445,
      "confusion_matrix": [
        [
          52,
          0,
          15,
          0,
          0
        ],
        [
          4,
          19,
          0,
          0,
          0
        ],
        [
          3,
          0,
          153,
          0,
          6
        ],
        [
          10,
          4,
          0,
          0,
          1
        ],
        [
          2,
          0,
          2,
          0,
          324
        ]
      ],
      "class_accuracies": {
        "class_0": 77.61194029850746,
        "class_1": 82.6086956521739,
        "class_2": 94.44444444444444,
        "class_3": 0.0,
        "class_4": 98.78048780487805
      },
      "epoch_time": 8.739313125610352,
      "learning_rate": 3e-05
    },
    {
      "epoch": 5,
      "train_loss": 6.961087743978243,
      "train_acc": 89.82263513513513,
      "val_loss": 0.7354895293712616,
      "val_acc": 92.77310924369748,
      "timestamp": "2025-08-30 09:57:41",
      "train_f1": 89.75158918743733,
      "train_recall": 89.82263513513513,
      "val_f1": 91.90997428351835,
      "val_recall": 92.77310924369748,
      "confusion_matrix": [
        [
          52,
          0,
          15,
          0,
          0
        ],
        [
          2,
          21,
          0,
          0,
          0
        ],
        [
          4,
          0,
          157,
          0,
          1
        ],
        [
          10,
          3,
          1,
          1,
          0
        ],
        [
          2,
          0,
          5,
          0,
          321
        ]
      ],
      "class_accuracies": {
        "class_0": 77.61194029850746,
        "class_1": 91.30434782608695,
        "class_2": 96.91358024691358,
        "class_3": 6.666666666666667,
        "class_4": 97.86585365853658
      },
      "epoch_time": 8.917469263076782,
      "learning_rate": 3e-05
    },
    {
      "epoch": 6,
      "train_loss": 6.782780864754239,
      "train_acc": 91.51182432432432,
      "val_loss": 0.722652268409729,
      "val_acc": 93.61344537815125,
      "timestamp": "2025-08-30 09:57:50",
      "train_f1": 91.2666538130599,
      "train_recall": 91.51182432432432,
      "val_f1": 93.06078375902696,
      "val_recall": 93.61344537815125,
      "confusion_matrix": [
        [
          52,
          0,
          15,
          0,
          0
        ],
        [
          2,
          21,
          0,
          0,
          0
        ],
        [
          4,
          0,
          157,
          0,
          1
        ],
        [
          10,
          1,
          0,
          3,
          1
        ],
        [
          2,
          0,
          2,
          0,
          324
        ]
      ],
      "class_accuracies": {
        "class_0": 77.61194029850746,
        "class_1": 91.30434782608695,
        "class_2": 96.91358024691358,
        "class_3": 20.0,
        "class_4": 98.78048780487805
      },
      "epoch_time": 8.785826206207275,
      "learning_rate": 3e-05
    },
    {
      "epoch": 7,
      "train_loss": 6.6771224962698446,
      "train_acc": 93.45439189189189,
      "val_loss": 0.7181223213672638,
      "val_acc": 93.10924369747899,
      "timestamp": "2025-08-30 09:57:59",
      "train_f1": 93.23353775776879,
      "train_recall": 93.4543918918919,
      "val_f1": 92.49066548853934,
      "val_recall": 93.10924369747899,
      "confusion_matrix": [
        [
          51,
          1,
          15,
          0,
          0
        ],
        [
          2,
          21,
          0,
          0,
          0
        ],
        [
          2,
          0,
          154,
          0,
          6
        ],
        [
          10,
          1,
          0,
          3,
          1
        ],
        [
          2,
          0,
          1,
          0,
          325
        ]
      ],
      "epoch_time": 8.787261962890625,
      "learning_rate": 3e-05
    },
    {
      "epoch": 8,
      "train_loss": 6.602525537078445,
      "train_acc": 93.41216216216216,
      "val_loss": 0.710875129699707,
      "val_acc": 92.43697478991596,
      "timestamp": "2025-08-30 09:58:08",
      "train_f1": 93.23627931765085,
      "train_recall": 93.41216216216216,
      "val_f1": 91.84762311675368,
      "val_recall": 92.43697478991596,
      "confusion_matrix": [
        [
          50,
          2,
          15,
          0,
          0
        ],
        [
          2,
          21,
          0,
          0,
          0
        ],
        [
          4,
          0,
          152,
          0,
          6
        ],
        [
          10,
          1,
          0,
          3,
          1
        ],
        [
          2,
          0,
          2,
          0,
          324
        ]
      ],
      "epoch_time": 8.687116622924805,
      "learning_rate": 3e-05
    },
    {
      "epoch": 9,
      "train_loss": 6.569803055879232,
      "train_acc": 93.6233108108108,
      "val_loss": 0.709527313709259,
      "val_acc": 92.94117647058823,
      "timestamp": "2025-08-30 09:58:18",
      "train_f1": 93.44092612260584,
      "train_recall": 93.6233108108108,
      "val_f1": 92.31068756231846,
      "val_recall": 92.94117647058823,
      "confusion_matrix": [
        [
          50,
          2,
          15,
          0,
          0
        ],
        [
          2,
          21,
          0,
          0,
          0
        ],
        [
          2,
          0,
          154,
          0,
          6
        ],
        [
          10,
          1,
          0,
          3,
          1
        ],
        [
          2,
          0,
          1,
          0,
          325
        ]
      ],
      "epoch_time": 9.564777135848999,
      "learning_rate": 3e-05
    },
    {
      "epoch": 10,
      "train_loss": 6.551322669596286,
      "train_acc": 93.32770270270271,
      "val_loss": 0.7050069689750671,
      "val_acc": 92.43697478991596,
      "timestamp": "2025-08-30 09:58:27",
      "train_f1": 93.10505066486073,
      "train_recall": 93.3277027027027,
      "val_f1": 91.89772809300325,
      "val_recall": 92.43697478991596,
      "confusion_matrix": [
        [
          51,
          1,
          15,
          0,
          0
        ],
        [
          2,
          21,
          0,
          0,
          0
        ],
        [
          6,
          0,
          151,
          0,
          5
        ],
        [
          10,
          1,
          0,
          3,
          1
        ],
        [
          2,
          0,
          2,
          0,
          324
        ]
      ],
      "epoch_time": 9.03256368637085,
      "learning_rate": 3e-05
    },
    {
      "epoch": 11,
      "train_loss": 6.512942528402483,
      "train_acc": 93.58108108108108,
      "val_loss": 0.7046108961105346,
      "val_acc": 93.10924369747899,
      "timestamp": "2025-08-30 09:58:36",
      "train_f1": 93.38794832287616,
      "train_recall": 93.58108108108108,
      "val_f1": 92.55002818288841,
      "val_recall": 93.10924369747899,
      "confusion_matrix": [
        [
          52,
          0,
          15,
          0,
          0
        ],
        [
          2,
          21,
          0,
          0,
          0
        ],
        [
          4,
          0,
          154,
          0,
          4
        ],
        [
          10,
          1,
          0,
          3,
          1
        ],
        [
          2,
          0,
          2,
          0,
          324
        ]
      ],
      "epoch_time": 8.760217189788818,
      "learning_rate": 3e-05
    },
    {
      "epoch": 12,
      "train_loss": 6.509478117968585,
      "train_acc": 94.13006756756756,
      "val_loss": 0.7019876718521119,
      "val_acc": 93.10924369747899,
      "timestamp": "2025-08-30 09:58:45",
      "train_f1": 93.99376599727768,
      "train_recall": 94.13006756756756,
      "val_f1": 92.58870960743513,
      "val_recall": 93.10924369747899,
      "confusion_matrix": [
        [
          52,
          0,
          15,
          0,
          0
        ],
        [
          2,
          21,
          0,
          0,
          0
        ],
        [
          4,
          0,
          157,
          0,
          1
        ],
        [
          10,
          1,
          1,
          3,
          0
        ],
        [
          2,
          0,
          5,
          0,
          321
        ]
      ],
      "epoch_time": 8.78565263748169,
      "learning_rate": 1.5e-05
    },
    {
      "epoch": 13,
      "train_loss": 6.46150997039434,
      "train_acc": 94.25675675675676,
      "val_loss": 0.7026738703250885,
      "val_acc": 93.4453781512605,
      "timestamp": "2025-08-30 09:58:54",
      "train_f1": 94.09636256518658,
      "train_recall": 94.25675675675676,
      "val_f1": 92.8391356542617,
      "val_recall": 93.4453781512605,
      "confusion_matrix": [
        [
          51,
          1,
          15,
          0,
          0
        ],
        [
          2,
          21,
          0,
          0,
          0
        ],
        [
          2,
          0,
          157,
          0,
          3
        ],
        [
          10,
          1,
          0,
          3,
          1
        ],
        [
          2,
          0,
          2,
          0,
          324
        ]
      ],
      "epoch_time": 8.690857172012329,
      "learning_rate": 1.5e-05
    },
    {
      "epoch": 14,
      "train_loss": 6.454970519284944,
      "train_acc": 94.29898648648648,
      "val_loss": 0.7007199764251709,
      "val_acc": 92.77310924369748,
      "timestamp": "2025-08-30 09:59:03",
      "train_f1": 94.12014510392379,
      "train_recall": 94.29898648648648,
      "val_f1": 92.24993462274152,
      "val_recall": 92.77310924369748,
      "confusion_matrix": [
        [
          51,
          1,
          15,
          0,
          0
        ],
        [
          2,
          21,
          0,
          0,
          0
        ],
        [
          5,
          0,
          156,
          0,
          1
        ],
        [
          10,
          1,
          0,
          3,
          1
        ],
        [
          2,
          0,
          5,
          0,
          321
        ]
      ],
      "epoch_time": 9.021390914916992,
      "learning_rate": 1.5e-05
    },
    {
      "epoch": 15,
      "train_loss": 6.4564085055041955,
      "train_acc": 94.08783783783784,
      "val_loss": 0.7008605480194092,
      "val_acc": 92.77310924369748,
      "timestamp": "2025-08-30 09:59:12",
      "train_f1": 93.9331562655885,
      "train_recall": 94.08783783783784,
      "val_f1": 92.27886048826586,
      "val_recall": 92.77310924369748,
      "confusion_matrix": [
        [
          52,
          1,
          14,
          0,
          0
        ],
        [
          2,
          21,
          0,
          0,
          0
        ],
        [
          6,
          0,
          155,
          0,
          1
        ],
        [
          10,
          1,
          0,
          3,
          1
        ],
        [
          2,
          0,
          5,
          0,
          321
        ]
      ],
      "epoch_time": 8.732460021972656,
      "learning_rate": 1.5e-05
    },
    {
      "epoch": 16,
      "train_loss": 6.464819843704636,
      "train_acc": 94.29898648648648,
      "val_loss": 0.7050434350967407,
      "val_acc": 92.94117647058823,
      "timestamp": "2025-08-30 09:59:21",
      "train_f1": 94.14971634200566,
      "train_recall": 94.29898648648648,
      "val_f1": 92.27947700774408,
      "val_recall": 92.94117647058823,
      "confusion_matrix": [
        [
          49,
          1,
          17,
          0,
          0
        ],
        [
          2,
          21,
          0,
          0,
          0
        ],
        [
          1,
          0,
          155,
          0,
          6
        ],
        [
          10,
          1,
          0,
          3,
          1
        ],
        [
          2,
          0,
          1,
          0,
          325
        ]
      ],
      "epoch_time": 8.765179634094238,
      "learning_rate": 1.5e-05
    },
    {
      "epoch": 17,
      "train_loss": 6.45912993437535,
      "train_acc": 94.25675675675676,
      "val_loss": 0.7011051952838898,
      "val_acc": 93.78151260504201,
      "timestamp": "2025-08-30 09:59:29",
      "train_f1": 94.07532090616323,
      "train_recall": 94.25675675675676,
      "val_f1": 93.17731544058914,
      "val_recall": 93.78151260504201,
      "confusion_matrix": [
        [
          51,
          1,
          15,
          0,
          0
        ],
        [
          2,
          21,
          0,
          0,
          0
        ],
        [
          2,
          0,
          159,
          0,
          1
        ],
        [
          10,
          1,
          0,
          3,
          1
        ],
        [
          2,
          0,
          2,
          0,
          324
        ]
      ],
      "class_accuracies": {
        "class_0": 76.11940298507463,
        "class_1": 91.30434782608695,
        "class_2": 98.14814814814815,
        "class_3": 20.0,
        "class_4": 98.78048780487805
      },
      "epoch_time": 8.727099180221558,
      "learning_rate": 1.5e-05
    },
    {
      "epoch": 18,
      "train_loss": 6.414014737348299,
      "train_acc": 94.04560810810811,
      "val_loss": 0.7005147278308869,
      "val_acc": 93.10924369747899,
      "timestamp": "2025-08-30 09:59:39",
      "train_f1": 93.88458533243774,
      "train_recall": 94.0456081081081,
      "val_f1": 92.55840362064163,
      "val_recall": 93.10924369747899,
      "confusion_matrix": [
        [
          51,
          1,
          15,
          0,
          0
        ],
        [
          2,
          21,
          0,
          0,
          0
        ],
        [
          4,
          0,
          157,
          0,
          1
        ],
        [
          10,
          1,
          0,
          3,
          1
        ],
        [
          2,
          0,
          4,
          0,
          322
        ]
      ],
      "epoch_time": 8.987695455551147,
      "learning_rate": 1.5e-05
    },
    {
      "epoch": 19,
      "train_loss": 6.45703191531671,
      "train_acc": 94.25675675675676,
      "val_loss": 0.7015749156475067,
      "val_acc": 93.27731092436974,
      "timestamp": "2025-08-30 09:59:48",
      "train_f1": 94.10990266916758,
      "train_recall": 94.25675675675676,
      "val_f1": 92.65915772804082,
      "val_recall": 93.27731092436974,
      "confusion_matrix": [
        [
          50,
          2,
          15,
          0,
          0
        ],
        [
          2,
          21,
          0,
          0,
          0
        ],
        [
          2,
          0,
          157,
          0,
          3
        ],
        [
          10,
          1,
          0,
          3,
          1
        ],
        [
          2,
          0,
          2,
          0,
          324
        ]
      ],
      "epoch_time": 8.903462409973145,
      "learning_rate": 1.5e-05
    },
    {
      "epoch": 20,
      "train_loss": 6.451077350088068,
      "train_acc": 94.63682432432432,
      "val_loss": 0.699971753358841,
      "val_acc": 92.77310924369748,
      "timestamp": "2025-08-30 09:59:57",
      "train_f1": 94.4639950854157,
      "train_recall": 94.63682432432432,
      "val_f1": 92.21871533649453,
      "val_recall": 92.77310924369748,
      "confusion_matrix": [
        [
          50,
          2,
          15,
          0,
          0
        ],
        [
          2,
          21,
          0,
          0,
          0
        ],
        [
          4,
          0,
          157,
          0,
          1
        ],
        [
          10,
          1,
          0,
          3,
          1
        ],
        [
          2,
          0,
          5,
          0,
          321
        ]
      ],
      "epoch_time": 9.363324642181396,
      "learning_rate": 1.5e-05
    },
    {
      "epoch": 21,
      "train_loss": 6.425754042896065,
      "train_acc": 94.42567567567568,
      "val_loss": 0.7026683807373046,
      "val_acc": 92.94117647058823,
      "timestamp": "2025-08-30 10:00:06",
      "train_f1": 94.25642887353123,
      "train_recall": 94.42567567567568,
      "val_f1": 92.30135486639274,
      "val_recall": 92.94117647058823,
      "confusion_matrix": [
        [
          50,
          1,
          16,
          0,
          0
        ],
        [
          2,
          21,
          0,
          0,
          0
        ],
        [
          1,
          0,
          155,
          0,
          6
        ],
        [
          10,
          1,
          0,
          3,
          1
        ],
        [
          2,
          0,
          2,
          0,
          324
        ]
      ],
      "epoch_time": 8.758218050003052,
      "learning_rate": 1.5e-05
    },
    {
      "epoch": 22,
      "train_loss": 6.444406657605557,
      "train_acc": 94.38344594594595,
      "val_loss": 0.7033875346183777,
      "val_acc": 92.94117647058823,
      "timestamp": "2025-08-30 10:00:15",
      "train_f1": 94.1980846104187,
      "train_recall": 94.38344594594594,
      "val_f1": 92.27981737165892,
      "val_recall": 92.94117647058823,
      "confusion_matrix": [
        [
          49,
          2,
          16,
          0,
          0
        ],
        [
          2,
          21,
          0,
          0,
          0
        ],
        [
          1,
          0,
          155,
          0,
          6
        ],
        [
          10,
          1,
          0,
          3,
          1
        ],
        [
          2,
          0,
          1,
          0,
          325
        ]
      ],
      "epoch_time": 8.746461629867554,
      "learning_rate": 1.5e-05
    },
    {
      "epoch": 23,
      "train_loss": 6.433226810919272,
      "train_acc": 94.08783783783784,
      "val_loss": 0.6995346784591675,
      "val_acc": 92.77310924369748,
      "timestamp": "2025-08-30 10:00:24",
      "train_f1": 93.91222927749065,
      "train_recall": 94.08783783783784,
      "val_f1": 92.27589286493757,
      "val_recall": 92.77310924369748,
      "confusion_matrix": [
        [
          52,
          1,
          14,
          0,
          0
        ],
        [
          2,
          21,
          0,
          0,
          0
        ],
        [
          5,
          0,
          156,
          0,
          1
        ],
        [
          10,
          1,
          1,
          3,
          0
        ],
        [
          2,
          0,
          6,
          0,
          320
        ]
      ],
      "epoch_time": 8.944225072860718,
      "learning_rate": 7.5e-06
    },
    {
      "epoch": 24,
      "train_loss": 6.443009139718236,
      "train_acc": 94.25675675675676,
      "val_loss": 0.6991626024246216,
      "val_acc": 92.94117647058823,
      "timestamp": "2025-08-30 10:00:33",
      "train_f1": 94.09318375661186,
      "train_recall": 94.25675675675676,
      "val_f1": 92.39807313162203,
      "val_recall": 92.94117647058823,
      "confusion_matrix": [
        [
          51,
          1,
          15,
          0,
          0
        ],
        [
          2,
          21,
          0,
          0,
          0
        ],
        [
          4,
          0,
          157,
          0,
          1
        ],
        [
          10,
          1,
          0,
          3,
          1
        ],
        [
          2,
          0,
          5,
          0,
          321
        ]
      ],
      "epoch_time": 8.79447865486145,
      "learning_rate": 7.5e-06
    },
    {
      "epoch": 25,
      "train_loss": 6.437730745689289,
      "train_acc": 94.4679054054054,
      "val_loss": 0.6999445736408234,
      "val_acc": 93.61344537815125,
      "timestamp": "2025-08-30 10:00:42",
      "train_f1": 94.2995476296337,
      "train_recall": 94.4679054054054,
      "val_f1": 92.99733751436825,
      "val_recall": 93.61344537815125,
      "confusion_matrix": [
        [
          50,
          2,
          15,
          0,
          0
        ],
        [
          2,
          21,
          0,
          0,
          0
        ],
        [
          2,
          0,
          159,
          0,
          1
        ],
        [
          10,
          1,
          0,
          3,
          1
        ],
        [
          2,
          0,
          2,
          0,
          324
        ]
      ],
      "epoch_time": 8.760915756225586,
      "learning_rate": 7.5e-06
    },
    {
      "epoch": 26,
      "train_loss": 6.418925251509692,
      "train_acc": 94.34121621621621,
      "val_loss": 0.699829512834549,
      "val_acc": 93.27731092436974,
      "timestamp": "2025-08-30 10:00:51",
      "train_f1": 94.17678360208309,
      "train_recall": 94.34121621621621,
      "val_f1": 92.70025276469275,
      "val_recall": 93.27731092436974,
      "confusion_matrix": [
        [
          50,
          2,
          15,
          0,
          0
        ],
        [
          2,
          21,
          0,
          0,
          0
        ],
        [
          4,
          0,
          157,
          0,
          1
        ],
        [
          10,
          1,
          0,
          3,
          1
        ],
        [
          2,
          0,
          2,
          0,
          324
        ]
      ],
      "epoch_time": 8.804689407348633,
      "learning_rate": 7.5e-06
    },
    {
      "epoch": 27,
      "train_loss": 6.468804216062701,
      "train_acc": 94.38344594594595,
      "val_loss": 0.7017512083053589,
      "val_acc": 92.77310924369748,
      "timestamp": "2025-08-30 10:01:00",
      "train_f1": 94.21664110373153,
      "train_recall": 94.38344594594594,
      "val_f1": 92.187675070028,
      "val_recall": 92.77310924369748,
      "confusion_matrix": [
        [
          51,
          1,
          15,
          0,
          0
        ],
        [
          2,
          21,
          0,
          0,
          0
        ],
        [
          4,
          0,
          152,
          0,
          6
        ],
        [
          10,
          1,
          0,
          3,
          1
        ],
        [
          2,
          0,
          1,
          0,
          325
        ]
      ],
      "epoch_time": 8.960483074188232,
      "learning_rate": 7.5e-06
    },
    {
      "epoch": 28,
      "train_loss": 6.434902584230578,
      "train_acc": 94.42567567567568,
      "val_loss": 0.6991947412490844,
      "val_acc": 93.10924369747899,
      "timestamp": "2025-08-30 10:01:09",
      "train_f1": 94.2533924624673,
      "train_recall": 94.42567567567568,
      "val_f1": 92.55840362064163,
      "val_recall": 93.10924369747899,
      "confusion_matrix": [
        [
          51,
          1,
          15,
          0,
          0
        ],
        [
          2,
          21,
          0,
          0,
          0
        ],
        [
          4,
          0,
          157,
          0,
          1
        ],
        [
          10,
          1,
          0,
          3,
          1
        ],
        [
          2,
          0,
          4,
          0,
          322
        ]
      ],
      "epoch_time": 8.971280097961426,
      "learning_rate": 7.5e-06
    },
    {
      "epoch": 29,
      "train_loss": 6.412824722560677,
      "train_acc": 94.42567567567568,
      "val_loss": 0.6989411175251007,
      "val_acc": 92.60504201680672,
      "timestamp": "2025-08-30 10:01:18",
      "train_f1": 94.22534763066605,
      "train_recall": 94.42567567567568,
      "val_f1": 92.12787257985366,
      "val_recall": 92.60504201680672,
      "confusion_matrix": [
        [
          52,
          1,
          14,
          0,
          0
        ],
        [
          2,
          21,
          0,
          0,
          0
        ],
        [
          6,
          0,
          155,
          0,
          1
        ],
        [
          10,
          1,
          1,
          3,
          0
        ],
        [
          2,
          0,
          6,
          0,
          320
        ]
      ],
      "epoch_time": 8.84276556968689,
      "learning_rate": 7.5e-06
    },
    {
      "epoch": 30,
      "train_loss": 6.430529649193223,
      "train_acc": 94.42567567567568,
      "val_loss": 0.700222647190094,
      "val_acc": 93.27731092436974,
      "timestamp": "2025-08-30 10:01:27",
      "train_f1": 94.25500303436,
      "train_recall": 94.42567567567568,
      "val_f1": 92.70962494602489,
      "val_recall": 93.27731092436974,
      "confusion_matrix": [
        [
          51,
          1,
          15,
          0,
          0
        ],
        [
          2,
          21,
          0,
          0,
          0
        ],
        [
          4,
          0,
          156,
          0,
          2
        ],
        [
          10,
          1,
          0,
          3,
          1
        ],
        [
          2,
          0,
          2,
          0,
          324
        ]
      ],
      "epoch_time": 8.813443899154663,
      "learning_rate": 7.5e-06
    },
    {
      "epoch": 31,
      "train_loss": 6.4323241855647115,
      "train_acc": 94.55236486486487,
      "val_loss": 0.699452143907547,
      "val_acc": 93.27731092436974,
      "timestamp": "2025-08-30 10:01:34",
      "train_f1": 94.37013179862672,
      "train_recall": 94.55236486486487,
      "val_f1": 92.71891437740774,
      "val_recall": 93.27731092436974,
      "confusion_matrix": [
        [
          51,
          1,
          15,
          0,
          0
        ],
        [
          2,
          21,
          0,
          0,
          0
        ],
        [
          4,
          0,
          157,
          0,
          1
        ],
        [
          10,
          1,
          0,
          3,
          1
        ],
        [
          2,
          0,
          3,
          0,
          323
        ]
      ],
      "epoch_time": 6.661314249038696,
      "learning_rate": 7.5e-06
    },
    {
      "epoch": 32,
      "train_loss": 6.403989801535735,
      "train_acc": 94.67905405405405,
      "val_loss": 0.6992753326892853,
      "val_acc": 92.94117647058823,
      "timestamp": "2025-08-30 10:01:39",
      "train_f1": 94.51630717179152,
      "train_recall": 94.67905405405406,
      "val_f1": 92.39807313162203,
      "val_recall": 92.94117647058823,
      "confusion_matrix": [
        [
          51,
          1,
          15,
          0,
          0
        ],
        [
          2,
          21,
          0,
          0,
          0
        ],
        [
          4,
          0,
          157,
          0,
          1
        ],
        [
          10,
          1,
          0,
          3,
          1
        ],
        [
          2,
          0,
          5,
          0,
          321
        ]
      ],
      "epoch_time": 5.262096166610718,
      "learning_rate": 7.5e-06
    },
    {
      "epoch": 33,
      "train_loss": 6.43860237501763,
      "train_acc": 94.55236486486487,
      "val_loss": 0.699943482875824,
      "val_acc": 93.61344537815125,
      "timestamp": "2025-08-30 10:01:45",
      "train_f1": 94.40681550279957,
      "train_recall": 94.55236486486487,
      "val_f1": 93.02825082700527,
      "val_recall": 93.61344537815125,
      "confusion_matrix": [
        [
          51,
          1,
          15,
          0,
          0
        ],
        [
          2,
          21,
          0,
          0,
          0
        ],
        [
          3,
          0,
          158,
          0,
          1
        ],
        [
          10,
          1,
          0,
          3,
          1
        ],
        [
          2,
          0,
          2,
          0,
          324
        ]
      ],
      "epoch_time": 4.952473878860474,
      "learning_rate": 7.5e-06
    },
    {
      "epoch": 34,
      "train_loss": 6.4052749646676554,
      "train_acc": 94.34121621621621,
      "val_loss": 0.7001153647899627,
      "val_acc": 93.78151260504201,
      "timestamp": "2025-08-30 10:01:50",
      "train_f1": 94.16943976726742,
      "train_recall": 94.34121621621621,
      "val_f1": 93.17731544058914,
      "val_recall": 93.78151260504201,
      "confusion_matrix": [
        [
          51,
          1,
          15,
          0,
          0
        ],
        [
          2,
          21,
          0,
          0,
          0
        ],
        [
          2,
          0,
          159,
          0,
          1
        ],
        [
          10,
          1,
          0,
          3,
          1
        ],
        [
          2,
          0,
          2,
          0,
          324
        ]
      ],
      "epoch_time": 4.8973610401153564,
      "learning_rate": 3.75e-06
    },
    {
      "epoch": 35,
      "train_loss": 6.415950375634271,
      "train_acc": 94.63682432432432,
      "val_loss": 0.7013853073120118,
      "val_acc": 92.94117647058823,
      "timestamp": "2025-08-30 10:01:55",
      "train_f1": 94.4522126193014,
      "train_recall": 94.63682432432432,
      "val_f1": 92.32989508808487,
      "val_recall": 92.94117647058823,
      "confusion_matrix": [
        [
          51,
          1,
          15,
          0,
          0
        ],
        [
          2,
          21,
          0,
          0,
          0
        ],
        [
          2,
          0,
          154,
          0,
          6
        ],
        [
          10,
          1,
          0,
          3,
          1
        ],
        [
          2,
          0,
          2,
          0,
          324
        ]
      ],
      "epoch_time": 4.985813856124878,
      "learning_rate": 3.75e-06
    },
    {
      "epoch": 36,
      "train_loss": 6.399681295897509,
      "train_acc": 94.4679054054054,
      "val_loss": 0.6994530022144317,
      "val_acc": 93.4453781512605,
      "timestamp": "2025-08-30 10:02:00",
      "train_f1": 94.30639126455226,
      "train_recall": 94.4679054054054,
      "val_f1": 92.87961055982026,
      "val_recall": 93.4453781512605,
      "confusion_matrix": [
        [
          51,
          1,
          15,
          0,
          0
        ],
        [
          2,
          21,
          0,
          0,
          0
        ],
        [
          4,
          0,
          157,
          0,
          1
        ],
        [
          10,
          1,
          0,
          3,
          1
        ],
        [
          2,
          0,
          2,
          0,
          324
        ]
      ],
      "epoch_time": 5.005506992340088,
      "learning_rate": 3.75e-06
    },
    {
      "epoch": 37,
      "train_loss": 6.406344520079123,
      "train_acc": 94.42567567567568,
      "val_loss": 0.698959493637085,
      "val_acc": 93.10924369747899,
      "timestamp": "2025-08-30 10:02:05",
      "train_f1": 94.2456321035767,
      "train_recall": 94.42567567567568,
      "val_f1": 92.57542740785712,
      "val_recall": 93.10924369747899,
      "confusion_matrix": [
        [
          52,
          1,
          14,
          0,
          0
        ],
        [
          2,
          21,
          0,
          0,
          0
        ],
        [
          4,
          0,
          157,
          0,
          1
        ],
        [
          10,
          1,
          0,
          3,
          1
        ],
        [
          2,
          0,
          5,
          0,
          321
        ]
      ],
      "epoch_time": 4.958762168884277,
      "learning_rate": 3.75e-06
    },
    {
      "epoch": 38,
      "train_loss": 6.378522352592365,
      "train_acc": 94.38344594594595,
      "val_loss": 0.7005580961704254,
      "val_acc": 92.77310924369748,
      "timestamp": "2025-08-30 10:02:10",
      "train_f1": 94.2063903204182,
      "train_recall": 94.38344594594594,
      "val_f1": 92.18949718855423,
      "val_recall": 92.77310924369748,
      "confusion_matrix": [
        [
          50,
          2,
          15,
          0,
          0
        ],
        [
          2,
          21,
          0,
          0,
          0
        ],
        [
          4,
          0,
          154,
          0,
          4
        ],
        [
          10,
          1,
          0,
          3,
          1
        ],
        [
          2,
          0,
          2,
          0,
          324
        ]
      ],
      "epoch_time": 4.983426332473755,
      "learning_rate": 3.75e-06
    },
    {
      "epoch": 39,
      "train_loss": 6.405224096130681,
      "train_acc": 94.55236486486487,
      "val_loss": 0.6997032701969147,
      "val_acc": 93.4453781512605,
      "timestamp": "2025-08-30 10:02:15",
      "train_f1": 94.36593737739759,
      "train_recall": 94.55236486486487,
      "val_f1": 92.87961055982026,
      "val_recall": 93.4453781512605,
      "confusion_matrix": [
        [
          51,
          1,
          15,
          0,
          0
        ],
        [
          2,
          21,
          0,
          0,
          0
        ],
        [
          4,
          0,
          157,
          0,
          1
        ],
        [
          10,
          1,
          0,
          3,
          1
        ],
        [
          2,
          0,
          2,
          0,
          324
        ]
      ],
      "epoch_time": 4.946725368499756,
      "learning_rate": 3.75e-06
    },
    {
      "epoch": 40,
      "train_loss": 6.405378873283799,
      "train_acc": 94.67905405405405,
      "val_loss": 0.6993181645870209,
      "val_acc": 93.4453781512605,
      "timestamp": "2025-08-30 10:02:21",
      "train_f1": 94.50540490180882,
      "train_recall": 94.67905405405406,
      "val_f1": 92.87961055982026,
      "val_recall": 93.4453781512605,
      "confusion_matrix": [
        [
          51,
          1,
          15,
          0,
          0
        ],
        [
          2,
          21,
          0,
          0,
          0
        ],
        [
          4,
          0,
          157,
          0,
          1
        ],
        [
          10,
          1,
          0,
          3,
          1
        ],
        [
          2,
          0,
          2,
          0,
          324
        ]
      ],
      "epoch_time": 5.5965049266815186,
      "learning_rate": 3.75e-06
    },
    {
      "epoch": 41,
      "train_loss": 6.428790416266467,
      "train_acc": 94.4679054054054,
      "val_loss": 0.6999093115329742,
      "val_acc": 93.10924369747899,
      "timestamp": "2025-08-30 10:02:26",
      "train_f1": 94.28265204857655,
      "train_recall": 94.4679054054054,
      "val_f1": 92.51905092006999,
      "val_recall": 93.10924369747899,
      "confusion_matrix": [
        [
          51,
          1,
          15,
          0,
          0
        ],
        [
          2,
          21,
          0,
          0,
          0
        ],
        [
          3,
          0,
          155,
          0,
          4
        ],
        [
          10,
          1,
          0,
          3,
          1
        ],
        [
          2,
          0,
          2,
          0,
          324
        ]
      ],
      "epoch_time": 4.965162754058838,
      "learning_rate": 3.75e-06
    },
    {
      "epoch": 42,
      "train_loss": 6.412190397043486,
      "train_acc": 94.38344594594595,
      "val_loss": 0.699158638715744,
      "val_acc": 93.4453781512605,
      "timestamp": "2025-08-30 10:02:31",
      "train_f1": 94.21084814169444,
      "train_recall": 94.38344594594594,
      "val_f1": 92.87961055982026,
      "val_recall": 93.4453781512605,
      "confusion_matrix": [
        [
          51,
          1,
          15,
          0,
          0
        ],
        [
          2,
          21,
          0,
          0,
          0
        ],
        [
          4,
          0,
          157,
          0,
          1
        ],
        [
          10,
          1,
          0,
          3,
          1
        ],
        [
          2,
          0,
          2,
          0,
          324
        ]
      ],
      "epoch_time": 4.965601682662964,
      "learning_rate": 3.75e-06
    },
    {
      "epoch": 43,
      "train_loss": 6.373126377930513,
      "train_acc": 94.42567567567568,
      "val_loss": 0.7003813982009888,
      "val_acc": 92.60504201680672,
      "timestamp": "2025-08-30 10:02:36",
      "train_f1": 94.26674019357921,
      "train_recall": 94.42567567567568,
      "val_f1": 92.02698091188118,
      "val_recall": 92.60504201680672,
      "confusion_matrix": [
        [
          51,
          1,
          15,
          0,
          0
        ],
        [
          2,
          21,
          0,
          0,
          0
        ],
        [
          4,
          0,
          152,
          0,
          6
        ],
        [
          10,
          1,
          0,
          3,
          1
        ],
        [
          2,
          0,
          2,
          0,
          324
        ]
      ],
      "epoch_time": 4.914259672164917,
      "learning_rate": 3.75e-06
    },
    {
      "epoch": 44,
      "train_loss": 6.401544952714765,
      "train_acc": 94.25675675675676,
      "val_loss": 0.6986550152301788,
      "val_acc": 93.61344537815125,
      "timestamp": "2025-08-30 10:02:41",
      "train_f1": 94.10044468277985,
      "train_recall": 94.25675675675676,
      "val_f1": 93.0583051556453,
      "val_recall": 93.61344537815125,
      "confusion_matrix": [
        [
          52,
          1,
          14,
          0,
          0
        ],
        [
          2,
          21,
          0,
          0,
          0
        ],
        [
          4,
          0,
          157,
          0,
          1
        ],
        [
          10,
          1,
          0,
          3,
          1
        ],
        [
          2,
          0,
          2,
          0,
          324
        ]
      ],
      "epoch_time": 4.879233121871948,
      "learning_rate": 3.75e-06
    },
    {
      "epoch": 45,
      "train_loss": 6.389483353576145,
      "train_acc": 94.38344594594595,
      "val_loss": 0.6983098089694977,
      "val_acc": 93.27731092436974,
      "timestamp": "2025-08-30 10:02:46",
      "train_f1": 94.21610728985962,
      "train_recall": 94.38344594594594,
      "val_f1": 92.71891437740774,
      "val_recall": 93.27731092436974,
      "confusion_matrix": [
        [
          51,
          1,
          15,
          0,
          0
        ],
        [
          2,
          21,
          0,
          0,
          0
        ],
        [
          4,
          0,
          157,
          0,
          1
        ],
        [
          10,
          1,
          0,
          3,
          1
        ],
        [
          2,
          0,
          3,
          0,
          323
        ]
      ],
      "epoch_time": 4.901048898696899,
      "learning_rate": 1.875e-06
    },
    {
      "epoch": 46,
      "train_loss": 6.41066984550373,
      "train_acc": 94.63682432432432,
      "val_loss": 0.6986669480800629,
      "val_acc": 93.4453781512605,
      "timestamp": "2025-08-30 10:02:52",
      "train_f1": 94.47402131486926,
      "train_recall": 94.63682432432432,
      "val_f1": 92.87961055982026,
      "val_recall": 93.4453781512605,
      "confusion_matrix": [
        [
          51,
          1,
          15,
          0,
          0
        ],
        [
          2,
          21,
          0,
          0,
          0
        ],
        [
          4,
          0,
          157,
          0,
          1
        ],
        [
          10,
          1,
          0,
          3,
          1
        ],
        [
          2,
          0,
          2,
          0,
          324
        ]
      ],
      "epoch_time": 4.975389242172241,
      "learning_rate": 1.875e-06
    },
    {
      "epoch": 47,
      "train_loss": 6.416555620528556,
      "train_acc": 94.4679054054054,
      "val_loss": 0.6985472917556763,
      "val_acc": 93.27731092436974,
      "timestamp": "2025-08-30 10:02:57",
      "train_f1": 94.29381984209328,
      "train_recall": 94.4679054054054,
      "val_f1": 92.70025276469275,
      "val_recall": 93.27731092436974,
      "confusion_matrix": [
        [
          50,
          2,
          15,
          0,
          0
        ],
        [
          2,
          21,
          0,
          0,
          0
        ],
        [
          4,
          0,
          157,
          0,
          1
        ],
        [
          10,
          1,
          0,
          3,
          1
        ],
        [
          2,
          0,
          2,
          0,
          324
        ]
      ],
      "epoch_time": 4.953323125839233,
      "learning_rate": 1.875e-06
    },
    {
      "epoch": 48,
      "train_loss": 6.416665389731124,
      "train_acc": 94.4679054054054,
      "val_loss": 0.699329137802124,
      "val_acc": 92.94117647058823,
      "timestamp": "2025-08-30 10:03:02",
      "train_f1": 94.30082578332375,
      "train_recall": 94.4679054054054,
      "val_f1": 92.3600172363222,
      "val_recall": 92.94117647058823,
      "confusion_matrix": [
        [
          50,
          2,
          15,
          0,
          0
        ],
        [
          2,
          21,
          0,
          0,
          0
        ],
        [
          4,
          0,
          155,
          0,
          3
        ],
        [
          10,
          1,
          0,
          3,
          1
        ],
        [
          2,
          0,
          2,
          0,
          324
        ]
      ],
      "epoch_time": 5.2240777015686035,
      "learning_rate": 1.875e-06
    },
    {
      "epoch": 49,
      "train_loss": 6.418182894990251,
      "train_acc": 94.34121621621621,
      "val_loss": 0.6989332973957062,
      "val_acc": 93.27731092436974,
      "timestamp": "2025-08-30 10:03:07",
      "train_f1": 94.16930609160346,
      "train_recall": 94.34121621621621,
      "val_f1": 92.70025276469275,
      "val_recall": 93.27731092436974,
      "confusion_matrix": [
        [
          50,
          2,
          15,
          0,
          0
        ],
        [
          2,
          21,
          0,
          0,
          0
        ],
        [
          4,
          0,
          157,
          0,
          1
        ],
        [
          10,
          1,
          0,
          3,
          1
        ],
        [
          2,
          0,
          2,
          0,
          324
        ]
      ],
      "epoch_time": 5.227578163146973,
      "learning_rate": 1.875e-06
    },
    {
      "epoch": 50,
      "train_loss": 6.394849203728341,
      "train_acc": 94.42567567567568,
      "val_loss": 0.6992747724056244,
      "val_acc": 92.94117647058823,
      "timestamp": "2025-08-30 10:03:13",
      "train_f1": 94.25553831505049,
      "train_recall": 94.42567567567568,
      "val_f1": 92.3600172363222,
      "val_recall": 92.94117647058823,
      "confusion_matrix": [
        [
          50,
          2,
          15,
          0,
          0
        ],
        [
          2,
          21,
          0,
          0,
          0
        ],
        [
          4,
          0,
          155,
          0,
          3
        ],
        [
          10,
          1,
          0,
          3,
          1
        ],
        [
          2,
          0,
          2,
          0,
          324
        ]
      ],
      "epoch_time": 4.971887826919556,
      "learning_rate": 1.875e-06
    }
  ]
}