{
  "dataset": "LINEAR",
  "model_type": "linear_noise",
  "sde_config": 1,
  "start_time": "20250828_194129",
  "date": "20250828",
  "epochs": [
    {
      "epoch": 1,
      "train_loss": 9.7815683392378,
      "train_acc": 49.92788461538461,
      "val_loss": 0.4878382069223067,
      "val_acc": 73.77521613832853,
      "timestamp": "2025-08-28 19:42:12",
      "train_f1": 23.68839734269891,
      "train_recall": 26.270287347439513,
      "val_f1": 33.62236565274757,
      "val_recall": 38.61094224924012,
      "confusion_matrix": [
        [
          0,
          0,
          28,
          0,
          34
        ],
        [
          0,
          0,
          0,
          0,
          19
        ],
        [
          0,
          0,
          402,
          0,
          18
        ],
        [
          0,
          0,
          10,
          0,
          154
        ],
        [
          0,
          0,
          10,
          0,
          366
        ]
      ],
      "class_accuracies": {
        "class_0": 0.0,
        "class_1": 0.0,
        "class_2": 95.71428571428572,
        "class_3": 0.0,
        "class_4": 97.3404255319149
      },
      "epoch_time": 43.1175742149353,
      "learning_rate": 5e-05
    },
    {
      "epoch": 2,
      "train_loss": 6.8140030338213995,
      "train_acc": 72.3076923076923,
      "val_loss": 0.30885464478941527,
      "val_acc": 73.96733909702209,
      "timestamp": "2025-08-28 19:43:02",
      "train_f1": 33.89254922691284,
      "train_recall": 37.04168259146786,
      "val_f1": 33.609052937111926,
      "val_recall": 38.66717325227963,
      "confusion_matrix": [
        [
          0,
          0,
          45,
          0,
          17
        ],
        [
          0,
          0,
          0,
          0,
          19
        ],
        [
          0,
          0,
          411,
          0,
          9
        ],
        [
          0,
          0,
          110,
          0,
          54
        ],
        [
          0,
          0,
          17,
          0,
          359
        ]
      ],
      "class_accuracies": {
        "class_0": 0.0,
        "class_1": 0.0,
        "class_2": 97.85714285714285,
        "class_3": 0.0,
        "class_4": 95.47872340425532
      },
      "epoch_time": 49.73359441757202,
      "learning_rate": 5e-05
    },
    {
      "epoch": 3,
      "train_loss": 4.5088156067408045,
      "train_acc": 81.65865384615384,
      "val_loss": 0.25825563248466044,
      "val_acc": 83.95773294908741,
      "timestamp": "2025-08-28 19:43:43",
      "train_f1": 46.64981570808567,
      "train_recall": 47.61653375518022,
      "val_f1": 50.72088597901859,
      "val_recall": 52.12874688017397,
      "confusion_matrix": [
        [
          0,
          0,
          38,
          15,
          9
        ],
        [
          0,
          0,
          0,
          0,
          19
        ],
        [
          0,
          0,
          407,
          7,
          6
        ],
        [
          0,
          0,
          42,
          115,
          7
        ],
        [
          0,
          0,
          12,
          12,
          352
        ]
      ],
      "class_accuracies": {
        "class_0": 0.0,
        "class_1": 0.0,
        "class_2": 96.9047619047619,
        "class_3": 70.1219512195122,
        "class_4": 93.61702127659575
      },
      "epoch_time": 40.25127196311951,
      "learning_rate": 5e-05
    },
    {
      "epoch": 4,
      "train_loss": 3.791319049550937,
      "train_acc": 84.73557692307692,
      "val_loss": 0.24312281871543212,
      "val_acc": 83.28530259365995,
      "timestamp": "2025-08-28 19:44:22",
      "train_f1": 50.122571377603784,
      "train_recall": 51.494796088091555,
      "val_f1": 50.04741830201874,
      "val_recall": 51.475795092297425,
      "confusion_matrix": [
        [
          0,
          0,
          38,
          17,
          7
        ],
        [
          0,
          0,
          0,
          0,
          19
        ],
        [
          0,
          0,
          408,
          10,
          2
        ],
        [
          0,
          0,
          52,
          111,
          1
        ],
        [
          0,
          0,
          14,
          14,
          348
        ]
      ],
      "epoch_time": 39.125165939331055,
      "learning_rate": 5e-05
    },
    {
      "epoch": 5,
      "train_loss": 3.6539692744612693,
      "train_acc": 85.67307692307692,
      "val_loss": 0.22144759796998081,
      "val_acc": 84.0537944284342,
      "timestamp": "2025-08-28 19:45:04",
      "train_f1": 50.999690852924985,
      "train_recall": 52.78581238391939,
      "val_f1": 50.69055082848186,
      "val_recall": 52.347320038549924,
      "confusion_matrix": [
        [
          0,
          0,
          29,
          17,
          16
        ],
        [
          0,
          0,
          0,
          0,
          19
        ],
        [
          0,
          0,
          402,
          11,
          7
        ],
        [
          0,
          0,
          9,
          117,
          38
        ],
        [
          0,
          0,
          10,
          10,
          356
        ]
      ],
      "class_accuracies": {
        "class_0": 0.0,
        "class_1": 0.0,
        "class_2": 95.71428571428572,
        "class_3": 71.34146341463415,
        "class_4": 94.68085106382979
      },
      "epoch_time": 41.35327696800232,
      "learning_rate": 5e-05
    },
    {
      "epoch": 6,
      "train_loss": 3.4515257669182926,
      "train_acc": 84.90384615384616,
      "val_loss": 0.27161678321221294,
      "val_acc": 78.48222862632085,
      "timestamp": "2025-08-28 19:45:52",
      "train_f1": 50.214203224947305,
      "train_recall": 51.9104130302043,
      "val_f1": 45.347872539503,
      "val_recall": 46.85741468356933,
      "confusion_matrix": [
        [
          0,
          0,
          26,
          15,
          21
        ],
        [
          0,
          0,
          0,
          0,
          19
        ],
        [
          0,
          0,
          377,
          34,
          9
        ],
        [
          0,
          0,
          6,
          80,
          78
        ],
        [
          0,
          0,
          9,
          7,
          360
        ]
      ],
      "epoch_time": 48.09287905693054,
      "learning_rate": 5e-05
    },
    {
      "epoch": 7,
      "train_loss": 3.2507231677954014,
      "train_acc": 85.72115384615384,
      "val_loss": 0.18641282004468582,
      "val_acc": 85.1104707012488,
      "timestamp": "2025-08-28 19:46:37",
      "train_f1": 51.8945584788814,
      "train_recall": 53.56340558140755,
      "val_f1": 51.77678812653033,
      "val_recall": 53.86720043492229,
      "confusion_matrix": [
        [
          0,
          0,
          36,
          19,
          7
        ],
        [
          0,
          0,
          0,
          0,
          19
        ],
        [
          0,
          0,
          407,
          11,
          2
        ],
        [
          0,
          0,
          32,
          131,
          1
        ],
        [
          0,
          0,
          11,
          17,
          348
        ]
      ],
      "class_accuracies": {
        "class_0": 0.0,
        "class_1": 0.0,
        "class_2": 96.9047619047619,
        "class_3": 79.8780487804878,
        "class_4": 92.5531914893617
      },
      "epoch_time": 44.293731689453125,
      "learning_rate": 5e-05
    },
    {
      "epoch": 8,
      "train_loss": 3.030807193884483,
      "train_acc": 85.5048076923077,
      "val_loss": 0.17902459905428045,
      "val_acc": 86.1671469740634,
      "timestamp": "2025-08-28 19:47:38",
      "train_f1": 51.942596503247316,
      "train_recall": 53.79418488845074,
      "val_f1": 52.670741188888606,
      "val_recall": 55.3052857884202,
      "confusion_matrix": [
        [
          0,
          0,
          28,
          24,
          10
        ],
        [
          0,
          0,
          0,
          0,
          19
        ],
        [
          0,
          0,
          402,
          13,
          5
        ],
        [
          0,
          0,
          8,
          143,
          13
        ],
        [
          0,
          0,
          10,
          14,
          352
        ]
      ],
      "class_accuracies": {
        "class_0": 0.0,
        "class_1": 0.0,
        "class_2": 95.71428571428572,
        "class_3": 87.1951219512195,
        "class_4": 93.61702127659575
      },
      "epoch_time": 61.29558610916138,
      "learning_rate": 5e-05
    },
    {
      "epoch": 9,
      "train_loss": 2.8208108074389973,
      "train_acc": 86.53846153846153,
      "val_loss": 0.18835625183932922,
      "val_acc": 84.72622478386167,
      "timestamp": "2025-08-28 19:48:18",
      "train_f1": 55.71482227073813,
      "train_recall": 56.421126726745186,
      "val_f1": 51.58975950514096,
      "val_recall": 54.5333852274693,
      "confusion_matrix": [
        [
          0,
          0,
          26,
          26,
          10
        ],
        [
          0,
          0,
          0,
          0,
          19
        ],
        [
          0,
          0,
          385,
          29,
          6
        ],
        [
          0,
          0,
          6,
          142,
          16
        ],
        [
          0,
          0,
          9,
          12,
          355
        ]
      ],
      "epoch_time": 38.98144841194153,
      "learning_rate": 5e-05
    },
    {
      "epoch": 10,
      "train_loss": 2.9587772626143236,
      "train_acc": 85.98557692307692,
      "val_loss": 0.17224358548136318,
      "val_acc": 86.07108549471661,
      "timestamp": "2025-08-28 19:49:15",
      "train_f1": 54.905181561553526,
      "train_recall": 56.44901915945136,
      "val_f1": 52.63232193259644,
      "val_recall": 55.37846887587416,
      "confusion_matrix": [
        [
          0,
          0,
          33,
          22,
          7
        ],
        [
          0,
          0,
          0,
          0,
          19
        ],
        [
          0,
          0,
          404,
          15,
          1
        ],
        [
          0,
          0,
          18,
          145,
          1
        ],
        [
          0,
          0,
          10,
          19,
          347
        ]
      ],
      "epoch_time": 57.50021147727966,
      "learning_rate": 5e-05
    },
    {
      "epoch": 11,
      "train_loss": 2.6723521386201563,
      "train_acc": 87.28365384615384,
      "val_loss": 0.17601658710662058,
      "val_acc": 86.45533141210375,
      "timestamp": "2025-08-28 19:50:04",
      "train_f1": 60.30509310215215,
      "train_recall": 60.849214385845585,
      "val_f1": 70.64230613203841,
      "val_recall": 73.12244089726133,
      "confusion_matrix": [
        [
          0,
          0,
          26,
          27,
          9
        ],
        [
          0,
          17,
          0,
          0,
          2
        ],
        [
          0,
          0,
          381,
          34,
          5
        ],
        [
          0,
          0,
          5,
          151,
          8
        ],
        [
          0,
          1,
          9,
          15,
          351
        ]
      ],
      "class_accuracies": {
        "class_0": 0.0,
        "class_1": 89.47368421052632,
        "class_2": 90.71428571428571,
        "class_3": 92.07317073170732,
        "class_4": 93.35106382978722
      },
      "epoch_time": 48.196104526519775,
      "learning_rate": 5e-05
    },
    {
      "epoch": 12,
      "train_loss": 2.8006487044004293,
      "train_acc": 86.77884615384616,
      "val_loss": 0.1609992362997111,
      "val_acc": 86.6474543707973,
      "timestamp": "2025-08-28 19:50:53",
      "train_f1": 60.369439765319896,
      "train_recall": 60.725257653144716,
      "val_f1": 53.10728155773574,
      "val_recall": 56.459547285442454,
      "confusion_matrix": [
        [
          0,
          0,
          29,
          28,
          5
        ],
        [
          0,
          0,
          0,
          0,
          19
        ],
        [
          0,
          0,
          403,
          15,
          2
        ],
        [
          0,
          0,
          7,
          156,
          1
        ],
        [
          0,
          0,
          10,
          23,
          343
        ]
      ],
      "class_accuracies": {
        "class_0": 0.0,
        "class_1": 0.0,
        "class_2": 95.95238095238095,
        "class_3": 95.1219512195122,
        "class_4": 91.22340425531915
      },
      "epoch_time": 48.38099217414856,
      "learning_rate": 5e-05
    },
    {
      "epoch": 13,
      "train_loss": 2.7618997636895912,
      "train_acc": 86.3701923076923,
      "val_loss": 0.1623689501601107,
      "val_acc": 87.51200768491834,
      "timestamp": "2025-08-28 19:51:53",
      "train_f1": 61.07037606432834,
      "train_recall": 62.79926708608917,
      "val_f1": 69.32934277367373,
      "val_recall": 69.43852885977269,
      "confusion_matrix": [
        [
          0,
          0,
          31,
          26,
          5
        ],
        [
          0,
          13,
          0,
          0,
          6
        ],
        [
          0,
          0,
          405,
          14,
          1
        ],
        [
          0,
          0,
          15,
          149,
          0
        ],
        [
          0,
          0,
          10,
          22,
          344
        ]
      ],
      "class_accuracies": {
        "class_0": 0.0,
        "class_1": 68.42105263157895,
        "class_2": 96.42857142857143,
        "class_3": 90.85365853658537,
        "class_4": 91.48936170212765
      },
      "epoch_time": 60.378435373306274,
      "learning_rate": 5e-05
    },
    {
      "epoch": 14,
      "train_loss": 2.542710237319653,
      "train_acc": 87.59615384615384,
      "val_loss": 0.16440712572897181,
      "val_acc": 87.31988472622479,
      "timestamp": "2025-08-28 19:52:36",
      "train_f1": 62.342385212034415,
      "train_recall": 63.25923937196919,
      "val_f1": 70.05743162923162,
      "val_recall": 71.19350659991962,
      "confusion_matrix": [
        [
          0,
          0,
          33,
          24,
          5
        ],
        [
          0,
          15,
          0,
          0,
          4
        ],
        [
          0,
          0,
          405,
          13,
          2
        ],
        [
          0,
          0,
          16,
          147,
          1
        ],
        [
          0,
          1,
          10,
          23,
          342
        ]
      ],
      "epoch_time": 42.70340275764465,
      "learning_rate": 5e-05
    },
    {
      "epoch": 15,
      "train_loss": 2.575573762563559,
      "train_acc": 87.57211538461539,
      "val_loss": 0.17729193410452673,
      "val_acc": 85.1104707012488,
      "timestamp": "2025-08-28 19:53:23",
      "train_f1": 64.21598945596936,
      "train_recall": 65.81094903261513,
      "val_f1": 51.89368305979565,
      "val_recall": 54.77222181036401,
      "confusion_matrix": [
        [
          0,
          0,
          35,
          23,
          4
        ],
        [
          0,
          0,
          0,
          0,
          19
        ],
        [
          0,
          0,
          405,
          14,
          1
        ],
        [
          0,
          0,
          20,
          144,
          0
        ],
        [
          0,
          0,
          10,
          29,
          337
        ]
      ],
      "epoch_time": 46.58429169654846,
      "learning_rate": 5e-05
    },
    {
      "epoch": 16,
      "train_loss": 2.5260743419711407,
      "train_acc": 88.22115384615384,
      "val_loss": 0.17617626926478216,
      "val_acc": 83.09317963496638,
      "timestamp": "2025-08-28 19:54:04",
      "train_f1": 64.3953983208548,
      "train_recall": 65.44789902875846,
      "val_f1": 60.38176711465007,
      "val_recall": 72.9920428991524,
      "confusion_matrix": [
        [
          0,
          0,
          27,
          25,
          10
        ],
        [
          0,
          19,
          0,
          0,
          0
        ],
        [
          0,
          0,
          392,
          24,
          4
        ],
        [
          0,
          0,
          5,
          148,
          11
        ],
        [
          0,
          48,
          10,
          12,
          306
        ]
      ],
      "epoch_time": 40.51840257644653,
      "learning_rate": 5e-05
    },
    {
      "epoch": 17,
      "train_loss": 2.6017488658428194,
      "train_acc": 87.74038461538461,
      "val_loss": 0.1620322509723551,
      "val_acc": 87.89625360230548,
      "timestamp": "2025-08-28 19:54:44",
      "train_f1": 63.548214685173974,
      "train_recall": 64.03214395763948,
      "val_f1": 71.69795859767805,
      "val_recall": 73.51153571526116,
      "confusion_matrix": [
        [
          0,
          0,
          34,
          21,
          7
        ],
        [
          0,
          17,
          0,
          0,
          2
        ],
        [
          0,
          0,
          405,
          13,
          2
        ],
        [
          0,
          0,
          17,
          147,
          0
        ],
        [
          0,
          1,
          10,
          19,
          346
        ]
      ],
      "class_accuracies": {
        "class_0": 0.0,
        "class_1": 89.47368421052632,
        "class_2": 96.42857142857143,
        "class_3": 89.63414634146342,
        "class_4": 92.02127659574468
      },
      "epoch_time": 39.87166166305542,
      "learning_rate": 5e-05
    },
    {
      "epoch": 18,
      "train_loss": 2.4421962837760267,
      "train_acc": 88.19711538461539,
      "val_loss": 0.15210275132866466,
      "val_acc": 88.76080691642652,
      "timestamp": "2025-08-28 19:55:23",
      "train_f1": 65.0375055919609,
      "train_recall": 66.12370911088293,
      "val_f1": 73.35153811474751,
      "val_recall": 76.33293794944029,
      "confusion_matrix": [
        [
          0,
          0,
          30,
          24,
          8
        ],
        [
          0,
          19,
          0,
          0,
          0
        ],
        [
          0,
          0,
          405,
          13,
          2
        ],
        [
          0,
          0,
          11,
          152,
          1
        ],
        [
          0,
          1,
          10,
          17,
          348
        ]
      ],
      "class_accuracies": {
        "class_0": 0.0,
        "class_1": 100.0,
        "class_2": 96.42857142857143,
        "class_3": 92.6829268292683,
        "class_4": 92.5531914893617
      },
      "epoch_time": 38.69799590110779,
      "learning_rate": 5e-05
    },
    {
      "epoch": 19,
      "train_loss": 2.4145343222297155,
      "train_acc": 87.83653846153847,
      "val_loss": 0.15031550956123016,
      "val_acc": 88.95292987512008,
      "timestamp": "2025-08-28 19:56:01",
      "train_f1": 65.02200505635052,
      "train_recall": 68.24239529983983,
      "val_f1": 73.50197155971772,
      "val_recall": 76.57684038846467,
      "confusion_matrix": [
        [
          0,
          0,
          30,
          25,
          7
        ],
        [
          0,
          19,
          0,
          0,
          0
        ],
        [
          0,
          0,
          405,
          13,
          2
        ],
        [
          0,
          0,
          9,
          154,
          1
        ],
        [
          0,
          1,
          10,
          17,
          348
        ]
      ],
      "class_accuracies": {
        "class_0": 0.0,
        "class_1": 100.0,
        "class_2": 96.42857142857143,
        "class_3": 93.90243902439023,
        "class_4": 92.5531914893617
      },
      "epoch_time": 38.07655930519104,
      "learning_rate": 5e-05
    },
    {
      "epoch": 20,
      "train_loss": 2.456723581884916,
      "train_acc": 87.9326923076923,
      "val_loss": 0.16081749998471317,
      "val_acc": 86.1671469740634,
      "timestamp": "2025-08-28 19:56:47",
      "train_f1": 67.28551505469179,
      "train_recall": 71.68183294704448,
      "val_f1": 65.63544154126981,
      "val_recall": 74.07722341661106,
      "confusion_matrix": [
        [
          0,
          0,
          28,
          24,
          10
        ],
        [
          0,
          19,
          0,
          0,
          0
        ],
        [
          0,
          0,
          404,
          12,
          4
        ],
        [
          0,
          0,
          6,
          140,
          18
        ],
        [
          0,
          20,
          10,
          12,
          334
        ]
      ],
      "epoch_time": 45.503132581710815,
      "learning_rate": 5e-05
    },
    {
      "epoch": 21,
      "train_loss": 2.471044012101797,
      "train_acc": 88.10096153846153,
      "val_loss": 0.15234076932949178,
      "val_acc": 89.04899135446686,
      "timestamp": "2025-08-28 19:57:28",
      "train_f1": 66.80775339494731,
      "train_recall": 71.47011370493217,
      "val_f1": 73.14067957288215,
      "val_recall": 76.49808485926805,
      "confusion_matrix": [
        [
          0,
          0,
          28,
          24,
          10
        ],
        [
          0,
          19,
          0,
          0,
          0
        ],
        [
          0,
          0,
          404,
          12,
          4
        ],
        [
          0,
          0,
          5,
          152,
          7
        ],
        [
          0,
          2,
          10,
          12,
          352
        ]
      ],
      "class_accuracies": {
        "class_0": 0.0,
        "class_1": 100.0,
        "class_2": 96.19047619047619,
        "class_3": 92.6829268292683,
        "class_4": 93.61702127659575
      },
      "epoch_time": 40.69249629974365,
      "learning_rate": 5e-05
    },
    {
      "epoch": 22,
      "train_loss": 2.5812425094155165,
      "train_acc": 87.66826923076923,
      "val_loss": 0.1508364077000057,
      "val_acc": 88.56868395773294,
      "timestamp": "2025-08-28 19:58:20",
      "train_f1": 65.32087618036628,
      "train_recall": 67.54404973980608,
      "val_f1": 72.15439059501934,
      "val_recall": 74.22767479154555,
      "confusion_matrix": [
        [
          0,
          0,
          30,
          26,
          6
        ],
        [
          0,
          17,
          0,
          0,
          2
        ],
        [
          0,
          0,
          405,
          13,
          2
        ],
        [
          0,
          0,
          11,
          152,
          1
        ],
        [
          0,
          1,
          10,
          17,
          348
        ]
      ],
      "epoch_time": 52.13760018348694,
      "learning_rate": 5e-05
    },
    {
      "epoch": 23,
      "train_loss": 2.5046066952439454,
      "train_acc": 87.9326923076923,
      "val_loss": 0.15558883109513452,
      "val_acc": 87.70413064361192,
      "timestamp": "2025-08-28 19:59:09",
      "train_f1": 65.5396433643912,
      "train_recall": 68.31237758873495,
      "val_f1": 69.0456785962645,
      "val_recall": 75.91321323547582,
      "confusion_matrix": [
        [
          0,
          0,
          27,
          25,
          10
        ],
        [
          0,
          19,
          0,
          0,
          0
        ],
        [
          0,
          0,
          400,
          16,
          4
        ],
        [
          0,
          0,
          5,
          154,
          5
        ],
        [
          0,
          11,
          10,
          15,
          340
        ]
      ],
      "epoch_time": 48.616801023483276,
      "learning_rate": 5e-05
    },
    {
      "epoch": 24,
      "train_loss": 2.5224123540979164,
      "train_acc": 88.65384615384616,
      "val_loss": 0.15835277692360036,
      "val_acc": 88.08837656099904,
      "timestamp": "2025-08-28 19:59:52",
      "train_f1": 68.94409179904179,
      "train_recall": 72.11685476676234,
      "val_f1": 72.82479146432438,
      "val_recall": 75.68555860330639,
      "confusion_matrix": [
        [
          0,
          0,
          33,
          23,
          6
        ],
        [
          0,
          19,
          0,
          0,
          0
        ],
        [
          0,
          0,
          405,
          13,
          2
        ],
        [
          0,
          0,
          15,
          148,
          1
        ],
        [
          0,
          1,
          10,
          20,
          345
        ]
      ],
      "epoch_time": 42.719377756118774,
      "learning_rate": 5e-05
    },
    {
      "epoch": 25,
      "train_loss": 2.401414318038867,
      "train_acc": 88.41346153846153,
      "val_loss": 0.16627076531157775,
      "val_acc": 82.61287223823247,
      "timestamp": "2025-08-28 20:00:35",
      "train_f1": 66.42554435908498,
      "train_recall": 69.6991201931836,
      "val_f1": 59.60613231220863,
      "val_recall": 73.00112437294585,
      "confusion_matrix": [
        [
          0,
          0,
          27,
          25,
          10
        ],
        [
          0,
          19,
          0,
          0,
          0
        ],
        [
          0,
          0,
          392,
          24,
          4
        ],
        [
          0,
          0,
          5,
          152,
          7
        ],
        [
          0,
          57,
          10,
          12,
          297
        ]
      ],
      "epoch_time": 42.61130332946777,
      "learning_rate": 5e-05
    },
    {
      "epoch": 26,
      "train_loss": 2.4232865042411365,
      "train_acc": 88.50961538461539,
      "val_loss": 0.15678443847333684,
      "val_acc": 87.89625360230548,
      "timestamp": "2025-08-28 20:01:15",
      "train_f1": 68.83736511944537,
      "train_recall": 73.89841648189962,
      "val_f1": 72.17425075619961,
      "val_recall": 75.579175624583,
      "confusion_matrix": [
        [
          0,
          0,
          31,
          26,
          5
        ],
        [
          0,
          19,
          0,
          0,
          0
        ],
        [
          0,
          0,
          405,
          13,
          2
        ],
        [
          0,
          0,
          15,
          148,
          1
        ],
        [
          0,
          2,
          10,
          21,
          343
        ]
      ],
      "epoch_time": 39.55659508705139,
      "learning_rate": 5e-05
    },
    {
      "epoch": 27,
      "train_loss": 2.6086471697458853,
      "train_acc": 88.29326923076923,
      "val_loss": 0.14875414836056092,
      "val_acc": 89.04899135446686,
      "timestamp": "2025-08-28 20:02:00",
      "train_f1": 69.34117950865448,
      "train_recall": 73.81858002401201,
      "val_f1": 73.13005484482251,
      "val_recall": 76.69879160797689,
      "confusion_matrix": [
        [
          0,
          0,
          28,
          26,
          8
        ],
        [
          0,
          19,
          0,
          0,
          0
        ],
        [
          0,
          0,
          405,
          12,
          3
        ],
        [
          0,
          0,
          7,
          155,
          2
        ],
        [
          0,
          2,
          10,
          16,
          348
        ]
      ],
      "epoch_time": 44.62870764732361,
      "learning_rate": 5e-05
    },
    {
      "epoch": 28,
      "train_loss": 2.4414958572158447,
      "train_acc": 88.77403846153847,
      "val_loss": 0.14894793270265355,
      "val_acc": 89.04899135446686,
      "timestamp": "2025-08-28 20:02:46",
      "train_f1": 68.96405370858922,
      "train_recall": 71.45551781769478,
      "val_f1": 73.57041160740138,
      "val_recall": 76.63003187782638,
      "confusion_matrix": [
        [
          0,
          0,
          29,
          25,
          8
        ],
        [
          0,
          19,
          0,
          0,
          0
        ],
        [
          0,
          0,
          405,
          13,
          2
        ],
        [
          0,
          0,
          9,
          154,
          1
        ],
        [
          0,
          1,
          10,
          16,
          349
        ]
      ],
      "epoch_time": 46.22756552696228,
      "learning_rate": 5e-05
    },
    {
      "epoch": 29,
      "train_loss": 2.5063247815920757,
      "train_acc": 88.91826923076923,
      "val_loss": 0.1496739107019761,
      "val_acc": 89.33717579250721,
      "timestamp": "2025-08-28 20:03:30",
      "train_f1": 70.38232713336467,
      "train_recall": 72.67336971627108,
      "val_f1": 73.81313251687104,
      "val_recall": 77.07021770825612,
      "confusion_matrix": [
        [
          0,
          0,
          28,
          26,
          8
        ],
        [
          0,
          19,
          0,
          0,
          0
        ],
        [
          0,
          0,
          404,
          14,
          2
        ],
        [
          0,
          0,
          5,
          158,
          1
        ],
        [
          0,
          1,
          10,
          16,
          349
        ]
      ],
      "class_accuracies": {
        "class_0": 0.0,
        "class_1": 100.0,
        "class_2": 96.19047619047619,
        "class_3": 96.34146341463415,
        "class_4": 92.81914893617021
      },
      "epoch_time": 44.124202251434326,
      "learning_rate": 5e-05
    },
    {
      "epoch": 30,
      "train_loss": 2.4074288659370864,
      "train_acc": 88.67788461538461,
      "val_loss": 0.15694601264070063,
      "val_acc": 86.93563880883765,
      "timestamp": "2025-08-28 20:04:17",
      "train_f1": 69.55520201373584,
      "train_recall": 73.21695397149693,
      "val_f1": 67.87916470888608,
      "val_recall": 75.16617243680035,
      "confusion_matrix": [
        [
          0,
          0,
          27,
          25,
          10
        ],
        [
          0,
          19,
          0,
          0,
          0
        ],
        [
          0,
          0,
          396,
          20,
          4
        ],
        [
          0,
          0,
          5,
          149,
          10
        ],
        [
          0,
          13,
          10,
          12,
          341
        ]
      ],
      "epoch_time": 45.786593437194824,
      "learning_rate": 5e-05
    },
    {
      "epoch": 31,
      "train_loss": 2.3612379408799686,
      "train_acc": 88.79807692307692,
      "val_loss": 0.14932607201968923,
      "val_acc": 88.85686839577329,
      "timestamp": "2025-08-28 20:05:01",
      "train_f1": 70.20236718185913,
      "train_recall": 73.5359538144241,
      "val_f1": 72.598457364588,
      "val_recall": 76.75221785652508,
      "confusion_matrix": [
        [
          0,
          0,
          27,
          26,
          9
        ],
        [
          0,
          19,
          0,
          0,
          0
        ],
        [
          0,
          0,
          401,
          16,
          3
        ],
        [
          0,
          0,
          5,
          157,
          2
        ],
        [
          0,
          3,
          10,
          15,
          348
        ]
      ],
      "epoch_time": 44.331098556518555,
      "learning_rate": 5e-05
    },
    {
      "epoch": 32,
      "train_loss": 2.4966522886202887,
      "train_acc": 89.375,
      "val_loss": 0.14917014320107067,
      "val_acc": 88.85686839577329,
      "timestamp": "2025-08-28 20:05:44",
      "train_f1": 71.1887741132974,
      "train_recall": 74.52394584836848,
      "val_f1": 72.56603352588101,
      "val_recall": 76.45488916895248,
      "confusion_matrix": [
        [
          0,
          0,
          29,
          25,
          8
        ],
        [
          0,
          19,
          0,
          0,
          0
        ],
        [
          0,
          0,
          405,
          12,
          3
        ],
        [
          0,
          0,
          9,
          153,
          2
        ],
        [
          0,
          3,
          10,
          15,
          348
        ]
      ],
      "epoch_time": 43.03067898750305,
      "learning_rate": 5e-05
    },
    {
      "epoch": 33,
      "train_loss": 2.4807655410124707,
      "train_acc": 88.50961538461539,
      "val_loss": 0.16191746513633168,
      "val_acc": 84.72622478386167,
      "timestamp": "2025-08-28 20:06:26",
      "train_f1": 68.79391206865031,
      "train_recall": 72.52828165495623,
      "val_f1": 62.63808002147461,
      "val_recall": 73.87400845133072,
      "confusion_matrix": [
        [
          0,
          0,
          27,
          25,
          10
        ],
        [
          0,
          19,
          0,
          0,
          0
        ],
        [
          0,
          0,
          396,
          20,
          4
        ],
        [
          0,
          0,
          5,
          148,
          11
        ],
        [
          0,
          35,
          10,
          12,
          319
        ]
      ],
      "epoch_time": 41.48251914978027,
      "learning_rate": 5e-05
    },
    {
      "epoch": 34,
      "train_loss": 2.420523502276494,
      "train_acc": 88.58173076923077,
      "val_loss": 0.15167271082892136,
      "val_acc": 88.18443804034582,
      "timestamp": "2025-08-28 20:07:21",
      "train_f1": 68.76337796617261,
      "train_recall": 72.34947169415243,
      "val_f1": 72.87445148394583,
      "val_recall": 75.73875009266811,
      "confusion_matrix": [
        [
          0,
          0,
          32,
          24,
          6
        ],
        [
          0,
          19,
          0,
          0,
          0
        ],
        [
          0,
          0,
          405,
          13,
          2
        ],
        [
          0,
          0,
          15,
          148,
          1
        ],
        [
          0,
          1,
          10,
          19,
          346
        ]
      ],
      "epoch_time": 55.04692721366882,
      "learning_rate": 5e-05
    },
    {
      "epoch": 35,
      "train_loss": 2.4187804758548737,
      "train_acc": 88.8701923076923,
      "val_loss": 0.1455387797425775,
      "val_acc": 88.95292987512008,
      "timestamp": "2025-08-28 20:08:04",
      "train_f1": 70.01927939566097,
      "train_recall": 73.98970396577627,
      "val_f1": 73.49740133662239,
      "val_recall": 76.57684038846467,
      "confusion_matrix": [
        [
          0,
          0,
          29,
          25,
          8
        ],
        [
          0,
          19,
          0,
          0,
          0
        ],
        [
          0,
          0,
          405,
          13,
          2
        ],
        [
          0,
          0,
          9,
          154,
          1
        ],
        [
          0,
          1,
          10,
          17,
          348
        ]
      ],
      "epoch_time": 42.26812767982483,
      "learning_rate": 5e-05
    },
    {
      "epoch": 36,
      "train_loss": 2.36435861656299,
      "train_acc": 88.79807692307692,
      "val_loss": 0.15327893241363413,
      "val_acc": 88.47262247838617,
      "timestamp": "2025-08-28 20:08:51",
      "train_f1": 70.46749809223083,
      "train_recall": 74.16065668865924,
      "val_f1": 70.83565217391305,
      "val_recall": 76.46511972718511,
      "confusion_matrix": [
        [
          0,
          0,
          27,
          26,
          9
        ],
        [
          0,
          19,
          0,
          0,
          0
        ],
        [
          0,
          0,
          402,
          14,
          4
        ],
        [
          0,
          0,
          5,
          156,
          3
        ],
        [
          0,
          7,
          10,
          15,
          344
        ]
      ],
      "epoch_time": 46.79344630241394,
      "learning_rate": 5e-05
    },
    {
      "epoch": 37,
      "train_loss": 2.4454857835402857,
      "train_acc": 88.77403846153847,
      "val_loss": 0.15325199023765676,
      "val_acc": 88.08837656099904,
      "timestamp": "2025-08-28 20:09:32",
      "train_f1": 68.92797712589707,
      "train_recall": 72.80615268344377,
      "val_f1": 72.36323873259717,
      "val_recall": 75.61679887315591,
      "confusion_matrix": [
        [
          0,
          0,
          32,
          23,
          7
        ],
        [
          0,
          19,
          0,
          0,
          0
        ],
        [
          0,
          0,
          405,
          13,
          2
        ],
        [
          0,
          0,
          16,
          147,
          1
        ],
        [
          0,
          2,
          10,
          18,
          346
        ]
      ],
      "epoch_time": 40.90828347206116,
      "learning_rate": 5e-05
    },
    {
      "epoch": 38,
      "train_loss": 2.4109511877481755,
      "train_acc": 89.08653846153847,
      "val_loss": 0.15731339814031825,
      "val_acc": 87.223823246878,
      "timestamp": "2025-08-28 20:10:14",
      "train_f1": 71.81777064546051,
      "train_recall": 74.0300113641232,
      "val_f1": 67.70194221113147,
      "val_recall": 75.66954555563792,
      "confusion_matrix": [
        [
          0,
          0,
          27,
          25,
          10
        ],
        [
          0,
          19,
          0,
          0,
          0
        ],
        [
          0,
          0,
          396,
          20,
          4
        ],
        [
          0,
          0,
          5,
          154,
          5
        ],
        [
          0,
          15,
          10,
          12,
          339
        ]
      ],
      "epoch_time": 42.01339030265808,
      "learning_rate": 5e-05
    },
    {
      "epoch": 39,
      "train_loss": 2.3536651509312483,
      "train_acc": 89.375,
      "val_loss": 0.1660644201671376,
      "val_acc": 87.41594620557157,
      "timestamp": "2025-08-28 20:10:57",
      "train_f1": 71.58853370804496,
      "train_recall": 73.5387325017611,
      "val_f1": 71.86939822179863,
      "val_recall": 75.03817925717252,
      "confusion_matrix": [
        [
          0,
          0,
          35,
          21,
          6
        ],
        [
          0,
          19,
          0,
          0,
          0
        ],
        [
          0,
          0,
          405,
          13,
          2
        ],
        [
          0,
          0,
          20,
          144,
          0
        ],
        [
          0,
          2,
          10,
          22,
          342
        ]
      ],
      "epoch_time": 42.419108867645264,
      "learning_rate": 5e-05
    },
    {
      "epoch": 40,
      "train_loss": 2.3703182587256797,
      "train_acc": 89.1826923076923,
      "val_loss": 0.14884989927796757,
      "val_acc": 88.85686839577329,
      "timestamp": "2025-08-28 20:11:39",
      "train_f1": 69.8609161666736,
      "train_recall": 74.19765714497187,
      "val_f1": 73.38860787539136,
      "val_recall": 76.52364889910297,
      "confusion_matrix": [
        [
          0,
          0,
          29,
          27,
          6
        ],
        [
          0,
          19,
          0,
          0,
          0
        ],
        [
          0,
          0,
          405,
          13,
          2
        ],
        [
          0,
          0,
          9,
          154,
          1
        ],
        [
          0,
          1,
          10,
          18,
          347
        ]
      ],
      "epoch_time": 41.43452739715576,
      "learning_rate": 5e-05
    },
    {
      "epoch": 41,
      "train_loss": 2.414748244216809,
      "train_acc": 88.72596153846153,
      "val_loss": 0.15488373269053066,
      "val_acc": 87.41594620557157,
      "timestamp": "2025-08-28 20:12:26",
      "train_f1": 68.35430386944674,
      "train_recall": 73.11506124025587,
      "val_f1": 68.24465197750152,
      "val_recall": 75.47859984678874,
      "confusion_matrix": [
        [
          0,
          0,
          27,
          25,
          10
        ],
        [
          0,
          19,
          0,
          0,
          0
        ],
        [
          0,
          0,
          400,
          16,
          4
        ],
        [
          0,
          0,
          5,
          150,
          9
        ],
        [
          0,
          13,
          10,
          12,
          341
        ]
      ],
      "epoch_time": 46.76647996902466,
      "learning_rate": 5e-05
    },
    {
      "epoch": 42,
      "train_loss": 2.3258582847622726,
      "train_acc": 89.03846153846153,
      "val_loss": 0.22002662367680492,
      "val_acc": 73.00672430355428,
      "timestamp": "2025-08-28 20:13:24",
      "train_f1": 69.64581082129754,
      "train_recall": 72.61187709883981,
      "val_f1": 51.33241314967215,
      "val_recall": 66.38847703066698,
      "confusion_matrix": [
        [
          0,
          0,
          24,
          23,
          15
        ],
        [
          0,
          19,
          0,
          0,
          0
        ],
        [
          0,
          0,
          365,
          47,
          8
        ],
        [
          0,
          0,
          4,
          131,
          29
        ],
        [
          0,
          112,
          7,
          12,
          245
        ]
      ],
      "epoch_time": 58.10268449783325,
      "learning_rate": 5e-05
    },
    {
      "epoch": 43,
      "train_loss": 2.3174318326207306,
      "train_acc": 88.91826923076923,
      "val_loss": 0.15090077414232142,
      "val_acc": 87.80019212295869,
      "timestamp": "2025-08-28 20:14:09",
      "train_f1": 69.03188696476337,
      "train_recall": 71.46511047114585,
      "val_f1": 71.40556992408472,
      "val_recall": 76.0054118170361,
      "confusion_matrix": [
        [
          0,
          0,
          26,
          26,
          10
        ],
        [
          0,
          19,
          0,
          0,
          0
        ],
        [
          0,
          0,
          393,
          23,
          4
        ],
        [
          0,
          0,
          5,
          154,
          5
        ],
        [
          0,
          4,
          10,
          14,
          348
        ]
      ],
      "epoch_time": 44.6148886680603,
      "learning_rate": 5e-05
    },
    {
      "epoch": 44,
      "train_loss": 2.578142957160106,
      "train_acc": 88.46153846153847,
      "val_loss": 0.14738287031650543,
      "val_acc": 89.24111431316042,
      "timestamp": "2025-08-28 20:15:15",
      "train_f1": 70.15785060503853,
      "train_recall": 73.53546115740048,
      "val_f1": 73.27493615690062,
      "val_recall": 77.01145377715176,
      "confusion_matrix": [
        [
          0,
          0,
          28,
          27,
          7
        ],
        [
          0,
          19,
          0,
          0,
          0
        ],
        [
          0,
          0,
          405,
          13,
          2
        ],
        [
          0,
          0,
          5,
          158,
          1
        ],
        [
          0,
          2,
          10,
          17,
          347
        ]
      ],
      "epoch_time": 65.74069094657898,
      "learning_rate": 5e-05
    },
    {
      "epoch": 45,
      "train_loss": 2.3633204045204015,
      "train_acc": 89.13461538461539,
      "val_loss": 0.14893564494217143,
      "val_acc": 89.04899135446686,
      "timestamp": "2025-08-28 20:15:56",
      "train_f1": 70.68371989737177,
      "train_recall": 75.20600851351136,
      "val_f1": 73.54963566285792,
      "val_recall": 76.69879160797689,
      "confusion_matrix": [
        [
          0,
          0,
          29,
          27,
          6
        ],
        [
          0,
          19,
          0,
          0,
          0
        ],
        [
          0,
          0,
          405,
          13,
          2
        ],
        [
          0,
          0,
          9,
          155,
          0
        ],
        [
          0,
          1,
          10,
          17,
          348
        ]
      ],
      "epoch_time": 40.452292680740356,
      "learning_rate": 5e-05
    },
    {
      "epoch": 46,
      "train_loss": 2.2789479918204822,
      "train_acc": 89.32692307692308,
      "val_loss": 0.14726741480476715,
      "val_acc": 88.76080691642652,
      "timestamp": "2025-08-28 20:16:45",
      "train_f1": 70.65052802563055,
      "train_recall": 72.01186410694393,
      "val_f1": 72.11018135883073,
      "val_recall": 76.69902636716337,
      "confusion_matrix": [
        [
          0,
          0,
          27,
          27,
          8
        ],
        [
          0,
          19,
          0,
          0,
          0
        ],
        [
          0,
          0,
          401,
          16,
          3
        ],
        [
          0,
          0,
          5,
          157,
          2
        ],
        [
          0,
          4,
          10,
          15,
          347
        ]
      ],
      "epoch_time": 48.89517688751221,
      "learning_rate": 2.5e-05
    },
    {
      "epoch": 47,
      "train_loss": 2.337614464186705,
      "train_acc": 89.30288461538461,
      "val_loss": 0.14749613360447042,
      "val_acc": 88.56868395773294,
      "timestamp": "2025-08-28 20:17:36",
      "train_f1": 71.72010068791695,
      "train_recall": 74.87197789716322,
      "val_f1": 71.59130261686505,
      "val_recall": 76.52388365828948,
      "confusion_matrix": [
        [
          0,
          0,
          27,
          26,
          9
        ],
        [
          0,
          19,
          0,
          0,
          0
        ],
        [
          0,
          0,
          401,
          16,
          3
        ],
        [
          0,
          0,
          5,
          156,
          3
        ],
        [
          0,
          5,
          10,
          15,
          346
        ]
      ],
      "epoch_time": 50.12895441055298,
      "learning_rate": 2.5e-05
    },
    {
      "epoch": 48,
      "train_loss": 2.209786818921566,
      "train_acc": 89.51923076923077,
      "val_loss": 0.14940281694426255,
      "val_acc": 88.37656099903938,
      "timestamp": "2025-08-28 20:18:18",
      "train_f1": 71.72258311863816,
      "train_recall": 75.95354517778225,
      "val_f1": 71.85474820240061,
      "val_recall": 76.50855017668718,
      "confusion_matrix": [
        [
          0,
          0,
          27,
          26,
          9
        ],
        [
          0,
          19,
          0,
          0,
          0
        ],
        [
          0,
          0,
          397,
          20,
          3
        ],
        [
          0,
          0,
          5,
          157,
          2
        ],
        [
          0,
          4,
          10,
          15,
          347
        ]
      ],
      "epoch_time": 42.21336388587952,
      "learning_rate": 2.5e-05
    },
    {
      "epoch": 49,
      "train_loss": 2.2918681129813194,
      "train_acc": 89.59134615384616,
      "val_loss": 0.1480730224181624,
      "val_acc": 88.66474543707973,
      "timestamp": "2025-08-28 20:19:01",
      "train_f1": 72.50396070288068,
      "train_recall": 75.66112612085239,
      "val_f1": 72.00077633546826,
      "val_recall": 76.41726592037956,
      "confusion_matrix": [
        [
          0,
          0,
          29,
          26,
          7
        ],
        [
          0,
          19,
          0,
          0,
          0
        ],
        [
          0,
          0,
          405,
          13,
          2
        ],
        [
          0,
          0,
          9,
          154,
          1
        ],
        [
          0,
          4,
          10,
          17,
          345
        ]
      ],
      "epoch_time": 42.385974645614624,
      "learning_rate": 2.5e-05
    },
    {
      "epoch": 50,
      "train_loss": 2.3069017033164316,
      "train_acc": 89.5673076923077,
      "val_loss": 0.14643430928973591,
      "val_acc": 88.95292987512008,
      "timestamp": "2025-08-28 20:19:42",
      "train_f1": 71.93563511135557,
      "train_recall": 75.23551408683555,
      "val_f1": 73.05805604447796,
      "val_recall": 76.5080806583142,
      "confusion_matrix": [
        [
          0,
          0,
          29,
          25,
          8
        ],
        [
          0,
          19,
          0,
          0,
          0
        ],
        [
          0,
          0,
          405,
          12,
          3
        ],
        [
          0,
          0,
          9,
          153,
          2
        ],
        [
          0,
          2,
          10,
          15,
          349
        ]
      ],
      "epoch_time": 40.84145927429199,
      "learning_rate": 2.5e-05
    },
    {
      "epoch": 51,
      "train_loss": 2.372851537970396,
      "train_acc": 89.35096153846153,
      "val_loss": 0.15388167474199743,
      "val_acc": 87.70413064361192,
      "timestamp": "2025-08-28 20:20:36",
      "train_f1": 72.02580167769604,
      "train_recall": 74.26987112364985,
      "val_f1": 68.51144893021494,
      "val_recall": 75.84445350532533,
      "confusion_matrix": [
        [
          0,
          0,
          27,
          25,
          10
        ],
        [
          0,
          19,
          0,
          0,
          0
        ],
        [
          0,
          0,
          400,
          16,
          4
        ],
        [
          0,
          0,
          5,
          153,
          6
        ],
        [
          0,
          13,
          10,
          12,
          341
        ]
      ],
      "epoch_time": 53.984304428100586,
      "learning_rate": 2.5e-05
    },
    {
      "epoch": 52,
      "train_loss": 2.2231088106448835,
      "train_acc": 89.42307692307692,
      "val_loss": 0.14567414583528743,
      "val_acc": 89.24111431316042,
      "timestamp": "2025-08-28 20:21:16",
      "train_f1": 71.89299307695887,
      "train_recall": 75.16497274925601,
      "val_f1": 72.89304421569422,
      "val_recall": 77.01145377715176,
      "confusion_matrix": [
        [
          0,
          0,
          28,
          26,
          8
        ],
        [
          0,
          19,
          0,
          0,
          0
        ],
        [
          0,
          0,
          405,
          12,
          3
        ],
        [
          0,
          0,
          5,
          158,
          1
        ],
        [
          0,
          3,
          10,
          16,
          347
        ]
      ],
      "epoch_time": 39.46789574623108,
      "learning_rate": 2.5e-05
    },
    {
      "epoch": 53,
      "train_loss": 2.361072829938852,
      "train_acc": 89.54326923076923,
      "val_loss": 0.14704889628817053,
      "val_acc": 89.14505283381364,
      "timestamp": "2025-08-28 20:22:01",
      "train_f1": 72.04426303137883,
      "train_recall": 74.88906898180048,
      "val_f1": 72.42840088260569,
      "val_recall": 76.88950255763956,
      "confusion_matrix": [
        [
          0,
          0,
          28,
          25,
          9
        ],
        [
          0,
          19,
          0,
          0,
          0
        ],
        [
          0,
          0,
          405,
          12,
          3
        ],
        [
          0,
          0,
          5,
          157,
          2
        ],
        [
          0,
          4,
          10,
          15,
          347
        ]
      ],
      "epoch_time": 44.69715642929077,
      "learning_rate": 2.5e-05
    },
    {
      "epoch": 54,
      "train_loss": 2.3072972133755685,
      "train_acc": 89.27884615384616,
      "val_loss": 0.14800079692812526,
      "val_acc": 89.04899135446686,
      "timestamp": "2025-08-28 20:23:04",
      "train_f1": 72.21625026538352,
      "train_recall": 75.15274356151538,
      "val_f1": 72.33543120473996,
      "val_recall": 76.83631106827787,
      "confusion_matrix": [
        [
          0,
          0,
          28,
          26,
          8
        ],
        [
          0,
          19,
          0,
          0,
          0
        ],
        [
          0,
          0,
          405,
          12,
          3
        ],
        [
          0,
          0,
          5,
          157,
          2
        ],
        [
          0,
          4,
          10,
          16,
          346
        ]
      ],
      "epoch_time": 62.70775246620178,
      "learning_rate": 2.5e-05
    },
    {
      "epoch": 55,
      "train_loss": 2.3603947140849555,
      "train_acc": 89.39903846153847,
      "val_loss": 0.14815924974048839,
      "val_acc": 89.04899135446686,
      "timestamp": "2025-08-28 20:23:50",
      "train_f1": 72.07695649662085,
      "train_recall": 76.04031227134357,
      "val_f1": 72.36444091990218,
      "val_recall": 76.77312377987002,
      "confusion_matrix": [
        [
          0,
          0,
          28,
          25,
          9
        ],
        [
          0,
          19,
          0,
          0,
          0
        ],
        [
          0,
          0,
          404,
          12,
          4
        ],
        [
          0,
          0,
          5,
          156,
          3
        ],
        [
          0,
          4,
          10,
          14,
          348
        ]
      ],
      "epoch_time": 46.06498861312866,
      "learning_rate": 2.5e-05
    },
    {
      "epoch": 56,
      "train_loss": 2.2493754679193865,
      "train_acc": 89.6875,
      "val_loss": 0.1451565377852496,
      "val_acc": 88.76080691642652,
      "timestamp": "2025-08-28 20:24:33",
      "train_f1": 72.24193190255474,
      "train_recall": 74.36431285350237,
      "val_f1": 72.5080120127904,
      "val_recall": 76.47045740974127,
      "confusion_matrix": [
        [
          0,
          0,
          29,
          25,
          8
        ],
        [
          0,
          19,
          0,
          0,
          0
        ],
        [
          0,
          0,
          405,
          12,
          3
        ],
        [
          0,
          0,
          9,
          154,
          1
        ],
        [
          0,
          3,
          10,
          17,
          346
        ]
      ],
      "epoch_time": 42.28632688522339,
      "learning_rate": 2.5e-05
    },
    {
      "epoch": 57,
      "train_loss": 2.2123734916631994,
      "train_acc": 89.71153846153847,
      "val_loss": 0.14628617202534394,
      "val_acc": 88.85686839577329,
      "timestamp": "2025-08-28 20:25:14",
      "train_f1": 73.12933814753025,
      "train_recall": 76.06785546537851,
      "val_f1": 72.598457364588,
      "val_recall": 76.75221785652508,
      "confusion_matrix": [
        [
          0,
          0,
          27,
          26,
          9
        ],
        [
          0,
          19,
          0,
          0,
          0
        ],
        [
          0,
          0,
          401,
          16,
          3
        ],
        [
          0,
          0,
          5,
          157,
          2
        ],
        [
          0,
          3,
          10,
          15,
          348
        ]
      ],
      "epoch_time": 41.263359785079956,
      "learning_rate": 2.5e-05
    },
    {
      "epoch": 58,
      "train_loss": 2.3042053275383436,
      "train_acc": 89.66346153846153,
      "val_loss": 0.14610377523828955,
      "val_acc": 89.04899135446686,
      "timestamp": "2025-08-28 20:26:09",
      "train_f1": 72.67049266658697,
      "train_recall": 75.36228910591107,
      "val_f1": 71.97882202678956,
      "val_recall": 76.83631106827787,
      "confusion_matrix": [
        [
          0,
          0,
          28,
          25,
          9
        ],
        [
          0,
          19,
          0,
          0,
          0
        ],
        [
          0,
          0,
          405,
          12,
          3
        ],
        [
          0,
          0,
          5,
          157,
          2
        ],
        [
          0,
          5,
          10,
          15,
          346
        ]
      ],
      "epoch_time": 54.51229476928711,
      "learning_rate": 2.5e-05
    },
    {
      "epoch": 59,
      "train_loss": 2.1911782573048884,
      "train_acc": 89.61538461538461,
      "val_loss": 0.1477754475439296,
      "val_acc": 88.85686839577329,
      "timestamp": "2025-08-28 20:27:37",
      "train_f1": 72.52811044273763,
      "train_recall": 76.04058821099929,
      "val_f1": 72.56837676819897,
      "val_recall": 76.61469839622409,
      "confusion_matrix": [
        [
          0,
          0,
          27,
          26,
          9
        ],
        [
          0,
          19,
          0,
          0,
          0
        ],
        [
          0,
          0,
          401,
          16,
          3
        ],
        [
          0,
          0,
          5,
          155,
          4
        ],
        [
          0,
          3,
          10,
          13,
          350
        ]
      ],
      "epoch_time": 87.87498331069946,
      "learning_rate": 2.5e-05
    },
    {
      "epoch": 60,
      "train_loss": 2.3860853277146816,
      "train_acc": 89.66346153846153,
      "val_loss": 0.14638982976184173,
      "val_acc": 89.33717579250721,
      "timestamp": "2025-08-28 20:28:27",
      "train_f1": 73.04992368431259,
      "train_recall": 75.58638546785384,
      "val_f1": 72.57644870715288,
      "val_recall": 76.99588553636296,
      "confusion_matrix": [
        [
          0,
          0,
          28,
          25,
          9
        ],
        [
          0,
          19,
          0,
          0,
          0
        ],
        [
          0,
          0,
          405,
          12,
          3
        ],
        [
          0,
          0,
          5,
          157,
          2
        ],
        [
          0,
          4,
          10,
          13,
          349
        ]
      ],
      "epoch_time": 49.59968328475952,
      "learning_rate": 2.5e-05
    },
    {
      "epoch": 61,
      "train_loss": 2.3093233665594686,
      "train_acc": 89.71153846153847,
      "val_loss": 0.145717813688166,
      "val_acc": 89.14505283381364,
      "timestamp": "2025-08-28 20:29:16",
      "train_f1": 72.60872799645868,
      "train_recall": 75.74320161867527,
      "val_f1": 72.81969139640539,
      "val_recall": 76.95826228779005,
      "confusion_matrix": [
        [
          0,
          0,
          28,
          26,
          8
        ],
        [
          0,
          19,
          0,
          0,
          0
        ],
        [
          0,
          0,
          405,
          12,
          3
        ],
        [
          0,
          0,
          5,
          158,
          1
        ],
        [
          0,
          3,
          10,
          17,
          346
        ]
      ],
      "epoch_time": 48.692604541778564,
      "learning_rate": 2.5e-05
    },
    {
      "epoch": 62,
      "train_loss": 2.2118620060957395,
      "train_acc": 89.54326923076923,
      "val_loss": 0.14559242874383926,
      "val_acc": 88.95292987512008,
      "timestamp": "2025-08-28 20:30:07",
      "train_f1": 71.71863291556427,
      "train_recall": 74.9654648790657,
      "val_f1": 72.67586045348415,
      "val_recall": 76.71993229050832,
      "confusion_matrix": [
        [
          0,
          0,
          28,
          26,
          8
        ],
        [
          0,
          19,
          0,
          0,
          0
        ],
        [
          0,
          0,
          404,
          12,
          4
        ],
        [
          0,
          0,
          7,
          156,
          1
        ],
        [
          0,
          3,
          10,
          16,
          347
        ]
      ],
      "epoch_time": 50.66031455993652,
      "learning_rate": 2.5e-05
    },
    {
      "epoch": 63,
      "train_loss": 2.270633996793857,
      "train_acc": 89.54326923076923,
      "val_loss": 0.14531722226563623,
      "val_acc": 88.66474543707973,
      "timestamp": "2025-08-28 20:30:50",
      "train_f1": 71.95713295586269,
      "train_recall": 75.25097130285755,
      "val_f1": 72.06537104547066,
      "val_recall": 76.35407863197173,
      "confusion_matrix": [
        [
          0,
          0,
          29,
          24,
          9
        ],
        [
          0,
          19,
          0,
          0,
          0
        ],
        [
          0,
          0,
          404,
          12,
          4
        ],
        [
          0,
          0,
          9,
          153,
          2
        ],
        [
          0,
          4,
          10,
          15,
          347
        ]
      ],
      "epoch_time": 42.653780937194824,
      "learning_rate": 2.5e-05
    },
    {
      "epoch": 64,
      "train_loss": 2.296583440555976,
      "train_acc": 89.54326923076923,
      "val_loss": 0.1457878053188324,
      "val_acc": 89.04899135446686,
      "timestamp": "2025-08-28 20:31:37",
      "train_f1": 72.15021213617995,
      "train_recall": 75.25055316613816,
      "val_f1": 72.76455565825279,
      "val_recall": 76.77312377987002,
      "confusion_matrix": [
        [
          0,
          0,
          28,
          25,
          9
        ],
        [
          0,
          19,
          0,
          0,
          0
        ],
        [
          0,
          0,
          404,
          12,
          4
        ],
        [
          0,
          0,
          6,
          156,
          2
        ],
        [
          0,
          3,
          10,
          15,
          348
        ]
      ],
      "epoch_time": 46.241881370544434,
      "learning_rate": 2.5e-05
    },
    {
      "epoch": 65,
      "train_loss": 2.3247120760954343,
      "train_acc": 89.47115384615384,
      "val_loss": 0.14604287901345422,
      "val_acc": 89.04899135446686,
      "timestamp": "2025-08-28 20:32:24",
      "train_f1": 71.6526624037289,
      "train_recall": 74.39958909485667,
      "val_f1": 72.00271211640647,
      "val_recall": 76.84188351002051,
      "confusion_matrix": [
        [
          0,
          0,
          28,
          25,
          9
        ],
        [
          0,
          19,
          0,
          0,
          0
        ],
        [
          0,
          0,
          404,
          12,
          4
        ],
        [
          0,
          0,
          5,
          157,
          2
        ],
        [
          0,
          5,
          10,
          14,
          347
        ]
      ],
      "epoch_time": 47.3987672328949,
      "learning_rate": 2.5e-05
    },
    {
      "epoch": 66,
      "train_loss": 2.322884912444995,
      "train_acc": 89.59134615384616,
      "val_loss": 0.1444059356170542,
      "val_acc": 88.76080691642652,
      "timestamp": "2025-08-28 20:33:17",
      "train_f1": 72.32968663059002,
      "train_recall": 75.63154849225813,
      "val_f1": 72.13612922185885,
      "val_recall": 76.63583907875552,
      "confusion_matrix": [
        [
          0,
          0,
          27,
          26,
          9
        ],
        [
          0,
          19,
          0,
          0,
          0
        ],
        [
          0,
          0,
          400,
          16,
          4
        ],
        [
          0,
          0,
          5,
          156,
          3
        ],
        [
          0,
          4,
          10,
          13,
          349
        ]
      ],
      "epoch_time": 52.74972987174988,
      "learning_rate": 2.5e-05
    },
    {
      "epoch": 67,
      "train_loss": 2.2317747512689006,
      "train_acc": 89.63942307692308,
      "val_loss": 0.1461309751167017,
      "val_acc": 88.85686839577329,
      "timestamp": "2025-08-28 20:34:12",
      "train_f1": 72.34036629541009,
      "train_recall": 75.41101152865858,
      "val_f1": 72.20009387559976,
      "val_recall": 76.52364889910297,
      "confusion_matrix": [
        [
          0,
          0,
          29,
          24,
          9
        ],
        [
          0,
          19,
          0,
          0,
          0
        ],
        [
          0,
          0,
          405,
          12,
          3
        ],
        [
          0,
          0,
          8,
          154,
          2
        ],
        [
          0,
          4,
          10,
          15,
          347
        ]
      ],
      "epoch_time": 54.64689040184021,
      "learning_rate": 2.5e-05
    },
    {
      "epoch": 68,
      "train_loss": 2.143921045615123,
      "train_acc": 89.75961538461539,
      "val_loss": 0.14443629541817835,
      "val_acc": 89.24111431316042,
      "timestamp": "2025-08-28 20:35:00",
      "train_f1": 72.72548099164564,
      "train_recall": 75.12162447667745,
      "val_f1": 73.32082127822656,
      "val_recall": 76.94826648874391,
      "confusion_matrix": [
        [
          0,
          0,
          28,
          26,
          8
        ],
        [
          0,
          19,
          0,
          0,
          0
        ],
        [
          0,
          0,
          404,
          12,
          4
        ],
        [
          0,
          0,
          5,
          157,
          2
        ],
        [
          0,
          2,
          10,
          15,
          349
        ]
      ],
      "epoch_time": 47.719945192337036,
      "learning_rate": 2.5e-05
    },
    {
      "epoch": 69,
      "train_loss": 2.2300326379445883,
      "train_acc": 89.66346153846153,
      "val_loss": 0.14634080099708893,
      "val_acc": 88.95292987512008,
      "timestamp": "2025-08-28 20:36:10",
      "train_f1": 72.511696456796,
      "train_recall": 75.70516221924844,
      "val_f1": 72.70911263151757,
      "val_recall": 76.79983690414412,
      "confusion_matrix": [
        [
          0,
          0,
          28,
          25,
          9
        ],
        [
          0,
          19,
          0,
          0,
          0
        ],
        [
          0,
          0,
          402,
          14,
          4
        ],
        [
          0,
          0,
          5,
          157,
          2
        ],
        [
          0,
          3,
          10,
          15,
          348
        ]
      ],
      "epoch_time": 69.66800355911255,
      "learning_rate": 2.5e-05
    },
    {
      "epoch": 70,
      "train_loss": 2.2259358902390187,
      "train_acc": 89.78365384615384,
      "val_loss": 0.1486219172092045,
      "val_acc": 88.85686839577329,
      "timestamp": "2025-08-28 20:37:06",
      "train_f1": 72.06333022052564,
      "train_recall": 74.67319761211884,
      "val_f1": 72.18642972719451,
      "val_recall": 76.68345812637457,
      "confusion_matrix": [
        [
          0,
          0,
          27,
          26,
          9
        ],
        [
          0,
          19,
          0,
          0,
          0
        ],
        [
          0,
          0,
          401,
          16,
          3
        ],
        [
          0,
          0,
          5,
          156,
          3
        ],
        [
          0,
          4,
          10,
          13,
          349
        ]
      ],
      "epoch_time": 55.73605298995972,
      "learning_rate": 2.5e-05
    },
    {
      "epoch": 71,
      "train_loss": 2.3116431809388676,
      "train_acc": 89.66346153846153,
      "val_loss": 0.14361116246265523,
      "val_acc": 89.33717579250721,
      "timestamp": "2025-08-28 20:37:46",
      "train_f1": 72.28046820717014,
      "train_recall": 76.04434542859752,
      "val_f1": 73.37102748020506,
      "val_recall": 76.99588553636296,
      "confusion_matrix": [
        [
          0,
          0,
          28,
          26,
          8
        ],
        [
          0,
          19,
          0,
          0,
          0
        ],
        [
          0,
          0,
          405,
          12,
          3
        ],
        [
          0,
          0,
          5,
          157,
          2
        ],
        [
          0,
          2,
          10,
          15,
          349
        ]
      ],
      "epoch_time": 39.19966173171997,
      "learning_rate": 2.5e-05
    },
    {
      "epoch": 72,
      "train_loss": 2.239971384864587,
      "train_acc": 89.61538461538461,
      "val_loss": 0.14485937795218298,
      "val_acc": 89.24111431316042,
      "timestamp": "2025-08-28 20:38:30",
      "train_f1": 72.20765098811958,
      "train_recall": 74.60278132209976,
      "val_f1": 72.8984295797913,
      "val_recall": 76.94269404700125,
      "confusion_matrix": [
        [
          0,
          0,
          28,
          25,
          9
        ],
        [
          0,
          19,
          0,
          0,
          0
        ],
        [
          0,
          0,
          405,
          12,
          3
        ],
        [
          0,
          0,
          5,
          157,
          2
        ],
        [
          0,
          3,
          10,
          15,
          348
        ]
      ],
      "epoch_time": 43.778315782547,
      "learning_rate": 2.5e-05
    },
    {
      "epoch": 73,
      "train_loss": 2.2969626306341246,
      "train_acc": 89.78365384615384,
      "val_loss": 0.1442218979491907,
      "val_acc": 89.33717579250721,
      "timestamp": "2025-08-28 20:39:20",
      "train_f1": 72.97286352960846,
      "train_recall": 75.82238600925463,
      "val_f1": 73.39044801824359,
      "val_recall": 76.99588553636296,
      "confusion_matrix": [
        [
          0,
          0,
          28,
          25,
          9
        ],
        [
          0,
          19,
          0,
          0,
          0
        ],
        [
          0,
          0,
          405,
          12,
          3
        ],
        [
          0,
          0,
          5,
          157,
          2
        ],
        [
          0,
          2,
          10,
          15,
          349
        ]
      ],
      "epoch_time": 49.47277069091797,
      "learning_rate": 2.5e-05
    },
    {
      "epoch": 74,
      "train_loss": 2.246515688987879,
      "train_acc": 89.71153846153847,
      "val_loss": 0.1492441292194759,
      "val_acc": 88.56868395773294,
      "timestamp": "2025-08-28 20:40:07",
      "train_f1": 72.35613856031011,
      "train_recall": 75.002492160762,
      "val_f1": 73.23509282535622,
      "val_recall": 76.16336768230904,
      "confusion_matrix": [
        [
          0,
          0,
          30,
          24,
          8
        ],
        [
          0,
          19,
          0,
          0,
          0
        ],
        [
          0,
          0,
          404,
          12,
          4
        ],
        [
          0,
          0,
          12,
          151,
          1
        ],
        [
          0,
          1,
          10,
          17,
          348
        ]
      ],
      "epoch_time": 46.60512948036194,
      "learning_rate": 2.5e-05
    },
    {
      "epoch": 75,
      "train_loss": 2.268267932992715,
      "train_acc": 89.54326923076923,
      "val_loss": 0.14485732378328547,
      "val_acc": 89.24111431316042,
      "timestamp": "2025-08-28 20:41:00",
      "train_f1": 72.32232630218115,
      "train_recall": 75.98976369366308,
      "val_f1": 72.92215566659307,
      "val_recall": 76.94826648874391,
      "confusion_matrix": [
        [
          0,
          0,
          28,
          25,
          9
        ],
        [
          0,
          19,
          0,
          0,
          0
        ],
        [
          0,
          0,
          404,
          12,
          4
        ],
        [
          0,
          0,
          5,
          157,
          2
        ],
        [
          0,
          3,
          10,
          14,
          349
        ]
      ],
      "epoch_time": 53.5618953704834,
      "learning_rate": 2.5e-05
    },
    {
      "epoch": 76,
      "train_loss": 2.2874761708653892,
      "train_acc": 89.59134615384616,
      "val_loss": 0.14821615026277654,
      "val_acc": 88.76080691642652,
      "timestamp": "2025-08-28 20:41:46",
      "train_f1": 72.41701693543791,
      "train_recall": 74.85505188333347,
      "val_f1": 72.93120914155071,
      "val_recall": 76.47602985148391,
      "confusion_matrix": [
        [
          0,
          0,
          29,
          25,
          8
        ],
        [
          0,
          19,
          0,
          0,
          0
        ],
        [
          0,
          0,
          404,
          13,
          3
        ],
        [
          0,
          0,
          9,
          154,
          1
        ],
        [
          0,
          2,
          10,
          17,
          347
        ]
      ],
      "epoch_time": 45.30694317817688,
      "learning_rate": 2.5e-05
    },
    {
      "epoch": 77,
      "train_loss": 2.293459911300586,
      "train_acc": 89.71153846153847,
      "val_loss": 0.14775659012443879,
      "val_acc": 88.85686839577329,
      "timestamp": "2025-08-28 20:42:43",
      "train_f1": 72.44172950964692,
      "train_recall": 75.7288105100961,
      "val_f1": 73.46581063930982,
      "val_recall": 76.52922134084562,
      "confusion_matrix": [
        [
          0,
          0,
          29,
          25,
          8
        ],
        [
          0,
          19,
          0,
          0,
          0
        ],
        [
          0,
          0,
          404,
          12,
          4
        ],
        [
          0,
          0,
          9,
          154,
          1
        ],
        [
          0,
          1,
          10,
          17,
          348
        ]
      ],
      "epoch_time": 56.77301239967346,
      "learning_rate": 2.5e-05
    },
    {
      "epoch": 78,
      "train_loss": 2.3091681049420285,
      "train_acc": 89.78365384615384,
      "val_loss": 0.14581805511432536,
      "val_acc": 89.04899135446686,
      "timestamp": "2025-08-28 20:43:33",
      "train_f1": 72.98921540513422,
      "train_recall": 75.81860195762616,
      "val_f1": 73.1576917963037,
      "val_recall": 76.69879160797689,
      "confusion_matrix": [
        [
          0,
          0,
          29,
          25,
          8
        ],
        [
          0,
          19,
          0,
          0,
          0
        ],
        [
          0,
          0,
          405,
          12,
          3
        ],
        [
          0,
          0,
          8,
          155,
          1
        ],
        [
          0,
          2,
          10,
          16,
          348
        ]
      ],
      "epoch_time": 49.036364793777466,
      "learning_rate": 2.5e-05
    },
    {
      "epoch": 79,
      "train_loss": 2.272887532069133,
      "train_acc": 89.8798076923077,
      "val_loss": 0.14666499723406398,
      "val_acc": 88.85686839577329,
      "timestamp": "2025-08-28 20:44:17",
      "train_f1": 72.36731737420968,
      "train_recall": 75.44905341103146,
      "val_f1": 72.58141372318376,
      "val_recall": 76.52364889910297,
      "confusion_matrix": [
        [
          0,
          0,
          29,
          25,
          8
        ],
        [
          0,
          19,
          0,
          0,
          0
        ],
        [
          0,
          0,
          405,
          12,
          3
        ],
        [
          0,
          0,
          9,
          154,
          1
        ],
        [
          0,
          3,
          10,
          16,
          347
        ]
      ],
      "epoch_time": 44.63107228279114,
      "learning_rate": 2.5e-05
    },
    {
      "epoch": 80,
      "train_loss": 2.2306362208265527,
      "train_acc": 89.47115384615384,
      "val_loss": 0.14357741615351508,
      "val_acc": 89.14505283381364,
      "timestamp": "2025-08-28 20:45:04",
      "train_f1": 71.26626641862899,
      "train_recall": 72.93209443409265,
      "val_f1": 73.25155946284497,
      "val_recall": 76.89507499938222,
      "confusion_matrix": [
        [
          0,
          0,
          28,
          26,
          8
        ],
        [
          0,
          19,
          0,
          0,
          0
        ],
        [
          0,
          0,
          404,
          12,
          4
        ],
        [
          0,
          0,
          6,
          157,
          1
        ],
        [
          0,
          2,
          10,
          16,
          348
        ]
      ],
      "epoch_time": 46.548524141311646,
      "learning_rate": 2.5e-05
    },
    {
      "epoch": 81,
      "train_loss": 2.2765802255043615,
      "train_acc": 89.61538461538461,
      "val_loss": 0.14425527304410934,
      "val_acc": 89.04899135446686,
      "timestamp": "2025-08-28 20:45:55",
      "train_f1": 72.03234546203095,
      "train_recall": 76.15635062325143,
      "val_f1": 73.61064821946741,
      "val_recall": 76.77312377987002,
      "confusion_matrix": [
        [
          0,
          0,
          28,
          26,
          8
        ],
        [
          0,
          19,
          0,
          0,
          0
        ],
        [
          0,
          0,
          404,
          12,
          4
        ],
        [
          0,
          0,
          7,
          156,
          1
        ],
        [
          0,
          1,
          10,
          17,
          348
        ]
      ],
      "epoch_time": 50.72698736190796,
      "learning_rate": 2.5e-05
    },
    {
      "epoch": 82,
      "train_loss": 2.2742207616567613,
      "train_acc": 89.66346153846153,
      "val_loss": 0.15418657485176535,
      "val_acc": 88.18443804034582,
      "timestamp": "2025-08-28 20:46:49",
      "train_f1": 72.48857447345047,
      "train_recall": 75.6175676418881,
      "val_f1": 71.91354902292021,
      "val_recall": 73.81420208538991,
      "confusion_matrix": [
        [
          0,
          0,
          32,
          23,
          7
        ],
        [
          0,
          17,
          0,
          0,
          2
        ],
        [
          0,
          0,
          404,
          13,
          3
        ],
        [
          0,
          0,
          14,
          149,
          1
        ],
        [
          0,
          1,
          10,
          17,
          348
        ]
      ],
      "epoch_time": 52.96829319000244,
      "learning_rate": 1.25e-05
    },
    {
      "epoch": 83,
      "train_loss": 2.3317349936526557,
      "train_acc": 89.85576923076923,
      "val_loss": 0.14408997008029154,
      "val_acc": 89.04899135446686,
      "timestamp": "2025-08-28 20:47:54",
      "train_f1": 72.46042798148402,
      "train_recall": 75.30005418335865,
      "val_f1": 73.16796071089755,
      "val_recall": 76.77312377987002,
      "confusion_matrix": [
        [
          0,
          0,
          28,
          26,
          8
        ],
        [
          0,
          19,
          0,
          0,
          0
        ],
        [
          0,
          0,
          404,
          12,
          4
        ],
        [
          0,
          0,
          7,
          156,
          1
        ],
        [
          0,
          2,
          10,
          16,
          348
        ]
      ],
      "epoch_time": 64.59649801254272,
      "learning_rate": 1.25e-05
    },
    {
      "epoch": 84,
      "train_loss": 2.264965926626554,
      "train_acc": 90.0,
      "val_loss": 0.1442730567034553,
      "val_acc": 88.95292987512008,
      "timestamp": "2025-08-28 20:48:47",
      "train_f1": 73.1546878762085,
      "train_recall": 76.01565493114245,
      "val_f1": 73.10743485370351,
      "val_recall": 76.65117256035782,
      "confusion_matrix": [
        [
          0,
          0,
          29,
          25,
          8
        ],
        [
          0,
          19,
          0,
          0,
          0
        ],
        [
          0,
          0,
          404,
          12,
          4
        ],
        [
          0,
          0,
          8,
          155,
          1
        ],
        [
          0,
          2,
          10,
          16,
          348
        ]
      ],
      "epoch_time": 52.92058229446411,
      "learning_rate": 1.25e-05
    },
    {
      "epoch": 85,
      "train_loss": 2.2830268737215262,
      "train_acc": 89.85576923076923,
      "val_loss": 0.14581700765034733,
      "val_acc": 89.14505283381364,
      "timestamp": "2025-08-28 20:49:28",
      "train_f1": 73.02976401057734,
      "train_recall": 76.2443859090425,
      "val_f1": 72.43849417369724,
      "val_recall": 76.82631526923173,
      "confusion_matrix": [
        [
          0,
          0,
          28,
          25,
          9
        ],
        [
          0,
          19,
          0,
          0,
          0
        ],
        [
          0,
          0,
          404,
          12,
          4
        ],
        [
          0,
          0,
          5,
          156,
          3
        ],
        [
          0,
          4,
          10,
          13,
          349
        ]
      ],
      "epoch_time": 40.7570276260376,
      "learning_rate": 1.25e-05
    },
    {
      "epoch": 86,
      "train_loss": 2.160859138919757,
      "train_acc": 89.78365384615384,
      "val_loss": 0.14263836776509004,
      "val_acc": 89.33717579250721,
      "timestamp": "2025-08-28 20:50:21",
      "train_f1": 72.7497198504264,
      "train_recall": 75.4099793460548,
      "val_f1": 73.8365272621328,
      "val_recall": 77.00145797810562,
      "confusion_matrix": [
        [
          0,
          0,
          28,
          26,
          8
        ],
        [
          0,
          19,
          0,
          0,
          0
        ],
        [
          0,
          0,
          404,
          12,
          4
        ],
        [
          0,
          0,
          5,
          157,
          2
        ],
        [
          0,
          1,
          10,
          15,
          350
        ]
      ],
      "epoch_time": 53.215576171875,
      "learning_rate": 1.25e-05
    },
    {
      "epoch": 87,
      "train_loss": 2.280669950407285,
      "train_acc": 89.83173076923077,
      "val_loss": 0.14715969562530518,
      "val_acc": 88.66474543707973,
      "timestamp": "2025-08-28 20:51:11",
      "train_f1": 72.77282313032256,
      "train_recall": 75.10513952308784,
      "val_f1": 71.67884981158628,
      "val_recall": 76.64583487780166,
      "confusion_matrix": [
        [
          0,
          0,
          27,
          26,
          9
        ],
        [
          0,
          19,
          0,
          0,
          0
        ],
        [
          0,
          0,
          401,
          16,
          3
        ],
        [
          0,
          0,
          5,
          157,
          2
        ],
        [
          0,
          5,
          10,
          15,
          346
        ]
      ],
      "epoch_time": 49.05037999153137,
      "learning_rate": 1.25e-05
    },
    {
      "epoch": 88,
      "train_loss": 2.2301424699333996,
      "train_acc": 89.8076923076923,
      "val_loss": 0.14544510446927128,
      "val_acc": 88.85686839577329,
      "timestamp": "2025-08-28 20:51:52",
      "train_f1": 72.8696784123601,
      "train_recall": 76.23265540687505,
      "val_f1": 72.62101373224166,
      "val_recall": 76.75221785652508,
      "confusion_matrix": [
        [
          0,
          0,
          28,
          25,
          9
        ],
        [
          0,
          19,
          0,
          0,
          0
        ],
        [
          0,
          0,
          401,
          16,
          3
        ],
        [
          0,
          0,
          5,
          157,
          2
        ],
        [
          0,
          3,
          10,
          15,
          348
        ]
      ],
      "epoch_time": 40.69020390510559,
      "learning_rate": 1.25e-05
    },
    {
      "epoch": 89,
      "train_loss": 2.237002693231289,
      "train_acc": 89.71153846153847,
      "val_loss": 0.1442227889509762,
      "val_acc": 89.14505283381364,
      "timestamp": "2025-08-28 20:53:06",
      "train_f1": 72.91522255447724,
      "train_recall": 75.41906188664727,
      "val_f1": 72.81468490842154,
      "val_recall": 76.82074282748907,
      "confusion_matrix": [
        [
          0,
          0,
          28,
          25,
          9
        ],
        [
          0,
          19,
          0,
          0,
          0
        ],
        [
          0,
          0,
          405,
          12,
          3
        ],
        [
          0,
          0,
          6,
          156,
          2
        ],
        [
          0,
          3,
          10,
          15,
          348
        ]
      ],
      "epoch_time": 73.84749269485474,
      "learning_rate": 1.25e-05
    },
    {
      "epoch": 90,
      "train_loss": 2.227196105626913,
      "train_acc": 89.75961538461539,
      "val_loss": 0.1437512176001773,
      "val_acc": 89.43323727185398,
      "timestamp": "2025-08-28 20:54:29",
      "train_f1": 72.72299047983999,
      "train_recall": 75.4165306232048,
      "val_f1": 73.88673742860256,
      "val_recall": 77.04907702572467,
      "confusion_matrix": [
        [
          0,
          0,
          28,
          26,
          8
        ],
        [
          0,
          19,
          0,
          0,
          0
        ],
        [
          0,
          0,
          405,
          12,
          3
        ],
        [
          0,
          0,
          5,
          157,
          2
        ],
        [
          0,
          1,
          10,
          15,
          350
        ]
      ],
      "class_accuracies": {
        "class_0": 0.0,
        "class_1": 100.0,
        "class_2": 96.42857142857143,
        "class_3": 95.73170731707317,
        "class_4": 93.08510638297872
      },
      "epoch_time": 83.22848796844482,
      "learning_rate": 1.25e-05
    },
    {
      "epoch": 91,
      "train_loss": 2.253653090046002,
      "train_acc": 90.02403846153847,
      "val_loss": 0.14783886820077896,
      "val_acc": 88.85686839577329,
      "timestamp": "2025-08-28 20:55:09",
      "train_f1": 73.56497953958471,
      "train_recall": 76.4133254571114,
      "val_f1": 72.17147330484065,
      "val_recall": 76.61469839622409,
      "confusion_matrix": [
        [
          0,
          0,
          27,
          26,
          9
        ],
        [
          0,
          19,
          0,
          0,
          0
        ],
        [
          0,
          0,
          401,
          16,
          3
        ],
        [
          0,
          0,
          5,
          155,
          4
        ],
        [
          0,
          4,
          10,
          12,
          350
        ]
      ],
      "epoch_time": 38.99137043952942,
      "learning_rate": 1.25e-05
    },
    {
      "epoch": 92,
      "train_loss": 2.2706473071987814,
      "train_acc": 89.8076923076923,
      "val_loss": 0.14567466956727645,
      "val_acc": 88.95292987512008,
      "timestamp": "2025-08-28 20:56:16",
      "train_f1": 72.80482125210665,
      "train_recall": 75.9185028512238,
      "val_f1": 72.65059694131944,
      "val_recall": 76.57684038846467,
      "confusion_matrix": [
        [
          0,
          0,
          29,
          25,
          8
        ],
        [
          0,
          19,
          0,
          0,
          0
        ],
        [
          0,
          0,
          405,
          12,
          3
        ],
        [
          0,
          0,
          8,
          154,
          2
        ],
        [
          0,
          3,
          10,
          15,
          348
        ]
      ],
      "epoch_time": 66.97142720222473,
      "learning_rate": 1.25e-05
    },
    {
      "epoch": 93,
      "train_loss": 2.323310278241451,
      "train_acc": 89.8798076923077,
      "val_loss": 0.14388693737633088,
      "val_acc": 89.14505283381364,
      "timestamp": "2025-08-28 20:57:10",
      "train_f1": 73.03309584055387,
      "train_recall": 75.89639314982044,
      "val_f1": 73.2565699339893,
      "val_recall": 76.82631526923173,
      "confusion_matrix": [
        [
          0,
          0,
          28,
          25,
          9
        ],
        [
          0,
          19,
          0,
          0,
          0
        ],
        [
          0,
          0,
          404,
          12,
          4
        ],
        [
          0,
          0,
          6,
          156,
          2
        ],
        [
          0,
          2,
          10,
          15,
          349
        ]
      ],
      "epoch_time": 53.21018719673157,
      "learning_rate": 1.25e-05
    },
    {
      "epoch": 94,
      "train_loss": NaN,
      "train_acc": 88.48557692307692,
      "val_loss": 0.1438192028333159,
      "val_acc": 89.14505283381364,
      "timestamp": "2025-08-28 20:58:46",
      "train_f1": 72.88080162986779,
      "train_recall": 74.62608834485819,
      "val_f1": 73.23712646303673,
      "val_recall": 76.82631526923173,
      "confusion_matrix": [
        [
          0,
          0,
          28,
          26,
          8
        ],
        [
          0,
          19,
          0,
          0,
          0
        ],
        [
          0,
          0,
          404,
          12,
          4
        ],
        [
          0,
          0,
          6,
          156,
          2
        ],
        [
          0,
          2,
          10,
          15,
          349
        ]
      ],
      "epoch_time": 95.9535984992981,
      "learning_rate": 1.25e-05
    },
    {
      "epoch": 95,
      "train_loss": 2.2022405909231075,
      "train_acc": 89.97596153846153,
      "val_loss": 0.14329940036815755,
      "val_acc": 89.14505283381364,
      "timestamp": "2025-08-28 20:59:38",
      "train_f1": 73.29289354849232,
      "train_recall": 76.10205956775825,
      "val_f1": 72.84829672090073,
      "val_recall": 76.89507499938222,
      "confusion_matrix": [
        [
          0,
          0,
          28,
          25,
          9
        ],
        [
          0,
          19,
          0,
          0,
          0
        ],
        [
          0,
          0,
          404,
          12,
          4
        ],
        [
          0,
          0,
          5,
          157,
          2
        ],
        [
          0,
          3,
          10,
          15,
          348
        ]
      ],
      "epoch_time": 51.37690544128418,
      "learning_rate": 1.25e-05
    },
    {
      "epoch": 96,
      "train_loss": 2.2706136516653572,
      "train_acc": 89.66346153846153,
      "val_loss": 0.14480841159820557,
      "val_acc": 89.14505283381364,
      "timestamp": "2025-08-28 21:00:36",
      "train_f1": 72.73786005688342,
      "train_recall": 76.19642794507138,
      "val_f1": 73.23712646303673,
      "val_recall": 76.82631526923173,
      "confusion_matrix": [
        [
          0,
          0,
          28,
          26,
          8
        ],
        [
          0,
          19,
          0,
          0,
          0
        ],
        [
          0,
          0,
          404,
          12,
          4
        ],
        [
          0,
          0,
          6,
          156,
          2
        ],
        [
          0,
          2,
          10,
          15,
          349
        ]
      ],
      "epoch_time": 57.64633631706238,
      "learning_rate": 1.25e-05
    },
    {
      "epoch": 97,
      "train_loss": 2.2684460701277622,
      "train_acc": 89.66346153846153,
      "val_loss": 0.1471234340878094,
      "val_acc": 89.24111431316042,
      "timestamp": "2025-08-28 21:01:21",
      "train_f1": 72.76200062617832,
      "train_recall": 76.11804195045038,
      "val_f1": 72.52631168554652,
      "val_recall": 76.94826648874391,
      "confusion_matrix": [
        [
          0,
          0,
          28,
          25,
          9
        ],
        [
          0,
          19,
          0,
          0,
          0
        ],
        [
          0,
          0,
          404,
          12,
          4
        ],
        [
          0,
          0,
          5,
          157,
          2
        ],
        [
          0,
          4,
          10,
          13,
          349
        ]
      ],
      "epoch_time": 44.6202437877655,
      "learning_rate": 1.25e-05
    },
    {
      "epoch": 98,
      "train_loss": 2.172624948620796,
      "train_acc": 89.42307692307692,
      "val_loss": 0.1443755517111105,
      "val_acc": 89.24111431316042,
      "timestamp": "2025-08-28 21:02:30",
      "train_f1": 71.72913859526393,
      "train_recall": 75.29977818296354,
      "val_f1": 73.34031099663724,
      "val_recall": 76.94826648874391,
      "confusion_matrix": [
        [
          0,
          0,
          28,
          25,
          9
        ],
        [
          0,
          19,
          0,
          0,
          0
        ],
        [
          0,
          0,
          404,
          12,
          4
        ],
        [
          0,
          0,
          5,
          157,
          2
        ],
        [
          0,
          2,
          10,
          15,
          349
        ]
      ],
      "epoch_time": 68.31574487686157,
      "learning_rate": 6.25e-06
    },
    {
      "epoch": 99,
      "train_loss": 2.156852358350387,
      "train_acc": 89.97596153846153,
      "val_loss": 0.14404822009451249,
      "val_acc": 89.24111431316042,
      "timestamp": "2025-08-28 21:03:20",
      "train_f1": 73.45815489561261,
      "train_recall": 76.39667001609295,
      "val_f1": 73.3249445308963,
      "val_recall": 76.94826648874391,
      "confusion_matrix": [
        [
          0,
          0,
          28,
          26,
          8
        ],
        [
          0,
          19,
          0,
          0,
          0
        ],
        [
          0,
          0,
          404,
          12,
          4
        ],
        [
          0,
          0,
          6,
          157,
          1
        ],
        [
          0,
          2,
          10,
          15,
          349
        ]
      ],
      "epoch_time": 49.71239423751831,
      "learning_rate": 6.25e-06
    },
    {
      "epoch": 100,
      "train_loss": 2.2244214572585546,
      "train_acc": 89.83173076923077,
      "val_loss": 0.1446918025612831,
      "val_acc": 89.04899135446686,
      "timestamp": "2025-08-28 21:04:19",
      "train_f1": 73.03608138721034,
      "train_recall": 76.30416093696756,
      "val_f1": 72.7451080245844,
      "val_recall": 76.77312377987002,
      "confusion_matrix": [
        [
          0,
          0,
          28,
          26,
          8
        ],
        [
          0,
          19,
          0,
          0,
          0
        ],
        [
          0,
          0,
          404,
          12,
          4
        ],
        [
          0,
          0,
          6,
          156,
          2
        ],
        [
          0,
          3,
          10,
          15,
          348
        ]
      ],
      "epoch_time": 59.45075058937073,
      "learning_rate": 6.25e-06
    }
  ]
}