{
  "dataset": "ASAS",
  "model_type": "geometric",
  "sde_config": 1,
  "start_time": "20250829_102407",
  "date": "20250829",
  "epochs": [
    {
      "epoch": 1,
      "train_loss": 8.704224302156552,
      "train_acc": 36.82432432432432,
      "val_loss": 0.8431641522206759,
      "val_acc": 55.12605042016807,
      "timestamp": "2025-08-29 10:29:39",
      "train_f1": 19.908320051494783,
      "train_recall": 21.24509043344113,
      "val_f1": 14.214517876489708,
      "val_recall": 20.0,
      "confusion_matrix": [
        [
          0,
          0,
          0,
          0,
          67
        ],
        [
          0,
          0,
          0,
          0,
          23
        ],
        [
          0,
          0,
          0,
          0,
          162
        ],
        [
          0,
          0,
          0,
          0,
          15
        ],
        [
          0,
          0,
          0,
          0,
          328
        ]
      ],
      "class_accuracies": {
        "class_0": 0.0,
        "class_1": 0.0,
        "class_2": 0.0,
        "class_3": 0.0,
        "class_4": 100.0
      },
      "epoch_time": 332.5516445636749,
      "learning_rate": 3e-05
    },
    {
      "epoch": 2,
      "train_loss": 7.77807536076855,
      "train_acc": 54.645270270270274,
      "val_loss": 0.820522311486696,
      "val_acc": 55.294117647058826,
      "timestamp": "2025-08-29 10:34:39",
      "train_f1": 15.363298395861612,
      "train_recall": 20.173085653066043,
      "val_f1": 15.896601590744758,
      "val_recall": 20.869565217391305,
      "confusion_matrix": [
        [
          0,
          0,
          0,
          0,
          67
        ],
        [
          0,
          1,
          0,
          0,
          22
        ],
        [
          0,
          0,
          0,
          0,
          162
        ],
        [
          0,
          0,
          0,
          0,
          15
        ],
        [
          0,
          0,
          0,
          0,
          328
        ]
      ],
      "class_accuracies": {
        "class_0": 0.0,
        "class_1": 4.3478260869565215,
        "class_2": 0.0,
        "class_3": 0.0,
        "class_4": 100.0
      },
      "epoch_time": 299.43839836120605,
      "learning_rate": 3e-05
    },
    {
      "epoch": 3,
      "train_loss": 7.561947379563306,
      "train_acc": 59.20608108108108,
      "val_loss": 0.7852680714506852,
      "val_acc": 61.680672268907564,
      "timestamp": "2025-08-29 10:41:19",
      "train_f1": 31.43561928746467,
      "train_recall": 31.42582446814889,
      "val_f1": 41.55767617250525,
      "val_recall": 43.93401692687343,
      "confusion_matrix": [
        [
          19,
          1,
          26,
          0,
          21
        ],
        [
          2,
          21,
          0,
          0,
          0
        ],
        [
          0,
          0,
          1,
          0,
          161
        ],
        [
          0,
          4,
          10,
          0,
          1
        ],
        [
          0,
          0,
          2,
          0,
          326
        ]
      ],
      "class_accuracies": {
        "class_0": 28.35820895522388,
        "class_1": 91.30434782608695,
        "class_2": 0.6172839506172839,
        "class_3": 0.0,
        "class_4": 99.39024390243902
      },
      "epoch_time": 399.0469698905945,
      "learning_rate": 3e-05
    },
    {
      "epoch": 4,
      "train_loss": 7.23758943741386,
      "train_acc": 70.52364864864865,
      "val_loss": 0.7349326767419514,
      "val_acc": 83.69747899159664,
      "timestamp": "2025-08-29 10:45:48",
      "train_f1": 50.86609907007874,
      "train_recall": 51.604912670837976,
      "val_f1": 62.52061396615852,
      "val_recall": 62.20746450380359,
      "confusion_matrix": [
        [
          31,
          2,
          31,
          0,
          3
        ],
        [
          2,
          21,
          0,
          0,
          0
        ],
        [
          0,
          0,
          120,
          0,
          42
        ],
        [
          0,
          4,
          10,
          0,
          1
        ],
        [
          1,
          0,
          1,
          0,
          326
        ]
      ],
      "class_accuracies": {
        "class_0": 46.26865671641791,
        "class_1": 91.30434782608695,
        "class_2": 74.07407407407408,
        "class_3": 0.0,
        "class_4": 99.39024390243902
      },
      "epoch_time": 268.6661138534546,
      "learning_rate": 3e-05
    },
    {
      "epoch": 5,
      "train_loss": 6.846114675740938,
      "train_acc": 81.92567567567568,
      "val_loss": 0.6825160164582101,
      "val_acc": 90.75630252100841,
      "timestamp": "2025-08-29 10:50:41",
      "train_f1": 61.028337619045836,
      "train_recall": 61.21219705024403,
      "val_f1": 68.05323776846424,
      "val_recall": 68.44295372436744,
      "confusion_matrix": [
        [
          37,
          1,
          29,
          0,
          0
        ],
        [
          2,
          21,
          0,
          0,
          0
        ],
        [
          0,
          0,
          156,
          0,
          6
        ],
        [
          0,
          4,
          10,
          0,
          1
        ],
        [
          2,
          0,
          0,
          0,
          326
        ]
      ],
      "class_accuracies": {
        "class_0": 55.223880597014926,
        "class_1": 91.30434782608695,
        "class_2": 96.29629629629629,
        "class_3": 0.0,
        "class_4": 99.39024390243902
      },
      "epoch_time": 292.8572714328766,
      "learning_rate": 3e-05
    },
    {
      "epoch": 6,
      "train_loss": 6.394619508369549,
      "train_acc": 88.26013513513513,
      "val_loss": 0.6545578335460863,
      "val_acc": 91.26050420168067,
      "timestamp": "2025-08-29 10:54:35",
      "train_f1": 65.26722414671909,
      "train_recall": 66.7908052104774,
      "val_f1": 68.40162523871454,
      "val_recall": 69.65088201426394,
      "confusion_matrix": [
        [
          40,
          1,
          26,
          0,
          0
        ],
        [
          2,
          21,
          0,
          0,
          0
        ],
        [
          0,
          0,
          161,
          0,
          1
        ],
        [
          8,
          4,
          2,
          0,
          1
        ],
        [
          2,
          0,
          5,
          0,
          321
        ]
      ],
      "class_accuracies": {
        "class_0": 59.70149253731343,
        "class_1": 91.30434782608695,
        "class_2": 99.38271604938271,
        "class_3": 0.0,
        "class_4": 97.86585365853658
      },
      "epoch_time": 233.52017259597778,
      "learning_rate": 3e-05
    },
    {
      "epoch": 7,
      "train_loss": 6.178196823274767,
      "train_acc": 89.94932432432432,
      "val_loss": 0.6464593912425795,
      "val_acc": 91.9327731092437,
      "timestamp": "2025-08-29 11:01:38",
      "train_f1": 67.94654288787643,
      "train_recall": 69.28662706189102,
      "val_f1": 69.61589677796113,
      "val_recall": 70.59498714354076,
      "confusion_matrix": [
        [
          44,
          0,
          23,
          0,
          0
        ],
        [
          2,
          21,
          0,
          0,
          0
        ],
        [
          0,
          0,
          157,
          0,
          5
        ],
        [
          10,
          4,
          0,
          0,
          1
        ],
        [
          2,
          0,
          1,
          0,
          325
        ]
      ],
      "class_accuracies": {
        "class_0": 65.67164179104478,
        "class_1": 91.30434782608695,
        "class_2": 96.91358024691358,
        "class_3": 0.0,
        "class_4": 99.08536585365853
      },
      "epoch_time": 422.5846436023712,
      "learning_rate": 3e-05
    },
    {
      "epoch": 8,
      "train_loss": 5.967677996770756,
      "train_acc": 91.84966216216216,
      "val_loss": 0.6371554700951827,
      "val_acc": 92.26890756302521,
      "timestamp": "2025-08-29 11:05:32",
      "train_f1": 69.2804454528878,
      "train_recall": 70.79662661432967,
      "val_f1": 69.72857176430398,
      "val_recall": 70.90438190415503,
      "confusion_matrix": [
        [
          44,
          0,
          23,
          0,
          0
        ],
        [
          2,
          21,
          0,
          0,
          0
        ],
        [
          1,
          0,
          160,
          0,
          1
        ],
        [
          10,
          4,
          0,
          0,
          1
        ],
        [
          2,
          0,
          2,
          0,
          324
        ]
      ],
      "class_accuracies": {
        "class_0": 65.67164179104478,
        "class_1": 91.30434782608695,
        "class_2": 98.76543209876543,
        "class_3": 0.0,
        "class_4": 98.78048780487805
      },
      "epoch_time": 233.1960232257843,
      "learning_rate": 3e-05
    },
    {
      "epoch": 9,
      "train_loss": 5.868453134556074,
      "train_acc": 92.14527027027027,
      "val_loss": 0.6302691509849147,
      "val_acc": 92.26890756302521,
      "timestamp": "2025-08-29 11:09:08",
      "train_f1": 69.76528639769158,
      "train_recall": 71.20950738629774,
      "val_f1": 70.2409497495823,
      "val_recall": 71.61697746294645,
      "confusion_matrix": [
        [
          47,
          0,
          20,
          0,
          0
        ],
        [
          2,
          21,
          0,
          0,
          0
        ],
        [
          1,
          0,
          160,
          0,
          1
        ],
        [
          10,
          4,
          0,
          0,
          1
        ],
        [
          2,
          0,
          5,
          0,
          321
        ]
      ],
      "epoch_time": 215.9724087715149,
      "learning_rate": 3e-05
    },
    {
      "epoch": 10,
      "train_loss": NaN,
      "train_acc": 91.68074324324324,
      "val_loss": 0.6269439584330508,
      "val_acc": 92.77310924369748,
      "timestamp": "2025-08-29 11:15:55",
      "train_f1": 69.65302952432825,
      "train_recall": 71.5934848763774,
      "val_f1": 70.95608594304245,
      "val_recall": 72.51249985100615,
      "confusion_matrix": [
        [
          50,
          0,
          17,
          0,
          0
        ],
        [
          2,
          21,
          0,
          0,
          0
        ],
        [
          1,
          0,
          160,
          0,
          1
        ],
        [
          10,
          4,
          1,
          0,
          0
        ],
        [
          2,
          0,
          5,
          0,
          321
        ]
      ],
      "class_accuracies": {
        "class_0": 74.6268656716418,
        "class_1": 91.30434782608695,
        "class_2": 98.76543209876543,
        "class_3": 0.0,
        "class_4": 97.86585365853658
      },
      "epoch_time": 406.35002994537354,
      "learning_rate": 3e-05
    },
    {
      "epoch": 11,
      "train_loss": NaN,
      "train_acc": 92.01858108108108,
      "val_loss": 0.626130649918004,
      "val_acc": 91.76470588235294,
      "timestamp": "2025-08-29 11:22:49",
      "train_f1": 70.98003739066489,
      "train_recall": 72.1654142004086,
      "val_f1": 70.21959232726195,
      "val_recall": 72.24682281612635,
      "confusion_matrix": [
        [
          52,
          0,
          15,
          0,
          0
        ],
        [
          2,
          21,
          0,
          0,
          0
        ],
        [
          7,
          0,
          154,
          0,
          1
        ],
        [
          10,
          4,
          1,
          0,
          0
        ],
        [
          2,
          0,
          7,
          0,
          319
        ]
      ],
      "epoch_time": 413.35657835006714,
      "learning_rate": 3e-05
    },
    {
      "epoch": 12,
      "train_loss": 5.8583819745360195,
      "train_acc": 91.84966216216216,
      "val_loss": 0.624320996435065,
      "val_acc": 92.26890756302521,
      "timestamp": "2025-08-29 11:30:55",
      "train_f1": 71.18725697211858,
      "train_recall": 72.21705313148273,
      "val_f1": 70.6568297577939,
      "val_recall": 72.61719318649672,
      "confusion_matrix": [
        [
          52,
          0,
          15,
          0,
          0
        ],
        [
          2,
          21,
          0,
          0,
          0
        ],
        [
          5,
          0,
          157,
          0,
          0
        ],
        [
          10,
          4,
          1,
          0,
          0
        ],
        [
          2,
          0,
          7,
          0,
          319
        ]
      ],
      "epoch_time": 485.9456567764282,
      "learning_rate": 1.5e-05
    }
  ]
}