{
  "dataset": "LINEAR",
  "model_type": "geometric",
  "sde_config": 1,
  "start_time": "20250830_095448",
  "date": "20250830",
  "epochs": [
    {
      "epoch": 1,
      "train_loss": 15.782584547079527,
      "train_acc": 24.08653846153846,
      "val_loss": 0.9160086091826943,
      "val_acc": 40.345821325648416,
      "timestamp": "2025-08-30 10:12:43",
      "train_f1": 21.585671199631474,
      "train_recall": 24.086538461538463,
      "val_f1": 23.196776121522703,
      "val_recall": 40.345821325648416,
      "confusion_matrix": [
        [
          0,
          0,
          62,
          0,
          0
        ],
        [
          0,
          0,
          19,
          0,
          0
        ],
        [
          0,
          0,
          420,
          0,
          0
        ],
        [
          0,
          0,
          164,
          0,
          0
        ],
        [
          0,
          0,
          376,
          0,
          0
        ]
      ],
      "class_accuracies": {
        "class_0": 0.0,
        "class_1": 0.0,
        "class_2": 100.0,
        "class_3": 0.0,
        "class_4": 0.0
      },
      "epoch_time": 1074.9638175964355,
      "learning_rate": 3e-05
    }
  ]
}