{
  "dataset": "LINEAR",
  "model_type": "linear_noise",
  "sde_config": 1,
  "start_time": "20250830_095443",
  "date": "20250830",
  "epochs": [
    {
      "epoch": 1,
      "train_loss": 11.316878800208752,
      "train_acc": 38.29326923076923,
      "val_loss": 0.677393846652087,
      "val_acc": 40.53794428434198,
      "timestamp": "2025-08-30 09:54:47",
      "train_f1": 34.93855303908737,
      "train_recall": 38.29326923076923,
      "val_f1": 32.60396458089613,
      "val_recall": 40.53794428434198,
      "confusion_matrix": [
        [
          0,
          0,
          44,
          0,
          18
        ],
        [
          0,
          0,
          13,
          0,
          6
        ],
        [
          0,
          0,
          330,
          0,
          90
        ],
        [
          0,
          0,
          121,
          0,
          43
        ],
        [
          0,
          0,
          284,
          0,
          92
        ]
      ],
      "class_accuracies": {
        "class_0": 0.0,
        "class_1": 0.0,
        "class_2": 78.57142857142857,
        "class_3": 0.0,
        "class_4": 24.46808510638298
      },
      "epoch_time": 3.4617934226989746,
      "learning_rate": 3e-05
    },
    {
      "epoch": 2,
      "train_loss": 10.568000046106485,
      "train_acc": 42.88461538461539,
      "val_loss": 0.6461598206968868,
      "val_acc": 39.3852065321806,
      "timestamp": "2025-08-30 09:54:50",
      "train_f1": 36.22212151394585,
      "train_recall": 42.88461538461538,
      "val_f1": 28.60012226006462,
      "val_recall": 39.3852065321806,
      "confusion_matrix": [
        [
          0,
          0,
          51,
          0,
          11
        ],
        [
          0,
          0,
          16,
          0,
          3
        ],
        [
          0,
          0,
          365,
          0,
          55
        ],
        [
          0,
          0,
          137,
          0,
          27
        ],
        [
          0,
          0,
          331,
          0,
          45
        ]
      ],
      "epoch_time": 3.117997884750366,
      "learning_rate": 3e-05
    },
    {
      "epoch": 3,
      "train_loss": 9.985586272753203,
      "train_acc": 42.88461538461539,
      "val_loss": 0.6251208641949821,
      "val_acc": 40.53794428434198,
      "timestamp": "2025-08-30 09:54:53",
      "train_f1": 33.49406272606703,
      "train_recall": 42.88461538461538,
      "val_f1": 27.90236996120845,
      "val_recall": 40.53794428434198,
      "confusion_matrix": [
        [
          0,
          0,
          54,
          0,
          8
        ],
        [
          0,
          0,
          17,
          0,
          2
        ],
        [
          0,
          0,
          390,
          0,
          30
        ],
        [
          0,
          0,
          148,
          0,
          16
        ],
        [
          0,
          0,
          344,
          0,
          32
        ]
      ],
      "epoch_time": 3.040994644165039,
      "learning_rate": 3e-05
    },
    {
      "epoch": 4,
      "train_loss": 9.64148731644337,
      "train_acc": 43.125,
      "val_loss": 0.6105940973057467,
      "val_acc": 42.363112391930834,
      "timestamp": "2025-08-30 09:54:57",
      "train_f1": 32.236894412707365,
      "train_recall": 43.125,
      "val_f1": 27.36980772445115,
      "val_recall": 42.363112391930834,
      "confusion_matrix": [
        [
          0,
          0,
          62,
          0,
          0
        ],
        [
          0,
          0,
          17,
          0,
          2
        ],
        [
          0,
          0,
          420,
          0,
          0
        ],
        [
          0,
          0,
          164,
          0,
          0
        ],
        [
          0,
          0,
          355,
          0,
          21
        ]
      ],
      "class_accuracies": {
        "class_0": 0.0,
        "class_1": 0.0,
        "class_2": 100.0,
        "class_3": 0.0,
        "class_4": 5.585106382978723
      },
      "epoch_time": 3.127699613571167,
      "learning_rate": 3e-05
    },
    {
      "epoch": 5,
      "train_loss": 9.279460410888378,
      "train_acc": 43.26923076923077,
      "val_loss": 0.5992517541436588,
      "val_acc": 40.82612872238232,
      "timestamp": "2025-08-30 09:55:01",
      "train_f1": 32.62966957207489,
      "train_recall": 43.269230769230774,
      "val_f1": 24.251510350371603,
      "val_recall": 40.82612872238233,
      "confusion_matrix": [
        [
          0,
          0,
          62,
          0,
          0
        ],
        [
          0,
          0,
          17,
          0,
          2
        ],
        [
          0,
          0,
          420,
          0,
          0
        ],
        [
          0,
          0,
          164,
          0,
          0
        ],
        [
          0,
          0,
          371,
          0,
          5
        ]
      ],
      "epoch_time": 3.8779456615448,
      "learning_rate": 3e-05
    },
    {
      "epoch": 6,
      "train_loss": 9.168580023142008,
      "train_acc": 43.41346153846154,
      "val_loss": 0.5887600674348719,
      "val_acc": 41.01825168107589,
      "timestamp": "2025-08-30 09:55:05",
      "train_f1": 33.74563715944452,
      "train_recall": 43.41346153846154,
      "val_f1": 28.39005259822574,
      "val_recall": 41.01825168107589,
      "confusion_matrix": [
        [
          0,
          0,
          54,
          0,
          8
        ],
        [
          0,
          0,
          16,
          0,
          3
        ],
        [
          0,
          0,
          393,
          0,
          27
        ],
        [
          0,
          0,
          148,
          0,
          16
        ],
        [
          0,
          0,
          342,
          0,
          34
        ]
      ],
      "epoch_time": 4.20168924331665,
      "learning_rate": 3e-05
    },
    {
      "epoch": 7,
      "train_loss": 8.864647988631175,
      "train_acc": 42.52403846153846,
      "val_loss": 0.5786360712612376,
      "val_acc": 39.76945244956772,
      "timestamp": "2025-08-30 09:55:09",
      "train_f1": 35.57127827818833,
      "train_recall": 42.52403846153846,
      "val_f1": 29.52933929569009,
      "val_recall": 39.76945244956772,
      "confusion_matrix": [
        [
          0,
          0,
          50,
          0,
          12
        ],
        [
          0,
          0,
          15,
          0,
          4
        ],
        [
          0,
          0,
          361,
          0,
          59
        ],
        [
          0,
          0,
          133,
          0,
          31
        ],
        [
          0,
          0,
          323,
          0,
          53
        ]
      ],
      "epoch_time": 4.194702386856079,
      "learning_rate": 3e-05
    },
    {
      "epoch": 8,
      "train_loss": 8.686311095035993,
      "train_acc": 42.83653846153846,
      "val_loss": 0.5684756689211902,
      "val_acc": 40.249759846301636,
      "timestamp": "2025-08-30 09:55:14",
      "train_f1": 37.35078348587865,
      "train_recall": 42.83653846153846,
      "val_f1": 31.1667222340742,
      "val_recall": 40.24975984630163,
      "confusion_matrix": [
        [
          0,
          0,
          50,
          0,
          12
        ],
        [
          0,
          0,
          13,
          0,
          6
        ],
        [
          0,
          0,
          348,
          0,
          72
        ],
        [
          0,
          0,
          128,
          0,
          36
        ],
        [
          0,
          0,
          305,
          0,
          71
        ]
      ],
      "epoch_time": 4.3590734004974365,
      "learning_rate": 3e-05
    },
    {
      "epoch": 9,
      "train_loss": 8.629651184723928,
      "train_acc": 42.06730769230769,
      "val_loss": 0.5605718686300165,
      "val_acc": 39.8655139289145,
      "timestamp": "2025-08-30 09:55:18",
      "train_f1": 36.413919720508225,
      "train_recall": 42.06730769230769,
      "val_f1": 29.06296393328094,
      "val_recall": 39.8655139289145,
      "confusion_matrix": [
        [
          0,
          0,
          51,
          0,
          11
        ],
        [
          0,
          0,
          15,
          0,
          4
        ],
        [
          0,
          0,
          368,
          0,
          52
        ],
        [
          0,
          0,
          137,
          0,
          27
        ],
        [
          0,
          0,
          329,
          0,
          47
        ]
      ],
      "epoch_time": 4.24092173576355,
      "learning_rate": 3e-05
    },
    {
      "epoch": 10,
      "train_loss": 8.704141905216071,
      "train_acc": 42.59615384615385,
      "val_loss": 0.5564709147986244,
      "val_acc": 42.74735830931797,
      "timestamp": "2025-08-30 09:55:22",
      "train_f1": 35.866158493687536,
      "train_recall": 42.59615384615385,
      "val_f1": 28.13688116281776,
      "val_recall": 42.74735830931796,
      "confusion_matrix": [
        [
          0,
          0,
          61,
          0,
          1
        ],
        [
          0,
          0,
          17,
          0,
          2
        ],
        [
          0,
          0,
          420,
          0,
          0
        ],
        [
          0,
          0,
          161,
          0,
          3
        ],
        [
          0,
          0,
          351,
          0,
          25
        ]
      ],
      "class_accuracies": {
        "class_0": 0.0,
        "class_1": 0.0,
        "class_2": 100.0,
        "class_3": 0.0,
        "class_4": 6.648936170212766
      },
      "epoch_time": 4.324424743652344,
      "learning_rate": 3e-05
    },
    {
      "epoch": 11,
      "train_loss": 8.651456838387709,
      "train_acc": 44.39903846153846,
      "val_loss": 0.555962506462546,
      "val_acc": 40.345821325648416,
      "timestamp": "2025-08-30 09:55:27",
      "train_f1": 35.73064978886048,
      "train_recall": 44.39903846153846,
      "val_f1": 23.196776121522703,
      "val_recall": 40.345821325648416,
      "confusion_matrix": [
        [
          0,
          0,
          62,
          0,
          0
        ],
        [
          0,
          0,
          19,
          0,
          0
        ],
        [
          0,
          0,
          420,
          0,
          0
        ],
        [
          0,
          0,
          164,
          0,
          0
        ],
        [
          0,
          0,
          376,
          0,
          0
        ]
      ],
      "epoch_time": 4.266118049621582,
      "learning_rate": 3e-05
    },
    {
      "epoch": 12,
      "train_loss": 8.518461296650079,
      "train_acc": 43.14903846153846,
      "val_loss": 0.5572206728598651,
      "val_acc": 40.345821325648416,
      "timestamp": "2025-08-30 09:55:31",
      "train_f1": 33.404693943694824,
      "train_recall": 43.14903846153847,
      "val_f1": 23.196776121522703,
      "val_recall": 40.345821325648416,
      "confusion_matrix": [
        [
          0,
          0,
          62,
          0,
          0
        ],
        [
          0,
          0,
          19,
          0,
          0
        ],
        [
          0,
          0,
          420,
          0,
          0
        ],
        [
          0,
          0,
          164,
          0,
          0
        ],
        [
          0,
          0,
          376,
          0,
          0
        ]
      ],
      "epoch_time": 4.249741792678833,
      "learning_rate": 3e-05
    },
    {
      "epoch": 13,
      "train_loss": 8.445347044101128,
      "train_acc": 43.82211538461539,
      "val_loss": 0.5582412253407871,
      "val_acc": 40.441882804995195,
      "timestamp": "2025-08-30 09:55:36",
      "train_f1": 35.2779008638923,
      "train_recall": 43.82211538461539,
      "val_f1": 23.404277673069217,
      "val_recall": 40.4418828049952,
      "confusion_matrix": [
        [
          0,
          0,
          62,
          0,
          0
        ],
        [
          0,
          0,
          19,
          0,
          0
        ],
        [
          0,
          0,
          420,
          0,
          0
        ],
        [
          0,
          0,
          164,
          0,
          0
        ],
        [
          0,
          0,
          375,
          0,
          1
        ]
      ],
      "epoch_time": 4.192454814910889,
      "learning_rate": 1.5e-05
    },
    {
      "epoch": 14,
      "train_loss": 8.372648798043912,
      "train_acc": 43.19711538461539,
      "val_loss": 0.55831459515235,
      "val_acc": 40.53794428434198,
      "timestamp": "2025-08-30 09:55:40",
      "train_f1": 35.1720515445825,
      "train_recall": 43.19711538461539,
      "val_f1": 23.775379577828488,
      "val_recall": 40.53794428434198,
      "confusion_matrix": [
        [
          0,
          0,
          62,
          0,
          0
        ],
        [
          0,
          0,
          19,
          0,
          0
        ],
        [
          0,
          0,
          419,
          0,
          1
        ],
        [
          0,
          0,
          164,
          0,
          0
        ],
        [
          0,
          0,
          373,
          0,
          3
        ]
      ],
      "epoch_time": 4.028842449188232,
      "learning_rate": 1.5e-05
    },
    {
      "epoch": 15,
      "train_loss": 8.434782394079061,
      "train_acc": 43.48557692307692,
      "val_loss": 0.5566848814487457,
      "val_acc": 40.441882804995195,
      "timestamp": "2025-08-30 09:55:44",
      "train_f1": 35.54702773685248,
      "train_recall": 43.48557692307693,
      "val_f1": 23.896409831022893,
      "val_recall": 40.4418828049952,
      "confusion_matrix": [
        [
          0,
          0,
          62,
          0,
          0
        ],
        [
          0,
          0,
          19,
          0,
          0
        ],
        [
          0,
          0,
          417,
          0,
          3
        ],
        [
          0,
          0,
          164,
          0,
          0
        ],
        [
          0,
          0,
          372,
          0,
          4
        ]
      ],
      "epoch_time": 4.375921249389648,
      "learning_rate": 1.5e-05
    },
    {
      "epoch": 16,
      "train_loss": 8.405318353726313,
      "train_acc": 43.48557692307692,
      "val_loss": 0.5550673253395978,
      "val_acc": 41.306436119116235,
      "timestamp": "2025-08-30 09:55:49",
      "train_f1": 35.57231657394343,
      "train_recall": 43.48557692307693,
      "val_f1": 25.99359002195361,
      "val_recall": 41.306436119116235,
      "confusion_matrix": [
        [
          0,
          0,
          61,
          0,
          1
        ],
        [
          0,
          0,
          19,
          0,
          0
        ],
        [
          0,
          0,
          415,
          0,
          5
        ],
        [
          0,
          0,
          163,
          0,
          1
        ],
        [
          0,
          0,
          361,
          0,
          15
        ]
      ],
      "epoch_time": 4.260956525802612,
      "learning_rate": 1.5e-05
    },
    {
      "epoch": 17,
      "train_loss": 8.4994786129548,
      "train_acc": 42.69230769230769,
      "val_loss": 0.5537558864144718,
      "val_acc": 41.4985590778098,
      "timestamp": "2025-08-30 09:55:53",
      "train_f1": 35.76471597038247,
      "train_recall": 42.69230769230769,
      "val_f1": 27.087919869396753,
      "val_recall": 41.4985590778098,
      "confusion_matrix": [
        [
          0,
          0,
          60,
          0,
          2
        ],
        [
          0,
          0,
          19,
          0,
          0
        ],
        [
          0,
          0,
          410,
          0,
          10
        ],
        [
          0,
          0,
          160,
          0,
          4
        ],
        [
          0,
          0,
          354,
          0,
          22
        ]
      ],
      "epoch_time": 4.343216180801392,
      "learning_rate": 1.5e-05
    },
    {
      "epoch": 18,
      "train_loss": 8.339614304212423,
      "train_acc": 42.83653846153846,
      "val_loss": 0.5536352606380687,
      "val_acc": 40.73006724303554,
      "timestamp": "2025-08-30 09:55:57",
      "train_f1": 35.19310529344866,
      "train_recall": 42.83653846153846,
      "val_f1": 24.6677485572189,
      "val_recall": 40.73006724303554,
      "confusion_matrix": [
        [
          0,
          0,
          62,
          0,
          0
        ],
        [
          0,
          0,
          19,
          0,
          0
        ],
        [
          0,
          0,
          416,
          0,
          4
        ],
        [
          0,
          0,
          163,
          0,
          1
        ],
        [
          0,
          0,
          368,
          0,
          8
        ]
      ],
      "epoch_time": 4.220371246337891,
      "learning_rate": 1.5e-05
    },
    {
      "epoch": 19,
      "train_loss": 8.417678052186966,
      "train_acc": 44.08653846153846,
      "val_loss": 0.5537356436252594,
      "val_acc": 40.63400576368876,
      "timestamp": "2025-08-30 09:56:02",
      "train_f1": 35.017892871770755,
      "train_recall": 44.08653846153846,
      "val_f1": 23.979421936035425,
      "val_recall": 40.63400576368876,
      "confusion_matrix": [
        [
          0,
          0,
          62,
          0,
          0
        ],
        [
          0,
          0,
          19,
          0,
          0
        ],
        [
          0,
          0,
          419,
          0,
          1
        ],
        [
          0,
          0,
          164,
          0,
          0
        ],
        [
          0,
          0,
          372,
          0,
          4
        ]
      ],
      "epoch_time": 4.179008722305298,
      "learning_rate": 1.5e-05
    },
    {
      "epoch": 20,
      "train_loss": 8.381842630643112,
      "train_acc": 43.19711538461539,
      "val_loss": 0.553879530990825,
      "val_acc": 40.53794428434198,
      "timestamp": "2025-08-30 09:56:06",
      "train_f1": 32.93646592841094,
      "train_recall": 43.19711538461539,
      "val_f1": 23.775379577828488,
      "val_recall": 40.53794428434198,
      "confusion_matrix": [
        [
          0,
          0,
          62,
          0,
          0
        ],
        [
          0,
          0,
          19,
          0,
          0
        ],
        [
          0,
          0,
          419,
          0,
          1
        ],
        [
          0,
          0,
          164,
          0,
          0
        ],
        [
          0,
          0,
          373,
          0,
          3
        ]
      ],
      "epoch_time": 4.214098215103149,
      "learning_rate": 1.5e-05
    },
    {
      "epoch": 21,
      "train_loss": 8.498815606649105,
      "train_acc": 44.59134615384615,
      "val_loss": 0.5534433021264917,
      "val_acc": 40.73006724303554,
      "timestamp": "2025-08-30 09:56:10",
      "train_f1": 35.66384245037415,
      "train_recall": 44.59134615384615,
      "val_f1": 24.6677485572189,
      "val_recall": 40.73006724303554,
      "confusion_matrix": [
        [
          0,
          0,
          62,
          0,
          0
        ],
        [
          0,
          0,
          19,
          0,
          0
        ],
        [
          0,
          0,
          416,
          0,
          4
        ],
        [
          0,
          0,
          163,
          0,
          1
        ],
        [
          0,
          0,
          368,
          0,
          8
        ]
      ],
      "epoch_time": 4.192046642303467,
      "learning_rate": 1.5e-05
    },
    {
      "epoch": 22,
      "train_loss": 8.432268644754704,
      "train_acc": 43.77403846153846,
      "val_loss": 0.5535705983638763,
      "val_acc": 40.63400576368876,
      "timestamp": "2025-08-30 09:56:15",
      "train_f1": 35.42070900806716,
      "train_recall": 43.77403846153846,
      "val_f1": 24.469397752078137,
      "val_recall": 40.63400576368876,
      "confusion_matrix": [
        [
          0,
          0,
          62,
          0,
          0
        ],
        [
          0,
          0,
          19,
          0,
          0
        ],
        [
          0,
          0,
          416,
          0,
          4
        ],
        [
          0,
          0,
          163,
          0,
          1
        ],
        [
          0,
          0,
          369,
          0,
          7
        ]
      ],
      "epoch_time": 4.190873622894287,
      "learning_rate": 1.5e-05
    },
    {
      "epoch": 23,
      "train_loss": 8.39564468906476,
      "train_acc": 43.84615384615385,
      "val_loss": 0.553679553901448,
      "val_acc": 40.53794428434198,
      "timestamp": "2025-08-30 09:56:18",
      "train_f1": 34.997047540520036,
      "train_recall": 43.84615384615385,
      "val_f1": 23.937937865379848,
      "val_recall": 40.53794428434198,
      "confusion_matrix": [
        [
          0,
          0,
          62,
          0,
          0
        ],
        [
          0,
          0,
          19,
          0,
          0
        ],
        [
          0,
          0,
          418,
          0,
          2
        ],
        [
          0,
          0,
          164,
          0,
          0
        ],
        [
          0,
          0,
          372,
          0,
          4
        ]
      ],
      "epoch_time": 3.2384724617004395,
      "learning_rate": 1.5e-05
    },
    {
      "epoch": 24,
      "train_loss": 8.420358718358553,
      "train_acc": 44.32692307692308,
      "val_loss": 0.553973806255004,
      "val_acc": 40.53794428434198,
      "timestamp": "2025-08-30 09:56:21",
      "train_f1": 34.17255430269034,
      "train_recall": 44.32692307692307,
      "val_f1": 23.775379577828488,
      "val_recall": 40.53794428434198,
      "confusion_matrix": [
        [
          0,
          0,
          62,
          0,
          0
        ],
        [
          0,
          0,
          19,
          0,
          0
        ],
        [
          0,
          0,
          419,
          0,
          1
        ],
        [
          0,
          0,
          164,
          0,
          0
        ],
        [
          0,
          0,
          373,
          0,
          3
        ]
      ],
      "epoch_time": 3.2084133625030518,
      "learning_rate": 7.5e-06
    },
    {
      "epoch": 25,
      "train_loss": 8.464101746907602,
      "train_acc": 43.82211538461539,
      "val_loss": 0.5537467704099768,
      "val_acc": 40.53794428434198,
      "timestamp": "2025-08-30 09:56:25",
      "train_f1": 34.19427679034025,
      "train_recall": 43.82211538461539,
      "val_f1": 23.937937865379848,
      "val_recall": 40.53794428434198,
      "confusion_matrix": [
        [
          0,
          0,
          62,
          0,
          0
        ],
        [
          0,
          0,
          19,
          0,
          0
        ],
        [
          0,
          0,
          418,
          0,
          2
        ],
        [
          0,
          0,
          164,
          0,
          0
        ],
        [
          0,
          0,
          372,
          0,
          4
        ]
      ],
      "epoch_time": 3.154202461242676,
      "learning_rate": 7.5e-06
    },
    {
      "epoch": 26,
      "train_loss": 8.36329732995767,
      "train_acc": 44.83173076923077,
      "val_loss": 0.5535350126378676,
      "val_acc": 40.53794428434198,
      "timestamp": "2025-08-30 09:56:28",
      "train_f1": 35.77534700723469,
      "train_recall": 44.831730769230774,
      "val_f1": 23.937937865379848,
      "val_recall": 40.53794428434198,
      "confusion_matrix": [
        [
          0,
          0,
          62,
          0,
          0
        ],
        [
          0,
          0,
          19,
          0,
          0
        ],
        [
          0,
          0,
          418,
          0,
          2
        ],
        [
          0,
          0,
          164,
          0,
          0
        ],
        [
          0,
          0,
          372,
          0,
          4
        ]
      ],
      "epoch_time": 3.2691614627838135,
      "learning_rate": 7.5e-06
    },
    {
      "epoch": 27,
      "train_loss": 8.336512256127138,
      "train_acc": 44.51923076923077,
      "val_loss": 0.5534508052994224,
      "val_acc": 40.441882804995195,
      "timestamp": "2025-08-30 09:56:31",
      "train_f1": 35.58639421815502,
      "train_recall": 44.51923076923077,
      "val_f1": 23.896409831022893,
      "val_recall": 40.4418828049952,
      "confusion_matrix": [
        [
          0,
          0,
          62,
          0,
          0
        ],
        [
          0,
          0,
          19,
          0,
          0
        ],
        [
          0,
          0,
          417,
          0,
          3
        ],
        [
          0,
          0,
          164,
          0,
          0
        ],
        [
          0,
          0,
          372,
          0,
          4
        ]
      ],
      "epoch_time": 3.1370279788970947,
      "learning_rate": 7.5e-06
    },
    {
      "epoch": 28,
      "train_loss": 8.477121084470015,
      "train_acc": 43.89423076923077,
      "val_loss": 0.5531824511640212,
      "val_acc": 40.63400576368876,
      "timestamp": "2025-08-30 09:56:35",
      "train_f1": 35.1740863730039,
      "train_recall": 43.89423076923077,
      "val_f1": 24.325776034753662,
      "val_recall": 40.63400576368876,
      "confusion_matrix": [
        [
          0,
          0,
          62,
          0,
          0
        ],
        [
          0,
          0,
          17,
          0,
          2
        ],
        [
          0,
          0,
          417,
          0,
          3
        ],
        [
          0,
          0,
          164,
          0,
          0
        ],
        [
          0,
          0,
          370,
          0,
          6
        ]
      ],
      "epoch_time": 3.373732566833496,
      "learning_rate": 7.5e-06
    },
    {
      "epoch": 29,
      "train_loss": 8.442477019933554,
      "train_acc": 44.78365384615385,
      "val_loss": 0.5531656531726613,
      "val_acc": 40.53794428434198,
      "timestamp": "2025-08-30 09:56:38",
      "train_f1": 35.86246097654956,
      "train_recall": 44.78365384615385,
      "val_f1": 24.125538865458235,
      "val_recall": 40.53794428434198,
      "confusion_matrix": [
        [
          0,
          0,
          62,
          0,
          0
        ],
        [
          0,
          0,
          17,
          0,
          2
        ],
        [
          0,
          0,
          417,
          0,
          3
        ],
        [
          0,
          0,
          164,
          0,
          0
        ],
        [
          0,
          0,
          371,
          0,
          5
        ]
      ],
      "epoch_time": 3.2213971614837646,
      "learning_rate": 7.5e-06
    },
    {
      "epoch": 30,
      "train_loss": 8.430229344276281,
      "train_acc": 45.96153846153846,
      "val_loss": 0.5530132563675151,
      "val_acc": 40.63400576368876,
      "timestamp": "2025-08-30 09:56:41",
      "train_f1": 36.86327252255415,
      "train_recall": 45.96153846153846,
      "val_f1": 24.167571141634543,
      "val_recall": 40.63400576368876,
      "confusion_matrix": [
        [
          0,
          0,
          62,
          0,
          0
        ],
        [
          0,
          0,
          17,
          0,
          2
        ],
        [
          0,
          0,
          418,
          0,
          2
        ],
        [
          0,
          0,
          164,
          0,
          0
        ],
        [
          0,
          0,
          371,
          0,
          5
        ]
      ],
      "epoch_time": 3.111477851867676,
      "learning_rate": 7.5e-06
    },
    {
      "epoch": 31,
      "train_loss": 8.341282610251353,
      "train_acc": 45.43269230769231,
      "val_loss": 0.5531578116557178,
      "val_acc": 40.63400576368876,
      "timestamp": "2025-08-30 09:56:45",
      "train_f1": 35.874441713257504,
      "train_recall": 45.43269230769231,
      "val_f1": 24.167571141634543,
      "val_recall": 40.63400576368876,
      "confusion_matrix": [
        [
          0,
          0,
          62,
          0,
          0
        ],
        [
          0,
          0,
          17,
          0,
          2
        ],
        [
          0,
          0,
          418,
          0,
          2
        ],
        [
          0,
          0,
          164,
          0,
          0
        ],
        [
          0,
          0,
          371,
          0,
          5
        ]
      ],
      "epoch_time": 3.213775634765625,
      "learning_rate": 7.5e-06
    },
    {
      "epoch": 32,
      "train_loss": 8.295343398589354,
      "train_acc": 44.66346153846154,
      "val_loss": 0.5533187880235559,
      "val_acc": 40.63400576368876,
      "timestamp": "2025-08-30 09:56:48",
      "train_f1": 35.02329079813756,
      "train_recall": 44.66346153846154,
      "val_f1": 24.007402461905013,
      "val_recall": 40.63400576368876,
      "confusion_matrix": [
        [
          0,
          0,
          62,
          0,
          0
        ],
        [
          0,
          0,
          17,
          0,
          2
        ],
        [
          0,
          0,
          419,
          0,
          1
        ],
        [
          0,
          0,
          164,
          0,
          0
        ],
        [
          0,
          0,
          372,
          0,
          4
        ]
      ],
      "epoch_time": 3.151360511779785,
      "learning_rate": 7.5e-06
    },
    {
      "epoch": 33,
      "train_loss": 8.422902116867212,
      "train_acc": 44.49519230769231,
      "val_loss": 0.5532604859155767,
      "val_acc": 40.53794428434198,
      "timestamp": "2025-08-30 09:56:51",
      "train_f1": 34.660963015093884,
      "train_recall": 44.49519230769231,
      "val_f1": 23.804290718424447,
      "val_recall": 40.53794428434198,
      "confusion_matrix": [
        [
          0,
          0,
          62,
          0,
          0
        ],
        [
          0,
          0,
          17,
          0,
          2
        ],
        [
          0,
          0,
          419,
          0,
          1
        ],
        [
          0,
          0,
          164,
          0,
          0
        ],
        [
          0,
          0,
          373,
          0,
          3
        ]
      ],
      "epoch_time": 3.093482494354248,
      "learning_rate": 7.5e-06
    },
    {
      "epoch": 34,
      "train_loss": 8.447922760706682,
      "train_acc": 45.36057692307692,
      "val_loss": 0.5530459968482747,
      "val_acc": 40.63400576368876,
      "timestamp": "2025-08-30 09:56:54",
      "train_f1": 35.33439928906571,
      "train_recall": 45.36057692307692,
      "val_f1": 24.007402461905013,
      "val_recall": 40.63400576368876,
      "confusion_matrix": [
        [
          0,
          0,
          62,
          0,
          0
        ],
        [
          0,
          0,
          17,
          0,
          2
        ],
        [
          0,
          0,
          419,
          0,
          1
        ],
        [
          0,
          0,
          164,
          0,
          0
        ],
        [
          0,
          0,
          372,
          0,
          4
        ]
      ],
      "epoch_time": 3.148695468902588,
      "learning_rate": 7.5e-06
    },
    {
      "epoch": 35,
      "train_loss": 8.554541764809535,
      "train_acc": 44.75961538461539,
      "val_loss": 0.5527454456862282,
      "val_acc": 41.11431316042267,
      "timestamp": "2025-08-30 09:56:58",
      "train_f1": 35.31512225563808,
      "train_recall": 44.75961538461539,
      "val_f1": 25.161942141721433,
      "val_recall": 41.114313160422675,
      "confusion_matrix": [
        [
          0,
          0,
          62,
          0,
          0
        ],
        [
          0,
          0,
          17,
          0,
          2
        ],
        [
          0,
          0,
          418,
          0,
          2
        ],
        [
          0,
          0,
          164,
          0,
          0
        ],
        [
          0,
          0,
          366,
          0,
          10
        ]
      ],
      "epoch_time": 3.267674207687378,
      "learning_rate": 3.75e-06
    },
    {
      "epoch": 36,
      "train_loss": 8.420546173132383,
      "train_acc": 45.50480769230769,
      "val_loss": 0.5526867000495687,
      "val_acc": 41.97886647454371,
      "timestamp": "2025-08-30 09:57:01",
      "train_f1": 36.27244489947688,
      "train_recall": 45.50480769230769,
      "val_f1": 26.895483723531004,
      "val_recall": 41.97886647454371,
      "confusion_matrix": [
        [
          0,
          0,
          62,
          0,
          0
        ],
        [
          0,
          0,
          17,
          0,
          2
        ],
        [
          0,
          0,
          418,
          0,
          2
        ],
        [
          0,
          0,
          164,
          0,
          0
        ],
        [
          0,
          0,
          357,
          0,
          19
        ]
      ],
      "epoch_time": 3.126631736755371,
      "learning_rate": 3.75e-06
    },
    {
      "epoch": 37,
      "train_loss": 8.338242393273573,
      "train_acc": 45.43269230769231,
      "val_loss": 0.5527660198071424,
      "val_acc": 42.45917387127762,
      "timestamp": "2025-08-30 09:57:04",
      "train_f1": 36.13665169908481,
      "train_recall": 45.43269230769231,
      "val_f1": 27.82878881954371,
      "val_recall": 42.45917387127761,
      "confusion_matrix": [
        [
          0,
          0,
          62,
          0,
          0
        ],
        [
          0,
          0,
          17,
          0,
          2
        ],
        [
          0,
          0,
          418,
          0,
          2
        ],
        [
          0,
          0,
          164,
          0,
          0
        ],
        [
          0,
          0,
          352,
          0,
          24
        ]
      ],
      "epoch_time": 3.1929500102996826,
      "learning_rate": 3.75e-06
    },
    {
      "epoch": 38,
      "train_loss": 8.353679557488515,
      "train_acc": 45.40865384615385,
      "val_loss": 0.5529125893817228,
      "val_acc": 42.170989433237274,
      "timestamp": "2025-08-30 09:57:07",
      "train_f1": 36.15087207066258,
      "train_recall": 45.40865384615385,
      "val_f1": 27.27128539419835,
      "val_recall": 42.170989433237274,
      "confusion_matrix": [
        [
          0,
          0,
          62,
          0,
          0
        ],
        [
          0,
          0,
          17,
          0,
          2
        ],
        [
          0,
          0,
          418,
          0,
          2
        ],
        [
          0,
          0,
          164,
          0,
          0
        ],
        [
          0,
          0,
          355,
          0,
          21
        ]
      ],
      "epoch_time": 3.157379627227783,
      "learning_rate": 3.75e-06
    },
    {
      "epoch": 39,
      "train_loss": 8.395605362378634,
      "train_acc": 45.79326923076923,
      "val_loss": 0.5529615353135502,
      "val_acc": 42.07492795389049,
      "timestamp": "2025-08-30 09:57:11",
      "train_f1": 36.56398624336803,
      "train_recall": 45.793269230769226,
      "val_f1": 27.083802109341633,
      "val_recall": 42.07492795389049,
      "confusion_matrix": [
        [
          0,
          0,
          62,
          0,
          0
        ],
        [
          0,
          0,
          17,
          0,
          2
        ],
        [
          0,
          0,
          418,
          0,
          2
        ],
        [
          0,
          0,
          164,
          0,
          0
        ],
        [
          0,
          0,
          356,
          0,
          20
        ]
      ],
      "epoch_time": 3.228156089782715,
      "learning_rate": 3.75e-06
    },
    {
      "epoch": 40,
      "train_loss": 8.392486438384424,
      "train_acc": 45.12019230769231,
      "val_loss": 0.5529670049162472,
      "val_acc": 41.97886647454371,
      "timestamp": "2025-08-30 09:57:14",
      "train_f1": 35.59204628602106,
      "train_recall": 45.12019230769231,
      "val_f1": 26.895483723531004,
      "val_recall": 41.97886647454371,
      "confusion_matrix": [
        [
          0,
          0,
          62,
          0,
          0
        ],
        [
          0,
          0,
          17,
          0,
          2
        ],
        [
          0,
          0,
          418,
          0,
          2
        ],
        [
          0,
          0,
          164,
          0,
          0
        ],
        [
          0,
          0,
          357,
          0,
          19
        ]
      ],
      "epoch_time": 3.1585397720336914,
      "learning_rate": 3.75e-06
    },
    {
      "epoch": 41,
      "train_loss": 8.380820878193928,
      "train_acc": 45.26442307692308,
      "val_loss": 0.5528904830708223,
      "val_acc": 41.306436119116235,
      "timestamp": "2025-08-30 09:57:17",
      "train_f1": 35.705755206954784,
      "train_recall": 45.26442307692308,
      "val_f1": 25.55331676661171,
      "val_recall": 41.306436119116235,
      "confusion_matrix": [
        [
          0,
          0,
          62,
          0,
          0
        ],
        [
          0,
          0,
          17,
          0,
          2
        ],
        [
          0,
          0,
          418,
          0,
          2
        ],
        [
          0,
          0,
          164,
          0,
          0
        ],
        [
          0,
          0,
          364,
          0,
          12
        ]
      ],
      "epoch_time": 3.156252145767212,
      "learning_rate": 3.75e-06
    },
    {
      "epoch": 42,
      "train_loss": 8.580026668310165,
      "train_acc": 45.16826923076923,
      "val_loss": 0.552701448692995,
      "val_acc": 41.402497598463015,
      "timestamp": "2025-08-30 09:57:21",
      "train_f1": 35.81275942986587,
      "train_recall": 45.16826923076923,
      "val_f1": 25.747666935926976,
      "val_recall": 41.402497598463015,
      "confusion_matrix": [
        [
          0,
          0,
          62,
          0,
          0
        ],
        [
          0,
          0,
          17,
          0,
          2
        ],
        [
          0,
          0,
          418,
          0,
          2
        ],
        [
          0,
          0,
          164,
          0,
          0
        ],
        [
          0,
          0,
          363,
          0,
          13
        ]
      ],
      "epoch_time": 3.128098487854004,
      "learning_rate": 3.75e-06
    },
    {
      "epoch": 43,
      "train_loss": 8.486829885611167,
      "train_acc": 45.26442307692308,
      "val_loss": 0.5526548063053804,
      "val_acc": 41.01825168107589,
      "timestamp": "2025-08-30 09:57:24",
      "train_f1": 35.70673285574553,
      "train_recall": 45.26442307692308,
      "val_f1": 24.96490349940936,
      "val_recall": 41.01825168107589,
      "confusion_matrix": [
        [
          0,
          0,
          62,
          0,
          0
        ],
        [
          0,
          0,
          17,
          0,
          2
        ],
        [
          0,
          0,
          418,
          0,
          2
        ],
        [
          0,
          0,
          164,
          0,
          0
        ],
        [
          0,
          0,
          367,
          0,
          9
        ]
      ],
      "epoch_time": 3.1153969764709473,
      "learning_rate": 3.75e-06
    },
    {
      "epoch": 44,
      "train_loss": 8.517186374389208,
      "train_acc": 44.18269230769231,
      "val_loss": 0.5526186893968021,
      "val_acc": 41.4985590778098,
      "timestamp": "2025-08-30 09:57:27",
      "train_f1": 34.86174951491955,
      "train_recall": 44.18269230769231,
      "val_f1": 25.941135015287646,
      "val_recall": 41.4985590778098,
      "confusion_matrix": [
        [
          0,
          0,
          62,
          0,
          0
        ],
        [
          0,
          0,
          17,
          0,
          2
        ],
        [
          0,
          0,
          418,
          0,
          2
        ],
        [
          0,
          0,
          164,
          0,
          0
        ],
        [
          0,
          0,
          362,
          0,
          14
        ]
      ],
      "epoch_time": 3.233064651489258,
      "learning_rate": 3.75e-06
    },
    {
      "epoch": 45,
      "train_loss": 8.4489276941006,
      "train_acc": 45.50480769230769,
      "val_loss": 0.5525587744572583,
      "val_acc": 41.97886647454371,
      "timestamp": "2025-08-30 09:57:31",
      "train_f1": 36.45020653735632,
      "train_recall": 45.50480769230769,
      "val_f1": 26.895483723531004,
      "val_recall": 41.97886647454371,
      "confusion_matrix": [
        [
          0,
          0,
          62,
          0,
          0
        ],
        [
          0,
          0,
          17,
          0,
          2
        ],
        [
          0,
          0,
          418,
          0,
          2
        ],
        [
          0,
          0,
          164,
          0,
          0
        ],
        [
          0,
          0,
          357,
          0,
          19
        ]
      ],
      "epoch_time": 3.612056016921997,
      "learning_rate": 3.75e-06
    },
    {
      "epoch": 46,
      "train_loss": 8.482054772743812,
      "train_acc": 45.45673076923077,
      "val_loss": 0.5525248050689697,
      "val_acc": 42.170989433237274,
      "timestamp": "2025-08-30 09:57:35",
      "train_f1": 36.359544675870104,
      "train_recall": 45.45673076923077,
      "val_f1": 27.27128539419835,
      "val_recall": 42.170989433237274,
      "confusion_matrix": [
        [
          0,
          0,
          62,
          0,
          0
        ],
        [
          0,
          0,
          17,
          0,
          2
        ],
        [
          0,
          0,
          418,
          0,
          2
        ],
        [
          0,
          0,
          164,
          0,
          0
        ],
        [
          0,
          0,
          355,
          0,
          21
        ]
      ],
      "epoch_time": 3.658846378326416,
      "learning_rate": 1.875e-06
    },
    {
      "epoch": 47,
      "train_loss": 8.521688540623739,
      "train_acc": 44.25480769230769,
      "val_loss": 0.5525361264453215,
      "val_acc": 41.97886647454371,
      "timestamp": "2025-08-30 09:57:39",
      "train_f1": 34.83121016131765,
      "train_recall": 44.25480769230769,
      "val_f1": 26.895483723531004,
      "val_recall": 41.97886647454371,
      "confusion_matrix": [
        [
          0,
          0,
          62,
          0,
          0
        ],
        [
          0,
          0,
          17,
          0,
          2
        ],
        [
          0,
          0,
          418,
          0,
          2
        ],
        [
          0,
          0,
          164,
          0,
          0
        ],
        [
          0,
          0,
          357,
          0,
          19
        ]
      ],
      "epoch_time": 3.6686015129089355,
      "learning_rate": 1.875e-06
    },
    {
      "epoch": 48,
      "train_loss": 8.436165650991294,
      "train_acc": 45.16826923076923,
      "val_loss": 0.5525035332230961,
      "val_acc": 41.97886647454371,
      "timestamp": "2025-08-30 09:57:42",
      "train_f1": 35.91851114134922,
      "train_recall": 45.16826923076923,
      "val_f1": 26.895483723531004,
      "val_recall": 41.97886647454371,
      "confusion_matrix": [
        [
          0,
          0,
          62,
          0,
          0
        ],
        [
          0,
          0,
          17,
          0,
          2
        ],
        [
          0,
          0,
          418,
          0,
          2
        ],
        [
          0,
          0,
          164,
          0,
          0
        ],
        [
          0,
          0,
          357,
          0,
          19
        ]
      ],
      "epoch_time": 3.6505346298217773,
      "learning_rate": 1.875e-06
    },
    {
      "epoch": 49,
      "train_loss": 8.437046105128069,
      "train_acc": 45.72115384615385,
      "val_loss": 0.5524316798238194,
      "val_acc": 42.170989433237274,
      "timestamp": "2025-08-30 09:57:46",
      "train_f1": 36.371293501356874,
      "train_recall": 45.72115384615385,
      "val_f1": 27.27128539419835,
      "val_recall": 42.170989433237274,
      "confusion_matrix": [
        [
          0,
          0,
          62,
          0,
          0
        ],
        [
          0,
          0,
          17,
          0,
          2
        ],
        [
          0,
          0,
          418,
          0,
          2
        ],
        [
          0,
          0,
          164,
          0,
          0
        ],
        [
          0,
          0,
          355,
          0,
          21
        ]
      ],
      "epoch_time": 3.554008960723877,
      "learning_rate": 1.875e-06
    },
    {
      "epoch": 50,
      "train_loss": 8.56710672057592,
      "train_acc": 45.26442307692308,
      "val_loss": 0.5524275215233073,
      "val_acc": 42.363112391930834,
      "timestamp": "2025-08-30 09:57:50",
      "train_f1": 35.85185163018144,
      "train_recall": 45.26442307692308,
      "val_f1": 27.643772394743156,
      "val_recall": 42.363112391930834,
      "confusion_matrix": [
        [
          0,
          0,
          62,
          0,
          0
        ],
        [
          0,
          0,
          17,
          0,
          2
        ],
        [
          0,
          0,
          418,
          0,
          2
        ],
        [
          0,
          0,
          164,
          0,
          0
        ],
        [
          0,
          0,
          353,
          0,
          23
        ]
      ],
      "epoch_time": 3.645141363143921,
      "learning_rate": 1.875e-06
    }
  ]
}