{
  "dataset": "LINEAR",
  "model_type": "langevin",
  "sde_config": 1,
  "start_time": "20250830_095437",
  "date": "20250830",
  "epochs": [
    {
      "epoch": 1,
      "train_loss": 15.546169332357554,
      "train_acc": 35.28846153846154,
      "val_loss": 0.935866117477417,
      "val_acc": 36.40730067243035,
      "timestamp": "2025-08-30 09:56:30",
      "train_f1": 29.33316824490123,
      "train_recall": 35.28846153846154,
      "val_f1": 19.781316095748572,
      "val_recall": 36.40730067243035,
      "confusion_matrix": [
        [
          0,
          0,
          0,
          0,
          62
        ],
        [
          0,
          0,
          0,
          0,
          19
        ],
        [
          0,
          0,
          3,
          0,
          417
        ],
        [
          0,
          0,
          0,
          0,
          164
        ],
        [
          0,
          0,
          0,
          0,
          376
        ]
      ],
      "class_accuracies": {
        "class_0": 0.0,
        "class_1": 0.0,
        "class_2": 0.7142857142857143,
        "class_3": 0.0,
        "class_4": 100.0
      },
      "epoch_time": 112.28433465957642,
      "learning_rate": 3e-05
    },
    {
      "epoch": 2,
      "train_loss": 15.09306703897623,
      "train_acc": 39.11057692307692,
      "val_loss": 0.9222272389075336,
      "val_acc": 40.345821325648416,
      "timestamp": "2025-08-30 10:02:44",
      "train_f1": 35.52741219877159,
      "train_recall": 39.11057692307692,
      "val_f1": 23.196776121522703,
      "val_recall": 40.345821325648416,
      "confusion_matrix": [
        [
          0,
          0,
          62,
          0,
          0
        ],
        [
          0,
          0,
          19,
          0,
          0
        ],
        [
          0,
          0,
          420,
          0,
          0
        ],
        [
          0,
          0,
          164,
          0,
          0
        ],
        [
          0,
          0,
          376,
          0,
          0
        ]
      ],
      "class_accuracies": {
        "class_0": 0.0,
        "class_1": 0.0,
        "class_2": 100.0,
        "class_3": 0.0,
        "class_4": 0.0
      },
      "epoch_time": 373.87630701065063,
      "learning_rate": 3e-05
    },
    {
      "epoch": 3,
      "train_loss": 14.886663279166589,
      "train_acc": 41.15384615384615,
      "val_loss": 0.9134923394988564,
      "val_acc": 40.345821325648416,
      "timestamp": "2025-08-30 10:04:30",
      "train_f1": 34.87457156525801,
      "train_recall": 41.15384615384615,
      "val_f1": 23.196776121522703,
      "val_recall": 40.345821325648416,
      "confusion_matrix": [
        [
          0,
          0,
          62,
          0,
          0
        ],
        [
          0,
          0,
          19,
          0,
          0
        ],
        [
          0,
          0,
          420,
          0,
          0
        ],
        [
          0,
          0,
          164,
          0,
          0
        ],
        [
          0,
          0,
          376,
          0,
          0
        ]
      ],
      "epoch_time": 106.11532926559448,
      "learning_rate": 3e-05
    }
  ]
}