{
  "dataset": "MACHO",
  "model_type": "geometric",
  "sde_config": 1,
  "start_time": "20250829_114605",
  "date": "20250829",
  "epochs": [
    {
      "epoch": 1,
      "train_loss": 4.24620314873755,
      "train_acc": 63.59375,
      "val_loss": 0.9485708475112915,
      "val_acc": 59.316770186335404,
      "timestamp": "2025-08-29 11:50:32",
      "train_f1": 40.610637002667374,
      "train_recall": 40.80783924119072,
      "val_f1": 53.66504233612371,
      "val_recall": 59.3167701863354,
      "confusion_matrix": [
        [
          0,
          0,
          0,
          0,
          24,
          0,
          0
        ],
        [
          0,
          2,
          20,
          0,
          0,
          0,
          0
        ],
        [
          0,
          3,
          26,
          0,
          8,
          0,
          18
        ],
        [
          0,
          8,
          0,
          6,
          6,
          0,
          0
        ],
        [
          0,
          0,
          2,
          0,
          48,
          0,
          32
        ],
        [
          0,
          0,
          0,
          0,
          8,
          0,
          1
        ],
        [
          0,
          0,
          0,
          0,
          1,
          0,
          109
        ]
      ],
      "class_accuracies": {
        "class_0": 0.0,
        "class_1": 9.090909090909092,
        "class_2": 47.27272727272727,
        "class_3": 30.0,
        "class_4": 58.536585365853654,
        "class_5": 0.0,
        "class_6": 99.0909090909091
      },
      "epoch_time": 267.39699125289917,
      "learning_rate": 3e-05
    },
    {
      "epoch": 2,
      "train_loss": 4.241166226565838,
      "train_acc": 63.203125,
      "val_loss": 0.9480274783240424,
      "val_acc": 60.559006211180126,
      "timestamp": "2025-08-29 11:56:09",
      "train_f1": 41.72007755376558,
      "train_recall": 41.06851149022799,
      "val_f1": 55.40955325796253,
      "val_recall": 60.55900621118012,
      "confusion_matrix": [
        [
          0,
          0,
          0,
          0,
          24,
          0,
          0
        ],
        [
          0,
          10,
          12,
          0,
          0,
          0,
          0
        ],
        [
          0,
          5,
          20,
          2,
          10,
          0,
          18
        ],
        [
          0,
          6,
          0,
          8,
          6,
          0,
          0
        ],
        [
          0,
          1,
          0,
          0,
          48,
          0,
          33
        ],
        [
          0,
          0,
          0,
          0,
          8,
          0,
          1
        ],
        [
          0,
          0,
          0,
          0,
          1,
          0,
          109
        ]
      ],
      "class_accuracies": {
        "class_0": 0.0,
        "class_1": 45.45454545454545,
        "class_2": 36.36363636363637,
        "class_3": 40.0,
        "class_4": 58.536585365853654,
        "class_5": 0.0,
        "class_6": 99.0909090909091
      },
      "epoch_time": 335.63349771499634,
      "learning_rate": 3e-05
    },
    {
      "epoch": 3,
      "train_loss": 4.210379898548126,
      "train_acc": 63.59375,
      "val_loss": 0.9409549434979757,
      "val_acc": 61.49068322981366,
      "timestamp": "2025-08-29 12:00:05",
      "train_f1": 42.422865932014545,
      "train_recall": 41.55352235604076,
      "val_f1": 56.512664773883294,
      "val_recall": 61.49068322981367,
      "confusion_matrix": [
        [
          0,
          0,
          0,
          0,
          24,
          0,
          0
        ],
        [
          0,
          10,
          12,
          0,
          0,
          0,
          0
        ],
        [
          0,
          5,
          21,
          2,
          9,
          0,
          18
        ],
        [
          0,
          4,
          0,
          10,
          6,
          0,
          0
        ],
        [
          0,
          1,
          1,
          0,
          48,
          0,
          32
        ],
        [
          0,
          0,
          0,
          0,
          8,
          0,
          1
        ],
        [
          0,
          0,
          0,
          0,
          1,
          0,
          109
        ]
      ],
      "class_accuracies": {
        "class_0": 0.0,
        "class_1": 45.45454545454545,
        "class_2": 38.18181818181819,
        "class_3": 50.0,
        "class_4": 58.536585365853654,
        "class_5": 0.0,
        "class_6": 99.0909090909091
      },
      "epoch_time": 235.81618785858154,
      "learning_rate": 3e-05
    },
    {
      "epoch": 4,
      "train_loss": 4.164736017584801,
      "train_acc": 63.90625,
      "val_loss": 0.9305539925893148,
      "val_acc": 61.49068322981366,
      "timestamp": "2025-08-29 12:04:36",
      "train_f1": 44.62557285908507,
      "train_recall": 44.02655442385535,
      "val_f1": 56.45380224803465,
      "val_recall": 61.49068322981367,
      "confusion_matrix": [
        [
          0,
          0,
          0,
          0,
          24,
          0,
          0
        ],
        [
          0,
          11,
          11,
          0,
          0,
          0,
          0
        ],
        [
          0,
          8,
          19,
          2,
          10,
          0,
          16
        ],
        [
          0,
          4,
          0,
          10,
          6,
          0,
          0
        ],
        [
          0,
          1,
          1,
          0,
          49,
          0,
          31
        ],
        [
          0,
          0,
          0,
          0,
          8,
          0,
          1
        ],
        [
          0,
          0,
          0,
          0,
          1,
          0,
          109
        ]
      ],
      "epoch_time": 269.9190709590912,
      "learning_rate": 3e-05
    },
    {
      "epoch": 5,
      "train_loss": 4.1486513409763575,
      "train_acc": 63.59375,
      "val_loss": 0.9245157506730821,
      "val_acc": 62.11180124223603,
      "timestamp": "2025-08-29 12:07:25",
      "train_f1": 42.85163582136461,
      "train_recall": 41.91874063222157,
      "val_f1": 57.35155363471968,
      "val_recall": 62.11180124223602,
      "confusion_matrix": [
        [
          0,
          0,
          0,
          0,
          24,
          0,
          0
        ],
        [
          0,
          10,
          12,
          0,
          0,
          0,
          0
        ],
        [
          0,
          6,
          21,
          2,
          12,
          0,
          14
        ],
        [
          0,
          3,
          0,
          11,
          6,
          0,
          0
        ],
        [
          0,
          1,
          1,
          0,
          50,
          0,
          30
        ],
        [
          0,
          0,
          0,
          0,
          8,
          0,
          1
        ],
        [
          0,
          0,
          0,
          0,
          2,
          0,
          108
        ]
      ],
      "class_accuracies": {
        "class_0": 0.0,
        "class_1": 45.45454545454545,
        "class_2": 38.18181818181819,
        "class_3": 55.00000000000001,
        "class_4": 60.97560975609756,
        "class_5": 0.0,
        "class_6": 98.18181818181819
      },
      "epoch_time": 168.02134466171265,
      "learning_rate": 3e-05
    },
    {
      "epoch": 6,
      "train_loss": 4.126111933961511,
      "train_acc": 64.375,
      "val_loss": 0.9232432047526041,
      "val_acc": 63.66459627329193,
      "timestamp": "2025-08-29 12:10:32",
      "train_f1": 44.30750266584159,
      "train_recall": 43.548269933050186,
      "val_f1": 59.01009136095448,
      "val_recall": 63.66459627329193,
      "confusion_matrix": [
        [
          0,
          0,
          0,
          0,
          24,
          0,
          0
        ],
        [
          0,
          9,
          13,
          0,
          0,
          0,
          0
        ],
        [
          0,
          5,
          24,
          2,
          11,
          0,
          13
        ],
        [
          0,
          2,
          1,
          11,
          6,
          0,
          0
        ],
        [
          0,
          0,
          2,
          0,
          53,
          0,
          27
        ],
        [
          0,
          0,
          0,
          0,
          8,
          0,
          1
        ],
        [
          0,
          0,
          0,
          0,
          2,
          0,
          108
        ]
      ],
      "class_accuracies": {
        "class_0": 0.0,
        "class_1": 40.909090909090914,
        "class_2": 43.63636363636363,
        "class_3": 55.00000000000001,
        "class_4": 64.63414634146342,
        "class_5": 0.0,
        "class_6": 98.18181818181819
      },
      "epoch_time": 186.60497760772705,
      "learning_rate": 3e-05
    },
    {
      "epoch": 7,
      "train_loss": 4.080035952851176,
      "train_acc": 65.078125,
      "val_loss": 0.9212292167875502,
      "val_acc": 62.11180124223603,
      "timestamp": "2025-08-29 12:14:44",
      "train_f1": 44.546688842551816,
      "train_recall": 43.69718060903144,
      "val_f1": 57.118190692111234,
      "val_recall": 62.11180124223602,
      "confusion_matrix": [
        [
          0,
          0,
          0,
          0,
          24,
          0,
          0
        ],
        [
          0,
          8,
          14,
          0,
          0,
          0,
          0
        ],
        [
          0,
          5,
          20,
          2,
          11,
          0,
          17
        ],
        [
          0,
          0,
          0,
          14,
          6,
          0,
          0
        ],
        [
          0,
          0,
          2,
          0,
          50,
          0,
          30
        ],
        [
          0,
          0,
          0,
          0,
          8,
          0,
          1
        ],
        [
          0,
          0,
          0,
          0,
          2,
          0,
          108
        ]
      ],
      "epoch_time": 252.03073167800903,
      "learning_rate": 3e-05
    },
    {
      "epoch": 8,
      "train_loss": 4.107747076079249,
      "train_acc": 65.15625,
      "val_loss": 0.9174190229839749,
      "val_acc": 63.35403726708075,
      "timestamp": "2025-08-29 12:18:14",
      "train_f1": 45.78020894210566,
      "train_recall": 44.61982642429175,
      "val_f1": 58.641523663275976,
      "val_recall": 63.35403726708074,
      "confusion_matrix": [
        [
          0,
          0,
          0,
          0,
          24,
          0,
          0
        ],
        [
          0,
          8,
          14,
          0,
          0,
          0,
          0
        ],
        [
          0,
          4,
          24,
          2,
          12,
          0,
          13
        ],
        [
          0,
          1,
          2,
          11,
          6,
          0,
          0
        ],
        [
          0,
          0,
          2,
          0,
          53,
          0,
          27
        ],
        [
          0,
          0,
          0,
          0,
          8,
          0,
          1
        ],
        [
          0,
          0,
          0,
          0,
          2,
          0,
          108
        ]
      ],
      "epoch_time": 209.0811414718628,
      "learning_rate": 3e-05
    },
    {
      "epoch": 9,
      "train_loss": 4.084482664242387,
      "train_acc": 65.78125,
      "val_loss": 0.912319540977478,
      "val_acc": 63.66459627329193,
      "timestamp": "2025-08-29 12:24:21",
      "train_f1": 46.47560220800505,
      "train_recall": 45.72511638140535,
      "val_f1": 58.743945070229245,
      "val_recall": 63.66459627329193,
      "confusion_matrix": [
        [
          0,
          0,
          0,
          0,
          24,
          0,
          0
        ],
        [
          0,
          13,
          9,
          0,
          0,
          0,
          0
        ],
        [
          0,
          7,
          19,
          2,
          11,
          0,
          16
        ],
        [
          0,
          0,
          0,
          14,
          6,
          0,
          0
        ],
        [
          0,
          1,
          0,
          0,
          51,
          0,
          30
        ],
        [
          0,
          0,
          0,
          0,
          8,
          0,
          1
        ],
        [
          0,
          0,
          0,
          0,
          2,
          0,
          108
        ]
      ],
      "epoch_time": 366.5989592075348,
      "learning_rate": 3e-05
    },
    {
      "epoch": 10,
      "train_loss": 4.059644393622875,
      "train_acc": 65.078125,
      "val_loss": 0.9115371637874179,
      "val_acc": 64.28571428571429,
      "timestamp": "2025-08-29 12:29:19",
      "train_f1": 45.634632306418396,
      "train_recall": 45.01010358266032,
      "val_f1": 59.412767844789684,
      "val_recall": 64.28571428571429,
      "confusion_matrix": [
        [
          0,
          0,
          0,
          0,
          24,
          0,
          0
        ],
        [
          0,
          14,
          8,
          0,
          0,
          0,
          0
        ],
        [
          0,
          8,
          19,
          2,
          12,
          0,
          14
        ],
        [
          0,
          0,
          0,
          14,
          6,
          0,
          0
        ],
        [
          0,
          1,
          1,
          0,
          52,
          0,
          28
        ],
        [
          0,
          0,
          0,
          0,
          8,
          0,
          1
        ],
        [
          0,
          0,
          0,
          0,
          2,
          0,
          108
        ]
      ],
      "class_accuracies": {
        "class_0": 0.0,
        "class_1": 63.63636363636363,
        "class_2": 34.54545454545455,
        "class_3": 70.0,
        "class_4": 63.41463414634146,
        "class_5": 0.0,
        "class_6": 98.18181818181819
      },
      "epoch_time": 297.1799991130829,
      "learning_rate": 3e-05
    },
    {
      "epoch": 11,
      "train_loss": 4.02380053140223,
      "train_acc": 65.703125,
      "val_loss": 0.9098369479179382,
      "val_acc": 62.732919254658384,
      "timestamp": "2025-08-29 12:32:12",
      "train_f1": 46.3357173855919,
      "train_recall": 46.38318471007214,
      "val_f1": 57.192325892762675,
      "val_recall": 62.732919254658384,
      "confusion_matrix": [
        [
          0,
          0,
          0,
          0,
          24,
          0,
          0
        ],
        [
          0,
          15,
          7,
          0,
          0,
          0,
          0
        ],
        [
          0,
          11,
          14,
          2,
          12,
          0,
          16
        ],
        [
          0,
          0,
          0,
          14,
          6,
          0,
          0
        ],
        [
          0,
          1,
          0,
          0,
          51,
          0,
          30
        ],
        [
          0,
          0,
          0,
          0,
          8,
          0,
          1
        ],
        [
          0,
          0,
          0,
          0,
          2,
          0,
          108
        ]
      ],
      "epoch_time": 172.8348548412323,
      "learning_rate": 3e-05
    },
    {
      "epoch": 12,
      "train_loss": 4.012479268014431,
      "train_acc": 65.625,
      "val_loss": 0.9077921642197503,
      "val_acc": 63.66459627329193,
      "timestamp": "2025-08-29 12:36:09",
      "train_f1": 46.62894820908163,
      "train_recall": 46.46341991218294,
      "val_f1": 58.40118182692515,
      "val_recall": 63.66459627329193,
      "confusion_matrix": [
        [
          0,
          0,
          0,
          0,
          24,
          0,
          0
        ],
        [
          0,
          16,
          6,
          0,
          0,
          0,
          0
        ],
        [
          0,
          11,
          15,
          2,
          14,
          0,
          13
        ],
        [
          0,
          0,
          0,
          14,
          6,
          0,
          0
        ],
        [
          0,
          1,
          1,
          0,
          53,
          0,
          27
        ],
        [
          0,
          0,
          0,
          0,
          8,
          0,
          1
        ],
        [
          0,
          0,
          0,
          0,
          3,
          0,
          107
        ]
      ],
      "epoch_time": 236.0553171634674,
      "learning_rate": 1.5e-05
    },
    {
      "epoch": 13,
      "train_loss": 4.004437163472176,
      "train_acc": 65.859375,
      "val_loss": 0.9045860171318054,
      "val_acc": 63.975155279503106,
      "timestamp": "2025-08-29 12:38:33",
      "train_f1": 46.382088038852416,
      "train_recall": 47.03361450742018,
      "val_f1": 58.69067649618596,
      "val_recall": 63.975155279503106,
      "confusion_matrix": [
        [
          0,
          0,
          0,
          0,
          24,
          0,
          0
        ],
        [
          0,
          16,
          6,
          0,
          0,
          0,
          0
        ],
        [
          0,
          11,
          16,
          2,
          11,
          0,
          15
        ],
        [
          0,
          0,
          0,
          14,
          6,
          0,
          0
        ],
        [
          0,
          1,
          1,
          0,
          52,
          0,
          28
        ],
        [
          0,
          0,
          0,
          0,
          8,
          0,
          1
        ],
        [
          0,
          0,
          0,
          0,
          2,
          0,
          108
        ]
      ],
      "epoch_time": 143.6399848461151,
      "learning_rate": 1.5e-05
    },
    {
      "epoch": 14,
      "train_loss": 4.000962248072028,
      "train_acc": 66.171875,
      "val_loss": 0.9035390085644193,
      "val_acc": 63.35403726708075,
      "timestamp": "2025-08-29 12:41:13",
      "train_f1": 47.19678617850816,
      "train_recall": 48.092945260750575,
      "val_f1": 57.769674302633625,
      "val_recall": 63.35403726708074,
      "confusion_matrix": [
        [
          0,
          0,
          0,
          0,
          24,
          0,
          0
        ],
        [
          0,
          16,
          6,
          0,
          0,
          0,
          0
        ],
        [
          0,
          11,
          14,
          2,
          12,
          0,
          16
        ],
        [
          0,
          0,
          0,
          14,
          6,
          0,
          0
        ],
        [
          0,
          1,
          0,
          0,
          52,
          0,
          29
        ],
        [
          0,
          0,
          0,
          0,
          8,
          0,
          1
        ],
        [
          0,
          0,
          0,
          0,
          2,
          0,
          108
        ]
      ],
      "epoch_time": 160.23961210250854,
      "learning_rate": 1.5e-05
    },
    {
      "epoch": 15,
      "train_loss": 4.024013474583626,
      "train_acc": 66.25,
      "val_loss": 0.903536061445872,
      "val_acc": 64.59627329192547,
      "timestamp": "2025-08-29 12:45:10",
      "train_f1": 47.407625173138314,
      "train_recall": 48.40649676613323,
      "val_f1": 59.332565021741715,
      "val_recall": 64.59627329192547,
      "confusion_matrix": [
        [
          0,
          0,
          0,
          0,
          24,
          0,
          0
        ],
        [
          0,
          17,
          5,
          0,
          0,
          0,
          0
        ],
        [
          0,
          11,
          16,
          2,
          13,
          0,
          13
        ],
        [
          0,
          0,
          0,
          14,
          6,
          0,
          0
        ],
        [
          0,
          1,
          1,
          0,
          53,
          0,
          27
        ],
        [
          0,
          0,
          0,
          0,
          8,
          0,
          1
        ],
        [
          0,
          0,
          0,
          0,
          2,
          0,
          108
        ]
      ],
      "class_accuracies": {
        "class_0": 0.0,
        "class_1": 77.27272727272727,
        "class_2": 29.09090909090909,
        "class_3": 70.0,
        "class_4": 64.63414634146342,
        "class_5": 0.0,
        "class_6": 98.18181818181819
      },
      "epoch_time": 235.83181476593018,
      "learning_rate": 1.5e-05
    },
    {
      "epoch": 16,
      "train_loss": 3.9794340655207634,
      "train_acc": 65.78125,
      "val_loss": 0.9023105435901217,
      "val_acc": 64.28571428571429,
      "timestamp": "2025-08-29 12:47:37",
      "train_f1": 46.750518042084316,
      "train_recall": 47.60393728907489,
      "val_f1": 58.86689642106167,
      "val_recall": 64.28571428571429,
      "confusion_matrix": [
        [
          0,
          0,
          0,
          0,
          24,
          0,
          0
        ],
        [
          0,
          17,
          5,
          0,
          0,
          0,
          0
        ],
        [
          0,
          11,
          15,
          2,
          13,
          0,
          14
        ],
        [
          0,
          0,
          0,
          14,
          6,
          0,
          0
        ],
        [
          0,
          1,
          1,
          0,
          53,
          0,
          27
        ],
        [
          0,
          0,
          0,
          0,
          8,
          0,
          1
        ],
        [
          0,
          0,
          0,
          0,
          2,
          0,
          108
        ]
      ],
      "epoch_time": 147.23022055625916,
      "learning_rate": 1.5e-05
    },
    {
      "epoch": 17,
      "train_loss": 3.9877502359449863,
      "train_acc": 65.9375,
      "val_loss": 0.9001983669069078,
      "val_acc": 64.59627329192547,
      "timestamp": "2025-08-29 12:51:41",
      "train_f1": 46.971007003156906,
      "train_recall": 48.412096428791806,
      "val_f1": 59.299771393304454,
      "val_recall": 64.59627329192547,
      "confusion_matrix": [
        [
          0,
          0,
          0,
          0,
          24,
          0,
          0
        ],
        [
          0,
          17,
          5,
          0,
          0,
          0,
          0
        ],
        [
          0,
          11,
          16,
          2,
          12,
          0,
          14
        ],
        [
          0,
          0,
          0,
          14,
          6,
          0,
          0
        ],
        [
          0,
          1,
          1,
          0,
          53,
          0,
          27
        ],
        [
          0,
          0,
          0,
          0,
          8,
          0,
          1
        ],
        [
          0,
          0,
          0,
          0,
          2,
          0,
          108
        ]
      ],
      "epoch_time": 243.6596758365631,
      "learning_rate": 1.5e-05
    },
    {
      "epoch": 18,
      "train_loss": 3.951346557587385,
      "train_acc": 66.953125,
      "val_loss": 0.8988381690449185,
      "val_acc": 63.35403726708075,
      "timestamp": "2025-08-29 12:55:28",
      "train_f1": 48.38302387303565,
      "train_recall": 49.78434440882459,
      "val_f1": 57.78431764417184,
      "val_recall": 63.35403726708074,
      "confusion_matrix": [
        [
          0,
          0,
          0,
          0,
          24,
          0,
          0
        ],
        [
          0,
          17,
          5,
          0,
          0,
          0,
          0
        ],
        [
          0,
          11,
          14,
          2,
          13,
          0,
          15
        ],
        [
          0,
          0,
          0,
          14,
          6,
          0,
          0
        ],
        [
          0,
          1,
          1,
          0,
          51,
          0,
          29
        ],
        [
          0,
          0,
          0,
          0,
          8,
          0,
          1
        ],
        [
          0,
          0,
          0,
          0,
          2,
          0,
          108
        ]
      ],
      "epoch_time": 225.78853559494019,
      "learning_rate": 1.5e-05
    },
    {
      "epoch": 19,
      "train_loss": 3.9711372163146734,
      "train_acc": 66.71875,
      "val_loss": 0.8969273037380643,
      "val_acc": 64.59627329192547,
      "timestamp": "2025-08-29 12:59:00",
      "train_f1": 47.68036418021027,
      "train_recall": 48.9070010233748,
      "val_f1": 59.299771393304454,
      "val_recall": 64.59627329192547,
      "confusion_matrix": [
        [
          0,
          0,
          0,
          0,
          24,
          0,
          0
        ],
        [
          0,
          17,
          5,
          0,
          0,
          0,
          0
        ],
        [
          0,
          11,
          16,
          2,
          12,
          0,
          14
        ],
        [
          0,
          0,
          0,
          14,
          6,
          0,
          0
        ],
        [
          0,
          1,
          1,
          0,
          53,
          0,
          27
        ],
        [
          0,
          0,
          0,
          0,
          8,
          0,
          1
        ],
        [
          0,
          0,
          0,
          0,
          2,
          0,
          108
        ]
      ],
      "epoch_time": 211.40791749954224,
      "learning_rate": 1.5e-05
    },
    {
      "epoch": 20,
      "train_loss": 3.957720573991537,
      "train_acc": 66.40625,
      "val_loss": 0.8974042071236504,
      "val_acc": 64.28571428571429,
      "timestamp": "2025-08-29 13:01:11",
      "train_f1": 47.26209425206678,
      "train_recall": 48.261694171273525,
      "val_f1": 58.939001531466005,
      "val_recall": 64.28571428571429,
      "confusion_matrix": [
        [
          0,
          0,
          0,
          0,
          24,
          0,
          0
        ],
        [
          0,
          17,
          5,
          0,
          0,
          0,
          0
        ],
        [
          0,
          11,
          15,
          2,
          13,
          0,
          14
        ],
        [
          0,
          0,
          0,
          14,
          6,
          0,
          0
        ],
        [
          0,
          1,
          1,
          0,
          54,
          0,
          26
        ],
        [
          0,
          0,
          0,
          0,
          8,
          0,
          1
        ],
        [
          0,
          0,
          0,
          0,
          3,
          0,
          107
        ]
      ],
      "epoch_time": 130.54508209228516,
      "learning_rate": 1.5e-05
    },
    {
      "epoch": 21,
      "train_loss": 3.923881044611335,
      "train_acc": 66.796875,
      "val_loss": 0.8953320980072021,
      "val_acc": 63.975155279503106,
      "timestamp": "2025-08-29 13:05:16",
      "train_f1": 48.48721450242295,
      "train_recall": 49.427283773717924,
      "val_f1": 58.425338176890975,
      "val_recall": 63.975155279503106,
      "confusion_matrix": [
        [
          0,
          0,
          0,
          0,
          24,
          0,
          0
        ],
        [
          0,
          17,
          5,
          0,
          0,
          0,
          0
        ],
        [
          0,
          11,
          14,
          2,
          14,
          0,
          14
        ],
        [
          0,
          0,
          0,
          14,
          6,
          0,
          0
        ],
        [
          0,
          1,
          1,
          0,
          53,
          0,
          27
        ],
        [
          0,
          0,
          0,
          0,
          8,
          0,
          1
        ],
        [
          0,
          0,
          0,
          0,
          2,
          0,
          108
        ]
      ],
      "epoch_time": 245.32326221466064,
      "learning_rate": 1.5e-05
    },
    {
      "epoch": 22,
      "train_loss": 3.9491929206997156,
      "train_acc": 66.640625,
      "val_loss": 0.8923405872450935,
      "val_acc": 64.59627329192547,
      "timestamp": "2025-08-29 13:08:18",
      "train_f1": 47.64623966438729,
      "train_recall": 48.825965903093774,
      "val_f1": 59.37168261305196,
      "val_recall": 64.59627329192547,
      "confusion_matrix": [
        [
          0,
          0,
          0,
          0,
          24,
          0,
          0
        ],
        [
          0,
          17,
          5,
          0,
          0,
          0,
          0
        ],
        [
          0,
          11,
          16,
          2,
          12,
          0,
          14
        ],
        [
          0,
          0,
          0,
          14,
          6,
          0,
          0
        ],
        [
          0,
          1,
          1,
          0,
          54,
          0,
          26
        ],
        [
          0,
          0,
          0,
          0,
          8,
          0,
          1
        ],
        [
          0,
          0,
          0,
          0,
          3,
          0,
          107
        ]
      ],
      "epoch_time": 181.31142592430115,
      "learning_rate": 1.5e-05
    },
    {
      "epoch": 23,
      "train_loss": 3.9281538911163807,
      "train_acc": 66.484375,
      "val_loss": 0.8900149530834622,
      "val_acc": 64.90683229813665,
      "timestamp": "2025-08-29 13:11:19",
      "train_f1": 47.81372840175111,
      "train_recall": 48.87345374280263,
      "val_f1": 59.68170980958705,
      "val_recall": 64.90683229813664,
      "confusion_matrix": [
        [
          0,
          0,
          0,
          0,
          24,
          0,
          0
        ],
        [
          0,
          17,
          5,
          0,
          0,
          0,
          0
        ],
        [
          1,
          11,
          16,
          2,
          11,
          0,
          14
        ],
        [
          0,
          0,
          0,
          14,
          6,
          0,
          0
        ],
        [
          0,
          1,
          1,
          0,
          54,
          0,
          26
        ],
        [
          0,
          0,
          0,
          0,
          8,
          0,
          1
        ],
        [
          0,
          0,
          0,
          0,
          2,
          0,
          108
        ]
      ],
      "class_accuracies": {
        "class_0": 0.0,
        "class_1": 77.27272727272727,
        "class_2": 29.09090909090909,
        "class_3": 70.0,
        "class_4": 65.85365853658537,
        "class_5": 0.0,
        "class_6": 98.18181818181819
      },
      "epoch_time": 180.1261715888977,
      "learning_rate": 7.5e-06
    },
    {
      "epoch": 24,
      "train_loss": 3.910207238048315,
      "train_acc": 67.1875,
      "val_loss": 0.8905264536539713,
      "val_acc": 64.59627329192547,
      "timestamp": "2025-08-29 13:13:44",
      "train_f1": 49.47747337021032,
      "train_recall": 49.546612844647065,
      "val_f1": 59.24738610378474,
      "val_recall": 64.59627329192547,
      "confusion_matrix": [
        [
          0,
          0,
          0,
          0,
          24,
          0,
          0
        ],
        [
          0,
          17,
          5,
          0,
          0,
          0,
          0
        ],
        [
          1,
          11,
          15,
          2,
          12,
          0,
          14
        ],
        [
          0,
          0,
          0,
          14,
          6,
          0,
          0
        ],
        [
          0,
          1,
          1,
          0,
          54,
          0,
          26
        ],
        [
          0,
          0,
          0,
          0,
          8,
          0,
          1
        ],
        [
          0,
          0,
          0,
          0,
          2,
          0,
          108
        ]
      ],
      "epoch_time": 145.46842622756958,
      "learning_rate": 7.5e-06
    },
    {
      "epoch": 25,
      "train_loss": 3.931952616199851,
      "train_acc": 66.796875,
      "val_loss": 0.889436337682936,
      "val_acc": 64.59627329192547,
      "timestamp": "2025-08-29 13:17:20",
      "train_f1": 48.585631360771764,
      "train_recall": 49.41603984078498,
      "val_f1": 59.32561771599904,
      "val_recall": 64.59627329192547,
      "confusion_matrix": [
        [
          0,
          0,
          0,
          0,
          24,
          0,
          0
        ],
        [
          0,
          17,
          5,
          0,
          0,
          0,
          0
        ],
        [
          2,
          11,
          15,
          2,
          11,
          0,
          14
        ],
        [
          0,
          0,
          0,
          14,
          6,
          0,
          0
        ],
        [
          0,
          1,
          1,
          0,
          54,
          0,
          26
        ],
        [
          0,
          0,
          0,
          0,
          8,
          0,
          1
        ],
        [
          0,
          0,
          0,
          0,
          2,
          0,
          108
        ]
      ],
      "epoch_time": 215.54607677459717,
      "learning_rate": 7.5e-06
    },
    {
      "epoch": 26,
      "train_loss": 3.925913117825985,
      "train_acc": 66.796875,
      "val_loss": 0.8879784610536363,
      "val_acc": 64.28571428571429,
      "timestamp": "2025-08-29 13:21:50",
      "train_f1": 48.75225890574979,
      "train_recall": 48.96492141198421,
      "val_f1": 59.055859469450986,
      "val_recall": 64.28571428571429,
      "confusion_matrix": [
        [
          0,
          0,
          0,
          0,
          24,
          0,
          0
        ],
        [
          0,
          16,
          6,
          0,
          0,
          0,
          0
        ],
        [
          2,
          11,
          15,
          2,
          11,
          0,
          14
        ],
        [
          0,
          0,
          0,
          14,
          6,
          0,
          0
        ],
        [
          0,
          1,
          1,
          0,
          54,
          0,
          26
        ],
        [
          0,
          0,
          0,
          0,
          8,
          0,
          1
        ],
        [
          0,
          0,
          0,
          0,
          2,
          0,
          108
        ]
      ],
      "epoch_time": 269.4576873779297,
      "learning_rate": 7.5e-06
    },
    {
      "epoch": 27,
      "train_loss": 3.913262639194727,
      "train_acc": 66.953125,
      "val_loss": 0.8868231707149081,
      "val_acc": 64.28571428571429,
      "timestamp": "2025-08-29 13:25:40",
      "train_f1": 48.24545074993916,
      "train_recall": 48.8189475414559,
      "val_f1": 58.97762785723668,
      "val_recall": 64.28571428571429,
      "confusion_matrix": [
        [
          0,
          0,
          0,
          0,
          24,
          0,
          0
        ],
        [
          0,
          16,
          6,
          0,
          0,
          0,
          0
        ],
        [
          1,
          11,
          15,
          2,
          12,
          0,
          14
        ],
        [
          0,
          0,
          0,
          14,
          6,
          0,
          0
        ],
        [
          0,
          1,
          1,
          0,
          54,
          0,
          26
        ],
        [
          0,
          0,
          0,
          0,
          8,
          0,
          1
        ],
        [
          0,
          0,
          0,
          0,
          2,
          0,
          108
        ]
      ],
      "epoch_time": 228.90633821487427,
      "learning_rate": 7.5e-06
    },
    {
      "epoch": 28,
      "train_loss": 3.928151845932007,
      "train_acc": 66.796875,
      "val_loss": 0.8847886390156217,
      "val_acc": 64.59627329192547,
      "timestamp": "2025-08-29 13:29:47",
      "train_f1": 48.028740095610296,
      "train_recall": 48.17134497330855,
      "val_f1": 59.18430016653331,
      "val_recall": 64.59627329192547,
      "confusion_matrix": [
        [
          0,
          0,
          0,
          0,
          24,
          0,
          0
        ],
        [
          0,
          17,
          5,
          0,
          0,
          0,
          0
        ],
        [
          2,
          11,
          14,
          2,
          12,
          0,
          14
        ],
        [
          0,
          0,
          0,
          14,
          6,
          0,
          0
        ],
        [
          0,
          1,
          1,
          0,
          55,
          0,
          25
        ],
        [
          0,
          0,
          0,
          0,
          8,
          0,
          1
        ],
        [
          0,
          0,
          0,
          0,
          2,
          0,
          108
        ]
      ],
      "epoch_time": 246.85767889022827,
      "learning_rate": 7.5e-06
    },
    {
      "epoch": 29,
      "train_loss": 3.8734173979610205,
      "train_acc": 67.578125,
      "val_loss": 0.8840608663029141,
      "val_acc": 64.90683229813665,
      "timestamp": "2025-08-29 13:32:05",
      "train_f1": 49.4807106831287,
      "train_recall": 49.58425100168046,
      "val_f1": 59.65120611484066,
      "val_recall": 64.90683229813664,
      "confusion_matrix": [
        [
          0,
          0,
          0,
          0,
          24,
          0,
          0
        ],
        [
          0,
          17,
          5,
          0,
          0,
          0,
          0
        ],
        [
          1,
          11,
          16,
          2,
          10,
          0,
          15
        ],
        [
          0,
          0,
          0,
          14,
          6,
          0,
          0
        ],
        [
          0,
          1,
          1,
          0,
          54,
          0,
          26
        ],
        [
          0,
          0,
          0,
          0,
          8,
          0,
          1
        ],
        [
          0,
          0,
          0,
          0,
          2,
          0,
          108
        ]
      ],
      "epoch_time": 137.2412669658661,
      "learning_rate": 7.5e-06
    },
    {
      "epoch": 30,
      "train_loss": 3.890506759285927,
      "train_acc": 67.8125,
      "val_loss": 0.8819960157076517,
      "val_acc": 64.90683229813665,
      "timestamp": "2025-08-29 13:35:30",
      "train_f1": 49.15206902890583,
      "train_recall": 49.39396837609408,
      "val_f1": 59.51829927941576,
      "val_recall": 64.90683229813664,
      "confusion_matrix": [
        [
          0,
          0,
          0,
          0,
          24,
          0,
          0
        ],
        [
          0,
          17,
          5,
          0,
          0,
          0,
          0
        ],
        [
          1,
          11,
          15,
          2,
          11,
          0,
          15
        ],
        [
          0,
          0,
          0,
          14,
          6,
          0,
          0
        ],
        [
          0,
          1,
          1,
          0,
          55,
          0,
          25
        ],
        [
          0,
          0,
          0,
          0,
          8,
          0,
          1
        ],
        [
          0,
          0,
          0,
          0,
          2,
          0,
          108
        ]
      ],
      "epoch_time": 204.5379548072815,
      "learning_rate": 7.5e-06
    },
    {
      "epoch": 31,
      "train_loss": 3.920556504279375,
      "train_acc": 68.125,
      "val_loss": 0.8800518645180596,
      "val_acc": 64.90683229813665,
      "timestamp": "2025-08-29 13:38:27",
      "train_f1": 50.201589303581706,
      "train_recall": 50.156138801334485,
      "val_f1": 59.62872521679533,
      "val_recall": 64.90683229813664,
      "confusion_matrix": [
        [
          0,
          0,
          0,
          0,
          24,
          0,
          0
        ],
        [
          0,
          17,
          5,
          0,
          0,
          0,
          0
        ],
        [
          2,
          11,
          15,
          2,
          11,
          0,
          14
        ],
        [
          0,
          0,
          0,
          14,
          6,
          0,
          0
        ],
        [
          0,
          1,
          1,
          0,
          55,
          0,
          25
        ],
        [
          0,
          0,
          0,
          0,
          8,
          0,
          1
        ],
        [
          0,
          0,
          0,
          0,
          2,
          0,
          108
        ]
      ],
      "epoch_time": 176.6329529285431,
      "learning_rate": 7.5e-06
    },
    {
      "epoch": 32,
      "train_loss": 3.912525352090597,
      "train_acc": 68.125,
      "val_loss": 0.8805976046456231,
      "val_acc": 65.527950310559,
      "timestamp": "2025-08-29 13:41:08",
      "train_f1": 50.416171765775886,
      "train_recall": 50.47622324734605,
      "val_f1": 60.448144848543485,
      "val_recall": 65.527950310559,
      "confusion_matrix": [
        [
          0,
          0,
          0,
          0,
          24,
          0,
          0
        ],
        [
          0,
          17,
          5,
          0,
          0,
          0,
          0
        ],
        [
          3,
          11,
          16,
          2,
          9,
          0,
          14
        ],
        [
          0,
          0,
          0,
          14,
          6,
          0,
          0
        ],
        [
          0,
          1,
          1,
          0,
          56,
          0,
          24
        ],
        [
          0,
          0,
          0,
          0,
          8,
          0,
          1
        ],
        [
          0,
          0,
          0,
          0,
          2,
          0,
          108
        ]
      ],
      "class_accuracies": {
        "class_0": 0.0,
        "class_1": 77.27272727272727,
        "class_2": 29.09090909090909,
        "class_3": 70.0,
        "class_4": 68.29268292682927,
        "class_5": 0.0,
        "class_6": 98.18181818181819
      },
      "epoch_time": 160.55433464050293,
      "learning_rate": 7.5e-06
    },
    {
      "epoch": 33,
      "train_loss": 3.914390465244651,
      "train_acc": 68.75,
      "val_loss": 0.8777117994096544,
      "val_acc": 65.527950310559,
      "timestamp": "2025-08-29 13:45:52",
      "train_f1": 51.105888971806145,
      "train_recall": 51.07236841312535,
      "val_f1": 60.432636822845076,
      "val_recall": 65.527950310559,
      "confusion_matrix": [
        [
          0,
          0,
          0,
          0,
          24,
          0,
          0
        ],
        [
          0,
          17,
          5,
          0,
          0,
          0,
          0
        ],
        [
          2,
          11,
          16,
          2,
          10,
          0,
          14
        ],
        [
          0,
          0,
          0,
          14,
          6,
          0,
          0
        ],
        [
          0,
          1,
          1,
          0,
          57,
          0,
          23
        ],
        [
          0,
          0,
          0,
          0,
          8,
          0,
          1
        ],
        [
          0,
          0,
          0,
          0,
          3,
          0,
          107
        ]
      ],
      "epoch_time": 283.379923582077,
      "learning_rate": 7.5e-06
    },
    {
      "epoch": 34,
      "train_loss": 3.871170138940215,
      "train_acc": 68.984375,
      "val_loss": 0.875937991672092,
      "val_acc": 65.83850931677019,
      "timestamp": "2025-08-29 13:47:59",
      "train_f1": 50.18480756819988,
      "train_recall": 50.010899630669705,
      "val_f1": 60.49950510333806,
      "val_recall": 65.83850931677019,
      "confusion_matrix": [
        [
          0,
          0,
          0,
          0,
          24,
          0,
          0
        ],
        [
          0,
          17,
          5,
          0,
          0,
          0,
          0
        ],
        [
          2,
          11,
          15,
          2,
          10,
          0,
          15
        ],
        [
          0,
          0,
          0,
          14,
          6,
          0,
          0
        ],
        [
          0,
          1,
          1,
          0,
          58,
          0,
          22
        ],
        [
          0,
          0,
          0,
          0,
          8,
          0,
          1
        ],
        [
          0,
          0,
          0,
          0,
          2,
          0,
          108
        ]
      ],
      "class_accuracies": {
        "class_0": 0.0,
        "class_1": 77.27272727272727,
        "class_2": 27.27272727272727,
        "class_3": 70.0,
        "class_4": 70.73170731707317,
        "class_5": 0.0,
        "class_6": 98.18181818181819
      },
      "epoch_time": 125.93614411354065,
      "learning_rate": 3.75e-06
    },
    {
      "epoch": 35,
      "train_loss": 3.8932699728757143,
      "train_acc": 69.53125,
      "val_loss": 0.875333329041799,
      "val_acc": 66.77018633540372,
      "timestamp": "2025-08-29 13:53:44",
      "train_f1": 51.28984202878872,
      "train_recall": 51.3070140300688,
      "val_f1": 61.53447104761152,
      "val_recall": 66.77018633540372,
      "confusion_matrix": [
        [
          0,
          0,
          0,
          0,
          24,
          0,
          0
        ],
        [
          0,
          17,
          5,
          0,
          0,
          0,
          0
        ],
        [
          2,
          11,
          16,
          2,
          9,
          0,
          15
        ],
        [
          0,
          0,
          0,
          14,
          6,
          0,
          0
        ],
        [
          0,
          1,
          1,
          0,
          60,
          0,
          20
        ],
        [
          0,
          0,
          0,
          0,
          8,
          0,
          1
        ],
        [
          0,
          0,
          0,
          0,
          2,
          0,
          108
        ]
      ],
      "class_accuracies": {
        "class_0": 0.0,
        "class_1": 77.27272727272727,
        "class_2": 29.09090909090909,
        "class_3": 70.0,
        "class_4": 73.17073170731707,
        "class_5": 0.0,
        "class_6": 98.18181818181819
      },
      "epoch_time": 344.81303668022156,
      "learning_rate": 3.75e-06
    }
  ]
}