{
  "dataset": "ASAS",
  "model_type": "geometric",
  "sde_config": 1,
  "start_time": "20250829_135859",
  "date": "20250829",
  "epochs": [
    {
      "epoch": 21,
      "train_loss": 5.661869923810701,
      "train_acc": 94.17229729729729,
      "val_loss": 0.6151472210884095,
      "val_acc": 92.77310924369748,
      "timestamp": "2025-08-29 14:10:41",
      "train_f1": 87.00311402479132,
      "train_recall": 84.4490916003034,
      "val_f1": 92.24993462274153,
      "val_recall": 92.77310924369748,
      "confusion_matrix": [
        [
          51,
          1,
          15,
          0,
          0
        ],
        [
          2,
          21,
          0,
          0,
          0
        ],
        [
          5,
          0,
          156,
          0,
          1
        ],
        [
          10,
          1,
          0,
          3,
          1
        ],
        [
          2,
          0,
          5,
          0,
          321
        ]
      ],
      "epoch_time": 701.9457101821899,
      "learning_rate": 1.5e-05
    },
    {
      "epoch": 22,
      "train_loss": 5.655402305963877,
      "train_acc": 94.51013513513513,
      "val_loss": 0.615139901638031,
      "val_acc": 92.77310924369748,
      "timestamp": "2025-08-29 14:22:22",
      "train_f1": 87.4404672327554,
      "train_recall": 84.78748299202339,
      "val_f1": 92.24993462274153,
      "val_recall": 92.77310924369748,
      "confusion_matrix": [
        [
          51,
          1,
          15,
          0,
          0
        ],
        [
          2,
          21,
          0,
          0,
          0
        ],
        [
          5,
          0,
          156,
          0,
          1
        ],
        [
          10,
          1,
          0,
          3,
          1
        ],
        [
          2,
          0,
          5,
          0,
          321
        ]
      ],
      "epoch_time": 700.3901743888855,
      "learning_rate": 1.5e-05
    },
    {
      "epoch": 23,
      "train_loss": 5.651544032870112,
      "train_acc": 94.38344594594595,
      "val_loss": 0.6159460067749023,
      "val_acc": 93.4453781512605,
      "timestamp": "2025-08-29 14:34:08",
      "train_f1": 87.0624854003588,
      "train_recall": 84.42660809249247,
      "val_f1": 92.79570436167282,
      "val_recall": 93.4453781512605,
      "confusion_matrix": [
        [
          49,
          1,
          17,
          0,
          0
        ],
        [
          2,
          21,
          0,
          0,
          0
        ],
        [
          1,
          0,
          159,
          0,
          2
        ],
        [
          10,
          1,
          0,
          3,
          1
        ],
        [
          2,
          0,
          2,
          0,
          324
        ]
      ],
      "class_accuracies": {
        "class_0": 73.13432835820896,
        "class_1": 91.30434782608695,
        "class_2": 98.14814814814815,
        "class_3": 20.0,
        "class_4": 98.78048780487805
      },
      "epoch_time": 705.013414144516,
      "learning_rate": 1.5e-05
    },
    {
      "epoch": 24,
      "train_loss": 5.646399090418944,
      "train_acc": 94.34121621621621,
      "val_loss": 0.6149986684322357,
      "val_acc": 92.77310924369748,
      "timestamp": "2025-08-29 14:45:29",
      "train_f1": 87.19388077297984,
      "train_recall": 84.44716984545266,
      "val_f1": 92.2478124904716,
      "val_recall": 92.77310924369748,
      "confusion_matrix": [
        [
          51,
          1,
          15,
          0,
          0
        ],
        [
          2,
          21,
          0,
          0,
          0
        ],
        [
          4,
          0,
          157,
          0,
          1
        ],
        [
          10,
          1,
          1,
          3,
          0
        ],
        [
          2,
          0,
          6,
          0,
          320
        ]
      ],
      "epoch_time": 680.99200963974,
      "learning_rate": 1.5e-05
    },
    {
      "epoch": 25,
      "train_loss": 5.6443947988587455,
      "train_acc": 94.34121621621621,
      "val_loss": 0.6147324621677399,
      "val_acc": 93.27731092436974,
      "timestamp": "2025-08-29 14:57:33",
      "train_f1": 87.33912550415212,
      "train_recall": 84.75987951010484,
      "val_f1": 92.70962494602489,
      "val_recall": 93.27731092436974,
      "confusion_matrix": [
        [
          51,
          1,
          15,
          0,
          0
        ],
        [
          2,
          21,
          0,
          0,
          0
        ],
        [
          4,
          0,
          156,
          0,
          2
        ],
        [
          10,
          1,
          0,
          3,
          1
        ],
        [
          2,
          0,
          2,
          0,
          324
        ]
      ],
      "epoch_time": 723.4828824996948,
      "learning_rate": 1.5e-05
    },
    {
      "epoch": 26,
      "train_loss": 5.658161785151507,
      "train_acc": 94.67905405405405,
      "val_loss": 0.6143303036689758,
      "val_acc": 92.94117647058823,
      "timestamp": "2025-08-29 15:11:43",
      "train_f1": 87.48101058527085,
      "train_recall": 84.80225506416325,
      "val_f1": 92.39807313162206,
      "val_recall": 92.94117647058823,
      "confusion_matrix": [
        [
          51,
          1,
          15,
          0,
          0
        ],
        [
          2,
          21,
          0,
          0,
          0
        ],
        [
          4,
          0,
          157,
          0,
          1
        ],
        [
          10,
          1,
          0,
          3,
          1
        ],
        [
          2,
          0,
          5,
          0,
          321
        ]
      ],
      "epoch_time": 849.2840197086334,
      "learning_rate": 1.5e-05
    },
    {
      "epoch": 27,
      "train_loss": 5.658523016684764,
      "train_acc": 94.34121621621621,
      "val_loss": 0.6149723887443542,
      "val_acc": 93.27731092436974,
      "timestamp": "2025-08-29 15:26:05",
      "train_f1": 87.13964454198859,
      "train_recall": 84.57311071480865,
      "val_f1": 92.70962494602489,
      "val_recall": 93.27731092436974,
      "confusion_matrix": [
        [
          51,
          1,
          15,
          0,
          0
        ],
        [
          2,
          21,
          0,
          0,
          0
        ],
        [
          4,
          0,
          156,
          0,
          2
        ],
        [
          10,
          1,
          0,
          3,
          1
        ],
        [
          2,
          0,
          2,
          0,
          324
        ]
      ],
      "epoch_time": 861.2310109138489,
      "learning_rate": 1.5e-05
    },
    {
      "epoch": 28,
      "train_loss": 5.628668230933112,
      "train_acc": 94.21452702702703,
      "val_loss": 0.6167306065559387,
      "val_acc": 92.77310924369748,
      "timestamp": "2025-08-29 15:39:57",
      "train_f1": 87.09370437166912,
      "train_recall": 84.5125864952177,
      "val_f1": 92.23029593638817,
      "val_recall": 92.77310924369748,
      "confusion_matrix": [
        [
          51,
          1,
          15,
          0,
          0
        ],
        [
          2,
          21,
          0,
          0,
          0
        ],
        [
          6,
          0,
          152,
          0,
          4
        ],
        [
          10,
          1,
          0,
          3,
          1
        ],
        [
          2,
          0,
          1,
          0,
          325
        ]
      ],
      "epoch_time": 832.1926860809326,
      "learning_rate": 1.5e-05
    },
    {
      "epoch": 29,
      "train_loss": 5.634815101687972,
      "train_acc": 94.51013513513513,
      "val_loss": 0.6145195245742798,
      "val_acc": 93.10924369747899,
      "timestamp": "2025-08-29 15:52:32",
      "train_f1": 87.32976653764732,
      "train_recall": 84.78650532859014,
      "val_f1": 92.58350357237546,
      "val_recall": 93.10924369747899,
      "confusion_matrix": [
        [
          51,
          1,
          15,
          0,
          0
        ],
        [
          2,
          21,
          0,
          0,
          0
        ],
        [
          6,
          0,
          155,
          0,
          1
        ],
        [
          10,
          1,
          0,
          3,
          1
        ],
        [
          2,
          0,
          2,
          0,
          324
        ]
      ],
      "epoch_time": 753.7690091133118,
      "learning_rate": 1.5e-05
    },
    {
      "epoch": 30,
      "train_loss": 5.632706540661889,
      "train_acc": 94.08783783783784,
      "val_loss": 0.6169882893562317,
      "val_acc": 93.27731092436974,
      "timestamp": "2025-08-29 16:05:07",
      "train_f1": 87.06849761008958,
      "train_recall": 84.57096363167109,
      "val_f1": 92.61813708190469,
      "val_recall": 93.27731092436974,
      "confusion_matrix": [
        [
          49,
          1,
          17,
          0,
          0
        ],
        [
          2,
          21,
          0,
          0,
          0
        ],
        [
          1,
          0,
          157,
          0,
          4
        ],
        [
          10,
          1,
          0,
          3,
          1
        ],
        [
          2,
          0,
          1,
          0,
          325
        ]
      ],
      "epoch_time": 754.5770838260651,
      "learning_rate": 1.5e-05
    },
    {
      "epoch": 31,
      "train_loss": 5.633012396258277,
      "train_acc": 94.67905405405405,
      "val_loss": 0.6137118518352509,
      "val_acc": 93.27731092436974,
      "timestamp": "2025-08-29 16:18:00",
      "train_f1": 87.4897443573676,
      "train_recall": 84.902376584143,
      "val_f1": 92.73136963146287,
      "val_recall": 93.27731092436974,
      "confusion_matrix": [
        [
          51,
          1,
          15,
          0,
          0
        ],
        [
          2,
          21,
          0,
          0,
          0
        ],
        [
          5,
          0,
          156,
          0,
          1
        ],
        [
          10,
          1,
          0,
          3,
          1
        ],
        [
          2,
          0,
          2,
          0,
          324
        ]
      ],
      "epoch_time": 773.2130148410797,
      "learning_rate": 1.5e-05
    },
    {
      "epoch": 32,
      "train_loss": 5.6221947363905,
      "train_acc": 94.17229729729729,
      "val_loss": 0.6158613920211792,
      "val_acc": 92.94117647058823,
      "timestamp": "2025-08-29 16:31:04",
      "train_f1": 87.02342766877844,
      "train_recall": 84.4327124582652,
      "val_f1": 92.40191879473284,
      "val_recall": 92.94117647058823,
      "confusion_matrix": [
        [
          51,
          1,
          15,
          0,
          0
        ],
        [
          2,
          21,
          0,
          0,
          0
        ],
        [
          6,
          0,
          153,
          0,
          3
        ],
        [
          10,
          1,
          0,
          3,
          1
        ],
        [
          2,
          0,
          1,
          0,
          325
        ]
      ],
      "epoch_time": 782.9447875022888,
      "learning_rate": 7.5e-06
    },
    {
      "epoch": 33,
      "train_loss": 5.6366220599896195,
      "train_acc": 94.4679054054054,
      "val_loss": 0.616075974702835,
      "val_acc": 93.27731092436974,
      "timestamp": "2025-08-29 16:44:03",
      "train_f1": 87.27983077975006,
      "train_recall": 84.57517819397293,
      "val_f1": 92.6694015437566,
      "val_recall": 93.27731092436974,
      "confusion_matrix": [
        [
          50,
          1,
          16,
          0,
          0
        ],
        [
          2,
          21,
          0,
          0,
          0
        ],
        [
          3,
          0,
          156,
          0,
          3
        ],
        [
          10,
          1,
          0,
          3,
          1
        ],
        [
          2,
          0,
          1,
          0,
          325
        ]
      ],
      "epoch_time": 779.2747714519501,
      "learning_rate": 7.5e-06
    },
    {
      "epoch": 34,
      "train_loss": 5.636320423435521,
      "train_acc": 94.55236486486487,
      "val_loss": 0.6142814040184021,
      "val_acc": 93.27731092436974,
      "timestamp": "2025-08-29 16:57:27",
      "train_f1": 87.36696237680087,
      "train_recall": 84.68482851730745,
      "val_f1": 92.69984462113355,
      "val_recall": 93.27731092436974,
      "confusion_matrix": [
        [
          50,
          1,
          16,
          0,
          0
        ],
        [
          2,
          21,
          0,
          0,
          0
        ],
        [
          4,
          0,
          157,
          0,
          1
        ],
        [
          10,
          1,
          0,
          3,
          1
        ],
        [
          2,
          0,
          2,
          0,
          324
        ]
      ],
      "epoch_time": 803.4627945423126,
      "learning_rate": 7.5e-06
    },
    {
      "epoch": 35,
      "train_loss": 5.6300536168588176,
      "train_acc": 94.51013513513513,
      "val_loss": 0.6142577290534973,
      "val_acc": 93.27731092436974,
      "timestamp": "2025-08-29 17:10:54",
      "train_f1": 87.27422405258659,
      "train_recall": 84.64025850834912,
      "val_f1": 92.69984462113355,
      "val_recall": 93.27731092436974,
      "confusion_matrix": [
        [
          50,
          1,
          16,
          0,
          0
        ],
        [
          2,
          21,
          0,
          0,
          0
        ],
        [
          4,
          0,
          157,
          0,
          1
        ],
        [
          10,
          1,
          0,
          3,
          1
        ],
        [
          2,
          0,
          2,
          0,
          324
        ]
      ],
      "epoch_time": 806.4542195796967,
      "learning_rate": 7.5e-06
    },
    {
      "epoch": 36,
      "train_loss": 5.62389536806055,
      "train_acc": 94.5945945945946,
      "val_loss": 0.614314717054367,
      "val_acc": 93.27731092436974,
      "timestamp": "2025-08-29 17:24:30",
      "train_f1": 87.39537857622815,
      "train_recall": 84.78248424820211,
      "val_f1": 92.69984462113355,
      "val_recall": 93.27731092436974,
      "confusion_matrix": [
        [
          50,
          1,
          16,
          0,
          0
        ],
        [
          2,
          21,
          0,
          0,
          0
        ],
        [
          4,
          0,
          157,
          0,
          1
        ],
        [
          10,
          1,
          0,
          3,
          1
        ],
        [
          2,
          0,
          2,
          0,
          324
        ]
      ],
      "epoch_time": 815.7272341251373,
      "learning_rate": 7.5e-06
    },
    {
      "epoch": 37,
      "train_loss": 5.626425056844144,
      "train_acc": 94.51013513513513,
      "val_loss": 0.6153450608253479,
      "val_acc": 93.4453781512605,
      "timestamp": "2025-08-29 17:38:11",
      "train_f1": 87.57506383048414,
      "train_recall": 85.01827187492734,
      "val_f1": 92.8391356542617,
      "val_recall": 93.4453781512605,
      "confusion_matrix": [
        [
          50,
          1,
          16,
          0,
          0
        ],
        [
          2,
          21,
          0,
          0,
          0
        ],
        [
          3,
          0,
          157,
          0,
          2
        ],
        [
          10,
          1,
          0,
          3,
          1
        ],
        [
          2,
          0,
          1,
          0,
          325
        ]
      ],
      "epoch_time": 819.9045345783234,
      "learning_rate": 7.5e-06
    },
    {
      "epoch": 38,
      "train_loss": 5.647967836341342,
      "train_acc": 94.63682432432432,
      "val_loss": 0.6170196831226349,
      "val_acc": 92.94117647058823,
      "timestamp": "2025-08-29 17:51:57",
      "train_f1": 87.51200051968887,
      "train_recall": 85.0123106379734,
      "val_f1": 92.31816000568575,
      "val_recall": 92.94117647058823,
      "confusion_matrix": [
        [
          49,
          2,
          16,
          0,
          0
        ],
        [
          2,
          21,
          0,
          0,
          0
        ],
        [
          3,
          0,
          155,
          0,
          4
        ],
        [
          10,
          1,
          0,
          3,
          1
        ],
        [
          2,
          0,
          1,
          0,
          325
        ]
      ],
      "epoch_time": 826.3324489593506,
      "learning_rate": 7.5e-06
    },
    {
      "epoch": 39,
      "train_loss": 5.62293506151921,
      "train_acc": 94.5945945945946,
      "val_loss": 0.6146087110042572,
      "val_acc": 92.94117647058823,
      "timestamp": "2025-08-29 18:06:03",
      "train_f1": 87.38710162861108,
      "train_recall": 84.97479836924225,
      "val_f1": 92.41247621123061,
      "val_recall": 92.94117647058823,
      "confusion_matrix": [
        [
          51,
          1,
          15,
          0,
          0
        ],
        [
          2,
          21,
          0,
          0,
          0
        ],
        [
          6,
          0,
          154,
          0,
          2
        ],
        [
          10,
          1,
          0,
          3,
          1
        ],
        [
          2,
          0,
          2,
          0,
          324
        ]
      ],
      "epoch_time": 844.7569253444672,
      "learning_rate": 7.5e-06
    },
    {
      "epoch": 40,
      "train_loss": 5.629502320611799,
      "train_acc": 94.38344594594595,
      "val_loss": 0.6146458625793457,
      "val_acc": 93.27731092436974,
      "timestamp": "2025-08-29 18:20:03",
      "train_f1": 87.16952190085823,
      "train_recall": 84.57103255318428,
      "val_f1": 92.69029270082825,
      "val_recall": 93.27731092436974,
      "confusion_matrix": [
        [
          50,
          1,
          16,
          0,
          0
        ],
        [
          2,
          21,
          0,
          0,
          0
        ],
        [
          4,
          0,
          156,
          0,
          2
        ],
        [
          10,
          1,
          0,
          3,
          1
        ],
        [
          2,
          0,
          1,
          0,
          325
        ]
      ],
      "epoch_time": 839.4918994903564,
      "learning_rate": 7.5e-06
    }
  ]
}