{
  "experiment_info": {
    "dataset": "ASAS",
    "model_type": "linear_noise",
    "sde_config": 1,
    "start_time": "20250823_230319",
    "log_file": "ASAS_linear_noise_config1_20250823_230319.log"
  },
  "training_history": {
    "epochs": [
      9,
      10,
      11
    ],
    "train_loss": [
      0.6962356177660135,
      0.6973204834338946,
      0.6905539089288467
    ],
    "train_accuracy": [
      92.98387096774194,
      92.78225806451613,
      93.46774193548387
    ],
    "val_loss": [
      0.6841391503810883,
      0.6970932483673096,
      0.6811610341072083
    ],
    "val_accuracy": [
      94.83870967741936,
      89.35483870967742,
      93.87096774193549
    ],
    "class_accuracy_history": [
      {
        "0": 74.19354838709677,
        "1": 100.0,
        "2": 98.79518072289156,
        "3": 54.54545454545454,
        "4": 98.80239520958084
      },
      {
        "0": 90.32258064516128,
        "1": 88.88888888888889,
        "2": 77.10843373493977,
        "3": 54.54545454545454,
        "4": 97.60479041916167
      },
      {
        "0": 74.19354838709677,
        "1": 88.88888888888889,
        "2": 97.59036144578313,
        "3": 54.54545454545454,
        "4": 98.80239520958084
      }
    ],
    "learning_rates": [
      0.0001,
      0.0001,
      0.0001
    ]
  },
  "best_metrics": {
    "best_val_accuracy": 94.83870967741936,
    "best_epoch": 9,
    "best_class_accuracy": {
      "0": 74.19354838709677,
      "1": 100.0,
      "2": 98.79518072289156,
      "3": 54.54545454545454,
      "4": 98.80239520958084
    }
  },
  "last_update": "2025-08-23 23:32:58"
}