{
  "dataset": "LINEAR",
  "model_type": "langevin",
  "sde_config": 1,
  "start_time": "20250830_091154",
  "date": "20250830",
  "epochs": [
    {
      "epoch": 1,
      "train_loss": 216.16870552347257,
      "train_acc": 78.91826923076923,
      "val_loss": 0.7713159172014258,
      "val_acc": 86.45533141210375,
      "timestamp": "2025-08-30 09:12:18",
      "train_f1": 75.88023344733443,
      "train_recall": 78.91826923076923,
      "val_f1": 83.05973845489667,
      "val_recall": 86.45533141210375,
      "confusion_matrix": [
        [
          0,
          0,
          29,
          24,
          9
        ],
        [
          0,
          0,
          0,
          0,
          19
        ],
        [
          0,
          0,
          402,
          13,
          5
        ],
        [
          0,
          0,
          9,
          147,
          8
        ],
        [
          0,
          0,
          10,
          15,
          351
        ]
      ],
      "class_accuracies": {
        "class_0": 0.0,
        "class_1": 0.0,
        "class_2": 95.71428571428572,
        "class_3": 89.63414634146342,
        "class_4": 93.35106382978722
      },
      "epoch_time": 24.504335641860962,
      "learning_rate": 3e-05
    }
  ]
}