{
  "dataset": "ASAS",
  "model_type": "langevin",
  "sde_config": 1,
  "start_time": "20250830_100515",
  "date": "20250830",
  "epochs": [
    {
      "epoch": 1,
      "train_loss": 9.706735971811655,
      "train_acc": 6.081081081081081,
      "val_loss": 1.0118140816688537,
      "val_acc": 0.16806722689075632,
      "timestamp": "2025-08-30 10:08:14",
      "train_f1": 6.06223375230501,
      "train_recall": 6.081081081081082,
      "val_f1": 0.0131035465033471,
      "val_recall": 0.16806722689075632,
      "confusion_matrix": [
        [
          0,
          65,
          0,
          0,
          2
        ],
        [
          2,
          1,
          0,
          0,
          20
        ],
        [
          0,
          162,
          0,
          0,
          0
        ],
        [
          4,
          11,
          0,
          0,
          0
        ],
        [
          0,
          328,
          0,
          0,
          0
        ]
      ],
      "class_accuracies": {
        "class_0": 0.0,
        "class_1": 4.3478260869565215,
        "class_2": 0.0,
        "class_3": 0.0,
        "class_4": 0.0
      },
      "epoch_time": 178.3790271282196,
      "learning_rate": 3e-05
    },
    {
      "epoch": 2,
      "train_loss": 9.45646947300112,
      "train_acc": 17.863175675675677,
      "val_loss": 0.9911618709564209,
      "val_acc": 55.12605042016807,
      "timestamp": "2025-08-30 10:11:22",
      "train_f1": 22.144315818429863,
      "train_recall": 17.863175675675674,
      "val_f1": 39.1795114578876,
      "val_recall": 55.12605042016807,
      "confusion_matrix": [
        [
          0,
          0,
          0,
          0,
          67
        ],
        [
          0,
          0,
          0,
          0,
          23
        ],
        [
          0,
          0,
          0,
          0,
          162
        ],
        [
          0,
          0,
          0,
          0,
          15
        ],
        [
          0,
          0,
          0,
          0,
          328
        ]
      ],
      "class_accuracies": {
        "class_0": 0.0,
        "class_1": 0.0,
        "class_2": 0.0,
        "class_3": 0.0,
        "class_4": 100.0
      },
      "epoch_time": 187.4338321685791,
      "learning_rate": 3e-05
    },
    {
      "epoch": 3,
      "train_loss": 9.129422919170276,
      "train_acc": 35.34628378378378,
      "val_loss": 0.9741861879825592,
      "val_acc": 55.12605042016807,
      "timestamp": "2025-08-30 10:12:49",
      "train_f1": 34.7070843431974,
      "train_recall": 35.34628378378379,
      "val_f1": 39.1795114578876,
      "val_recall": 55.12605042016807,
      "confusion_matrix": [
        [
          0,
          0,
          0,
          0,
          67
        ],
        [
          0,
          0,
          0,
          0,
          23
        ],
        [
          0,
          0,
          0,
          0,
          162
        ],
        [
          0,
          0,
          0,
          0,
          15
        ],
        [
          0,
          0,
          0,
          0,
          328
        ]
      ],
      "epoch_time": 87.07597613334656,
      "learning_rate": 3e-05
    },
    {
      "epoch": 4,
      "train_loss": 8.970846514444094,
      "train_acc": 47.001689189189186,
      "val_loss": 0.959231948852539,
      "val_acc": 55.12605042016807,
      "timestamp": "2025-08-30 10:15:41",
      "train_f1": 39.79558112576033,
      "train_recall": 47.001689189189186,
      "val_f1": 39.1795114578876,
      "val_recall": 55.12605042016807,
      "confusion_matrix": [
        [
          0,
          0,
          0,
          0,
          67
        ],
        [
          0,
          0,
          0,
          0,
          23
        ],
        [
          0,
          0,
          0,
          0,
          162
        ],
        [
          0,
          0,
          0,
          0,
          15
        ],
        [
          0,
          0,
          0,
          0,
          328
        ]
      ],
      "epoch_time": 171.7386920452118,
      "learning_rate": 3e-05
    },
    {
      "epoch": 5,
      "train_loss": 8.820661531912315,
      "train_acc": 50.80236486486486,
      "val_loss": 0.9466963469982147,
      "val_acc": 55.12605042016807,
      "timestamp": "2025-08-30 10:18:51",
      "train_f1": 41.69334907972348,
      "train_recall": 50.80236486486487,
      "val_f1": 39.1795114578876,
      "val_recall": 55.12605042016807,
      "confusion_matrix": [
        [
          0,
          0,
          0,
          0,
          67
        ],
        [
          0,
          0,
          0,
          0,
          23
        ],
        [
          0,
          0,
          0,
          0,
          162
        ],
        [
          0,
          0,
          0,
          0,
          15
        ],
        [
          0,
          0,
          0,
          0,
          328
        ]
      ],
      "epoch_time": 189.0696702003479,
      "learning_rate": 3e-05
    },
    {
      "epoch": 6,
      "train_loss": 8.70598008503785,
      "train_acc": 52.44932432432432,
      "val_loss": 0.936851167678833,
      "val_acc": 55.12605042016807,
      "timestamp": "2025-08-30 10:20:12",
      "train_f1": 40.623036055658055,
      "train_recall": 52.44932432432432,
      "val_f1": 39.1795114578876,
      "val_recall": 55.12605042016807,
      "confusion_matrix": [
        [
          0,
          0,
          0,
          0,
          67
        ],
        [
          0,
          0,
          0,
          0,
          23
        ],
        [
          0,
          0,
          0,
          0,
          162
        ],
        [
          0,
          0,
          0,
          0,
          15
        ],
        [
          0,
          0,
          0,
          0,
          328
        ]
      ],
      "epoch_time": 80.39147710800171,
      "learning_rate": 3e-05
    },
    {
      "epoch": 7,
      "train_loss": 8.586123332783982,
      "train_acc": 52.7027027027027,
      "val_loss": 0.9281912028789521,
      "val_acc": 55.12605042016807,
      "timestamp": "2025-08-30 10:21:42",
      "train_f1": 40.75533686295844,
      "train_recall": 52.702702702702695,
      "val_f1": 39.1795114578876,
      "val_recall": 55.12605042016807,
      "confusion_matrix": [
        [
          0,
          0,
          0,
          0,
          67
        ],
        [
          0,
          0,
          0,
          0,
          23
        ],
        [
          0,
          0,
          0,
          0,
          162
        ],
        [
          0,
          0,
          0,
          0,
          15
        ],
        [
          0,
          0,
          0,
          0,
          328
        ]
      ],
      "epoch_time": 89.3511278629303,
      "learning_rate": 3e-05
    },
    {
      "epoch": 8,
      "train_loss": 8.553689943777549,
      "train_acc": 53.8429054054054,
      "val_loss": 0.9215454638004303,
      "val_acc": 55.12605042016807,
      "timestamp": "2025-08-30 10:23:35",
      "train_f1": 41.19756040688027,
      "train_recall": 53.8429054054054,
      "val_f1": 39.1795114578876,
      "val_recall": 55.12605042016807,
      "confusion_matrix": [
        [
          0,
          0,
          0,
          0,
          67
        ],
        [
          0,
          0,
          0,
          0,
          23
        ],
        [
          0,
          0,
          0,
          0,
          162
        ],
        [
          0,
          0,
          0,
          0,
          15
        ],
        [
          0,
          0,
          0,
          0,
          328
        ]
      ],
      "epoch_time": 113.14215469360352,
      "learning_rate": 3e-05
    },
    {
      "epoch": 9,
      "train_loss": 8.567057459741026,
      "train_acc": 53.420608108108105,
      "val_loss": 0.9168894708156585,
      "val_acc": 55.12605042016807,
      "timestamp": "2025-08-30 10:27:03",
      "train_f1": 41.31366640083349,
      "train_recall": 53.420608108108105,
      "val_f1": 39.1795114578876,
      "val_recall": 55.12605042016807,
      "confusion_matrix": [
        [
          0,
          0,
          0,
          0,
          67
        ],
        [
          0,
          0,
          0,
          0,
          23
        ],
        [
          0,
          0,
          0,
          0,
          162
        ],
        [
          0,
          0,
          0,
          0,
          15
        ],
        [
          0,
          0,
          0,
          0,
          328
        ]
      ],
      "epoch_time": 207.68161273002625,
      "learning_rate": 3e-05
    },
    {
      "epoch": 10,
      "train_loss": 8.472927228824512,
      "train_acc": 54.476351351351354,
      "val_loss": 0.9137679457664489,
      "val_acc": 55.12605042016807,
      "timestamp": "2025-08-30 10:28:31",
      "train_f1": 41.7971761772185,
      "train_recall": 54.47635135135135,
      "val_f1": 39.1795114578876,
      "val_recall": 55.12605042016807,
      "confusion_matrix": [
        [
          0,
          0,
          0,
          0,
          67
        ],
        [
          0,
          0,
          0,
          0,
          23
        ],
        [
          0,
          0,
          0,
          0,
          162
        ],
        [
          0,
          0,
          0,
          0,
          15
        ],
        [
          0,
          0,
          0,
          0,
          328
        ]
      ],
      "epoch_time": 87.52112936973572,
      "learning_rate": 3e-05
    },
    {
      "epoch": 11,
      "train_loss": 8.501154609628626,
      "train_acc": 52.23817567567568,
      "val_loss": 0.9116544306278229,
      "val_acc": 55.12605042016807,
      "timestamp": "2025-08-30 10:32:59",
      "train_f1": 40.14959961167682,
      "train_recall": 52.23817567567568,
      "val_f1": 39.1795114578876,
      "val_recall": 55.12605042016807,
      "confusion_matrix": [
        [
          0,
          0,
          0,
          0,
          67
        ],
        [
          0,
          0,
          0,
          0,
          23
        ],
        [
          0,
          0,
          0,
          0,
          162
        ],
        [
          0,
          0,
          0,
          0,
          15
        ],
        [
          0,
          0,
          0,
          0,
          328
        ]
      ],
      "epoch_time": 267.2874813079834,
      "learning_rate": 3e-05
    },
    {
      "epoch": 12,
      "train_loss": 8.44780742155539,
      "train_acc": 53.92736486486486,
      "val_loss": 0.9104823887348175,
      "val_acc": 55.12605042016807,
      "timestamp": "2025-08-30 10:34:20",
      "train_f1": 41.28248046064363,
      "train_recall": 53.92736486486487,
      "val_f1": 39.1795114578876,
      "val_recall": 55.12605042016807,
      "confusion_matrix": [
        [
          0,
          0,
          0,
          0,
          67
        ],
        [
          0,
          0,
          0,
          0,
          23
        ],
        [
          0,
          0,
          0,
          0,
          162
        ],
        [
          0,
          0,
          0,
          0,
          15
        ],
        [
          0,
          0,
          0,
          0,
          328
        ]
      ],
      "epoch_time": 80.67495369911194,
      "learning_rate": 1.5e-05
    },
    {
      "epoch": 13,
      "train_loss": 8.457760261522758,
      "train_acc": 53.37837837837838,
      "val_loss": 0.9103684186935425,
      "val_acc": 55.12605042016807,
      "timestamp": "2025-08-30 10:35:23",
      "train_f1": 40.70402714918514,
      "train_recall": 53.37837837837838,
      "val_f1": 39.1795114578876,
      "val_recall": 55.12605042016807,
      "confusion_matrix": [
        [
          0,
          0,
          0,
          0,
          67
        ],
        [
          0,
          0,
          0,
          0,
          23
        ],
        [
          0,
          0,
          0,
          0,
          162
        ],
        [
          0,
          0,
          0,
          0,
          15
        ],
        [
          0,
          0,
          0,
          0,
          328
        ]
      ],
      "epoch_time": 63.241626262664795,
      "learning_rate": 1.5e-05
    },
    {
      "epoch": 14,
      "train_loss": 8.467263010708061,
      "train_acc": 53.88513513513514,
      "val_loss": 0.9104817688465119,
      "val_acc": 55.12605042016807,
      "timestamp": "2025-08-30 10:36:46",
      "train_f1": 40.97112006581697,
      "train_recall": 53.88513513513513,
      "val_f1": 39.1795114578876,
      "val_recall": 55.12605042016807,
      "confusion_matrix": [
        [
          0,
          0,
          0,
          0,
          67
        ],
        [
          0,
          0,
          0,
          0,
          23
        ],
        [
          0,
          0,
          0,
          0,
          162
        ],
        [
          0,
          0,
          0,
          0,
          15
        ],
        [
          0,
          0,
          0,
          0,
          328
        ]
      ],
      "epoch_time": 82.26349902153015,
      "learning_rate": 1.5e-05
    },
    {
      "epoch": 15,
      "train_loss": 8.441893382652387,
      "train_acc": 54.138513513513516,
      "val_loss": 0.9106516301631927,
      "val_acc": 55.12605042016807,
      "timestamp": "2025-08-30 10:37:49",
      "train_f1": 40.80137411596977,
      "train_recall": 54.13851351351351,
      "val_f1": 39.1795114578876,
      "val_recall": 55.12605042016807,
      "confusion_matrix": [
        [
          0,
          0,
          0,
          0,
          67
        ],
        [
          0,
          0,
          0,
          0,
          23
        ],
        [
          0,
          0,
          0,
          0,
          162
        ],
        [
          0,
          0,
          0,
          0,
          15
        ],
        [
          0,
          0,
          0,
          0,
          328
        ]
      ],
      "epoch_time": 62.751983404159546,
      "learning_rate": 1.5e-05
    },
    {
      "epoch": 16,
      "train_loss": 8.477617213854918,
      "train_acc": 52.998310810810814,
      "val_loss": 0.910707813501358,
      "val_acc": 55.12605042016807,
      "timestamp": "2025-08-30 10:39:16",
      "train_f1": 40.23280554627413,
      "train_recall": 52.998310810810814,
      "val_f1": 39.1795114578876,
      "val_recall": 55.12605042016807,
      "confusion_matrix": [
        [
          0,
          0,
          0,
          0,
          67
        ],
        [
          0,
          0,
          0,
          0,
          23
        ],
        [
          0,
          0,
          0,
          0,
          162
        ],
        [
          0,
          0,
          0,
          0,
          15
        ],
        [
          0,
          0,
          0,
          0,
          328
        ]
      ],
      "epoch_time": 86.9836585521698,
      "learning_rate": 1.5e-05
    },
    {
      "epoch": 17,
      "train_loss": 8.475934668167218,
      "train_acc": 53.8429054054054,
      "val_loss": 0.9105918407440186,
      "val_acc": 55.12605042016807,
      "timestamp": "2025-08-30 10:40:33",
      "train_f1": 40.24304322155885,
      "train_recall": 53.8429054054054,
      "val_f1": 39.1795114578876,
      "val_recall": 55.12605042016807,
      "confusion_matrix": [
        [
          0,
          0,
          0,
          0,
          67
        ],
        [
          0,
          0,
          0,
          0,
          23
        ],
        [
          0,
          0,
          0,
          0,
          162
        ],
        [
          0,
          0,
          0,
          0,
          15
        ],
        [
          0,
          0,
          0,
          0,
          328
        ]
      ],
      "epoch_time": 76.68828344345093,
      "learning_rate": 1.5e-05
    },
    {
      "epoch": 18,
      "train_loss": 8.448244542688936,
      "train_acc": 53.420608108108105,
      "val_loss": 0.9102320730686188,
      "val_acc": 55.12605042016807,
      "timestamp": "2025-08-30 10:42:52",
      "train_f1": 39.78700779434497,
      "train_recall": 53.420608108108105,
      "val_f1": 39.1795114578876,
      "val_recall": 55.12605042016807,
      "confusion_matrix": [
        [
          0,
          0,
          0,
          0,
          67
        ],
        [
          0,
          0,
          0,
          0,
          23
        ],
        [
          0,
          0,
          0,
          0,
          162
        ],
        [
          0,
          0,
          0,
          0,
          15
        ],
        [
          0,
          0,
          0,
          0,
          328
        ]
      ],
      "epoch_time": 139.4766821861267,
      "learning_rate": 1.5e-05
    },
    {
      "epoch": 19,
      "train_loss": 8.447113323856044,
      "train_acc": 53.92736486486486,
      "val_loss": 0.9096857309341431,
      "val_acc": 55.12605042016807,
      "timestamp": "2025-08-30 10:43:56",
      "train_f1": 40.023034022678154,
      "train_recall": 53.92736486486487,
      "val_f1": 39.1795114578876,
      "val_recall": 55.12605042016807,
      "confusion_matrix": [
        [
          0,
          0,
          0,
          0,
          67
        ],
        [
          0,
          0,
          0,
          0,
          23
        ],
        [
          0,
          0,
          0,
          0,
          162
        ],
        [
          0,
          0,
          0,
          0,
          15
        ],
        [
          0,
          0,
          0,
          0,
          328
        ]
      ],
      "epoch_time": 63.104477882385254,
      "learning_rate": 1.5e-05
    },
    {
      "epoch": 20,
      "train_loss": 8.489024711621774,
      "train_acc": 53.20945945945946,
      "val_loss": 0.9093317866325379,
      "val_acc": 55.12605042016807,
      "timestamp": "2025-08-30 10:46:28",
      "train_f1": 39.93082391564956,
      "train_recall": 53.20945945945946,
      "val_f1": 39.1795114578876,
      "val_recall": 55.12605042016807,
      "confusion_matrix": [
        [
          0,
          0,
          0,
          0,
          67
        ],
        [
          0,
          0,
          0,
          0,
          23
        ],
        [
          0,
          0,
          0,
          0,
          162
        ],
        [
          0,
          0,
          0,
          0,
          15
        ],
        [
          0,
          0,
          0,
          0,
          328
        ]
      ],
      "epoch_time": 151.90950107574463,
      "learning_rate": 1.5e-05
    },
    {
      "epoch": 21,
      "train_loss": 8.449965154802477,
      "train_acc": 54.476351351351354,
      "val_loss": 0.9089868366718292,
      "val_acc": 55.12605042016807,
      "timestamp": "2025-08-30 10:47:43",
      "train_f1": 40.53519936986656,
      "train_recall": 54.47635135135135,
      "val_f1": 39.1795114578876,
      "val_recall": 55.12605042016807,
      "confusion_matrix": [
        [
          0,
          0,
          0,
          0,
          67
        ],
        [
          0,
          0,
          0,
          0,
          23
        ],
        [
          0,
          0,
          0,
          0,
          162
        ],
        [
          0,
          0,
          0,
          0,
          15
        ],
        [
          0,
          0,
          0,
          0,
          328
        ]
      ],
      "epoch_time": 73.83258581161499,
      "learning_rate": 1.5e-05
    },
    {
      "epoch": 22,
      "train_loss": 8.450740446915498,
      "train_acc": 54.09628378378378,
      "val_loss": 0.908632117509842,
      "val_acc": 55.12605042016807,
      "timestamp": "2025-08-30 10:50:05",
      "train_f1": 40.91353187568125,
      "train_recall": 54.09628378378378,
      "val_f1": 39.1795114578876,
      "val_recall": 55.12605042016807,
      "confusion_matrix": [
        [
          0,
          0,
          0,
          0,
          67
        ],
        [
          0,
          0,
          0,
          0,
          23
        ],
        [
          0,
          0,
          0,
          0,
          162
        ],
        [
          0,
          0,
          0,
          0,
          15
        ],
        [
          0,
          0,
          0,
          0,
          328
        ]
      ],
      "epoch_time": 142.19991946220398,
      "learning_rate": 1.5e-05
    },
    {
      "epoch": 23,
      "train_loss": 8.438092690867347,
      "train_acc": 54.43412162162162,
      "val_loss": 0.90824955701828,
      "val_acc": 55.12605042016807,
      "timestamp": "2025-08-30 10:51:20",
      "train_f1": 40.20911023407761,
      "train_recall": 54.43412162162162,
      "val_f1": 39.1795114578876,
      "val_recall": 55.12605042016807,
      "confusion_matrix": [
        [
          0,
          0,
          0,
          0,
          67
        ],
        [
          0,
          0,
          0,
          0,
          23
        ],
        [
          0,
          0,
          0,
          0,
          162
        ],
        [
          0,
          0,
          0,
          0,
          15
        ],
        [
          0,
          0,
          0,
          0,
          328
        ]
      ],
      "epoch_time": 73.94177222251892,
      "learning_rate": 7.5e-06
    },
    {
      "epoch": 24,
      "train_loss": 8.44624388701207,
      "train_acc": 53.9695945945946,
      "val_loss": 0.9081427693367005,
      "val_acc": 55.12605042016807,
      "timestamp": "2025-08-30 10:52:51",
      "train_f1": 40.50502426547439,
      "train_recall": 53.9695945945946,
      "val_f1": 39.1795114578876,
      "val_recall": 55.12605042016807,
      "confusion_matrix": [
        [
          0,
          0,
          0,
          0,
          67
        ],
        [
          0,
          0,
          0,
          0,
          23
        ],
        [
          0,
          0,
          0,
          0,
          162
        ],
        [
          0,
          0,
          0,
          0,
          15
        ],
        [
          0,
          0,
          0,
          0,
          328
        ]
      ],
      "epoch_time": 91.125741481781,
      "learning_rate": 7.5e-06
    },
    {
      "epoch": 25,
      "train_loss": 8.446422061404666,
      "train_acc": 54.09628378378378,
      "val_loss": 0.908091914653778,
      "val_acc": 55.12605042016807,
      "timestamp": "2025-08-30 10:54:32",
      "train_f1": 40.472305152330016,
      "train_recall": 54.09628378378378,
      "val_f1": 39.1795114578876,
      "val_recall": 55.12605042016807,
      "confusion_matrix": [
        [
          0,
          0,
          0,
          0,
          67
        ],
        [
          0,
          0,
          0,
          0,
          23
        ],
        [
          0,
          0,
          0,
          0,
          162
        ],
        [
          0,
          0,
          0,
          0,
          15
        ],
        [
          0,
          0,
          0,
          0,
          328
        ]
      ],
      "epoch_time": 100.40768146514893,
      "learning_rate": 7.5e-06
    },
    {
      "epoch": 26,
      "train_loss": 8.43069390831767,
      "train_acc": 53.80067567567568,
      "val_loss": 0.9080467343330383,
      "val_acc": 55.12605042016807,
      "timestamp": "2025-08-30 10:56:46",
      "train_f1": 39.94616595158863,
      "train_recall": 53.80067567567568,
      "val_f1": 39.1795114578876,
      "val_recall": 55.12605042016807,
      "confusion_matrix": [
        [
          0,
          0,
          0,
          0,
          67
        ],
        [
          0,
          0,
          0,
          0,
          23
        ],
        [
          0,
          0,
          0,
          0,
          162
        ],
        [
          0,
          0,
          0,
          0,
          15
        ],
        [
          0,
          0,
          0,
          0,
          328
        ]
      ],
      "epoch_time": 133.80549335479736,
      "learning_rate": 7.5e-06
    },
    {
      "epoch": 27,
      "train_loss": 8.453259986800116,
      "train_acc": 54.729729729729726,
      "val_loss": 0.9080412149429321,
      "val_acc": 55.12605042016807,
      "timestamp": "2025-08-30 10:57:50",
      "train_f1": 40.324493192963345,
      "train_recall": 54.729729729729726,
      "val_f1": 39.1795114578876,
      "val_recall": 55.12605042016807,
      "confusion_matrix": [
        [
          0,
          0,
          0,
          0,
          67
        ],
        [
          0,
          0,
          0,
          0,
          23
        ],
        [
          0,
          0,
          0,
          0,
          162
        ],
        [
          0,
          0,
          0,
          0,
          15
        ],
        [
          0,
          0,
          0,
          0,
          328
        ]
      ],
      "epoch_time": 63.32384157180786,
      "learning_rate": 7.5e-06
    },
    {
      "epoch": 28,
      "train_loss": 8.43441531142673,
      "train_acc": 54.054054054054056,
      "val_loss": 0.907989251613617,
      "val_acc": 55.12605042016807,
      "timestamp": "2025-08-30 11:00:07",
      "train_f1": 40.560708778100086,
      "train_recall": 54.054054054054056,
      "val_f1": 39.1795114578876,
      "val_recall": 55.12605042016807,
      "confusion_matrix": [
        [
          0,
          0,
          0,
          0,
          67
        ],
        [
          0,
          0,
          0,
          0,
          23
        ],
        [
          0,
          0,
          0,
          0,
          162
        ],
        [
          0,
          0,
          0,
          0,
          15
        ],
        [
          0,
          0,
          0,
          0,
          328
        ]
      ],
      "epoch_time": 136.79634928703308,
      "learning_rate": 7.5e-06
    },
    {
      "epoch": 29,
      "train_loss": 8.456860893481487,
      "train_acc": 54.18074324324324,
      "val_loss": 0.9079832613468171,
      "val_acc": 55.12605042016807,
      "timestamp": "2025-08-30 11:01:17",
      "train_f1": 39.82836874103045,
      "train_recall": 54.18074324324324,
      "val_f1": 39.1795114578876,
      "val_recall": 55.12605042016807,
      "confusion_matrix": [
        [
          0,
          0,
          0,
          0,
          67
        ],
        [
          0,
          0,
          0,
          0,
          23
        ],
        [
          0,
          0,
          0,
          0,
          162
        ],
        [
          0,
          0,
          0,
          0,
          15
        ],
        [
          0,
          0,
          0,
          0,
          328
        ]
      ],
      "epoch_time": 70.0909972190857,
      "learning_rate": 7.5e-06
    },
    {
      "epoch": 30,
      "train_loss": 8.475726451422718,
      "train_acc": 54.2652027027027,
      "val_loss": 0.9079919874668121,
      "val_acc": 55.12605042016807,
      "timestamp": "2025-08-30 11:02:23",
      "train_f1": 39.62845442719298,
      "train_recall": 54.265202702702695,
      "val_f1": 39.1795114578876,
      "val_recall": 55.12605042016807,
      "confusion_matrix": [
        [
          0,
          0,
          0,
          0,
          67
        ],
        [
          0,
          0,
          0,
          0,
          23
        ],
        [
          0,
          0,
          0,
          0,
          162
        ],
        [
          0,
          0,
          0,
          0,
          15
        ],
        [
          0,
          0,
          0,
          0,
          328
        ]
      ],
      "epoch_time": 65.75949430465698,
      "learning_rate": 7.5e-06
    },
    {
      "epoch": 31,
      "train_loss": 8.470118761062622,
      "train_acc": 53.20945945945946,
      "val_loss": 0.907929128408432,
      "val_acc": 55.12605042016807,
      "timestamp": "2025-08-30 11:05:09",
      "train_f1": 39.190451221176424,
      "train_recall": 53.20945945945946,
      "val_f1": 39.1795114578876,
      "val_recall": 55.12605042016807,
      "confusion_matrix": [
        [
          0,
          0,
          0,
          0,
          67
        ],
        [
          0,
          0,
          0,
          0,
          23
        ],
        [
          0,
          0,
          0,
          0,
          162
        ],
        [
          0,
          0,
          0,
          0,
          15
        ],
        [
          0,
          0,
          0,
          0,
          328
        ]
      ],
      "epoch_time": 165.31955742835999,
      "learning_rate": 7.5e-06
    },
    {
      "epoch": 32,
      "train_loss": 8.456493930236713,
      "train_acc": 54.85641891891892,
      "val_loss": 0.9078583061695099,
      "val_acc": 55.12605042016807,
      "timestamp": "2025-08-30 11:06:17",
      "train_f1": 40.15713893341745,
      "train_recall": 54.85641891891891,
      "val_f1": 39.26459183021743,
      "val_recall": 55.12605042016807,
      "confusion_matrix": [
        [
          0,
          0,
          0,
          0,
          67
        ],
        [
          0,
          0,
          0,
          0,
          23
        ],
        [
          0,
          0,
          0,
          0,
          162
        ],
        [
          2,
          0,
          0,
          0,
          13
        ],
        [
          0,
          0,
          0,
          0,
          328
        ]
      ],
      "epoch_time": 67.25292897224426,
      "learning_rate": 7.5e-06
    },
    {
      "epoch": 33,
      "train_loss": 8.472124226995417,
      "train_acc": 54.307432432432435,
      "val_loss": 0.9077512264251709,
      "val_acc": 55.12605042016807,
      "timestamp": "2025-08-30 11:08:44",
      "train_f1": 41.14523464105106,
      "train_recall": 54.307432432432435,
      "val_f1": 39.30727073438071,
      "val_recall": 55.12605042016807,
      "confusion_matrix": [
        [
          0,
          0,
          0,
          0,
          67
        ],
        [
          0,
          0,
          0,
          0,
          23
        ],
        [
          0,
          0,
          0,
          0,
          162
        ],
        [
          3,
          0,
          0,
          0,
          12
        ],
        [
          0,
          0,
          0,
          0,
          328
        ]
      ],
      "epoch_time": 147.26749968528748,
      "learning_rate": 7.5e-06
    },
    {
      "epoch": 34,
      "train_loss": 8.434774242542886,
      "train_acc": 54.85641891891892,
      "val_loss": 0.9075989365577698,
      "val_acc": 55.12605042016807,
      "timestamp": "2025-08-30 11:09:54",
      "train_f1": 40.59015875879488,
      "train_recall": 54.85641891891891,
      "val_f1": 39.30727073438071,
      "val_recall": 55.12605042016807,
      "confusion_matrix": [
        [
          0,
          0,
          0,
          0,
          67
        ],
        [
          0,
          0,
          0,
          0,
          23
        ],
        [
          0,
          0,
          0,
          0,
          162
        ],
        [
          3,
          0,
          0,
          0,
          12
        ],
        [
          0,
          0,
          0,
          0,
          328
        ]
      ],
      "epoch_time": 69.06217980384827,
      "learning_rate": 3.75e-06
    },
    {
      "epoch": 35,
      "train_loss": 8.452120176843694,
      "train_acc": 54.391891891891895,
      "val_loss": 0.9075227737426758,
      "val_acc": 55.12605042016807,
      "timestamp": "2025-08-30 11:12:27",
      "train_f1": 40.578944473961904,
      "train_recall": 54.391891891891895,
      "val_f1": 39.30727073438071,
      "val_recall": 55.12605042016807,
      "confusion_matrix": [
        [
          0,
          0,
          0,
          0,
          67
        ],
        [
          0,
          0,
          0,
          0,
          23
        ],
        [
          0,
          0,
          0,
          0,
          162
        ],
        [
          3,
          0,
          0,
          0,
          12
        ],
        [
          0,
          0,
          0,
          0,
          328
        ]
      ],
      "epoch_time": 153.41154623031616,
      "learning_rate": 3.75e-06
    },
    {
      "epoch": 36,
      "train_loss": 8.448725229985005,
      "train_acc": 55.1097972972973,
      "val_loss": 0.9074508905410766,
      "val_acc": 55.12605042016807,
      "timestamp": "2025-08-30 11:13:46",
      "train_f1": 40.7879962100535,
      "train_recall": 55.109797297297305,
      "val_f1": 39.30727073438071,
      "val_recall": 55.12605042016807,
      "confusion_matrix": [
        [
          0,
          0,
          0,
          0,
          67
        ],
        [
          0,
          0,
          0,
          0,
          23
        ],
        [
          0,
          0,
          0,
          0,
          162
        ],
        [
          3,
          0,
          0,
          0,
          12
        ],
        [
          0,
          0,
          0,
          0,
          328
        ]
      ],
      "epoch_time": 77.89080905914307,
      "learning_rate": 3.75e-06
    },
    {
      "epoch": 37,
      "train_loss": 8.434146277002386,
      "train_acc": 53.673986486486484,
      "val_loss": 0.9073543787002564,
      "val_acc": 55.12605042016807,
      "timestamp": "2025-08-30 11:17:10",
      "train_f1": 39.61118377135089,
      "train_recall": 53.67398648648649,
      "val_f1": 39.30727073438071,
      "val_recall": 55.12605042016807,
      "confusion_matrix": [
        [
          0,
          0,
          0,
          0,
          67
        ],
        [
          0,
          0,
          0,
          0,
          23
        ],
        [
          0,
          0,
          0,
          0,
          162
        ],
        [
          3,
          0,
          0,
          0,
          12
        ],
        [
          0,
          0,
          0,
          0,
          328
        ]
      ],
      "epoch_time": 203.6335027217865,
      "learning_rate": 3.75e-06
    },
    {
      "epoch": 38,
      "train_loss": 8.46089685929788,
      "train_acc": 54.560810810810814,
      "val_loss": 0.9072997808456421,
      "val_acc": 55.12605042016807,
      "timestamp": "2025-08-30 11:18:22",
      "train_f1": 40.17297258661139,
      "train_recall": 54.560810810810814,
      "val_f1": 39.30727073438071,
      "val_recall": 55.12605042016807,
      "confusion_matrix": [
        [
          0,
          0,
          0,
          0,
          67
        ],
        [
          0,
          0,
          0,
          0,
          23
        ],
        [
          0,
          0,
          0,
          0,
          162
        ],
        [
          3,
          0,
          0,
          0,
          12
        ],
        [
          0,
          0,
          0,
          0,
          328
        ]
      ],
      "epoch_time": 71.38597750663757,
      "learning_rate": 3.75e-06
    },
    {
      "epoch": 39,
      "train_loss": 8.451539841858116,
      "train_acc": 54.814189189189186,
      "val_loss": 0.9072462499141694,
      "val_acc": 55.12605042016807,
      "timestamp": "2025-08-30 11:19:22",
      "train_f1": 39.98597613767165,
      "train_recall": 54.814189189189186,
      "val_f1": 39.35004251972824,
      "val_recall": 55.12605042016807,
      "confusion_matrix": [
        [
          0,
          0,
          0,
          0,
          67
        ],
        [
          1,
          0,
          0,
          0,
          22
        ],
        [
          0,
          0,
          0,
          0,
          162
        ],
        [
          3,
          0,
          0,
          0,
          12
        ],
        [
          0,
          0,
          0,
          0,
          328
        ]
      ],
      "epoch_time": 60.070038080215454,
      "learning_rate": 3.75e-06
    },
    {
      "epoch": 40,
      "train_loss": 8.447181688772666,
      "train_acc": 54.560810810810814,
      "val_loss": 0.907204395532608,
      "val_acc": 55.12605042016807,
      "timestamp": "2025-08-30 11:20:15",
      "train_f1": 40.20165508019602,
      "train_recall": 54.560810810810814,
      "val_f1": 39.35004251972824,
      "val_recall": 55.12605042016807,
      "confusion_matrix": [
        [
          0,
          0,
          0,
          0,
          67
        ],
        [
          1,
          0,
          0,
          0,
          22
        ],
        [
          0,
          0,
          0,
          0,
          162
        ],
        [
          3,
          0,
          0,
          0,
          12
        ],
        [
          0,
          0,
          0,
          0,
          328
        ]
      ],
      "epoch_time": 53.231096267700195,
      "learning_rate": 3.75e-06
    },
    {
      "epoch": 41,
      "train_loss": 8.427280068397522,
      "train_acc": 53.9695945945946,
      "val_loss": 0.9071532666683197,
      "val_acc": 55.12605042016807,
      "timestamp": "2025-08-30 11:21:24",
      "train_f1": 38.999077591756745,
      "train_recall": 53.9695945945946,
      "val_f1": 39.35004251972824,
      "val_recall": 55.12605042016807,
      "confusion_matrix": [
        [
          0,
          0,
          0,
          0,
          67
        ],
        [
          1,
          0,
          0,
          0,
          22
        ],
        [
          0,
          0,
          0,
          0,
          162
        ],
        [
          3,
          0,
          0,
          0,
          12
        ],
        [
          0,
          0,
          0,
          0,
          328
        ]
      ],
      "epoch_time": 68.26206517219543,
      "learning_rate": 3.75e-06
    }
  ]
}