{
  "dataset": "LINEAR",
  "model_type": "langevin",
  "sde_config": 1,
  "start_time": "20250830_091044",
  "date": "20250830",
  "epochs": [
    {
      "epoch": 1,
      "train_loss": 237.52045124178895,
      "train_acc": 42.33173076923077,
      "val_loss": 0.9105608319414074,
      "val_acc": 40.345821325648416,
      "timestamp": "2025-08-30 09:10:51",
      "train_f1": 36.50460147355264,
      "train_recall": 42.33173076923077,
      "val_f1": 23.196776121522703,
      "val_recall": 40.345821325648416,
      "confusion_matrix": [
        [
          0,
          0,
          62,
          0,
          0
        ],
        [
          0,
          0,
          19,
          0,
          0
        ],
        [
          0,
          0,
          420,
          0,
          0
        ],
        [
          0,
          0,
          164,
          0,
          0
        ],
        [
          0,
          0,
          376,
          0,
          0
        ]
      ],
      "class_accuracies": {
        "class_0": 0.0,
        "class_1": 0.0,
        "class_2": 100.0,
        "class_3": 0.0,
        "class_4": 0.0
      },
      "epoch_time": 7.343128442764282,
      "learning_rate": 3e-05
    }
  ]
}