{
  "dataset": "ASAS",
  "model_type": "linear_noise",
  "sde_config": 1,
  "start_time": "20250828_194131",
  "date": "20250828",
  "epochs": [
    {
      "epoch": 1,
      "train_loss": 7.818042339505376,
      "train_acc": 49.957770270270274,
      "val_loss": 0.5790980875492096,
      "val_acc": 55.12605042016807,
      "timestamp": "2025-08-28 19:41:53",
      "train_f1": 21.942219967031804,
      "train_recall": 23.57543367425334,
      "val_f1": 39.43586594943322,
      "val_recall": 55.12605042016807,
      "confusion_matrix": [
        [
          0,
          0,
          0,
          0,
          67
        ],
        [
          0,
          0,
          4,
          0,
          19
        ],
        [
          0,
          0,
          0,
          0,
          162
        ],
        [
          0,
          0,
          2,
          0,
          13
        ],
        [
          0,
          0,
          0,
          0,
          328
        ]
      ],
      "class_accuracies": {
        "class_0": 0.0,
        "class_1": 0.0,
        "class_2": 0.0,
        "class_3": 0.0,
        "class_4": 100.0
      },
      "epoch_time": 21.816499710083008,
      "learning_rate": 5e-05
    },
    {
      "epoch": 2,
      "train_loss": 5.180981327553053,
      "train_acc": 58.361486486486484,
      "val_loss": 0.4099786370992661,
      "val_acc": 64.87394957983193,
      "timestamp": "2025-08-28 19:42:12",
      "train_f1": 28.084540770602583,
      "train_recall": 28.889139122638188,
      "val_f1": 58.65354935019943,
      "val_recall": 64.87394957983193,
      "confusion_matrix": [
        [
          21,
          0,
          39,
          0,
          7
        ],
        [
          17,
          6,
          0,
          0,
          0
        ],
        [
          0,
          0,
          33,
          0,
          129
        ],
        [
          0,
          4,
          10,
          0,
          1
        ],
        [
          0,
          0,
          2,
          0,
          326
        ]
      ],
      "class_accuracies": {
        "class_0": 31.343283582089555,
        "class_1": 26.08695652173913,
        "class_2": 20.37037037037037,
        "class_3": 0.0,
        "class_4": 99.39024390243902
      },
      "epoch_time": 18.806647300720215,
      "learning_rate": 5e-05
    },
    {
      "epoch": 3,
      "train_loss": 3.8497554881347194,
      "train_acc": 76.26689189189189,
      "val_loss": 0.26796008497476576,
      "val_acc": 89.24369747899159,
      "timestamp": "2025-08-28 19:43:57",
      "train_f1": 56.303314926861574,
      "train_recall": 54.958227553334794,
      "val_f1": 87.8003664291517,
      "val_recall": 89.2436974789916,
      "confusion_matrix": [
        [
          42,
          0,
          23,
          0,
          2
        ],
        [
          2,
          21,
          0,
          0,
          0
        ],
        [
          0,
          0,
          142,
          0,
          20
        ],
        [
          9,
          4,
          1,
          0,
          1
        ],
        [
          2,
          0,
          0,
          0,
          326
        ]
      ],
      "class_accuracies": {
        "class_0": 62.68656716417911,
        "class_1": 91.30434782608695,
        "class_2": 87.65432098765432,
        "class_3": 0.0,
        "class_4": 99.39024390243902
      },
      "epoch_time": 104.59818506240845,
      "learning_rate": 5e-05
    },
    {
      "epoch": 4,
      "train_loss": 2.519461210112314,
      "train_acc": 89.61148648648648,
      "val_loss": 0.17656299844384193,
      "val_acc": 93.27731092436974,
      "timestamp": "2025-08-28 19:46:02",
      "train_f1": 70.14307247601086,
      "train_recall": 71.14264687338678,
      "val_f1": 92.0954146058954,
      "val_recall": 93.27731092436974,
      "confusion_matrix": [
        [
          51,
          0,
          16,
          0,
          0
        ],
        [
          2,
          21,
          0,
          0,
          0
        ],
        [
          1,
          0,
          159,
          0,
          2
        ],
        [
          10,
          4,
          0,
          0,
          1
        ],
        [
          2,
          0,
          2,
          0,
          324
        ]
      ],
      "class_accuracies": {
        "class_0": 76.11940298507463,
        "class_1": 91.30434782608695,
        "class_2": 98.14814814814815,
        "class_3": 0.0,
        "class_4": 98.78048780487805
      },
      "epoch_time": 124.10591578483582,
      "learning_rate": 5e-05
    },
    {
      "epoch": 5,
      "train_loss": 1.7734774365215689,
      "train_acc": 92.22972972972973,
      "val_loss": 0.16966155916452408,
      "val_acc": 91.9327731092437,
      "timestamp": "2025-08-28 19:46:28",
      "train_f1": 71.98248358342643,
      "train_recall": 73.36304987484687,
      "val_f1": 90.62697711562664,
      "val_recall": 91.9327731092437,
      "confusion_matrix": [
        [
          45,
          0,
          21,
          0,
          1
        ],
        [
          2,
          21,
          0,
          0,
          0
        ],
        [
          1,
          0,
          155,
          0,
          6
        ],
        [
          10,
          4,
          0,
          0,
          1
        ],
        [
          2,
          0,
          0,
          0,
          326
        ]
      ],
      "epoch_time": 24.95756983757019,
      "learning_rate": 5e-05
    },
    {
      "epoch": 6,
      "train_loss": 1.4333355767098632,
      "train_acc": 92.77871621621621,
      "val_loss": 0.15555534809827803,
      "val_acc": 92.43697478991596,
      "timestamp": "2025-08-28 19:46:44",
      "train_f1": 74.51648840054457,
      "train_recall": 75.08945984051957,
      "val_f1": 91.37336650084049,
      "val_recall": 92.43697478991596,
      "confusion_matrix": [
        [
          52,
          0,
          15,
          0,
          0
        ],
        [
          2,
          21,
          0,
          0,
          0
        ],
        [
          4,
          0,
          158,
          0,
          0
        ],
        [
          10,
          4,
          1,
          0,
          0
        ],
        [
          2,
          0,
          7,
          0,
          319
        ]
      ],
      "epoch_time": 15.500049591064453,
      "learning_rate": 5e-05
    },
    {
      "epoch": 7,
      "train_loss": 1.434650369391248,
      "train_acc": 92.9054054054054,
      "val_loss": 0.1534838043153286,
      "val_acc": 92.43697478991596,
      "timestamp": "2025-08-28 19:47:08",
      "train_f1": 77.50377231536598,
      "train_recall": 76.93649631666545,
      "val_f1": 91.42378349941373,
      "val_recall": 92.43697478991596,
      "confusion_matrix": [
        [
          48,
          1,
          18,
          0,
          0
        ],
        [
          2,
          21,
          0,
          0,
          0
        ],
        [
          1,
          0,
          155,
          0,
          6
        ],
        [
          10,
          3,
          0,
          1,
          1
        ],
        [
          2,
          0,
          1,
          0,
          325
        ]
      ],
      "epoch_time": 23.89533543586731,
      "learning_rate": 5e-05
    },
    {
      "epoch": 8,
      "train_loss": 1.3195205167741388,
      "train_acc": 93.6233108108108,
      "val_loss": 0.2144459992647171,
      "val_acc": 89.07563025210084,
      "timestamp": "2025-08-28 19:47:51",
      "train_f1": 80.63701520190715,
      "train_recall": 79.05123500612353,
      "val_f1": 88.90204262696064,
      "val_recall": 89.07563025210085,
      "confusion_matrix": [
        [
          55,
          0,
          12,
          0,
          0
        ],
        [
          2,
          21,
          0,
          0,
          0
        ],
        [
          11,
          0,
          151,
          0,
          0
        ],
        [
          10,
          1,
          1,
          3,
          0
        ],
        [
          2,
          0,
          26,
          0,
          300
        ]
      ],
      "epoch_time": 42.76047730445862,
      "learning_rate": 5e-05
    },
    {
      "epoch": 9,
      "train_loss": 1.2900309810364567,
      "train_acc": 93.36993243243244,
      "val_loss": 0.1406205728650093,
      "val_acc": 92.94117647058823,
      "timestamp": "2025-08-28 19:48:54",
      "train_f1": 84.17039730196633,
      "train_recall": 81.84774072577632,
      "val_f1": 92.41015709570833,
      "val_recall": 92.94117647058823,
      "confusion_matrix": [
        [
          51,
          2,
          14,
          0,
          0
        ],
        [
          2,
          21,
          0,
          0,
          0
        ],
        [
          5,
          0,
          156,
          0,
          1
        ],
        [
          10,
          1,
          0,
          3,
          1
        ],
        [
          2,
          0,
          4,
          0,
          322
        ]
      ],
      "epoch_time": 63.032735109329224,
      "learning_rate": 5e-05
    },
    {
      "epoch": 10,
      "train_loss": 1.2144141337154686,
      "train_acc": 93.53885135135135,
      "val_loss": 0.16513973772525786,
      "val_acc": 90.08403361344538,
      "timestamp": "2025-08-28 19:49:13",
      "train_f1": 81.76312186378671,
      "train_recall": 80.03050653500281,
      "val_f1": 90.05849038317153,
      "val_recall": 90.08403361344538,
      "confusion_matrix": [
        [
          58,
          0,
          9,
          0,
          0
        ],
        [
          2,
          21,
          0,
          0,
          0
        ],
        [
          25,
          0,
          137,
          0,
          0
        ],
        [
          10,
          1,
          1,
          3,
          0
        ],
        [
          2,
          0,
          9,
          0,
          317
        ]
      ],
      "epoch_time": 18.118959665298462,
      "learning_rate": 5e-05
    },
    {
      "epoch": 11,
      "train_loss": 1.1702767640754983,
      "train_acc": 93.66554054054055,
      "val_loss": 0.14636488482356072,
      "val_acc": 92.10084033613445,
      "timestamp": "2025-08-28 19:49:36",
      "train_f1": 85.07057638283818,
      "train_recall": 82.59007230353,
      "val_f1": 91.76543926450388,
      "val_recall": 92.10084033613445,
      "confusion_matrix": [
        [
          55,
          0,
          12,
          0,
          0
        ],
        [
          2,
          21,
          0,
          0,
          0
        ],
        [
          11,
          0,
          151,
          0,
          0
        ],
        [
          10,
          1,
          1,
          3,
          0
        ],
        [
          2,
          0,
          8,
          0,
          318
        ]
      ],
      "epoch_time": 22.892482042312622,
      "learning_rate": 5e-05
    },
    {
      "epoch": 12,
      "train_loss": 1.2987974710963868,
      "train_acc": 93.83445945945945,
      "val_loss": 0.13710755631327629,
      "val_acc": 93.10924369747899,
      "timestamp": "2025-08-28 19:50:14",
      "train_f1": 86.1687221589978,
      "train_recall": 83.43947695435033,
      "val_f1": 92.44931536444687,
      "val_recall": 93.10924369747899,
      "confusion_matrix": [
        [
          49,
          2,
          16,
          0,
          0
        ],
        [
          2,
          21,
          0,
          0,
          0
        ],
        [
          1,
          0,
          156,
          0,
          5
        ],
        [
          10,
          1,
          0,
          3,
          1
        ],
        [
          2,
          0,
          1,
          0,
          325
        ]
      ],
      "epoch_time": 37.918357610702515,
      "learning_rate": 5e-05
    },
    {
      "epoch": 13,
      "train_loss": 1.1689264292048442,
      "train_acc": 93.8766891891892,
      "val_loss": 0.1360742300748825,
      "val_acc": 92.60504201680672,
      "timestamp": "2025-08-28 19:51:01",
      "train_f1": 85.96693216104664,
      "train_recall": 84.00133901561732,
      "val_f1": 92.06600765105367,
      "val_recall": 92.60504201680672,
      "confusion_matrix": [
        [
          52,
          2,
          13,
          0,
          0
        ],
        [
          2,
          21,
          0,
          0,
          0
        ],
        [
          6,
          0,
          150,
          0,
          6
        ],
        [
          10,
          1,
          0,
          3,
          1
        ],
        [
          2,
          0,
          1,
          0,
          325
        ]
      ],
      "epoch_time": 46.37083387374878,
      "learning_rate": 5e-05
    },
    {
      "epoch": 14,
      "train_loss": 1.1901743206623439,
      "train_acc": 93.96114864864865,
      "val_loss": 0.12573424056172372,
      "val_acc": 93.61344537815125,
      "timestamp": "2025-08-28 19:51:38",
      "train_f1": 85.88240780466944,
      "train_recall": 83.50221141279134,
      "val_f1": 93.00093108507642,
      "val_recall": 93.61344537815125,
      "confusion_matrix": [
        [
          51,
          0,
          16,
          0,
          0
        ],
        [
          2,
          21,
          0,
          0,
          0
        ],
        [
          1,
          0,
          159,
          0,
          2
        ],
        [
          10,
          1,
          0,
          3,
          1
        ],
        [
          2,
          0,
          3,
          0,
          323
        ]
      ],
      "class_accuracies": {
        "class_0": 76.11940298507463,
        "class_1": 91.30434782608695,
        "class_2": 98.14814814814815,
        "class_3": 20.0,
        "class_4": 98.47560975609755
      },
      "epoch_time": 36.24610662460327,
      "learning_rate": 5e-05
    },
    {
      "epoch": 15,
      "train_loss": 1.1304477698899604,
      "train_acc": 94.08783783783784,
      "val_loss": 0.15580112412571906,
      "val_acc": 93.27731092436974,
      "timestamp": "2025-08-28 19:52:20",
      "train_f1": 86.61303858066935,
      "train_recall": 84.02648529265404,
      "val_f1": 92.63048690954628,
      "val_recall": 93.27731092436974,
      "confusion_matrix": [
        [
          51,
          0,
          15,
          0,
          1
        ],
        [
          2,
          21,
          0,
          0,
          0
        ],
        [
          1,
          0,
          154,
          0,
          7
        ],
        [
          10,
          1,
          0,
          3,
          1
        ],
        [
          2,
          0,
          0,
          0,
          326
        ]
      ],
      "epoch_time": 42.270697832107544,
      "learning_rate": 5e-05
    },
    {
      "epoch": 16,
      "train_loss": 1.5650667763642363,
      "train_acc": 92.27195945945945,
      "val_loss": 0.1322884239256382,
      "val_acc": 92.77310924369748,
      "timestamp": "2025-08-28 19:57:17",
      "train_f1": 84.97853190400149,
      "train_recall": 82.28066617361934,
      "val_f1": 92.2742399830062,
      "val_recall": 92.77310924369748,
      "confusion_matrix": [
        [
          52,
          1,
          14,
          0,
          0
        ],
        [
          2,
          21,
          0,
          0,
          0
        ],
        [
          4,
          0,
          158,
          0,
          0
        ],
        [
          10,
          1,
          1,
          3,
          0
        ],
        [
          2,
          0,
          8,
          0,
          318
        ]
      ],
      "epoch_time": 296.00368905067444,
      "learning_rate": 5e-05
    },
    {
      "epoch": 17,
      "train_loss": 1.2366511336452253,
      "train_acc": 93.28547297297297,
      "val_loss": 0.11901393681764602,
      "val_acc": 93.4453781512605,
      "timestamp": "2025-08-28 19:58:41",
      "train_f1": 85.49182008974607,
      "train_recall": 82.75817346256585,
      "val_f1": 92.88046946165348,
      "val_recall": 93.4453781512605,
      "confusion_matrix": [
        [
          51,
          2,
          14,
          0,
          0
        ],
        [
          2,
          21,
          0,
          0,
          0
        ],
        [
          4,
          0,
          157,
          0,
          1
        ],
        [
          10,
          1,
          0,
          3,
          1
        ],
        [
          2,
          0,
          2,
          0,
          324
        ]
      ],
      "epoch_time": 83.57386803627014,
      "learning_rate": 5e-05
    },
    {
      "epoch": 18,
      "train_loss": 1.3309538965491023,
      "train_acc": 93.0320945945946,
      "val_loss": 0.1172572672367096,
      "val_acc": 93.4453781512605,
      "timestamp": "2025-08-28 20:00:51",
      "train_f1": 85.41667802505918,
      "train_recall": 82.33266902020955,
      "val_f1": 92.84917467905358,
      "val_recall": 93.4453781512605,
      "confusion_matrix": [
        [
          51,
          0,
          16,
          0,
          0
        ],
        [
          2,
          21,
          0,
          0,
          0
        ],
        [
          1,
          0,
          160,
          0,
          1
        ],
        [
          10,
          1,
          0,
          3,
          1
        ],
        [
          2,
          0,
          5,
          0,
          321
        ]
      ],
      "epoch_time": 128.84146237373352,
      "learning_rate": 5e-05
    },
    {
      "epoch": 19,
      "train_loss": 1.0211565375730798,
      "train_acc": 94.29898648648648,
      "val_loss": 0.11938812285661697,
      "val_acc": 92.77310924369748,
      "timestamp": "2025-08-28 20:01:22",
      "train_f1": 86.92885380963504,
      "train_recall": 84.41589117670735,
      "val_f1": 92.1794381775432,
      "val_recall": 92.77310924369748,
      "confusion_matrix": [
        [
          50,
          2,
          15,
          0,
          0
        ],
        [
          2,
          21,
          0,
          0,
          0
        ],
        [
          4,
          0,
          153,
          0,
          5
        ],
        [
          10,
          1,
          0,
          3,
          1
        ],
        [
          2,
          0,
          1,
          0,
          325
        ]
      ],
      "epoch_time": 30.44142746925354,
      "learning_rate": 5e-05
    },
    {
      "epoch": 20,
      "train_loss": 1.3574050825995367,
      "train_acc": 93.0320945945946,
      "val_loss": 0.12255506291985512,
      "val_acc": 93.27731092436974,
      "timestamp": "2025-08-28 20:03:57",
      "train_f1": 85.51178921236095,
      "train_recall": 82.35949073618897,
      "val_f1": 92.64532937490958,
      "val_recall": 93.27731092436974,
      "confusion_matrix": [
        [
          51,
          0,
          16,
          0,
          0
        ],
        [
          2,
          21,
          0,
          0,
          0
        ],
        [
          1,
          0,
          155,
          0,
          6
        ],
        [
          10,
          1,
          0,
          3,
          1
        ],
        [
          2,
          0,
          1,
          0,
          325
        ]
      ],
      "epoch_time": 154.9966104030609,
      "learning_rate": 5e-05
    },
    {
      "epoch": 21,
      "train_loss": 1.0530104378389347,
      "train_acc": 93.8766891891892,
      "val_loss": 0.11471259221434593,
      "val_acc": 93.27731092436974,
      "timestamp": "2025-08-28 20:05:31",
      "train_f1": 86.78032212720036,
      "train_recall": 84.19073790821761,
      "val_f1": 92.71800414780235,
      "val_recall": 93.27731092436974,
      "confusion_matrix": [
        [
          52,
          1,
          14,
          0,
          0
        ],
        [
          2,
          21,
          0,
          0,
          0
        ],
        [
          4,
          0,
          155,
          0,
          3
        ],
        [
          10,
          1,
          0,
          3,
          1
        ],
        [
          2,
          0,
          2,
          0,
          324
        ]
      ],
      "epoch_time": 92.43772268295288,
      "learning_rate": 5e-05
    },
    {
      "epoch": 22,
      "train_loss": 1.014686265909994,
      "train_acc": 94.17229729729729,
      "val_loss": 0.11466197967529297,
      "val_acc": 93.10924369747899,
      "timestamp": "2025-08-28 20:06:28",
      "train_f1": 86.98633098456139,
      "train_recall": 84.40778649627529,
      "val_f1": 92.58445178770131,
      "val_recall": 93.10924369747899,
      "confusion_matrix": [
        [
          52,
          1,
          14,
          0,
          0
        ],
        [
          2,
          21,
          0,
          0,
          0
        ],
        [
          4,
          0,
          157,
          0,
          1
        ],
        [
          10,
          1,
          1,
          3,
          0
        ],
        [
          2,
          0,
          5,
          0,
          321
        ]
      ],
      "epoch_time": 56.96641540527344,
      "learning_rate": 5e-05
    },
    {
      "epoch": 23,
      "train_loss": 1.0458320870592788,
      "train_acc": 93.70777027027027,
      "val_loss": 0.11031840741634369,
      "val_acc": 92.94117647058823,
      "timestamp": "2025-08-28 20:07:38",
      "train_f1": 86.49273053628481,
      "train_recall": 83.77265577646251,
      "val_f1": 92.33489621297022,
      "val_recall": 92.94117647058823,
      "confusion_matrix": [
        [
          49,
          2,
          16,
          0,
          0
        ],
        [
          2,
          21,
          0,
          0,
          0
        ],
        [
          2,
          0,
          159,
          0,
          1
        ],
        [
          10,
          1,
          0,
          3,
          1
        ],
        [
          2,
          0,
          5,
          0,
          321
        ]
      ],
      "epoch_time": 69.16718912124634,
      "learning_rate": 5e-05
    },
    {
      "epoch": 24,
      "train_loss": 1.0090660801207698,
      "train_acc": 93.15878378378379,
      "val_loss": 0.11768195703625679,
      "val_acc": 93.10924369747899,
      "timestamp": "2025-08-28 20:09:40",
      "train_f1": 85.92209028955457,
      "train_recall": 83.62623268510268,
      "val_f1": 92.65274363396695,
      "val_recall": 93.10924369747899,
      "confusion_matrix": [
        [
          55,
          0,
          12,
          0,
          0
        ],
        [
          2,
          21,
          0,
          0,
          0
        ],
        [
          6,
          0,
          155,
          0,
          1
        ],
        [
          10,
          1,
          1,
          3,
          0
        ],
        [
          2,
          0,
          6,
          0,
          320
        ]
      ],
      "epoch_time": 121.16578602790833,
      "learning_rate": 5e-05
    },
    {
      "epoch": 25,
      "train_loss": 1.022054542762202,
      "train_acc": 93.36993243243244,
      "val_loss": 0.11264055743813514,
      "val_acc": 93.10924369747899,
      "timestamp": "2025-08-28 20:11:52",
      "train_f1": 85.92162817008258,
      "train_recall": 83.30931632011661,
      "val_f1": 92.44282262823296,
      "val_recall": 93.10924369747899,
      "confusion_matrix": [
        [
          49,
          2,
          16,
          0,
          0
        ],
        [
          1,
          22,
          0,
          0,
          0
        ],
        [
          1,
          0,
          156,
          0,
          5
        ],
        [
          10,
          1,
          0,
          3,
          1
        ],
        [
          2,
          0,
          2,
          0,
          324
        ]
      ],
      "epoch_time": 131.43633651733398,
      "learning_rate": 5e-05
    },
    {
      "epoch": 26,
      "train_loss": 0.9279498647193651,
      "train_acc": 94.25675675675676,
      "val_loss": 0.11525436043739319,
      "val_acc": 93.27731092436974,
      "timestamp": "2025-08-28 20:12:15",
      "train_f1": 86.31944899200887,
      "train_recall": 84.1451867103186,
      "val_f1": 92.67911010433082,
      "val_recall": 93.27731092436974,
      "confusion_matrix": [
        [
          50,
          2,
          15,
          0,
          0
        ],
        [
          2,
          21,
          0,
          0,
          0
        ],
        [
          3,
          0,
          157,
          0,
          2
        ],
        [
          10,
          1,
          0,
          3,
          1
        ],
        [
          2,
          0,
          2,
          0,
          324
        ]
      ],
      "epoch_time": 21.727973699569702,
      "learning_rate": 5e-05
    },
    {
      "epoch": 27,
      "train_loss": 1.029431681576613,
      "train_acc": 94.42567567567568,
      "val_loss": 0.13247519060969354,
      "val_acc": 92.60504201680672,
      "timestamp": "2025-08-28 20:12:28",
      "train_f1": 87.05399301190405,
      "train_recall": 84.31242441079766,
      "val_f1": 92.18571309474684,
      "val_recall": 92.60504201680672,
      "confusion_matrix": [
        [
          54,
          2,
          11,
          0,
          0
        ],
        [
          2,
          21,
          0,
          0,
          0
        ],
        [
          9,
          0,
          152,
          0,
          1
        ],
        [
          10,
          1,
          0,
          3,
          1
        ],
        [
          2,
          0,
          5,
          0,
          321
        ]
      ],
      "epoch_time": 13.219314575195312,
      "learning_rate": 5e-05
    },
    {
      "epoch": 28,
      "train_loss": 1.0426713667205862,
      "train_acc": 94.08783783783784,
      "val_loss": 0.11266420930624008,
      "val_acc": 92.77310924369748,
      "timestamp": "2025-08-28 20:13:10",
      "train_f1": 86.8323244484347,
      "train_recall": 84.45036756322799,
      "val_f1": 92.23669029214105,
      "val_recall": 92.77310924369748,
      "confusion_matrix": [
        [
          51,
          1,
          15,
          0,
          0
        ],
        [
          2,
          21,
          0,
          0,
          0
        ],
        [
          3,
          0,
          158,
          0,
          1
        ],
        [
          10,
          1,
          1,
          3,
          0
        ],
        [
          2,
          0,
          7,
          0,
          319
        ]
      ],
      "epoch_time": 41.765382528305054,
      "learning_rate": 5e-05
    },
    {
      "epoch": 29,
      "train_loss": 1.0872672932172143,
      "train_acc": 93.6233108108108,
      "val_loss": 0.12093999087810517,
      "val_acc": 93.10924369747899,
      "timestamp": "2025-08-28 20:14:56",
      "train_f1": 85.70754943206474,
      "train_recall": 83.47412629487866,
      "val_f1": 92.55083929955168,
      "val_recall": 93.10924369747899,
      "confusion_matrix": [
        [
          51,
          0,
          16,
          0,
          0
        ],
        [
          2,
          21,
          0,
          0,
          0
        ],
        [
          3,
          0,
          158,
          0,
          1
        ],
        [
          10,
          1,
          0,
          3,
          1
        ],
        [
          2,
          0,
          5,
          0,
          321
        ]
      ],
      "epoch_time": 105.03058433532715,
      "learning_rate": 5e-05
    },
    {
      "epoch": 30,
      "train_loss": 1.0460585780643128,
      "train_acc": 93.70777027027027,
      "val_loss": 0.11379084065556526,
      "val_acc": 93.61344537815125,
      "timestamp": "2025-08-28 20:16:57",
      "train_f1": 86.25653866325364,
      "train_recall": 83.33869957585105,
      "val_f1": 93.01125116924224,
      "val_recall": 93.61344537815125,
      "confusion_matrix": [
        [
          51,
          0,
          16,
          0,
          0
        ],
        [
          2,
          21,
          0,
          0,
          0
        ],
        [
          2,
          0,
          158,
          0,
          2
        ],
        [
          10,
          1,
          0,
          3,
          1
        ],
        [
          2,
          0,
          2,
          0,
          324
        ]
      ],
      "epoch_time": 120.58530688285828,
      "learning_rate": 5e-05
    },
    {
      "epoch": 31,
      "train_loss": 1.0144844108538047,
      "train_acc": 94.42567567567568,
      "val_loss": 0.11322154328227044,
      "val_acc": 92.77310924369748,
      "timestamp": "2025-08-28 20:17:35",
      "train_f1": 87.2941573787349,
      "train_recall": 84.96018499055572,
      "val_f1": 92.2629481796295,
      "val_recall": 92.77310924369748,
      "confusion_matrix": [
        [
          52,
          2,
          13,
          0,
          0
        ],
        [
          2,
          21,
          0,
          0,
          0
        ],
        [
          4,
          0,
          157,
          0,
          1
        ],
        [
          10,
          1,
          1,
          3,
          0
        ],
        [
          2,
          0,
          7,
          0,
          319
        ]
      ],
      "epoch_time": 37.74374485015869,
      "learning_rate": 5e-05
    },
    {
      "epoch": 32,
      "train_loss": 1.3043457151868858,
      "train_acc": 92.69425675675676,
      "val_loss": 0.11619892716407776,
      "val_acc": 92.77310924369748,
      "timestamp": "2025-08-28 20:21:09",
      "train_f1": 84.75804558653655,
      "train_recall": 83.75496893688819,
      "val_f1": 92.29934151164626,
      "val_recall": 92.77310924369748,
      "confusion_matrix": [
        [
          53,
          2,
          12,
          0,
          0
        ],
        [
          2,
          21,
          0,
          0,
          0
        ],
        [
          5,
          0,
          157,
          0,
          0
        ],
        [
          10,
          1,
          1,
          3,
          0
        ],
        [
          2,
          0,
          8,
          0,
          318
        ]
      ],
      "epoch_time": 212.69892692565918,
      "learning_rate": 5e-05
    },
    {
      "epoch": 33,
      "train_loss": 0.9815365700302897,
      "train_acc": 94.25675675675676,
      "val_loss": 0.10921738818287849,
      "val_acc": 93.4453781512605,
      "timestamp": "2025-08-28 20:21:42",
      "train_f1": 86.60291377502152,
      "train_recall": 84.17138515419815,
      "val_f1": 92.85963803689688,
      "val_recall": 93.4453781512605,
      "confusion_matrix": [
        [
          51,
          2,
          14,
          0,
          0
        ],
        [
          2,
          21,
          0,
          0,
          0
        ],
        [
          3,
          0,
          157,
          0,
          2
        ],
        [
          10,
          1,
          0,
          3,
          1
        ],
        [
          2,
          0,
          2,
          0,
          324
        ]
      ],
      "epoch_time": 32.345550537109375,
      "learning_rate": 5e-05
    },
    {
      "epoch": 34,
      "train_loss": 0.9093133587692235,
      "train_acc": 94.21452702702703,
      "val_loss": 0.1073073998093605,
      "val_acc": 93.61344537815125,
      "timestamp": "2025-08-28 20:24:01",
      "train_f1": 87.30294170114503,
      "train_recall": 85.32767303063338,
      "val_f1": 93.02913987509248,
      "val_recall": 93.61344537815125,
      "confusion_matrix": [
        [
          51,
          2,
          14,
          0,
          0
        ],
        [
          2,
          21,
          0,
          0,
          0
        ],
        [
          3,
          0,
          158,
          0,
          1
        ],
        [
          10,
          1,
          0,
          3,
          1
        ],
        [
          2,
          0,
          2,
          0,
          324
        ]
      ],
      "epoch_time": 138.77157878875732,
      "learning_rate": 5e-05
    },
    {
      "epoch": 35,
      "train_loss": 0.9675278195456879,
      "train_acc": 94.4679054054054,
      "val_loss": 0.12786628380417825,
      "val_acc": 92.94117647058823,
      "timestamp": "2025-08-28 20:24:29",
      "train_f1": 87.12089009821852,
      "train_recall": 84.53039871937926,
      "val_f1": 92.36826047927606,
      "val_recall": 92.94117647058823,
      "confusion_matrix": [
        [
          52,
          2,
          13,
          0,
          0
        ],
        [
          2,
          21,
          0,
          0,
          0
        ],
        [
          4,
          0,
          152,
          0,
          6
        ],
        [
          10,
          1,
          0,
          3,
          1
        ],
        [
          2,
          0,
          1,
          0,
          325
        ]
      ],
      "epoch_time": 26.842413902282715,
      "learning_rate": 5e-05
    },
    {
      "epoch": 36,
      "train_loss": 0.9542447803793727,
      "train_acc": 94.42567567567568,
      "val_loss": 0.11102455891668797,
      "val_acc": 93.4453781512605,
      "timestamp": "2025-08-28 20:24:48",
      "train_f1": 87.63636350869106,
      "train_recall": 85.1281203545668,
      "val_f1": 92.82362937922576,
      "val_recall": 93.4453781512605,
      "confusion_matrix": [
        [
          51,
          0,
          16,
          0,
          0
        ],
        [
          2,
          21,
          0,
          0,
          0
        ],
        [
          1,
          0,
          157,
          0,
          4
        ],
        [
          10,
          1,
          0,
          3,
          1
        ],
        [
          2,
          0,
          2,
          0,
          324
        ]
      ],
      "epoch_time": 19.368217706680298,
      "learning_rate": 5e-05
    },
    {
      "epoch": 37,
      "train_loss": 0.9423571021572964,
      "train_acc": 94.5945945945946,
      "val_loss": 0.10733672231435776,
      "val_acc": 92.77310924369748,
      "timestamp": "2025-08-28 20:25:07",
      "train_f1": 86.83438203152377,
      "train_recall": 84.05181518748569,
      "val_f1": 92.17895833630642,
      "val_recall": 92.77310924369748,
      "confusion_matrix": [
        [
          51,
          2,
          14,
          0,
          0
        ],
        [
          2,
          21,
          0,
          0,
          0
        ],
        [
          3,
          0,
          153,
          0,
          6
        ],
        [
          10,
          1,
          0,
          3,
          1
        ],
        [
          2,
          0,
          2,
          0,
          324
        ]
      ],
      "epoch_time": 18.74715828895569,
      "learning_rate": 5e-05
    },
    {
      "epoch": 38,
      "train_loss": 0.923628344527773,
      "train_acc": 94.00337837837837,
      "val_loss": 0.10396341979503632,
      "val_acc": 93.78151260504201,
      "timestamp": "2025-08-28 20:25:25",
      "train_f1": 85.58600592866325,
      "train_recall": 84.20066019273877,
      "val_f1": 93.23798934287146,
      "val_recall": 93.78151260504201,
      "confusion_matrix": [
        [
          53,
          0,
          14,
          0,
          0
        ],
        [
          2,
          21,
          0,
          0,
          0
        ],
        [
          4,
          0,
          157,
          0,
          1
        ],
        [
          10,
          1,
          0,
          3,
          1
        ],
        [
          2,
          0,
          2,
          0,
          324
        ]
      ],
      "class_accuracies": {
        "class_0": 79.1044776119403,
        "class_1": 91.30434782608695,
        "class_2": 96.91358024691358,
        "class_3": 20.0,
        "class_4": 98.78048780487805
      },
      "epoch_time": 17.539660453796387,
      "learning_rate": 5e-05
    },
    {
      "epoch": 39,
      "train_loss": 0.9091755286664576,
      "train_acc": 93.79222972972973,
      "val_loss": 0.11190849766135216,
      "val_acc": 93.61344537815125,
      "timestamp": "2025-08-28 20:27:09",
      "train_f1": 86.1864038966829,
      "train_recall": 84.00538978158544,
      "val_f1": 93.12714557892194,
      "val_recall": 93.61344537815125,
      "confusion_matrix": [
        [
          56,
          0,
          11,
          0,
          0
        ],
        [
          2,
          21,
          0,
          0,
          0
        ],
        [
          5,
          0,
          156,
          0,
          1
        ],
        [
          10,
          1,
          0,
          3,
          1
        ],
        [
          2,
          0,
          5,
          0,
          321
        ]
      ],
      "epoch_time": 103.14842200279236,
      "learning_rate": 5e-05
    },
    {
      "epoch": 40,
      "train_loss": 0.9291592494056031,
      "train_acc": 94.67905405405405,
      "val_loss": 0.11252352260053158,
      "val_acc": 93.94957983193277,
      "timestamp": "2025-08-28 20:27:40",
      "train_f1": 87.24287972060081,
      "train_recall": 84.7285110264499,
      "val_f1": 93.42736897053162,
      "val_recall": 93.94957983193277,
      "confusion_matrix": [
        [
          55,
          0,
          12,
          0,
          0
        ],
        [
          2,
          21,
          0,
          0,
          0
        ],
        [
          4,
          0,
          157,
          0,
          1
        ],
        [
          10,
          1,
          0,
          3,
          1
        ],
        [
          2,
          0,
          3,
          0,
          323
        ]
      ],
      "class_accuracies": {
        "class_0": 82.08955223880598,
        "class_1": 91.30434782608695,
        "class_2": 96.91358024691358,
        "class_3": 20.0,
        "class_4": 98.47560975609755
      },
      "epoch_time": 30.37640881538391,
      "learning_rate": 5e-05
    },
    {
      "epoch": 41,
      "train_loss": 1.129602735610427,
      "train_acc": 93.66554054054055,
      "val_loss": 0.10711226537823677,
      "val_acc": 92.94117647058823,
      "timestamp": "2025-08-28 20:30:24",
      "train_f1": 85.763441177875,
      "train_recall": 83.18242298118076,
      "val_f1": 92.2889240152777,
      "val_recall": 92.94117647058823,
      "confusion_matrix": [
        [
          49,
          2,
          16,
          0,
          0
        ],
        [
          2,
          21,
          0,
          0,
          0
        ],
        [
          1,
          0,
          156,
          0,
          5
        ],
        [
          10,
          1,
          0,
          3,
          1
        ],
        [
          2,
          0,
          2,
          0,
          324
        ]
      ],
      "epoch_time": 162.7544972896576,
      "learning_rate": 5e-05
    },
    {
      "epoch": 42,
      "train_loss": 0.93784046152959,
      "train_acc": 94.63682432432432,
      "val_loss": 0.13520255982875823,
      "val_acc": 93.10924369747899,
      "timestamp": "2025-08-28 20:30:46",
      "train_f1": 87.3063018455581,
      "train_recall": 84.74328697738724,
      "val_f1": 92.44931536444687,
      "val_recall": 93.10924369747899,
      "confusion_matrix": [
        [
          49,
          2,
          16,
          0,
          0
        ],
        [
          2,
          21,
          0,
          0,
          0
        ],
        [
          1,
          0,
          156,
          0,
          5
        ],
        [
          10,
          1,
          0,
          3,
          1
        ],
        [
          2,
          0,
          1,
          0,
          325
        ]
      ],
      "epoch_time": 21.799267292022705,
      "learning_rate": 5e-05
    },
    {
      "epoch": 43,
      "train_loss": 0.8807059870781125,
      "train_acc": 94.67905405405405,
      "val_loss": 0.14449478387832643,
      "val_acc": 93.10924369747899,
      "timestamp": "2025-08-28 20:31:25",
      "train_f1": 87.43695561771652,
      "train_recall": 85.31628944308707,
      "val_f1": 92.44686513547781,
      "val_recall": 93.10924369747899,
      "confusion_matrix": [
        [
          50,
          1,
          15,
          0,
          1
        ],
        [
          2,
          21,
          0,
          0,
          0
        ],
        [
          1,
          0,
          154,
          0,
          7
        ],
        [
          10,
          1,
          0,
          3,
          1
        ],
        [
          2,
          0,
          0,
          0,
          326
        ]
      ],
      "epoch_time": 38.75784134864807,
      "learning_rate": 5e-05
    },
    {
      "epoch": 44,
      "train_loss": 0.8177554604370851,
      "train_acc": 94.72128378378379,
      "val_loss": 0.12199645675718784,
      "val_acc": 93.27731092436974,
      "timestamp": "2025-08-28 20:31:59",
      "train_f1": 87.41921677385386,
      "train_recall": 85.34148161843729,
      "val_f1": 92.72412321665142,
      "val_recall": 93.27731092436974,
      "confusion_matrix": [
        [
          54,
          2,
          11,
          0,
          0
        ],
        [
          2,
          21,
          0,
          0,
          0
        ],
        [
          4,
          0,
          152,
          0,
          6
        ],
        [
          10,
          1,
          0,
          3,
          1
        ],
        [
          2,
          0,
          1,
          0,
          325
        ]
      ],
      "epoch_time": 32.78602480888367,
      "learning_rate": 5e-05
    },
    {
      "epoch": 45,
      "train_loss": 0.9406624858242434,
      "train_acc": 94.51013513513513,
      "val_loss": 0.10996296256780624,
      "val_acc": 93.61344537815125,
      "timestamp": "2025-08-28 20:32:58",
      "train_f1": 87.26370012801675,
      "train_recall": 85.0418893241448,
      "val_f1": 92.99436866693286,
      "val_recall": 93.61344537815125,
      "confusion_matrix": [
        [
          52,
          0,
          15,
          0,
          0
        ],
        [
          2,
          21,
          0,
          0,
          0
        ],
        [
          1,
          0,
          156,
          0,
          5
        ],
        [
          10,
          1,
          0,
          3,
          1
        ],
        [
          2,
          0,
          1,
          0,
          325
        ]
      ],
      "epoch_time": 59.28688621520996,
      "learning_rate": 5e-05
    },
    {
      "epoch": 46,
      "train_loss": 0.9194253600529723,
      "train_acc": 94.5945945945946,
      "val_loss": 0.10945944003760814,
      "val_acc": 93.61344537815125,
      "timestamp": "2025-08-28 20:33:19",
      "train_f1": 87.6045230241109,
      "train_recall": 84.72021523344793,
      "val_f1": 93.07299370009659,
      "val_recall": 93.61344537815125,
      "confusion_matrix": [
        [
          56,
          0,
          11,
          0,
          0
        ],
        [
          2,
          21,
          0,
          0,
          0
        ],
        [
          4,
          0,
          152,
          0,
          6
        ],
        [
          10,
          1,
          0,
          3,
          1
        ],
        [
          2,
          0,
          1,
          0,
          325
        ]
      ],
      "epoch_time": 19.853588104248047,
      "learning_rate": 5e-05
    },
    {
      "epoch": 47,
      "train_loss": 0.885106030750919,
      "train_acc": 94.93243243243244,
      "val_loss": 0.10359703786671162,
      "val_acc": 93.10924369747899,
      "timestamp": "2025-08-28 20:33:45",
      "train_f1": 87.64082770261888,
      "train_recall": 85.2495347137092,
      "val_f1": 92.48197949916124,
      "val_recall": 93.10924369747899,
      "confusion_matrix": [
        [
          51,
          1,
          15,
          0,
          0
        ],
        [
          2,
          21,
          0,
          0,
          0
        ],
        [
          1,
          0,
          155,
          0,
          6
        ],
        [
          10,
          1,
          0,
          3,
          1
        ],
        [
          2,
          0,
          2,
          0,
          324
        ]
      ],
      "epoch_time": 25.608134984970093,
      "learning_rate": 5e-05
    },
    {
      "epoch": 48,
      "train_loss": 0.857991727119362,
      "train_acc": 94.63682432432432,
      "val_loss": 0.10326232798397542,
      "val_acc": 93.61344537815125,
      "timestamp": "2025-08-28 20:34:16",
      "train_f1": 87.40655029427167,
      "train_recall": 84.93302266267176,
      "val_f1": 92.9857606470195,
      "val_recall": 93.61344537815125,
      "confusion_matrix": [
        [
          50,
          2,
          15,
          0,
          0
        ],
        [
          2,
          21,
          0,
          0,
          0
        ],
        [
          1,
          0,
          160,
          0,
          1
        ],
        [
          10,
          1,
          0,
          3,
          1
        ],
        [
          2,
          0,
          3,
          0,
          323
        ]
      ],
      "epoch_time": 31.361600399017334,
      "learning_rate": 5e-05
    },
    {
      "epoch": 49,
      "train_loss": 0.9156592935323715,
      "train_acc": 94.5945945945946,
      "val_loss": 0.1385360799729824,
      "val_acc": 93.10924369747899,
      "timestamp": "2025-08-28 20:35:13",
      "train_f1": 87.5772123553925,
      "train_recall": 85.03854147836142,
      "val_f1": 92.49993281745529,
      "val_recall": 93.10924369747899,
      "confusion_matrix": [
        [
          52,
          1,
          14,
          0,
          0
        ],
        [
          2,
          21,
          0,
          0,
          0
        ],
        [
          2,
          0,
          153,
          0,
          7
        ],
        [
          10,
          1,
          0,
          3,
          1
        ],
        [
          2,
          0,
          1,
          0,
          325
        ]
      ],
      "epoch_time": 56.34637236595154,
      "learning_rate": 5e-05
    },
    {
      "epoch": 50,
      "train_loss": 0.908608953392989,
      "train_acc": 94.34121621621621,
      "val_loss": 0.10339845418930053,
      "val_acc": 93.4453781512605,
      "timestamp": "2025-08-28 20:35:44",
      "train_f1": 86.98162686613267,
      "train_recall": 84.54220731822798,
      "val_f1": 92.8450157652195,
      "val_recall": 93.4453781512605,
      "confusion_matrix": [
        [
          51,
          1,
          15,
          0,
          0
        ],
        [
          2,
          21,
          0,
          0,
          0
        ],
        [
          1,
          0,
          160,
          0,
          1
        ],
        [
          10,
          1,
          0,
          3,
          1
        ],
        [
          2,
          0,
          5,
          0,
          321
        ]
      ],
      "epoch_time": 30.590282201766968,
      "learning_rate": 5e-05
    },
    {
      "epoch": 51,
      "train_loss": 0.9662383772634171,
      "train_acc": 94.38344594594595,
      "val_loss": 0.10983206704258919,
      "val_acc": 93.4453781512605,
      "timestamp": "2025-08-28 20:37:19",
      "train_f1": 87.31000366850303,
      "train_recall": 84.97856961530245,
      "val_f1": 92.82070001757012,
      "val_recall": 93.4453781512605,
      "confusion_matrix": [
        [
          51,
          1,
          15,
          0,
          0
        ],
        [
          2,
          21,
          0,
          0,
          0
        ],
        [
          1,
          0,
          157,
          0,
          4
        ],
        [
          10,
          1,
          0,
          3,
          1
        ],
        [
          2,
          0,
          2,
          0,
          324
        ]
      ],
      "epoch_time": 94.60099053382874,
      "learning_rate": 5e-05
    },
    {
      "epoch": 52,
      "train_loss": 0.9235782810562366,
      "train_acc": 94.97466216216216,
      "val_loss": 0.11132489964365959,
      "val_acc": 94.11764705882354,
      "timestamp": "2025-08-28 20:37:41",
      "train_f1": 87.46148615249068,
      "train_recall": 85.09105344691353,
      "val_f1": 93.59103069385704,
      "val_recall": 94.11764705882352,
      "confusion_matrix": [
        [
          55,
          2,
          10,
          0,
          0
        ],
        [
          2,
          21,
          0,
          0,
          0
        ],
        [
          4,
          0,
          157,
          0,
          1
        ],
        [
          10,
          1,
          0,
          3,
          1
        ],
        [
          2,
          0,
          2,
          0,
          324
        ]
      ],
      "class_accuracies": {
        "class_0": 82.08955223880598,
        "class_1": 91.30434782608695,
        "class_2": 96.91358024691358,
        "class_3": 20.0,
        "class_4": 98.78048780487805
      },
      "epoch_time": 21.243303537368774,
      "learning_rate": 5e-05
    },
    {
      "epoch": 53,
      "train_loss": 0.8191397084376296,
      "train_acc": 94.76351351351352,
      "val_loss": 0.10546422302722931,
      "val_acc": 93.94957983193277,
      "timestamp": "2025-08-28 20:38:31",
      "train_f1": 87.52299004768454,
      "train_recall": 85.55154399470491,
      "val_f1": 93.34778953040586,
      "val_recall": 93.94957983193277,
      "confusion_matrix": [
        [
          53,
          1,
          13,
          0,
          0
        ],
        [
          2,
          21,
          0,
          0,
          0
        ],
        [
          1,
          0,
          158,
          0,
          3
        ],
        [
          10,
          1,
          0,
          3,
          1
        ],
        [
          2,
          0,
          2,
          0,
          324
        ]
      ],
      "epoch_time": 49.824692487716675,
      "learning_rate": 5e-05
    },
    {
      "epoch": 54,
      "train_loss": 0.8999814238097217,
      "train_acc": 94.4679054054054,
      "val_loss": 0.10352514013648033,
      "val_acc": 93.94957983193277,
      "timestamp": "2025-08-28 20:39:45",
      "train_f1": 87.01286852004085,
      "train_recall": 84.42365234425861,
      "val_f1": 93.4470460058349,
      "val_recall": 93.94957983193277,
      "confusion_matrix": [
        [
          59,
          1,
          7,
          0,
          0
        ],
        [
          2,
          21,
          0,
          0,
          0
        ],
        [
          5,
          0,
          152,
          0,
          5
        ],
        [
          10,
          1,
          0,
          3,
          1
        ],
        [
          2,
          0,
          2,
          0,
          324
        ]
      ],
      "epoch_time": 73.83077192306519,
      "learning_rate": 5e-05
    },
    {
      "epoch": 55,
      "train_loss": 0.8462784787690317,
      "train_acc": 94.80574324324324,
      "val_loss": 0.1104785993695259,
      "val_acc": 93.61344537815125,
      "timestamp": "2025-08-28 20:40:46",
      "train_f1": 87.59697325872106,
      "train_recall": 85.29246915100477,
      "val_f1": 93.02334423505472,
      "val_recall": 93.61344537815125,
      "confusion_matrix": [
        [
          52,
          1,
          14,
          0,
          0
        ],
        [
          2,
          21,
          0,
          0,
          0
        ],
        [
          1,
          0,
          160,
          0,
          1
        ],
        [
          10,
          1,
          0,
          3,
          1
        ],
        [
          2,
          0,
          5,
          0,
          321
        ]
      ],
      "epoch_time": 59.83416223526001,
      "learning_rate": 5e-05
    },
    {
      "epoch": 56,
      "train_loss": 0.8724085807397559,
      "train_acc": 94.38344594594595,
      "val_loss": 0.10582345761358739,
      "val_acc": 93.27731092436974,
      "timestamp": "2025-08-28 20:41:20",
      "train_f1": 87.28969952917319,
      "train_recall": 84.8990732086685,
      "val_f1": 92.87147129376386,
      "val_recall": 93.27731092436974,
      "confusion_matrix": [
        [
          61,
          2,
          4,
          0,
          0
        ],
        [
          2,
          21,
          0,
          0,
          0
        ],
        [
          11,
          0,
          145,
          0,
          6
        ],
        [
          10,
          1,
          0,
          3,
          1
        ],
        [
          2,
          0,
          1,
          0,
          325
        ]
      ],
      "epoch_time": 33.2036669254303,
      "learning_rate": 5e-05
    },
    {
      "epoch": 57,
      "train_loss": 0.8342740581043668,
      "train_acc": 94.76351351351352,
      "val_loss": 0.09602423831820488,
      "val_acc": 93.78151260504201,
      "timestamp": "2025-08-28 20:42:02",
      "train_f1": 87.43733868450899,
      "train_recall": 85.23088064112423,
      "val_f1": 93.20057704717982,
      "val_recall": 93.78151260504201,
      "confusion_matrix": [
        [
          53,
          1,
          13,
          0,
          0
        ],
        [
          2,
          21,
          0,
          0,
          0
        ],
        [
          1,
          0,
          160,
          0,
          1
        ],
        [
          10,
          1,
          0,
          3,
          1
        ],
        [
          2,
          0,
          5,
          0,
          321
        ]
      ],
      "epoch_time": 41.56704807281494,
      "learning_rate": 5e-05
    },
    {
      "epoch": 58,
      "train_loss": 1.0222996517613128,
      "train_acc": 93.8766891891892,
      "val_loss": 0.1004608429968357,
      "val_acc": 93.4453781512605,
      "timestamp": "2025-08-28 20:44:23",
      "train_f1": 87.01537542148014,
      "train_recall": 85.15572248532902,
      "val_f1": 92.85019149630736,
      "val_recall": 93.4453781512605,
      "confusion_matrix": [
        [
          52,
          2,
          13,
          0,
          0
        ],
        [
          2,
          21,
          0,
          0,
          0
        ],
        [
          2,
          0,
          156,
          0,
          4
        ],
        [
          10,
          1,
          0,
          3,
          1
        ],
        [
          2,
          0,
          2,
          0,
          324
        ]
      ],
      "epoch_time": 141.31600069999695,
      "learning_rate": 5e-05
    },
    {
      "epoch": 59,
      "train_loss": 0.7934087899488371,
      "train_acc": 94.72128378378379,
      "val_loss": 0.09473227448761463,
      "val_acc": 92.94117647058823,
      "timestamp": "2025-08-28 20:44:53",
      "train_f1": 87.77819787210996,
      "train_recall": 86.18402090024725,
      "val_f1": 92.55371647764915,
      "val_recall": 92.94117647058823,
      "confusion_matrix": [
        [
          61,
          2,
          4,
          0,
          0
        ],
        [
          2,
          21,
          0,
          0,
          0
        ],
        [
          12,
          0,
          144,
          0,
          6
        ],
        [
          10,
          1,
          0,
          3,
          1
        ],
        [
          2,
          0,
          2,
          0,
          324
        ]
      ],
      "epoch_time": 28.806917667388916,
      "learning_rate": 5e-05
    },
    {
      "epoch": 60,
      "train_loss": 0.8287886235158186,
      "train_acc": 94.25675675675676,
      "val_loss": 0.09106024280190468,
      "val_acc": 94.11764705882354,
      "timestamp": "2025-08-28 20:45:36",
      "train_f1": 86.81474450504425,
      "train_recall": 85.87503112182931,
      "val_f1": 93.57129227224897,
      "val_recall": 94.11764705882352,
      "confusion_matrix": [
        [
          55,
          2,
          10,
          0,
          0
        ],
        [
          2,
          21,
          0,
          0,
          0
        ],
        [
          3,
          0,
          157,
          0,
          2
        ],
        [
          10,
          1,
          0,
          3,
          1
        ],
        [
          2,
          0,
          2,
          0,
          324
        ]
      ],
      "epoch_time": 42.574570655822754,
      "learning_rate": 5e-05
    },
    {
      "epoch": 61,
      "train_loss": 0.8756562456287242,
      "train_acc": 94.00337837837837,
      "val_loss": 0.0991154745221138,
      "val_acc": 93.4453781512605,
      "timestamp": "2025-08-28 20:47:47",
      "train_f1": 86.13966555564905,
      "train_recall": 84.90863786646115,
      "val_f1": 92.84890847852917,
      "val_recall": 93.4453781512605,
      "confusion_matrix": [
        [
          52,
          1,
          14,
          0,
          0
        ],
        [
          2,
          21,
          0,
          0,
          0
        ],
        [
          2,
          0,
          156,
          0,
          4
        ],
        [
          10,
          1,
          0,
          3,
          1
        ],
        [
          2,
          0,
          2,
          0,
          324
        ]
      ],
      "epoch_time": 130.36060667037964,
      "learning_rate": 5e-05
    },
    {
      "epoch": 62,
      "train_loss": 1.077141152342429,
      "train_acc": 93.96114864864865,
      "val_loss": 0.1101981159299612,
      "val_acc": 93.61344537815125,
      "timestamp": "2025-08-28 20:49:50",
      "train_f1": 86.35075994691016,
      "train_recall": 84.10923058426711,
      "val_f1": 93.00275178564577,
      "val_recall": 93.61344537815125,
      "confusion_matrix": [
        [
          52,
          0,
          15,
          0,
          0
        ],
        [
          2,
          21,
          0,
          0,
          0
        ],
        [
          1,
          0,
          157,
          0,
          4
        ],
        [
          10,
          1,
          0,
          3,
          1
        ],
        [
          2,
          0,
          2,
          0,
          324
        ]
      ],
      "epoch_time": 122.59204912185669,
      "learning_rate": 5e-05
    },
    {
      "epoch": 63,
      "train_loss": 0.7598315856948092,
      "train_acc": 94.80574324324324,
      "val_loss": 0.10602408461272717,
      "val_acc": 93.78151260504201,
      "timestamp": "2025-08-28 20:50:19",
      "train_f1": 87.03108665256133,
      "train_recall": 85.06790170958612,
      "val_f1": 93.17876603698836,
      "val_recall": 93.78151260504201,
      "confusion_matrix": [
        [
          53,
          1,
          13,
          0,
          0
        ],
        [
          2,
          21,
          0,
          0,
          0
        ],
        [
          1,
          0,
          157,
          0,
          4
        ],
        [
          10,
          1,
          0,
          3,
          1
        ],
        [
          2,
          0,
          2,
          0,
          324
        ]
      ],
      "epoch_time": 27.988892793655396,
      "learning_rate": 5e-05
    },
    {
      "epoch": 64,
      "train_loss": 0.8594907506092174,
      "train_acc": 94.5945945945946,
      "val_loss": 0.10920809656381607,
      "val_acc": 93.61344537815125,
      "timestamp": "2025-08-28 20:50:48",
      "train_f1": 87.2742119608526,
      "train_recall": 85.27261101025698,
      "val_f1": 93.03944772635475,
      "val_recall": 93.61344537815125,
      "confusion_matrix": [
        [
          53,
          1,
          13,
          0,
          0
        ],
        [
          2,
          21,
          0,
          0,
          0
        ],
        [
          1,
          0,
          160,
          0,
          1
        ],
        [
          10,
          1,
          0,
          3,
          1
        ],
        [
          2,
          0,
          6,
          0,
          320
        ]
      ],
      "epoch_time": 28.998106002807617,
      "learning_rate": 5e-05
    },
    {
      "epoch": 65,
      "train_loss": 0.8504049523255309,
      "train_acc": 94.80574324324324,
      "val_loss": 0.11292172409594059,
      "val_acc": 93.27731092436974,
      "timestamp": "2025-08-28 20:51:47",
      "train_f1": 87.63857733615878,
      "train_recall": 85.23538699383228,
      "val_f1": 92.80652851120749,
      "val_recall": 93.27731092436974,
      "confusion_matrix": [
        [
          52,
          2,
          13,
          0,
          0
        ],
        [
          2,
          21,
          0,
          0,
          0
        ],
        [
          2,
          0,
          154,
          0,
          6
        ],
        [
          10,
          0,
          0,
          4,
          1
        ],
        [
          2,
          0,
          2,
          0,
          324
        ]
      ],
      "epoch_time": 59.03591346740723,
      "learning_rate": 5e-05
    },
    {
      "epoch": 66,
      "train_loss": 1.1488669811672456,
      "train_acc": 91.68074324324324,
      "val_loss": 0.10193221122026444,
      "val_acc": 93.94957983193277,
      "timestamp": "2025-08-28 20:55:14",
      "train_f1": 84.79312306643871,
      "train_recall": 82.78649303084387,
      "val_f1": 93.59419705886876,
      "val_recall": 93.94957983193277,
      "confusion_matrix": [
        [
          57,
          1,
          9,
          0,
          0
        ],
        [
          2,
          21,
          0,
          0,
          0
        ],
        [
          6,
          0,
          153,
          0,
          3
        ],
        [
          10,
          0,
          0,
          4,
          1
        ],
        [
          2,
          0,
          2,
          0,
          324
        ]
      ],
      "epoch_time": 205.81949734687805,
      "learning_rate": 5e-05
    },
    {
      "epoch": 67,
      "train_loss": 0.8491658641881233,
      "train_acc": 94.63682432432432,
      "val_loss": 0.10045023337006569,
      "val_acc": 93.10924369747899,
      "timestamp": "2025-08-28 20:56:13",
      "train_f1": 87.12113075786418,
      "train_recall": 85.40986714519072,
      "val_f1": 92.51029355585916,
      "val_recall": 93.10924369747899,
      "confusion_matrix": [
        [
          52,
          2,
          13,
          0,
          0
        ],
        [
          2,
          21,
          0,
          0,
          0
        ],
        [
          2,
          0,
          154,
          0,
          6
        ],
        [
          10,
          1,
          0,
          3,
          1
        ],
        [
          2,
          0,
          2,
          0,
          324
        ]
      ],
      "epoch_time": 58.6380250453949,
      "learning_rate": 5e-05
    },
    {
      "epoch": 68,
      "train_loss": 0.7802191225660814,
      "train_acc": 94.76351351351352,
      "val_loss": 0.11536982022225857,
      "val_acc": 93.10924369747899,
      "timestamp": "2025-08-28 20:56:44",
      "train_f1": 87.96174923512096,
      "train_recall": 85.7749768523571,
      "val_f1": 92.48197949916124,
      "val_recall": 93.10924369747899,
      "confusion_matrix": [
        [
          51,
          1,
          15,
          0,
          0
        ],
        [
          2,
          21,
          0,
          0,
          0
        ],
        [
          1,
          0,
          155,
          0,
          6
        ],
        [
          10,
          1,
          0,
          3,
          1
        ],
        [
          2,
          0,
          2,
          0,
          324
        ]
      ],
      "epoch_time": 30.20093059539795,
      "learning_rate": 5e-05
    },
    {
      "epoch": 69,
      "train_loss": 0.8335938861442579,
      "train_acc": 94.76351351351352,
      "val_loss": 0.11402754634618759,
      "val_acc": 93.94957983193277,
      "timestamp": "2025-08-28 20:57:28",
      "train_f1": 87.25957475095495,
      "train_recall": 86.02240347784918,
      "val_f1": 93.66209381242537,
      "val_recall": 93.94957983193277,
      "confusion_matrix": [
        [
          49,
          2,
          15,
          1,
          0
        ],
        [
          2,
          21,
          0,
          0,
          0
        ],
        [
          1,
          0,
          158,
          0,
          3
        ],
        [
          6,
          1,
          0,
          7,
          1
        ],
        [
          2,
          0,
          2,
          0,
          324
        ]
      ],
      "epoch_time": 44.161832094192505,
      "learning_rate": 5e-05
    },
    {
      "epoch": 70,
      "train_loss": 0.8229164868794583,
      "train_acc": 94.72128378378379,
      "val_loss": 0.09503268003463745,
      "val_acc": 93.78151260504201,
      "timestamp": "2025-08-28 20:58:37",
      "train_f1": 88.40426190075794,
      "train_recall": 87.58396427619007,
      "val_f1": 93.42423672115977,
      "val_recall": 93.78151260504201,
      "confusion_matrix": [
        [
          52,
          2,
          13,
          0,
          0
        ],
        [
          2,
          21,
          0,
          0,
          0
        ],
        [
          2,
          0,
          159,
          0,
          1
        ],
        [
          8,
          1,
          0,
          5,
          1
        ],
        [
          2,
          0,
          5,
          0,
          321
        ]
      ],
      "epoch_time": 67.80390095710754,
      "learning_rate": 5e-05
    },
    {
      "epoch": 71,
      "train_loss": 0.7937342550706219,
      "train_acc": 94.97466216216216,
      "val_loss": 0.08946049772202969,
      "val_acc": 94.78991596638656,
      "timestamp": "2025-08-28 20:59:25",
      "train_f1": 88.3230205092425,
      "train_recall": 86.6703287100508,
      "val_f1": 94.640934939447,
      "val_recall": 94.78991596638654,
      "confusion_matrix": [
        [
          58,
          0,
          9,
          0,
          0
        ],
        [
          2,
          21,
          0,
          0,
          0
        ],
        [
          5,
          0,
          154,
          0,
          3
        ],
        [
          6,
          1,
          0,
          7,
          1
        ],
        [
          2,
          0,
          2,
          0,
          324
        ]
      ],
      "class_accuracies": {
        "class_0": 86.56716417910447,
        "class_1": 91.30434782608695,
        "class_2": 95.06172839506173,
        "class_3": 46.666666666666664,
        "class_4": 98.78048780487805
      },
      "epoch_time": 47.54686689376831,
      "learning_rate": 5e-05
    },
    {
      "epoch": 72,
      "train_loss": 0.8054764438923951,
      "train_acc": 94.97466216216216,
      "val_loss": 0.10276772156357765,
      "val_acc": 94.11764705882354,
      "timestamp": "2025-08-28 21:00:14",
      "train_f1": 88.4899932165791,
      "train_recall": 87.06095287540661,
      "val_f1": 94.06374026532283,
      "val_recall": 94.11764705882352,
      "confusion_matrix": [
        [
          63,
          1,
          2,
          1,
          0
        ],
        [
          2,
          21,
          0,
          0,
          0
        ],
        [
          13,
          0,
          147,
          0,
          2
        ],
        [
          9,
          0,
          0,
          5,
          1
        ],
        [
          4,
          0,
          0,
          0,
          324
        ]
      ],
      "epoch_time": 48.26265907287598,
      "learning_rate": 5e-05
    },
    {
      "epoch": 73,
      "train_loss": 0.9160355023435645,
      "train_acc": 94.21452702702703,
      "val_loss": 0.11205814369022846,
      "val_acc": 94.11764705882354,
      "timestamp": "2025-08-28 21:01:49",
      "train_f1": 87.22120368612303,
      "train_recall": 86.50429381815378,
      "val_f1": 93.92517677699263,
      "val_recall": 94.11764705882352,
      "confusion_matrix": [
        [
          50,
          1,
          15,
          1,
          0
        ],
        [
          2,
          21,
          0,
          0,
          0
        ],
        [
          1,
          0,
          160,
          0,
          1
        ],
        [
          6,
          0,
          0,
          8,
          1
        ],
        [
          2,
          0,
          5,
          0,
          321
        ]
      ],
      "epoch_time": 95.2889928817749,
      "learning_rate": 5e-05
    },
    {
      "epoch": 74,
      "train_loss": 0.8895848629039687,
      "train_acc": 94.34121621621621,
      "val_loss": 0.09339516125619411,
      "val_acc": 93.94957983193277,
      "timestamp": "2025-08-28 21:04:28",
      "train_f1": 88.00742477168933,
      "train_recall": 88.23631085021748,
      "val_f1": 93.61088842156076,
      "val_recall": 93.94957983193277,
      "confusion_matrix": [
        [
          52,
          2,
          12,
          1,
          0
        ],
        [
          2,
          21,
          0,
          0,
          0
        ],
        [
          2,
          0,
          159,
          0,
          1
        ],
        [
          9,
          0,
          0,
          5,
          1
        ],
        [
          2,
          0,
          4,
          0,
          322
        ]
      ],
      "epoch_time": 158.18959498405457,
      "learning_rate": 5e-05
    },
    {
      "epoch": 75,
      "train_loss": 0.6555066792344725,
      "train_acc": 95.22804054054055,
      "val_loss": 0.15311384461820127,
      "val_acc": 92.60504201680672,
      "timestamp": "2025-08-28 21:07:02",
      "train_f1": 89.67859595205381,
      "train_recall": 88.54897142503025,
      "val_f1": 92.42750707073145,
      "val_recall": 92.60504201680672,
      "confusion_matrix": [
        [
          64,
          2,
          1,
          0,
          0
        ],
        [
          2,
          21,
          0,
          0,
          0
        ],
        [
          17,
          0,
          137,
          0,
          8
        ],
        [
          10,
          0,
          0,
          4,
          1
        ],
        [
          3,
          0,
          0,
          0,
          325
        ]
      ],
      "epoch_time": 153.0960021018982,
      "learning_rate": 5e-05
    }
  ]
}