{
  "dataset": "ASAS",
  "model_type": "linear_noise",
  "sde_config": 1,
  "start_time": "20250828_211114",
  "date": "20250828",
  "epochs": [
    {
      "epoch": 72,
      "train_loss": 0.5675879990061125,
      "train_acc": 94.83506944444444,
      "val_loss": 0.10028385158096041,
      "val_acc": 93.78151260504201,
      "timestamp": "2025-08-28 21:11:35",
      "train_f1": 86.6705440453362,
      "train_recall": 85.15001671166684,
      "val_f1": 80.13459585297129,
      "val_recall": 79.3211867687211,
      "confusion_matrix": [
        [
          65,
          0,
          2,
          0,
          0
        ],
        [
          2,
          21,
          0,
          0,
          0
        ],
        [
          12,
          0,
          145,
          0,
          5
        ],
        [
          10,
          1,
          0,
          3,
          1
        ],
        [
          2,
          0,
          2,
          0,
          324
        ]
      ],
      "epoch_time": 20.42969036102295,
      "learning_rate": 5e-05
    },
    {
      "epoch": 73,
      "train_loss": 0.5653900893715521,
      "train_acc": 95.22569444444444,
      "val_loss": 0.10756010775055204,
      "val_acc": 93.78151260504201,
      "timestamp": "2025-08-28 21:11:55",
      "train_f1": 87.16046759725093,
      "train_recall": 85.81180372441632,
      "val_f1": 79.19881838274449,
      "val_recall": 77.69564240382472,
      "confusion_matrix": [
        [
          55,
          1,
          11,
          0,
          0
        ],
        [
          2,
          21,
          0,
          0,
          0
        ],
        [
          4,
          0,
          157,
          0,
          1
        ],
        [
          10,
          1,
          0,
          3,
          1
        ],
        [
          2,
          0,
          4,
          0,
          322
        ]
      ],
      "epoch_time": 19.579107761383057,
      "learning_rate": 5e-05
    },
    {
      "epoch": 74,
      "train_loss": 0.558250415759782,
      "train_acc": 94.83506944444444,
      "val_loss": 0.08888228610157967,
      "val_acc": 93.78151260504201,
      "timestamp": "2025-08-28 21:12:55",
      "train_f1": 86.09738761697487,
      "train_recall": 85.65952955650923,
      "val_f1": 78.7421988061507,
      "val_recall": 77.22057869796377,
      "confusion_matrix": [
        [
          53,
          2,
          12,
          0,
          0
        ],
        [
          2,
          21,
          0,
          0,
          0
        ],
        [
          2,
          0,
          157,
          0,
          3
        ],
        [
          10,
          1,
          0,
          3,
          1
        ],
        [
          2,
          0,
          2,
          0,
          324
        ]
      ],
      "epoch_time": 60.19465160369873,
      "learning_rate": 5e-05
    },
    {
      "epoch": 75,
      "train_loss": 0.557677818617473,
      "train_acc": 95.13888888888889,
      "val_loss": 0.09224101262433189,
      "val_acc": 93.78151260504201,
      "timestamp": "2025-08-28 21:13:07",
      "train_f1": 88.51932797979694,
      "train_recall": 86.85003004036629,
      "val_f1": 79.39027520297903,
      "val_recall": 78.1082249293183,
      "confusion_matrix": [
        [
          57,
          1,
          9,
          0,
          0
        ],
        [
          2,
          21,
          0,
          0,
          0
        ],
        [
          5,
          0,
          156,
          0,
          1
        ],
        [
          10,
          1,
          0,
          3,
          1
        ],
        [
          2,
          0,
          5,
          0,
          321
        ]
      ],
      "epoch_time": 11.085751056671143,
      "learning_rate": 5e-05
    },
    {
      "epoch": 76,
      "train_loss": 0.5378689315790931,
      "train_acc": 95.3125,
      "val_loss": 0.09625661000609398,
      "val_acc": 93.78151260504201,
      "timestamp": "2025-08-28 21:13:25",
      "train_f1": 87.92265564687287,
      "train_recall": 85.84315753228806,
      "val_f1": 79.08694080033285,
      "val_recall": 77.34554105869849,
      "confusion_matrix": [
        [
          53,
          1,
          13,
          0,
          0
        ],
        [
          2,
          21,
          0,
          0,
          0
        ],
        [
          2,
          0,
          159,
          0,
          1
        ],
        [
          10,
          1,
          0,
          3,
          1
        ],
        [
          2,
          0,
          4,
          0,
          322
        ]
      ],
      "epoch_time": 18.120709896087646,
      "learning_rate": 5e-05
    },
    {
      "epoch": 77,
      "train_loss": 0.519141488087674,
      "train_acc": 94.921875,
      "val_loss": 0.09086355673415321,
      "val_acc": 94.28571428571429,
      "timestamp": "2025-08-28 21:13:43",
      "train_f1": 87.4341320525593,
      "train_recall": 84.97294309997599,
      "val_f1": 81.75290776831213,
      "val_recall": 79.32597762923335,
      "confusion_matrix": [
        [
          56,
          1,
          10,
          0,
          0
        ],
        [
          2,
          21,
          0,
          0,
          0
        ],
        [
          3,
          0,
          156,
          0,
          3
        ],
        [
          10,
          0,
          0,
          4,
          1
        ],
        [
          2,
          0,
          2,
          0,
          324
        ]
      ],
      "epoch_time": 17.015865325927734,
      "learning_rate": 5e-05
    },
    {
      "epoch": 78,
      "train_loss": 0.5291578159667552,
      "train_acc": 94.921875,
      "val_loss": 0.09784166887402534,
      "val_acc": 93.78151260504201,
      "timestamp": "2025-08-28 21:13:59",
      "train_f1": 87.303891880335,
      "train_recall": 84.82399892442126,
      "val_f1": 80.93441794475733,
      "val_recall": 79.19313911179346,
      "confusion_matrix": [
        [
          57,
          2,
          8,
          0,
          0
        ],
        [
          2,
          21,
          0,
          0,
          0
        ],
        [
          7,
          0,
          153,
          0,
          2
        ],
        [
          10,
          0,
          0,
          4,
          1
        ],
        [
          2,
          0,
          3,
          0,
          323
        ]
      ],
      "epoch_time": 16.224860191345215,
      "learning_rate": 5e-05
    },
    {
      "epoch": 79,
      "train_loss": 0.5480848527513444,
      "train_acc": 94.61805555555556,
      "val_loss": 0.09792382057224001,
      "val_acc": 93.78151260504201,
      "timestamp": "2025-08-28 21:14:24",
      "train_f1": 86.74027590218691,
      "train_recall": 84.67248024750302,
      "val_f1": 82.2480237609179,
      "val_recall": 79.46528111182042,
      "confusion_matrix": [
        [
          52,
          2,
          13,
          0,
          0
        ],
        [
          2,
          21,
          0,
          0,
          0
        ],
        [
          2,
          0,
          156,
          0,
          4
        ],
        [
          9,
          0,
          0,
          5,
          1
        ],
        [
          2,
          0,
          2,
          0,
          324
        ]
      ],
      "epoch_time": 23.97292160987854,
      "learning_rate": 5e-05
    },
    {
      "epoch": 80,
      "train_loss": 0.5555686115597686,
      "train_acc": 95.13888888888889,
      "val_loss": 0.09521304230604853,
      "val_acc": 94.11764705882354,
      "timestamp": "2025-08-28 21:14:41",
      "train_f1": 87.44041634269699,
      "train_recall": 85.88471262759792,
      "val_f1": 83.52089919213206,
      "val_recall": 81.81280276282466,
      "confusion_matrix": [
        [
          64,
          1,
          2,
          0,
          0
        ],
        [
          2,
          21,
          0,
          0,
          0
        ],
        [
          12,
          0,
          146,
          0,
          4
        ],
        [
          9,
          0,
          0,
          5,
          1
        ],
        [
          2,
          0,
          2,
          0,
          324
        ]
      ],
      "epoch_time": 16.441802501678467,
      "learning_rate": 3.5e-05
    }
  ]
}