{
  "dataset": "ASAS",
  "model_type": "linear_noise",
  "sde_config": 1,
  "start_time": "20250828_215948",
  "date": "20250828",
  "epochs": [
    {
      "epoch": 81,
      "train_loss": 0.7801596376340132,
      "train_acc": 94.84797297297297,
      "val_loss": 0.09854372688814213,
      "val_acc": 93.78151260504201,
      "timestamp": "2025-08-28 22:00:32",
      "train_f1": 86.90038636731735,
      "train_recall": 85.91036015779945,
      "val_f1": 83.2756379739554,
      "val_recall": 81.74093985514087,
      "confusion_matrix": [
        [
          65,
          1,
          1,
          0,
          0
        ],
        [
          2,
          21,
          0,
          0,
          0
        ],
        [
          13,
          0,
          143,
          0,
          6
        ],
        [
          9,
          0,
          0,
          5,
          1
        ],
        [
          4,
          0,
          0,
          0,
          324
        ]
      ],
      "epoch_time": 44.11126661300659,
      "learning_rate": 3e-05
    },
    {
      "epoch": 82,
      "train_loss": 0.8189563061538581,
      "train_acc": 94.80574324324324,
      "val_loss": 0.10697645948905694,
      "val_acc": 94.6218487394958,
      "timestamp": "2025-08-28 22:01:39",
      "train_f1": 86.42465759725107,
      "train_recall": 85.52787443812727,
      "val_f1": 83.92717378196085,
      "val_recall": 82.35822380575814,
      "confusion_matrix": [
        [
          65,
          1,
          1,
          0,
          0
        ],
        [
          2,
          21,
          0,
          0,
          0
        ],
        [
          12,
          0,
          148,
          0,
          2
        ],
        [
          9,
          0,
          0,
          5,
          1
        ],
        [
          2,
          0,
          2,
          0,
          324
        ]
      ],
      "class_accuracies": {
        "class_0": 97.01492537313433,
        "class_1": 91.30434782608695,
        "class_2": 91.35802469135803,
        "class_3": 33.33333333333333,
        "class_4": 98.78048780487805
      },
      "epoch_time": 66.85230278968811,
      "learning_rate": 3e-05
    },
    {
      "epoch": 83,
      "train_loss": 1.0445321648809556,
      "train_acc": 94.21452702702703,
      "val_loss": 0.09007773666005385,
      "val_acc": 93.78151260504201,
      "timestamp": "2025-08-28 22:06:24",
      "train_f1": 86.46710087757774,
      "train_recall": 86.08492708743223,
      "val_f1": 82.87549758816091,
      "val_recall": 80.40301565500334,
      "confusion_matrix": [
        [
          57,
          1,
          9,
          0,
          0
        ],
        [
          2,
          21,
          0,
          0,
          0
        ],
        [
          7,
          0,
          152,
          0,
          3
        ],
        [
          9,
          0,
          0,
          5,
          1
        ],
        [
          2,
          0,
          3,
          0,
          323
        ]
      ],
      "epoch_time": 284.36215353012085,
      "learning_rate": 3e-05
    },
    {
      "epoch": 84,
      "train_loss": 0.8255030267645378,
      "train_acc": 94.84797297297297,
      "val_loss": 0.0916092983986202,
      "val_acc": 93.94957983193277,
      "timestamp": "2025-08-28 22:09:12",
      "train_f1": 87.24514257971335,
      "train_recall": 85.35234036942629,
      "val_f1": 81.15845406842685,
      "val_recall": 79.49164657448003,
      "confusion_matrix": [
        [
          58,
          2,
          7,
          0,
          0
        ],
        [
          2,
          21,
          0,
          0,
          0
        ],
        [
          7,
          0,
          153,
          0,
          2
        ],
        [
          10,
          0,
          0,
          4,
          1
        ],
        [
          2,
          0,
          3,
          0,
          323
        ]
      ],
      "epoch_time": 167.58761286735535,
      "learning_rate": 3e-05
    },
    {
      "epoch": 85,
      "train_loss": 0.8023860940860735,
      "train_acc": 94.72128378378379,
      "val_loss": 0.10789309520470469,
      "val_acc": 94.28571428571429,
      "timestamp": "2025-08-28 22:09:54",
      "train_f1": 86.63201384593414,
      "train_recall": 84.62418044317283,
      "val_f1": 83.32956966805311,
      "val_recall": 80.83586720574105,
      "confusion_matrix": [
        [
          57,
          1,
          9,
          0,
          0
        ],
        [
          2,
          21,
          0,
          0,
          0
        ],
        [
          5,
          0,
          156,
          0,
          1
        ],
        [
          9,
          0,
          0,
          5,
          1
        ],
        [
          2,
          0,
          4,
          0,
          322
        ]
      ],
      "epoch_time": 41.7043240070343,
      "learning_rate": 3e-05
    },
    {
      "epoch": 86,
      "train_loss": 0.7384912402847329,
      "train_acc": 94.97466216216216,
      "val_loss": 0.10749332528365285,
      "val_acc": 93.94957983193277,
      "timestamp": "2025-08-28 22:10:22",
      "train_f1": 87.49529467032858,
      "train_recall": 85.95758325447245,
      "val_f1": 81.74315121615129,
      "val_recall": 78.72896270386022,
      "confusion_matrix": [
        [
          54,
          0,
          13,
          0,
          0
        ],
        [
          2,
          21,
          0,
          0,
          0
        ],
        [
          2,
          0,
          156,
          0,
          4
        ],
        [
          10,
          0,
          0,
          4,
          1
        ],
        [
          2,
          0,
          2,
          0,
          324
        ]
      ],
      "epoch_time": 28.21827459335327,
      "learning_rate": 3e-05
    },
    {
      "epoch": 87,
      "train_loss": 0.7706143692437861,
      "train_acc": 94.84797297297297,
      "val_loss": 0.09804515168070793,
      "val_acc": 93.94957983193277,
      "timestamp": "2025-08-28 22:10:55",
      "train_f1": 87.52168649917392,
      "train_recall": 84.97773718346082,
      "val_f1": 81.13239490604828,
      "val_recall": 79.07906404898644,
      "confusion_matrix": [
        [
          56,
          2,
          9,
          0,
          0
        ],
        [
          2,
          21,
          0,
          0,
          0
        ],
        [
          4,
          0,
          154,
          0,
          4
        ],
        [
          10,
          0,
          0,
          4,
          1
        ],
        [
          2,
          0,
          2,
          0,
          324
        ]
      ],
      "epoch_time": 32.17546105384827,
      "learning_rate": 3e-05
    },
    {
      "epoch": 88,
      "train_loss": 0.7415699088392226,
      "train_acc": 95.14358108108108,
      "val_loss": 0.10363767903886344,
      "val_acc": 93.94957983193277,
      "timestamp": "2025-08-28 22:11:55",
      "train_f1": 87.21219247511922,
      "train_recall": 85.41585495937471,
      "val_f1": 79.13310981042471,
      "val_recall": 77.88158037431553,
      "confusion_matrix": [
        [
          55,
          2,
          10,
          0,
          0
        ],
        [
          2,
          21,
          0,
          0,
          0
        ],
        [
          2,
          0,
          159,
          0,
          1
        ],
        [
          10,
          1,
          0,
          3,
          1
        ],
        [
          2,
          0,
          5,
          0,
          321
        ]
      ],
      "epoch_time": 60.25513577461243,
      "learning_rate": 3e-05
    },
    {
      "epoch": 89,
      "train_loss": 0.8358325204132376,
      "train_acc": 94.42567567567568,
      "val_loss": 0.09020713755958959,
      "val_acc": 94.6218487394958,
      "timestamp": "2025-08-28 22:14:15",
      "train_f1": 87.6333203868701,
      "train_recall": 86.34974790700608,
      "val_f1": 86.15165673871512,
      "val_recall": 84.07777420192545,
      "confusion_matrix": [
        [
          61,
          1,
          5,
          0,
          0
        ],
        [
          2,
          21,
          0,
          0,
          0
        ],
        [
          9,
          0,
          150,
          0,
          3
        ],
        [
          6,
          1,
          0,
          7,
          1
        ],
        [
          2,
          0,
          2,
          0,
          324
        ]
      ],
      "epoch_time": 139.31414198875427,
      "learning_rate": 3e-05
    },
    {
      "epoch": 90,
      "train_loss": 0.8514220530821665,
      "train_acc": 94.97466216216216,
      "val_loss": 0.0991336046472976,
      "val_acc": 94.28571428571429,
      "timestamp": "2025-08-28 22:16:20",
      "train_f1": 88.4553128738839,
      "train_recall": 88.13892285527727,
      "val_f1": 80.08322999556977,
      "val_recall": 79.69155713909147,
      "confusion_matrix": [
        [
          65,
          1,
          1,
          0,
          0
        ],
        [
          2,
          21,
          0,
          0,
          0
        ],
        [
          12,
          0,
          148,
          0,
          2
        ],
        [
          10,
          1,
          0,
          3,
          1
        ],
        [
          2,
          0,
          2,
          0,
          324
        ]
      ],
      "epoch_time": 124.63914132118225,
      "learning_rate": 3e-05
    },
    {
      "epoch": 91,
      "train_loss": 0.8983226141615493,
      "train_acc": 94.84797297297297,
      "val_loss": 0.09935350774934418,
      "val_acc": 93.78151260504201,
      "timestamp": "2025-08-28 22:18:44",
      "train_f1": 86.82339937400585,
      "train_recall": 84.83194042897256,
      "val_f1": 78.99570755701988,
      "val_recall": 77.80821189602047,
      "confusion_matrix": [
        [
          56,
          2,
          9,
          0,
          0
        ],
        [
          2,
          21,
          0,
          0,
          0
        ],
        [
          4,
          0,
          155,
          0,
          3
        ],
        [
          10,
          1,
          0,
          3,
          1
        ],
        [
          2,
          0,
          3,
          0,
          323
        ]
      ],
      "epoch_time": 143.67084336280823,
      "learning_rate": 3e-05
    },
    {
      "epoch": 92,
      "train_loss": 0.8250744448018235,
      "train_acc": 95.22804054054055,
      "val_loss": 0.11239939712380108,
      "val_acc": 94.11764705882354,
      "timestamp": "2025-08-28 22:20:08",
      "train_f1": 88.01209627111734,
      "train_recall": 85.63634201826294,
      "val_f1": 83.09519925073265,
      "val_recall": 80.312220758663,
      "confusion_matrix": [
        [
          54,
          1,
          12,
          0,
          0
        ],
        [
          2,
          21,
          0,
          0,
          0
        ],
        [
          2,
          0,
          160,
          0,
          0
        ],
        [
          9,
          0,
          0,
          5,
          1
        ],
        [
          2,
          0,
          6,
          0,
          320
        ]
      ],
      "epoch_time": 83.89800977706909,
      "learning_rate": 1.5e-05
    },
    {
      "epoch": 93,
      "train_loss": 0.7765498556750449,
      "train_acc": 95.39695945945945,
      "val_loss": 0.09600905897585969,
      "val_acc": 93.94957983193277,
      "timestamp": "2025-08-28 22:21:26",
      "train_f1": 88.4209164117333,
      "train_recall": 85.87577832709152,
      "val_f1": 82.16272030254402,
      "val_recall": 80.30441875692821,
      "confusion_matrix": [
        [
          63,
          0,
          4,
          0,
          0
        ],
        [
          2,
          21,
          0,
          0,
          0
        ],
        [
          11,
          0,
          147,
          0,
          4
        ],
        [
          10,
          0,
          0,
          4,
          1
        ],
        [
          2,
          0,
          2,
          0,
          324
        ]
      ],
      "epoch_time": 77.79704761505127,
      "learning_rate": 1.5e-05
    },
    {
      "epoch": 94,
      "train_loss": 0.8507890086621046,
      "train_acc": 94.51013513513513,
      "val_loss": 0.1009623484784051,
      "val_acc": 94.11764705882354,
      "timestamp": "2025-08-28 22:25:29",
      "train_f1": 87.25062428449792,
      "train_recall": 85.41154641184838,
      "val_f1": 82.26030101478254,
      "val_recall": 80.42787554705167,
      "confusion_matrix": [
        [
          63,
          0,
          4,
          0,
          0
        ],
        [
          2,
          21,
          0,
          0,
          0
        ],
        [
          11,
          0,
          148,
          0,
          3
        ],
        [
          10,
          0,
          0,
          4,
          1
        ],
        [
          2,
          0,
          2,
          0,
          324
        ]
      ],
      "epoch_time": 242.10138463974,
      "learning_rate": 1.5e-05
    },
    {
      "epoch": 95,
      "train_loss": 0.8748512146239346,
      "train_acc": 94.5945945945946,
      "val_loss": 0.09388681599184086,
      "val_acc": 94.11764705882354,
      "timestamp": "2025-08-28 22:28:16",
      "train_f1": 87.79169551104461,
      "train_recall": 85.23712571531678,
      "val_f1": 82.21880087716433,
      "val_recall": 79.9652047097297,
      "confusion_matrix": [
        [
          60,
          0,
          7,
          0,
          0
        ],
        [
          2,
          21,
          0,
          0,
          0
        ],
        [
          7,
          0,
          152,
          0,
          3
        ],
        [
          10,
          0,
          0,
          4,
          1
        ],
        [
          2,
          0,
          3,
          0,
          323
        ]
      ],
      "epoch_time": 167.03299069404602,
      "learning_rate": 1.5e-05
    },
    {
      "epoch": 96,
      "train_loss": 0.766149535473134,
      "train_acc": 94.84797297297297,
      "val_loss": 0.09211668038838788,
      "val_acc": 94.11764705882354,
      "timestamp": "2025-08-28 22:34:35",
      "train_f1": 87.62563535728314,
      "train_recall": 86.18791197572811,
      "val_f1": 81.52013992236724,
      "val_recall": 80.1402553822928,
      "confusion_matrix": [
        [
          61,
          1,
          5,
          0,
          0
        ],
        [
          2,
          21,
          0,
          0,
          0
        ],
        [
          9,
          0,
          151,
          0,
          2
        ],
        [
          9,
          1,
          0,
          4,
          1
        ],
        [
          2,
          0,
          3,
          0,
          323
        ]
      ],
      "epoch_time": 378.43488812446594,
      "learning_rate": 1.5e-05
    },
    {
      "epoch": 97,
      "train_loss": 0.6945681709896874,
      "train_acc": 94.89020270270271,
      "val_loss": 0.09153206803296741,
      "val_acc": 93.94957983193277,
      "timestamp": "2025-08-28 22:36:30",
      "train_f1": 87.1334127168732,
      "train_recall": 86.12481991440279,
      "val_f1": 82.51967880202568,
      "val_recall": 80.876573790253,
      "confusion_matrix": [
        [
          59,
          2,
          6,
          0,
          0
        ],
        [
          2,
          21,
          0,
          0,
          0
        ],
        [
          8,
          0,
          151,
          0,
          3
        ],
        [
          8,
          1,
          0,
          5,
          1
        ],
        [
          2,
          0,
          3,
          0,
          323
        ]
      ],
      "epoch_time": 113.99160051345825,
      "learning_rate": 1.5e-05
    },
    {
      "epoch": 98,
      "train_loss": 0.8048256310458118,
      "train_acc": 94.84797297297297,
      "val_loss": 0.09036678389499062,
      "val_acc": 94.28571428571429,
      "timestamp": "2025-08-28 22:40:48",
      "train_f1": 88.11397344285005,
      "train_recall": 86.84833138867708,
      "val_f1": 84.14907086099153,
      "val_recall": 82.27088273334242,
      "confusion_matrix": [
        [
          59,
          2,
          6,
          0,
          0
        ],
        [
          2,
          21,
          0,
          0,
          0
        ],
        [
          8,
          0,
          151,
          0,
          3
        ],
        [
          7,
          1,
          0,
          6,
          1
        ],
        [
          2,
          0,
          2,
          0,
          324
        ]
      ],
      "epoch_time": 257.8224184513092,
      "learning_rate": 1.5e-05
    },
    {
      "epoch": 99,
      "train_loss": 0.712884995683625,
      "train_acc": 95.14358108108108,
      "val_loss": 0.09357060041082532,
      "val_acc": 94.11764705882354,
      "timestamp": "2025-08-28 22:42:02",
      "train_f1": 87.87568460353341,
      "train_recall": 86.90195617713155,
      "val_f1": 82.73367586450415,
      "val_recall": 81.11260007257222,
      "confusion_matrix": [
        [
          60,
          2,
          5,
          0,
          0
        ],
        [
          2,
          21,
          0,
          0,
          0
        ],
        [
          8,
          0,
          150,
          0,
          4
        ],
        [
          8,
          1,
          0,
          5,
          1
        ],
        [
          2,
          0,
          2,
          0,
          324
        ]
      ],
      "epoch_time": 73.77981948852539,
      "learning_rate": 1.5e-05
    },
    {
      "epoch": 100,
      "train_loss": 0.8366854649439857,
      "train_acc": 94.76351351351352,
      "val_loss": 0.09211577318216625,
      "val_acc": 93.94957983193277,
      "timestamp": "2025-08-28 22:44:57",
      "train_f1": 88.04369399376417,
      "train_recall": 86.35681282689264,
      "val_f1": 84.24280622245469,
      "val_recall": 81.8489184805324,
      "confusion_matrix": [
        [
          58,
          1,
          8,
          0,
          0
        ],
        [
          2,
          21,
          0,
          0,
          0
        ],
        [
          7,
          0,
          150,
          0,
          5
        ],
        [
          7,
          1,
          0,
          6,
          1
        ],
        [
          2,
          0,
          2,
          0,
          324
        ]
      ],
      "epoch_time": 174.49116325378418,
      "learning_rate": 1.5e-05
    }
  ]
}