{
  "dataset": "ASAS",
  "model_type": "linear_noise",
  "sde_config": 1,
  "start_time": "20250828_210839",
  "date": "20250828",
  "epochs": [
    {
      "epoch": 72,
      "train_loss": 0.4343353389865822,
      "train_acc": 95.00868055555556,
      "val_loss": 0.08734097853302955,
      "val_acc": 94.11764705882354,
      "timestamp": "2025-08-28 21:08:55",
      "train_f1": 88.55107575809053,
      "train_recall": 87.86254913656705,
      "val_f1": 93.88653706231437,
      "val_recall": 94.11764705882352,
      "confusion_matrix": [
        [
          60,
          1,
          6,
          0,
          0
        ],
        [
          2,
          21,
          0,
          0,
          0
        ],
        [
          8,
          0,
          151,
          0,
          3
        ],
        [
          8,
          1,
          0,
          5,
          1
        ],
        [
          2,
          0,
          3,
          0,
          323
        ]
      ],
      "epoch_time": 16.55302357673645,
      "learning_rate": 5e-05
    },
    {
      "epoch": 73,
      "train_loss": 0.42858539356125724,
      "train_acc": 94.921875,
      "val_loss": 0.10510987937450408,
      "val_acc": 93.4453781512605,
      "timestamp": "2025-08-28 21:09:07",
      "train_f1": 88.18815994362276,
      "train_recall": 87.20766574481948,
      "val_f1": 93.00280499057281,
      "val_recall": 93.4453781512605,
      "confusion_matrix": [
        [
          51,
          2,
          13,
          1,
          0
        ],
        [
          2,
          21,
          0,
          0,
          0
        ],
        [
          2,
          0,
          159,
          0,
          1
        ],
        [
          9,
          1,
          0,
          4,
          1
        ],
        [
          2,
          0,
          5,
          0,
          321
        ]
      ],
      "epoch_time": 11.275709867477417,
      "learning_rate": 5e-05
    }
  ]
}