{
  "experiment_info": {
    "dataset": "MACHO",
    "model_type": "linear_noise",
    "sde_config": 1,
    "start_time": "20250824_135530",
    "log_file": "MACHO_linear_noise_config1_merged.log"
  },
  "training_history": {
    "epochs": [
      0,
      1,
      2,
      3,
      4,
      5,
      6,
      7,
      8,
      9,
      10,
      11,
      12,
      13,
      14,
      15,
      16,
      17,
      17,
      18,
      19,
      20,
      21,
      22,
      23,
      24,
      25,
      26,
      27,
      28,
      29,
      30,
      31,
      32,
      33
    ],
    "train_loss": [
      1.1170737709639207,
      0.9041476407141056,
      1.163409432712591,
      9.84370175678775,
      0.6811851516084851,
      0.7305477255920194,
      0.5871263832416175,
      0.601734385737833,
      0.48665738893005084,
      0.43349014250737317,
      0.4221768449499922,
      0.4343786366143317,
      0.39268742136235507,
      0.40017458318539384,
      1.0557502286051803,
      0.35261561932428825,
      0.012793335149872978,
      0.3535288614484499,
      0.40863949735209626,
      0.37287474859435604,
      0.35651092034465864,
      0.47440314995792676,
      0.3858387733124337,
      0.32535038579185055,
      0.3401822276272864,
      0.2917969856622084,
      0.40724646004865755,
      0.3133722099493135,
      2.7131788608319356,
      0.28966091376430586,
      0.5646282853382938,
      0.2805604594496061,
      0.27471430908958866,
      0.26846478064105195,
      0.30554818741555484
    ],
    "train_accuracy": [
      38.57142857142857,
      46.30952380952381,
      50.416666666666664,
      55.595238095238095,
      60.23809523809524,
      61.904761904761905,
      63.75,
      64.22619047619048,
      68.69047619047619,
      71.9047619047619,
      72.32142857142857,
      72.14285714285714,
      73.33333333333333,
      75.35714285714286,
      74.58333333333333,
      76.60714285714286,
      77.08333333333333,
      76.72619047619048,
      76.19047619047619,
      75.95238095238095,
      76.60714285714286,
      77.14285714285714,
      78.0952380952381,
      80.47619047619048,
      80.0,
      81.8452380952381,
      80.05952380952381,
      82.02380952380952,
      81.30952380952381,
      82.97619047619048,
      83.1547619047619,
      83.45238095238095,
      82.85714285714286,
      83.33333333333333,
      81.9047619047619
    ],
    "val_loss": [
      0.9772753545216152,
      0.8864368626049587,
      0.9840213826724461,
      0.8320802194731576,
      0.6725654346602303,
      0.597883152110236,
      0.5399274017129626,
      0.5050953796931675,
      0.4725049138069153,
      0.5100985211985452,
      0.4381236859730312,
      0.3812996766396931,
      0.4259017067296164,
      0.3427302667072841,
      0.39864190987178255,
      0.3319918300424303,
      0.32579377932207926,
      0.3138116214956556,
      0.3489671179226467,
      0.3600116265671594,
      0.5668497042996543,
      0.4564074661050524,
      0.3075509305511202,
      0.3414568815912519,
      0.4931510090827942,
      0.3368340624230249,
      0.36259150930813383,
      0.33941267005034853,
      0.3326238840818405,
      0.39538235323769705,
      0.2808341256209782,
      0.32465376598494394,
      0.3465731697423117,
      0.4689422718116215,
      0.42816437567983356
    ],
    "val_accuracy": [
      40.95238095238095,
      40.476190476190474,
      57.61904761904762,
      53.80952380952381,
      58.095238095238095,
      60.95238095238095,
      62.857142857142854,
      68.0952380952381,
      69.52380952380952,
      59.523809523809526,
      70.95238095238095,
      74.28571428571429,
      70.95238095238095,
      73.33333333333333,
      68.0952380952381,
      73.80952380952381,
      75.71428571428571,
      73.80952380952381,
      72.85714285714286,
      79.04761904761905,
      67.14285714285714,
      74.28571428571429,
      78.0952380952381,
      80.95238095238095,
      69.04761904761905,
      80.95238095238095,
      79.52380952380952,
      80.95238095238095,
      80.0,
      80.0,
      82.38095238095238,
      80.47619047619048,
      79.52380952380952,
      77.14285714285714,
      78.0952380952381
    ],
    "class_accuracy_history": [
      {
        "0": 0.0,
        "1": 0.0,
        "2": 0.0,
        "3": 94.73684210526315,
        "4": 0.0,
        "5": 0.0,
        "6": 100.0
      },
      {
        "0": 0.0,
        "1": 0.0,
        "2": 0.0,
        "3": 89.47368421052632,
        "4": 1.7241379310344827,
        "5": 0.0,
        "6": 100.0
      },
      {
        "0": 0.0,
        "1": 90.9090909090909,
        "2": 20.0,
        "3": 86.8421052631579,
        "4": 43.103448275862064,
        "5": 0.0,
        "6": 92.0
      },
      {
        "0": 61.53846153846154,
        "1": 81.81818181818183,
        "2": 25.71428571428571,
        "3": 92.10526315789474,
        "4": 29.310344827586203,
        "5": 0.0,
        "6": 70.0
      },
      {
        "0": 0.0,
        "1": 36.36363636363637,
        "2": 42.857142857142854,
        "3": 81.57894736842105,
        "4": 50.0,
        "5": 0.0,
        "6": 86.0
      },
      {
        "0": 53.84615384615385,
        "1": 100.0,
        "2": 25.71428571428571,
        "3": 76.31578947368422,
        "4": 46.55172413793103,
        "5": 0.0,
        "6": 90.0
      },
      {
        "0": 30.76923076923077,
        "1": 90.9090909090909,
        "2": 34.285714285714285,
        "3": 92.10526315789474,
        "4": 41.37931034482759,
        "5": 0.0,
        "6": 94.0
      },
      {
        "0": 76.92307692307693,
        "1": 90.9090909090909,
        "2": 37.142857142857146,
        "3": 81.57894736842105,
        "4": 53.44827586206896,
        "5": 0.0,
        "6": 96.0
      },
      {
        "0": 69.23076923076923,
        "1": 90.9090909090909,
        "2": 37.142857142857146,
        "3": 89.47368421052632,
        "4": 53.44827586206896,
        "5": 0.0,
        "6": 98.0
      },
      {
        "0": 23.076923076923077,
        "1": 27.27272727272727,
        "2": 40.0,
        "3": 81.57894736842105,
        "4": 67.24137931034483,
        "5": 0.0,
        "6": 70.0
      },
      {
        "0": 46.15384615384615,
        "1": 90.9090909090909,
        "2": 45.714285714285715,
        "3": 84.21052631578947,
        "4": 65.51724137931035,
        "5": 0.0,
        "6": 94.0
      },
      {
        "0": 76.92307692307693,
        "1": 90.9090909090909,
        "2": 51.42857142857142,
        "3": 89.47368421052632,
        "4": 63.793103448275865,
        "5": 0.0,
        "6": 94.0
      },
      {
        "0": 38.46153846153847,
        "1": 90.9090909090909,
        "2": 40.0,
        "3": 89.47368421052632,
        "4": 70.6896551724138,
        "5": 0.0,
        "6": 90.0
      },
      {
        "0": 53.84615384615385,
        "1": 90.9090909090909,
        "2": 40.0,
        "3": 84.21052631578947,
        "4": 72.41379310344827,
        "5": 0.0,
        "6": 98.0
      },
      {
        "0": 23.076923076923077,
        "1": 63.63636363636363,
        "2": 45.714285714285715,
        "3": 89.47368421052632,
        "4": 74.13793103448276,
        "5": 0.0,
        "6": 80.0
      },
      {
        "0": 38.46153846153847,
        "1": 81.81818181818183,
        "2": 45.714285714285715,
        "3": 89.47368421052632,
        "4": 74.13793103448276,
        "5": 0.0,
        "6": 96.0
      },
      {
        "0": 46.15384615384615,
        "1": 90.9090909090909,
        "2": 40.0,
        "3": 89.47368421052632,
        "4": 79.3103448275862,
        "5": 0.0,
        "6": 98.0
      },
      {
        "0": 61.53846153846154,
        "1": 81.81818181818183,
        "2": 45.714285714285715,
        "3": 89.47368421052632,
        "4": 68.96551724137932,
        "5": 0.0,
        "6": 96.0
      },
      {
        "0": 46.15384615384615,
        "1": 90.9090909090909,
        "2": 40.0,
        "3": 86.8421052631579,
        "4": 74.13793103448276,
        "5": 0.0,
        "6": 94.0
      },
      {
        "0": 69.23076923076923,
        "1": 90.9090909090909,
        "2": 57.14285714285714,
        "3": 89.47368421052632,
        "4": 77.58620689655173,
        "5": 0.0,
        "6": 96.0
      },
      {
        "0": 15.384615384615385,
        "1": 27.27272727272727,
        "2": 48.57142857142857,
        "3": 89.47368421052632,
        "4": 82.75862068965517,
        "5": 0.0,
        "6": 74.0
      },
      {
        "0": 30.76923076923077,
        "1": 90.9090909090909,
        "2": 40.0,
        "3": 81.57894736842105,
        "4": 86.20689655172413,
        "5": 0.0,
        "6": 94.0
      },
      {
        "0": 69.23076923076923,
        "1": 90.9090909090909,
        "2": 60.0,
        "3": 92.10526315789474,
        "4": 74.13793103448276,
        "5": 0.0,
        "6": 92.0
      },
      {
        "0": 61.53846153846154,
        "1": 90.9090909090909,
        "2": 65.71428571428571,
        "3": 94.73684210526315,
        "4": 81.03448275862068,
        "5": 20.0,
        "6": 90.0
      },
      {
        "0": 7.6923076923076925,
        "1": 36.36363636363637,
        "2": 42.857142857142854,
        "3": 78.94736842105263,
        "4": 91.37931034482759,
        "5": 0.0,
        "6": 84.0
      },
      {
        "0": 84.61538461538461,
        "1": 90.9090909090909,
        "2": 62.857142857142854,
        "3": 94.73684210526315,
        "4": 77.58620689655173,
        "5": 20.0,
        "6": 90.0
      },
      {
        "0": 61.53846153846154,
        "1": 72.72727272727273,
        "2": 60.0,
        "3": 89.47368421052632,
        "4": 81.03448275862068,
        "5": 40.0,
        "6": 94.0
      },
      {
        "0": 53.84615384615385,
        "1": 90.9090909090909,
        "2": 57.14285714285714,
        "3": 92.10526315789474,
        "4": 81.03448275862068,
        "5": 20.0,
        "6": 100.0
      },
      {
        "0": 69.23076923076923,
        "1": 90.9090909090909,
        "2": 51.42857142857142,
        "3": 92.10526315789474,
        "4": 81.03448275862068,
        "5": 0.0,
        "6": 98.0
      },
      {
        "0": 46.15384615384615,
        "1": 90.9090909090909,
        "2": 57.14285714285714,
        "3": 94.73684210526315,
        "4": 81.03448275862068,
        "5": 20.0,
        "6": 96.0
      },
      {
        "0": 53.84615384615385,
        "1": 90.9090909090909,
        "2": 60.0,
        "3": 94.73684210526315,
        "4": 84.48275862068965,
        "5": 20.0,
        "6": 98.0
      },
      {
        "0": 46.15384615384615,
        "1": 90.9090909090909,
        "2": 54.285714285714285,
        "3": 86.8421052631579,
        "4": 89.65517241379311,
        "5": 20.0,
        "6": 96.0
      },
      {
        "0": 61.53846153846154,
        "1": 90.9090909090909,
        "2": 60.0,
        "3": 92.10526315789474,
        "4": 79.3103448275862,
        "5": 0.0,
        "6": 94.0
      },
      {
        "0": 15.384615384615385,
        "1": 90.9090909090909,
        "2": 57.14285714285714,
        "3": 94.73684210526315,
        "4": 81.03448275862068,
        "5": 20.0,
        "6": 92.0
      },
      {
        "0": 46.15384615384615,
        "1": 90.9090909090909,
        "2": 40.0,
        "3": 84.21052631578947,
        "4": 89.65517241379311,
        "5": 20.0,
        "6": 98.0
      }
    ],
    "learning_rates": [
      2.98214809386295e-05,
      2.929031948627973e-05,
      2.8419594600731333e-05,
      2.7230746418436738e-05,
      2.5753048327204938e-05,
      2.402288615824086e-05,
      2.208286224622343e-05,
      1.9980746418436738e-05,
      1.776829974308335e-05,
      1.55e-05,
      1.3231700256916657e-05,
      1.1019253581563265e-05,
      8.917137753776572e-06,
      6.977113841759141e-06,
      5.2469516727950615e-06,
      3.769253581563264e-06,
      2.580405399268667e-06,
      1.7096805137202739e-06,
      2.98214809386295e-05,
      2.929031948627973e-05,
      2.8419594600731333e-05,
      2.7230746418436738e-05,
      2.5753048327204938e-05,
      2.402288615824086e-05,
      2.208286224622343e-05,
      1.9980746418436738e-05,
      1.776829974308335e-05,
      1.55e-05,
      1.3231700256916657e-05,
      1.1019253581563265e-05,
      8.917137753776572e-06,
      2.98214809386295e-05,
      2.929031948627973e-05,
      2.8419594600731333e-05,
      2.7230746418436738e-05
    ]
  },
  "best_metrics": {
    "best_val_accuracy": 82.38095238095238,
    "best_epoch": 29,
    "best_class_accuracy": {
      "0": 53.84615384615385,
      "1": 90.9090909090909,
      "2": 60.0,
      "3": 94.73684210526315,
      "4": 84.48275862068965,
      "5": 20.0,
      "6": 98.0
    }
  },
  "last_update": "2025-08-25 23:21:20"
}