{
  "dataset": "MACHO",
  "model_type": "linear_noise",
  "sde_config": 1,
  "start_time": "20250831_102019",
  "date": "20250831",
  "epochs": [
    {
      "epoch": 1,
      "train_loss": 4.497599047422409,
      "train_acc": 72.8125,
      "val_loss": 0.5092065307227048,
      "val_acc": 69.87577639751552,
      "timestamp": "2025-08-31 10:20:23",
      "train_f1": 70.23441084247241,
      "train_recall": 72.8125,
      "val_f1": 64.46405508941803,
      "val_recall": 69.87577639751554,
      "confusion_matrix": [
        [
          0,
          0,
          14,
          0,
          10,
          0,
          0
        ],
        [
          0,
          18,
          4,
          0,
          0,
          0,
          0
        ],
        [
          0,
          7,
          35,
          0,
          4,
          0,
          9
        ],
        [
          0,
          0,
          20,
          0,
          0,
          0,
          0
        ],
        [
          0,
          0,
          7,
          0,
          67,
          0,
          8
        ],
        [
          0,
          0,
          1,
          0,
          7,
          0,
          1
        ],
        [
          0,
          0,
          3,
          0,
          2,
          0,
          105
        ]
      ],
      "epoch_time": 4.0011515617370605,
      "learning_rate": 3e-05
    },
    {
      "epoch": 2,
      "train_loss": 4.483077559247613,
      "train_acc": 72.03125,
      "val_loss": 0.48965223269029096,
      "val_acc": 70.80745341614907,
      "timestamp": "2025-08-31 10:20:27",
      "train_f1": 68.79874742805127,
      "train_recall": 72.03125,
      "val_f1": 65.60590253657604,
      "val_recall": 70.80745341614907,
      "confusion_matrix": [
        [
          0,
          0,
          14,
          0,
          10,
          0,
          0
        ],
        [
          0,
          18,
          4,
          0,
          0,
          0,
          0
        ],
        [
          0,
          3,
          38,
          1,
          3,
          0,
          10
        ],
        [
          0,
          0,
          20,
          0,
          0,
          0,
          0
        ],
        [
          2,
          0,
          5,
          0,
          67,
          0,
          8
        ],
        [
          0,
          0,
          1,
          0,
          7,
          0,
          1
        ],
        [
          0,
          0,
          3,
          0,
          2,
          0,
          105
        ]
      ],
      "epoch_time": 4.061308145523071,
      "learning_rate": 3e-05
    },
    {
      "epoch": 3,
      "train_loss": 4.472607164829969,
      "train_acc": 74.140625,
      "val_loss": 0.47472876581278717,
      "val_acc": 72.04968944099379,
      "timestamp": "2025-08-31 10:20:32",
      "train_f1": 71.586731228577,
      "train_recall": 74.140625,
      "val_f1": 68.81018302104451,
      "val_recall": 72.04968944099379,
      "confusion_matrix": [
        [
          2,
          0,
          12,
          0,
          10,
          0,
          0
        ],
        [
          0,
          21,
          1,
          0,
          0,
          0,
          0
        ],
        [
          0,
          13,
          27,
          2,
          3,
          0,
          10
        ],
        [
          0,
          0,
          10,
          10,
          0,
          0,
          0
        ],
        [
          3,
          0,
          4,
          0,
          67,
          0,
          8
        ],
        [
          0,
          0,
          1,
          0,
          7,
          0,
          1
        ],
        [
          0,
          0,
          3,
          0,
          2,
          0,
          105
        ]
      ],
      "epoch_time": 4.968256950378418,
      "learning_rate": 3e-05
    },
    {
      "epoch": 4,
      "train_loss": 4.21016293503344,
      "train_acc": 74.6875,
      "val_loss": 0.448742078109221,
      "val_acc": 72.04968944099379,
      "timestamp": "2025-08-31 10:20:38",
      "train_f1": 72.60792713674718,
      "train_recall": 74.6875,
      "val_f1": 69.52237504314427,
      "val_recall": 72.04968944099379,
      "confusion_matrix": [
        [
          6,
          0,
          8,
          0,
          10,
          0,
          0
        ],
        [
          0,
          21,
          1,
          0,
          0,
          0,
          0
        ],
        [
          1,
          17,
          23,
          2,
          3,
          0,
          9
        ],
        [
          2,
          0,
          8,
          10,
          0,
          0,
          0
        ],
        [
          3,
          0,
          4,
          0,
          67,
          0,
          8
        ],
        [
          0,
          0,
          1,
          0,
          7,
          0,
          1
        ],
        [
          0,
          0,
          3,
          0,
          2,
          0,
          105
        ]
      ],
      "epoch_time": 5.088909387588501,
      "learning_rate": 3e-05
    },
    {
      "epoch": 5,
      "train_loss": 3.9868648324161766,
      "train_acc": 76.25,
      "val_loss": 0.42381093447858637,
      "val_acc": 74.22360248447205,
      "timestamp": "2025-08-31 10:20:43",
      "train_f1": 74.5005037405287,
      "train_recall": 76.25,
      "val_f1": 71.89313441271258,
      "val_recall": 74.22360248447205,
      "confusion_matrix": [
        [
          8,
          0,
          6,
          0,
          10,
          0,
          0
        ],
        [
          0,
          21,
          1,
          0,
          0,
          0,
          0
        ],
        [
          0,
          16,
          24,
          2,
          2,
          0,
          11
        ],
        [
          2,
          0,
          4,
          14,
          0,
          0,
          0
        ],
        [
          4,
          0,
          3,
          0,
          67,
          0,
          8
        ],
        [
          1,
          0,
          0,
          0,
          7,
          0,
          1
        ],
        [
          0,
          0,
          3,
          0,
          2,
          0,
          105
        ]
      ],
      "class_accuracies": {
        "class_0": 33.33333333333333,
        "class_1": 95.45454545454545,
        "class_2": 43.63636363636363,
        "class_3": 70.0,
        "class_4": 81.70731707317073,
        "class_5": 0.0,
        "class_6": 95.45454545454545
      },
      "epoch_time": 5.123230218887329,
      "learning_rate": 3e-05
    },
    {
      "epoch": 6,
      "train_loss": 4.023851973563433,
      "train_acc": 75.859375,
      "val_loss": 0.4161750240759416,
      "val_acc": 73.6024844720497,
      "timestamp": "2025-08-31 10:20:49",
      "train_f1": 74.11348877533376,
      "train_recall": 75.859375,
      "val_f1": 70.61632557195196,
      "val_recall": 73.6024844720497,
      "confusion_matrix": [
        [
          3,
          0,
          10,
          0,
          11,
          0,
          0
        ],
        [
          0,
          21,
          1,
          0,
          0,
          0,
          0
        ],
        [
          1,
          10,
          28,
          2,
          2,
          0,
          12
        ],
        [
          1,
          0,
          7,
          12,
          0,
          0,
          0
        ],
        [
          4,
          0,
          3,
          0,
          66,
          0,
          9
        ],
        [
          1,
          0,
          0,
          0,
          7,
          0,
          1
        ],
        [
          0,
          0,
          2,
          0,
          1,
          0,
          107
        ]
      ],
      "epoch_time": 5.452019929885864,
      "learning_rate": 3e-05
    },
    {
      "epoch": 7,
      "train_loss": 3.804147665202618,
      "train_acc": 78.046875,
      "val_loss": 0.42161869460886175,
      "val_acc": 75.77639751552795,
      "timestamp": "2025-08-31 10:20:54",
      "train_f1": 76.34246410807226,
      "train_recall": 78.046875,
      "val_f1": 73.10426106816767,
      "val_recall": 75.77639751552795,
      "confusion_matrix": [
        [
          6,
          0,
          7,
          0,
          11,
          0,
          0
        ],
        [
          0,
          20,
          2,
          0,
          0,
          0,
          0
        ],
        [
          2,
          5,
          28,
          2,
          5,
          0,
          13
        ],
        [
          1,
          0,
          4,
          14,
          1,
          0,
          0
        ],
        [
          3,
          0,
          3,
          0,
          68,
          0,
          8
        ],
        [
          0,
          0,
          0,
          0,
          8,
          0,
          1
        ],
        [
          0,
          0,
          0,
          0,
          2,
          0,
          108
        ]
      ],
      "class_accuracies": {
        "class_0": 25.0,
        "class_1": 90.9090909090909,
        "class_2": 50.90909090909091,
        "class_3": 70.0,
        "class_4": 82.92682926829268,
        "class_5": 0.0,
        "class_6": 98.18181818181819
      },
      "epoch_time": 4.939736366271973,
      "learning_rate": 3e-05
    },
    {
      "epoch": 8,
      "train_loss": 3.91043606325984,
      "train_acc": 77.890625,
      "val_loss": 0.4089068553664468,
      "val_acc": 76.7080745341615,
      "timestamp": "2025-08-31 10:20:59",
      "train_f1": 76.22740215993082,
      "train_recall": 77.890625,
      "val_f1": 74.6364302196451,
      "val_recall": 76.70807453416148,
      "confusion_matrix": [
        [
          13,
          0,
          0,
          0,
          11,
          0,
          0
        ],
        [
          0,
          21,
          1,
          0,
          0,
          0,
          0
        ],
        [
          3,
          9,
          26,
          2,
          4,
          0,
          11
        ],
        [
          5,
          0,
          2,
          12,
          1,
          0,
          0
        ],
        [
          4,
          0,
          2,
          0,
          69,
          0,
          7
        ],
        [
          0,
          0,
          0,
          0,
          8,
          0,
          1
        ],
        [
          0,
          0,
          0,
          0,
          4,
          0,
          106
        ]
      ],
      "class_accuracies": {
        "class_0": 54.166666666666664,
        "class_1": 95.45454545454545,
        "class_2": 47.27272727272727,
        "class_3": 60.0,
        "class_4": 84.14634146341463,
        "class_5": 0.0,
        "class_6": 96.36363636363636
      },
      "epoch_time": 5.368232250213623,
      "learning_rate": 3e-05
    },
    {
      "epoch": 9,
      "train_loss": 3.7380462255328895,
      "train_acc": 77.265625,
      "val_loss": 0.37900337847796356,
      "val_acc": 79.19254658385093,
      "timestamp": "2025-08-31 10:21:04",
      "train_f1": 75.4950734584092,
      "train_recall": 77.265625,
      "val_f1": 77.2750545966842,
      "val_recall": 79.19254658385093,
      "confusion_matrix": [
        [
          10,
          0,
          3,
          0,
          11,
          0,
          0
        ],
        [
          0,
          21,
          1,
          0,
          0,
          0,
          0
        ],
        [
          1,
          8,
          33,
          2,
          2,
          0,
          9
        ],
        [
          3,
          0,
          3,
          14,
          0,
          0,
          0
        ],
        [
          4,
          0,
          3,
          0,
          69,
          0,
          6
        ],
        [
          1,
          0,
          0,
          0,
          7,
          0,
          1
        ],
        [
          0,
          0,
          0,
          0,
          2,
          0,
          108
        ]
      ],
      "class_accuracies": {
        "class_0": 41.66666666666667,
        "class_1": 95.45454545454545,
        "class_2": 60.0,
        "class_3": 70.0,
        "class_4": 84.14634146341463,
        "class_5": 0.0,
        "class_6": 98.18181818181819
      },
      "epoch_time": 5.03871488571167,
      "learning_rate": 3e-05
    },
    {
      "epoch": 10,
      "train_loss": 3.6773820862174036,
      "train_acc": 76.953125,
      "val_loss": 0.4071899395097386,
      "val_acc": 74.84472049689441,
      "timestamp": "2025-08-31 10:21:10",
      "train_f1": 75.26837770914952,
      "train_recall": 76.953125,
      "val_f1": 73.43124192197226,
      "val_recall": 74.84472049689441,
      "confusion_matrix": [
        [
          12,
          0,
          3,
          0,
          9,
          0,
          0
        ],
        [
          0,
          21,
          1,
          0,
          0,
          0,
          0
        ],
        [
          2,
          13,
          29,
          2,
          3,
          0,
          6
        ],
        [
          4,
          0,
          6,
          10,
          0,
          0,
          0
        ],
        [
          4,
          0,
          6,
          0,
          68,
          0,
          4
        ],
        [
          1,
          0,
          1,
          0,
          7,
          0,
          0
        ],
        [
          0,
          0,
          6,
          0,
          3,
          0,
          101
        ]
      ],
      "epoch_time": 5.313923358917236,
      "learning_rate": 3e-05
    },
    {
      "epoch": 11,
      "train_loss": 3.5324617754667997,
      "train_acc": 77.734375,
      "val_loss": 0.4272061572833495,
      "val_acc": 77.01863354037268,
      "timestamp": "2025-08-31 10:21:15",
      "train_f1": 76.3528119313509,
      "train_recall": 77.734375,
      "val_f1": 75.39059814885837,
      "val_recall": 77.01863354037268,
      "confusion_matrix": [
        [
          13,
          0,
          1,
          0,
          10,
          0,
          0
        ],
        [
          0,
          21,
          1,
          0,
          0,
          0,
          0
        ],
        [
          3,
          10,
          29,
          2,
          5,
          0,
          6
        ],
        [
          5,
          0,
          3,
          12,
          0,
          0,
          0
        ],
        [
          3,
          0,
          4,
          0,
          70,
          0,
          5
        ],
        [
          0,
          0,
          1,
          0,
          8,
          0,
          0
        ],
        [
          0,
          0,
          4,
          0,
          3,
          0,
          103
        ]
      ],
      "epoch_time": 5.070445775985718,
      "learning_rate": 3e-05
    },
    {
      "epoch": 12,
      "train_loss": 3.5511116407811643,
      "train_acc": 75.78125,
      "val_loss": 0.3967512263493104,
      "val_acc": 74.22360248447205,
      "timestamp": "2025-08-31 10:21:20",
      "train_f1": 74.45073269973345,
      "train_recall": 75.78125,
      "val_f1": 71.48691750459143,
      "val_recall": 74.22360248447205,
      "confusion_matrix": [
        [
          5,
          0,
          7,
          0,
          12,
          0,
          0
        ],
        [
          0,
          20,
          2,
          0,
          0,
          0,
          0
        ],
        [
          2,
          6,
          25,
          2,
          8,
          0,
          12
        ],
        [
          2,
          0,
          3,
          14,
          1,
          0,
          0
        ],
        [
          4,
          0,
          1,
          0,
          72,
          0,
          5
        ],
        [
          0,
          0,
          0,
          0,
          8,
          0,
          1
        ],
        [
          0,
          0,
          0,
          0,
          7,
          0,
          103
        ]
      ],
      "epoch_time": 5.025564432144165,
      "learning_rate": 1.5e-05
    },
    {
      "epoch": 13,
      "train_loss": 3.286693226546049,
      "train_acc": 77.890625,
      "val_loss": 0.3442768413912166,
      "val_acc": 77.32919254658385,
      "timestamp": "2025-08-31 10:21:25",
      "train_f1": 76.3751114862233,
      "train_recall": 77.890625,
      "val_f1": 75.28154511645569,
      "val_recall": 77.32919254658384,
      "confusion_matrix": [
        [
          11,
          0,
          3,
          0,
          10,
          0,
          0
        ],
        [
          0,
          21,
          1,
          0,
          0,
          0,
          0
        ],
        [
          2,
          9,
          31,
          2,
          2,
          0,
          9
        ],
        [
          3,
          0,
          6,
          10,
          1,
          0,
          0
        ],
        [
          4,
          0,
          3,
          0,
          69,
          0,
          6
        ],
        [
          0,
          0,
          0,
          0,
          8,
          0,
          1
        ],
        [
          0,
          0,
          0,
          0,
          3,
          0,
          107
        ]
      ],
      "epoch_time": 4.982839345932007,
      "learning_rate": 1.5e-05
    },
    {
      "epoch": 14,
      "train_loss": 3.266289443522692,
      "train_acc": 78.90625,
      "val_loss": 0.34829621423374524,
      "val_acc": 78.26086956521739,
      "timestamp": "2025-08-31 10:21:30",
      "train_f1": 77.41957781503773,
      "train_recall": 78.90625,
      "val_f1": 76.55478969602262,
      "val_recall": 78.26086956521739,
      "confusion_matrix": [
        [
          13,
          0,
          0,
          0,
          11,
          0,
          0
        ],
        [
          0,
          20,
          2,
          0,
          0,
          0,
          0
        ],
        [
          3,
          7,
          30,
          2,
          2,
          0,
          11
        ],
        [
          5,
          0,
          0,
          14,
          1,
          0,
          0
        ],
        [
          4,
          0,
          3,
          0,
          69,
          0,
          6
        ],
        [
          0,
          0,
          0,
          0,
          8,
          0,
          1
        ],
        [
          0,
          0,
          0,
          0,
          4,
          0,
          106
        ]
      ],
      "epoch_time": 4.961264133453369,
      "learning_rate": 1.5e-05
    },
    {
      "epoch": 15,
      "train_loss": 3.3458637814968823,
      "train_acc": 78.515625,
      "val_loss": 0.3397859185934067,
      "val_acc": 78.26086956521739,
      "timestamp": "2025-08-31 10:21:36",
      "train_f1": 76.91778097110516,
      "train_recall": 78.515625,
      "val_f1": 76.465672626863,
      "val_recall": 78.26086956521739,
      "confusion_matrix": [
        [
          14,
          0,
          0,
          0,
          10,
          0,
          0
        ],
        [
          0,
          20,
          2,
          0,
          0,
          0,
          0
        ],
        [
          3,
          7,
          30,
          2,
          2,
          0,
          11
        ],
        [
          5,
          0,
          2,
          12,
          1,
          0,
          0
        ],
        [
          4,
          0,
          3,
          0,
          69,
          0,
          6
        ],
        [
          0,
          0,
          0,
          0,
          8,
          0,
          1
        ],
        [
          0,
          0,
          0,
          0,
          3,
          0,
          107
        ]
      ],
      "epoch_time": 5.512362957000732,
      "learning_rate": 1.5e-05
    },
    {
      "epoch": 16,
      "train_loss": 3.2166406255215407,
      "train_acc": 79.0625,
      "val_loss": 0.3203889470208775,
      "val_acc": 78.57142857142857,
      "timestamp": "2025-08-31 10:21:41",
      "train_f1": 77.53693025416081,
      "train_recall": 79.0625,
      "val_f1": 76.74481074481075,
      "val_recall": 78.57142857142857,
      "confusion_matrix": [
        [
          11,
          0,
          3,
          0,
          10,
          0,
          0
        ],
        [
          0,
          20,
          2,
          0,
          0,
          0,
          0
        ],
        [
          2,
          6,
          33,
          2,
          2,
          0,
          10
        ],
        [
          3,
          0,
          3,
          13,
          1,
          0,
          0
        ],
        [
          4,
          0,
          3,
          0,
          69,
          0,
          6
        ],
        [
          0,
          0,
          0,
          0,
          8,
          0,
          1
        ],
        [
          0,
          0,
          0,
          0,
          3,
          0,
          107
        ]
      ],
      "epoch_time": 5.009415149688721,
      "learning_rate": 1.5e-05
    },
    {
      "epoch": 17,
      "train_loss": 3.1917406372725963,
      "train_acc": 79.84375,
      "val_loss": 0.327427320859649,
      "val_acc": 77.32919254658385,
      "timestamp": "2025-08-31 10:21:46",
      "train_f1": 78.45001337749693,
      "train_recall": 79.84375,
      "val_f1": 75.64435661723464,
      "val_recall": 77.32919254658384,
      "confusion_matrix": [
        [
          14,
          0,
          3,
          0,
          7,
          0,
          0
        ],
        [
          0,
          22,
          0,
          0,
          0,
          0,
          0
        ],
        [
          1,
          11,
          31,
          2,
          2,
          0,
          8
        ],
        [
          3,
          0,
          7,
          10,
          0,
          0,
          0
        ],
        [
          4,
          0,
          3,
          0,
          69,
          0,
          6
        ],
        [
          1,
          0,
          1,
          0,
          7,
          0,
          0
        ],
        [
          0,
          0,
          4,
          0,
          3,
          0,
          103
        ]
      ],
      "epoch_time": 5.029450416564941,
      "learning_rate": 1.5e-05
    },
    {
      "epoch": 18,
      "train_loss": 3.073630693554878,
      "train_acc": 79.453125,
      "val_loss": 0.33363453908400104,
      "val_acc": 76.08695652173913,
      "timestamp": "2025-08-31 10:21:52",
      "train_f1": 77.98972454764416,
      "train_recall": 79.453125,
      "val_f1": 73.67568173470731,
      "val_recall": 76.08695652173914,
      "confusion_matrix": [
        [
          8,
          0,
          8,
          0,
          8,
          0,
          0
        ],
        [
          0,
          21,
          1,
          0,
          0,
          0,
          0
        ],
        [
          2,
          9,
          26,
          2,
          5,
          0,
          11
        ],
        [
          2,
          0,
          3,
          14,
          1,
          0,
          0
        ],
        [
          3,
          0,
          4,
          0,
          70,
          0,
          5
        ],
        [
          0,
          0,
          0,
          0,
          8,
          0,
          1
        ],
        [
          0,
          0,
          0,
          0,
          4,
          0,
          106
        ]
      ],
      "epoch_time": 4.99740195274353,
      "learning_rate": 1.5e-05
    },
    {
      "epoch": 19,
      "train_loss": 2.9386782927438615,
      "train_acc": 79.21875,
      "val_loss": 0.35418273508548737,
      "val_acc": 79.8136645962733,
      "timestamp": "2025-08-31 10:21:57",
      "train_f1": 77.7392687983608,
      "train_recall": 79.21875,
      "val_f1": 78.3616233561429,
      "val_recall": 79.8136645962733,
      "confusion_matrix": [
        [
          15,
          0,
          0,
          0,
          9,
          0,
          0
        ],
        [
          0,
          21,
          1,
          0,
          0,
          0,
          0
        ],
        [
          3,
          8,
          31,
          2,
          6,
          0,
          5
        ],
        [
          5,
          0,
          0,
          14,
          1,
          0,
          0
        ],
        [
          4,
          0,
          3,
          0,
          71,
          0,
          4
        ],
        [
          0,
          0,
          0,
          0,
          8,
          0,
          1
        ],
        [
          0,
          0,
          0,
          0,
          5,
          0,
          105
        ]
      ],
      "class_accuracies": {
        "class_0": 62.5,
        "class_1": 95.45454545454545,
        "class_2": 56.36363636363636,
        "class_3": 70.0,
        "class_4": 86.58536585365853,
        "class_5": 0.0,
        "class_6": 95.45454545454545
      },
      "epoch_time": 5.440543174743652,
      "learning_rate": 1.5e-05
    },
    {
      "epoch": 20,
      "train_loss": 2.9341097425669433,
      "train_acc": 79.375,
      "val_loss": 0.3580078292976726,
      "val_acc": 76.7080745341615,
      "timestamp": "2025-08-31 10:22:03",
      "train_f1": 78.08626800997327,
      "train_recall": 79.375,
      "val_f1": 75.249050414249,
      "val_recall": 76.70807453416148,
      "confusion_matrix": [
        [
          18,
          0,
          2,
          0,
          4,
          0,
          0
        ],
        [
          0,
          22,
          0,
          0,
          0,
          0,
          0
        ],
        [
          4,
          11,
          28,
          2,
          4,
          0,
          6
        ],
        [
          5,
          0,
          5,
          10,
          0,
          0,
          0
        ],
        [
          3,
          0,
          5,
          0,
          70,
          0,
          4
        ],
        [
          0,
          0,
          2,
          0,
          7,
          0,
          0
        ],
        [
          0,
          0,
          7,
          0,
          4,
          0,
          99
        ]
      ],
      "epoch_time": 5.465174913406372,
      "learning_rate": 1.5e-05
    },
    {
      "epoch": 21,
      "train_loss": 3.131689778715372,
      "train_acc": 80.15625,
      "val_loss": 0.3156392073089426,
      "val_acc": 78.26086956521739,
      "timestamp": "2025-08-31 10:22:08",
      "train_f1": 78.8860234621323,
      "train_recall": 80.15625,
      "val_f1": 76.52217036885823,
      "val_recall": 78.26086956521739,
      "confusion_matrix": [
        [
          17,
          0,
          1,
          0,
          6,
          0,
          0
        ],
        [
          0,
          21,
          1,
          0,
          0,
          0,
          0
        ],
        [
          3,
          9,
          30,
          2,
          2,
          0,
          9
        ],
        [
          5,
          0,
          4,
          10,
          1,
          0,
          0
        ],
        [
          4,
          0,
          3,
          0,
          71,
          0,
          4
        ],
        [
          0,
          0,
          0,
          0,
          8,
          0,
          1
        ],
        [
          0,
          0,
          2,
          0,
          5,
          0,
          103
        ]
      ],
      "epoch_time": 5.02944540977478,
      "learning_rate": 1.5e-05
    },
    {
      "epoch": 22,
      "train_loss": 3.1902546282857656,
      "train_acc": 79.453125,
      "val_loss": 0.3295843384482644,
      "val_acc": 76.7080745341615,
      "timestamp": "2025-08-31 10:22:13",
      "train_f1": 78.25191595123735,
      "train_recall": 79.453125,
      "val_f1": 74.69208378661844,
      "val_recall": 76.70807453416148,
      "confusion_matrix": [
        [
          13,
          0,
          4,
          0,
          7,
          0,
          0
        ],
        [
          0,
          20,
          2,
          0,
          0,
          0,
          0
        ],
        [
          2,
          6,
          28,
          2,
          6,
          0,
          11
        ],
        [
          3,
          0,
          6,
          10,
          1,
          0,
          0
        ],
        [
          4,
          0,
          2,
          0,
          72,
          0,
          4
        ],
        [
          0,
          0,
          0,
          0,
          8,
          0,
          1
        ],
        [
          0,
          0,
          0,
          0,
          6,
          0,
          104
        ]
      ],
      "epoch_time": 5.012177228927612,
      "learning_rate": 1.5e-05
    },
    {
      "epoch": 23,
      "train_loss": 3.176842060685158,
      "train_acc": 79.921875,
      "val_loss": 0.3199453922835263,
      "val_acc": 77.01863354037268,
      "timestamp": "2025-08-31 10:22:18",
      "train_f1": 78.7333876574864,
      "train_recall": 79.921875,
      "val_f1": 75.21227236826167,
      "val_recall": 77.01863354037268,
      "confusion_matrix": [
        [
          14,
          0,
          4,
          0,
          6,
          0,
          0
        ],
        [
          0,
          21,
          1,
          0,
          0,
          0,
          0
        ],
        [
          1,
          9,
          30,
          2,
          5,
          0,
          8
        ],
        [
          3,
          0,
          6,
          10,
          1,
          0,
          0
        ],
        [
          5,
          0,
          3,
          0,
          69,
          0,
          5
        ],
        [
          0,
          0,
          0,
          0,
          8,
          0,
          1
        ],
        [
          0,
          0,
          0,
          0,
          6,
          0,
          104
        ]
      ],
      "epoch_time": 5.035079717636108,
      "learning_rate": 7.5e-06
    },
    {
      "epoch": 24,
      "train_loss": 2.8489672012627123,
      "train_acc": 79.53125,
      "val_loss": 0.32245408675887366,
      "val_acc": 77.95031055900621,
      "timestamp": "2025-08-31 10:22:24",
      "train_f1": 78.0373663737447,
      "train_recall": 79.53125,
      "val_f1": 76.12828577558726,
      "val_recall": 77.95031055900621,
      "confusion_matrix": [
        [
          15,
          0,
          2,
          0,
          7,
          0,
          0
        ],
        [
          0,
          21,
          1,
          0,
          0,
          0,
          0
        ],
        [
          2,
          9,
          30,
          2,
          4,
          0,
          8
        ],
        [
          3,
          0,
          6,
          10,
          1,
          0,
          0
        ],
        [
          4,
          0,
          3,
          0,
          71,
          0,
          4
        ],
        [
          0,
          0,
          0,
          0,
          8,
          0,
          1
        ],
        [
          0,
          0,
          0,
          0,
          6,
          0,
          104
        ]
      ],
      "epoch_time": 5.382223129272461,
      "learning_rate": 7.5e-06
    },
    {
      "epoch": 25,
      "train_loss": 2.881979452446103,
      "train_acc": 79.6875,
      "val_loss": 0.3100511702624234,
      "val_acc": 78.88198757763975,
      "timestamp": "2025-08-31 10:22:29",
      "train_f1": 78.2872116022926,
      "train_recall": 79.6875,
      "val_f1": 77.32888554327654,
      "val_recall": 78.88198757763976,
      "confusion_matrix": [
        [
          19,
          0,
          1,
          0,
          4,
          0,
          0
        ],
        [
          0,
          20,
          2,
          0,
          0,
          0,
          0
        ],
        [
          1,
          7,
          33,
          2,
          4,
          0,
          8
        ],
        [
          5,
          0,
          4,
          10,
          1,
          0,
          0
        ],
        [
          5,
          0,
          3,
          0,
          70,
          0,
          4
        ],
        [
          0,
          0,
          0,
          0,
          8,
          0,
          1
        ],
        [
          0,
          0,
          3,
          0,
          5,
          0,
          102
        ]
      ],
      "epoch_time": 5.457607984542847,
      "learning_rate": 7.5e-06
    },
    {
      "epoch": 26,
      "train_loss": 2.8893569201231,
      "train_acc": 79.6875,
      "val_loss": 0.303753909739581,
      "val_acc": 78.57142857142857,
      "timestamp": "2025-08-31 10:22:35",
      "train_f1": 78.63778390667495,
      "train_recall": 79.6875,
      "val_f1": 77.03070827579148,
      "val_recall": 78.57142857142857,
      "confusion_matrix": [
        [
          18,
          0,
          2,
          0,
          4,
          0,
          0
        ],
        [
          0,
          20,
          2,
          0,
          0,
          0,
          0
        ],
        [
          1,
          6,
          34,
          2,
          3,
          0,
          9
        ],
        [
          3,
          0,
          6,
          10,
          1,
          0,
          0
        ],
        [
          5,
          0,
          3,
          0,
          69,
          0,
          5
        ],
        [
          0,
          0,
          0,
          0,
          8,
          0,
          1
        ],
        [
          0,
          0,
          3,
          0,
          5,
          0,
          102
        ]
      ],
      "epoch_time": 5.051210165023804,
      "learning_rate": 7.5e-06
    },
    {
      "epoch": 27,
      "train_loss": 2.9786067586392164,
      "train_acc": 80.078125,
      "val_loss": 0.3121651370416988,
      "val_acc": 79.5031055900621,
      "timestamp": "2025-08-31 10:22:40",
      "train_f1": 78.97943909356734,
      "train_recall": 80.078125,
      "val_f1": 77.85400833620439,
      "val_recall": 79.5031055900621,
      "confusion_matrix": [
        [
          18,
          0,
          1,
          0,
          5,
          0,
          0
        ],
        [
          0,
          20,
          2,
          0,
          0,
          0,
          0
        ],
        [
          2,
          6,
          33,
          2,
          3,
          0,
          9
        ],
        [
          5,
          0,
          4,
          10,
          1,
          0,
          0
        ],
        [
          4,
          0,
          3,
          0,
          71,
          0,
          4
        ],
        [
          0,
          0,
          0,
          0,
          8,
          0,
          1
        ],
        [
          0,
          0,
          1,
          0,
          5,
          0,
          104
        ]
      ],
      "epoch_time": 5.093959093093872,
      "learning_rate": 7.5e-06
    },
    {
      "epoch": 28,
      "train_loss": 2.730743551068008,
      "train_acc": 81.328125,
      "val_loss": 0.31873091784390534,
      "val_acc": 77.01863354037268,
      "timestamp": "2025-08-31 10:22:45",
      "train_f1": 80.03888240630991,
      "train_recall": 81.328125,
      "val_f1": 75.16403678496668,
      "val_recall": 77.01863354037268,
      "confusion_matrix": [
        [
          15,
          0,
          4,
          0,
          5,
          0,
          0
        ],
        [
          0,
          20,
          2,
          0,
          0,
          0,
          0
        ],
        [
          1,
          6,
          29,
          2,
          6,
          0,
          11
        ],
        [
          3,
          0,
          6,
          10,
          1,
          0,
          0
        ],
        [
          5,
          0,
          3,
          0,
          70,
          0,
          4
        ],
        [
          0,
          0,
          0,
          0,
          8,
          0,
          1
        ],
        [
          0,
          0,
          0,
          0,
          6,
          0,
          104
        ]
      ],
      "epoch_time": 5.4040117263793945,
      "learning_rate": 7.5e-06
    },
    {
      "epoch": 29,
      "train_loss": 2.9752484649419784,
      "train_acc": 80.625,
      "val_loss": 0.3022052997892553,
      "val_acc": 78.88198757763975,
      "timestamp": "2025-08-31 10:22:51",
      "train_f1": 79.507626040995,
      "train_recall": 80.625,
      "val_f1": 77.23495717790342,
      "val_recall": 78.88198757763976,
      "confusion_matrix": [
        [
          19,
          0,
          1,
          0,
          4,
          0,
          0
        ],
        [
          0,
          22,
          0,
          0,
          0,
          0,
          0
        ],
        [
          3,
          8,
          31,
          2,
          2,
          0,
          9
        ],
        [
          5,
          0,
          4,
          10,
          1,
          0,
          0
        ],
        [
          5,
          0,
          3,
          0,
          70,
          0,
          4
        ],
        [
          1,
          0,
          0,
          0,
          7,
          0,
          1
        ],
        [
          0,
          0,
          3,
          0,
          5,
          0,
          102
        ]
      ],
      "epoch_time": 5.513509035110474,
      "learning_rate": 7.5e-06
    },
    {
      "epoch": 30,
      "train_loss": 2.9079396814107894,
      "train_acc": 80.625,
      "val_loss": 0.2921759404919364,
      "val_acc": 79.5031055900621,
      "timestamp": "2025-08-31 10:22:56",
      "train_f1": 79.28536630228027,
      "train_recall": 80.625,
      "val_f1": 77.84124791869908,
      "val_recall": 79.5031055900621,
      "confusion_matrix": [
        [
          19,
          0,
          1,
          0,
          4,
          0,
          0
        ],
        [
          0,
          22,
          0,
          0,
          0,
          0,
          0
        ],
        [
          1,
          8,
          33,
          2,
          2,
          0,
          9
        ],
        [
          4,
          0,
          5,
          10,
          1,
          0,
          0
        ],
        [
          5,
          0,
          3,
          0,
          69,
          0,
          5
        ],
        [
          1,
          0,
          0,
          0,
          7,
          0,
          1
        ],
        [
          0,
          0,
          3,
          0,
          4,
          0,
          103
        ]
      ],
      "epoch_time": 4.970197677612305,
      "learning_rate": 7.5e-06
    },
    {
      "epoch": 31,
      "train_loss": 2.7475799560546874,
      "train_acc": 80.46875,
      "val_loss": 0.2949326837604696,
      "val_acc": 79.8136645962733,
      "timestamp": "2025-08-31 10:23:02",
      "train_f1": 79.33853742491364,
      "train_recall": 80.46875,
      "val_f1": 78.15483935755843,
      "val_recall": 79.8136645962733,
      "confusion_matrix": [
        [
          19,
          0,
          1,
          0,
          4,
          0,
          0
        ],
        [
          0,
          21,
          1,
          0,
          0,
          0,
          0
        ],
        [
          1,
          8,
          33,
          2,
          2,
          0,
          9
        ],
        [
          5,
          0,
          4,
          10,
          1,
          0,
          0
        ],
        [
          5,
          0,
          3,
          0,
          70,
          0,
          4
        ],
        [
          0,
          0,
          0,
          0,
          8,
          0,
          1
        ],
        [
          0,
          0,
          2,
          0,
          4,
          0,
          104
        ]
      ],
      "epoch_time": 5.439431428909302,
      "learning_rate": 7.5e-06
    },
    {
      "epoch": 32,
      "train_loss": 2.909916026517749,
      "train_acc": 80.625,
      "val_loss": 0.30615334483710205,
      "val_acc": 79.8136645962733,
      "timestamp": "2025-08-31 10:23:07",
      "train_f1": 79.48680122180643,
      "train_recall": 80.625,
      "val_f1": 78.09740056679938,
      "val_recall": 79.8136645962733,
      "confusion_matrix": [
        [
          18,
          0,
          1,
          0,
          5,
          0,
          0
        ],
        [
          0,
          20,
          2,
          0,
          0,
          0,
          0
        ],
        [
          1,
          6,
          33,
          2,
          4,
          0,
          9
        ],
        [
          3,
          0,
          6,
          10,
          1,
          0,
          0
        ],
        [
          5,
          0,
          2,
          0,
          71,
          0,
          4
        ],
        [
          0,
          0,
          0,
          0,
          8,
          0,
          1
        ],
        [
          0,
          0,
          0,
          0,
          5,
          0,
          105
        ]
      ],
      "epoch_time": 4.928564548492432,
      "learning_rate": 7.5e-06
    },
    {
      "epoch": 33,
      "train_loss": 2.7648618798702955,
      "train_acc": 80.78125,
      "val_loss": 0.29734665832736273,
      "val_acc": 79.19254658385093,
      "timestamp": "2025-08-31 10:23:12",
      "train_f1": 79.349994654879,
      "train_recall": 80.78125,
      "val_f1": 77.63260391940581,
      "val_recall": 79.19254658385093,
      "confusion_matrix": [
        [
          19,
          0,
          1,
          0,
          4,
          0,
          0
        ],
        [
          0,
          21,
          1,
          0,
          0,
          0,
          0
        ],
        [
          1,
          8,
          33,
          2,
          3,
          0,
          8
        ],
        [
          5,
          0,
          4,
          10,
          1,
          0,
          0
        ],
        [
          5,
          0,
          3,
          0,
          70,
          0,
          4
        ],
        [
          1,
          0,
          0,
          0,
          7,
          0,
          1
        ],
        [
          0,
          0,
          3,
          0,
          5,
          0,
          102
        ]
      ],
      "epoch_time": 5.443929672241211,
      "learning_rate": 7.5e-06
    },
    {
      "epoch": 34,
      "train_loss": 2.8734463445842264,
      "train_acc": 81.328125,
      "val_loss": 0.2973020347681912,
      "val_acc": 78.57142857142857,
      "timestamp": "2025-08-31 10:23:18",
      "train_f1": 80.0543630041943,
      "train_recall": 81.328125,
      "val_f1": 76.99687649432165,
      "val_recall": 78.57142857142857,
      "confusion_matrix": [
        [
          19,
          0,
          1,
          0,
          4,
          0,
          0
        ],
        [
          0,
          22,
          0,
          0,
          0,
          0,
          0
        ],
        [
          3,
          8,
          31,
          2,
          3,
          0,
          8
        ],
        [
          5,
          0,
          4,
          10,
          1,
          0,
          0
        ],
        [
          5,
          0,
          2,
          0,
          71,
          0,
          4
        ],
        [
          1,
          0,
          1,
          0,
          7,
          0,
          0
        ],
        [
          0,
          0,
          4,
          0,
          6,
          0,
          100
        ]
      ],
      "epoch_time": 5.460708141326904,
      "learning_rate": 3.75e-06
    },
    {
      "epoch": 35,
      "train_loss": 2.6551852881908418,
      "train_acc": 80.234375,
      "val_loss": 0.3019981316544793,
      "val_acc": 79.5031055900621,
      "timestamp": "2025-08-31 10:23:23",
      "train_f1": 79.2254037174035,
      "train_recall": 80.234375,
      "val_f1": 77.83221987812514,
      "val_recall": 79.5031055900621,
      "confusion_matrix": [
        [
          19,
          0,
          1,
          0,
          4,
          0,
          0
        ],
        [
          0,
          20,
          2,
          0,
          0,
          0,
          0
        ],
        [
          1,
          8,
          32,
          2,
          4,
          0,
          8
        ],
        [
          4,
          0,
          5,
          10,
          1,
          0,
          0
        ],
        [
          5,
          0,
          2,
          0,
          71,
          0,
          4
        ],
        [
          1,
          0,
          0,
          0,
          7,
          0,
          1
        ],
        [
          0,
          0,
          1,
          0,
          5,
          0,
          104
        ]
      ],
      "epoch_time": 5.032416343688965,
      "learning_rate": 3.75e-06
    },
    {
      "epoch": 36,
      "train_loss": 2.7987053796648977,
      "train_acc": 80.15625,
      "val_loss": 0.301097417419607,
      "val_acc": 78.88198757763975,
      "timestamp": "2025-08-31 10:23:28",
      "train_f1": 78.76384074307916,
      "train_recall": 80.15625,
      "val_f1": 77.29305671693635,
      "val_recall": 78.88198757763976,
      "confusion_matrix": [
        [
          19,
          0,
          1,
          0,
          4,
          0,
          0
        ],
        [
          0,
          21,
          1,
          0,
          0,
          0,
          0
        ],
        [
          2,
          8,
          32,
          2,
          2,
          0,
          9
        ],
        [
          5,
          0,
          4,
          10,
          1,
          0,
          0
        ],
        [
          5,
          0,
          2,
          0,
          71,
          0,
          4
        ],
        [
          1,
          0,
          0,
          0,
          7,
          0,
          1
        ],
        [
          0,
          0,
          3,
          0,
          6,
          0,
          101
        ]
      ],
      "epoch_time": 4.940365314483643,
      "learning_rate": 3.75e-06
    },
    {
      "epoch": 37,
      "train_loss": 2.7030534187331794,
      "train_acc": 80.546875,
      "val_loss": 0.30057399516755884,
      "val_acc": 79.8136645962733,
      "timestamp": "2025-08-31 10:23:34",
      "train_f1": 79.22705269223215,
      "train_recall": 80.546875,
      "val_f1": 78.19656189221405,
      "val_recall": 79.8136645962733,
      "confusion_matrix": [
        [
          19,
          0,
          1,
          0,
          4,
          0,
          0
        ],
        [
          0,
          20,
          2,
          0,
          0,
          0,
          0
        ],
        [
          1,
          8,
          33,
          2,
          2,
          0,
          9
        ],
        [
          5,
          0,
          4,
          10,
          1,
          0,
          0
        ],
        [
          5,
          0,
          2,
          0,
          71,
          0,
          4
        ],
        [
          1,
          0,
          0,
          0,
          7,
          0,
          1
        ],
        [
          0,
          0,
          2,
          0,
          4,
          0,
          104
        ]
      ],
      "epoch_time": 5.473114490509033,
      "learning_rate": 3.75e-06
    },
    {
      "epoch": 38,
      "train_loss": 2.7208144176751374,
      "train_acc": 80.390625,
      "val_loss": 0.3042222180149772,
      "val_acc": 80.74534161490683,
      "timestamp": "2025-08-31 10:23:40",
      "train_f1": 79.21104113362135,
      "train_recall": 80.390625,
      "val_f1": 79.0858722348872,
      "val_recall": 80.74534161490683,
      "confusion_matrix": [
        [
          18,
          0,
          1,
          0,
          5,
          0,
          0
        ],
        [
          0,
          20,
          2,
          0,
          0,
          0,
          0
        ],
        [
          1,
          6,
          35,
          2,
          2,
          0,
          9
        ],
        [
          3,
          0,
          6,
          10,
          1,
          0,
          0
        ],
        [
          5,
          0,
          2,
          0,
          71,
          0,
          4
        ],
        [
          1,
          0,
          0,
          0,
          7,
          0,
          1
        ],
        [
          0,
          0,
          0,
          0,
          4,
          0,
          106
        ]
      ],
      "class_accuracies": {
        "class_0": 75.0,
        "class_1": 90.9090909090909,
        "class_2": 63.63636363636363,
        "class_3": 50.0,
        "class_4": 86.58536585365853,
        "class_5": 0.0,
        "class_6": 96.36363636363636
      },
      "epoch_time": 5.49737286567688,
      "learning_rate": 3.75e-06
    },
    {
      "epoch": 39,
      "train_loss": 2.6322209063917397,
      "train_acc": 80.078125,
      "val_loss": 0.301864046942104,
      "val_acc": 80.74534161490683,
      "timestamp": "2025-08-31 10:23:45",
      "train_f1": 78.91669463453258,
      "train_recall": 80.078125,
      "val_f1": 79.04654014583087,
      "val_recall": 80.74534161490683,
      "confusion_matrix": [
        [
          19,
          0,
          1,
          0,
          4,
          0,
          0
        ],
        [
          0,
          20,
          2,
          0,
          0,
          0,
          0
        ],
        [
          1,
          6,
          34,
          2,
          3,
          0,
          9
        ],
        [
          3,
          0,
          6,
          10,
          1,
          0,
          0
        ],
        [
          5,
          0,
          2,
          0,
          71,
          0,
          4
        ],
        [
          1,
          0,
          0,
          0,
          7,
          0,
          1
        ],
        [
          0,
          0,
          0,
          0,
          4,
          0,
          106
        ]
      ],
      "epoch_time": 5.0447211265563965,
      "learning_rate": 3.75e-06
    },
    {
      "epoch": 40,
      "train_loss": 2.6374563883990048,
      "train_acc": 81.5625,
      "val_loss": 0.3045255027034066,
      "val_acc": 79.8136645962733,
      "timestamp": "2025-08-31 10:23:50",
      "train_f1": 80.44130404318398,
      "train_recall": 81.5625,
      "val_f1": 78.13985608207614,
      "val_recall": 79.8136645962733,
      "confusion_matrix": [
        [
          18,
          0,
          1,
          0,
          5,
          0,
          0
        ],
        [
          0,
          20,
          2,
          0,
          0,
          0,
          0
        ],
        [
          1,
          6,
          33,
          2,
          3,
          0,
          10
        ],
        [
          5,
          0,
          4,
          10,
          1,
          0,
          0
        ],
        [
          5,
          0,
          2,
          0,
          71,
          0,
          4
        ],
        [
          1,
          0,
          0,
          0,
          7,
          0,
          1
        ],
        [
          0,
          0,
          0,
          0,
          5,
          0,
          105
        ]
      ],
      "epoch_time": 4.9988603591918945,
      "learning_rate": 3.75e-06
    },
    {
      "epoch": 41,
      "train_loss": 2.6654405584558845,
      "train_acc": 81.953125,
      "val_loss": 0.30023431236093695,
      "val_acc": 80.12422360248448,
      "timestamp": "2025-08-31 10:23:56",
      "train_f1": 80.68477923671699,
      "train_recall": 81.953125,
      "val_f1": 78.5064695459717,
      "val_recall": 80.12422360248446,
      "confusion_matrix": [
        [
          18,
          0,
          1,
          0,
          5,
          0,
          0
        ],
        [
          0,
          20,
          2,
          0,
          0,
          0,
          0
        ],
        [
          1,
          6,
          34,
          2,
          3,
          0,
          9
        ],
        [
          5,
          0,
          4,
          10,
          1,
          0,
          0
        ],
        [
          5,
          0,
          2,
          0,
          71,
          0,
          4
        ],
        [
          1,
          0,
          0,
          0,
          7,
          0,
          1
        ],
        [
          0,
          0,
          1,
          0,
          4,
          0,
          105
        ]
      ],
      "epoch_time": 5.506805419921875,
      "learning_rate": 3.75e-06
    },
    {
      "epoch": 42,
      "train_loss": 2.7255831323564053,
      "train_acc": 81.25,
      "val_loss": 0.29626030949029053,
      "val_acc": 79.8136645962733,
      "timestamp": "2025-08-31 10:24:01",
      "train_f1": 79.94260179453252,
      "train_recall": 81.25,
      "val_f1": 78.25040914605862,
      "val_recall": 79.8136645962733,
      "confusion_matrix": [
        [
          19,
          0,
          1,
          0,
          4,
          0,
          0
        ],
        [
          0,
          20,
          2,
          0,
          0,
          0,
          0
        ],
        [
          1,
          6,
          34,
          2,
          3,
          0,
          9
        ],
        [
          5,
          0,
          4,
          10,
          1,
          0,
          0
        ],
        [
          5,
          0,
          2,
          0,
          71,
          0,
          4
        ],
        [
          1,
          0,
          0,
          0,
          7,
          0,
          1
        ],
        [
          0,
          0,
          3,
          0,
          4,
          0,
          103
        ]
      ],
      "epoch_time": 5.002035140991211,
      "learning_rate": 3.75e-06
    },
    {
      "epoch": 43,
      "train_loss": 2.7989734267815947,
      "train_acc": 82.1875,
      "val_loss": 0.29666928540576587,
      "val_acc": 79.8136645962733,
      "timestamp": "2025-08-31 10:24:06",
      "train_f1": 81.10443604882944,
      "train_recall": 82.1875,
      "val_f1": 78.30744079850992,
      "val_recall": 79.8136645962733,
      "confusion_matrix": [
        [
          19,
          0,
          1,
          0,
          4,
          0,
          0
        ],
        [
          0,
          20,
          2,
          0,
          0,
          0,
          0
        ],
        [
          1,
          6,
          35,
          2,
          2,
          0,
          9
        ],
        [
          5,
          0,
          4,
          10,
          1,
          0,
          0
        ],
        [
          5,
          0,
          2,
          0,
          71,
          0,
          4
        ],
        [
          1,
          0,
          0,
          0,
          7,
          0,
          1
        ],
        [
          0,
          0,
          3,
          0,
          5,
          0,
          102
        ]
      ],
      "epoch_time": 5.029299259185791,
      "learning_rate": 3.75e-06
    },
    {
      "epoch": 44,
      "train_loss": 2.7255345601588488,
      "train_acc": 80.234375,
      "val_loss": 0.2968189445408908,
      "val_acc": 79.8136645962733,
      "timestamp": "2025-08-31 10:24:11",
      "train_f1": 78.88319647647972,
      "train_recall": 80.234375,
      "val_f1": 78.30744079850992,
      "val_recall": 79.8136645962733,
      "confusion_matrix": [
        [
          19,
          0,
          1,
          0,
          4,
          0,
          0
        ],
        [
          0,
          20,
          2,
          0,
          0,
          0,
          0
        ],
        [
          1,
          6,
          35,
          2,
          2,
          0,
          9
        ],
        [
          5,
          0,
          4,
          10,
          1,
          0,
          0
        ],
        [
          5,
          0,
          2,
          0,
          71,
          0,
          4
        ],
        [
          1,
          0,
          0,
          0,
          7,
          0,
          1
        ],
        [
          0,
          0,
          3,
          0,
          5,
          0,
          102
        ]
      ],
      "epoch_time": 5.026304721832275,
      "learning_rate": 3.75e-06
    },
    {
      "epoch": 45,
      "train_loss": 2.8177668739110233,
      "train_acc": 81.171875,
      "val_loss": 0.30101444639942865,
      "val_acc": 80.43478260869566,
      "timestamp": "2025-08-31 10:24:16",
      "train_f1": 79.94642285101801,
      "train_recall": 81.171875,
      "val_f1": 78.85153510842856,
      "val_recall": 80.43478260869566,
      "confusion_matrix": [
        [
          18,
          0,
          1,
          0,
          5,
          0,
          0
        ],
        [
          0,
          20,
          2,
          0,
          0,
          0,
          0
        ],
        [
          1,
          6,
          35,
          2,
          2,
          0,
          9
        ],
        [
          5,
          0,
          4,
          10,
          1,
          0,
          0
        ],
        [
          5,
          0,
          2,
          0,
          71,
          0,
          4
        ],
        [
          1,
          0,
          0,
          0,
          7,
          0,
          1
        ],
        [
          0,
          0,
          0,
          0,
          5,
          0,
          105
        ]
      ],
      "epoch_time": 5.040647745132446,
      "learning_rate": 1.875e-06
    },
    {
      "epoch": 46,
      "train_loss": 2.642218066379428,
      "train_acc": 81.25,
      "val_loss": 0.3005062260411002,
      "val_acc": 80.12422360248448,
      "timestamp": "2025-08-31 10:24:21",
      "train_f1": 80.08036802470929,
      "train_recall": 81.25,
      "val_f1": 78.48998125144544,
      "val_recall": 80.12422360248446,
      "confusion_matrix": [
        [
          18,
          0,
          1,
          0,
          5,
          0,
          0
        ],
        [
          0,
          20,
          2,
          0,
          0,
          0,
          0
        ],
        [
          1,
          6,
          34,
          2,
          2,
          0,
          10
        ],
        [
          5,
          0,
          4,
          10,
          1,
          0,
          0
        ],
        [
          5,
          0,
          2,
          0,
          71,
          0,
          4
        ],
        [
          1,
          0,
          0,
          0,
          7,
          0,
          1
        ],
        [
          0,
          0,
          0,
          0,
          5,
          0,
          105
        ]
      ],
      "epoch_time": 5.062392711639404,
      "learning_rate": 1.875e-06
    },
    {
      "epoch": 47,
      "train_loss": 2.745769327506423,
      "train_acc": 82.421875,
      "val_loss": 0.29603559049693023,
      "val_acc": 80.43478260869566,
      "timestamp": "2025-08-31 10:24:27",
      "train_f1": 81.27404340048173,
      "train_recall": 82.421875,
      "val_f1": 78.8122062190775,
      "val_recall": 80.43478260869566,
      "confusion_matrix": [
        [
          19,
          0,
          1,
          0,
          4,
          0,
          0
        ],
        [
          0,
          20,
          2,
          0,
          0,
          0,
          0
        ],
        [
          1,
          7,
          34,
          2,
          2,
          0,
          9
        ],
        [
          5,
          0,
          4,
          10,
          1,
          0,
          0
        ],
        [
          5,
          0,
          2,
          0,
          71,
          0,
          4
        ],
        [
          1,
          0,
          0,
          0,
          7,
          0,
          1
        ],
        [
          0,
          0,
          0,
          0,
          5,
          0,
          105
        ]
      ],
      "epoch_time": 5.5802695751190186,
      "learning_rate": 1.875e-06
    },
    {
      "epoch": 48,
      "train_loss": 2.5506676468998193,
      "train_acc": 81.40625,
      "val_loss": 0.29833677275614306,
      "val_acc": 80.12422360248448,
      "timestamp": "2025-08-31 10:24:32",
      "train_f1": 80.28957951290339,
      "train_recall": 81.40625,
      "val_f1": 78.48998125144544,
      "val_recall": 80.12422360248446,
      "confusion_matrix": [
        [
          18,
          0,
          1,
          0,
          5,
          0,
          0
        ],
        [
          0,
          20,
          2,
          0,
          0,
          0,
          0
        ],
        [
          1,
          6,
          34,
          2,
          2,
          0,
          10
        ],
        [
          5,
          0,
          4,
          10,
          1,
          0,
          0
        ],
        [
          5,
          0,
          2,
          0,
          71,
          0,
          4
        ],
        [
          1,
          0,
          0,
          0,
          7,
          0,
          1
        ],
        [
          0,
          0,
          0,
          0,
          5,
          0,
          105
        ]
      ],
      "epoch_time": 5.049305200576782,
      "learning_rate": 1.875e-06
    },
    {
      "epoch": 49,
      "train_loss": 2.8651878006756304,
      "train_acc": 80.546875,
      "val_loss": 0.2897788096557964,
      "val_acc": 80.43478260869566,
      "timestamp": "2025-08-31 10:24:38",
      "train_f1": 79.42855066162481,
      "train_recall": 80.546875,
      "val_f1": 78.8752819381317,
      "val_recall": 80.43478260869566,
      "confusion_matrix": [
        [
          19,
          0,
          1,
          0,
          4,
          0,
          0
        ],
        [
          0,
          20,
          2,
          0,
          0,
          0,
          0
        ],
        [
          1,
          6,
          35,
          2,
          2,
          0,
          9
        ],
        [
          5,
          0,
          4,
          10,
          1,
          0,
          0
        ],
        [
          5,
          0,
          2,
          0,
          71,
          0,
          4
        ],
        [
          1,
          0,
          0,
          0,
          7,
          0,
          1
        ],
        [
          0,
          0,
          2,
          0,
          4,
          0,
          104
        ]
      ],
      "epoch_time": 5.011228799819946,
      "learning_rate": 1.875e-06
    },
    {
      "epoch": 50,
      "train_loss": 2.5649758018553257,
      "train_acc": 81.328125,
      "val_loss": 0.2901092374866659,
      "val_acc": 80.74534161490683,
      "timestamp": "2025-08-31 10:24:43",
      "train_f1": 80.21618240423763,
      "train_recall": 81.328125,
      "val_f1": 79.15592584224484,
      "val_recall": 80.74534161490683,
      "confusion_matrix": [
        [
          19,
          0,
          1,
          0,
          4,
          0,
          0
        ],
        [
          0,
          20,
          2,
          0,
          0,
          0,
          0
        ],
        [
          1,
          6,
          35,
          2,
          2,
          0,
          9
        ],
        [
          5,
          0,
          4,
          10,
          1,
          0,
          0
        ],
        [
          5,
          0,
          2,
          0,
          71,
          0,
          4
        ],
        [
          1,
          0,
          0,
          0,
          7,
          0,
          1
        ],
        [
          0,
          0,
          1,
          0,
          4,
          0,
          105
        ]
      ],
      "epoch_time": 5.5019285678863525,
      "learning_rate": 1.875e-06
    },
    {
      "epoch": 51,
      "train_loss": 2.7705559480935333,
      "train_acc": 81.5625,
      "val_loss": 0.29111399433829566,
      "val_acc": 80.74534161490683,
      "timestamp": "2025-08-31 10:24:48",
      "train_f1": 80.29380604007635,
      "train_recall": 81.5625,
      "val_f1": 79.15375070436643,
      "val_recall": 80.74534161490683,
      "confusion_matrix": [
        [
          19,
          0,
          1,
          0,
          4,
          0,
          0
        ],
        [
          0,
          20,
          2,
          0,
          0,
          0,
          0
        ],
        [
          1,
          6,
          35,
          2,
          2,
          0,
          9
        ],
        [
          5,
          0,
          4,
          10,
          1,
          0,
          0
        ],
        [
          5,
          0,
          2,
          0,
          71,
          0,
          4
        ],
        [
          1,
          0,
          0,
          0,
          7,
          0,
          1
        ],
        [
          0,
          0,
          0,
          0,
          5,
          0,
          105
        ]
      ],
      "epoch_time": 5.032916069030762,
      "learning_rate": 1.875e-06
    },
    {
      "epoch": 52,
      "train_loss": 2.661873944476247,
      "train_acc": 81.328125,
      "val_loss": 0.2920121889222752,
      "val_acc": 80.74534161490683,
      "timestamp": "2025-08-31 10:24:54",
      "train_f1": 80.26872936863636,
      "train_recall": 81.328125,
      "val_f1": 79.15375070436643,
      "val_recall": 80.74534161490683,
      "confusion_matrix": [
        [
          19,
          0,
          1,
          0,
          4,
          0,
          0
        ],
        [
          0,
          20,
          2,
          0,
          0,
          0,
          0
        ],
        [
          1,
          6,
          35,
          2,
          2,
          0,
          9
        ],
        [
          5,
          0,
          4,
          10,
          1,
          0,
          0
        ],
        [
          5,
          0,
          2,
          0,
          71,
          0,
          4
        ],
        [
          1,
          0,
          0,
          0,
          7,
          0,
          1
        ],
        [
          0,
          0,
          0,
          0,
          5,
          0,
          105
        ]
      ],
      "epoch_time": 5.406821966171265,
      "learning_rate": 1.875e-06
    },
    {
      "epoch": 53,
      "train_loss": 2.6322357479482887,
      "train_acc": 81.796875,
      "val_loss": 0.29644976827231323,
      "val_acc": 79.8136645962733,
      "timestamp": "2025-08-31 10:24:59",
      "train_f1": 80.51599412997781,
      "train_recall": 81.796875,
      "val_f1": 78.22503686011835,
      "val_recall": 79.8136645962733,
      "confusion_matrix": [
        [
          18,
          0,
          1,
          0,
          5,
          0,
          0
        ],
        [
          0,
          20,
          2,
          0,
          0,
          0,
          0
        ],
        [
          1,
          6,
          34,
          2,
          3,
          0,
          9
        ],
        [
          5,
          0,
          4,
          10,
          1,
          0,
          0
        ],
        [
          5,
          0,
          2,
          0,
          71,
          0,
          4
        ],
        [
          1,
          0,
          0,
          0,
          7,
          0,
          1
        ],
        [
          0,
          0,
          0,
          0,
          6,
          0,
          104
        ]
      ],
      "epoch_time": 4.987168788909912,
      "learning_rate": 1.875e-06
    },
    {
      "epoch": 54,
      "train_loss": 2.754848697036505,
      "train_acc": 81.875,
      "val_loss": 0.29754062674262305,
      "val_acc": 80.12422360248448,
      "timestamp": "2025-08-31 10:25:04",
      "train_f1": 80.67167423152905,
      "train_recall": 81.875,
      "val_f1": 78.4440555710921,
      "val_recall": 80.12422360248446,
      "confusion_matrix": [
        [
          18,
          0,
          1,
          0,
          5,
          0,
          0
        ],
        [
          0,
          20,
          2,
          0,
          0,
          0,
          0
        ],
        [
          1,
          6,
          34,
          2,
          2,
          0,
          10
        ],
        [
          3,
          0,
          6,
          10,
          1,
          0,
          0
        ],
        [
          5,
          0,
          2,
          0,
          71,
          0,
          4
        ],
        [
          1,
          0,
          0,
          0,
          7,
          0,
          1
        ],
        [
          0,
          0,
          0,
          0,
          5,
          0,
          105
        ]
      ],
      "epoch_time": 5.063349962234497,
      "learning_rate": 1.875e-06
    },
    {
      "epoch": 55,
      "train_loss": 2.6060790557414295,
      "train_acc": 81.40625,
      "val_loss": 0.2953343784267252,
      "val_acc": 80.43478260869566,
      "timestamp": "2025-08-31 10:25:10",
      "train_f1": 80.2401015103579,
      "train_recall": 81.40625,
      "val_f1": 78.85153510842856,
      "val_recall": 80.43478260869566,
      "confusion_matrix": [
        [
          18,
          0,
          1,
          0,
          5,
          0,
          0
        ],
        [
          0,
          20,
          2,
          0,
          0,
          0,
          0
        ],
        [
          1,
          6,
          35,
          2,
          2,
          0,
          9
        ],
        [
          5,
          0,
          4,
          10,
          1,
          0,
          0
        ],
        [
          5,
          0,
          2,
          0,
          71,
          0,
          4
        ],
        [
          1,
          0,
          0,
          0,
          7,
          0,
          1
        ],
        [
          0,
          0,
          0,
          0,
          5,
          0,
          105
        ]
      ],
      "epoch_time": 5.0378687381744385,
      "learning_rate": 1.875e-06
    },
    {
      "epoch": 56,
      "train_loss": 2.6064237255603073,
      "train_acc": 81.796875,
      "val_loss": 0.292632364413955,
      "val_acc": 80.43478260869566,
      "timestamp": "2025-08-31 10:25:15",
      "train_f1": 80.63437586548655,
      "train_recall": 81.796875,
      "val_f1": 78.87071525675113,
      "val_recall": 80.43478260869566,
      "confusion_matrix": [
        [
          19,
          0,
          1,
          0,
          4,
          0,
          0
        ],
        [
          0,
          20,
          2,
          0,
          0,
          0,
          0
        ],
        [
          1,
          6,
          35,
          2,
          2,
          0,
          9
        ],
        [
          5,
          0,
          4,
          10,
          1,
          0,
          0
        ],
        [
          5,
          0,
          2,
          0,
          71,
          0,
          4
        ],
        [
          1,
          0,
          0,
          0,
          7,
          0,
          1
        ],
        [
          0,
          0,
          1,
          0,
          5,
          0,
          104
        ]
      ],
      "epoch_time": 5.043150186538696,
      "learning_rate": 9.375e-07
    },
    {
      "epoch": 57,
      "train_loss": 2.5328867617994546,
      "train_acc": 81.5625,
      "val_loss": 0.29559230533513153,
      "val_acc": 79.8136645962733,
      "timestamp": "2025-08-31 10:25:20",
      "train_f1": 80.63517625017862,
      "train_recall": 81.5625,
      "val_f1": 78.22025145481916,
      "val_recall": 79.8136645962733,
      "confusion_matrix": [
        [
          17,
          0,
          3,
          0,
          4,
          0,
          0
        ],
        [
          0,
          20,
          2,
          0,
          0,
          0,
          0
        ],
        [
          1,
          6,
          35,
          2,
          2,
          0,
          9
        ],
        [
          3,
          0,
          6,
          10,
          1,
          0,
          0
        ],
        [
          5,
          0,
          2,
          0,
          71,
          0,
          4
        ],
        [
          1,
          0,
          0,
          0,
          7,
          0,
          1
        ],
        [
          0,
          0,
          0,
          0,
          6,
          0,
          104
        ]
      ],
      "epoch_time": 5.0244224071502686,
      "learning_rate": 9.375e-07
    },
    {
      "epoch": 58,
      "train_loss": 2.6597797457128762,
      "train_acc": 82.265625,
      "val_loss": 0.29709328575567767,
      "val_acc": 80.43478260869566,
      "timestamp": "2025-08-31 10:25:25",
      "train_f1": 81.25572603056904,
      "train_recall": 82.265625,
      "val_f1": 78.80349399280242,
      "val_recall": 80.43478260869566,
      "confusion_matrix": [
        [
          18,
          0,
          1,
          0,
          5,
          0,
          0
        ],
        [
          0,
          20,
          2,
          0,
          0,
          0,
          0
        ],
        [
          1,
          6,
          35,
          2,
          2,
          0,
          9
        ],
        [
          3,
          0,
          6,
          10,
          1,
          0,
          0
        ],
        [
          5,
          0,
          2,
          0,
          71,
          0,
          4
        ],
        [
          1,
          0,
          0,
          0,
          7,
          0,
          1
        ],
        [
          0,
          0,
          0,
          0,
          5,
          0,
          105
        ]
      ],
      "epoch_time": 5.018921375274658,
      "learning_rate": 9.375e-07
    },
    {
      "epoch": 59,
      "train_loss": 2.7196370208635927,
      "train_acc": 83.203125,
      "val_loss": 0.29366200214082544,
      "val_acc": 79.8136645962733,
      "timestamp": "2025-08-31 10:25:31",
      "train_f1": 82.31952473743075,
      "train_recall": 83.203125,
      "val_f1": 78.31889346570125,
      "val_recall": 79.8136645962733,
      "confusion_matrix": [
        [
          19,
          0,
          1,
          0,
          4,
          0,
          0
        ],
        [
          0,
          20,
          2,
          0,
          0,
          0,
          0
        ],
        [
          1,
          6,
          35,
          2,
          3,
          0,
          8
        ],
        [
          5,
          0,
          4,
          10,
          1,
          0,
          0
        ],
        [
          5,
          0,
          2,
          0,
          71,
          0,
          4
        ],
        [
          1,
          0,
          0,
          0,
          7,
          0,
          1
        ],
        [
          0,
          0,
          2,
          0,
          6,
          0,
          102
        ]
      ],
      "epoch_time": 5.463446617126465,
      "learning_rate": 9.375e-07
    },
    {
      "epoch": 60,
      "train_loss": 2.674149156734347,
      "train_acc": 81.71875,
      "val_loss": 0.2945008941672065,
      "val_acc": 80.12422360248448,
      "timestamp": "2025-08-31 10:25:36",
      "train_f1": 80.68700491328012,
      "train_recall": 81.71875,
      "val_f1": 78.60253989773301,
      "val_recall": 80.12422360248446,
      "confusion_matrix": [
        [
          19,
          0,
          1,
          0,
          4,
          0,
          0
        ],
        [
          0,
          20,
          2,
          0,
          0,
          0,
          0
        ],
        [
          1,
          6,
          35,
          2,
          3,
          0,
          8
        ],
        [
          5,
          0,
          4,
          10,
          1,
          0,
          0
        ],
        [
          5,
          0,
          2,
          0,
          71,
          0,
          4
        ],
        [
          1,
          0,
          0,
          0,
          7,
          0,
          1
        ],
        [
          0,
          0,
          1,
          0,
          6,
          0,
          103
        ]
      ],
      "epoch_time": 5.023096799850464,
      "learning_rate": 9.375e-07
    },
    {
      "epoch": 61,
      "train_loss": 2.5812806345522405,
      "train_acc": 81.71875,
      "val_loss": 0.295953245325522,
      "val_acc": 80.43478260869566,
      "timestamp": "2025-08-31 10:25:41",
      "train_f1": 80.57898652604833,
      "train_recall": 81.71875,
      "val_f1": 78.85153510842856,
      "val_recall": 80.43478260869566,
      "confusion_matrix": [
        [
          18,
          0,
          1,
          0,
          5,
          0,
          0
        ],
        [
          0,
          20,
          2,
          0,
          0,
          0,
          0
        ],
        [
          1,
          6,
          35,
          2,
          2,
          0,
          9
        ],
        [
          5,
          0,
          4,
          10,
          1,
          0,
          0
        ],
        [
          5,
          0,
          2,
          0,
          71,
          0,
          4
        ],
        [
          1,
          0,
          0,
          0,
          7,
          0,
          1
        ],
        [
          0,
          0,
          0,
          0,
          5,
          0,
          105
        ]
      ],
      "epoch_time": 4.9728193283081055,
      "learning_rate": 9.375e-07
    },
    {
      "epoch": 62,
      "train_loss": 2.6561126463115214,
      "train_acc": 81.328125,
      "val_loss": 0.29673737016591156,
      "val_acc": 80.12422360248448,
      "timestamp": "2025-08-31 10:25:46",
      "train_f1": 80.24314210765198,
      "train_recall": 81.328125,
      "val_f1": 78.48998125144544,
      "val_recall": 80.12422360248446,
      "confusion_matrix": [
        [
          18,
          0,
          1,
          0,
          5,
          0,
          0
        ],
        [
          0,
          20,
          2,
          0,
          0,
          0,
          0
        ],
        [
          1,
          6,
          34,
          2,
          2,
          0,
          10
        ],
        [
          5,
          0,
          4,
          10,
          1,
          0,
          0
        ],
        [
          5,
          0,
          2,
          0,
          71,
          0,
          4
        ],
        [
          1,
          0,
          0,
          0,
          7,
          0,
          1
        ],
        [
          0,
          0,
          0,
          0,
          5,
          0,
          105
        ]
      ],
      "epoch_time": 4.980175256729126,
      "learning_rate": 9.375e-07
    },
    {
      "epoch": 63,
      "train_loss": 2.6703586503863335,
      "train_acc": 80.9375,
      "val_loss": 0.29713064432144165,
      "val_acc": 80.12422360248448,
      "timestamp": "2025-08-31 10:25:51",
      "train_f1": 79.8223915808883,
      "train_recall": 80.9375,
      "val_f1": 78.48998125144544,
      "val_recall": 80.12422360248446,
      "confusion_matrix": [
        [
          18,
          0,
          1,
          0,
          5,
          0,
          0
        ],
        [
          0,
          20,
          2,
          0,
          0,
          0,
          0
        ],
        [
          1,
          6,
          34,
          2,
          2,
          0,
          10
        ],
        [
          5,
          0,
          4,
          10,
          1,
          0,
          0
        ],
        [
          5,
          0,
          2,
          0,
          71,
          0,
          4
        ],
        [
          1,
          0,
          0,
          0,
          7,
          0,
          1
        ],
        [
          0,
          0,
          0,
          0,
          5,
          0,
          105
        ]
      ],
      "epoch_time": 4.975912570953369,
      "learning_rate": 9.375e-07
    },
    {
      "epoch": 64,
      "train_loss": 2.5929560154676436,
      "train_acc": 81.328125,
      "val_loss": 0.29657912389798596,
      "val_acc": 80.12422360248448,
      "timestamp": "2025-08-31 10:25:56",
      "train_f1": 80.33577170237281,
      "train_recall": 81.328125,
      "val_f1": 78.48998125144544,
      "val_recall": 80.12422360248446,
      "confusion_matrix": [
        [
          18,
          0,
          1,
          0,
          5,
          0,
          0
        ],
        [
          0,
          20,
          2,
          0,
          0,
          0,
          0
        ],
        [
          1,
          6,
          34,
          2,
          2,
          0,
          10
        ],
        [
          5,
          0,
          4,
          10,
          1,
          0,
          0
        ],
        [
          5,
          0,
          2,
          0,
          71,
          0,
          4
        ],
        [
          1,
          0,
          0,
          0,
          7,
          0,
          1
        ],
        [
          0,
          0,
          0,
          0,
          5,
          0,
          105
        ]
      ],
      "epoch_time": 5.037222385406494,
      "learning_rate": 9.375e-07
    },
    {
      "epoch": 65,
      "train_loss": 2.746534860506654,
      "train_acc": 82.03125,
      "val_loss": 0.2965702915733511,
      "val_acc": 80.12422360248448,
      "timestamp": "2025-08-31 10:26:02",
      "train_f1": 80.64036506218194,
      "train_recall": 82.03125,
      "val_f1": 78.48998125144544,
      "val_recall": 80.12422360248446,
      "confusion_matrix": [
        [
          18,
          0,
          1,
          0,
          5,
          0,
          0
        ],
        [
          0,
          20,
          2,
          0,
          0,
          0,
          0
        ],
        [
          1,
          6,
          34,
          2,
          2,
          0,
          10
        ],
        [
          5,
          0,
          4,
          10,
          1,
          0,
          0
        ],
        [
          5,
          0,
          2,
          0,
          71,
          0,
          4
        ],
        [
          1,
          0,
          0,
          0,
          7,
          0,
          1
        ],
        [
          0,
          0,
          0,
          0,
          5,
          0,
          105
        ]
      ],
      "epoch_time": 4.960472822189331,
      "learning_rate": 9.375e-07
    },
    {
      "epoch": 66,
      "train_loss": 2.546753565967083,
      "train_acc": 82.34375,
      "val_loss": 0.2936437157067386,
      "val_acc": 80.74534161490683,
      "timestamp": "2025-08-31 10:26:07",
      "train_f1": 81.10323922571793,
      "train_recall": 82.34375,
      "val_f1": 79.15375070436643,
      "val_recall": 80.74534161490683,
      "confusion_matrix": [
        [
          19,
          0,
          1,
          0,
          4,
          0,
          0
        ],
        [
          0,
          20,
          2,
          0,
          0,
          0,
          0
        ],
        [
          1,
          6,
          35,
          2,
          2,
          0,
          9
        ],
        [
          5,
          0,
          4,
          10,
          1,
          0,
          0
        ],
        [
          5,
          0,
          2,
          0,
          71,
          0,
          4
        ],
        [
          1,
          0,
          0,
          0,
          7,
          0,
          1
        ],
        [
          0,
          0,
          0,
          0,
          5,
          0,
          105
        ]
      ],
      "epoch_time": 5.496980667114258,
      "learning_rate": 9.375e-07
    },
    {
      "epoch": 67,
      "train_loss": 2.6557642694562675,
      "train_acc": 81.953125,
      "val_loss": 0.2927582846446471,
      "val_acc": 80.74534161490683,
      "timestamp": "2025-08-31 10:26:12",
      "train_f1": 80.86217837702068,
      "train_recall": 81.953125,
      "val_f1": 79.15375070436643,
      "val_recall": 80.74534161490683,
      "confusion_matrix": [
        [
          19,
          0,
          1,
          0,
          4,
          0,
          0
        ],
        [
          0,
          20,
          2,
          0,
          0,
          0,
          0
        ],
        [
          1,
          6,
          35,
          2,
          2,
          0,
          9
        ],
        [
          5,
          0,
          4,
          10,
          1,
          0,
          0
        ],
        [
          5,
          0,
          2,
          0,
          71,
          0,
          4
        ],
        [
          1,
          0,
          0,
          0,
          7,
          0,
          1
        ],
        [
          0,
          0,
          0,
          0,
          5,
          0,
          105
        ]
      ],
      "epoch_time": 5.041723012924194,
      "learning_rate": 4.6875e-07
    },
    {
      "epoch": 68,
      "train_loss": 2.504484936967492,
      "train_acc": 82.1875,
      "val_loss": 0.2924270697615363,
      "val_acc": 80.74534161490683,
      "timestamp": "2025-08-31 10:26:18",
      "train_f1": 81.26627872811099,
      "train_recall": 82.1875,
      "val_f1": 79.15375070436643,
      "val_recall": 80.74534161490683,
      "confusion_matrix": [
        [
          19,
          0,
          1,
          0,
          4,
          0,
          0
        ],
        [
          0,
          20,
          2,
          0,
          0,
          0,
          0
        ],
        [
          1,
          6,
          35,
          2,
          2,
          0,
          9
        ],
        [
          5,
          0,
          4,
          10,
          1,
          0,
          0
        ],
        [
          5,
          0,
          2,
          0,
          71,
          0,
          4
        ],
        [
          1,
          0,
          0,
          0,
          7,
          0,
          1
        ],
        [
          0,
          0,
          0,
          0,
          5,
          0,
          105
        ]
      ],
      "epoch_time": 5.602099180221558,
      "learning_rate": 4.6875e-07
    },
    {
      "epoch": 69,
      "train_loss": 2.6918557079508902,
      "train_acc": 80.78125,
      "val_loss": 0.2949473343112252,
      "val_acc": 80.12422360248448,
      "timestamp": "2025-08-31 10:26:24",
      "train_f1": 79.8412878769133,
      "train_recall": 80.78125,
      "val_f1": 78.48998125144544,
      "val_recall": 80.12422360248446,
      "confusion_matrix": [
        [
          18,
          0,
          1,
          0,
          5,
          0,
          0
        ],
        [
          0,
          20,
          2,
          0,
          0,
          0,
          0
        ],
        [
          1,
          6,
          34,
          2,
          2,
          0,
          10
        ],
        [
          5,
          0,
          4,
          10,
          1,
          0,
          0
        ],
        [
          5,
          0,
          2,
          0,
          71,
          0,
          4
        ],
        [
          1,
          0,
          0,
          0,
          7,
          0,
          1
        ],
        [
          0,
          0,
          0,
          0,
          5,
          0,
          105
        ]
      ],
      "epoch_time": 5.611892938613892,
      "learning_rate": 4.6875e-07
    },
    {
      "epoch": 70,
      "train_loss": 2.5142790634185075,
      "train_acc": 81.484375,
      "val_loss": 0.29447214847261255,
      "val_acc": 80.43478260869566,
      "timestamp": "2025-08-31 10:26:30",
      "train_f1": 80.1935297697938,
      "train_recall": 81.484375,
      "val_f1": 78.85153510842856,
      "val_recall": 80.43478260869566,
      "confusion_matrix": [
        [
          18,
          0,
          1,
          0,
          5,
          0,
          0
        ],
        [
          0,
          20,
          2,
          0,
          0,
          0,
          0
        ],
        [
          1,
          6,
          35,
          2,
          2,
          0,
          9
        ],
        [
          5,
          0,
          4,
          10,
          1,
          0,
          0
        ],
        [
          5,
          0,
          2,
          0,
          71,
          0,
          4
        ],
        [
          1,
          0,
          0,
          0,
          7,
          0,
          1
        ],
        [
          0,
          0,
          0,
          0,
          5,
          0,
          105
        ]
      ],
      "epoch_time": 5.651907444000244,
      "learning_rate": 4.6875e-07
    },
    {
      "epoch": 71,
      "train_loss": 2.524011941999197,
      "train_acc": 81.640625,
      "val_loss": 0.29350607232613996,
      "val_acc": 80.74534161490683,
      "timestamp": "2025-08-31 10:26:35",
      "train_f1": 80.34631988158291,
      "train_recall": 81.640625,
      "val_f1": 79.15375070436643,
      "val_recall": 80.74534161490683,
      "confusion_matrix": [
        [
          19,
          0,
          1,
          0,
          4,
          0,
          0
        ],
        [
          0,
          20,
          2,
          0,
          0,
          0,
          0
        ],
        [
          1,
          6,
          35,
          2,
          2,
          0,
          9
        ],
        [
          5,
          0,
          4,
          10,
          1,
          0,
          0
        ],
        [
          5,
          0,
          2,
          0,
          71,
          0,
          4
        ],
        [
          1,
          0,
          0,
          0,
          7,
          0,
          1
        ],
        [
          0,
          0,
          0,
          0,
          5,
          0,
          105
        ]
      ],
      "epoch_time": 5.060146808624268,
      "learning_rate": 4.6875e-07
    },
    {
      "epoch": 72,
      "train_loss": 2.6908249989151956,
      "train_acc": 81.328125,
      "val_loss": 0.29312909326770087,
      "val_acc": 80.43478260869566,
      "timestamp": "2025-08-31 10:26:41",
      "train_f1": 80.32991087227046,
      "train_recall": 81.328125,
      "val_f1": 78.87071525675113,
      "val_recall": 80.43478260869566,
      "confusion_matrix": [
        [
          19,
          0,
          1,
          0,
          4,
          0,
          0
        ],
        [
          0,
          20,
          2,
          0,
          0,
          0,
          0
        ],
        [
          1,
          6,
          35,
          2,
          2,
          0,
          9
        ],
        [
          5,
          0,
          4,
          10,
          1,
          0,
          0
        ],
        [
          5,
          0,
          2,
          0,
          71,
          0,
          4
        ],
        [
          1,
          0,
          0,
          0,
          7,
          0,
          1
        ],
        [
          0,
          0,
          1,
          0,
          5,
          0,
          104
        ]
      ],
      "epoch_time": 5.607536554336548,
      "learning_rate": 4.6875e-07
    },
    {
      "epoch": 73,
      "train_loss": 2.4917150415480136,
      "train_acc": 81.796875,
      "val_loss": 0.2939612621610815,
      "val_acc": 80.74534161490683,
      "timestamp": "2025-08-31 10:26:46",
      "train_f1": 80.8110615684553,
      "train_recall": 81.796875,
      "val_f1": 79.15375070436643,
      "val_recall": 80.74534161490683,
      "confusion_matrix": [
        [
          19,
          0,
          1,
          0,
          4,
          0,
          0
        ],
        [
          0,
          20,
          2,
          0,
          0,
          0,
          0
        ],
        [
          1,
          6,
          35,
          2,
          2,
          0,
          9
        ],
        [
          5,
          0,
          4,
          10,
          1,
          0,
          0
        ],
        [
          5,
          0,
          2,
          0,
          71,
          0,
          4
        ],
        [
          1,
          0,
          0,
          0,
          7,
          0,
          1
        ],
        [
          0,
          0,
          0,
          0,
          5,
          0,
          105
        ]
      ],
      "epoch_time": 5.1222617626190186,
      "learning_rate": 4.6875e-07
    },
    {
      "epoch": 74,
      "train_loss": 2.6448374949395657,
      "train_acc": 81.640625,
      "val_loss": 0.2946288666941903,
      "val_acc": 80.43478260869566,
      "timestamp": "2025-08-31 10:26:51",
      "train_f1": 80.48581502768754,
      "train_recall": 81.640625,
      "val_f1": 78.85153510842856,
      "val_recall": 80.43478260869566,
      "confusion_matrix": [
        [
          18,
          0,
          1,
          0,
          5,
          0,
          0
        ],
        [
          0,
          20,
          2,
          0,
          0,
          0,
          0
        ],
        [
          1,
          6,
          35,
          2,
          2,
          0,
          9
        ],
        [
          5,
          0,
          4,
          10,
          1,
          0,
          0
        ],
        [
          5,
          0,
          2,
          0,
          71,
          0,
          4
        ],
        [
          1,
          0,
          0,
          0,
          7,
          0,
          1
        ],
        [
          0,
          0,
          0,
          0,
          5,
          0,
          105
        ]
      ],
      "epoch_time": 5.159380197525024,
      "learning_rate": 4.6875e-07
    },
    {
      "epoch": 75,
      "train_loss": 2.685353398323059,
      "train_acc": 81.25,
      "val_loss": 0.2948963303457607,
      "val_acc": 80.43478260869566,
      "timestamp": "2025-08-31 10:26:57",
      "train_f1": 79.9800739718951,
      "train_recall": 81.25,
      "val_f1": 78.85153510842856,
      "val_recall": 80.43478260869566,
      "confusion_matrix": [
        [
          18,
          0,
          1,
          0,
          5,
          0,
          0
        ],
        [
          0,
          20,
          2,
          0,
          0,
          0,
          0
        ],
        [
          1,
          6,
          35,
          2,
          2,
          0,
          9
        ],
        [
          5,
          0,
          4,
          10,
          1,
          0,
          0
        ],
        [
          5,
          0,
          2,
          0,
          71,
          0,
          4
        ],
        [
          1,
          0,
          0,
          0,
          7,
          0,
          1
        ],
        [
          0,
          0,
          0,
          0,
          5,
          0,
          105
        ]
      ],
      "epoch_time": 5.151430130004883,
      "learning_rate": 4.6875e-07
    },
    {
      "epoch": 76,
      "train_loss": 2.5296129636466502,
      "train_acc": 81.71875,
      "val_loss": 0.29506800120527094,
      "val_acc": 80.43478260869566,
      "timestamp": "2025-08-31 10:27:02",
      "train_f1": 80.68464922329144,
      "train_recall": 81.71875,
      "val_f1": 78.85153510842856,
      "val_recall": 80.43478260869566,
      "confusion_matrix": [
        [
          18,
          0,
          1,
          0,
          5,
          0,
          0
        ],
        [
          0,
          20,
          2,
          0,
          0,
          0,
          0
        ],
        [
          1,
          6,
          35,
          2,
          2,
          0,
          9
        ],
        [
          5,
          0,
          4,
          10,
          1,
          0,
          0
        ],
        [
          5,
          0,
          2,
          0,
          71,
          0,
          4
        ],
        [
          1,
          0,
          0,
          0,
          7,
          0,
          1
        ],
        [
          0,
          0,
          0,
          0,
          5,
          0,
          105
        ]
      ],
      "epoch_time": 5.118637323379517,
      "learning_rate": 4.6875e-07
    }
  ]
}