{
  "dataset": "MACHO",
  "model_type": "langevin",
  "sde_config": 1,
  "start_time": "20250831_093930",
  "date": "20250831",
  "epochs": [
    {
      "epoch": 1,
      "train_loss": 11.967801931500436,
      "train_acc": 32.421875,
      "val_loss": 1.0848859548568726,
      "val_acc": 36.64596273291925,
      "timestamp": "2025-08-31 09:42:46",
      "train_f1": 26.07603743064403,
      "train_recall": 32.421875,
      "val_f1": 21.885465034473054,
      "val_recall": 36.64596273291926,
      "confusion_matrix": [
        [
          0,
          0,
          0,
          0,
          0,
          0,
          24
        ],
        [
          0,
          0,
          12,
          0,
          0,
          0,
          10
        ],
        [
          0,
          0,
          8,
          0,
          0,
          0,
          47
        ],
        [
          0,
          0,
          0,
          0,
          0,
          0,
          20
        ],
        [
          0,
          0,
          0,
          0,
          0,
          0,
          82
        ],
        [
          0,
          0,
          0,
          0,
          0,
          0,
          9
        ],
        [
          0,
          0,
          0,
          0,
          0,
          0,
          110
        ]
      ],
      "class_accuracies": {
        "class_0": 0.0,
        "class_1": 0.0,
        "class_2": 14.545454545454545,
        "class_3": 0.0,
        "class_4": 0.0,
        "class_5": 0.0,
        "class_6": 100.0
      },
      "epoch_time": 195.7993745803833,
      "learning_rate": 3e-05
    },
    {
      "epoch": 2,
      "train_loss": 11.251905590295792,
      "train_acc": 43.4375,
      "val_loss": 1.0611617348410867,
      "val_acc": 45.3416149068323,
      "timestamp": "2025-08-31 09:44:16",
      "train_f1": 35.387066152275565,
      "train_recall": 43.4375,
      "val_f1": 32.70925497292206,
      "val_recall": 45.3416149068323,
      "confusion_matrix": [
        [
          0,
          0,
          0,
          0,
          0,
          0,
          24
        ],
        [
          0,
          0,
          21,
          0,
          0,
          0,
          1
        ],
        [
          0,
          0,
          22,
          1,
          0,
          0,
          32
        ],
        [
          0,
          0,
          0,
          14,
          0,
          0,
          6
        ],
        [
          0,
          0,
          1,
          0,
          0,
          0,
          81
        ],
        [
          0,
          0,
          0,
          0,
          0,
          0,
          9
        ],
        [
          0,
          0,
          0,
          0,
          0,
          0,
          110
        ]
      ],
      "class_accuracies": {
        "class_0": 0.0,
        "class_1": 0.0,
        "class_2": 40.0,
        "class_3": 70.0,
        "class_4": 0.0,
        "class_5": 0.0,
        "class_6": 100.0
      },
      "epoch_time": 89.73137426376343,
      "learning_rate": 3e-05
    },
    {
      "epoch": 3,
      "train_loss": 11.12333315908909,
      "train_acc": 46.640625,
      "val_loss": 1.0387074188752607,
      "val_acc": 60.869565217391305,
      "timestamp": "2025-08-31 09:46:40",
      "train_f1": 39.170111383719394,
      "train_recall": 46.640625,
      "val_f1": 54.00507924600452,
      "val_recall": 60.86956521739131,
      "confusion_matrix": [
        [
          0,
          0,
          0,
          0,
          20,
          0,
          4
        ],
        [
          0,
          0,
          22,
          0,
          0,
          0,
          0
        ],
        [
          0,
          0,
          23,
          2,
          8,
          0,
          22
        ],
        [
          0,
          0,
          0,
          14,
          4,
          0,
          2
        ],
        [
          0,
          0,
          1,
          0,
          50,
          0,
          31
        ],
        [
          0,
          0,
          0,
          0,
          6,
          0,
          3
        ],
        [
          0,
          0,
          0,
          0,
          1,
          0,
          109
        ]
      ],
      "class_accuracies": {
        "class_0": 0.0,
        "class_1": 0.0,
        "class_2": 41.81818181818181,
        "class_3": 70.0,
        "class_4": 60.97560975609756,
        "class_5": 0.0,
        "class_6": 99.0909090909091
      },
      "epoch_time": 143.24430990219116,
      "learning_rate": 3e-05
    },
    {
      "epoch": 4,
      "train_loss": 10.853714260458947,
      "train_acc": 50.625,
      "val_loss": 1.016413612799211,
      "val_acc": 63.975155279503106,
      "timestamp": "2025-08-31 09:48:17",
      "train_f1": 45.611572965967305,
      "train_recall": 50.625,
      "val_f1": 59.30390983104288,
      "val_recall": 63.975155279503106,
      "confusion_matrix": [
        [
          0,
          0,
          2,
          0,
          22,
          0,
          0
        ],
        [
          0,
          13,
          9,
          0,
          0,
          0,
          0
        ],
        [
          0,
          6,
          23,
          2,
          7,
          0,
          17
        ],
        [
          0,
          1,
          0,
          13,
          6,
          0,
          0
        ],
        [
          0,
          0,
          3,
          0,
          49,
          0,
          30
        ],
        [
          0,
          0,
          0,
          0,
          8,
          0,
          1
        ],
        [
          0,
          0,
          0,
          0,
          2,
          0,
          108
        ]
      ],
      "class_accuracies": {
        "class_0": 0.0,
        "class_1": 59.09090909090909,
        "class_2": 41.81818181818181,
        "class_3": 65.0,
        "class_4": 59.756097560975604,
        "class_5": 0.0,
        "class_6": 98.18181818181819
      },
      "epoch_time": 96.58232426643372,
      "learning_rate": 3e-05
    },
    {
      "epoch": 5,
      "train_loss": 10.740717759728431,
      "train_acc": 53.984375,
      "val_loss": 1.0013643557375127,
      "val_acc": 61.18012422360248,
      "timestamp": "2025-08-31 09:50:05",
      "train_f1": 49.74624649618743,
      "train_recall": 53.98437499999999,
      "val_f1": 56.03949644828491,
      "val_recall": 61.18012422360248,
      "confusion_matrix": [
        [
          0,
          0,
          10,
          0,
          14,
          0,
          0
        ],
        [
          0,
          18,
          4,
          0,
          0,
          0,
          0
        ],
        [
          0,
          14,
          17,
          0,
          11,
          0,
          13
        ],
        [
          0,
          7,
          1,
          7,
          5,
          0,
          0
        ],
        [
          0,
          1,
          7,
          0,
          47,
          0,
          27
        ],
        [
          0,
          0,
          1,
          0,
          7,
          0,
          1
        ],
        [
          0,
          0,
          0,
          0,
          2,
          0,
          108
        ]
      ],
      "epoch_time": 107.88698530197144,
      "learning_rate": 3e-05
    },
    {
      "epoch": 6,
      "train_loss": 10.575878915190696,
      "train_acc": 55.390625,
      "val_loss": 0.9951439445669,
      "val_acc": 63.04347826086956,
      "timestamp": "2025-08-31 09:51:45",
      "train_f1": 51.57190902857549,
      "train_recall": 55.39062500000001,
      "val_f1": 58.035254321928754,
      "val_recall": 63.04347826086957,
      "confusion_matrix": [
        [
          2,
          0,
          1,
          0,
          21,
          0,
          0
        ],
        [
          0,
          21,
          1,
          0,
          0,
          0,
          0
        ],
        [
          0,
          17,
          14,
          0,
          11,
          0,
          13
        ],
        [
          0,
          7,
          0,
          7,
          6,
          0,
          0
        ],
        [
          1,
          1,
          1,
          0,
          52,
          0,
          27
        ],
        [
          1,
          0,
          0,
          0,
          7,
          0,
          1
        ],
        [
          0,
          0,
          0,
          0,
          3,
          0,
          107
        ]
      ],
      "epoch_time": 99.63553977012634,
      "learning_rate": 3e-05
    },
    {
      "epoch": 7,
      "train_loss": 10.451467774808407,
      "train_acc": 57.96875,
      "val_loss": 0.9832212328910828,
      "val_acc": 63.66459627329193,
      "timestamp": "2025-08-31 09:53:56",
      "train_f1": 54.279824684252056,
      "train_recall": 57.96875,
      "val_f1": 59.3811871788449,
      "val_recall": 63.66459627329193,
      "confusion_matrix": [
        [
          9,
          0,
          7,
          0,
          8,
          0,
          0
        ],
        [
          0,
          21,
          1,
          0,
          0,
          0,
          0
        ],
        [
          0,
          19,
          10,
          2,
          11,
          0,
          13
        ],
        [
          4,
          5,
          0,
          9,
          2,
          0,
          0
        ],
        [
          4,
          1,
          2,
          0,
          48,
          0,
          27
        ],
        [
          1,
          0,
          1,
          0,
          6,
          0,
          1
        ],
        [
          0,
          0,
          0,
          0,
          2,
          0,
          108
        ]
      ],
      "epoch_time": 130.86785125732422,
      "learning_rate": 3e-05
    },
    {
      "epoch": 8,
      "train_loss": 10.40537527948618,
      "train_acc": 57.03125,
      "val_loss": 0.9770751595497131,
      "val_acc": 63.35403726708075,
      "timestamp": "2025-08-31 09:55:26",
      "train_f1": 52.7518951018479,
      "train_recall": 57.03125,
      "val_f1": 57.05324314446689,
      "val_recall": 63.35403726708074,
      "confusion_matrix": [
        [
          1,
          0,
          0,
          0,
          23,
          0,
          0
        ],
        [
          0,
          21,
          1,
          0,
          0,
          0,
          0
        ],
        [
          1,
          19,
          9,
          2,
          10,
          0,
          14
        ],
        [
          0,
          0,
          0,
          14,
          6,
          0,
          0
        ],
        [
          0,
          1,
          1,
          0,
          51,
          0,
          29
        ],
        [
          0,
          0,
          0,
          0,
          8,
          0,
          1
        ],
        [
          0,
          0,
          0,
          0,
          2,
          0,
          108
        ]
      ],
      "epoch_time": 89.86048102378845,
      "learning_rate": 3e-05
    },
    {
      "epoch": 9,
      "train_loss": 10.32157978862524,
      "train_acc": 60.3125,
      "val_loss": 0.9686100699684836,
      "val_acc": 63.66459627329193,
      "timestamp": "2025-08-31 09:56:56",
      "train_f1": 56.483940457946446,
      "train_recall": 60.3125,
      "val_f1": 57.127527090260024,
      "val_recall": 63.66459627329193,
      "confusion_matrix": [
        [
          1,
          0,
          0,
          0,
          23,
          0,
          0
        ],
        [
          0,
          21,
          1,
          0,
          0,
          0,
          0
        ],
        [
          0,
          21,
          8,
          2,
          11,
          0,
          13
        ],
        [
          0,
          0,
          0,
          14,
          6,
          0,
          0
        ],
        [
          0,
          1,
          1,
          0,
          53,
          0,
          27
        ],
        [
          0,
          0,
          0,
          0,
          8,
          0,
          1
        ],
        [
          0,
          0,
          0,
          0,
          2,
          0,
          108
        ]
      ],
      "epoch_time": 89.1615846157074,
      "learning_rate": 3e-05
    },
    {
      "epoch": 10,
      "train_loss": 10.200795039534569,
      "train_acc": 61.015625,
      "val_loss": 0.9622776996005665,
      "val_acc": 63.35403726708075,
      "timestamp": "2025-08-31 09:58:36",
      "train_f1": 56.8587704177823,
      "train_recall": 61.01562499999999,
      "val_f1": 57.366897994424306,
      "val_recall": 63.35403726708074,
      "confusion_matrix": [
        [
          3,
          0,
          1,
          0,
          20,
          0,
          0
        ],
        [
          0,
          21,
          1,
          0,
          0,
          0,
          0
        ],
        [
          0,
          22,
          7,
          2,
          11,
          0,
          13
        ],
        [
          0,
          0,
          0,
          14,
          6,
          0,
          0
        ],
        [
          0,
          1,
          2,
          0,
          52,
          0,
          27
        ],
        [
          1,
          0,
          0,
          0,
          7,
          0,
          1
        ],
        [
          0,
          0,
          0,
          0,
          3,
          0,
          107
        ]
      ],
      "epoch_time": 100.07657432556152,
      "learning_rate": 3e-05
    },
    {
      "epoch": 11,
      "train_loss": 10.113405279815197,
      "train_acc": 61.484375,
      "val_loss": 0.9598006443543867,
      "val_acc": 63.66459627329193,
      "timestamp": "2025-08-31 10:00:45",
      "train_f1": 57.400967331658784,
      "train_recall": 61.484375,
      "val_f1": 57.51652159217103,
      "val_recall": 63.66459627329193,
      "confusion_matrix": [
        [
          1,
          0,
          0,
          0,
          23,
          0,
          0
        ],
        [
          0,
          21,
          1,
          0,
          0,
          0,
          0
        ],
        [
          0,
          19,
          10,
          2,
          10,
          0,
          14
        ],
        [
          0,
          0,
          0,
          14,
          6,
          0,
          0
        ],
        [
          0,
          1,
          1,
          0,
          51,
          0,
          29
        ],
        [
          0,
          0,
          0,
          0,
          8,
          0,
          1
        ],
        [
          0,
          0,
          0,
          0,
          2,
          0,
          108
        ]
      ],
      "epoch_time": 128.3271095752716,
      "learning_rate": 3e-05
    },
    {
      "epoch": 12,
      "train_loss": 10.08795820325613,
      "train_acc": 63.359375,
      "val_loss": 0.955574328249151,
      "val_acc": 64.59627329192547,
      "timestamp": "2025-08-31 10:02:12",
      "train_f1": 59.17725285113683,
      "train_recall": 63.35937499999999,
      "val_f1": 58.77283486037401,
      "val_recall": 64.59627329192547,
      "confusion_matrix": [
        [
          0,
          0,
          1,
          0,
          23,
          0,
          0
        ],
        [
          0,
          21,
          1,
          0,
          0,
          0,
          0
        ],
        [
          0,
          15,
          14,
          2,
          10,
          0,
          14
        ],
        [
          0,
          0,
          0,
          14,
          6,
          0,
          0
        ],
        [
          0,
          1,
          1,
          0,
          51,
          0,
          29
        ],
        [
          0,
          0,
          0,
          0,
          8,
          0,
          1
        ],
        [
          0,
          0,
          0,
          0,
          2,
          0,
          108
        ]
      ],
      "class_accuracies": {
        "class_0": 0.0,
        "class_1": 95.45454545454545,
        "class_2": 25.454545454545453,
        "class_3": 70.0,
        "class_4": 62.19512195121951,
        "class_5": 0.0,
        "class_6": 98.18181818181819
      },
      "epoch_time": 86.61677312850952,
      "learning_rate": 1.5e-05
    }
  ]
}