{
  "experiment_info": {
    "dataset": "MACHO",
    "model_type": "geometric",
    "sde_config": 1,
    "start_time": "20250829_135920",
    "date": "20250829",
    "log_file": "MACHO_1359_geometric_config1_merged.log",
    "note": "包含epochs 21-50的训练数据"
  },
  "training_history": {
    "epochs": [
      21,
      22,
      23,
      24,
      25,
      26,
      27,
      28,
      29,
      30,
      31,
      32,
      33,
      34,
      35,
      36,
      37,
      38,
      39,
      40,
      41,
      42,
      43,
      44,
      45,
      46,
      47,
      48,
      49,
      50
    ],
    "train_loss": [
      4.823218867182732,
      4.810489225387573,
      4.81633893251419,
      4.741589152812958,
      4.763778162002564,
      4.750056222081184,
      4.713876032829285,
      4.74674029648304,
      4.717711040377617,
      4.684190821647644,
      4.7001131027936935,
      4.647436115145683,
      4.641930904984474,
      4.635422325134277,
      4.666752150654792,
      4.623444226384163,
      4.6341320186853405,
      4.603215628862381,
      4.586942946910858,
      4.600414505600929,
      4.578945237398147,
      4.583878603577614,
      4.54021862745285,
      4.5294751793146135,
      4.570028060674668,
      4.555642259120941,
      4.552218681573867,
      4.5195477694273,
      4.497159585356712,
      4.521578162908554
    ],
    "train_accuracy": [
      67.34375,
      66.953125,
      67.34375,
      67.109375,
      68.046875,
      69.140625,
      69.21875,
      70.15625,
      70.625,
      71.875,
      73.28125,
      73.359375,
      74.453125,
      74.84375,
      74.453125,
      74.84375,
      73.75,
      74.921875,
      74.375,
      74.765625,
      75.0,
      74.21875,
      75.625,
      76.71875,
      75.3125,
      75.390625,
      75.859375,
      76.25,
      75.78125,
      75.546875
    ],
    "val_loss": [
      0.907692939043045,
      0.9052417178948721,
      0.9028133650620779,
      0.9005661010742188,
      0.8987140655517578,
      0.8936823904514313,
      0.8890320360660553,
      0.8859217266241709,
      0.8794369598229727,
      0.8747930824756622,
      0.8718001743157705,
      0.8670846323172251,
      0.8657122453053793,
      0.8632754981517792,
      0.8599548935890198,
      0.8633516629536947,
      0.8585442999998728,
      0.8607854545116425,
      0.8543241222699484,
      0.8497717479864756,
      0.8506743609905243,
      0.8480050762494405,
      0.844741572936376,
      0.8466697931289673,
      0.8466376562913259,
      0.8453204731146494,
      0.8461659451325735,
      0.8434030512968699,
      0.8447813391685486,
      0.8441900114218394
    ],
    "val_accuracy": [
      63.975155279503106,
      63.975155279503106,
      63.975155279503106,
      64.59627329192547,
      64.59627329192547,
      65.21739130434783,
      65.83850931677019,
      68.01242236024845,
      71.11801242236025,
      72.36024844720497,
      75.15527950310559,
      75.15527950310559,
      74.22360248447205,
      75.15527950310559,
      75.77639751552795,
      74.53416149068323,
      75.46583850931677,
      73.6024844720497,
      75.46583850931677,
      75.77639751552795,
      75.77639751552795,
      76.08695652173913,
      75.77639751552795,
      75.15527950310559,
      75.77639751552795,
      76.08695652173913,
      75.77639751552795,
      75.46583850931677,
      75.46583850931677,
      75.46583850931677
    ],
    "train_f1": [
      46.75372014814698,
      46.795212591877274,
      46.02701369152055,
      46.26342068967569,
      47.79739674047402,
      50.523060390143804,
      49.277050410033425,
      50.480977284387876,
      50.18490040359676,
      51.28428591670037,
      54.742599341211886,
      54.42153844217218,
      55.91617589869722,
      57.152520736093216,
      56.04036853162305,
      57.025230820254066,
      55.775568644132875,
      56.731320397530304,
      56.39304677685495,
      56.80945394031356,
      57.821556650207185,
      57.0113334193199,
      58.66547578189213,
      59.77058324397794,
      57.572066984012174,
      58.310300841648356,
      58.393668113091245,
      58.66164556522564,
      58.58047950196953,
      57.68061609003817
    ],
    "train_recall": [
      47.451699613333325,
      47.39121538869745,
      46.52199843887016,
      46.9838121571332,
      47.59925850894778,
      49.738364474928574,
      48.955024010658704,
      49.78387682275101,
      50.24485823393977,
      51.7429576086254,
      54.59024708268282,
      54.327686100293235,
      55.65520129034947,
      57.342847179494804,
      55.98588394403309,
      57.78520355882849,
      55.83156412951118,
      56.98514331774286,
      56.1307988607609,
      57.01134233394312,
      58.26251895823599,
      58.00880848296638,
      59.05375031201396,
      59.91262871177094,
      58.25150487303896,
      59.287116076186685,
      59.234743059834294,
      59.40029691786268,
      59.18234055934749,
      58.85401681408625
    ],
    "val_f1": [
      45.78574739919278,
      45.78574739919278,
      45.78574739919278,
      46.32365976144778,
      46.548320806683094,
      46.854852935204065,
      46.89015005462374,
      48.01813528765361,
      53.45843590741549,
      54.54188089667793,
      59.491103021105104,
      60.231181242926915,
      58.3448729051928,
      59.88685674382799,
      60.68026700147647,
      59.159347405203754,
      60.529844870020824,
      57.9791821071603,
      59.9245595674167,
      60.77693350420622,
      60.54856928023088,
      61.14609400786618,
      60.85592082870254,
      60.470867399313754,
      60.7435013951136,
      61.09144811189172,
      60.83124611187507,
      60.64195379794507,
      60.57543416822284,
      60.47800128308604
    ],
    "val_recall": [
      47.545137789040226,
      47.545137789040226,
      47.545137789040226,
      47.97909407665505,
      48.10896420652519,
      48.45739626227431,
      48.67595818815331,
      49.93981628127969,
      54.21787562031465,
      55.47539858515468,
      61.5890613451589,
      63.273149614613025,
      59.512195121951216,
      62.51662971175166,
      63.707105902227845,
      60.23730334705944,
      63.19739203885544,
      58.3974765072326,
      61.136627600042225,
      63.79263013409354,
      62.51979727589483,
      63.59016999260901,
      63.37160806673001,
      63.06752190898531,
      62.99493189737093,
      63.16914792524548,
      62.99493189737093,
      63.241737936859884,
      62.820715869496354,
      62.820715869496354
    ],
    "class_accuracy_history": [
      {},
      {},
      {},
      {
        "class_0": 0.0,
        "class_1": 72.72727272727273,
        "class_2": 29.09090909090909,
        "class_3": 70.0,
        "class_4": 65.85365853658537,
        "class_5": 0.0,
        "class_6": 98.18181818181819
      },
      {},
      {
        "class_0": 0.0,
        "class_1": 72.72727272727273,
        "class_2": 30.909090909090907,
        "class_3": 70.0,
        "class_4": 68.29268292682927,
        "class_5": 0.0,
        "class_6": 97.27272727272728
      },
      {
        "class_0": 0.0,
        "class_1": 72.72727272727273,
        "class_2": 29.09090909090909,
        "class_3": 70.0,
        "class_4": 70.73170731707317,
        "class_5": 0.0,
        "class_6": 98.18181818181819
      },
      {
        "class_0": 0.0,
        "class_1": 72.72727272727273,
        "class_2": 29.09090909090909,
        "class_3": 70.0,
        "class_4": 80.48780487804879,
        "class_5": 0.0,
        "class_6": 97.27272727272728
      },
      {
        "class_0": 20.833333333333336,
        "class_1": 77.27272727272727,
        "class_2": 29.09090909090909,
        "class_3": 70.0,
        "class_4": 84.14634146341463,
        "class_5": 0.0,
        "class_6": 98.18181818181819
      },
      {
        "class_0": 20.833333333333336,
        "class_1": 81.81818181818183,
        "class_2": 30.909090909090907,
        "class_3": 70.0,
        "class_4": 86.58536585365853,
        "class_5": 0.0,
        "class_6": 98.18181818181819
      },
      {
        "class_0": 66.66666666666666,
        "class_1": 81.81818181818183,
        "class_2": 29.09090909090909,
        "class_3": 70.0,
        "class_4": 85.36585365853658,
        "class_5": 0.0,
        "class_6": 98.18181818181819
      },
      {},
      {},
      {},
      {
        "class_0": 83.33333333333334,
        "class_1": 81.81818181818183,
        "class_2": 30.909090909090907,
        "class_3": 70.0,
        "class_4": 81.70731707317073,
        "class_5": 0.0,
        "class_6": 98.18181818181819
      },
      {},
      {},
      {},
      {},
      {},
      {},
      {
        "class_0": 79.16666666666666,
        "class_1": 81.81818181818183,
        "class_2": 32.72727272727273,
        "class_3": 70.0,
        "class_4": 84.14634146341463,
        "class_5": 0.0,
        "class_6": 97.27272727272728
      },
      {},
      {},
      {},
      {},
      {},
      {},
      {},
      {}
    ],
    "learning_rates": [
      1.5e-05,
      1.5e-05,
      1.5e-05,
      1.5e-05,
      1.5e-05,
      1.5e-05,
      1.5e-05,
      1.5e-05,
      1.5e-05,
      1.5e-05,
      1.5e-05,
      7.5e-06,
      7.5e-06,
      7.5e-06,
      7.5e-06,
      7.5e-06,
      7.5e-06,
      7.5e-06,
      7.5e-06,
      7.5e-06,
      7.5e-06,
      7.5e-06,
      3.75e-06,
      3.75e-06,
      3.75e-06,
      3.75e-06,
      3.75e-06,
      3.75e-06,
      3.75e-06,
      3.75e-06
    ],
    "epoch_times": [
      372.2680501937866,
      376.60022807121277,
      373.2131772041321,
      376.9019763469696,
      375.30857157707214,
      371.0746600627899,
      373.3381931781769,
      380.64432191848755,
      373.704621553421,
      432.19197034835815,
      436.42969584465027,
      447.8777461051941,
      442.32393622398376,
      435.9617712497711,
      423.4828782081604,
      383.9950125217438,
      395.6359508037567,
      386.6540205478668,
      389.25140857696533,
      391.41842770576477,
      384.60689544677734,
      381.67508602142334,
      392.34742045402527,
      389.8930752277374,
      387.76991176605225,
      383.2002680301666,
      387.0236749649048,
      384.27028727531433,
      378.7300765514374,
      387.2305715084076
    ],
    "confusion_matrices": [
      [
        [
          0,
          0,
          0,
          0,
          24,
          0,
          0
        ],
        [
          0,
          16,
          6,
          0,
          0,
          0,
          0
        ],
        [
          1,
          11,
          15,
          2,
          12,
          0,
          14
        ],
        [
          0,
          0,
          0,
          14,
          6,
          0,
          0
        ],
        [
          0,
          1,
          1,
          0,
          53,
          0,
          27
        ],
        [
          0,
          0,
          0,
          0,
          8,
          0,
          1
        ],
        [
          0,
          0,
          0,
          0,
          2,
          0,
          108
        ]
      ],
      [
        [
          0,
          0,
          0,
          0,
          24,
          0,
          0
        ],
        [
          0,
          16,
          6,
          0,
          0,
          0,
          0
        ],
        [
          1,
          11,
          15,
          2,
          12,
          0,
          14
        ],
        [
          0,
          0,
          0,
          14,
          6,
          0,
          0
        ],
        [
          0,
          1,
          1,
          0,
          53,
          0,
          27
        ],
        [
          0,
          0,
          0,
          0,
          8,
          0,
          1
        ],
        [
          0,
          0,
          0,
          0,
          2,
          0,
          108
        ]
      ],
      [
        [
          0,
          0,
          0,
          0,
          24,
          0,
          0
        ],
        [
          0,
          16,
          6,
          0,
          0,
          0,
          0
        ],
        [
          1,
          11,
          15,
          2,
          12,
          0,
          14
        ],
        [
          0,
          0,
          0,
          14,
          6,
          0,
          0
        ],
        [
          0,
          1,
          1,
          0,
          53,
          0,
          27
        ],
        [
          0,
          0,
          0,
          0,
          8,
          0,
          1
        ],
        [
          0,
          0,
          0,
          0,
          2,
          0,
          108
        ]
      ],
      [
        [
          0,
          0,
          0,
          0,
          24,
          0,
          0
        ],
        [
          0,
          16,
          6,
          0,
          0,
          0,
          0
        ],
        [
          2,
          11,
          16,
          2,
          10,
          0,
          14
        ],
        [
          0,
          0,
          0,
          14,
          6,
          0,
          0
        ],
        [
          0,
          1,
          1,
          0,
          54,
          0,
          26
        ],
        [
          0,
          0,
          0,
          0,
          8,
          0,
          1
        ],
        [
          0,
          0,
          0,
          0,
          2,
          0,
          108
        ]
      ],
      [
        [
          0,
          0,
          0,
          0,
          24,
          0,
          0
        ],
        [
          0,
          16,
          6,
          0,
          0,
          0,
          0
        ],
        [
          2,
          11,
          17,
          2,
          10,
          0,
          13
        ],
        [
          0,
          0,
          0,
          14,
          6,
          0,
          0
        ],
        [
          0,
          1,
          1,
          0,
          54,
          0,
          26
        ],
        [
          0,
          0,
          0,
          0,
          8,
          0,
          1
        ],
        [
          0,
          0,
          0,
          0,
          3,
          0,
          107
        ]
      ],
      [
        [
          0,
          0,
          0,
          0,
          24,
          0,
          0
        ],
        [
          0,
          16,
          6,
          0,
          0,
          0,
          0
        ],
        [
          2,
          11,
          17,
          2,
          9,
          0,
          14
        ],
        [
          0,
          0,
          0,
          14,
          6,
          0,
          0
        ],
        [
          0,
          1,
          1,
          0,
          56,
          0,
          24
        ],
        [
          0,
          0,
          0,
          0,
          8,
          0,
          1
        ],
        [
          0,
          0,
          0,
          0,
          3,
          0,
          107
        ]
      ],
      [
        [
          0,
          0,
          0,
          0,
          24,
          0,
          0
        ],
        [
          0,
          16,
          6,
          0,
          0,
          0,
          0
        ],
        [
          1,
          11,
          16,
          2,
          10,
          0,
          15
        ],
        [
          0,
          0,
          0,
          14,
          6,
          0,
          0
        ],
        [
          0,
          1,
          1,
          0,
          58,
          0,
          22
        ],
        [
          0,
          0,
          0,
          0,
          8,
          0,
          1
        ],
        [
          0,
          0,
          0,
          0,
          2,
          0,
          108
        ]
      ],
      [
        [
          0,
          0,
          0,
          0,
          24,
          0,
          0
        ],
        [
          0,
          16,
          6,
          0,
          0,
          0,
          0
        ],
        [
          2,
          11,
          16,
          2,
          10,
          0,
          14
        ],
        [
          0,
          0,
          0,
          14,
          6,
          0,
          0
        ],
        [
          0,
          1,
          1,
          0,
          66,
          0,
          14
        ],
        [
          0,
          0,
          0,
          0,
          8,
          0,
          1
        ],
        [
          0,
          0,
          0,
          0,
          3,
          0,
          107
        ]
      ],
      [
        [
          5,
          0,
          0,
          0,
          19,
          0,
          0
        ],
        [
          0,
          17,
          5,
          0,
          0,
          0,
          0
        ],
        [
          4,
          11,
          16,
          2,
          6,
          0,
          16
        ],
        [
          2,
          0,
          0,
          14,
          4,
          0,
          0
        ],
        [
          1,
          1,
          1,
          0,
          69,
          0,
          10
        ],
        [
          0,
          0,
          0,
          0,
          8,
          0,
          1
        ],
        [
          1,
          0,
          0,
          0,
          1,
          0,
          108
        ]
      ],
      [
        [
          5,
          0,
          0,
          0,
          19,
          0,
          0
        ],
        [
          0,
          18,
          4,
          0,
          0,
          0,
          0
        ],
        [
          5,
          11,
          17,
          2,
          5,
          0,
          15
        ],
        [
          1,
          0,
          0,
          14,
          5,
          0,
          0
        ],
        [
          1,
          1,
          1,
          0,
          71,
          0,
          8
        ],
        [
          0,
          0,
          0,
          0,
          8,
          0,
          1
        ],
        [
          1,
          0,
          0,
          0,
          1,
          0,
          108
        ]
      ],
      [
        [
          16,
          0,
          0,
          0,
          8,
          0,
          0
        ],
        [
          0,
          18,
          4,
          0,
          0,
          0,
          0
        ],
        [
          7,
          11,
          16,
          2,
          4,
          0,
          15
        ],
        [
          5,
          0,
          0,
          14,
          1,
          0,
          0
        ],
        [
          2,
          1,
          1,
          0,
          70,
          0,
          8
        ],
        [
          1,
          0,
          0,
          0,
          7,
          0,
          1
        ],
        [
          1,
          0,
          0,
          0,
          1,
          0,
          108
        ]
      ],
      [
        [
          20,
          0,
          0,
          0,
          4,
          0,
          0
        ],
        [
          0,
          18,
          4,
          0,
          0,
          0,
          0
        ],
        [
          6,
          11,
          16,
          2,
          4,
          0,
          16
        ],
        [
          5,
          0,
          0,
          14,
          1,
          0,
          0
        ],
        [
          5,
          1,
          1,
          0,
          66,
          0,
          9
        ],
        [
          2,
          0,
          0,
          0,
          6,
          0,
          1
        ],
        [
          1,
          0,
          0,
          0,
          1,
          0,
          108
        ]
      ],
      [
        [
          12,
          0,
          0,
          0,
          12,
          0,
          0
        ],
        [
          0,
          18,
          4,
          0,
          0,
          0,
          0
        ],
        [
          4,
          11,
          17,
          2,
          5,
          0,
          16
        ],
        [
          4,
          0,
          0,
          14,
          2,
          0,
          0
        ],
        [
          2,
          1,
          1,
          0,
          71,
          0,
          7
        ],
        [
          1,
          0,
          0,
          0,
          7,
          0,
          1
        ],
        [
          1,
          0,
          0,
          0,
          2,
          0,
          107
        ]
      ],
      [
        [
          18,
          0,
          0,
          0,
          6,
          0,
          0
        ],
        [
          0,
          18,
          4,
          0,
          0,
          0,
          0
        ],
        [
          6,
          11,
          17,
          2,
          3,
          0,
          16
        ],
        [
          5,
          0,
          0,
          14,
          1,
          0,
          0
        ],
        [
          6,
          1,
          1,
          0,
          67,
          0,
          7
        ],
        [
          2,
          0,
          0,
          0,
          6,
          0,
          1
        ],
        [
          1,
          0,
          0,
          0,
          1,
          0,
          108
        ]
      ],
      [
        [
          20,
          0,
          0,
          0,
          4,
          0,
          0
        ],
        [
          0,
          18,
          4,
          0,
          0,
          0,
          0
        ],
        [
          7,
          11,
          17,
          2,
          2,
          0,
          16
        ],
        [
          5,
          0,
          0,
          14,
          1,
          0,
          0
        ],
        [
          5,
          1,
          1,
          0,
          67,
          0,
          8
        ],
        [
          2,
          0,
          0,
          0,
          6,
          0,
          1
        ],
        [
          1,
          0,
          0,
          0,
          1,
          0,
          108
        ]
      ],
      [
        [
          13,
          0,
          0,
          0,
          11,
          0,
          0
        ],
        [
          0,
          18,
          4,
          0,
          0,
          0,
          0
        ],
        [
          4,
          11,
          18,
          2,
          4,
          0,
          16
        ],
        [
          3,
          0,
          0,
          14,
          3,
          0,
          0
        ],
        [
          2,
          1,
          1,
          0,
          71,
          0,
          7
        ],
        [
          1,
          0,
          0,
          0,
          7,
          0,
          1
        ],
        [
          1,
          0,
          0,
          0,
          3,
          0,
          106
        ]
      ],
      [
        [
          19,
          0,
          0,
          0,
          5,
          0,
          0
        ],
        [
          0,
          18,
          4,
          0,
          0,
          0,
          0
        ],
        [
          6,
          11,
          18,
          2,
          2,
          0,
          16
        ],
        [
          4,
          0,
          0,
          14,
          2,
          0,
          0
        ],
        [
          7,
          1,
          1,
          0,
          66,
          0,
          7
        ],
        [
          1,
          0,
          0,
          0,
          7,
          0,
          1
        ],
        [
          1,
          0,
          0,
          0,
          1,
          0,
          108
        ]
      ],
      [
        [
          11,
          0,
          0,
          0,
          13,
          0,
          0
        ],
        [
          0,
          17,
          5,
          0,
          0,
          0,
          0
        ],
        [
          3,
          11,
          18,
          2,
          5,
          0,
          16
        ],
        [
          3,
          0,
          0,
          14,
          3,
          0,
          0
        ],
        [
          2,
          1,
          1,
          0,
          71,
          0,
          7
        ],
        [
          0,
          0,
          0,
          0,
          8,
          0,
          1
        ],
        [
          0,
          0,
          0,
          0,
          4,
          0,
          106
        ]
      ],
      [
        [
          14,
          0,
          0,
          0,
          10,
          0,
          0
        ],
        [
          0,
          18,
          4,
          0,
          0,
          0,
          0
        ],
        [
          4,
          11,
          18,
          2,
          4,
          0,
          16
        ],
        [
          4,
          0,
          0,
          14,
          2,
          0,
          0
        ],
        [
          2,
          1,
          1,
          0,
          72,
          0,
          6
        ],
        [
          0,
          0,
          0,
          0,
          8,
          0,
          1
        ],
        [
          1,
          0,
          0,
          0,
          2,
          0,
          107
        ]
      ],
      [
        [
          20,
          0,
          0,
          0,
          4,
          0,
          0
        ],
        [
          0,
          18,
          4,
          0,
          0,
          0,
          0
        ],
        [
          6,
          11,
          18,
          2,
          2,
          0,
          16
        ],
        [
          5,
          0,
          0,
          14,
          1,
          0,
          0
        ],
        [
          7,
          1,
          1,
          0,
          66,
          0,
          7
        ],
        [
          2,
          0,
          0,
          0,
          6,
          0,
          1
        ],
        [
          1,
          0,
          0,
          0,
          1,
          0,
          108
        ]
      ],
      [
        [
          18,
          0,
          0,
          0,
          6,
          0,
          0
        ],
        [
          0,
          17,
          5,
          0,
          0,
          0,
          0
        ],
        [
          4,
          11,
          18,
          2,
          4,
          0,
          16
        ],
        [
          5,
          0,
          0,
          14,
          1,
          0,
          0
        ],
        [
          3,
          1,
          1,
          0,
          70,
          0,
          7
        ],
        [
          2,
          0,
          0,
          0,
          6,
          0,
          1
        ],
        [
          1,
          0,
          0,
          0,
          2,
          0,
          107
        ]
      ],
      [
        [
          19,
          0,
          0,
          0,
          5,
          0,
          0
        ],
        [
          0,
          18,
          4,
          0,
          0,
          0,
          0
        ],
        [
          4,
          11,
          18,
          2,
          4,
          0,
          16
        ],
        [
          5,
          0,
          0,
          14,
          1,
          0,
          0
        ],
        [
          4,
          1,
          1,
          0,
          69,
          0,
          7
        ],
        [
          2,
          0,
          0,
          0,
          6,
          0,
          1
        ],
        [
          1,
          0,
          0,
          0,
          2,
          0,
          107
        ]
      ],
      [
        [
          19,
          0,
          0,
          0,
          5,
          0,
          0
        ],
        [
          0,
          18,
          4,
          0,
          0,
          0,
          0
        ],
        [
          4,
          11,
          18,
          2,
          4,
          0,
          16
        ],
        [
          5,
          0,
          0,
          14,
          1,
          0,
          0
        ],
        [
          6,
          1,
          1,
          0,
          67,
          0,
          7
        ],
        [
          2,
          0,
          0,
          0,
          6,
          0,
          1
        ],
        [
          0,
          0,
          0,
          0,
          2,
          0,
          108
        ]
      ],
      [
        [
          19,
          0,
          0,
          0,
          5,
          0,
          0
        ],
        [
          0,
          18,
          4,
          0,
          0,
          0,
          0
        ],
        [
          4,
          11,
          18,
          2,
          4,
          0,
          16
        ],
        [
          5,
          0,
          0,
          14,
          1,
          0,
          0
        ],
        [
          7,
          1,
          1,
          0,
          66,
          0,
          7
        ],
        [
          1,
          0,
          0,
          0,
          7,
          0,
          1
        ],
        [
          1,
          0,
          0,
          0,
          2,
          0,
          107
        ]
      ],
      [
        [
          18,
          0,
          0,
          0,
          6,
          0,
          0
        ],
        [
          0,
          18,
          4,
          0,
          0,
          0,
          0
        ],
        [
          4,
          11,
          18,
          2,
          4,
          0,
          16
        ],
        [
          5,
          0,
          0,
          14,
          1,
          0,
          0
        ],
        [
          4,
          1,
          1,
          0,
          69,
          0,
          7
        ],
        [
          2,
          0,
          0,
          0,
          6,
          0,
          1
        ],
        [
          1,
          0,
          0,
          0,
          2,
          0,
          107
        ]
      ],
      [
        [
          18,
          0,
          0,
          0,
          6,
          0,
          0
        ],
        [
          0,
          18,
          4,
          0,
          0,
          0,
          0
        ],
        [
          4,
          11,
          18,
          2,
          4,
          0,
          16
        ],
        [
          4,
          0,
          0,
          14,
          2,
          0,
          0
        ],
        [
          3,
          1,
          1,
          0,
          70,
          0,
          7
        ],
        [
          2,
          0,
          0,
          0,
          6,
          0,
          1
        ],
        [
          1,
          0,
          0,
          0,
          2,
          0,
          107
        ]
      ],
      [
        [
          18,
          0,
          0,
          0,
          6,
          0,
          0
        ],
        [
          0,
          18,
          4,
          0,
          0,
          0,
          0
        ],
        [
          4,
          11,
          18,
          2,
          4,
          0,
          16
        ],
        [
          4,
          0,
          0,
          14,
          2,
          0,
          0
        ],
        [
          4,
          1,
          1,
          0,
          69,
          0,
          7
        ],
        [
          2,
          0,
          0,
          0,
          6,
          0,
          1
        ],
        [
          1,
          0,
          0,
          0,
          2,
          0,
          107
        ]
      ],
      [
        [
          19,
          0,
          0,
          0,
          5,
          0,
          0
        ],
        [
          0,
          18,
          4,
          0,
          0,
          0,
          0
        ],
        [
          4,
          11,
          18,
          2,
          4,
          0,
          16
        ],
        [
          5,
          0,
          0,
          14,
          1,
          0,
          0
        ],
        [
          6,
          1,
          1,
          0,
          67,
          0,
          7
        ],
        [
          2,
          0,
          0,
          0,
          6,
          0,
          1
        ],
        [
          1,
          0,
          0,
          0,
          2,
          0,
          107
        ]
      ],
      [
        [
          18,
          0,
          0,
          0,
          6,
          0,
          0
        ],
        [
          0,
          18,
          4,
          0,
          0,
          0,
          0
        ],
        [
          4,
          11,
          18,
          2,
          4,
          0,
          16
        ],
        [
          4,
          0,
          0,
          14,
          2,
          0,
          0
        ],
        [
          5,
          1,
          1,
          0,
          68,
          0,
          7
        ],
        [
          2,
          0,
          0,
          0,
          6,
          0,
          1
        ],
        [
          1,
          0,
          0,
          0,
          2,
          0,
          107
        ]
      ],
      [
        [
          18,
          0,
          0,
          0,
          6,
          0,
          0
        ],
        [
          0,
          18,
          4,
          0,
          0,
          0,
          0
        ],
        [
          4,
          11,
          18,
          2,
          4,
          0,
          16
        ],
        [
          4,
          0,
          0,
          14,
          2,
          0,
          0
        ],
        [
          6,
          1,
          1,
          0,
          68,
          0,
          6
        ],
        [
          2,
          0,
          0,
          0,
          6,
          0,
          1
        ],
        [
          1,
          0,
          0,
          0,
          2,
          0,
          107
        ]
      ]
    ]
  },
  "best_metrics": {
    "best_val_accuracy": 76.08695652173913,
    "best_epoch": 42,
    "best_val_f1": 61.14609400786618,
    "best_train_accuracy": 76.71875,
    "best_train_f1": 59.77058324397794
  },
  "last_update": "2025-08-29 17:36:35"
}