{
  "dataset": "MACHO",
  "model_type": "geometric",
  "sde_config": 1,
  "start_time": "20250829_135920",
  "date": "20250829",
  "epochs": [
    {
      "epoch": 21,
      "train_loss": 4.823218867182732,
      "train_acc": 67.34375,
      "val_loss": 0.907692939043045,
      "val_acc": 63.975155279503106,
      "timestamp": "2025-08-29 14:05:33",
      "train_f1": 46.75372014814698,
      "train_recall": 47.451699613333325,
      "val_f1": 45.78574739919278,
      "val_recall": 47.545137789040226,
      "confusion_matrix": [
        [
          0,
          0,
          0,
          0,
          24,
          0,
          0
        ],
        [
          0,
          16,
          6,
          0,
          0,
          0,
          0
        ],
        [
          1,
          11,
          15,
          2,
          12,
          0,
          14
        ],
        [
          0,
          0,
          0,
          14,
          6,
          0,
          0
        ],
        [
          0,
          1,
          1,
          0,
          53,
          0,
          27
        ],
        [
          0,
          0,
          0,
          0,
          8,
          0,
          1
        ],
        [
          0,
          0,
          0,
          0,
          2,
          0,
          108
        ]
      ],
      "epoch_time": 372.2680501937866,
      "learning_rate": 1.5e-05
    }
  ]
}