{
  "dataset": "ASAS",
  "model_type": "langevin",
  "sde_config": 1,
  "start_time": "20250831_031211",
  "date": "20250831",
  "epochs": [
    {
      "epoch": 1,
      "train_loss": 8.796873037879532,
      "train_acc": 47.63513513513514,
      "val_loss": 0.8750309348106384,
      "val_acc": 56.63865546218487,
      "timestamp": "2025-08-31 03:13:40",
      "train_f1": 44.71913376189286,
      "train_recall": 47.63513513513514,
      "val_f1": 45.25777619725542,
      "val_recall": 56.63865546218487,
      "confusion_matrix": [
        [
          2,
          0,
          39,
          0,
          26
        ],
        [
          4,
          6,
          11,
          2,
          0
        ],
        [
          0,
          0,
          0,
          0,
          162
        ],
        [
          0,
          0,
          4,
          3,
          8
        ],
        [
          0,
          0,
          2,
          0,
          326
        ]
      ],
      "class_accuracies": {
        "class_0": 2.9850746268656714,
        "class_1": 26.08695652173913,
        "class_2": 0.0,
        "class_3": 20.0,
        "class_4": 99.39024390243902
      },
      "epoch_time": 88.93213963508606,
      "learning_rate": 3e-05
    }
  ]
}