{
  "dataset": "LINEAR",
  "model_type": "geometric",
  "sde_config": 1,
  "start_time": "20250829_135909",
  "date": "20250829",
  "epochs": [
    {
      "epoch": 21,
      "train_loss": 10.299557396998772,
      "train_acc": 89.0625,
      "val_loss": 0.6366077240775613,
      "val_acc": 86.6474543707973,
      "timestamp": "2025-08-29 14:18:34",
      "train_f1": 72.36618492884418,
      "train_recall": 75.34546872312588,
      "val_f1": 84.36356744493919,
      "val_recall": 86.6474543707973,
      "confusion_matrix": [
        [
          0,
          0,
          27,
          25,
          10
        ],
        [
          0,
          19,
          0,
          0,
          0
        ],
        [
          0,
          0,
          395,
          21,
          4
        ],
        [
          0,
          0,
          5,
          154,
          5
        ],
        [
          0,
          18,
          10,
          14,
          334
        ]
      ],
      "epoch_time": 1165.0699350833893,
      "learning_rate": 1.5e-05
    },
    {
      "epoch": 22,
      "train_loss": 10.260080317350534,
      "train_acc": 89.30288461538461,
      "val_loss": 0.629476059885586,
      "val_acc": 88.66474543707973,
      "timestamp": "2025-08-29 14:37:50",
      "train_f1": 73.82796690574239,
      "train_recall": 76.72013346337164,
      "val_f1": 86.11673628423053,
      "val_recall": 88.66474543707973,
      "confusion_matrix": [
        [
          0,
          0,
          27,
          25,
          10
        ],
        [
          0,
          19,
          0,
          0,
          0
        ],
        [
          0,
          0,
          402,
          14,
          4
        ],
        [
          0,
          0,
          5,
          155,
          4
        ],
        [
          0,
          4,
          10,
          15,
          347
        ]
      ],
      "epoch_time": 1155.6690356731415,
      "learning_rate": 1.5e-05
    },
    {
      "epoch": 23,
      "train_loss": 10.294285099322979,
      "train_acc": 89.35096153846153,
      "val_loss": 0.6670572792782503,
      "val_acc": 79.44284341978866,
      "timestamp": "2025-08-29 14:57:10",
      "train_f1": 74.64694861108876,
      "train_recall": 76.68746341656583,
      "val_f1": 78.74048203206463,
      "val_recall": 79.44284341978867,
      "confusion_matrix": [
        [
          0,
          0,
          25,
          25,
          12
        ],
        [
          0,
          19,
          0,
          0,
          0
        ],
        [
          0,
          0,
          387,
          28,
          5
        ],
        [
          0,
          0,
          4,
          140,
          20
        ],
        [
          0,
          73,
          10,
          12,
          281
        ]
      ],
      "epoch_time": 1159.2798199653625,
      "learning_rate": 1.5e-05
    },
    {
      "epoch": 24,
      "train_loss": 10.288381692079398,
      "train_acc": 89.375,
      "val_loss": 0.6338534705779132,
      "val_acc": 87.99231508165225,
      "timestamp": "2025-08-29 15:19:32",
      "train_f1": 74.16807076744261,
      "train_recall": 77.21296971589955,
      "val_f1": 85.51991338792388,
      "val_recall": 87.99231508165227,
      "confusion_matrix": [
        [
          0,
          0,
          27,
          25,
          10
        ],
        [
          0,
          19,
          0,
          0,
          0
        ],
        [
          0,
          0,
          403,
          13,
          4
        ],
        [
          0,
          0,
          5,
          154,
          5
        ],
        [
          0,
          13,
          10,
          13,
          340
        ]
      ],
      "epoch_time": 1341.8464198112488,
      "learning_rate": 1.5e-05
    },
    {
      "epoch": 25,
      "train_loss": 10.255319233124073,
      "train_acc": 89.42307692307692,
      "val_loss": 0.6368984720286202,
      "val_acc": 86.74351585014409,
      "timestamp": "2025-08-29 15:41:24",
      "train_f1": 73.6380340956647,
      "train_recall": 76.7172187341081,
      "val_f1": 84.48944124193667,
      "val_recall": 86.74351585014409,
      "confusion_matrix": [
        [
          0,
          0,
          27,
          25,
          10
        ],
        [
          0,
          19,
          0,
          0,
          0
        ],
        [
          0,
          0,
          400,
          16,
          4
        ],
        [
          0,
          0,
          5,
          154,
          5
        ],
        [
          0,
          22,
          10,
          14,
          330
        ]
      ],
      "epoch_time": 1311.6187634468079,
      "learning_rate": 1.5e-05
    },
    {
      "epoch": 26,
      "train_loss": 10.24142951965332,
      "train_acc": 89.2548076923077,
      "val_loss": 0.6278360205538133,
      "val_acc": 89.14505283381364,
      "timestamp": "2025-08-29 16:00:48",
      "train_f1": 74.148375308325,
      "train_recall": 76.58974082933231,
      "val_f1": 86.56437508776358,
      "val_recall": 89.14505283381364,
      "confusion_matrix": [
        [
          0,
          0,
          28,
          25,
          9
        ],
        [
          0,
          19,
          0,
          0,
          0
        ],
        [
          0,
          0,
          405,
          11,
          4
        ],
        [
          0,
          0,
          6,
          156,
          2
        ],
        [
          0,
          3,
          10,
          15,
          348
        ]
      ],
      "class_accuracies": {
        "class_0": 0.0,
        "class_1": 100.0,
        "class_2": 96.42857142857143,
        "class_3": 95.1219512195122,
        "class_4": 92.5531914893617
      },
      "epoch_time": 1162.7654531002045,
      "learning_rate": 1.5e-05
    },
    {
      "epoch": 27,
      "train_loss": 10.306320798397063,
      "train_acc": 89.39903846153847,
      "val_loss": 0.6529580880613888,
      "val_acc": 82.70893371757926,
      "timestamp": "2025-08-29 16:19:32",
      "train_f1": 74.44086017486049,
      "train_recall": 76.85722816345961,
      "val_f1": 81.42695386958437,
      "val_recall": 82.70893371757924,
      "confusion_matrix": [
        [
          0,
          0,
          27,
          25,
          10
        ],
        [
          0,
          19,
          0,
          0,
          0
        ],
        [
          0,
          0,
          392,
          24,
          4
        ],
        [
          0,
          0,
          5,
          151,
          8
        ],
        [
          0,
          55,
          10,
          12,
          299
        ]
      ],
      "epoch_time": 1123.405029296875,
      "learning_rate": 1.5e-05
    },
    {
      "epoch": 28,
      "train_loss": 10.26014563853924,
      "train_acc": 88.8701923076923,
      "val_loss": 0.6282986472634708,
      "val_acc": 88.95292987512008,
      "timestamp": "2025-08-29 16:38:23",
      "train_f1": 73.61700754679359,
      "train_recall": 76.1878261511652,
      "val_f1": 86.38885435363532,
      "val_recall": 88.95292987512008,
      "confusion_matrix": [
        [
          0,
          0,
          27,
          25,
          10
        ],
        [
          0,
          19,
          0,
          0,
          0
        ],
        [
          0,
          0,
          403,
          13,
          4
        ],
        [
          0,
          0,
          5,
          156,
          3
        ],
        [
          0,
          3,
          10,
          15,
          348
        ]
      ],
      "epoch_time": 1130.962811946869,
      "learning_rate": 1.5e-05
    },
    {
      "epoch": 29,
      "train_loss": 10.273436463796175,
      "train_acc": 89.1826923076923,
      "val_loss": 0.6275328362689299,
      "val_acc": 89.24111431316042,
      "timestamp": "2025-08-29 16:57:35",
      "train_f1": 74.04263460469014,
      "train_recall": 76.19861555348564,
      "val_f1": 86.6953452596615,
      "val_recall": 89.24111431316042,
      "confusion_matrix": [
        [
          0,
          0,
          27,
          26,
          9
        ],
        [
          0,
          19,
          0,
          0,
          0
        ],
        [
          0,
          0,
          403,
          14,
          3
        ],
        [
          0,
          0,
          5,
          157,
          2
        ],
        [
          0,
          1,
          10,
          15,
          350
        ]
      ],
      "class_accuracies": {
        "class_0": 0.0,
        "class_1": 100.0,
        "class_2": 95.95238095238095,
        "class_3": 95.73170731707317,
        "class_4": 93.08510638297872
      },
      "epoch_time": 1151.4425354003906,
      "learning_rate": 1.5e-05
    },
    {
      "epoch": 30,
      "train_loss": 10.235949849165403,
      "train_acc": 89.61538461538461,
      "val_loss": 0.6315318521331338,
      "val_acc": 88.66474543707973,
      "timestamp": "2025-08-29 17:16:36",
      "train_f1": 74.04396648286173,
      "train_recall": 76.40720066917376,
      "val_f1": 86.10438581503777,
      "val_recall": 88.66474543707973,
      "confusion_matrix": [
        [
          0,
          0,
          27,
          25,
          10
        ],
        [
          0,
          19,
          0,
          0,
          0
        ],
        [
          0,
          0,
          402,
          14,
          4
        ],
        [
          0,
          0,
          5,
          154,
          5
        ],
        [
          0,
          6,
          10,
          12,
          348
        ]
      ],
      "epoch_time": 1141.1278672218323,
      "learning_rate": 1.5e-05
    },
    {
      "epoch": 31,
      "train_loss": 10.237443127998938,
      "train_acc": 89.35096153846153,
      "val_loss": 0.6290454268455505,
      "val_acc": 88.95292987512008,
      "timestamp": "2025-08-29 17:36:00",
      "train_f1": 73.6644577750117,
      "train_recall": 75.81262347582128,
      "val_f1": 86.39970811701761,
      "val_recall": 88.95292987512008,
      "confusion_matrix": [
        [
          0,
          0,
          28,
          25,
          9
        ],
        [
          0,
          19,
          0,
          0,
          0
        ],
        [
          0,
          0,
          404,
          13,
          3
        ],
        [
          0,
          0,
          5,
          157,
          2
        ],
        [
          0,
          5,
          10,
          15,
          346
        ]
      ],
      "epoch_time": 1163.0514903068542,
      "learning_rate": 1.5e-05
    },
    {
      "epoch": 32,
      "train_loss": 10.24865217942458,
      "train_acc": 89.54326923076923,
      "val_loss": 0.6305958418285146,
      "val_acc": 88.18443804034582,
      "timestamp": "2025-08-29 17:55:16",
      "train_f1": 74.02874494308844,
      "train_recall": 77.07228635316655,
      "val_f1": 85.6727850458944,
      "val_recall": 88.18443804034582,
      "confusion_matrix": [
        [
          0,
          0,
          27,
          25,
          10
        ],
        [
          0,
          19,
          0,
          0,
          0
        ],
        [
          0,
          0,
          400,
          16,
          4
        ],
        [
          0,
          0,
          5,
          154,
          5
        ],
        [
          0,
          6,
          10,
          15,
          345
        ]
      ],
      "epoch_time": 1155.4846830368042,
      "learning_rate": 1.5e-05
    }
  ]
}