{
  "experiment_info": {
    "dataset": "LINEAR",
    "model_type": "linear_noise",
    "sde_config": 1,
    "start_time": "20250825_100920",
    "log_file": "LINEAR_linear_noise_config1_20250825_100920.log"
  },
  "training_history": {
    "epochs": [
      0,
      1,
      2,
      3,
      4,
      5,
      6,
      7,
      8,
      9,
      10,
      11,
      12,
      13,
      14,
      15,
      16,
      17,
      18,
      19,
      20,
      21,
      22,
      23,
      24,
      25,
      26,
      27,
      28,
      29,
      30,
      31,
      32,
      33,
      34,
      35,
      36,
      37,
      38,
      39,
      40,
      41,
      42,
      43,
      44,
      45
    ],
    "train_loss": [
      0.5428928239199952,
      0.4897823693188092,
      0.2738118711432428,
      0.1982700478370863,
      0.17604849382324983,
      0.16836461092110808,
      0.1559370112328129,
      0.15449806018412568,
      0.15170840139834935,
      0.15777511189457114,
      0.14907896723456054,
      0.14871863503265018,
      0.14570160372225383,
      0.1468107632951427,
      0.1480005936028848,
      0.1453197227350173,
      0.14295708359652803,
      0.14498530695115336,
      0.1425177680172083,
      0.13942755258265344,
      0.1497198769552562,
      0.15209412185176638,
      0.15040071726641582,
      0.1588682294858776,
      0.156086127778501,
      0.14910706971551627,
      0.15122754277505038,
      0.14693285519157656,
      0.14795007212585165,
      0.14638732345277117,
      0.14449838364056047,
      0.14617403224110603,
      0.1450920350394631,
      0.14576835742661062,
      0.14587371293028803,
      0.14819477762998515,
      0.1435007174563317,
      0.1433570641199596,
      0.1418997507741433,
      0.14384470388065768,
      0.14184303866087936,
      0.1420229010795819,
      0.14672806196426616,
      0.14196950299594238,
      0.13996182074983612,
      0.1391382247550797
    ],
    "train_accuracy": [
      43.31011289935143,
      55.656978140763876,
      79.96637040595724,
      85.34710545279846,
      86.28392985827529,
      86.69228921450876,
      87.98943069901513,
      88.13355753062694,
      88.80614941148211,
      88.37376891664665,
      88.66202257987028,
      88.85419168868604,
      88.92625510449196,
      88.95027624309392,
      88.90223396588998,
      89.16646649051165,
      89.40667787653135,
      89.57482584674514,
      89.38265673792938,
      89.38265673792938,
      88.61398030266635,
      88.54191688686043,
      88.97429738169589,
      88.58995916406438,
      88.2536632236368,
      88.95027624309392,
      89.0463607975018,
      89.1184242133077,
      89.16646649051165,
      89.16646649051165,
      89.26255104491953,
      89.19048762911362,
      89.55080470814316,
      89.33461446072543,
      89.23852990631757,
      89.35863559932741,
      89.45472015373528,
      89.50276243093923,
      89.26255104491953,
      89.59884698534711,
      89.43069901513331,
      89.59884698534711,
      89.47874129233726,
      89.69493153975499,
      89.67091040115301,
      89.64688926255104
    ],
    "val_loss": [
      0.5147021780995762,
      0.2909238684703322,
      0.2055278736002305,
      0.15402792306507335,
      0.1440256316872204,
      0.1514557363355861,
      0.14598573612816193,
      0.1414702420725542,
      0.15164520328535752,
      0.1476789059884408,
      0.13835989267510526,
      0.13978589150835485,
      0.1489961151691044,
      0.1402540520271834,
      0.14209463622640162,
      0.1374119314200738,
      0.1373787393026492,
      0.13829226134454503,
      0.1405509105500053,
      0.13749352535780737,
      0.15380671751849792,
      0.14398087824092193,
      0.1395194114131086,
      0.14173997850979075,
      0.14266975574633656,
      0.14526241710957358,
      0.13825543575427113,
      0.14965257355395487,
      0.14687310663216255,
      0.13882392557228312,
      0.15041057283387466,
      0.13705346777158625,
      0.14753197944339583,
      0.13750215619802475,
      0.1401010019814267,
      0.138951817417846,
      0.1442106528317227,
      0.13873578432728262,
      0.13914343188790715,
      0.13927070818403187,
      0.1402608570368851,
      0.13776640966534615,
      0.1376463722656755,
      0.1376311314456603,
      0.1388942487537861,
      0.137887594235294
    ],
    "val_accuracy": [
      39.42307692307692,
      79.42307692307692,
      85.0,
      88.07692307692308,
      88.46153846153847,
      88.07692307692308,
      89.03846153846153,
      88.84615384615384,
      85.96153846153847,
      86.53846153846153,
      89.42307692307692,
      87.3076923076923,
      86.34615384615384,
      89.23076923076923,
      88.65384615384616,
      89.03846153846153,
      89.23076923076923,
      89.03846153846153,
      88.07692307692308,
      89.23076923076923,
      85.38461538461539,
      88.84615384615384,
      89.42307692307692,
      88.46153846153847,
      88.26923076923077,
      87.5,
      89.42307692307692,
      87.6923076923077,
      87.11538461538461,
      89.03846153846153,
      88.46153846153847,
      89.03846153846153,
      86.73076923076923,
      89.42307692307692,
      88.84615384615384,
      89.03846153846153,
      87.5,
      89.03846153846153,
      89.23076923076923,
      89.23076923076923,
      89.03846153846153,
      89.03846153846153,
      89.03846153846153,
      88.84615384615384,
      89.23076923076923,
      89.23076923076923
    ],
    "class_accuracy_history": [
      {
        "0": 0.0,
        "1": 0.0,
        "2": 3.3333333333333335,
        "3": 0.0,
        "4": 99.49748743718592
      },
      {
        "0": 0.0,
        "1": 0.0,
        "2": 96.19047619047619,
        "3": 27.027027027027028,
        "4": 95.97989949748744
      },
      {
        "0": 0.0,
        "1": 0.0,
        "2": 96.19047619047619,
        "3": 67.56756756756756,
        "4": 95.47738693467338
      },
      {
        "0": 0.0,
        "1": 0.0,
        "2": 96.19047619047619,
        "3": 95.94594594594594,
        "4": 92.96482412060301
      },
      {
        "0": 0.0,
        "1": 40.0,
        "2": 96.19047619047619,
        "3": 97.2972972972973,
        "4": 92.46231155778895
      },
      {
        "0": 0.0,
        "1": 100.0,
        "2": 96.66666666666667,
        "3": 97.2972972972973,
        "4": 89.44723618090453
      },
      {
        "0": 0.0,
        "1": 100.0,
        "2": 96.19047619047619,
        "3": 97.2972972972973,
        "4": 92.46231155778895
      },
      {
        "0": 0.0,
        "1": 100.0,
        "2": 96.66666666666667,
        "3": 95.94594594594594,
        "4": 91.95979899497488
      },
      {
        "0": 0.0,
        "1": 100.0,
        "2": 92.38095238095238,
        "3": 93.24324324324324,
        "4": 89.9497487437186
      },
      {
        "0": 0.0,
        "1": 100.0,
        "2": 92.85714285714286,
        "3": 86.48648648648648,
        "4": 93.46733668341709
      },
      {
        "0": 0.0,
        "1": 100.0,
        "2": 96.66666666666667,
        "3": 97.2972972972973,
        "4": 92.96482412060301
      },
      {
        "0": 0.0,
        "1": 100.0,
        "2": 96.66666666666667,
        "3": 94.5945945945946,
        "4": 88.44221105527639
      },
      {
        "0": 0.0,
        "1": 100.0,
        "2": 95.71428571428572,
        "3": 89.1891891891892,
        "4": 88.94472361809045
      },
      {
        "0": 0.0,
        "1": 100.0,
        "2": 96.66666666666667,
        "3": 97.2972972972973,
        "4": 92.46231155778895
      },
      {
        "0": 0.0,
        "1": 100.0,
        "2": 96.66666666666667,
        "3": 97.2972972972973,
        "4": 90.95477386934674
      },
      {
        "0": 0.0,
        "1": 100.0,
        "2": 96.66666666666667,
        "3": 95.94594594594594,
        "4": 92.46231155778895
      },
      {
        "0": 0.0,
        "1": 100.0,
        "2": 96.66666666666667,
        "3": 97.2972972972973,
        "4": 92.46231155778895
      },
      {
        "0": 0.0,
        "1": 100.0,
        "2": 96.66666666666667,
        "3": 95.94594594594594,
        "4": 92.46231155778895
      },
      {
        "0": 0.0,
        "1": 100.0,
        "2": 96.66666666666667,
        "3": 97.2972972972973,
        "4": 89.44723618090453
      },
      {
        "0": 0.0,
        "1": 100.0,
        "2": 96.66666666666667,
        "3": 95.94594594594594,
        "4": 92.96482412060301
      },
      {
        "0": 0.0,
        "1": 100.0,
        "2": 89.52380952380953,
        "3": 94.5945945945946,
        "4": 90.95477386934674
      },
      {
        "0": 0.0,
        "1": 100.0,
        "2": 97.14285714285714,
        "3": 91.8918918918919,
        "4": 92.96482412060301
      },
      {
        "0": 0.0,
        "1": 100.0,
        "2": 96.66666666666667,
        "3": 97.2972972972973,
        "4": 92.96482412060301
      },
      {
        "0": 0.0,
        "1": 100.0,
        "2": 96.66666666666667,
        "3": 97.2972972972973,
        "4": 90.45226130653266
      },
      {
        "0": 0.0,
        "1": 100.0,
        "2": 96.66666666666667,
        "3": 97.2972972972973,
        "4": 89.9497487437186
      },
      {
        "0": 0.0,
        "1": 100.0,
        "2": 96.66666666666667,
        "3": 97.2972972972973,
        "4": 87.93969849246231
      },
      {
        "0": 0.0,
        "1": 100.0,
        "2": 96.66666666666667,
        "3": 97.2972972972973,
        "4": 92.96482412060301
      },
      {
        "0": 0.0,
        "1": 100.0,
        "2": 96.66666666666667,
        "3": 91.8918918918919,
        "4": 90.45226130653266
      },
      {
        "0": 0.0,
        "1": 100.0,
        "2": 93.80952380952381,
        "3": 87.83783783783784,
        "4": 93.46733668341709
      },
      {
        "0": 0.0,
        "1": 100.0,
        "2": 96.66666666666667,
        "3": 97.2972972972973,
        "4": 91.95979899497488
      },
      {
        "0": 0.0,
        "1": 100.0,
        "2": 96.66666666666667,
        "3": 95.94594594594594,
        "4": 90.95477386934674
      },
      {
        "0": 0.0,
        "1": 100.0,
        "2": 96.66666666666667,
        "3": 97.2972972972973,
        "4": 91.95979899497488
      },
      {
        "0": 0.0,
        "1": 100.0,
        "2": 92.38095238095238,
        "3": 90.54054054054053,
        "4": 92.96482412060301
      },
      {
        "0": 0.0,
        "1": 100.0,
        "2": 96.66666666666667,
        "3": 97.2972972972973,
        "4": 92.96482412060301
      },
      {
        "0": 0.0,
        "1": 100.0,
        "2": 96.66666666666667,
        "3": 94.5945945945946,
        "4": 92.46231155778895
      },
      {
        "0": 0.0,
        "1": 100.0,
        "2": 96.19047619047619,
        "3": 94.5945945945946,
        "4": 93.46733668341709
      },
      {
        "0": 0.0,
        "1": 100.0,
        "2": 92.38095238095238,
        "3": 97.2972972972973,
        "4": 92.46231155778895
      },
      {
        "0": 0.0,
        "1": 100.0,
        "2": 96.19047619047619,
        "3": 97.2972972972973,
        "4": 92.46231155778895
      },
      {
        "0": 0.0,
        "1": 100.0,
        "2": 96.66666666666667,
        "3": 97.2972972972973,
        "4": 92.46231155778895
      },
      {
        "0": 0.0,
        "1": 100.0,
        "2": 96.66666666666667,
        "3": 97.2972972972973,
        "4": 92.46231155778895
      },
      {
        "0": 0.0,
        "1": 100.0,
        "2": 96.66666666666667,
        "3": 97.2972972972973,
        "4": 91.95979899497488
      },
      {
        "0": 0.0,
        "1": 100.0,
        "2": 96.66666666666667,
        "3": 97.2972972972973,
        "4": 91.95979899497488
      },
      {
        "0": 0.0,
        "1": 100.0,
        "2": 96.66666666666667,
        "3": 97.2972972972973,
        "4": 91.95979899497488
      },
      {
        "0": 0.0,
        "1": 100.0,
        "2": 96.66666666666667,
        "3": 95.94594594594594,
        "4": 91.95979899497488
      },
      {
        "0": 0.0,
        "1": 100.0,
        "2": 96.19047619047619,
        "3": 95.94594594594594,
        "4": 93.46733668341709
      },
      {
        "0": 0.0,
        "1": 100.0,
        "2": 96.66666666666667,
        "3": 97.2972972972973,
        "4": 92.46231155778895
      }
    ],
    "learning_rates": [
      2.98214809386295e-05,
      2.929031948627973e-05,
      2.8419594600731333e-05,
      2.7230746418436738e-05,
      2.5753048327204938e-05,
      2.402288615824086e-05,
      2.208286224622343e-05,
      1.9980746418436738e-05,
      1.776829974308335e-05,
      1.55e-05,
      1.3231700256916657e-05,
      1.1019253581563265e-05,
      8.917137753776572e-06,
      6.977113841759141e-06,
      5.2469516727950615e-06,
      3.769253581563264e-06,
      2.580405399268667e-06,
      1.7096805137202739e-06,
      1.1785190613705039e-06,
      3e-05,
      2.995530133913036e-05,
      2.98214809386295e-05,
      2.959936384576631e-05,
      2.929031948627973e-05,
      2.8896253221413658e-05,
      2.8419594600731333e-05,
      2.7863282383134336e-05,
      2.7230746418436738e-05,
      2.652588650120045e-05,
      2.5753048327204938e-05,
      2.491699670078767e-05,
      2.402288615824086e-05,
      2.307622918838126e-05,
      2.208286224622343e-05,
      2.1048909769293804e-05,
      1.9980746418436738e-05,
      1.8884957775910632e-05,
      1.776829974308335e-05,
      1.6637656888053755e-05,
      1.55e-05,
      1.436234311194625e-05,
      1.3231700256916657e-05,
      1.2115042224089373e-05,
      1.1019253581563265e-05,
      9.951090230706199e-06,
      8.917137753776572e-06
    ]
  },
  "best_metrics": {
    "best_val_accuracy": 89.42307692307692,
    "best_epoch": 10,
    "best_class_accuracy": {
      "0": 0.0,
      "1": 100.0,
      "2": 96.66666666666667,
      "3": 97.2972972972973,
      "4": 92.96482412060301
    }
  },
  "last_update": "2025-08-25 16:46:50"
}