{
  "dataset": "MACHO",
  "model_type": "langevin",
  "sde_config": 1,
  "start_time": "20250830_100529",
  "date": "20250830",
  "epochs": [
    {
      "epoch": 1,
      "train_loss": 6.373580449819565,
      "train_acc": 27.578125,
      "val_loss": 1.1655948162078857,
      "val_acc": 34.161490683229815,
      "timestamp": "2025-08-30 10:06:28",
      "train_f1": 20.16843780338608,
      "train_recall": 27.578124999999996,
      "val_f1": 17.767205556289735,
      "val_recall": 34.161490683229815,
      "confusion_matrix": [
        [
          0,
          0,
          0,
          0,
          0,
          0,
          24
        ],
        [
          0,
          0,
          0,
          0,
          0,
          0,
          22
        ],
        [
          1,
          0,
          0,
          0,
          0,
          0,
          54
        ],
        [
          8,
          0,
          0,
          0,
          0,
          0,
          12
        ],
        [
          0,
          0,
          0,
          0,
          0,
          0,
          82
        ],
        [
          0,
          0,
          0,
          0,
          0,
          0,
          9
        ],
        [
          0,
          0,
          0,
          0,
          0,
          0,
          110
        ]
      ],
      "class_accuracies": {
        "class_0": 0.0,
        "class_1": 0.0,
        "class_2": 0.0,
        "class_3": 0.0,
        "class_4": 0.0,
        "class_5": 0.0,
        "class_6": 100.0
      },
      "epoch_time": 58.419533014297485,
      "learning_rate": 3e-05
    },
    {
      "epoch": 2,
      "train_loss": 6.342083466053009,
      "train_acc": 32.03125,
      "val_loss": 1.1602723201115925,
      "val_acc": 34.161490683229815,
      "timestamp": "2025-08-30 10:07:40",
      "train_f1": 21.493203322801772,
      "train_recall": 32.03125,
      "val_f1": 17.767205556289735,
      "val_recall": 34.161490683229815,
      "confusion_matrix": [
        [
          0,
          0,
          0,
          0,
          0,
          0,
          24
        ],
        [
          0,
          0,
          0,
          0,
          0,
          0,
          22
        ],
        [
          0,
          0,
          0,
          0,
          1,
          0,
          54
        ],
        [
          0,
          0,
          0,
          0,
          8,
          0,
          12
        ],
        [
          0,
          0,
          0,
          0,
          0,
          0,
          82
        ],
        [
          0,
          0,
          0,
          0,
          0,
          0,
          9
        ],
        [
          0,
          0,
          0,
          0,
          0,
          0,
          110
        ]
      ],
      "epoch_time": 71.44546318054199,
      "learning_rate": 3e-05
    },
    {
      "epoch": 3,
      "train_loss": 6.303775984048843,
      "train_acc": 35.9375,
      "val_loss": 1.1553297638893127,
      "val_acc": 34.161490683229815,
      "timestamp": "2025-08-30 10:08:51",
      "train_f1": 23.512268705070372,
      "train_recall": 35.9375,
      "val_f1": 17.851610333279236,
      "val_recall": 34.161490683229815,
      "confusion_matrix": [
        [
          0,
          0,
          0,
          0,
          0,
          0,
          24
        ],
        [
          0,
          0,
          0,
          0,
          0,
          0,
          22
        ],
        [
          0,
          0,
          0,
          0,
          2,
          0,
          53
        ],
        [
          0,
          0,
          0,
          0,
          9,
          0,
          11
        ],
        [
          0,
          0,
          0,
          0,
          0,
          0,
          82
        ],
        [
          0,
          0,
          0,
          0,
          0,
          0,
          9
        ],
        [
          0,
          0,
          0,
          0,
          0,
          0,
          110
        ]
      ],
      "epoch_time": 71.42414712905884,
      "learning_rate": 3e-05
    },
    {
      "epoch": 4,
      "train_loss": 6.332169109582901,
      "train_acc": 35.234375,
      "val_loss": 1.150607128938039,
      "val_acc": 34.161490683229815,
      "timestamp": "2025-08-30 10:11:19",
      "train_f1": 22.960385005469448,
      "train_recall": 35.234375,
      "val_f1": 17.936820883796084,
      "val_recall": 34.161490683229815,
      "confusion_matrix": [
        [
          0,
          0,
          0,
          0,
          0,
          0,
          24
        ],
        [
          0,
          0,
          0,
          0,
          0,
          0,
          22
        ],
        [
          0,
          0,
          0,
          0,
          2,
          0,
          53
        ],
        [
          0,
          0,
          0,
          0,
          11,
          0,
          9
        ],
        [
          0,
          0,
          0,
          0,
          0,
          0,
          82
        ],
        [
          0,
          0,
          0,
          0,
          0,
          0,
          9
        ],
        [
          0,
          0,
          0,
          0,
          0,
          0,
          110
        ]
      ],
      "epoch_time": 147.76797556877136,
      "learning_rate": 3e-05
    },
    {
      "epoch": 5,
      "train_loss": 6.220631712675095,
      "train_acc": 36.953125,
      "val_loss": 1.14617125193278,
      "val_acc": 34.161490683229815,
      "timestamp": "2025-08-30 10:13:25",
      "train_f1": 24.48201849586704,
      "train_recall": 36.953125,
      "val_f1": 18.066172957477306,
      "val_recall": 34.161490683229815,
      "confusion_matrix": [
        [
          0,
          0,
          0,
          0,
          0,
          0,
          24
        ],
        [
          0,
          0,
          0,
          0,
          0,
          0,
          22
        ],
        [
          0,
          0,
          0,
          0,
          2,
          0,
          53
        ],
        [
          0,
          0,
          0,
          0,
          14,
          0,
          6
        ],
        [
          0,
          0,
          0,
          0,
          0,
          0,
          82
        ],
        [
          0,
          0,
          0,
          0,
          0,
          0,
          9
        ],
        [
          0,
          0,
          0,
          0,
          0,
          0,
          110
        ]
      ],
      "epoch_time": 125.18622326850891,
      "learning_rate": 3e-05
    },
    {
      "epoch": 6,
      "train_loss": 6.208004355430603,
      "train_acc": 38.203125,
      "val_loss": 1.142014781634013,
      "val_acc": 34.161490683229815,
      "timestamp": "2025-08-30 10:14:15",
      "train_f1": 25.078821027381377,
      "train_recall": 38.203125,
      "val_f1": 18.066172957477306,
      "val_recall": 34.161490683229815,
      "confusion_matrix": [
        [
          0,
          0,
          0,
          0,
          0,
          0,
          24
        ],
        [
          0,
          0,
          0,
          0,
          0,
          0,
          22
        ],
        [
          0,
          0,
          0,
          0,
          2,
          0,
          53
        ],
        [
          0,
          0,
          0,
          0,
          14,
          0,
          6
        ],
        [
          0,
          0,
          0,
          0,
          0,
          0,
          82
        ],
        [
          0,
          0,
          0,
          0,
          0,
          0,
          9
        ],
        [
          0,
          0,
          0,
          0,
          0,
          0,
          110
        ]
      ],
      "epoch_time": 49.42078471183777,
      "learning_rate": 3e-05
    },
    {
      "epoch": 7,
      "train_loss": 6.1922876060009004,
      "train_acc": 37.109375,
      "val_loss": 1.1380588014920552,
      "val_acc": 34.161490683229815,
      "timestamp": "2025-08-30 10:16:00",
      "train_f1": 25.213847164233634,
      "train_recall": 37.109375,
      "val_f1": 18.066172957477306,
      "val_recall": 34.161490683229815,
      "confusion_matrix": [
        [
          0,
          0,
          0,
          0,
          0,
          0,
          24
        ],
        [
          0,
          0,
          0,
          0,
          0,
          0,
          22
        ],
        [
          0,
          0,
          0,
          0,
          2,
          0,
          53
        ],
        [
          0,
          0,
          0,
          0,
          14,
          0,
          6
        ],
        [
          0,
          0,
          0,
          0,
          0,
          0,
          82
        ],
        [
          0,
          0,
          0,
          0,
          0,
          0,
          9
        ],
        [
          0,
          0,
          0,
          0,
          0,
          0,
          110
        ]
      ],
      "epoch_time": 105.12718152999878,
      "learning_rate": 3e-05
    },
    {
      "epoch": 8,
      "train_loss": 6.152168411016464,
      "train_acc": 36.484375,
      "val_loss": 1.1343639492988586,
      "val_acc": 34.161490683229815,
      "timestamp": "2025-08-30 10:17:16",
      "train_f1": 25.100071547897002,
      "train_recall": 36.484375,
      "val_f1": 18.066172957477306,
      "val_recall": 34.161490683229815,
      "confusion_matrix": [
        [
          0,
          0,
          0,
          0,
          0,
          0,
          24
        ],
        [
          0,
          0,
          0,
          0,
          0,
          0,
          22
        ],
        [
          0,
          0,
          0,
          0,
          2,
          0,
          53
        ],
        [
          0,
          0,
          0,
          0,
          14,
          0,
          6
        ],
        [
          0,
          0,
          0,
          0,
          0,
          0,
          82
        ],
        [
          0,
          0,
          0,
          0,
          0,
          0,
          9
        ],
        [
          0,
          0,
          0,
          0,
          0,
          0,
          110
        ]
      ],
      "epoch_time": 75.73690271377563,
      "learning_rate": 3e-05
    },
    {
      "epoch": 9,
      "train_loss": 6.140486645698547,
      "train_acc": 37.03125,
      "val_loss": 1.1308697859446208,
      "val_acc": 34.161490683229815,
      "timestamp": "2025-08-30 10:19:31",
      "train_f1": 26.411513695207006,
      "train_recall": 37.03125,
      "val_f1": 18.066172957477306,
      "val_recall": 34.161490683229815,
      "confusion_matrix": [
        [
          0,
          0,
          0,
          0,
          0,
          0,
          24
        ],
        [
          0,
          0,
          0,
          0,
          0,
          0,
          22
        ],
        [
          0,
          0,
          0,
          0,
          2,
          0,
          53
        ],
        [
          0,
          0,
          0,
          0,
          14,
          0,
          6
        ],
        [
          0,
          0,
          0,
          0,
          0,
          0,
          82
        ],
        [
          0,
          0,
          0,
          0,
          0,
          0,
          9
        ],
        [
          0,
          0,
          0,
          0,
          0,
          0,
          110
        ]
      ],
      "epoch_time": 134.34552550315857,
      "learning_rate": 3e-05
    },
    {
      "epoch": 10,
      "train_loss": 6.097094738483429,
      "train_acc": 37.265625,
      "val_loss": 1.1275315086046855,
      "val_acc": 34.161490683229815,
      "timestamp": "2025-08-30 10:20:35",
      "train_f1": 26.57507424608083,
      "train_recall": 37.265625,
      "val_f1": 18.066172957477306,
      "val_recall": 34.161490683229815,
      "confusion_matrix": [
        [
          0,
          0,
          0,
          0,
          0,
          0,
          24
        ],
        [
          0,
          0,
          0,
          0,
          0,
          0,
          22
        ],
        [
          0,
          0,
          0,
          0,
          2,
          0,
          53
        ],
        [
          0,
          0,
          0,
          0,
          14,
          0,
          6
        ],
        [
          0,
          0,
          0,
          0,
          0,
          0,
          82
        ],
        [
          0,
          0,
          0,
          0,
          0,
          0,
          9
        ],
        [
          0,
          0,
          0,
          0,
          0,
          0,
          110
        ]
      ],
      "epoch_time": 64.33146500587463,
      "learning_rate": 3e-05
    },
    {
      "epoch": 11,
      "train_loss": 6.0981586337089535,
      "train_acc": 35.390625,
      "val_loss": 1.1243520975112915,
      "val_acc": 34.161490683229815,
      "timestamp": "2025-08-30 10:22:08",
      "train_f1": 25.59495113423059,
      "train_recall": 35.390625,
      "val_f1": 18.066172957477306,
      "val_recall": 34.161490683229815,
      "confusion_matrix": [
        [
          0,
          0,
          0,
          0,
          0,
          0,
          24
        ],
        [
          0,
          0,
          0,
          0,
          0,
          0,
          22
        ],
        [
          0,
          0,
          0,
          0,
          2,
          0,
          53
        ],
        [
          0,
          0,
          0,
          0,
          14,
          0,
          6
        ],
        [
          0,
          0,
          0,
          0,
          0,
          0,
          82
        ],
        [
          0,
          0,
          0,
          0,
          0,
          0,
          9
        ],
        [
          0,
          0,
          0,
          0,
          0,
          0,
          110
        ]
      ],
      "epoch_time": 92.61975169181824,
      "learning_rate": 3e-05
    },
    {
      "epoch": 12,
      "train_loss": 6.084966981410981,
      "train_acc": 35.703125,
      "val_loss": 1.1213775277137756,
      "val_acc": 34.161490683229815,
      "timestamp": "2025-08-30 10:23:53",
      "train_f1": 25.784095720495557,
      "train_recall": 35.703125,
      "val_f1": 18.066172957477306,
      "val_recall": 34.161490683229815,
      "confusion_matrix": [
        [
          0,
          0,
          0,
          0,
          0,
          0,
          24
        ],
        [
          0,
          0,
          0,
          0,
          0,
          0,
          22
        ],
        [
          0,
          0,
          0,
          0,
          2,
          0,
          53
        ],
        [
          0,
          0,
          0,
          0,
          14,
          0,
          6
        ],
        [
          0,
          0,
          0,
          0,
          0,
          0,
          82
        ],
        [
          0,
          0,
          0,
          0,
          0,
          0,
          9
        ],
        [
          0,
          0,
          0,
          0,
          0,
          0,
          110
        ]
      ],
      "epoch_time": 104.94289445877075,
      "learning_rate": 1.5e-05
    },
    {
      "epoch": 13,
      "train_loss": 6.070735412836075,
      "train_acc": 36.71875,
      "val_loss": 1.1199281811714172,
      "val_acc": 34.161490683229815,
      "timestamp": "2025-08-30 10:24:50",
      "train_f1": 25.78852804163571,
      "train_recall": 36.71875,
      "val_f1": 18.066172957477306,
      "val_recall": 34.161490683229815,
      "confusion_matrix": [
        [
          0,
          0,
          0,
          0,
          0,
          0,
          24
        ],
        [
          0,
          0,
          0,
          0,
          0,
          0,
          22
        ],
        [
          0,
          0,
          0,
          0,
          2,
          0,
          53
        ],
        [
          0,
          0,
          0,
          0,
          14,
          0,
          6
        ],
        [
          0,
          0,
          0,
          0,
          0,
          0,
          82
        ],
        [
          0,
          0,
          0,
          0,
          0,
          0,
          9
        ],
        [
          0,
          0,
          0,
          0,
          0,
          0,
          110
        ]
      ],
      "epoch_time": 56.454740047454834,
      "learning_rate": 1.5e-05
    },
    {
      "epoch": 14,
      "train_loss": 6.051351755857468,
      "train_acc": 36.953125,
      "val_loss": 1.1185457309087117,
      "val_acc": 34.161490683229815,
      "timestamp": "2025-08-30 10:25:44",
      "train_f1": 25.691297252397348,
      "train_recall": 36.953125,
      "val_f1": 18.066172957477306,
      "val_recall": 34.161490683229815,
      "confusion_matrix": [
        [
          0,
          0,
          0,
          0,
          0,
          0,
          24
        ],
        [
          0,
          0,
          0,
          0,
          0,
          0,
          22
        ],
        [
          0,
          0,
          0,
          0,
          2,
          0,
          53
        ],
        [
          0,
          0,
          0,
          0,
          14,
          0,
          6
        ],
        [
          0,
          0,
          0,
          0,
          0,
          0,
          82
        ],
        [
          0,
          0,
          0,
          0,
          0,
          0,
          9
        ],
        [
          0,
          0,
          0,
          0,
          0,
          0,
          110
        ]
      ],
      "epoch_time": 53.62867259979248,
      "learning_rate": 1.5e-05
    },
    {
      "epoch": 15,
      "train_loss": 6.046348947286606,
      "train_acc": 38.125,
      "val_loss": 1.1172582109769185,
      "val_acc": 34.161490683229815,
      "timestamp": "2025-08-30 10:26:44",
      "train_f1": 26.972350832586788,
      "train_recall": 38.125,
      "val_f1": 18.066172957477306,
      "val_recall": 34.161490683229815,
      "confusion_matrix": [
        [
          0,
          0,
          0,
          0,
          0,
          0,
          24
        ],
        [
          0,
          0,
          0,
          0,
          0,
          0,
          22
        ],
        [
          0,
          0,
          0,
          0,
          2,
          0,
          53
        ],
        [
          0,
          0,
          0,
          0,
          14,
          0,
          6
        ],
        [
          0,
          0,
          0,
          0,
          0,
          0,
          82
        ],
        [
          0,
          0,
          0,
          0,
          0,
          0,
          9
        ],
        [
          0,
          0,
          0,
          0,
          0,
          0,
          110
        ]
      ],
      "epoch_time": 60.17277503013611,
      "learning_rate": 1.5e-05
    },
    {
      "epoch": 16,
      "train_loss": 6.046555149555206,
      "train_acc": 36.40625,
      "val_loss": 1.1160223484039307,
      "val_acc": 34.161490683229815,
      "timestamp": "2025-08-30 10:27:34",
      "train_f1": 24.687321703781127,
      "train_recall": 36.40625,
      "val_f1": 18.066172957477306,
      "val_recall": 34.161490683229815,
      "confusion_matrix": [
        [
          0,
          0,
          0,
          0,
          0,
          0,
          24
        ],
        [
          0,
          0,
          0,
          0,
          0,
          0,
          22
        ],
        [
          0,
          0,
          0,
          0,
          2,
          0,
          53
        ],
        [
          0,
          0,
          0,
          0,
          14,
          0,
          6
        ],
        [
          0,
          0,
          0,
          0,
          0,
          0,
          82
        ],
        [
          0,
          0,
          0,
          0,
          0,
          0,
          9
        ],
        [
          0,
          0,
          0,
          0,
          0,
          0,
          110
        ]
      ],
      "epoch_time": 49.9476261138916,
      "learning_rate": 1.5e-05
    },
    {
      "epoch": 17,
      "train_loss": 6.0562576174736025,
      "train_acc": 36.953125,
      "val_loss": 1.1148390173912048,
      "val_acc": 34.161490683229815,
      "timestamp": "2025-08-30 10:28:37",
      "train_f1": 25.12766717854971,
      "train_recall": 36.953125,
      "val_f1": 18.066172957477306,
      "val_recall": 34.161490683229815,
      "confusion_matrix": [
        [
          0,
          0,
          0,
          0,
          0,
          0,
          24
        ],
        [
          0,
          0,
          0,
          0,
          0,
          0,
          22
        ],
        [
          0,
          0,
          0,
          0,
          2,
          0,
          53
        ],
        [
          0,
          0,
          0,
          0,
          14,
          0,
          6
        ],
        [
          0,
          0,
          0,
          0,
          0,
          0,
          82
        ],
        [
          0,
          0,
          0,
          0,
          0,
          0,
          9
        ],
        [
          0,
          0,
          0,
          0,
          0,
          0,
          110
        ]
      ],
      "epoch_time": 62.5670382976532,
      "learning_rate": 1.5e-05
    },
    {
      "epoch": 18,
      "train_loss": 6.082057446241379,
      "train_acc": 36.09375,
      "val_loss": 1.1137294967969258,
      "val_acc": 34.161490683229815,
      "timestamp": "2025-08-30 10:30:18",
      "train_f1": 24.09840497443029,
      "train_recall": 36.09375,
      "val_f1": 18.066172957477306,
      "val_recall": 34.161490683229815,
      "confusion_matrix": [
        [
          0,
          0,
          0,
          0,
          0,
          0,
          24
        ],
        [
          0,
          0,
          0,
          0,
          0,
          0,
          22
        ],
        [
          0,
          0,
          0,
          0,
          2,
          0,
          53
        ],
        [
          0,
          0,
          0,
          0,
          14,
          0,
          6
        ],
        [
          0,
          0,
          0,
          0,
          0,
          0,
          82
        ],
        [
          0,
          0,
          0,
          0,
          0,
          0,
          9
        ],
        [
          0,
          0,
          0,
          0,
          0,
          0,
          110
        ]
      ],
      "epoch_time": 100.65329074859619,
      "learning_rate": 1.5e-05
    },
    {
      "epoch": 19,
      "train_loss": 6.022991806268692,
      "train_acc": 37.1875,
      "val_loss": 1.1126722296079,
      "val_acc": 34.161490683229815,
      "timestamp": "2025-08-30 10:31:14",
      "train_f1": 24.499766729419434,
      "train_recall": 37.1875,
      "val_f1": 18.066172957477306,
      "val_recall": 34.161490683229815,
      "confusion_matrix": [
        [
          0,
          0,
          0,
          0,
          0,
          0,
          24
        ],
        [
          0,
          0,
          0,
          0,
          0,
          0,
          22
        ],
        [
          0,
          0,
          0,
          0,
          2,
          0,
          53
        ],
        [
          0,
          0,
          0,
          0,
          14,
          0,
          6
        ],
        [
          0,
          0,
          0,
          0,
          0,
          0,
          82
        ],
        [
          0,
          0,
          0,
          0,
          0,
          0,
          9
        ],
        [
          0,
          0,
          0,
          0,
          0,
          0,
          110
        ]
      ],
      "epoch_time": 55.79547476768494,
      "learning_rate": 1.5e-05
    },
    {
      "epoch": 20,
      "train_loss": 6.020515823364258,
      "train_acc": 38.4375,
      "val_loss": 1.1116834084192913,
      "val_acc": 34.161490683229815,
      "timestamp": "2025-08-30 10:32:11",
      "train_f1": 25.572406956511852,
      "train_recall": 38.4375,
      "val_f1": 18.02284880170398,
      "val_recall": 34.161490683229815,
      "confusion_matrix": [
        [
          0,
          0,
          0,
          0,
          0,
          0,
          24
        ],
        [
          0,
          0,
          0,
          0,
          0,
          0,
          22
        ],
        [
          0,
          0,
          0,
          0,
          2,
          0,
          53
        ],
        [
          0,
          0,
          0,
          0,
          13,
          0,
          7
        ],
        [
          0,
          0,
          0,
          0,
          0,
          0,
          82
        ],
        [
          0,
          0,
          0,
          0,
          0,
          0,
          9
        ],
        [
          0,
          0,
          0,
          0,
          0,
          0,
          110
        ]
      ],
      "epoch_time": 57.033952951431274,
      "learning_rate": 1.5e-05
    }
  ]
}