{
  "dataset": "LINEAR",
  "model_type": "geometric",
  "sde_config": 1,
  "start_time": "20250829_102434",
  "date": "20250829",
  "epochs": [
    {
      "epoch": 1,
      "train_loss": 14.421237565462405,
      "train_acc": 43.125,
      "val_loss": 0.8329096562934645,
      "val_acc": 74.25552353506244,
      "timestamp": "2025-08-29 10:28:52",
      "train_f1": 21.550631487487486,
      "train_recall": 23.081733406541076,
      "val_f1": 33.671206571601296,
      "val_recall": 38.84346504559271,
      "confusion_matrix": [
        [
          0,
          0,
          37,
          0,
          25
        ],
        [
          0,
          0,
          0,
          0,
          19
        ],
        [
          0,
          0,
          408,
          0,
          12
        ],
        [
          0,
          0,
          39,
          0,
          125
        ],
        [
          0,
          0,
          11,
          0,
          365
        ]
      ],
      "class_accuracies": {
        "class_0": 0.0,
        "class_1": 0.0,
        "class_2": 97.14285714285714,
        "class_3": 0.0,
        "class_4": 97.07446808510637
      },
      "epoch_time": 257.81432461738586,
      "learning_rate": 3e-05
    },
    {
      "epoch": 2,
      "train_loss": 13.25289035806289,
      "train_acc": 66.46634615384616,
      "val_loss": 0.763132019476457,
      "val_acc": 74.06340057636888,
      "timestamp": "2025-08-29 10:33:23",
      "train_f1": 29.768559714349497,
      "train_recall": 33.44578878732844,
      "val_f1": 33.54957497659877,
      "val_recall": 38.72593718338399,
      "confusion_matrix": [
        [
          0,
          0,
          40,
          0,
          22
        ],
        [
          0,
          0,
          0,
          0,
          19
        ],
        [
          0,
          0,
          410,
          0,
          10
        ],
        [
          0,
          0,
          76,
          0,
          88
        ],
        [
          0,
          0,
          15,
          0,
          361
        ]
      ],
      "epoch_time": 270.606858253479,
      "learning_rate": 3e-05
    },
    {
      "epoch": 3,
      "train_loss": 12.128651143495853,
      "train_acc": 76.1298076923077,
      "val_loss": 0.7206793319095265,
      "val_acc": 74.54370797310278,
      "timestamp": "2025-08-29 10:37:50",
      "train_f1": 35.88377125331901,
      "train_recall": 39.18660494750862,
      "val_f1": 35.180592482172095,
      "val_recall": 39.43788766155139,
      "confusion_matrix": [
        [
          0,
          0,
          32,
          2,
          28
        ],
        [
          0,
          0,
          0,
          0,
          19
        ],
        [
          0,
          0,
          404,
          1,
          15
        ],
        [
          0,
          0,
          17,
          6,
          141
        ],
        [
          0,
          0,
          10,
          0,
          366
        ]
      ],
      "class_accuracies": {
        "class_0": 0.0,
        "class_1": 0.0,
        "class_2": 96.19047619047619,
        "class_3": 3.6585365853658534,
        "class_4": 97.3404255319149
      },
      "epoch_time": 266.67588090896606,
      "learning_rate": 3e-05
    },
    {
      "epoch": 4,
      "train_loss": 11.396064431850727,
      "train_acc": 80.60096153846153,
      "val_loss": 0.6844683488210043,
      "val_acc": 84.14985590778097,
      "timestamp": "2025-08-29 10:42:26",
      "train_f1": 44.753267693001746,
      "train_recall": 45.45653859409956,
      "val_f1": 50.81710492905731,
      "val_recall": 52.16637012874688,
      "confusion_matrix": [
        [
          0,
          0,
          37,
          15,
          10
        ],
        [
          0,
          0,
          0,
          0,
          19
        ],
        [
          0,
          0,
          407,
          8,
          5
        ],
        [
          0,
          0,
          36,
          114,
          14
        ],
        [
          0,
          0,
          13,
          8,
          355
        ]
      ],
      "class_accuracies": {
        "class_0": 0.0,
        "class_1": 0.0,
        "class_2": 96.9047619047619,
        "class_3": 69.51219512195121,
        "class_4": 94.41489361702128
      },
      "epoch_time": 275.8998398780823,
      "learning_rate": 3e-05
    },
    {
      "epoch": 5,
      "train_loss": 11.103874206542969,
      "train_acc": 83.38942307692308,
      "val_loss": 0.6730473149906505,
      "val_acc": 84.72622478386167,
      "timestamp": "2025-08-29 10:46:38",
      "train_f1": 48.41049096965945,
      "train_recall": 49.495162535054966,
      "val_f1": 51.42830949761643,
      "val_recall": 53.10435663627153,
      "confusion_matrix": [
        [
          0,
          0,
          37,
          15,
          10
        ],
        [
          0,
          0,
          0,
          0,
          19
        ],
        [
          0,
          0,
          407,
          8,
          5
        ],
        [
          0,
          0,
          35,
          123,
          6
        ],
        [
          0,
          0,
          10,
          14,
          352
        ]
      ],
      "class_accuracies": {
        "class_0": 0.0,
        "class_1": 0.0,
        "class_2": 96.9047619047619,
        "class_3": 75.0,
        "class_4": 93.61702127659575
      },
      "epoch_time": 251.78555583953857,
      "learning_rate": 3e-05
    },
    {
      "epoch": 6,
      "train_loss": 10.97543187737465,
      "train_acc": 84.47115384615384,
      "val_loss": 0.6794541315598921,
      "val_acc": 81.46013448607108,
      "timestamp": "2025-08-29 10:51:10",
      "train_f1": 49.779865935181974,
      "train_recall": 51.32087203061837,
      "val_f1": 48.27446708062471,
      "val_recall": 49.63446759087652,
      "confusion_matrix": [
        [
          0,
          0,
          39,
          18,
          5
        ],
        [
          0,
          0,
          0,
          0,
          19
        ],
        [
          0,
          0,
          409,
          10,
          1
        ],
        [
          0,
          0,
          64,
          99,
          1
        ],
        [
          0,
          0,
          14,
          22,
          340
        ]
      ],
      "epoch_time": 271.9738173484802,
      "learning_rate": 3e-05
    },
    {
      "epoch": 7,
      "train_loss": 10.898695009488327,
      "train_acc": 85.04807692307692,
      "val_loss": 0.6628623099038096,
      "val_acc": 84.91834774255524,
      "timestamp": "2025-08-29 10:56:22",
      "train_f1": 50.96985526066876,
      "train_recall": 52.88632077392301,
      "val_f1": 51.59689986520555,
      "val_recall": 53.623297995897886,
      "confusion_matrix": [
        [
          0,
          0,
          37,
          19,
          6
        ],
        [
          0,
          0,
          0,
          0,
          19
        ],
        [
          0,
          0,
          407,
          11,
          2
        ],
        [
          0,
          0,
          34,
          129,
          1
        ],
        [
          0,
          0,
          11,
          17,
          348
        ]
      ],
      "class_accuracies": {
        "class_0": 0.0,
        "class_1": 0.0,
        "class_2": 96.9047619047619,
        "class_3": 78.65853658536585,
        "class_4": 92.5531914893617
      },
      "epoch_time": 311.96613574028015,
      "learning_rate": 3e-05
    },
    {
      "epoch": 8,
      "train_loss": 10.763045598451908,
      "train_acc": 86.00961538461539,
      "val_loss": 0.6568790927077784,
      "val_acc": 86.1671469740634,
      "timestamp": "2025-08-29 11:01:09",
      "train_f1": 51.63341422582391,
      "train_recall": 53.70879758028854,
      "val_f1": 52.680893300248144,
      "val_recall": 55.236526058269696,
      "confusion_matrix": [
        [
          0,
          0,
          29,
          24,
          9
        ],
        [
          0,
          0,
          0,
          0,
          19
        ],
        [
          0,
          0,
          402,
          12,
          6
        ],
        [
          0,
          0,
          10,
          142,
          12
        ],
        [
          0,
          0,
          10,
          13,
          353
        ]
      ],
      "class_accuracies": {
        "class_0": 0.0,
        "class_1": 0.0,
        "class_2": 95.71428571428572,
        "class_3": 86.58536585365853,
        "class_4": 93.88297872340425
      },
      "epoch_time": 286.0564224720001,
      "learning_rate": 3e-05
    },
    {
      "epoch": 9,
      "train_loss": 10.73394393508251,
      "train_acc": 86.32211538461539,
      "val_loss": 0.6572326746853915,
      "val_acc": 85.6868395773295,
      "timestamp": "2025-08-29 11:06:31",
      "train_f1": 51.8959023743532,
      "train_recall": 54.21742948577759,
      "val_f1": 52.32166885216696,
      "val_recall": 54.959423727975874,
      "confusion_matrix": [
        [
          0,
          0,
          34,
          22,
          6
        ],
        [
          0,
          0,
          0,
          0,
          19
        ],
        [
          0,
          0,
          404,
          14,
          2
        ],
        [
          0,
          0,
          21,
          142,
          1
        ],
        [
          0,
          0,
          10,
          20,
          346
        ]
      ],
      "epoch_time": 322.16968393325806,
      "learning_rate": 3e-05
    },
    {
      "epoch": 10,
      "train_loss": 10.680795318346757,
      "train_acc": 86.41826923076923,
      "val_loss": 0.6518658218961774,
      "val_acc": 86.26320845341019,
      "timestamp": "2025-08-29 11:11:23",
      "train_f1": 51.85119940479505,
      "train_recall": 54.49868844970682,
      "val_f1": 52.83023571793626,
      "val_recall": 55.55361158474806,
      "confusion_matrix": [
        [
          0,
          0,
          33,
          22,
          7
        ],
        [
          0,
          0,
          0,
          0,
          19
        ],
        [
          0,
          0,
          404,
          13,
          3
        ],
        [
          0,
          0,
          17,
          146,
          1
        ],
        [
          0,
          0,
          10,
          18,
          348
        ]
      ],
      "class_accuracies": {
        "class_0": 0.0,
        "class_1": 0.0,
        "class_2": 96.19047619047619,
        "class_3": 89.02439024390245,
        "class_4": 92.5531914893617
      },
      "epoch_time": 291.3691976070404,
      "learning_rate": 3e-05
    },
    {
      "epoch": 11,
      "train_loss": 10.645001622346731,
      "train_acc": 86.61057692307692,
      "val_loss": 0.6549819111824036,
      "val_acc": 85.78290105667627,
      "timestamp": "2025-08-29 11:16:50",
      "train_f1": 52.03366170271728,
      "train_recall": 54.74820009693834,
      "val_f1": 52.42141460339067,
      "val_recall": 55.34895099710876,
      "confusion_matrix": [
        [
          0,
          0,
          28,
          25,
          9
        ],
        [
          0,
          0,
          0,
          0,
          19
        ],
        [
          0,
          0,
          393,
          22,
          5
        ],
        [
          0,
          0,
          7,
          146,
          11
        ],
        [
          0,
          0,
          9,
          13,
          354
        ]
      ],
      "epoch_time": 326.25165843963623,
      "learning_rate": 3e-05
    },
    {
      "epoch": 12,
      "train_loss": 10.584737498026628,
      "train_acc": 87.23557692307692,
      "val_loss": 0.6483992374304569,
      "val_acc": 86.74351585014409,
      "timestamp": "2025-08-29 11:21:21",
      "train_f1": 52.63281660451414,
      "train_recall": 55.54134938625837,
      "val_f1": 53.1866761956445,
      "val_recall": 56.23769985420219,
      "confusion_matrix": [
        [
          0,
          0,
          30,
          25,
          7
        ],
        [
          0,
          0,
          0,
          0,
          19
        ],
        [
          0,
          0,
          403,
          15,
          2
        ],
        [
          0,
          0,
          11,
          152,
          1
        ],
        [
          0,
          0,
          10,
          18,
          348
        ]
      ],
      "class_accuracies": {
        "class_0": 0.0,
        "class_1": 0.0,
        "class_2": 95.95238095238095,
        "class_3": 92.6829268292683,
        "class_4": 92.5531914893617
      },
      "epoch_time": 270.4891617298126,
      "learning_rate": 3e-05
    },
    {
      "epoch": 13,
      "train_loss": 10.562531508849217,
      "train_acc": 87.16346153846153,
      "val_loss": 0.6504902911908699,
      "val_acc": 86.35926993275696,
      "timestamp": "2025-08-29 11:25:57",
      "train_f1": 52.50346380934925,
      "train_recall": 55.40777335851737,
      "val_f1": 52.88395015224283,
      "val_recall": 55.846516915017176,
      "confusion_matrix": [
        [
          0,
          0,
          27,
          26,
          9
        ],
        [
          0,
          0,
          0,
          0,
          19
        ],
        [
          0,
          0,
          398,
          17,
          5
        ],
        [
          0,
          0,
          6,
          149,
          9
        ],
        [
          0,
          0,
          10,
          14,
          352
        ]
      ],
      "epoch_time": 275.8641266822815,
      "learning_rate": 1.5e-05
    },
    {
      "epoch": 14,
      "train_loss": 10.511032660190876,
      "train_acc": 87.11538461538461,
      "val_loss": 0.6465550624963009,
      "val_acc": 86.55139289145053,
      "timestamp": "2025-08-29 11:30:49",
      "train_f1": 52.541837266863865,
      "train_recall": 55.645833613274135,
      "val_f1": 53.06172253847776,
      "val_recall": 56.084846912298914,
      "confusion_matrix": [
        [
          0,
          0,
          28,
          25,
          9
        ],
        [
          0,
          0,
          0,
          0,
          19
        ],
        [
          0,
          0,
          399,
          17,
          4
        ],
        [
          0,
          0,
          7,
          151,
          6
        ],
        [
          0,
          0,
          10,
          15,
          351
        ]
      ],
      "epoch_time": 291.57050108909607,
      "learning_rate": 1.5e-05
    }
  ]
}