{
  "dataset": "LINEAR",
  "model_type": "geometric",
  "sde_config": 1,
  "start_time": "20250829_113154",
  "date": "20250829",
  "epochs": [
    {
      "epoch": 1,
      "train_loss": 10.601276608155324,
      "train_acc": 87.23557692307692,
      "val_loss": 0.6482727112192096,
      "val_acc": 86.6474543707973,
      "timestamp": "2025-08-29 11:36:50",
      "train_f1": 56.0425345911984,
      "train_recall": 58.69843944532438,
      "val_f1": 83.28273321490236,
      "val_recall": 86.6474543707973,
      "confusion_matrix": [
        [
          0,
          0,
          28,
          25,
          9
        ],
        [
          0,
          0,
          0,
          0,
          19
        ],
        [
          0,
          0,
          400,
          16,
          4
        ],
        [
          0,
          0,
          7,
          151,
          6
        ],
        [
          0,
          0,
          10,
          15,
          351
        ]
      ],
      "epoch_time": 296.1648290157318,
      "learning_rate": 3e-05
    },
    {
      "epoch": 2,
      "train_loss": 10.557420690243061,
      "train_acc": 86.82692307692308,
      "val_loss": 0.6462464910565,
      "val_acc": 86.74351585014409,
      "timestamp": "2025-08-29 11:41:53",
      "train_f1": 55.75486391478086,
      "train_recall": 58.435740077131584,
      "val_f1": 83.40571613477098,
      "val_recall": 86.74351585014409,
      "confusion_matrix": [
        [
          0,
          0,
          29,
          26,
          7
        ],
        [
          0,
          0,
          0,
          0,
          19
        ],
        [
          0,
          0,
          403,
          15,
          2
        ],
        [
          0,
          0,
          11,
          152,
          1
        ],
        [
          0,
          0,
          10,
          18,
          348
        ]
      ],
      "epoch_time": 302.0007929801941,
      "learning_rate": 3e-05
    },
    {
      "epoch": 3,
      "train_loss": 10.558434415322084,
      "train_acc": 87.33173076923077,
      "val_loss": 0.6676110751701124,
      "val_acc": 82.03650336215178,
      "timestamp": "2025-08-29 11:46:51",
      "train_f1": 56.18789441657408,
      "train_recall": 58.978913750043375,
      "val_f1": 78.94993663788632,
      "val_recall": 82.03650336215178,
      "confusion_matrix": [
        [
          0,
          0,
          26,
          21,
          15
        ],
        [
          0,
          0,
          0,
          0,
          19
        ],
        [
          0,
          0,
          370,
          43,
          7
        ],
        [
          0,
          0,
          4,
          128,
          32
        ],
        [
          0,
          0,
          9,
          11,
          356
        ]
      ],
      "epoch_time": 298.3996946811676,
      "learning_rate": 3e-05
    },
    {
      "epoch": 4,
      "train_loss": 10.554671896420992,
      "train_acc": 86.89903846153847,
      "val_loss": 0.6505026401895465,
      "val_acc": 86.07108549471661,
      "timestamp": "2025-08-29 11:51:56",
      "train_f1": 55.811836827709925,
      "train_recall": 58.48918082769607,
      "val_f1": 82.7779834777919,
      "val_recall": 86.07108549471661,
      "confusion_matrix": [
        [
          0,
          0,
          26,
          27,
          9
        ],
        [
          0,
          0,
          0,
          0,
          19
        ],
        [
          0,
          0,
          393,
          22,
          5
        ],
        [
          0,
          0,
          5,
          149,
          10
        ],
        [
          0,
          0,
          9,
          13,
          354
        ]
      ],
      "epoch_time": 304.4680829048157,
      "learning_rate": 3e-05
    },
    {
      "epoch": 5,
      "train_loss": 10.457375642428032,
      "train_acc": 87.6923076923077,
      "val_loss": 0.646539052327474,
      "val_acc": 86.07108549471661,
      "timestamp": "2025-08-29 11:56:47",
      "train_f1": 56.456399385588,
      "train_recall": 59.165099281672894,
      "val_f1": 82.80735631643172,
      "val_recall": 86.07108549471661,
      "confusion_matrix": [
        [
          0,
          0,
          30,
          27,
          5
        ],
        [
          0,
          0,
          0,
          0,
          19
        ],
        [
          0,
          0,
          405,
          14,
          1
        ],
        [
          0,
          0,
          15,
          149,
          0
        ],
        [
          0,
          0,
          10,
          24,
          342
        ]
      ],
      "epoch_time": 290.8004035949707,
      "learning_rate": 3e-05
    },
    {
      "epoch": 6,
      "train_loss": 10.454036181706648,
      "train_acc": 87.5,
      "val_loss": 0.6432610081903862,
      "val_acc": 86.6474543707973,
      "timestamp": "2025-08-29 12:01:35",
      "train_f1": 56.370368135436564,
      "train_recall": 59.34569727746375,
      "val_f1": 83.28273321490236,
      "val_recall": 86.6474543707973,
      "confusion_matrix": [
        [
          0,
          0,
          28,
          25,
          9
        ],
        [
          0,
          0,
          0,
          0,
          19
        ],
        [
          0,
          0,
          400,
          16,
          4
        ],
        [
          0,
          0,
          7,
          151,
          6
        ],
        [
          0,
          0,
          10,
          15,
          351
        ]
      ],
      "epoch_time": 288.06538224220276,
      "learning_rate": 3e-05
    },
    {
      "epoch": 7,
      "train_loss": 10.50399806361932,
      "train_acc": 87.71634615384616,
      "val_loss": 0.6415696342786154,
      "val_acc": 86.55139289145053,
      "timestamp": "2025-08-29 12:07:25",
      "train_f1": 57.7834985127019,
      "train_recall": 60.06727729753949,
      "val_f1": 83.2026365203263,
      "val_recall": 86.55139289145053,
      "confusion_matrix": [
        [
          0,
          0,
          31,
          25,
          6
        ],
        [
          0,
          0,
          0,
          0,
          19
        ],
        [
          0,
          0,
          405,
          13,
          2
        ],
        [
          0,
          0,
          14,
          149,
          1
        ],
        [
          0,
          0,
          10,
          19,
          347
        ]
      ],
      "epoch_time": 349.59487867355347,
      "learning_rate": 3e-05
    },
    {
      "epoch": 8,
      "train_loss": 10.45246821137575,
      "train_acc": 87.64423076923077,
      "val_loss": 0.640418189944643,
      "val_acc": 87.99231508165225,
      "timestamp": "2025-08-29 12:12:59",
      "train_f1": 58.40352213922472,
      "train_recall": 60.18782496640193,
      "val_f1": 85.30034489667611,
      "val_recall": 87.99231508165227,
      "confusion_matrix": [
        [
          0,
          0,
          27,
          26,
          9
        ],
        [
          0,
          9,
          0,
          0,
          10
        ],
        [
          0,
          0,
          403,
          13,
          4
        ],
        [
          0,
          0,
          5,
          153,
          6
        ],
        [
          0,
          0,
          10,
          15,
          351
        ]
      ],
      "class_accuracies": {
        "class_0": 0.0,
        "class_1": 47.368421052631575,
        "class_2": 95.95238095238095,
        "class_3": 93.29268292682927,
        "class_4": 93.35106382978722
      },
      "epoch_time": 333.65278673171997,
      "learning_rate": 3e-05
    },
    {
      "epoch": 9,
      "train_loss": 10.424496078949709,
      "train_acc": 88.14903846153847,
      "val_loss": 0.6388454401131832,
      "val_acc": 87.03170028818444,
      "timestamp": "2025-08-29 12:18:40",
      "train_f1": 63.994828136183436,
      "train_recall": 64.10424803370739,
      "val_f1": 83.69122535579214,
      "val_recall": 87.03170028818444,
      "confusion_matrix": [
        [
          0,
          0,
          29,
          27,
          6
        ],
        [
          0,
          0,
          0,
          0,
          19
        ],
        [
          0,
          0,
          404,
          14,
          2
        ],
        [
          0,
          0,
          8,
          155,
          1
        ],
        [
          0,
          0,
          10,
          19,
          347
        ]
      ],
      "epoch_time": 340.35490894317627,
      "learning_rate": 3e-05
    },
    {
      "epoch": 10,
      "train_loss": 10.391292482614517,
      "train_acc": 88.02884615384616,
      "val_loss": 0.6352956493695577,
      "val_acc": 88.76080691642652,
      "timestamp": "2025-08-29 12:23:37",
      "train_f1": 65.28059139820603,
      "train_recall": 66.14626916440076,
      "val_f1": 86.17926317043319,
      "val_recall": 88.76080691642652,
      "confusion_matrix": [
        [
          0,
          0,
          28,
          25,
          9
        ],
        [
          0,
          13,
          0,
          0,
          6
        ],
        [
          0,
          0,
          404,
          14,
          2
        ],
        [
          0,
          0,
          6,
          157,
          1
        ],
        [
          0,
          0,
          10,
          16,
          350
        ]
      ],
      "class_accuracies": {
        "class_0": 0.0,
        "class_1": 68.42105263157895,
        "class_2": 96.19047619047619,
        "class_3": 95.73170731707317,
        "class_4": 93.08510638297872
      },
      "epoch_time": 296.98468232154846,
      "learning_rate": 3e-05
    },
    {
      "epoch": 11,
      "train_loss": 10.388365529592221,
      "train_acc": 88.17307692307692,
      "val_loss": 0.6352283105705724,
      "val_acc": 88.37656099903938,
      "timestamp": "2025-08-29 12:29:20",
      "train_f1": 67.12721768272804,
      "train_recall": 68.3627086414767,
      "val_f1": 85.89373430106043,
      "val_recall": 88.37656099903938,
      "confusion_matrix": [
        [
          0,
          0,
          30,
          26,
          6
        ],
        [
          0,
          17,
          0,
          0,
          2
        ],
        [
          0,
          0,
          405,
          13,
          2
        ],
        [
          0,
          0,
          10,
          153,
          1
        ],
        [
          0,
          1,
          10,
          20,
          345
        ]
      ],
      "epoch_time": 341.7823438644409,
      "learning_rate": 3e-05
    },
    {
      "epoch": 12,
      "train_loss": 10.371585698311145,
      "train_acc": 88.60576923076923,
      "val_loss": 0.6406288652709036,
      "val_acc": 87.223823246878,
      "timestamp": "2025-08-29 12:34:07",
      "train_f1": 70.3191896077976,
      "train_recall": 73.64502255903774,
      "val_f1": 84.78527189092578,
      "val_recall": 87.22382324687801,
      "confusion_matrix": [
        [
          0,
          0,
          27,
          25,
          10
        ],
        [
          0,
          19,
          0,
          0,
          0
        ],
        [
          0,
          0,
          396,
          20,
          4
        ],
        [
          0,
          0,
          5,
          150,
          9
        ],
        [
          0,
          10,
          10,
          13,
          343
        ]
      ],
      "epoch_time": 286.9021203517914,
      "learning_rate": 3e-05
    },
    {
      "epoch": 13,
      "train_loss": 10.392325887771753,
      "train_acc": 88.50961538461539,
      "val_loss": 0.6408825480576718,
      "val_acc": 86.35926993275696,
      "timestamp": "2025-08-29 12:38:54",
      "train_f1": 69.86883633227124,
      "train_recall": 72.8500855369464,
      "val_f1": 84.09665259363454,
      "val_recall": 86.35926993275696,
      "confusion_matrix": [
        [
          0,
          0,
          27,
          25,
          10
        ],
        [
          0,
          19,
          0,
          0,
          0
        ],
        [
          0,
          0,
          394,
          22,
          4
        ],
        [
          0,
          0,
          5,
          153,
          6
        ],
        [
          0,
          18,
          10,
          15,
          333
        ]
      ],
      "epoch_time": 286.4218623638153,
      "learning_rate": 3e-05
    },
    {
      "epoch": 14,
      "train_loss": 10.345382731235944,
      "train_acc": 88.60576923076923,
      "val_loss": 0.6376037868586454,
      "val_acc": 87.31988472622479,
      "timestamp": "2025-08-29 12:44:12",
      "train_f1": 70.60804220539113,
      "train_recall": 73.59164846358495,
      "val_f1": 84.97767507410443,
      "val_recall": 87.31988472622479,
      "confusion_matrix": [
        [
          0,
          0,
          27,
          25,
          10
        ],
        [
          0,
          19,
          0,
          0,
          0
        ],
        [
          0,
          0,
          400,
          16,
          4
        ],
        [
          0,
          0,
          5,
          156,
          3
        ],
        [
          0,
          18,
          10,
          14,
          334
        ]
      ],
      "epoch_time": 318.07470202445984,
      "learning_rate": 1.5e-05
    },
    {
      "epoch": 15,
      "train_loss": 10.31902548945867,
      "train_acc": 89.15865384615384,
      "val_loss": 0.6312188704808553,
      "val_acc": 88.95292987512008,
      "timestamp": "2025-08-29 12:49:12",
      "train_f1": 72.84351041989895,
      "train_recall": 75.78103879698013,
      "val_f1": 86.43984537857642,
      "val_recall": 88.95292987512008,
      "confusion_matrix": [
        [
          0,
          0,
          27,
          27,
          8
        ],
        [
          0,
          19,
          0,
          0,
          0
        ],
        [
          0,
          0,
          404,
          14,
          2
        ],
        [
          0,
          0,
          5,
          157,
          2
        ],
        [
          0,
          3,
          10,
          17,
          346
        ]
      ],
      "class_accuracies": {
        "class_0": 0.0,
        "class_1": 100.0,
        "class_2": 96.19047619047619,
        "class_3": 95.73170731707317,
        "class_4": 92.02127659574468
      },
      "epoch_time": 300.0656428337097,
      "learning_rate": 1.5e-05
    },
    {
      "epoch": 16,
      "train_loss": 10.333102627442432,
      "train_acc": 89.08653846153847,
      "val_loss": 0.63113764741204,
      "val_acc": 88.85686839577329,
      "timestamp": "2025-08-29 12:53:52",
      "train_f1": 72.76637329902458,
      "train_recall": 75.39561522501415,
      "val_f1": 86.35499072541961,
      "val_recall": 88.85686839577329,
      "confusion_matrix": [
        [
          0,
          0,
          28,
          27,
          7
        ],
        [
          0,
          19,
          0,
          0,
          0
        ],
        [
          0,
          0,
          404,
          14,
          2
        ],
        [
          0,
          0,
          5,
          158,
          1
        ],
        [
          0,
          5,
          10,
          17,
          344
        ]
      ],
      "epoch_time": 279.66043758392334,
      "learning_rate": 1.5e-05
    },
    {
      "epoch": 17,
      "train_loss": 10.325188819720195,
      "train_acc": 88.96634615384616,
      "val_loss": 0.6381684433330189,
      "val_acc": 87.223823246878,
      "timestamp": "2025-08-29 12:58:32",
      "train_f1": 72.89852780318415,
      "train_recall": 75.84454075977703,
      "val_f1": 84.88270560751666,
      "val_recall": 87.22382324687801,
      "confusion_matrix": [
        [
          0,
          0,
          27,
          25,
          10
        ],
        [
          0,
          19,
          0,
          0,
          0
        ],
        [
          0,
          0,
          402,
          14,
          4
        ],
        [
          0,
          0,
          5,
          154,
          5
        ],
        [
          0,
          19,
          10,
          14,
          333
        ]
      ],
      "epoch_time": 279.78672218322754,
      "learning_rate": 1.5e-05
    },
    {
      "epoch": 18,
      "train_loss": 10.293904454891498,
      "train_acc": 89.1826923076923,
      "val_loss": 0.6323206117658904,
      "val_acc": 88.76080691642652,
      "timestamp": "2025-08-29 13:03:07",
      "train_f1": 73.53928238654309,
      "train_recall": 76.21028554202843,
      "val_f1": 86.18051904703395,
      "val_recall": 88.76080691642652,
      "confusion_matrix": [
        [
          0,
          0,
          28,
          24,
          10
        ],
        [
          0,
          19,
          0,
          0,
          0
        ],
        [
          0,
          0,
          404,
          12,
          4
        ],
        [
          0,
          0,
          5,
          154,
          5
        ],
        [
          0,
          6,
          10,
          13,
          347
        ]
      ],
      "epoch_time": 273.95455861091614,
      "learning_rate": 1.5e-05
    },
    {
      "epoch": 19,
      "train_loss": 10.306117096314063,
      "train_acc": 89.32692307692308,
      "val_loss": 0.6314881895527695,
      "val_acc": 88.95292987512008,
      "timestamp": "2025-08-29 13:07:45",
      "train_f1": 73.7185554848902,
      "train_recall": 76.59038629496791,
      "val_f1": 86.39165338872759,
      "val_recall": 88.95292987512008,
      "confusion_matrix": [
        [
          0,
          0,
          27,
          25,
          10
        ],
        [
          0,
          19,
          0,
          0,
          0
        ],
        [
          0,
          0,
          403,
          13,
          4
        ],
        [
          0,
          0,
          5,
          157,
          2
        ],
        [
          0,
          4,
          10,
          15,
          347
        ]
      ],
      "epoch_time": 278.3185148239136,
      "learning_rate": 1.5e-05
    },
    {
      "epoch": 20,
      "train_loss": 10.32757801413536,
      "train_acc": 89.11057692307692,
      "val_loss": 0.6300233602523804,
      "val_acc": 89.04899135446686,
      "timestamp": "2025-08-29 13:12:16",
      "train_f1": 71.96255525878938,
      "train_recall": 74.15026156527867,
      "val_f1": 86.52834610499801,
      "val_recall": 89.04899135446685,
      "confusion_matrix": [
        [
          0,
          0,
          28,
          26,
          8
        ],
        [
          0,
          19,
          0,
          0,
          0
        ],
        [
          0,
          0,
          404,
          14,
          2
        ],
        [
          0,
          0,
          6,
          157,
          1
        ],
        [
          0,
          2,
          10,
          17,
          347
        ]
      ],
      "class_accuracies": {
        "class_0": 0.0,
        "class_1": 100.0,
        "class_2": 96.19047619047619,
        "class_3": 95.73170731707317,
        "class_4": 92.2872340425532
      },
      "epoch_time": 270.8525347709656,
      "learning_rate": 1.5e-05
    },
    {
      "epoch": 21,
      "train_loss": 10.33501857152352,
      "train_acc": 89.2548076923077,
      "val_loss": 0.6303547313719084,
      "val_acc": 88.85686839577329,
      "timestamp": "2025-08-29 13:16:50",
      "train_f1": 72.8010689404954,
      "train_recall": 76.18284807057861,
      "val_f1": 86.33563835365877,
      "val_recall": 88.85686839577329,
      "confusion_matrix": [
        [
          0,
          0,
          29,
          25,
          8
        ],
        [
          0,
          19,
          0,
          0,
          0
        ],
        [
          0,
          0,
          404,
          14,
          2
        ],
        [
          0,
          0,
          8,
          155,
          1
        ],
        [
          0,
          2,
          10,
          17,
          347
        ]
      ],
      "epoch_time": 273.8340117931366,
      "learning_rate": 1.5e-05
    },
    {
      "epoch": 22,
      "train_loss": 10.32196891124432,
      "train_acc": 88.77403846153847,
      "val_loss": 0.6303672682155262,
      "val_acc": 88.95292987512008,
      "timestamp": "2025-08-29 13:21:49",
      "train_f1": 73.11202061036332,
      "train_recall": 75.11868497638801,
      "val_f1": 86.37357303950857,
      "val_recall": 88.95292987512008,
      "confusion_matrix": [
        [
          0,
          0,
          28,
          24,
          10
        ],
        [
          0,
          19,
          0,
          0,
          0
        ],
        [
          0,
          0,
          404,
          12,
          4
        ],
        [
          0,
          0,
          6,
          155,
          3
        ],
        [
          0,
          3,
          10,
          15,
          348
        ]
      ],
      "epoch_time": 298.7558665275574,
      "learning_rate": 1.5e-05
    },
    {
      "epoch": 23,
      "train_loss": 10.335210038148439,
      "train_acc": 89.2548076923077,
      "val_loss": 0.6301677805004697,
      "val_acc": 89.14505283381364,
      "timestamp": "2025-08-29 13:26:22",
      "train_f1": 73.21377457291567,
      "train_recall": 76.59203445240796,
      "val_f1": 86.5927057737825,
      "val_recall": 89.14505283381364,
      "confusion_matrix": [
        [
          0,
          0,
          28,
          26,
          8
        ],
        [
          0,
          19,
          0,
          0,
          0
        ],
        [
          0,
          0,
          405,
          12,
          3
        ],
        [
          0,
          0,
          6,
          156,
          2
        ],
        [
          0,
          2,
          10,
          16,
          348
        ]
      ],
      "class_accuracies": {
        "class_0": 0.0,
        "class_1": 100.0,
        "class_2": 96.42857142857143,
        "class_3": 95.1219512195122,
        "class_4": 92.5531914893617
      },
      "epoch_time": 272.49376034736633,
      "learning_rate": 1.5e-05
    },
    {
      "epoch": 24,
      "train_loss": 10.306253729416774,
      "train_acc": 89.54326923076923,
      "val_loss": 0.6303367578622067,
      "val_acc": 89.04899135446686,
      "timestamp": "2025-08-29 13:31:07",
      "train_f1": 73.43533646717421,
      "train_recall": 75.6567507313434,
      "val_f1": 86.53613539585558,
      "val_recall": 89.04899135446685,
      "confusion_matrix": [
        [
          0,
          0,
          27,
          27,
          8
        ],
        [
          0,
          19,
          0,
          0,
          0
        ],
        [
          0,
          0,
          403,
          15,
          2
        ],
        [
          0,
          0,
          5,
          157,
          2
        ],
        [
          0,
          2,
          10,
          16,
          348
        ]
      ],
      "epoch_time": 284.3741362094879,
      "learning_rate": 1.5e-05
    },
    {
      "epoch": 25,
      "train_loss": 10.284696864164793,
      "train_acc": 89.01442307692308,
      "val_loss": 0.6337074185862686,
      "val_acc": 88.18443804034582,
      "timestamp": "2025-08-29 13:35:49",
      "train_f1": 73.54747870339529,
      "train_recall": 76.4193722260755,
      "val_f1": 85.66961640841077,
      "val_recall": 88.18443804034582,
      "confusion_matrix": [
        [
          0,
          0,
          27,
          25,
          10
        ],
        [
          0,
          19,
          0,
          0,
          0
        ],
        [
          0,
          0,
          402,
          14,
          4
        ],
        [
          0,
          0,
          5,
          154,
          5
        ],
        [
          0,
          8,
          10,
          15,
          343
        ]
      ],
      "epoch_time": 281.66061520576477,
      "learning_rate": 7.5e-06
    },
    {
      "epoch": 26,
      "train_loss": 10.263400277724633,
      "train_acc": 89.27884615384616,
      "val_loss": 0.6294123819380095,
      "val_acc": 89.24111431316042,
      "timestamp": "2025-08-29 13:40:15",
      "train_f1": 73.59337648197506,
      "train_recall": 75.693782362213,
      "val_f1": 86.68421843898535,
      "val_recall": 89.24111431316042,
      "confusion_matrix": [
        [
          0,
          0,
          27,
          26,
          9
        ],
        [
          0,
          19,
          0,
          0,
          0
        ],
        [
          0,
          0,
          404,
          13,
          3
        ],
        [
          0,
          0,
          5,
          157,
          2
        ],
        [
          0,
          2,
          10,
          15,
          349
        ]
      ],
      "class_accuracies": {
        "class_0": 0.0,
        "class_1": 100.0,
        "class_2": 96.19047619047619,
        "class_3": 95.73170731707317,
        "class_4": 92.81914893617021
      },
      "epoch_time": 265.83516573905945,
      "learning_rate": 7.5e-06
    },
    {
      "epoch": 27,
      "train_loss": 10.28627776824511,
      "train_acc": 89.54326923076923,
      "val_loss": 0.6298573396422646,
      "val_acc": 89.04899135446686,
      "timestamp": "2025-08-29 13:45:00",
      "train_f1": 74.99291306745295,
      "train_recall": 77.76813889974504,
      "val_f1": 86.50618312085,
      "val_recall": 89.04899135446685,
      "confusion_matrix": [
        [
          0,
          0,
          28,
          26,
          8
        ],
        [
          0,
          19,
          0,
          0,
          0
        ],
        [
          0,
          0,
          404,
          13,
          3
        ],
        [
          0,
          0,
          5,
          157,
          2
        ],
        [
          0,
          3,
          10,
          16,
          347
        ]
      ],
      "epoch_time": 285.49366450309753,
      "learning_rate": 7.5e-06
    },
    {
      "epoch": 28,
      "train_loss": 10.338253838740862,
      "train_acc": 89.32692307692308,
      "val_loss": 0.6290704029979128,
      "val_acc": 89.24111431316042,
      "timestamp": "2025-08-29 13:49:39",
      "train_f1": 73.69588255721028,
      "train_recall": 76.84034673554363,
      "val_f1": 86.72540030922544,
      "val_recall": 89.24111431316042,
      "confusion_matrix": [
        [
          0,
          0,
          27,
          27,
          8
        ],
        [
          0,
          19,
          0,
          0,
          0
        ],
        [
          0,
          0,
          404,
          14,
          2
        ],
        [
          0,
          0,
          5,
          158,
          1
        ],
        [
          0,
          1,
          10,
          17,
          348
        ]
      ],
      "epoch_time": 278.27447533607483,
      "learning_rate": 7.5e-06
    },
    {
      "epoch": 29,
      "train_loss": 10.275232802904569,
      "train_acc": 89.35096153846153,
      "val_loss": 0.6311276175759055,
      "val_acc": 88.95292987512008,
      "timestamp": "2025-08-29 13:54:36",
      "train_f1": 73.39976611027626,
      "train_recall": 75.40864947989704,
      "val_f1": 86.42539283302547,
      "val_recall": 88.95292987512008,
      "confusion_matrix": [
        [
          0,
          0,
          28,
          26,
          8
        ],
        [
          0,
          19,
          0,
          0,
          0
        ],
        [
          0,
          0,
          404,
          14,
          2
        ],
        [
          0,
          0,
          5,
          157,
          2
        ],
        [
          0,
          4,
          10,
          16,
          346
        ]
      ],
      "epoch_time": 296.8717715740204,
      "learning_rate": 7.5e-06
    }
  ]
}