{
  "dataset": "ASAS",
  "model_type": "geometric",
  "sde_config": 1,
  "start_time": "20250829_113138",
  "date": "20250829",
  "epochs": [
    {
      "epoch": 1,
      "train_loss": 5.798115227673505,
      "train_acc": 92.86317567567568,
      "val_loss": 0.6268681632845026,
      "val_acc": 91.59663865546219,
      "timestamp": "2025-08-29 11:38:15",
      "train_f1": 75.38936278432637,
      "train_recall": 75.74978900455358,
      "val_f1": 90.29312972961021,
      "val_recall": 91.59663865546219,
      "confusion_matrix": [
        [
          44,
          1,
          22,
          0,
          0
        ],
        [
          2,
          21,
          0,
          0,
          0
        ],
        [
          1,
          0,
          155,
          0,
          6
        ],
        [
          10,
          4,
          0,
          0,
          1
        ],
        [
          2,
          0,
          1,
          0,
          325
        ]
      ],
      "epoch_time": 396.0192325115204,
      "learning_rate": 3e-05
    },
    {
      "epoch": 2,
      "train_loss": 5.782324610529719,
      "train_acc": 93.36993243243244,
      "val_loss": 0.6229079083392495,
      "val_acc": 93.10924369747899,
      "timestamp": "2025-08-29 11:43:51",
      "train_f1": 81.73724420578456,
      "train_recall": 80.0761100850153,
      "val_f1": 92.58870960743513,
      "val_recall": 93.10924369747899,
      "confusion_matrix": [
        [
          52,
          0,
          15,
          0,
          0
        ],
        [
          2,
          21,
          0,
          0,
          0
        ],
        [
          4,
          0,
          157,
          0,
          1
        ],
        [
          10,
          1,
          1,
          3,
          0
        ],
        [
          2,
          0,
          5,
          0,
          321
        ]
      ],
      "class_accuracies": {
        "class_0": 77.61194029850746,
        "class_1": 91.30434782608695,
        "class_2": 96.91358024691358,
        "class_3": 20.0,
        "class_4": 97.86585365853658
      },
      "epoch_time": 335.6660737991333,
      "learning_rate": 3e-05
    }
  ]
}