{
  "dataset": "ASAS",
  "model_type": "geometric",
  "sde_config": 1,
  "start_time": "20250830_102316",
  "date": "20250830",
  "epochs": [
    {
      "epoch": 1,
      "train_loss": 9.073833269041938,
      "train_acc": 11.190878378378379,
      "val_loss": 0.9572646677494049,
      "val_acc": 11.764705882352942,
      "timestamp": "2025-08-30 10:29:41",
      "train_f1": 7.966726023375779,
      "train_recall": 11.190878378378379,
      "val_f1": 2.9912234151120547,
      "val_recall": 11.76470588235294,
      "confusion_matrix": [
        [
          67,
          0,
          0,
          0,
          0
        ],
        [
          19,
          0,
          0,
          4,
          0
        ],
        [
          162,
          0,
          0,
          0,
          0
        ],
        [
          12,
          0,
          0,
          3,
          0
        ],
        [
          328,
          0,
          0,
          0,
          0
        ]
      ],
      "class_accuracies": {
        "class_0": 100.0,
        "class_1": 0.0,
        "class_2": 0.0,
        "class_3": 20.0,
        "class_4": 0.0
      },
      "epoch_time": 384.65958738327026,
      "learning_rate": 3e-05
    },
    {
      "epoch": 2,
      "train_loss": 8.7652429567801,
      "train_acc": 19.679054054054053,
      "val_loss": 0.929632306098938,
      "val_acc": 53.61344537815126,
      "timestamp": "2025-08-30 10:36:07",
      "train_f1": 20.409690606604574,
      "train_recall": 19.679054054054053,
      "val_f1": 39.42624108466916,
      "val_recall": 53.61344537815126,
      "confusion_matrix": [
        [
          0,
          0,
          0,
          0,
          67
        ],
        [
          4,
          0,
          0,
          1,
          18
        ],
        [
          9,
          0,
          0,
          0,
          153
        ],
        [
          2,
          0,
          0,
          1,
          12
        ],
        [
          10,
          0,
          0,
          0,
          318
        ]
      ],
      "class_accuracies": {
        "class_0": 0.0,
        "class_1": 0.0,
        "class_2": 0.0,
        "class_3": 6.666666666666667,
        "class_4": 96.95121951219512
      },
      "epoch_time": 386.36737060546875,
      "learning_rate": 3e-05
    },
    {
      "epoch": 3,
      "train_loss": 8.521203778885507,
      "train_acc": 40.751689189189186,
      "val_loss": 0.9062969803810119,
      "val_acc": 55.12605042016807,
      "timestamp": "2025-08-30 10:42:39",
      "train_f1": 36.074763603212666,
      "train_recall": 40.751689189189186,
      "val_f1": 39.1795114578876,
      "val_recall": 55.12605042016807,
      "confusion_matrix": [
        [
          0,
          0,
          0,
          0,
          67
        ],
        [
          0,
          0,
          0,
          0,
          23
        ],
        [
          0,
          0,
          0,
          0,
          162
        ],
        [
          0,
          0,
          0,
          0,
          15
        ],
        [
          0,
          0,
          0,
          0,
          328
        ]
      ],
      "class_accuracies": {
        "class_0": 0.0,
        "class_1": 0.0,
        "class_2": 0.0,
        "class_3": 0.0,
        "class_4": 100.0
      },
      "epoch_time": 391.39952063560486,
      "learning_rate": 3e-05
    },
    {
      "epoch": 4,
      "train_loss": 8.357688027459222,
      "train_acc": 48.18412162162162,
      "val_loss": 0.8889273524284362,
      "val_acc": 55.12605042016807,
      "timestamp": "2025-08-30 10:49:20",
      "train_f1": 39.02227259239774,
      "train_recall": 48.18412162162162,
      "val_f1": 39.1795114578876,
      "val_recall": 55.12605042016807,
      "confusion_matrix": [
        [
          0,
          0,
          0,
          0,
          67
        ],
        [
          0,
          0,
          0,
          0,
          23
        ],
        [
          0,
          0,
          0,
          0,
          162
        ],
        [
          0,
          0,
          0,
          0,
          15
        ],
        [
          0,
          0,
          0,
          0,
          328
        ]
      ],
      "epoch_time": 400.94378638267517,
      "learning_rate": 3e-05
    },
    {
      "epoch": 5,
      "train_loss": 8.172869450337178,
      "train_acc": 52.61824324324324,
      "val_loss": 0.8747500538825989,
      "val_acc": 55.12605042016807,
      "timestamp": "2025-08-30 10:56:14",
      "train_f1": 41.093234533873265,
      "train_recall": 52.61824324324324,
      "val_f1": 39.1795114578876,
      "val_recall": 55.12605042016807,
      "confusion_matrix": [
        [
          0,
          0,
          0,
          0,
          67
        ],
        [
          0,
          0,
          0,
          0,
          23
        ],
        [
          0,
          0,
          0,
          0,
          162
        ],
        [
          0,
          0,
          0,
          0,
          15
        ],
        [
          0,
          0,
          0,
          0,
          328
        ]
      ],
      "epoch_time": 414.22444581985474,
      "learning_rate": 3e-05
    },
    {
      "epoch": 6,
      "train_loss": 8.062148071624136,
      "train_acc": 52.660472972972975,
      "val_loss": 0.8639244258403778,
      "val_acc": 55.12605042016807,
      "timestamp": "2025-08-30 11:03:36",
      "train_f1": 40.17497232874502,
      "train_recall": 52.66047297297297,
      "val_f1": 39.1795114578876,
      "val_recall": 55.12605042016807,
      "confusion_matrix": [
        [
          0,
          0,
          0,
          0,
          67
        ],
        [
          0,
          0,
          0,
          0,
          23
        ],
        [
          0,
          0,
          0,
          0,
          162
        ],
        [
          0,
          0,
          0,
          0,
          15
        ],
        [
          0,
          0,
          0,
          0,
          328
        ]
      ],
      "epoch_time": 440.9369034767151,
      "learning_rate": 3e-05
    },
    {
      "epoch": 7,
      "train_loss": 7.979000837416263,
      "train_acc": 53.9695945945946,
      "val_loss": 0.8565983414649964,
      "val_acc": 55.12605042016807,
      "timestamp": "2025-08-30 11:11:40",
      "train_f1": 40.1702901788351,
      "train_recall": 53.9695945945946,
      "val_f1": 39.1795114578876,
      "val_recall": 55.12605042016807,
      "confusion_matrix": [
        [
          0,
          0,
          0,
          0,
          67
        ],
        [
          0,
          0,
          0,
          0,
          23
        ],
        [
          0,
          0,
          0,
          0,
          162
        ],
        [
          0,
          0,
          0,
          0,
          15
        ],
        [
          0,
          0,
          0,
          0,
          328
        ]
      ],
      "epoch_time": 484.53470063209534,
      "learning_rate": 3e-05
    },
    {
      "epoch": 8,
      "train_loss": 7.947722550984976,
      "train_acc": 54.729729729729726,
      "val_loss": 0.851896095275879,
      "val_acc": 55.12605042016807,
      "timestamp": "2025-08-30 11:20:22",
      "train_f1": 40.66090534930498,
      "train_recall": 54.729729729729726,
      "val_f1": 39.1795114578876,
      "val_recall": 55.12605042016807,
      "confusion_matrix": [
        [
          0,
          0,
          0,
          0,
          67
        ],
        [
          0,
          0,
          0,
          0,
          23
        ],
        [
          0,
          0,
          0,
          0,
          162
        ],
        [
          0,
          0,
          0,
          0,
          15
        ],
        [
          0,
          0,
          0,
          0,
          328
        ]
      ],
      "epoch_time": 521.1561651229858,
      "learning_rate": 3e-05
    }
  ]
}