{
  "dataset": "MACHO",
  "model_type": "linear_noise",
  "sde_config": 1,
  "start_time": "20250830_095458",
  "date": "20250830",
  "epochs": [
    {
      "epoch": 1,
      "train_loss": 7.907634729146958,
      "train_acc": 5.390625,
      "val_loss": 1.4202781518300374,
      "val_acc": 4.658385093167702,
      "timestamp": "2025-08-30 09:55:00",
      "train_f1": 3.6124771979106005,
      "train_recall": 5.390625,
      "val_f1": 3.0329446805419344,
      "val_recall": 4.658385093167702,
      "confusion_matrix": [
        [
          0,
          3,
          5,
          0,
          0,
          16,
          0
        ],
        [
          0,
          0,
          3,
          0,
          0,
          19,
          0
        ],
        [
          0,
          0,
          10,
          0,
          0,
          45,
          0
        ],
        [
          0,
          0,
          14,
          0,
          0,
          6,
          0
        ],
        [
          0,
          16,
          28,
          0,
          0,
          38,
          0
        ],
        [
          0,
          3,
          1,
          0,
          0,
          5,
          0
        ],
        [
          0,
          0,
          1,
          0,
          0,
          109,
          0
        ]
      ],
      "class_accuracies": {
        "class_0": 0.0,
        "class_1": 0.0,
        "class_2": 18.181818181818183,
        "class_3": 0.0,
        "class_4": 0.0,
        "class_5": 55.55555555555556,
        "class_6": 0.0
      },
      "epoch_time": 2.0078608989715576,
      "learning_rate": 3e-05
    },
    {
      "epoch": 2,
      "train_loss": 7.775973224639893,
      "train_acc": 5.15625,
      "val_loss": 1.406355341275533,
      "val_acc": 4.658385093167702,
      "timestamp": "2025-08-30 09:55:01",
      "train_f1": 3.2813192069737775,
      "train_recall": 5.15625,
      "val_f1": 2.937346593069752,
      "val_recall": 4.658385093167702,
      "confusion_matrix": [
        [
          0,
          3,
          5,
          0,
          0,
          16,
          0
        ],
        [
          0,
          0,
          4,
          0,
          0,
          18,
          0
        ],
        [
          0,
          0,
          10,
          0,
          0,
          45,
          0
        ],
        [
          0,
          0,
          14,
          0,
          0,
          6,
          0
        ],
        [
          0,
          14,
          31,
          0,
          0,
          37,
          0
        ],
        [
          0,
          3,
          1,
          0,
          0,
          5,
          0
        ],
        [
          0,
          0,
          1,
          0,
          0,
          109,
          0
        ]
      ],
      "epoch_time": 1.2831981182098389,
      "learning_rate": 3e-05
    },
    {
      "epoch": 3,
      "train_loss": 7.710887092351913,
      "train_acc": 5.15625,
      "val_loss": 1.3926580945650737,
      "val_acc": 4.658385093167702,
      "timestamp": "2025-08-30 09:55:03",
      "train_f1": 2.9579256932082187,
      "train_recall": 5.15625,
      "val_f1": 2.8919074192269263,
      "val_recall": 4.658385093167702,
      "confusion_matrix": [
        [
          0,
          2,
          6,
          0,
          0,
          16,
          0
        ],
        [
          0,
          0,
          4,
          0,
          0,
          18,
          0
        ],
        [
          0,
          0,
          10,
          0,
          0,
          45,
          0
        ],
        [
          0,
          0,
          14,
          0,
          0,
          6,
          0
        ],
        [
          0,
          14,
          32,
          0,
          0,
          36,
          0
        ],
        [
          0,
          3,
          1,
          0,
          0,
          5,
          0
        ],
        [
          0,
          0,
          1,
          0,
          0,
          109,
          0
        ]
      ],
      "epoch_time": 1.5242068767547607,
      "learning_rate": 3e-05
    },
    {
      "epoch": 4,
      "train_loss": 7.59525961279869,
      "train_acc": 6.015625,
      "val_loss": 1.3794719179471333,
      "val_acc": 5.279503105590062,
      "timestamp": "2025-08-30 09:55:04",
      "train_f1": 3.7409489590434735,
      "train_recall": 6.015625,
      "val_f1": 3.3689724542350175,
      "val_recall": 5.279503105590062,
      "confusion_matrix": [
        [
          0,
          2,
          6,
          0,
          0,
          16,
          0
        ],
        [
          0,
          0,
          4,
          0,
          0,
          18,
          0
        ],
        [
          0,
          0,
          12,
          0,
          0,
          43,
          0
        ],
        [
          0,
          0,
          14,
          0,
          0,
          6,
          0
        ],
        [
          0,
          13,
          33,
          0,
          0,
          36,
          0
        ],
        [
          0,
          3,
          1,
          0,
          0,
          5,
          0
        ],
        [
          0,
          0,
          1,
          0,
          0,
          109,
          0
        ]
      ],
      "class_accuracies": {
        "class_0": 0.0,
        "class_1": 0.0,
        "class_2": 21.818181818181817,
        "class_3": 0.0,
        "class_4": 0.0,
        "class_5": 55.55555555555556,
        "class_6": 0.0
      },
      "epoch_time": 1.4988160133361816,
      "learning_rate": 3e-05
    },
    {
      "epoch": 5,
      "train_loss": 7.523235410451889,
      "train_acc": 5.546875,
      "val_loss": 1.3670406142870586,
      "val_acc": 5.279503105590062,
      "timestamp": "2025-08-30 09:55:06",
      "train_f1": 3.0730874077706174,
      "train_recall": 5.546875,
      "val_f1": 3.2942727141412687,
      "val_recall": 5.279503105590062,
      "confusion_matrix": [
        [
          0,
          1,
          7,
          0,
          0,
          16,
          0
        ],
        [
          0,
          0,
          5,
          0,
          0,
          17,
          0
        ],
        [
          0,
          0,
          12,
          0,
          0,
          43,
          0
        ],
        [
          0,
          0,
          14,
          0,
          0,
          6,
          0
        ],
        [
          0,
          13,
          34,
          0,
          0,
          35,
          0
        ],
        [
          0,
          3,
          1,
          0,
          0,
          5,
          0
        ],
        [
          0,
          0,
          1,
          0,
          0,
          109,
          0
        ]
      ],
      "epoch_time": 1.23240065574646,
      "learning_rate": 3e-05
    },
    {
      "epoch": 6,
      "train_loss": 7.467006486654282,
      "train_acc": 6.953125,
      "val_loss": 1.3553780913352966,
      "val_acc": 5.279503105590062,
      "timestamp": "2025-08-30 09:55:07",
      "train_f1": 4.358090413568505,
      "train_recall": 6.953125,
      "val_f1": 3.1122057735313553,
      "val_recall": 5.279503105590062,
      "confusion_matrix": [
        [
          0,
          1,
          7,
          0,
          0,
          16,
          0
        ],
        [
          0,
          0,
          11,
          0,
          0,
          11,
          0
        ],
        [
          0,
          0,
          12,
          0,
          0,
          43,
          0
        ],
        [
          0,
          0,
          14,
          0,
          0,
          6,
          0
        ],
        [
          0,
          12,
          36,
          0,
          0,
          34,
          0
        ],
        [
          0,
          3,
          1,
          0,
          0,
          5,
          0
        ],
        [
          0,
          0,
          1,
          0,
          0,
          109,
          0
        ]
      ],
      "epoch_time": 1.460160255432129,
      "learning_rate": 3e-05
    },
    {
      "epoch": 7,
      "train_loss": 7.386613309383392,
      "train_acc": 7.8125,
      "val_loss": 1.3441051840782166,
      "val_acc": 5.590062111801243,
      "timestamp": "2025-08-30 09:55:09",
      "train_f1": 4.713835114329847,
      "train_recall": 7.8125,
      "val_f1": 3.249514172561475,
      "val_recall": 5.590062111801243,
      "confusion_matrix": [
        [
          0,
          0,
          8,
          0,
          0,
          16,
          0
        ],
        [
          0,
          0,
          14,
          0,
          0,
          8,
          0
        ],
        [
          0,
          0,
          13,
          0,
          0,
          42,
          0
        ],
        [
          0,
          0,
          14,
          0,
          0,
          6,
          0
        ],
        [
          0,
          12,
          36,
          0,
          0,
          34,
          0
        ],
        [
          0,
          3,
          1,
          0,
          0,
          5,
          0
        ],
        [
          0,
          0,
          1,
          0,
          0,
          109,
          0
        ]
      ],
      "class_accuracies": {
        "class_0": 0.0,
        "class_1": 0.0,
        "class_2": 23.636363636363637,
        "class_3": 0.0,
        "class_4": 0.0,
        "class_5": 55.55555555555556,
        "class_6": 0.0
      },
      "epoch_time": 1.476999044418335,
      "learning_rate": 3e-05
    },
    {
      "epoch": 8,
      "train_loss": 7.362384569644928,
      "train_acc": 7.734375,
      "val_loss": 1.3334043820699055,
      "val_acc": 6.211180124223603,
      "timestamp": "2025-08-30 09:55:10",
      "train_f1": 4.9966803291594735,
      "train_recall": 7.734375,
      "val_f1": 3.564978543093512,
      "val_recall": 6.211180124223603,
      "confusion_matrix": [
        [
          0,
          0,
          9,
          0,
          0,
          15,
          0
        ],
        [
          0,
          0,
          15,
          0,
          0,
          7,
          0
        ],
        [
          0,
          0,
          15,
          0,
          0,
          40,
          0
        ],
        [
          0,
          0,
          14,
          0,
          0,
          6,
          0
        ],
        [
          0,
          12,
          39,
          0,
          0,
          31,
          0
        ],
        [
          0,
          3,
          1,
          0,
          0,
          5,
          0
        ],
        [
          0,
          0,
          1,
          0,
          0,
          109,
          0
        ]
      ],
      "class_accuracies": {
        "class_0": 0.0,
        "class_1": 0.0,
        "class_2": 27.27272727272727,
        "class_3": 0.0,
        "class_4": 0.0,
        "class_5": 55.55555555555556,
        "class_6": 0.0
      },
      "epoch_time": 1.192669153213501,
      "learning_rate": 3e-05
    },
    {
      "epoch": 9,
      "train_loss": 7.27666956782341,
      "train_acc": 8.515625,
      "val_loss": 1.3230763673782349,
      "val_acc": 6.832298136645963,
      "timestamp": "2025-08-30 09:55:12",
      "train_f1": 6.071672543781181,
      "train_recall": 8.515625,
      "val_f1": 3.829623842590453,
      "val_recall": 6.832298136645963,
      "confusion_matrix": [
        [
          0,
          0,
          9,
          0,
          0,
          15,
          0
        ],
        [
          0,
          0,
          17,
          0,
          0,
          5,
          0
        ],
        [
          0,
          0,
          17,
          0,
          0,
          38,
          0
        ],
        [
          0,
          0,
          14,
          0,
          0,
          6,
          0
        ],
        [
          0,
          12,
          43,
          0,
          0,
          27,
          0
        ],
        [
          0,
          3,
          1,
          0,
          0,
          5,
          0
        ],
        [
          0,
          0,
          1,
          0,
          0,
          109,
          0
        ]
      ],
      "class_accuracies": {
        "class_0": 0.0,
        "class_1": 0.0,
        "class_2": 30.909090909090907,
        "class_3": 0.0,
        "class_4": 0.0,
        "class_5": 55.55555555555556,
        "class_6": 0.0
      },
      "epoch_time": 1.4616365432739258,
      "learning_rate": 3e-05
    },
    {
      "epoch": 10,
      "train_loss": 7.205686718225479,
      "train_acc": 10.15625,
      "val_loss": 1.3130449056625366,
      "val_acc": 7.142857142857143,
      "timestamp": "2025-08-30 09:55:13",
      "train_f1": 7.823004040830793,
      "train_recall": 10.15625,
      "val_f1": 3.9957110472283732,
      "val_recall": 7.142857142857142,
      "confusion_matrix": [
        [
          0,
          0,
          10,
          0,
          0,
          14,
          0
        ],
        [
          0,
          0,
          18,
          0,
          0,
          4,
          0
        ],
        [
          0,
          0,
          19,
          0,
          0,
          36,
          0
        ],
        [
          0,
          0,
          14,
          0,
          0,
          6,
          0
        ],
        [
          0,
          12,
          47,
          0,
          0,
          23,
          0
        ],
        [
          0,
          2,
          3,
          0,
          0,
          4,
          0
        ],
        [
          0,
          0,
          1,
          0,
          0,
          109,
          0
        ]
      ],
      "class_accuracies": {
        "class_0": 0.0,
        "class_1": 0.0,
        "class_2": 34.54545454545455,
        "class_3": 0.0,
        "class_4": 0.0,
        "class_5": 44.44444444444444,
        "class_6": 0.0
      },
      "epoch_time": 1.5667340755462646,
      "learning_rate": 3e-05
    },
    {
      "epoch": 11,
      "train_loss": 7.156177932024002,
      "train_acc": 13.671875,
      "val_loss": 1.3032430013020833,
      "val_acc": 9.316770186335404,
      "timestamp": "2025-08-30 09:55:15",
      "train_f1": 12.465390229212266,
      "train_recall": 13.671875,
      "val_f1": 5.069735862697542,
      "val_recall": 9.316770186335404,
      "confusion_matrix": [
        [
          0,
          0,
          11,
          0,
          0,
          13,
          0
        ],
        [
          0,
          0,
          21,
          0,
          0,
          1,
          0
        ],
        [
          0,
          0,
          28,
          0,
          0,
          27,
          0
        ],
        [
          0,
          0,
          14,
          0,
          0,
          6,
          0
        ],
        [
          0,
          12,
          53,
          0,
          0,
          17,
          0
        ],
        [
          0,
          2,
          5,
          0,
          0,
          2,
          0
        ],
        [
          0,
          0,
          4,
          0,
          0,
          106,
          0
        ]
      ],
      "class_accuracies": {
        "class_0": 0.0,
        "class_1": 0.0,
        "class_2": 50.90909090909091,
        "class_3": 0.0,
        "class_4": 0.0,
        "class_5": 22.22222222222222,
        "class_6": 0.0
      },
      "epoch_time": 1.3465392589569092,
      "learning_rate": 3e-05
    },
    {
      "epoch": 12,
      "train_loss": 7.101922774314881,
      "train_acc": 15.390625,
      "val_loss": 1.2937099536259968,
      "val_acc": 17.70186335403727,
      "timestamp": "2025-08-30 09:55:16",
      "train_f1": 14.597997815686803,
      "train_recall": 15.390625,
      "val_f1": 13.687685144456024,
      "val_recall": 17.70186335403727,
      "confusion_matrix": [
        [
          0,
          0,
          13,
          0,
          0,
          3,
          8
        ],
        [
          0,
          0,
          22,
          0,
          0,
          0,
          0
        ],
        [
          0,
          0,
          36,
          0,
          0,
          3,
          16
        ],
        [
          0,
          0,
          15,
          0,
          0,
          2,
          3
        ],
        [
          0,
          12,
          62,
          0,
          0,
          3,
          5
        ],
        [
          0,
          2,
          6,
          0,
          0,
          0,
          1
        ],
        [
          0,
          0,
          40,
          0,
          0,
          49,
          21
        ]
      ],
      "class_accuracies": {
        "class_0": 0.0,
        "class_1": 0.0,
        "class_2": 65.45454545454545,
        "class_3": 0.0,
        "class_4": 0.0,
        "class_5": 0.0,
        "class_6": 19.090909090909093
      },
      "epoch_time": 1.5090668201446533,
      "learning_rate": 1.5e-05
    },
    {
      "epoch": 13,
      "train_loss": 7.055669540166855,
      "train_acc": 20.390625,
      "val_loss": 1.2890944878260295,
      "val_acc": 38.50931677018634,
      "timestamp": "2025-08-30 09:55:18",
      "train_f1": 19.059350323863953,
      "train_recall": 20.390625,
      "val_f1": 29.58774599954082,
      "val_recall": 38.50931677018634,
      "confusion_matrix": [
        [
          0,
          0,
          10,
          0,
          0,
          0,
          14
        ],
        [
          0,
          0,
          21,
          0,
          0,
          0,
          1
        ],
        [
          0,
          0,
          35,
          0,
          0,
          0,
          20
        ],
        [
          0,
          0,
          15,
          0,
          0,
          0,
          5
        ],
        [
          0,
          12,
          59,
          0,
          0,
          0,
          11
        ],
        [
          0,
          1,
          7,
          0,
          0,
          0,
          1
        ],
        [
          0,
          0,
          21,
          0,
          0,
          0,
          89
        ]
      ],
      "class_accuracies": {
        "class_0": 0.0,
        "class_1": 0.0,
        "class_2": 63.63636363636363,
        "class_3": 0.0,
        "class_4": 0.0,
        "class_5": 0.0,
        "class_6": 80.9090909090909
      },
      "epoch_time": 1.416623592376709,
      "learning_rate": 1.5e-05
    },
    {
      "epoch": 14,
      "train_loss": 7.028327322006225,
      "train_acc": 24.375,
      "val_loss": 1.2844844857851665,
      "val_acc": 41.61490683229814,
      "timestamp": "2025-08-30 09:55:19",
      "train_f1": 22.471133155730772,
      "train_recall": 24.375,
      "val_f1": 30.93723926949106,
      "val_recall": 41.61490683229814,
      "confusion_matrix": [
        [
          0,
          0,
          10,
          0,
          0,
          0,
          14
        ],
        [
          0,
          0,
          21,
          0,
          0,
          0,
          1
        ],
        [
          0,
          0,
          30,
          0,
          0,
          0,
          25
        ],
        [
          0,
          0,
          14,
          0,
          0,
          0,
          6
        ],
        [
          0,
          11,
          58,
          0,
          0,
          0,
          13
        ],
        [
          0,
          0,
          7,
          0,
          0,
          0,
          2
        ],
        [
          0,
          0,
          6,
          0,
          0,
          0,
          104
        ]
      ],
      "class_accuracies": {
        "class_0": 0.0,
        "class_1": 0.0,
        "class_2": 54.54545454545454,
        "class_3": 0.0,
        "class_4": 0.0,
        "class_5": 0.0,
        "class_6": 94.54545454545455
      },
      "epoch_time": 1.3629486560821533,
      "learning_rate": 1.5e-05
    },
    {
      "epoch": 15,
      "train_loss": 6.99613778591156,
      "train_acc": 30.0,
      "val_loss": 1.2798242171605427,
      "val_acc": 40.993788819875775,
      "timestamp": "2025-08-30 09:55:21",
      "train_f1": 26.81642126500806,
      "train_recall": 30.0,
      "val_f1": 29.542859702009928,
      "val_recall": 40.993788819875775,
      "confusion_matrix": [
        [
          0,
          0,
          9,
          0,
          0,
          0,
          15
        ],
        [
          0,
          0,
          21,
          0,
          0,
          0,
          1
        ],
        [
          0,
          0,
          24,
          0,
          0,
          0,
          31
        ],
        [
          0,
          0,
          14,
          0,
          0,
          0,
          6
        ],
        [
          0,
          11,
          50,
          0,
          0,
          0,
          21
        ],
        [
          0,
          0,
          6,
          0,
          0,
          0,
          3
        ],
        [
          0,
          0,
          2,
          0,
          0,
          0,
          108
        ]
      ],
      "epoch_time": 1.6071877479553223,
      "learning_rate": 1.5e-05
    },
    {
      "epoch": 16,
      "train_loss": 6.983195394277573,
      "train_acc": 30.15625,
      "val_loss": 1.2751456499099731,
      "val_acc": 40.06211180124224,
      "timestamp": "2025-08-30 09:55:23",
      "train_f1": 25.672713762993077,
      "train_recall": 30.15625,
      "val_f1": 28.24608104111209,
      "val_recall": 40.06211180124223,
      "confusion_matrix": [
        [
          0,
          0,
          8,
          0,
          0,
          0,
          16
        ],
        [
          0,
          0,
          18,
          0,
          0,
          0,
          4
        ],
        [
          0,
          0,
          20,
          0,
          0,
          0,
          35
        ],
        [
          0,
          0,
          14,
          0,
          0,
          0,
          6
        ],
        [
          0,
          11,
          47,
          0,
          0,
          0,
          24
        ],
        [
          0,
          0,
          5,
          0,
          0,
          0,
          4
        ],
        [
          0,
          0,
          1,
          0,
          0,
          0,
          109
        ]
      ],
      "epoch_time": 1.2877826690673828,
      "learning_rate": 1.5e-05
    },
    {
      "epoch": 17,
      "train_loss": 6.936431527137756,
      "train_acc": 32.578125,
      "val_loss": 1.2705203294754028,
      "val_acc": 39.440993788819874,
      "timestamp": "2025-08-30 09:55:24",
      "train_f1": 26.842537598229733,
      "train_recall": 32.578125,
      "val_f1": 27.565421675203456,
      "val_recall": 39.44099378881988,
      "confusion_matrix": [
        [
          0,
          0,
          8,
          0,
          0,
          0,
          16
        ],
        [
          0,
          0,
          17,
          0,
          0,
          0,
          5
        ],
        [
          0,
          0,
          18,
          0,
          0,
          0,
          37
        ],
        [
          0,
          0,
          14,
          0,
          0,
          0,
          6
        ],
        [
          0,
          11,
          45,
          0,
          0,
          0,
          26
        ],
        [
          0,
          0,
          5,
          0,
          0,
          0,
          4
        ],
        [
          0,
          0,
          1,
          0,
          0,
          0,
          109
        ]
      ],
      "epoch_time": 1.5081455707550049,
      "learning_rate": 1.5e-05
    },
    {
      "epoch": 18,
      "train_loss": 6.9329620659351345,
      "train_acc": 35.546875,
      "val_loss": 1.2659966150919597,
      "val_acc": 39.130434782608695,
      "timestamp": "2025-08-30 09:55:26",
      "train_f1": 28.52708112824204,
      "train_recall": 35.546875,
      "val_f1": 26.805893558372578,
      "val_recall": 39.130434782608695,
      "confusion_matrix": [
        [
          0,
          0,
          7,
          0,
          0,
          0,
          17
        ],
        [
          0,
          0,
          17,
          0,
          0,
          0,
          5
        ],
        [
          0,
          0,
          17,
          0,
          0,
          0,
          38
        ],
        [
          0,
          0,
          14,
          0,
          0,
          0,
          6
        ],
        [
          0,
          11,
          37,
          0,
          0,
          0,
          34
        ],
        [
          0,
          0,
          4,
          0,
          0,
          0,
          5
        ],
        [
          0,
          0,
          1,
          0,
          0,
          0,
          109
        ]
      ],
      "epoch_time": 1.406538963317871,
      "learning_rate": 1.5e-05
    },
    {
      "epoch": 19,
      "train_loss": 6.9117917120456696,
      "train_acc": 35.0,
      "val_loss": 1.2615521947542827,
      "val_acc": 38.81987577639752,
      "timestamp": "2025-08-30 09:55:27",
      "train_f1": 27.82568335327733,
      "train_recall": 35.0,
      "val_f1": 26.002701428913717,
      "val_recall": 38.81987577639752,
      "confusion_matrix": [
        [
          0,
          0,
          5,
          0,
          0,
          0,
          19
        ],
        [
          0,
          0,
          15,
          0,
          0,
          0,
          7
        ],
        [
          0,
          0,
          16,
          0,
          0,
          0,
          39
        ],
        [
          0,
          0,
          14,
          0,
          0,
          0,
          6
        ],
        [
          0,
          10,
          30,
          0,
          0,
          0,
          42
        ],
        [
          0,
          0,
          4,
          0,
          0,
          0,
          5
        ],
        [
          0,
          0,
          1,
          0,
          0,
          0,
          109
        ]
      ],
      "epoch_time": 1.3003523349761963,
      "learning_rate": 1.5e-05
    },
    {
      "epoch": 20,
      "train_loss": 6.869147056341172,
      "train_acc": 37.421875,
      "val_loss": 1.2571895122528076,
      "val_acc": 37.88819875776397,
      "timestamp": "2025-08-30 09:55:29",
      "train_f1": 29.20241102711384,
      "train_recall": 37.421875,
      "val_f1": 24.925194433558918,
      "val_recall": 37.88819875776397,
      "confusion_matrix": [
        [
          0,
          0,
          5,
          0,
          0,
          0,
          19
        ],
        [
          0,
          0,
          15,
          0,
          0,
          0,
          7
        ],
        [
          0,
          0,
          13,
          0,
          0,
          0,
          42
        ],
        [
          0,
          0,
          14,
          0,
          0,
          0,
          6
        ],
        [
          0,
          9,
          26,
          0,
          0,
          0,
          47
        ],
        [
          0,
          0,
          4,
          0,
          0,
          0,
          5
        ],
        [
          0,
          0,
          1,
          0,
          0,
          0,
          109
        ]
      ],
      "epoch_time": 1.5059216022491455,
      "learning_rate": 1.5e-05
    },
    {
      "epoch": 21,
      "train_loss": 6.853251951932907,
      "train_acc": 38.59375,
      "val_loss": 1.2528677384058635,
      "val_acc": 38.19875776397515,
      "timestamp": "2025-08-30 09:55:30",
      "train_f1": 29.579017009307528,
      "train_recall": 38.59375,
      "val_f1": 24.94246339840284,
      "val_recall": 38.19875776397515,
      "confusion_matrix": [
        [
          0,
          0,
          4,
          0,
          0,
          0,
          20
        ],
        [
          0,
          0,
          14,
          0,
          0,
          0,
          8
        ],
        [
          0,
          0,
          13,
          0,
          0,
          0,
          42
        ],
        [
          0,
          0,
          14,
          0,
          0,
          0,
          6
        ],
        [
          0,
          9,
          24,
          0,
          0,
          0,
          49
        ],
        [
          0,
          0,
          4,
          0,
          0,
          0,
          5
        ],
        [
          0,
          0,
          0,
          0,
          0,
          0,
          110
        ]
      ],
      "epoch_time": 1.5014634132385254,
      "learning_rate": 1.5e-05
    },
    {
      "epoch": 22,
      "train_loss": 6.82416855096817,
      "train_acc": 37.96875,
      "val_loss": 1.248593032360077,
      "val_acc": 38.19875776397515,
      "timestamp": "2025-08-30 09:55:32",
      "train_f1": 28.688723614410648,
      "train_recall": 37.96875,
      "val_f1": 24.751192411583066,
      "val_recall": 38.19875776397515,
      "confusion_matrix": [
        [
          0,
          0,
          2,
          0,
          0,
          0,
          22
        ],
        [
          0,
          0,
          13,
          0,
          0,
          0,
          9
        ],
        [
          0,
          0,
          13,
          0,
          0,
          0,
          42
        ],
        [
          0,
          0,
          14,
          0,
          0,
          0,
          6
        ],
        [
          0,
          9,
          22,
          0,
          0,
          0,
          51
        ],
        [
          0,
          0,
          3,
          0,
          0,
          0,
          6
        ],
        [
          0,
          0,
          0,
          0,
          0,
          0,
          110
        ]
      ],
      "epoch_time": 1.2535595893859863,
      "learning_rate": 1.5e-05
    },
    {
      "epoch": 23,
      "train_loss": 6.810550934076309,
      "train_acc": 39.6875,
      "val_loss": 1.2443461219469707,
      "val_acc": 37.88819875776397,
      "timestamp": "2025-08-30 09:55:33",
      "train_f1": 31.03146975164335,
      "train_recall": 39.6875,
      "val_f1": 24.243001196253893,
      "val_recall": 37.88819875776397,
      "confusion_matrix": [
        [
          0,
          0,
          1,
          0,
          0,
          0,
          23
        ],
        [
          0,
          0,
          11,
          0,
          0,
          0,
          11
        ],
        [
          0,
          0,
          12,
          0,
          0,
          0,
          43
        ],
        [
          0,
          0,
          14,
          0,
          0,
          0,
          6
        ],
        [
          0,
          9,
          19,
          0,
          0,
          0,
          54
        ],
        [
          0,
          0,
          2,
          0,
          0,
          0,
          7
        ],
        [
          0,
          0,
          0,
          0,
          0,
          0,
          110
        ]
      ],
      "epoch_time": 1.482954502105713,
      "learning_rate": 7.5e-06
    },
    {
      "epoch": 24,
      "train_loss": 6.776880037784577,
      "train_acc": 40.3125,
      "val_loss": 1.2422282497088115,
      "val_acc": 37.88819875776397,
      "timestamp": "2025-08-30 09:55:35",
      "train_f1": 30.511557636205556,
      "train_recall": 40.3125,
      "val_f1": 24.149338374291116,
      "val_recall": 37.88819875776397,
      "confusion_matrix": [
        [
          0,
          0,
          1,
          0,
          0,
          0,
          23
        ],
        [
          0,
          0,
          10,
          0,
          0,
          0,
          12
        ],
        [
          0,
          0,
          12,
          0,
          0,
          0,
          43
        ],
        [
          0,
          0,
          14,
          0,
          0,
          0,
          6
        ],
        [
          0,
          9,
          16,
          0,
          0,
          0,
          57
        ],
        [
          0,
          0,
          2,
          0,
          0,
          0,
          7
        ],
        [
          0,
          0,
          0,
          0,
          0,
          0,
          110
        ]
      ],
      "epoch_time": 1.5200514793395996,
      "learning_rate": 7.5e-06
    },
    {
      "epoch": 25,
      "train_loss": 6.770694744586945,
      "train_acc": 39.0625,
      "val_loss": 1.2401201128959656,
      "val_acc": 37.88819875776397,
      "timestamp": "2025-08-30 09:55:36",
      "train_f1": 29.71924452690341,
      "train_recall": 39.0625,
      "val_f1": 24.10795889056758,
      "val_recall": 37.88819875776397,
      "confusion_matrix": [
        [
          0,
          0,
          1,
          0,
          0,
          0,
          23
        ],
        [
          0,
          0,
          10,
          0,
          0,
          0,
          12
        ],
        [
          0,
          0,
          12,
          0,
          0,
          0,
          43
        ],
        [
          0,
          0,
          14,
          0,
          0,
          0,
          6
        ],
        [
          0,
          9,
          14,
          0,
          0,
          0,
          59
        ],
        [
          0,
          0,
          2,
          0,
          0,
          0,
          7
        ],
        [
          0,
          0,
          0,
          0,
          0,
          0,
          110
        ]
      ],
      "epoch_time": 1.1171112060546875,
      "learning_rate": 7.5e-06
    },
    {
      "epoch": 26,
      "train_loss": 6.720657008886337,
      "train_acc": 38.203125,
      "val_loss": 1.2380149960517883,
      "val_acc": 37.88819875776397,
      "timestamp": "2025-08-30 09:55:38",
      "train_f1": 28.537462903048006,
      "train_recall": 38.203125,
      "val_f1": 24.07037069240356,
      "val_recall": 37.88819875776397,
      "confusion_matrix": [
        [
          0,
          0,
          1,
          0,
          0,
          0,
          23
        ],
        [
          0,
          0,
          9,
          0,
          0,
          0,
          13
        ],
        [
          0,
          0,
          12,
          0,
          0,
          0,
          43
        ],
        [
          0,
          0,
          14,
          0,
          0,
          0,
          6
        ],
        [
          0,
          9,
          13,
          0,
          0,
          0,
          60
        ],
        [
          0,
          0,
          2,
          0,
          0,
          0,
          7
        ],
        [
          0,
          0,
          0,
          0,
          0,
          0,
          110
        ]
      ],
      "epoch_time": 1.3128306865692139,
      "learning_rate": 7.5e-06
    },
    {
      "epoch": 27,
      "train_loss": 6.738690716028214,
      "train_acc": 39.140625,
      "val_loss": 1.2359175284703572,
      "val_acc": 37.88819875776397,
      "timestamp": "2025-08-30 09:55:39",
      "train_f1": 30.0041440754319,
      "train_recall": 39.140625,
      "val_f1": 24.036704982996543,
      "val_recall": 37.88819875776397,
      "confusion_matrix": [
        [
          0,
          0,
          1,
          0,
          0,
          0,
          23
        ],
        [
          0,
          0,
          9,
          0,
          0,
          0,
          13
        ],
        [
          0,
          0,
          12,
          0,
          0,
          0,
          43
        ],
        [
          0,
          0,
          14,
          0,
          0,
          0,
          6
        ],
        [
          0,
          9,
          12,
          0,
          0,
          0,
          61
        ],
        [
          0,
          0,
          1,
          0,
          0,
          0,
          8
        ],
        [
          0,
          0,
          0,
          0,
          0,
          0,
          110
        ]
      ],
      "epoch_time": 1.5180244445800781,
      "learning_rate": 7.5e-06
    },
    {
      "epoch": 28,
      "train_loss": 6.744397109746933,
      "train_acc": 39.6875,
      "val_loss": 1.2338375051816304,
      "val_acc": 37.577639751552795,
      "timestamp": "2025-08-30 09:55:41",
      "train_f1": 29.586219741529753,
      "train_recall": 39.6875,
      "val_f1": 23.61215816826894,
      "val_recall": 37.577639751552795,
      "confusion_matrix": [
        [
          0,
          0,
          0,
          0,
          0,
          0,
          24
        ],
        [
          0,
          0,
          9,
          0,
          0,
          0,
          13
        ],
        [
          0,
          0,
          11,
          0,
          0,
          0,
          44
        ],
        [
          0,
          0,
          14,
          0,
          0,
          0,
          6
        ],
        [
          0,
          9,
          8,
          0,
          0,
          0,
          65
        ],
        [
          0,
          0,
          1,
          0,
          0,
          0,
          8
        ],
        [
          0,
          0,
          0,
          0,
          0,
          0,
          110
        ]
      ],
      "epoch_time": 1.4056980609893799,
      "learning_rate": 7.5e-06
    },
    {
      "epoch": 29,
      "train_loss": 6.718575829267502,
      "train_acc": 40.3125,
      "val_loss": 1.2317634026209514,
      "val_acc": 37.577639751552795,
      "timestamp": "2025-08-30 09:55:42",
      "train_f1": 29.800301529655336,
      "train_recall": 40.3125,
      "val_f1": 23.588494412105838,
      "val_recall": 37.577639751552795,
      "confusion_matrix": [
        [
          0,
          0,
          0,
          0,
          0,
          0,
          24
        ],
        [
          0,
          0,
          7,
          0,
          0,
          0,
          15
        ],
        [
          0,
          0,
          11,
          0,
          0,
          0,
          44
        ],
        [
          0,
          0,
          14,
          0,
          0,
          0,
          6
        ],
        [
          0,
          9,
          8,
          0,
          0,
          0,
          65
        ],
        [
          0,
          0,
          1,
          0,
          0,
          0,
          8
        ],
        [
          0,
          0,
          0,
          0,
          0,
          0,
          110
        ]
      ],
      "epoch_time": 1.460404634475708,
      "learning_rate": 7.5e-06
    },
    {
      "epoch": 30,
      "train_loss": 6.709700405597687,
      "train_acc": 39.21875,
      "val_loss": 1.2296961148579915,
      "val_acc": 37.577639751552795,
      "timestamp": "2025-08-30 09:55:44",
      "train_f1": 29.098747800201508,
      "train_recall": 39.21875,
      "val_f1": 23.569308620765604,
      "val_recall": 37.577639751552795,
      "confusion_matrix": [
        [
          0,
          0,
          0,
          0,
          0,
          0,
          24
        ],
        [
          0,
          0,
          6,
          0,
          0,
          0,
          16
        ],
        [
          0,
          0,
          11,
          0,
          0,
          0,
          44
        ],
        [
          0,
          0,
          14,
          0,
          0,
          0,
          6
        ],
        [
          0,
          9,
          7,
          0,
          0,
          0,
          66
        ],
        [
          0,
          0,
          1,
          0,
          0,
          0,
          8
        ],
        [
          0,
          0,
          0,
          0,
          0,
          0,
          110
        ]
      ],
      "epoch_time": 1.4551892280578613,
      "learning_rate": 7.5e-06
    },
    {
      "epoch": 31,
      "train_loss": 6.6843472719192505,
      "train_acc": 40.3125,
      "val_loss": 1.2276389002799988,
      "val_acc": 37.577639751552795,
      "timestamp": "2025-08-30 09:55:45",
      "train_f1": 29.45034250511693,
      "train_recall": 40.3125,
      "val_f1": 23.561458243886612,
      "val_recall": 37.577639751552795,
      "confusion_matrix": [
        [
          0,
          0,
          0,
          0,
          0,
          0,
          24
        ],
        [
          0,
          0,
          6,
          0,
          0,
          0,
          16
        ],
        [
          0,
          0,
          11,
          0,
          0,
          0,
          44
        ],
        [
          0,
          0,
          14,
          0,
          0,
          0,
          6
        ],
        [
          0,
          9,
          6,
          0,
          0,
          0,
          67
        ],
        [
          0,
          0,
          1,
          0,
          0,
          0,
          8
        ],
        [
          0,
          0,
          0,
          0,
          0,
          0,
          110
        ]
      ],
      "epoch_time": 1.3073906898498535,
      "learning_rate": 7.5e-06
    },
    {
      "epoch": 32,
      "train_loss": 6.663806360960007,
      "train_acc": 42.03125,
      "val_loss": 1.2255860567092896,
      "val_acc": 37.577639751552795,
      "timestamp": "2025-08-30 09:55:47",
      "train_f1": 31.113130235797264,
      "train_recall": 42.03125,
      "val_f1": 23.561458243886612,
      "val_recall": 37.577639751552795,
      "confusion_matrix": [
        [
          0,
          0,
          0,
          0,
          0,
          0,
          24
        ],
        [
          0,
          0,
          6,
          0,
          0,
          0,
          16
        ],
        [
          0,
          0,
          11,
          0,
          0,
          0,
          44
        ],
        [
          0,
          0,
          14,
          0,
          0,
          0,
          6
        ],
        [
          0,
          9,
          6,
          0,
          0,
          0,
          67
        ],
        [
          0,
          0,
          1,
          0,
          0,
          0,
          8
        ],
        [
          0,
          0,
          0,
          0,
          0,
          0,
          110
        ]
      ],
      "epoch_time": 1.4693882465362549,
      "learning_rate": 7.5e-06
    },
    {
      "epoch": 33,
      "train_loss": 6.689891082048416,
      "train_acc": 41.328125,
      "val_loss": 1.2235371867815654,
      "val_acc": 37.577639751552795,
      "timestamp": "2025-08-30 09:55:48",
      "train_f1": 31.67895658735934,
      "train_recall": 41.328125,
      "val_f1": 23.554805723968382,
      "val_recall": 37.577639751552795,
      "confusion_matrix": [
        [
          0,
          0,
          0,
          0,
          0,
          0,
          24
        ],
        [
          0,
          0,
          6,
          0,
          0,
          0,
          16
        ],
        [
          0,
          0,
          11,
          0,
          0,
          0,
          44
        ],
        [
          0,
          0,
          14,
          0,
          0,
          0,
          6
        ],
        [
          0,
          9,
          5,
          0,
          0,
          0,
          68
        ],
        [
          0,
          0,
          1,
          0,
          0,
          0,
          8
        ],
        [
          0,
          0,
          0,
          0,
          0,
          0,
          110
        ]
      ],
      "epoch_time": 1.4058151245117188,
      "learning_rate": 7.5e-06
    },
    {
      "epoch": 34,
      "train_loss": 6.656560122966766,
      "train_acc": 41.171875,
      "val_loss": 1.2214889725049336,
      "val_acc": 37.577639751552795,
      "timestamp": "2025-08-30 09:55:50",
      "train_f1": 30.45283147285306,
      "train_recall": 41.171875,
      "val_f1": 23.554805723968382,
      "val_recall": 37.577639751552795,
      "confusion_matrix": [
        [
          0,
          0,
          0,
          0,
          0,
          0,
          24
        ],
        [
          0,
          0,
          6,
          0,
          0,
          0,
          16
        ],
        [
          0,
          0,
          11,
          0,
          0,
          0,
          44
        ],
        [
          0,
          0,
          14,
          0,
          0,
          0,
          6
        ],
        [
          0,
          9,
          5,
          0,
          0,
          0,
          68
        ],
        [
          0,
          0,
          1,
          0,
          0,
          0,
          8
        ],
        [
          0,
          0,
          0,
          0,
          0,
          0,
          110
        ]
      ],
      "epoch_time": 1.424126148223877,
      "learning_rate": 3.75e-06
    },
    {
      "epoch": 35,
      "train_loss": 6.636570471525192,
      "train_acc": 41.71875,
      "val_loss": 1.2204677263895671,
      "val_acc": 37.577639751552795,
      "timestamp": "2025-08-30 09:55:52",
      "train_f1": 31.464832538887215,
      "train_recall": 41.71875,
      "val_f1": 23.54937982556067,
      "val_recall": 37.577639751552795,
      "confusion_matrix": [
        [
          0,
          0,
          0,
          0,
          0,
          0,
          24
        ],
        [
          0,
          0,
          6,
          0,
          0,
          0,
          16
        ],
        [
          0,
          0,
          11,
          0,
          0,
          0,
          44
        ],
        [
          0,
          0,
          14,
          0,
          0,
          0,
          6
        ],
        [
          0,
          9,
          4,
          0,
          0,
          0,
          69
        ],
        [
          0,
          0,
          1,
          0,
          0,
          0,
          8
        ],
        [
          0,
          0,
          0,
          0,
          0,
          0,
          110
        ]
      ],
      "epoch_time": 1.493366003036499,
      "learning_rate": 3.75e-06
    },
    {
      "epoch": 36,
      "train_loss": 6.6756373107433316,
      "train_acc": 41.09375,
      "val_loss": 1.2194499770800273,
      "val_acc": 37.577639751552795,
      "timestamp": "2025-08-30 09:55:53",
      "train_f1": 31.0148234819419,
      "train_recall": 41.09375,
      "val_f1": 23.54937982556067,
      "val_recall": 37.577639751552795,
      "confusion_matrix": [
        [
          0,
          0,
          0,
          0,
          0,
          0,
          24
        ],
        [
          0,
          0,
          6,
          0,
          0,
          0,
          16
        ],
        [
          0,
          0,
          11,
          0,
          0,
          0,
          44
        ],
        [
          0,
          0,
          14,
          0,
          0,
          0,
          6
        ],
        [
          0,
          9,
          4,
          0,
          0,
          0,
          69
        ],
        [
          0,
          0,
          1,
          0,
          0,
          0,
          8
        ],
        [
          0,
          0,
          0,
          0,
          0,
          0,
          110
        ]
      ],
      "epoch_time": 1.3865790367126465,
      "learning_rate": 3.75e-06
    },
    {
      "epoch": 37,
      "train_loss": 6.652608984708786,
      "train_acc": 39.84375,
      "val_loss": 1.2184324463208516,
      "val_acc": 37.577639751552795,
      "timestamp": "2025-08-30 09:55:55",
      "train_f1": 30.071076476215037,
      "train_recall": 39.84375,
      "val_f1": 23.504494923802962,
      "val_recall": 37.577639751552795,
      "confusion_matrix": [
        [
          0,
          0,
          0,
          0,
          0,
          0,
          24
        ],
        [
          0,
          0,
          6,
          0,
          0,
          0,
          16
        ],
        [
          0,
          0,
          11,
          0,
          0,
          0,
          44
        ],
        [
          0,
          0,
          14,
          0,
          0,
          0,
          6
        ],
        [
          0,
          8,
          5,
          0,
          0,
          0,
          69
        ],
        [
          0,
          0,
          1,
          0,
          0,
          0,
          8
        ],
        [
          0,
          0,
          0,
          0,
          0,
          0,
          110
        ]
      ],
      "epoch_time": 1.409590244293213,
      "learning_rate": 3.75e-06
    },
    {
      "epoch": 38,
      "train_loss": 6.645365887880326,
      "train_acc": 41.25,
      "val_loss": 1.2174168825149536,
      "val_acc": 37.577639751552795,
      "timestamp": "2025-08-30 09:55:56",
      "train_f1": 30.705252662899063,
      "train_recall": 41.25,
      "val_f1": 23.504494923802962,
      "val_recall": 37.577639751552795,
      "confusion_matrix": [
        [
          0,
          0,
          0,
          0,
          0,
          0,
          24
        ],
        [
          0,
          0,
          6,
          0,
          0,
          0,
          16
        ],
        [
          0,
          0,
          11,
          0,
          0,
          0,
          44
        ],
        [
          0,
          0,
          14,
          0,
          0,
          0,
          6
        ],
        [
          0,
          8,
          5,
          0,
          0,
          0,
          69
        ],
        [
          0,
          0,
          1,
          0,
          0,
          0,
          8
        ],
        [
          0,
          0,
          0,
          0,
          0,
          0,
          110
        ]
      ],
      "epoch_time": 1.4890072345733643,
      "learning_rate": 3.75e-06
    },
    {
      "epoch": 39,
      "train_loss": 6.63641989827156,
      "train_acc": 39.53125,
      "val_loss": 1.2164049943288167,
      "val_acc": 37.577639751552795,
      "timestamp": "2025-08-30 09:55:58",
      "train_f1": 29.23818568302322,
      "train_recall": 39.53125,
      "val_f1": 23.504494923802962,
      "val_recall": 37.577639751552795,
      "confusion_matrix": [
        [
          0,
          0,
          0,
          0,
          0,
          0,
          24
        ],
        [
          0,
          0,
          6,
          0,
          0,
          0,
          16
        ],
        [
          0,
          0,
          11,
          0,
          0,
          0,
          44
        ],
        [
          0,
          0,
          14,
          0,
          0,
          0,
          6
        ],
        [
          0,
          8,
          5,
          0,
          0,
          0,
          69
        ],
        [
          0,
          0,
          1,
          0,
          0,
          0,
          8
        ],
        [
          0,
          0,
          0,
          0,
          0,
          0,
          110
        ]
      ],
      "epoch_time": 1.3049509525299072,
      "learning_rate": 3.75e-06
    },
    {
      "epoch": 40,
      "train_loss": 6.618020188808441,
      "train_acc": 41.796875,
      "val_loss": 1.2153934836387634,
      "val_acc": 37.577639751552795,
      "timestamp": "2025-08-30 09:55:59",
      "train_f1": 31.934138243995235,
      "train_recall": 41.796875,
      "val_f1": 23.504494923802962,
      "val_recall": 37.577639751552795,
      "confusion_matrix": [
        [
          0,
          0,
          0,
          0,
          0,
          0,
          24
        ],
        [
          0,
          0,
          6,
          0,
          0,
          0,
          16
        ],
        [
          0,
          0,
          11,
          0,
          0,
          0,
          44
        ],
        [
          0,
          0,
          14,
          0,
          0,
          0,
          6
        ],
        [
          0,
          8,
          5,
          0,
          0,
          0,
          69
        ],
        [
          0,
          0,
          1,
          0,
          0,
          0,
          8
        ],
        [
          0,
          0,
          0,
          0,
          0,
          0,
          110
        ]
      ],
      "epoch_time": 1.5229268074035645,
      "learning_rate": 3.75e-06
    },
    {
      "epoch": 41,
      "train_loss": 6.581735742092133,
      "train_acc": 41.875,
      "val_loss": 1.2143818140029907,
      "val_acc": 37.88819875776397,
      "timestamp": "2025-08-30 09:56:01",
      "train_f1": 31.35140067741776,
      "train_recall": 41.875,
      "val_f1": 24.11296302229183,
      "val_recall": 37.88819875776397,
      "confusion_matrix": [
        [
          0,
          0,
          0,
          0,
          0,
          0,
          24
        ],
        [
          0,
          0,
          6,
          0,
          0,
          0,
          16
        ],
        [
          0,
          0,
          11,
          0,
          0,
          0,
          44
        ],
        [
          0,
          0,
          14,
          0,
          0,
          0,
          6
        ],
        [
          0,
          7,
          4,
          0,
          1,
          0,
          70
        ],
        [
          0,
          0,
          1,
          0,
          0,
          0,
          8
        ],
        [
          0,
          0,
          0,
          0,
          0,
          0,
          110
        ]
      ],
      "epoch_time": 1.485658884048462,
      "learning_rate": 3.75e-06
    },
    {
      "epoch": 42,
      "train_loss": 6.631940919160843,
      "train_acc": 42.03125,
      "val_loss": 1.2133724490801494,
      "val_acc": 37.88819875776397,
      "timestamp": "2025-08-30 09:56:02",
      "train_f1": 31.97333698296307,
      "train_recall": 42.03125,
      "val_f1": 24.11296302229183,
      "val_recall": 37.88819875776397,
      "confusion_matrix": [
        [
          0,
          0,
          0,
          0,
          0,
          0,
          24
        ],
        [
          0,
          0,
          6,
          0,
          0,
          0,
          16
        ],
        [
          0,
          0,
          11,
          0,
          0,
          0,
          44
        ],
        [
          0,
          0,
          14,
          0,
          0,
          0,
          6
        ],
        [
          0,
          7,
          4,
          0,
          1,
          0,
          70
        ],
        [
          0,
          0,
          1,
          0,
          0,
          0,
          8
        ],
        [
          0,
          0,
          0,
          0,
          0,
          0,
          110
        ]
      ],
      "epoch_time": 1.1869845390319824,
      "learning_rate": 3.75e-06
    },
    {
      "epoch": 43,
      "train_loss": 6.631558442115784,
      "train_acc": 40.859375,
      "val_loss": 1.2123629450798035,
      "val_acc": 38.19875776397515,
      "timestamp": "2025-08-30 09:56:04",
      "train_f1": 31.394636616046824,
      "train_recall": 40.859375,
      "val_f1": 24.757869680069845,
      "val_recall": 38.19875776397515,
      "confusion_matrix": [
        [
          0,
          0,
          0,
          0,
          0,
          0,
          24
        ],
        [
          0,
          0,
          6,
          0,
          0,
          0,
          16
        ],
        [
          0,
          0,
          11,
          0,
          0,
          0,
          44
        ],
        [
          0,
          0,
          14,
          0,
          0,
          0,
          6
        ],
        [
          0,
          7,
          3,
          0,
          2,
          0,
          70
        ],
        [
          0,
          0,
          1,
          0,
          0,
          0,
          8
        ],
        [
          0,
          0,
          0,
          0,
          0,
          0,
          110
        ]
      ],
      "epoch_time": 1.4272136688232422,
      "learning_rate": 3.75e-06
    },
    {
      "epoch": 44,
      "train_loss": 6.603199815750122,
      "train_acc": 41.09375,
      "val_loss": 1.211357553799947,
      "val_acc": 38.19875776397515,
      "timestamp": "2025-08-30 09:56:05",
      "train_f1": 31.01316710907014,
      "train_recall": 41.09375,
      "val_f1": 24.757869680069845,
      "val_recall": 38.19875776397515,
      "confusion_matrix": [
        [
          0,
          0,
          0,
          0,
          0,
          0,
          24
        ],
        [
          0,
          0,
          6,
          0,
          0,
          0,
          16
        ],
        [
          0,
          0,
          11,
          0,
          0,
          0,
          44
        ],
        [
          0,
          0,
          14,
          0,
          0,
          0,
          6
        ],
        [
          0,
          7,
          3,
          0,
          2,
          0,
          70
        ],
        [
          0,
          0,
          1,
          0,
          0,
          0,
          8
        ],
        [
          0,
          0,
          0,
          0,
          0,
          0,
          110
        ]
      ],
      "epoch_time": 1.4618911743164062,
      "learning_rate": 3.75e-06
    },
    {
      "epoch": 45,
      "train_loss": 6.580145823955536,
      "train_acc": 41.796875,
      "val_loss": 1.21035369237264,
      "val_acc": 38.19875776397515,
      "timestamp": "2025-08-30 09:56:07",
      "train_f1": 31.76907615831378,
      "train_recall": 41.796875,
      "val_f1": 24.757869680069845,
      "val_recall": 38.19875776397515,
      "confusion_matrix": [
        [
          0,
          0,
          0,
          0,
          0,
          0,
          24
        ],
        [
          0,
          0,
          6,
          0,
          0,
          0,
          16
        ],
        [
          0,
          0,
          11,
          0,
          0,
          0,
          44
        ],
        [
          0,
          0,
          14,
          0,
          0,
          0,
          6
        ],
        [
          0,
          7,
          3,
          0,
          2,
          0,
          70
        ],
        [
          0,
          0,
          1,
          0,
          0,
          0,
          8
        ],
        [
          0,
          0,
          0,
          0,
          0,
          0,
          110
        ]
      ],
      "epoch_time": 1.122117042541504,
      "learning_rate": 1.875e-06
    },
    {
      "epoch": 46,
      "train_loss": 6.589195489883423,
      "train_acc": 42.1875,
      "val_loss": 1.2098509470621746,
      "val_acc": 38.19875776397515,
      "timestamp": "2025-08-30 09:56:08",
      "train_f1": 31.4642631202831,
      "train_recall": 42.1875,
      "val_f1": 24.790516511803677,
      "val_recall": 38.19875776397515,
      "confusion_matrix": [
        [
          0,
          0,
          0,
          0,
          0,
          0,
          24
        ],
        [
          0,
          0,
          6,
          0,
          0,
          0,
          16
        ],
        [
          0,
          0,
          11,
          0,
          0,
          0,
          44
        ],
        [
          0,
          0,
          14,
          0,
          0,
          0,
          6
        ],
        [
          0,
          7,
          3,
          0,
          2,
          0,
          70
        ],
        [
          0,
          0,
          0,
          0,
          1,
          0,
          8
        ],
        [
          0,
          0,
          0,
          0,
          0,
          0,
          110
        ]
      ],
      "epoch_time": 1.4425923824310303,
      "learning_rate": 1.875e-06
    },
    {
      "epoch": 47,
      "train_loss": 6.586676925420761,
      "train_acc": 41.796875,
      "val_loss": 1.2093482812245686,
      "val_acc": 38.19875776397515,
      "timestamp": "2025-08-30 09:56:10",
      "train_f1": 31.534373266562042,
      "train_recall": 41.796875,
      "val_f1": 24.790516511803677,
      "val_recall": 38.19875776397515,
      "confusion_matrix": [
        [
          0,
          0,
          0,
          0,
          0,
          0,
          24
        ],
        [
          0,
          0,
          6,
          0,
          0,
          0,
          16
        ],
        [
          0,
          0,
          11,
          0,
          0,
          0,
          44
        ],
        [
          0,
          0,
          14,
          0,
          0,
          0,
          6
        ],
        [
          0,
          7,
          3,
          0,
          2,
          0,
          70
        ],
        [
          0,
          0,
          0,
          0,
          1,
          0,
          8
        ],
        [
          0,
          0,
          0,
          0,
          0,
          0,
          110
        ]
      ],
      "epoch_time": 1.5321786403656006,
      "learning_rate": 1.875e-06
    },
    {
      "epoch": 48,
      "train_loss": 6.582382768392563,
      "train_acc": 42.65625,
      "val_loss": 1.2088465293248494,
      "val_acc": 38.19875776397515,
      "timestamp": "2025-08-30 09:56:11",
      "train_f1": 32.331876359632176,
      "train_recall": 42.65625,
      "val_f1": 24.790516511803677,
      "val_recall": 38.19875776397515,
      "confusion_matrix": [
        [
          0,
          0,
          0,
          0,
          0,
          0,
          24
        ],
        [
          0,
          0,
          6,
          0,
          0,
          0,
          16
        ],
        [
          0,
          0,
          11,
          0,
          0,
          0,
          44
        ],
        [
          0,
          0,
          14,
          0,
          0,
          0,
          6
        ],
        [
          0,
          7,
          3,
          0,
          2,
          0,
          70
        ],
        [
          0,
          0,
          0,
          0,
          1,
          0,
          8
        ],
        [
          0,
          0,
          0,
          0,
          0,
          0,
          110
        ]
      ],
      "epoch_time": 1.190371036529541,
      "learning_rate": 1.875e-06
    },
    {
      "epoch": 49,
      "train_loss": 6.581955373287201,
      "train_acc": 42.03125,
      "val_loss": 1.2083492080370586,
      "val_acc": 38.50931677018634,
      "timestamp": "2025-08-30 09:56:13",
      "train_f1": 31.487457427750222,
      "train_recall": 42.03125,
      "val_f1": 25.418861985135944,
      "val_recall": 38.50931677018634,
      "confusion_matrix": [
        [
          0,
          0,
          0,
          0,
          0,
          0,
          24
        ],
        [
          0,
          0,
          6,
          0,
          0,
          0,
          16
        ],
        [
          0,
          0,
          11,
          0,
          0,
          0,
          44
        ],
        [
          0,
          0,
          14,
          0,
          0,
          0,
          6
        ],
        [
          0,
          7,
          3,
          0,
          3,
          0,
          69
        ],
        [
          0,
          0,
          0,
          0,
          1,
          0,
          8
        ],
        [
          0,
          0,
          0,
          0,
          0,
          0,
          110
        ]
      ],
      "epoch_time": 1.5013444423675537,
      "learning_rate": 1.875e-06
    },
    {
      "epoch": 50,
      "train_loss": 6.579393887519837,
      "train_acc": 42.03125,
      "val_loss": 1.2078541119893391,
      "val_acc": 38.50931677018634,
      "timestamp": "2025-08-30 09:56:14",
      "train_f1": 32.42745410790239,
      "train_recall": 42.03125,
      "val_f1": 25.44875110245508,
      "val_recall": 38.50931677018634,
      "confusion_matrix": [
        [
          0,
          0,
          0,
          0,
          0,
          0,
          24
        ],
        [
          0,
          0,
          6,
          0,
          0,
          0,
          16
        ],
        [
          0,
          0,
          11,
          0,
          0,
          0,
          44
        ],
        [
          0,
          0,
          14,
          0,
          0,
          0,
          6
        ],
        [
          0,
          7,
          3,
          0,
          3,
          0,
          69
        ],
        [
          0,
          0,
          0,
          0,
          2,
          0,
          7
        ],
        [
          0,
          0,
          0,
          0,
          0,
          0,
          110
        ]
      ],
      "epoch_time": 1.5286133289337158,
      "learning_rate": 1.875e-06
    }
  ]
}