{
  "dataset": "MACHO",
  "model_type": "langevin",
  "sde_config": 1,
  "start_time": "20250830_095453",
  "date": "20250830",
  "epochs": [
    {
      "epoch": 1,
      "train_loss": 6.7320997536182405,
      "train_acc": 6.015625,
      "val_loss": 1.2081811626752217,
      "val_acc": 2.7950310559006213,
      "timestamp": "2025-08-30 09:56:40",
      "train_f1": 3.911404569437787,
      "train_recall": 6.015625,
      "val_f1": 0.15199564654444464,
      "val_recall": 2.7950310559006213,
      "confusion_matrix": [
        [
          0,
          0,
          0,
          0,
          0,
          24,
          0
        ],
        [
          0,
          0,
          0,
          0,
          0,
          22,
          0
        ],
        [
          0,
          0,
          0,
          0,
          0,
          55,
          0
        ],
        [
          0,
          0,
          0,
          0,
          0,
          20,
          0
        ],
        [
          0,
          0,
          0,
          0,
          0,
          82,
          0
        ],
        [
          0,
          0,
          0,
          0,
          0,
          9,
          0
        ],
        [
          0,
          0,
          0,
          0,
          0,
          110,
          0
        ]
      ],
      "class_accuracies": {
        "class_0": 0.0,
        "class_1": 0.0,
        "class_2": 0.0,
        "class_3": 0.0,
        "class_4": 0.0,
        "class_5": 100.0,
        "class_6": 0.0
      },
      "epoch_time": 107.73759031295776,
      "learning_rate": 3e-05
    },
    {
      "epoch": 2,
      "train_loss": 6.656936234235763,
      "train_acc": 7.03125,
      "val_loss": 1.20123287041982,
      "val_acc": 2.7950310559006213,
      "timestamp": "2025-08-30 09:58:09",
      "train_f1": 4.894882548124508,
      "train_recall": 7.03125,
      "val_f1": 0.15338585062869262,
      "val_recall": 2.7950310559006213,
      "confusion_matrix": [
        [
          0,
          0,
          0,
          0,
          0,
          24,
          0
        ],
        [
          0,
          0,
          0,
          0,
          0,
          22,
          0
        ],
        [
          0,
          0,
          0,
          0,
          1,
          54,
          0
        ],
        [
          0,
          0,
          0,
          0,
          0,
          20,
          0
        ],
        [
          0,
          0,
          2,
          0,
          0,
          80,
          0
        ],
        [
          0,
          0,
          0,
          0,
          0,
          9,
          0
        ],
        [
          0,
          0,
          0,
          0,
          0,
          110,
          0
        ]
      ],
      "epoch_time": 88.93547129631042,
      "learning_rate": 3e-05
    },
    {
      "epoch": 3,
      "train_loss": 6.6090917706489565,
      "train_acc": 7.578125,
      "val_loss": 1.1943072279294331,
      "val_acc": 2.7950310559006213,
      "timestamp": "2025-08-30 09:59:11",
      "train_f1": 6.102281591842329,
      "train_recall": 7.578124999999999,
      "val_f1": 0.15820930505097855,
      "val_recall": 2.7950310559006213,
      "confusion_matrix": [
        [
          0,
          0,
          0,
          0,
          0,
          24,
          0
        ],
        [
          0,
          0,
          0,
          0,
          0,
          22,
          0
        ],
        [
          0,
          0,
          0,
          0,
          1,
          54,
          0
        ],
        [
          0,
          0,
          0,
          0,
          8,
          12,
          0
        ],
        [
          0,
          0,
          4,
          0,
          0,
          78,
          0
        ],
        [
          0,
          0,
          0,
          0,
          0,
          9,
          0
        ],
        [
          0,
          0,
          0,
          0,
          0,
          110,
          0
        ]
      ],
      "epoch_time": 61.55819821357727,
      "learning_rate": 3e-05
    },
    {
      "epoch": 4,
      "train_loss": 6.536987566947937,
      "train_acc": 10.703125,
      "val_loss": 1.187565763791402,
      "val_acc": 2.7950310559006213,
      "timestamp": "2025-08-30 10:01:22",
      "train_f1": 11.103080025131487,
      "train_recall": 10.703125,
      "val_f1": 0.15971606033717833,
      "val_recall": 2.7950310559006213,
      "confusion_matrix": [
        [
          0,
          0,
          0,
          0,
          0,
          24,
          0
        ],
        [
          0,
          0,
          0,
          0,
          0,
          22,
          0
        ],
        [
          0,
          0,
          0,
          0,
          2,
          53,
          0
        ],
        [
          0,
          0,
          0,
          0,
          10,
          10,
          0
        ],
        [
          0,
          0,
          4,
          0,
          0,
          78,
          0
        ],
        [
          0,
          0,
          0,
          0,
          0,
          9,
          0
        ],
        [
          0,
          0,
          0,
          0,
          0,
          110,
          0
        ]
      ],
      "epoch_time": 130.79184126853943,
      "learning_rate": 3e-05
    },
    {
      "epoch": 5,
      "train_loss": 6.41793977022171,
      "train_acc": 12.96875,
      "val_loss": 1.1809525688489277,
      "val_acc": 2.7950310559006213,
      "timestamp": "2025-08-30 10:03:13",
      "train_f1": 14.430282964014312,
      "train_recall": 12.968750000000002,
      "val_f1": 0.1617702861936051,
      "val_recall": 2.7950310559006213,
      "confusion_matrix": [
        [
          0,
          0,
          0,
          0,
          0,
          24,
          0
        ],
        [
          0,
          0,
          0,
          0,
          0,
          22,
          0
        ],
        [
          0,
          0,
          0,
          0,
          2,
          53,
          0
        ],
        [
          0,
          0,
          0,
          0,
          14,
          6,
          0
        ],
        [
          0,
          0,
          4,
          0,
          0,
          78,
          0
        ],
        [
          0,
          0,
          0,
          0,
          0,
          9,
          0
        ],
        [
          0,
          0,
          0,
          0,
          0,
          110,
          0
        ]
      ],
      "epoch_time": 110.7340476512909,
      "learning_rate": 3e-05
    },
    {
      "epoch": 6,
      "train_loss": 6.443137669563294,
      "train_acc": 11.171875,
      "val_loss": 1.1745358506838481,
      "val_acc": 2.7950310559006213,
      "timestamp": "2025-08-30 10:03:56",
      "train_f1": 10.24778247990121,
      "train_recall": 11.171875,
      "val_f1": 0.16387804236550874,
      "val_recall": 2.7950310559006213,
      "confusion_matrix": [
        [
          0,
          0,
          0,
          0,
          0,
          24,
          0
        ],
        [
          0,
          0,
          0,
          0,
          0,
          22,
          0
        ],
        [
          1,
          0,
          0,
          0,
          2,
          52,
          0
        ],
        [
          0,
          0,
          0,
          0,
          14,
          6,
          0
        ],
        [
          1,
          0,
          6,
          0,
          0,
          75,
          0
        ],
        [
          0,
          0,
          0,
          0,
          0,
          9,
          0
        ],
        [
          0,
          0,
          0,
          0,
          0,
          110,
          0
        ]
      ],
      "epoch_time": 42.32246685028076,
      "learning_rate": 3e-05
    }
  ]
}