{
  "dataset": "ASAS",
  "model_type": "langevin",
  "sde_config": 1,
  "start_time": "20250831_031937",
  "date": "20250831",
  "epochs": [
    {
      "epoch": 1,
      "train_loss": 17.598409800110637,
      "train_acc": 53.758445945945944,
      "val_loss": 0.8457540148182919,
      "val_acc": 62.6890756302521,
      "timestamp": "2025-08-31 03:22:47",
      "train_f1": 49.55556841528592,
      "train_recall": 53.758445945945944,
      "val_f1": 54.052573593499076,
      "val_recall": 62.6890756302521,
      "confusion_matrix": [
        [
          14,
          0,
          41,
          0,
          12
        ],
        [
          2,
          21,
          0,
          0,
          0
        ],
        [
          0,
          0,
          12,
          0,
          150
        ],
        [
          0,
          4,
          10,
          0,
          1
        ],
        [
          0,
          0,
          2,
          0,
          326
        ]
      ],
      "class_accuracies": {
        "class_0": 20.8955223880597,
        "class_1": 91.30434782608695,
        "class_2": 7.4074074074074066,
        "class_3": 0.0,
        "class_4": 99.39024390243902
      },
      "epoch_time": 190.74014735221863,
      "learning_rate": 3e-05
    },
    {
      "epoch": 2,
      "train_loss": 16.066335777173173,
      "train_acc": 74.91554054054055,
      "val_loss": 0.7629539464649401,
      "val_acc": 91.26050420168067,
      "timestamp": "2025-08-31 03:25:40",
      "train_f1": 73.29249147858636,
      "train_recall": 74.91554054054053,
      "val_f1": 89.8078154890144,
      "val_recall": 91.26050420168067,
      "confusion_matrix": [
        [
          40,
          1,
          25,
          0,
          1
        ],
        [
          2,
          21,
          0,
          0,
          0
        ],
        [
          0,
          0,
          156,
          0,
          6
        ],
        [
          9,
          4,
          1,
          0,
          1
        ],
        [
          2,
          0,
          0,
          0,
          326
        ]
      ],
      "class_accuracies": {
        "class_0": 59.70149253731343,
        "class_1": 91.30434782608695,
        "class_2": 96.29629629629629,
        "class_3": 0.0,
        "class_4": 99.39024390243902
      },
      "epoch_time": 172.21201300621033,
      "learning_rate": 3e-05
    },
    {
      "epoch": 3,
      "train_loss": 14.72777048236615,
      "train_acc": 85.00844594594595,
      "val_loss": 0.7295858169856825,
      "val_acc": 92.60504201680672,
      "timestamp": "2025-08-31 03:27:45",
      "train_f1": 84.45718986438025,
      "train_recall": 85.00844594594594,
      "val_f1": 91.52527892295548,
      "val_recall": 92.60504201680672,
      "confusion_matrix": [
        [
          52,
          0,
          15,
          0,
          0
        ],
        [
          2,
          21,
          0,
          0,
          0
        ],
        [
          5,
          0,
          156,
          0,
          1
        ],
        [
          10,
          4,
          0,
          0,
          1
        ],
        [
          2,
          0,
          4,
          0,
          322
        ]
      ],
      "class_accuracies": {
        "class_0": 77.61194029850746,
        "class_1": 91.30434782608695,
        "class_2": 96.29629629629629,
        "class_3": 0.0,
        "class_4": 98.17073170731707
      },
      "epoch_time": 124.54830527305603,
      "learning_rate": 3e-05
    },
    {
      "epoch": 4,
      "train_loss": 14.076333058041495,
      "train_acc": 89.35810810810811,
      "val_loss": 0.7188980171554967,
      "val_acc": 92.60504201680672,
      "timestamp": "2025-08-31 03:30:47",
      "train_f1": 88.63072867288754,
      "train_recall": 89.3581081081081,
      "val_f1": 91.5324238456712,
      "val_recall": 92.60504201680672,
      "confusion_matrix": [
        [
          53,
          0,
          14,
          0,
          0
        ],
        [
          2,
          21,
          0,
          0,
          0
        ],
        [
          6,
          0,
          153,
          0,
          3
        ],
        [
          10,
          4,
          0,
          0,
          1
        ],
        [
          2,
          0,
          2,
          0,
          324
        ]
      ],
      "epoch_time": 181.78409385681152,
      "learning_rate": 3e-05
    },
    {
      "epoch": 5,
      "train_loss": 13.843918133426357,
      "train_acc": 90.87837837837837,
      "val_loss": 0.7111950391217282,
      "val_acc": 91.76470588235294,
      "timestamp": "2025-08-31 03:34:00",
      "train_f1": 90.19079156323657,
      "train_recall": 90.87837837837837,
      "val_f1": 90.759476500664,
      "val_recall": 91.76470588235294,
      "confusion_matrix": [
        [
          51,
          2,
          14,
          0,
          0
        ],
        [
          2,
          21,
          0,
          0,
          0
        ],
        [
          8,
          0,
          153,
          0,
          1
        ],
        [
          10,
          4,
          0,
          0,
          1
        ],
        [
          2,
          0,
          5,
          0,
          321
        ]
      ],
      "epoch_time": 192.37174892425537,
      "learning_rate": 3e-05
    },
    {
      "epoch": 6,
      "train_loss": 13.811571582749083,
      "train_acc": 91.42736486486487,
      "val_loss": 0.7098701815856131,
      "val_acc": 92.43697478991596,
      "timestamp": "2025-08-31 03:39:25",
      "train_f1": 91.09129467188107,
      "train_recall": 91.42736486486487,
      "val_f1": 91.90579112598284,
      "val_recall": 92.43697478991596,
      "confusion_matrix": [
        [
          54,
          1,
          12,
          0,
          0
        ],
        [
          2,
          21,
          0,
          0,
          0
        ],
        [
          12,
          0,
          149,
          0,
          1
        ],
        [
          10,
          2,
          0,
          2,
          1
        ],
        [
          2,
          0,
          2,
          0,
          324
        ]
      ],
      "epoch_time": 324.22198247909546,
      "learning_rate": 3e-05
    },
    {
      "epoch": 7,
      "train_loss": 13.448340324131218,
      "train_acc": 93.45439189189189,
      "val_loss": 0.7080947066608229,
      "val_acc": 92.26890756302521,
      "timestamp": "2025-08-31 03:41:20",
      "train_f1": 93.23923515239764,
      "train_recall": 93.4543918918919,
      "val_f1": 91.77333742675859,
      "val_recall": 92.26890756302521,
      "confusion_matrix": [
        [
          50,
          2,
          15,
          0,
          0
        ],
        [
          2,
          21,
          0,
          0,
          0
        ],
        [
          6,
          0,
          155,
          0,
          1
        ],
        [
          10,
          1,
          1,
          3,
          0
        ],
        [
          2,
          0,
          6,
          0,
          320
        ]
      ],
      "epoch_time": 114.9427342414856,
      "learning_rate": 3e-05
    },
    {
      "epoch": 8,
      "train_loss": 13.442590968834388,
      "train_acc": 93.70777027027027,
      "val_loss": 0.7098182157466286,
      "val_acc": 91.42857142857143,
      "timestamp": "2025-08-31 03:44:05",
      "train_f1": 93.51812490166967,
      "train_recall": 93.70777027027027,
      "val_f1": 91.14053315718456,
      "val_recall": 91.42857142857143,
      "confusion_matrix": [
        [
          53,
          2,
          12,
          0,
          0
        ],
        [
          2,
          21,
          0,
          0,
          0
        ],
        [
          14,
          0,
          148,
          0,
          0
        ],
        [
          10,
          1,
          1,
          3,
          0
        ],
        [
          2,
          0,
          7,
          0,
          319
        ]
      ],
      "epoch_time": 164.7850911617279,
      "learning_rate": 3e-05
    },
    {
      "epoch": 9,
      "train_loss": 13.448478723699981,
      "train_acc": 92.98986486486487,
      "val_loss": 0.7072797511753283,
      "val_acc": 92.26890756302521,
      "timestamp": "2025-08-31 03:49:39",
      "train_f1": 92.813242950243,
      "train_recall": 92.98986486486487,
      "val_f1": 91.8766938789876,
      "val_recall": 92.26890756302521,
      "confusion_matrix": [
        [
          53,
          0,
          14,
          0,
          0
        ],
        [
          2,
          21,
          0,
          0,
          0
        ],
        [
          9,
          0,
          153,
          0,
          0
        ],
        [
          10,
          1,
          1,
          3,
          0
        ],
        [
          2,
          0,
          7,
          0,
          319
        ]
      ],
      "epoch_time": 333.18527913093567,
      "learning_rate": 3e-05
    },
    {
      "epoch": 10,
      "train_loss": 13.477075915884328,
      "train_acc": 93.45439189189189,
      "val_loss": 0.7048245762523851,
      "val_acc": 92.94117647058823,
      "timestamp": "2025-08-31 03:52:25",
      "train_f1": 93.27948310264507,
      "train_recall": 93.4543918918919,
      "val_f1": 92.33897070683992,
      "val_recall": 92.94117647058823,
      "confusion_matrix": [
        [
          51,
          1,
          15,
          0,
          0
        ],
        [
          2,
          21,
          0,
          0,
          0
        ],
        [
          3,
          0,
          153,
          0,
          6
        ],
        [
          10,
          1,
          0,
          3,
          1
        ],
        [
          2,
          0,
          1,
          0,
          325
        ]
      ],
      "class_accuracies": {
        "class_0": 76.11940298507463,
        "class_1": 91.30434782608695,
        "class_2": 94.44444444444444,
        "class_3": 20.0,
        "class_4": 99.08536585365853
      },
      "epoch_time": 165.4779930114746,
      "learning_rate": 3e-05
    },
    {
      "epoch": 11,
      "train_loss": 13.386336589987213,
      "train_acc": 93.83445945945945,
      "val_loss": 0.7046801604722676,
      "val_acc": 92.77310924369748,
      "timestamp": "2025-08-31 03:54:20",
      "train_f1": 93.67087589415463,
      "train_recall": 93.83445945945947,
      "val_f1": 92.17823750765336,
      "val_recall": 92.77310924369748,
      "confusion_matrix": [
        [
          51,
          1,
          15,
          0,
          0
        ],
        [
          2,
          21,
          0,
          0,
          0
        ],
        [
          3,
          0,
          153,
          0,
          6
        ],
        [
          10,
          1,
          0,
          3,
          1
        ],
        [
          2,
          0,
          2,
          0,
          324
        ]
      ],
      "epoch_time": 115.15388751029968,
      "learning_rate": 3e-05
    },
    {
      "epoch": 12,
      "train_loss": 13.35616259478234,
      "train_acc": 93.53885135135135,
      "val_loss": 0.7042064478522853,
      "val_acc": 92.94117647058823,
      "timestamp": "2025-08-31 03:57:18",
      "train_f1": 93.33109400827176,
      "train_recall": 93.53885135135135,
      "val_f1": 92.36885498368174,
      "val_recall": 92.94117647058823,
      "confusion_matrix": [
        [
          51,
          1,
          15,
          0,
          0
        ],
        [
          2,
          21,
          0,
          0,
          0
        ],
        [
          4,
          0,
          154,
          0,
          4
        ],
        [
          10,
          1,
          0,
          3,
          1
        ],
        [
          2,
          0,
          2,
          0,
          324
        ]
      ],
      "epoch_time": 177.5810308456421,
      "learning_rate": 1.5e-05
    },
    {
      "epoch": 13,
      "train_loss": 13.377585949124517,
      "train_acc": 94.25675675675676,
      "val_loss": 0.7037507358350252,
      "val_acc": 92.60504201680672,
      "timestamp": "2025-08-31 04:01:24",
      "train_f1": 94.07138672048572,
      "train_recall": 94.25675675675676,
      "val_f1": 92.1117139008935,
      "val_recall": 92.60504201680672,
      "confusion_matrix": [
        [
          51,
          1,
          15,
          0,
          0
        ],
        [
          2,
          21,
          0,
          0,
          0
        ],
        [
          6,
          0,
          155,
          0,
          1
        ],
        [
          10,
          1,
          1,
          3,
          0
        ],
        [
          2,
          0,
          5,
          0,
          321
        ]
      ],
      "epoch_time": 245.37663984298706,
      "learning_rate": 1.5e-05
    },
    {
      "epoch": 14,
      "train_loss": 13.357900414112452,
      "train_acc": 93.91891891891892,
      "val_loss": 0.703922921105435,
      "val_acc": 93.10924369747899,
      "timestamp": "2025-08-31 04:03:39",
      "train_f1": 93.77716214433947,
      "train_recall": 93.91891891891892,
      "val_f1": 92.58350357237546,
      "val_recall": 93.10924369747899,
      "confusion_matrix": [
        [
          51,
          1,
          15,
          0,
          0
        ],
        [
          2,
          21,
          0,
          0,
          0
        ],
        [
          6,
          0,
          155,
          0,
          1
        ],
        [
          10,
          1,
          0,
          3,
          1
        ],
        [
          2,
          0,
          2,
          0,
          324
        ]
      ],
      "class_accuracies": {
        "class_0": 76.11940298507463,
        "class_1": 91.30434782608695,
        "class_2": 95.67901234567901,
        "class_3": 20.0,
        "class_4": 98.78048780487805
      },
      "epoch_time": 135.16436195373535,
      "learning_rate": 1.5e-05
    },
    {
      "epoch": 15,
      "train_loss": 13.26701859122998,
      "train_acc": 94.34121621621621,
      "val_loss": 0.7040829219316181,
      "val_acc": 92.43697478991596,
      "timestamp": "2025-08-31 04:06:01",
      "train_f1": 94.16535478644022,
      "train_recall": 94.34121621621621,
      "val_f1": 91.95206652793875,
      "val_recall": 92.43697478991596,
      "confusion_matrix": [
        [
          51,
          1,
          15,
          0,
          0
        ],
        [
          2,
          21,
          0,
          0,
          0
        ],
        [
          6,
          0,
          155,
          0,
          1
        ],
        [
          10,
          1,
          1,
          3,
          0
        ],
        [
          2,
          0,
          6,
          0,
          320
        ]
      ],
      "epoch_time": 140.9609968662262,
      "learning_rate": 1.5e-05
    },
    {
      "epoch": 16,
      "train_loss": 13.273573069959074,
      "train_acc": 94.29898648648648,
      "val_loss": 0.7052786663958901,
      "val_acc": 92.77310924369748,
      "timestamp": "2025-08-31 04:08:42",
      "train_f1": 94.1210229000066,
      "train_recall": 94.29898648648648,
      "val_f1": 92.187675070028,
      "val_recall": 92.77310924369748,
      "confusion_matrix": [
        [
          51,
          1,
          15,
          0,
          0
        ],
        [
          2,
          21,
          0,
          0,
          0
        ],
        [
          4,
          0,
          152,
          0,
          6
        ],
        [
          10,
          1,
          0,
          3,
          1
        ],
        [
          2,
          0,
          1,
          0,
          325
        ]
      ],
      "epoch_time": 160.8376543521881,
      "learning_rate": 1.5e-05
    },
    {
      "epoch": 17,
      "train_loss": 13.282978584637513,
      "train_acc": 93.91891891891892,
      "val_loss": 0.7042561393035086,
      "val_acc": 92.60504201680672,
      "timestamp": "2025-08-31 04:14:21",
      "train_f1": 93.75126372685466,
      "train_recall": 93.91891891891892,
      "val_f1": 92.02698091188118,
      "val_recall": 92.60504201680672,
      "confusion_matrix": [
        [
          51,
          1,
          15,
          0,
          0
        ],
        [
          2,
          21,
          0,
          0,
          0
        ],
        [
          4,
          0,
          152,
          0,
          6
        ],
        [
          10,
          1,
          0,
          3,
          1
        ],
        [
          2,
          0,
          2,
          0,
          324
        ]
      ],
      "epoch_time": 338.7553622722626,
      "learning_rate": 1.5e-05
    },
    {
      "epoch": 18,
      "train_loss": 13.341223623301532,
      "train_acc": 94.34121621621621,
      "val_loss": 0.7035002269242939,
      "val_acc": 92.26890756302521,
      "timestamp": "2025-08-31 04:17:03",
      "train_f1": 94.15657308522032,
      "train_recall": 94.34121621621621,
      "val_f1": 91.8458153369236,
      "val_recall": 92.26890756302521,
      "confusion_matrix": [
        [
          52,
          1,
          14,
          0,
          0
        ],
        [
          2,
          21,
          0,
          0,
          0
        ],
        [
          9,
          0,
          152,
          0,
          1
        ],
        [
          10,
          1,
          1,
          3,
          0
        ],
        [
          2,
          0,
          5,
          0,
          321
        ]
      ],
      "epoch_time": 161.29105019569397,
      "learning_rate": 1.5e-05
    },
    {
      "epoch": 19,
      "train_loss": 13.330639410663295,
      "train_acc": 93.96114864864865,
      "val_loss": 0.7039047291404322,
      "val_acc": 92.77310924369748,
      "timestamp": "2025-08-31 04:20:52",
      "train_f1": 93.76824554891007,
      "train_recall": 93.96114864864865,
      "val_f1": 92.09594375761039,
      "val_recall": 92.77310924369748,
      "confusion_matrix": [
        [
          48,
          2,
          17,
          0,
          0
        ],
        [
          2,
          21,
          0,
          0,
          0
        ],
        [
          1,
          0,
          155,
          0,
          6
        ],
        [
          10,
          1,
          0,
          3,
          1
        ],
        [
          2,
          0,
          1,
          0,
          325
        ]
      ],
      "epoch_time": 229.23088264465332,
      "learning_rate": 1.5e-05
    },
    {
      "epoch": 20,
      "train_loss": 13.326609133868605,
      "train_acc": 94.38344594594595,
      "val_loss": 0.7023180409481651,
      "val_acc": 93.27731092436974,
      "timestamp": "2025-08-31 04:23:52",
      "train_f1": 94.20499198772174,
      "train_recall": 94.38344594594594,
      "val_f1": 92.70025276469275,
      "val_recall": 93.27731092436974,
      "confusion_matrix": [
        [
          50,
          2,
          15,
          0,
          0
        ],
        [
          2,
          21,
          0,
          0,
          0
        ],
        [
          4,
          0,
          157,
          0,
          1
        ],
        [
          10,
          1,
          0,
          3,
          1
        ],
        [
          2,
          0,
          2,
          0,
          324
        ]
      ],
      "class_accuracies": {
        "class_0": 74.6268656716418,
        "class_1": 91.30434782608695,
        "class_2": 96.91358024691358,
        "class_3": 20.0,
        "class_4": 98.78048780487805
      },
      "epoch_time": 179.3700008392334,
      "learning_rate": 1.5e-05
    },
    {
      "epoch": 21,
      "train_loss": 13.296732629473144,
      "train_acc": 94.34121621621621,
      "val_loss": 0.702157061350973,
      "val_acc": 92.60504201680672,
      "timestamp": "2025-08-31 04:26:30",
      "train_f1": 94.16363043578401,
      "train_recall": 94.34121621621621,
      "val_f1": 92.08038981975378,
      "val_recall": 92.60504201680672,
      "confusion_matrix": [
        [
          50,
          2,
          15,
          0,
          0
        ],
        [
          2,
          21,
          0,
          0,
          0
        ],
        [
          5,
          0,
          156,
          0,
          1
        ],
        [
          10,
          1,
          1,
          3,
          0
        ],
        [
          2,
          0,
          5,
          0,
          321
        ]
      ],
      "epoch_time": 157.5727207660675,
      "learning_rate": 1.5e-05
    },
    {
      "epoch": 22,
      "train_loss": 13.224343627691269,
      "train_acc": 94.4679054054054,
      "val_loss": 0.7028587240921823,
      "val_acc": 92.60504201680672,
      "timestamp": "2025-08-31 04:28:35",
      "train_f1": 94.29560729667746,
      "train_recall": 94.4679054054054,
      "val_f1": 92.09974773087238,
      "val_recall": 92.60504201680672,
      "confusion_matrix": [
        [
          51,
          1,
          15,
          0,
          0
        ],
        [
          2,
          21,
          0,
          0,
          0
        ],
        [
          5,
          0,
          156,
          0,
          1
        ],
        [
          10,
          1,
          1,
          3,
          0
        ],
        [
          2,
          0,
          6,
          0,
          320
        ]
      ],
      "epoch_time": 124.25922989845276,
      "learning_rate": 1.5e-05
    },
    {
      "epoch": 23,
      "train_loss": 13.316545428456488,
      "train_acc": 94.13006756756756,
      "val_loss": 0.7038166773946661,
      "val_acc": 92.43697478991596,
      "timestamp": "2025-08-31 04:31:52",
      "train_f1": 93.93644751881824,
      "train_recall": 94.13006756756756,
      "val_f1": 91.98020832653519,
      "val_recall": 92.43697478991596,
      "confusion_matrix": [
        [
          52,
          1,
          14,
          0,
          0
        ],
        [
          2,
          21,
          0,
          0,
          0
        ],
        [
          7,
          0,
          154,
          0,
          1
        ],
        [
          10,
          1,
          1,
          3,
          0
        ],
        [
          2,
          0,
          6,
          0,
          320
        ]
      ],
      "epoch_time": 197.11640858650208,
      "learning_rate": 7.5e-06
    },
    {
      "epoch": 24,
      "train_loss": 13.341550016725385,
      "train_acc": 94.42567567567568,
      "val_loss": 0.7029220022653279,
      "val_acc": 92.94117647058823,
      "timestamp": "2025-08-31 04:36:19",
      "train_f1": 94.23538731774889,
      "train_recall": 94.42567567567568,
      "val_f1": 92.38182105838487,
      "val_recall": 92.94117647058823,
      "confusion_matrix": [
        [
          50,
          2,
          15,
          0,
          0
        ],
        [
          2,
          21,
          0,
          0,
          0
        ],
        [
          5,
          0,
          155,
          0,
          2
        ],
        [
          10,
          1,
          0,
          3,
          1
        ],
        [
          2,
          0,
          2,
          0,
          324
        ]
      ],
      "epoch_time": 266.05226373672485,
      "learning_rate": 7.5e-06
    },
    {
      "epoch": 25,
      "train_loss": 13.292254847449225,
      "train_acc": 94.55236486486487,
      "val_loss": 0.7036460481191936,
      "val_acc": 93.10924369747899,
      "timestamp": "2025-08-31 04:39:24",
      "train_f1": 94.3833597535894,
      "train_recall": 94.55236486486487,
      "val_f1": 92.60045348025847,
      "val_recall": 93.10924369747899,
      "confusion_matrix": [
        [
          52,
          1,
          14,
          0,
          0
        ],
        [
          2,
          21,
          0,
          0,
          0
        ],
        [
          6,
          0,
          155,
          0,
          1
        ],
        [
          10,
          1,
          0,
          3,
          1
        ],
        [
          2,
          0,
          3,
          0,
          323
        ]
      ],
      "epoch_time": 184.71549677848816,
      "learning_rate": 7.5e-06
    },
    {
      "epoch": 26,
      "train_loss": 13.246651333731574,
      "train_acc": 94.38344594594595,
      "val_loss": 0.7024124923505282,
      "val_acc": 92.77310924369748,
      "timestamp": "2025-08-31 04:41:12",
      "train_f1": 94.21033321136586,
      "train_recall": 94.38344594594594,
      "val_f1": 92.24993462274152,
      "val_recall": 92.77310924369748,
      "confusion_matrix": [
        [
          51,
          1,
          15,
          0,
          0
        ],
        [
          2,
          21,
          0,
          0,
          0
        ],
        [
          5,
          0,
          156,
          0,
          1
        ],
        [
          10,
          1,
          0,
          3,
          1
        ],
        [
          2,
          0,
          5,
          0,
          321
        ]
      ],
      "epoch_time": 107.83831882476807,
      "learning_rate": 7.5e-06
    },
    {
      "epoch": 27,
      "train_loss": 13.27606017364038,
      "train_acc": 94.38344594594595,
      "val_loss": 0.7022803363047148,
      "val_acc": 92.60504201680672,
      "timestamp": "2025-08-31 04:44:16",
      "train_f1": 94.20346563671743,
      "train_recall": 94.38344594594594,
      "val_f1": 92.10217620702628,
      "val_recall": 92.60504201680672,
      "confusion_matrix": [
        [
          51,
          1,
          15,
          0,
          0
        ],
        [
          2,
          21,
          0,
          0,
          0
        ],
        [
          6,
          0,
          155,
          0,
          1
        ],
        [
          10,
          1,
          0,
          3,
          1
        ],
        [
          2,
          0,
          5,
          0,
          321
        ]
      ],
      "epoch_time": 183.46285462379456,
      "learning_rate": 7.5e-06
    },
    {
      "epoch": 28,
      "train_loss": 13.2990774536455,
      "train_acc": 94.38344594594595,
      "val_loss": 0.7022398772992586,
      "val_acc": 93.10924369747899,
      "timestamp": "2025-08-31 04:46:17",
      "train_f1": 94.20443545577423,
      "train_recall": 94.38344594594594,
      "val_f1": 92.56086547974917,
      "val_recall": 93.10924369747899,
      "confusion_matrix": [
        [
          51,
          1,
          15,
          0,
          0
        ],
        [
          2,
          21,
          0,
          0,
          0
        ],
        [
          5,
          0,
          155,
          0,
          2
        ],
        [
          10,
          1,
          0,
          3,
          1
        ],
        [
          2,
          0,
          2,
          0,
          324
        ]
      ],
      "epoch_time": 121.28400254249573,
      "learning_rate": 7.5e-06
    },
    {
      "epoch": 29,
      "train_loss": 13.250284041101867,
      "train_acc": 94.42567567567568,
      "val_loss": 0.7029417533623544,
      "val_acc": 92.43697478991596,
      "timestamp": "2025-08-31 04:48:12",
      "train_f1": 94.24368513144404,
      "train_recall": 94.42567567567568,
      "val_f1": 91.98370406402975,
      "val_recall": 92.43697478991596,
      "confusion_matrix": [
        [
          52,
          1,
          14,
          0,
          0
        ],
        [
          2,
          21,
          0,
          0,
          0
        ],
        [
          8,
          0,
          153,
          0,
          1
        ],
        [
          10,
          1,
          0,
          3,
          1
        ],
        [
          2,
          0,
          5,
          0,
          321
        ]
      ],
      "epoch_time": 114.1387026309967,
      "learning_rate": 7.5e-06
    },
    {
      "epoch": 30,
      "train_loss": 13.197149914664191,
      "train_acc": 94.25675675675676,
      "val_loss": 0.7025425841933802,
      "val_acc": 93.27731092436974,
      "timestamp": "2025-08-31 04:51:19",
      "train_f1": 94.08447395479271,
      "train_recall": 94.25675675675676,
      "val_f1": 92.73136963146287,
      "val_recall": 93.27731092436974,
      "confusion_matrix": [
        [
          51,
          1,
          15,
          0,
          0
        ],
        [
          2,
          21,
          0,
          0,
          0
        ],
        [
          5,
          0,
          156,
          0,
          1
        ],
        [
          10,
          1,
          0,
          3,
          1
        ],
        [
          2,
          0,
          2,
          0,
          324
        ]
      ],
      "epoch_time": 186.94490337371826,
      "learning_rate": 7.5e-06
    },
    {
      "epoch": 31,
      "train_loss": 13.287788768072385,
      "train_acc": 94.29898648648648,
      "val_loss": 0.7028622846854361,
      "val_acc": 93.27731092436974,
      "timestamp": "2025-08-31 04:53:56",
      "train_f1": 94.11918694600745,
      "train_recall": 94.29898648648648,
      "val_f1": 92.7205482306564,
      "val_recall": 93.27731092436974,
      "confusion_matrix": [
        [
          52,
          0,
          15,
          0,
          0
        ],
        [
          2,
          21,
          0,
          0,
          0
        ],
        [
          4,
          0,
          155,
          0,
          3
        ],
        [
          10,
          1,
          0,
          3,
          1
        ],
        [
          2,
          0,
          2,
          0,
          324
        ]
      ],
      "epoch_time": 156.33890438079834,
      "learning_rate": 7.5e-06
    },
    {
      "epoch": 32,
      "train_loss": 13.31339116998621,
      "train_acc": 94.25675675675676,
      "val_loss": 0.7023162433975622,
      "val_acc": 93.4453781512605,
      "timestamp": "2025-08-31 04:57:23",
      "train_f1": 94.0800340668122,
      "train_recall": 94.25675675675676,
      "val_f1": 92.87961055982026,
      "val_recall": 93.4453781512605,
      "confusion_matrix": [
        [
          51,
          1,
          15,
          0,
          0
        ],
        [
          2,
          21,
          0,
          0,
          0
        ],
        [
          4,
          0,
          157,
          0,
          1
        ],
        [
          10,
          1,
          0,
          3,
          1
        ],
        [
          2,
          0,
          2,
          0,
          324
        ]
      ],
      "class_accuracies": {
        "class_0": 76.11940298507463,
        "class_1": 91.30434782608695,
        "class_2": 96.91358024691358,
        "class_3": 20.0,
        "class_4": 98.78048780487805
      },
      "epoch_time": 207.33513760566711,
      "learning_rate": 7.5e-06
    },
    {
      "epoch": 33,
      "train_loss": 13.265717148780823,
      "train_acc": 94.42567567567568,
      "val_loss": 0.7026459700182864,
      "val_acc": 93.27731092436974,
      "timestamp": "2025-08-31 04:59:47",
      "train_f1": 94.23443142093522,
      "train_recall": 94.42567567567568,
      "val_f1": 92.73136963146287,
      "val_recall": 93.27731092436974,
      "confusion_matrix": [
        [
          51,
          1,
          15,
          0,
          0
        ],
        [
          2,
          21,
          0,
          0,
          0
        ],
        [
          5,
          0,
          156,
          0,
          1
        ],
        [
          10,
          1,
          0,
          3,
          1
        ],
        [
          2,
          0,
          2,
          0,
          324
        ]
      ],
      "epoch_time": 143.41160130500793,
      "learning_rate": 7.5e-06
    },
    {
      "epoch": 34,
      "train_loss": 13.298013656525999,
      "train_acc": 94.51013513513513,
      "val_loss": 0.70255509489461,
      "val_acc": 92.60504201680672,
      "timestamp": "2025-08-31 05:01:59",
      "train_f1": 94.32636406535397,
      "train_recall": 94.51013513513513,
      "val_f1": 92.10217620702628,
      "val_recall": 92.60504201680672,
      "confusion_matrix": [
        [
          51,
          1,
          15,
          0,
          0
        ],
        [
          2,
          21,
          0,
          0,
          0
        ],
        [
          6,
          0,
          155,
          0,
          1
        ],
        [
          10,
          1,
          0,
          3,
          1
        ],
        [
          2,
          0,
          5,
          0,
          321
        ]
      ],
      "epoch_time": 131.47895169258118,
      "learning_rate": 3.75e-06
    },
    {
      "epoch": 35,
      "train_loss": 13.308948288898211,
      "train_acc": 94.55236486486487,
      "val_loss": 0.7021121665051109,
      "val_acc": 92.60504201680672,
      "timestamp": "2025-08-31 05:04:23",
      "train_f1": 94.39049403171515,
      "train_recall": 94.55236486486487,
      "val_f1": 92.10217620702628,
      "val_recall": 92.60504201680672,
      "confusion_matrix": [
        [
          51,
          1,
          15,
          0,
          0
        ],
        [
          2,
          21,
          0,
          0,
          0
        ],
        [
          6,
          0,
          155,
          0,
          1
        ],
        [
          10,
          1,
          0,
          3,
          1
        ],
        [
          2,
          0,
          5,
          0,
          321
        ]
      ],
      "epoch_time": 143.3228895664215,
      "learning_rate": 3.75e-06
    },
    {
      "epoch": 36,
      "train_loss": 13.286385329188528,
      "train_acc": 94.42567567567568,
      "val_loss": 0.7015829337270636,
      "val_acc": 92.94117647058823,
      "timestamp": "2025-08-31 05:06:26",
      "train_f1": 94.24649215616752,
      "train_recall": 94.42567567567568,
      "val_f1": 92.39807313162203,
      "val_recall": 92.94117647058823,
      "confusion_matrix": [
        [
          51,
          1,
          15,
          0,
          0
        ],
        [
          2,
          21,
          0,
          0,
          0
        ],
        [
          4,
          0,
          157,
          0,
          1
        ],
        [
          10,
          1,
          0,
          3,
          1
        ],
        [
          2,
          0,
          5,
          0,
          321
        ]
      ],
      "epoch_time": 122.6568124294281,
      "learning_rate": 3.75e-06
    },
    {
      "epoch": 37,
      "train_loss": 13.256088504114667,
      "train_acc": 94.38344594594595,
      "val_loss": 0.7018120979007921,
      "val_acc": 93.10924369747899,
      "timestamp": "2025-08-31 05:10:21",
      "train_f1": 94.21342918792514,
      "train_recall": 94.38344594594594,
      "val_f1": 92.57070646637614,
      "val_recall": 93.10924369747899,
      "confusion_matrix": [
        [
          51,
          1,
          15,
          0,
          0
        ],
        [
          2,
          21,
          0,
          0,
          0
        ],
        [
          5,
          0,
          156,
          0,
          1
        ],
        [
          10,
          1,
          0,
          3,
          1
        ],
        [
          2,
          0,
          3,
          0,
          323
        ]
      ],
      "epoch_time": 235.4016854763031,
      "learning_rate": 3.75e-06
    },
    {
      "epoch": 38,
      "train_loss": 13.255783920352524,
      "train_acc": 94.38344594594595,
      "val_loss": 0.7024806863383243,
      "val_acc": 93.10924369747899,
      "timestamp": "2025-08-31 05:13:29",
      "train_f1": 94.20578468597786,
      "train_recall": 94.38344594594594,
      "val_f1": 92.56086547974917,
      "val_recall": 93.10924369747899,
      "confusion_matrix": [
        [
          51,
          1,
          15,
          0,
          0
        ],
        [
          2,
          21,
          0,
          0,
          0
        ],
        [
          5,
          0,
          155,
          0,
          2
        ],
        [
          10,
          1,
          0,
          3,
          1
        ],
        [
          2,
          0,
          2,
          0,
          324
        ]
      ],
      "epoch_time": 187.31186890602112,
      "learning_rate": 3.75e-06
    },
    {
      "epoch": 39,
      "train_loss": 13.266446501822085,
      "train_acc": 94.4679054054054,
      "val_loss": 0.7022622729602613,
      "val_acc": 92.60504201680672,
      "timestamp": "2025-08-31 05:15:24",
      "train_f1": 94.29676182839812,
      "train_recall": 94.4679054054054,
      "val_f1": 92.10217620702628,
      "val_recall": 92.60504201680672,
      "confusion_matrix": [
        [
          51,
          1,
          15,
          0,
          0
        ],
        [
          2,
          21,
          0,
          0,
          0
        ],
        [
          6,
          0,
          155,
          0,
          1
        ],
        [
          10,
          1,
          0,
          3,
          1
        ],
        [
          2,
          0,
          5,
          0,
          321
        ]
      ],
      "epoch_time": 114.6487250328064,
      "learning_rate": 3.75e-06
    },
    {
      "epoch": 40,
      "train_loss": 13.29353012184839,
      "train_acc": 94.34121621621621,
      "val_loss": 0.703361639851018,
      "val_acc": 92.60504201680672,
      "timestamp": "2025-08-31 05:18:37",
      "train_f1": 94.16658691623991,
      "train_recall": 94.34121621621621,
      "val_f1": 92.02698091188118,
      "val_recall": 92.60504201680672,
      "confusion_matrix": [
        [
          51,
          1,
          15,
          0,
          0
        ],
        [
          2,
          21,
          0,
          0,
          0
        ],
        [
          4,
          0,
          152,
          0,
          6
        ],
        [
          10,
          1,
          0,
          3,
          1
        ],
        [
          2,
          0,
          2,
          0,
          324
        ]
      ],
      "epoch_time": 192.53233456611633,
      "learning_rate": 3.75e-06
    },
    {
      "epoch": 41,
      "train_loss": 13.287443212560705,
      "train_acc": 94.34121621621621,
      "val_loss": 0.7028362907861408,
      "val_acc": 92.94117647058823,
      "timestamp": "2025-08-31 05:20:53",
      "train_f1": 94.17041854226906,
      "train_recall": 94.34121621621621,
      "val_f1": 92.39009235574285,
      "val_recall": 92.94117647058823,
      "confusion_matrix": [
        [
          51,
          1,
          15,
          0,
          0
        ],
        [
          2,
          21,
          0,
          0,
          0
        ],
        [
          5,
          0,
          154,
          0,
          3
        ],
        [
          10,
          1,
          0,
          3,
          1
        ],
        [
          2,
          0,
          2,
          0,
          324
        ]
      ],
      "epoch_time": 135.6835160255432,
      "learning_rate": 3.75e-06
    },
    {
      "epoch": 42,
      "train_loss": 13.30197401223956,
      "train_acc": 94.72128378378379,
      "val_loss": 0.7023138372521651,
      "val_acc": 93.10924369747899,
      "timestamp": "2025-08-31 05:22:41",
      "train_f1": 94.55480208145123,
      "train_recall": 94.72128378378379,
      "val_f1": 92.56086547974917,
      "val_recall": 93.10924369747899,
      "confusion_matrix": [
        [
          51,
          1,
          15,
          0,
          0
        ],
        [
          2,
          21,
          0,
          0,
          0
        ],
        [
          5,
          0,
          155,
          0,
          2
        ],
        [
          10,
          1,
          0,
          3,
          1
        ],
        [
          2,
          0,
          2,
          0,
          324
        ]
      ],
      "epoch_time": 107.26507234573364,
      "learning_rate": 3.75e-06
    },
    {
      "epoch": 43,
      "train_loss": 13.263777405829043,
      "train_acc": 94.72128378378379,
      "val_loss": 0.7024262829830772,
      "val_acc": 93.27731092436974,
      "timestamp": "2025-08-31 05:24:40",
      "train_f1": 94.53948449796819,
      "train_recall": 94.72128378378379,
      "val_f1": 92.70962494602489,
      "val_recall": 93.27731092436974,
      "confusion_matrix": [
        [
          51,
          1,
          15,
          0,
          0
        ],
        [
          2,
          21,
          0,
          0,
          0
        ],
        [
          4,
          0,
          156,
          0,
          2
        ],
        [
          10,
          1,
          0,
          3,
          1
        ],
        [
          2,
          0,
          2,
          0,
          324
        ]
      ],
      "epoch_time": 119.52888464927673,
      "learning_rate": 3.75e-06
    },
    {
      "epoch": 44,
      "train_loss": 13.303311227946669,
      "train_acc": 94.51013513513513,
      "val_loss": 0.7021125680521915,
      "val_acc": 92.60504201680672,
      "timestamp": "2025-08-31 05:28:13",
      "train_f1": 94.32526753831273,
      "train_recall": 94.51013513513513,
      "val_f1": 92.10217620702628,
      "val_recall": 92.60504201680672,
      "confusion_matrix": [
        [
          51,
          1,
          15,
          0,
          0
        ],
        [
          2,
          21,
          0,
          0,
          0
        ],
        [
          6,
          0,
          155,
          0,
          1
        ],
        [
          10,
          1,
          0,
          3,
          1
        ],
        [
          2,
          0,
          5,
          0,
          321
        ]
      ],
      "epoch_time": 212.14788389205933,
      "learning_rate": 3.75e-06
    },
    {
      "epoch": 45,
      "train_loss": 13.221020392469457,
      "train_acc": 94.67905405405405,
      "val_loss": 0.7025515217530099,
      "val_acc": 92.94117647058823,
      "timestamp": "2025-08-31 05:31:02",
      "train_f1": 94.51221987027823,
      "train_recall": 94.67905405405406,
      "val_f1": 92.41247621123061,
      "val_recall": 92.94117647058823,
      "confusion_matrix": [
        [
          51,
          1,
          15,
          0,
          0
        ],
        [
          2,
          21,
          0,
          0,
          0
        ],
        [
          6,
          0,
          154,
          0,
          2
        ],
        [
          10,
          1,
          0,
          3,
          1
        ],
        [
          2,
          0,
          2,
          0,
          324
        ]
      ],
      "epoch_time": 168.4469871520996,
      "learning_rate": 1.875e-06
    },
    {
      "epoch": 46,
      "train_loss": 13.269504198351422,
      "train_acc": 94.34121621621621,
      "val_loss": 0.7024491052878531,
      "val_acc": 92.94117647058823,
      "timestamp": "2025-08-31 05:33:06",
      "train_f1": 94.17462394176702,
      "train_recall": 94.34121621621621,
      "val_f1": 92.42287516960727,
      "val_recall": 92.94117647058823,
      "confusion_matrix": [
        [
          51,
          1,
          15,
          0,
          0
        ],
        [
          2,
          21,
          0,
          0,
          0
        ],
        [
          6,
          0,
          155,
          0,
          1
        ],
        [
          10,
          1,
          0,
          3,
          1
        ],
        [
          2,
          0,
          3,
          0,
          323
        ]
      ],
      "epoch_time": 123.8881356716156,
      "learning_rate": 1.875e-06
    },
    {
      "epoch": 47,
      "train_loss": 13.292534818520418,
      "train_acc": 94.4679054054054,
      "val_loss": 0.702248403900548,
      "val_acc": 92.77310924369748,
      "timestamp": "2025-08-31 05:35:04",
      "train_f1": 94.29642628362372,
      "train_recall": 94.4679054054054,
      "val_f1": 92.24993462274152,
      "val_recall": 92.77310924369748,
      "confusion_matrix": [
        [
          51,
          1,
          15,
          0,
          0
        ],
        [
          2,
          21,
          0,
          0,
          0
        ],
        [
          5,
          0,
          156,
          0,
          1
        ],
        [
          10,
          1,
          0,
          3,
          1
        ],
        [
          2,
          0,
          5,
          0,
          321
        ]
      ],
      "epoch_time": 117.59726738929749,
      "learning_rate": 1.875e-06
    },
    {
      "epoch": 48,
      "train_loss": 13.307595215133718,
      "train_acc": 94.42567567567568,
      "val_loss": 0.702248309787951,
      "val_acc": 92.94117647058823,
      "timestamp": "2025-08-31 05:38:10",
      "train_f1": 94.23886748535854,
      "train_recall": 94.42567567567568,
      "val_f1": 92.41022985667712,
      "val_recall": 92.94117647058823,
      "confusion_matrix": [
        [
          51,
          1,
          15,
          0,
          0
        ],
        [
          2,
          21,
          0,
          0,
          0
        ],
        [
          5,
          0,
          156,
          0,
          1
        ],
        [
          10,
          1,
          0,
          3,
          1
        ],
        [
          2,
          0,
          4,
          0,
          322
        ]
      ],
      "epoch_time": 185.72647714614868,
      "learning_rate": 1.875e-06
    },
    {
      "epoch": 49,
      "train_loss": 13.306892479593689,
      "train_acc": 94.4679054054054,
      "val_loss": 0.7022591327366076,
      "val_acc": 93.4453781512605,
      "timestamp": "2025-08-31 05:42:18",
      "train_f1": 94.29683244075761,
      "train_recall": 94.4679054054054,
      "val_f1": 92.87961055982026,
      "val_recall": 93.4453781512605,
      "confusion_matrix": [
        [
          51,
          1,
          15,
          0,
          0
        ],
        [
          2,
          21,
          0,
          0,
          0
        ],
        [
          4,
          0,
          157,
          0,
          1
        ],
        [
          10,
          1,
          0,
          3,
          1
        ],
        [
          2,
          0,
          2,
          0,
          324
        ]
      ],
      "epoch_time": 248.0204393863678,
      "learning_rate": 1.875e-06
    },
    {
      "epoch": 50,
      "train_loss": 13.252068598528165,
      "train_acc": 94.34121621621621,
      "val_loss": 0.7019730680867245,
      "val_acc": 92.77310924369748,
      "timestamp": "2025-08-31 05:44:54",
      "train_f1": 94.16476997312733,
      "train_recall": 94.34121621621621,
      "val_f1": 92.24993462274152,
      "val_recall": 92.77310924369748,
      "confusion_matrix": [
        [
          51,
          1,
          15,
          0,
          0
        ],
        [
          2,
          21,
          0,
          0,
          0
        ],
        [
          5,
          0,
          156,
          0,
          1
        ],
        [
          10,
          1,
          0,
          3,
          1
        ],
        [
          2,
          0,
          5,
          0,
          321
        ]
      ],
      "epoch_time": 155.94005870819092,
      "learning_rate": 1.875e-06
    }
  ]
}