{
  "experiment_info": {
    "dataset": "LINEAR",
    "model_type": "linear_noise",
    "sde_config": 1,
    "start_time": "20250824_211400",
    "log_file": "LINEAR_linear_noise_config1_20250824_211400.log"
  },
  "training_history": {
    "epochs": [
      13,
      14,
      15,
      16,
      17,
      18,
      19,
      20,
      21,
      22,
      23,
      24,
      25,
      26,
      27
    ],
    "train_loss": [
      0.06817564540293836,
      0.07085821710754442,
      0.06887196553231195,
      0.07326808327254448,
      0.07073396917802231,
      0.0697604063898325,
      0.06857301375850011,
      0.06989883797826203,
      0.06978038869058813,
      0.07043424773364122,
      0.06790821817312531,
      0.06844027567199851,
      0.06520840640798325,
      0.06439271184637119,
      0.06529437587063276
    ],
    "train_accuracy": [
      88.08551525342301,
      87.7732404515974,
      87.60509248138362,
      87.48498678837377,
      87.1486908479462,
      87.7011770357915,
      87.2207542637521,
      88.10953639202498,
      88.66202257987028,
      88.71006485707423,
      88.61398030266635,
      89.07038193610377,
      88.99831852029786,
      89.55080470814316,
      89.2865721835215
    ],
    "val_loss": [
      0.06017462755827343,
      0.0626516931635492,
      0.05986293777823448,
      0.06274539265124236,
      0.061665945741183614,
      0.061486877062741446,
      0.07074908386258517,
      0.06615346790674854,
      0.06307945926399793,
      0.06576900830601945,
      0.06251730506910998,
      0.05996632017195225,
      0.058221826220259947,
      0.06008928093840094,
      0.0600576560725184
    ],
    "val_accuracy": [
      88.26923076923077,
      87.88461538461539,
      88.26923076923077,
      82.6923076923077,
      87.3076923076923,
      88.07692307692308,
      85.38461538461539,
      87.6923076923077,
      79.8076923076923,
      89.23076923076923,
      88.26923076923077,
      89.23076923076923,
      89.03846153846153,
      89.03846153846153,
      88.84615384615384
    ],
    "class_accuracy_history": [
      {
        "0": 0.0,
        "1": 100.0,
        "2": 96.66666666666667,
        "3": 97.2972972972973,
        "4": 89.9497487437186
      },
      {
        "0": 0.0,
        "1": 100.0,
        "2": 94.76190476190476,
        "3": 91.8918918918919,
        "4": 92.96482412060301
      },
      {
        "0": 0.0,
        "1": 0.0,
        "2": 96.66666666666667,
        "3": 95.94594594594594,
        "4": 92.96482412060301
      },
      {
        "0": 0.0,
        "1": 100.0,
        "2": 96.19047619047619,
        "3": 97.2972972972973,
        "4": 75.87939698492463
      },
      {
        "0": 0.0,
        "1": 0.0,
        "2": 94.76190476190476,
        "3": 95.94594594594594,
        "4": 92.46231155778895
      },
      {
        "0": 0.0,
        "1": 0.0,
        "2": 96.66666666666667,
        "3": 97.2972972972973,
        "4": 91.95979899497488
      },
      {
        "0": 0.0,
        "1": 100.0,
        "2": 91.9047619047619,
        "3": 83.78378378378379,
        "4": 92.46231155778895
      },
      {
        "0": 0.0,
        "1": 100.0,
        "2": 95.23809523809523,
        "3": 91.8918918918919,
        "4": 91.95979899497488
      },
      {
        "0": 0.0,
        "1": 100.0,
        "2": 96.19047619047619,
        "3": 97.2972972972973,
        "4": 68.34170854271356
      },
      {
        "0": 0.0,
        "1": 100.0,
        "2": 96.66666666666667,
        "3": 97.2972972972973,
        "4": 92.46231155778895
      },
      {
        "0": 0.0,
        "1": 100.0,
        "2": 94.76190476190476,
        "3": 97.2972972972973,
        "4": 91.95979899497488
      },
      {
        "0": 0.0,
        "1": 100.0,
        "2": 96.66666666666667,
        "3": 97.2972972972973,
        "4": 92.46231155778895
      },
      {
        "0": 0.0,
        "1": 100.0,
        "2": 96.66666666666667,
        "3": 97.2972972972973,
        "4": 91.95979899497488
      },
      {
        "0": 0.0,
        "1": 100.0,
        "2": 96.66666666666667,
        "3": 97.2972972972973,
        "4": 91.95979899497488
      },
      {
        "0": 0.0,
        "1": 100.0,
        "2": 96.19047619047619,
        "3": 97.2972972972973,
        "4": 91.95979899497488
      }
    ],
    "learning_rates": [
      2.98214809386295e-05,
      2.929031948627973e-05,
      2.8419594600731333e-05,
      2.7230746418436738e-05,
      2.5753048327204938e-05,
      2.402288615824086e-05,
      2.208286224622343e-05,
      1.9980746418436738e-05,
      1.776829974308335e-05,
      1.55e-05,
      1.3231700256916657e-05,
      1.1019253581563265e-05,
      8.917137753776572e-06,
      6.977113841759141e-06,
      5.2469516727950615e-06
    ]
  },
  "best_metrics": {
    "best_val_accuracy": 0.0,
    "best_epoch": 0,
    "best_class_accuracy": {}
  },
  "last_update": "2025-08-24 23:55:06"
}