{
  "experiment_info": {
    "dataset": "LINEAR",
    "model_type": "linear_noise",
    "sde_config": 1,
    "start_time": "20250824_140843",
    "log_file": "LINEAR_linear_noise_config1_20250824_140843.log"
  },
  "training_history": {
    "epochs": [
      0,
      1,
      2,
      3,
      4,
      5,
      6,
      7,
      8,
      9,
      10,
      11,
      12,
      13,
      14,
      15,
      16,
      17,
      18,
      19,
      20,
      21,
      22,
      23,
      24,
      25,
      26,
      27,
      28,
      29,
      30,
      31,
      32,
      33,
      34,
      35,
      36,
      37,
      38,
      39,
      40,
      41,
      42,
      43,
      44,
      45,
      46,
      47,
      48,
      49,
      50,
      51,
      52,
      53,
      54,
      55,
      56,
      57,
      58,
      59,
      60,
      61,
      62,
      63,
      64,
      65,
      66,
      67,
      68,
      69,
      70,
      71,
      72,
      73,
      74
    ],
    "train_loss": [
      0.29796039807887476,
      0.2555190734280885,
      0.2286452846103952,
      0.12792348386790917,
      0.0966937963971655,
      0.08728107646505796,
      0.07882260144439363,
      0.07284351298941001,
      0.07204612530767918,
      0.07437148255132536,
      0.0711861262169048,
      0.06955847934684681,
      0.07071674468692478,
      0.06929921623290951,
      0.06788225420786224,
      0.06694022341425182,
      0.06673974026250475,
      0.06586118517372444,
      0.06628848686245561,
      0.0653286632434785,
      0.0708156363853744,
      0.07116805663943745,
      0.07039091312362038,
      0.07199097916711378,
      0.07385945295957663,
      0.0684672049068995,
      0.06960094033363666,
      0.069436983653266,
      0.06964585662798117,
      0.0684641582166193,
      0.06685049401041661,
      0.06703519858135522,
      0.06787162820118985,
      0.06742637945722987,
      0.06739180283407674,
      0.06937067173705756,
      0.06513272156185321,
      0.06653574564074742,
      0.06630789184274564,
      0.06571044708879395,
      0.06649639069294656,
      0.06616346218146896,
      0.06901378521539328,
      0.06449331577781958,
      0.0655810518602606,
      0.06234873258259915,
      0.06426897562528384,
      0.06356261916572356,
      0.06419500695783219,
      0.06368111162126519,
      0.06380191273304797,
      0.06329861864845716,
      0.06315078899150586,
      0.06271082791322061,
      0.061324332421290054,
      0.06309316593101462,
      0.06322316612109884,
      0.06307882740240515,
      0.06120097630067181,
      0.062441616795445215,
      0.0669868885475488,
      0.06677337373315378,
      0.07086554687214262,
      0.06542477084195795,
      0.06710603287912735,
      0.06735102324711002,
      0.06621178927767368,
      0.06694570186597701,
      0.06600733026009024,
      0.06639766093087561,
      0.06657919276306648,
      0.06646140197021816,
      0.06682440305825409,
      0.06594771435413196,
      0.06581837915680336
    ],
    "train_accuracy": [
      41.91688686043719,
      42.46937304828249,
      56.88205620946433,
      78.21282728801346,
      83.06509728561134,
      85.15493634398271,
      84.8426615421571,
      86.50012010569301,
      86.6682680759068,
      86.81239490751862,
      87.29281767955801,
      87.58107134278164,
      87.26879654095605,
      87.58107134278164,
      88.2536632236368,
      88.22964208503483,
      88.3257266394427,
      88.44583233245255,
      88.4938746096565,
      88.54191688686043,
      87.9413884218112,
      87.43694451116983,
      87.7011770357915,
      87.07662743214028,
      87.3889022339659,
      88.42181119385059,
      88.80614941148211,
      88.7340859956762,
      88.37376891664665,
      89.07038193610377,
      88.80614941148211,
      88.83017055008408,
      89.14244535190969,
      88.68604371847225,
      88.83017055008408,
      88.83017055008408,
      88.99831852029786,
      89.38265673792938,
      89.14244535190969,
      89.38265673792938,
      89.16646649051165,
      89.59884698534711,
      89.31059332212347,
      89.50276243093923,
      89.23852990631757,
      89.38265673792938,
      89.71895267835696,
      89.33461446072543,
      89.74297381695892,
      89.55080470814316,
      89.62286812394908,
      89.76699495556089,
      89.50276243093923,
      89.69493153975499,
      89.81503723276484,
      89.86307950996877,
      89.74297381695892,
      89.74297381695892,
      89.59884698534711,
      89.59884698534711,
      89.2865721835215,
      89.45472015373528,
      89.07038193610377,
      89.31059332212347,
      89.16646649051165,
      88.63800144126832,
      88.58995916406438,
      88.15757866922893,
      88.7340859956762,
      89.23852990631757,
      88.90223396588998,
      88.34974777804467,
      89.2865721835215,
      89.23852990631757,
      89.26255104491953
    ],
    "val_loss": [
      0.2528682053089142,
      0.24176580327398636,
      0.1473971033359275,
      0.08962658847517826,
      0.07268273446928053,
      0.07650953290217063,
      0.06596188937478206,
      0.06385423385483377,
      0.06821880445760839,
      0.05888099617817823,
      0.06343571743106141,
      0.0637310059631572,
      0.06229905499254956,
      0.06330250466571134,
      0.060554894563906336,
      0.05994415896780351,
      0.0611320333007504,
      0.059772995574509394,
      0.059857073294765806,
      0.06002151505912051,
      0.06334996585022001,
      0.0666227693505147,
      0.06567550735438571,
      0.06514991041930283,
      0.0632833496612661,
      0.06257335863569204,
      0.06042364042471437,
      0.06348923276014187,
      0.06387099755160949,
      0.06196946497349178,
      0.06611917737652273,
      0.060285517288481485,
      0.06333106789080535,
      0.06064633455346612,
      0.06057971233830733,
      0.06311704426565591,
      0.06301242091199931,
      0.06144116062890081,
      0.06017004632774521,
      0.05977289006114006,
      0.06112005473936305,
      0.0607400322880815,
      0.06063709890141206,
      0.060024092412170243,
      0.06154270886498339,
      0.06028380957158173,
      0.05974356512374738,
      0.06167695068699472,
      0.06002007643966114,
      0.05980002277475946,
      0.06130146815934602,
      0.0613724301185678,
      0.060201011378975475,
      0.060362204799757284,
      0.06003995305475067,
      0.06004570731345345,
      0.059886847787043625,
      0.059379764449070484,
      0.059332080075846,
      0.05970685096348033,
      0.061136809013345665,
      0.06669393225627787,
      0.06223596172297702,
      0.060222716344630015,
      0.059552185237407684,
      0.06083302649066729,
      0.06476838032112402,
      0.06166795871275313,
      0.06252866840976126,
      0.06016793321160709,
      0.06406325562035337,
      0.05966533106916091,
      0.06535295407999964,
      0.06525103999849628,
      0.070754384074141
    ],
    "val_accuracy": [
      38.84615384615385,
      40.38461538461539,
      73.26923076923077,
      85.57692307692308,
      86.15384615384616,
      88.07692307692308,
      86.92307692307692,
      87.88461538461539,
      86.92307692307692,
      88.46153846153847,
      88.26923076923077,
      88.84615384615384,
      89.42307692307692,
      88.26923076923077,
      88.84615384615384,
      89.23076923076923,
      89.23076923076923,
      85.57692307692308,
      85.38461538461539,
      89.03846153846153,
      84.42307692307692,
      87.6923076923077,
      87.5,
      80.57692307692308,
      88.07692307692308,
      84.8076923076923,
      89.42307692307692,
      88.26923076923077,
      86.92307692307692,
      88.07692307692308,
      88.46153846153847,
      89.42307692307692,
      87.6923076923077,
      89.23076923076923,
      89.23076923076923,
      87.3076923076923,
      87.88461538461539,
      88.46153846153847,
      89.23076923076923,
      88.84615384615384,
      89.03846153846153,
      88.84615384615384,
      89.03846153846153,
      89.03846153846153,
      88.46153846153847,
      88.84615384615384,
      89.03846153846153,
      89.42307692307692,
      89.42307692307692,
      88.84615384615384,
      89.03846153846153,
      89.23076923076923,
      89.23076923076923,
      89.23076923076923,
      89.03846153846153,
      89.03846153846153,
      89.03846153846153,
      89.23076923076923,
      89.23076923076923,
      89.23076923076923,
      88.84615384615384,
      85.0,
      88.26923076923077,
      89.23076923076923,
      89.42307692307692,
      88.26923076923077,
      87.3076923076923,
      89.03846153846153,
      84.23076923076923,
      89.03846153846153,
      88.26923076923077,
      87.6923076923077,
      88.26923076923077,
      86.53846153846153,
      76.53846153846153
    ],
    "class_accuracy_history": [
      {
        "0": 0.0,
        "1": 0.0,
        "2": 1.4285714285714286,
        "3": 0.0,
        "4": 100.0
      },
      {
        "0": 0.0,
        "1": 0.0,
        "2": 100.0,
        "3": 0.0,
        "4": 0.0
      },
      {
        "0": 0.0,
        "1": 0.0,
        "2": 87.14285714285714,
        "3": 4.054054054054054,
        "4": 97.98994974874373
      },
      {
        "0": 6.25,
        "1": 0.0,
        "2": 96.19047619047619,
        "3": 70.27027027027027,
        "4": 94.9748743718593
      },
      {
        "0": 0.0,
        "1": 0.0,
        "2": 96.66666666666667,
        "3": 87.83783783783784,
        "4": 90.45226130653266
      },
      {
        "0": 3.125,
        "1": 0.0,
        "2": 96.66666666666667,
        "3": 97.2972972972973,
        "4": 91.4572864321608
      },
      {
        "0": 0.0,
        "1": 40.0,
        "2": 92.38095238095238,
        "3": 97.2972972972973,
        "4": 92.46231155778895
      },
      {
        "0": 0.0,
        "1": 0.0,
        "2": 95.71428571428572,
        "3": 94.5945945945946,
        "4": 93.46733668341709
      },
      {
        "0": 0.0,
        "1": 0.0,
        "2": 93.33333333333333,
        "3": 97.2972972972973,
        "4": 92.46231155778895
      },
      {
        "0": 12.5,
        "1": 0.0,
        "2": 94.76190476190476,
        "3": 97.2972972972973,
        "4": 92.96482412060301
      },
      {
        "0": 0.0,
        "1": 0.0,
        "2": 96.66666666666667,
        "3": 97.2972972972973,
        "4": 92.46231155778895
      },
      {
        "0": 0.0,
        "1": 100.0,
        "2": 96.19047619047619,
        "3": 95.94594594594594,
        "4": 92.46231155778895
      },
      {
        "0": 0.0,
        "1": 100.0,
        "2": 96.66666666666667,
        "3": 97.2972972972973,
        "4": 92.96482412060301
      },
      {
        "0": 0.0,
        "1": 60.0,
        "2": 96.66666666666667,
        "3": 97.2972972972973,
        "4": 90.95477386934674
      },
      {
        "0": 0.0,
        "1": 100.0,
        "2": 96.66666666666667,
        "3": 97.2972972972973,
        "4": 91.4572864321608
      },
      {
        "0": 0.0,
        "1": 100.0,
        "2": 96.66666666666667,
        "3": 97.2972972972973,
        "4": 92.46231155778895
      },
      {
        "0": 0.0,
        "1": 100.0,
        "2": 96.66666666666667,
        "3": 97.2972972972973,
        "4": 92.46231155778895
      },
      {
        "0": 0.0,
        "1": 100.0,
        "2": 96.66666666666667,
        "3": 95.94594594594594,
        "4": 83.41708542713567
      },
      {
        "0": 0.0,
        "1": 100.0,
        "2": 96.66666666666667,
        "3": 97.2972972972973,
        "4": 82.41206030150754
      },
      {
        "0": 0.0,
        "1": 100.0,
        "2": 95.71428571428572,
        "3": 97.2972972972973,
        "4": 92.96482412060301
      },
      {
        "0": 0.0,
        "1": 100.0,
        "2": 92.85714285714286,
        "3": 97.2972972972973,
        "4": 83.91959798994975
      },
      {
        "0": 3.125,
        "1": 100.0,
        "2": 96.66666666666667,
        "3": 89.1891891891892,
        "4": 90.95477386934674
      },
      {
        "0": 0.0,
        "1": 0.0,
        "2": 96.66666666666667,
        "3": 97.2972972972973,
        "4": 90.45226130653266
      },
      {
        "0": 0.0,
        "1": 100.0,
        "2": 91.42857142857143,
        "3": 95.94594594594594,
        "4": 75.87939698492463
      },
      {
        "0": 0.0,
        "1": 80.0,
        "2": 94.76190476190476,
        "3": 97.2972972972973,
        "4": 91.95979899497488
      },
      {
        "0": 0.0,
        "1": 100.0,
        "2": 96.66666666666667,
        "3": 97.2972972972973,
        "4": 80.90452261306532
      },
      {
        "0": 0.0,
        "1": 100.0,
        "2": 96.66666666666667,
        "3": 95.94594594594594,
        "4": 93.46733668341709
      },
      {
        "0": 0.0,
        "1": 100.0,
        "2": 96.66666666666667,
        "3": 94.5945945945946,
        "4": 90.95477386934674
      },
      {
        "0": 0.0,
        "1": 100.0,
        "2": 94.76190476190476,
        "3": 90.54054054054053,
        "4": 90.95477386934674
      },
      {
        "0": 0.0,
        "1": 0.0,
        "2": 96.66666666666667,
        "3": 97.2972972972973,
        "4": 91.95979899497488
      },
      {
        "0": 0.0,
        "1": 100.0,
        "2": 96.66666666666667,
        "3": 95.94594594594594,
        "4": 90.95477386934674
      },
      {
        "0": 0.0,
        "1": 100.0,
        "2": 96.66666666666667,
        "3": 97.2972972972973,
        "4": 92.96482412060301
      },
      {
        "0": 0.0,
        "1": 100.0,
        "2": 92.85714285714286,
        "3": 97.2972972972973,
        "4": 92.46231155778895
      },
      {
        "0": 0.0,
        "1": 100.0,
        "2": 96.66666666666667,
        "3": 97.2972972972973,
        "4": 92.46231155778895
      },
      {
        "0": 0.0,
        "1": 100.0,
        "2": 96.66666666666667,
        "3": 97.2972972972973,
        "4": 92.46231155778895
      },
      {
        "0": 0.0,
        "1": 60.0,
        "2": 92.38095238095238,
        "3": 95.94594594594594,
        "4": 93.46733668341709
      },
      {
        "0": 0.0,
        "1": 100.0,
        "2": 92.85714285714286,
        "3": 95.94594594594594,
        "4": 93.46733668341709
      },
      {
        "0": 0.0,
        "1": 100.0,
        "2": 94.76190476190476,
        "3": 97.2972972972973,
        "4": 92.46231155778895
      },
      {
        "0": 0.0,
        "1": 100.0,
        "2": 96.66666666666667,
        "3": 97.2972972972973,
        "4": 92.46231155778895
      },
      {
        "0": 0.0,
        "1": 100.0,
        "2": 96.19047619047619,
        "3": 97.2972972972973,
        "4": 91.95979899497488
      },
      {
        "0": 0.0,
        "1": 100.0,
        "2": 96.66666666666667,
        "3": 97.2972972972973,
        "4": 91.95979899497488
      },
      {
        "0": 0.0,
        "1": 100.0,
        "2": 95.71428571428572,
        "3": 95.94594594594594,
        "4": 92.96482412060301
      },
      {
        "0": 0.0,
        "1": 100.0,
        "2": 96.66666666666667,
        "3": 97.2972972972973,
        "4": 91.95979899497488
      },
      {
        "0": 0.0,
        "1": 100.0,
        "2": 96.66666666666667,
        "3": 97.2972972972973,
        "4": 91.95979899497488
      },
      {
        "0": 0.0,
        "1": 100.0,
        "2": 96.19047619047619,
        "3": 90.54054054054053,
        "4": 93.46733668341709
      },
      {
        "0": 0.0,
        "1": 100.0,
        "2": 96.19047619047619,
        "3": 95.94594594594594,
        "4": 92.46231155778895
      },
      {
        "0": 0.0,
        "1": 100.0,
        "2": 96.66666666666667,
        "3": 95.94594594594594,
        "4": 92.46231155778895
      },
      {
        "0": 0.0,
        "1": 100.0,
        "2": 96.66666666666667,
        "3": 97.2972972972973,
        "4": 92.96482412060301
      },
      {
        "0": 0.0,
        "1": 100.0,
        "2": 96.66666666666667,
        "3": 97.2972972972973,
        "4": 92.96482412060301
      },
      {
        "0": 0.0,
        "1": 100.0,
        "2": 95.71428571428572,
        "3": 95.94594594594594,
        "4": 92.96482412060301
      },
      {
        "0": 0.0,
        "1": 100.0,
        "2": 96.66666666666667,
        "3": 95.94594594594594,
        "4": 92.46231155778895
      },
      {
        "0": 0.0,
        "1": 100.0,
        "2": 96.66666666666667,
        "3": 97.2972972972973,
        "4": 92.46231155778895
      },
      {
        "0": 0.0,
        "1": 100.0,
        "2": 96.66666666666667,
        "3": 97.2972972972973,
        "4": 92.46231155778895
      },
      {
        "0": 0.0,
        "1": 100.0,
        "2": 96.66666666666667,
        "3": 97.2972972972973,
        "4": 92.46231155778895
      },
      {
        "0": 0.0,
        "1": 100.0,
        "2": 96.19047619047619,
        "3": 97.2972972972973,
        "4": 92.46231155778895
      },
      {
        "0": 0.0,
        "1": 100.0,
        "2": 96.66666666666667,
        "3": 97.2972972972973,
        "4": 91.95979899497488
      },
      {
        "0": 0.0,
        "1": 100.0,
        "2": 96.66666666666667,
        "3": 97.2972972972973,
        "4": 91.95979899497488
      },
      {
        "0": 0.0,
        "1": 100.0,
        "2": 96.66666666666667,
        "3": 97.2972972972973,
        "4": 92.46231155778895
      },
      {
        "0": 0.0,
        "1": 100.0,
        "2": 96.66666666666667,
        "3": 97.2972972972973,
        "4": 92.46231155778895
      },
      {
        "0": 0.0,
        "1": 100.0,
        "2": 96.66666666666667,
        "3": 97.2972972972973,
        "4": 92.46231155778895
      },
      {
        "0": 0.0,
        "1": 100.0,
        "2": 95.23809523809523,
        "3": 97.2972972972973,
        "4": 92.96482412060301
      },
      {
        "0": 0.0,
        "1": 100.0,
        "2": 96.66666666666667,
        "3": 94.5945945945946,
        "4": 82.41206030150754
      },
      {
        "0": 0.0,
        "1": 100.0,
        "2": 95.23809523809523,
        "3": 95.94594594594594,
        "4": 91.95979899497488
      },
      {
        "0": 0.0,
        "1": 100.0,
        "2": 96.66666666666667,
        "3": 97.2972972972973,
        "4": 92.46231155778895
      },
      {
        "0": 0.0,
        "1": 100.0,
        "2": 96.66666666666667,
        "3": 97.2972972972973,
        "4": 92.96482412060301
      },
      {
        "0": 0.0,
        "1": 0.0,
        "2": 96.66666666666667,
        "3": 97.2972972972973,
        "4": 92.46231155778895
      },
      {
        "0": 0.0,
        "1": 100.0,
        "2": 96.66666666666667,
        "3": 94.5945945945946,
        "4": 88.44221105527639
      },
      {
        "0": 0.0,
        "1": 100.0,
        "2": 96.19047619047619,
        "3": 95.94594594594594,
        "4": 92.96482412060301
      },
      {
        "0": 0.0,
        "1": 100.0,
        "2": 96.66666666666667,
        "3": 97.2972972972973,
        "4": 79.39698492462311
      },
      {
        "0": 0.0,
        "1": 100.0,
        "2": 96.66666666666667,
        "3": 97.2972972972973,
        "4": 91.95979899497488
      },
      {
        "0": 0.0,
        "1": 40.0,
        "2": 95.23809523809523,
        "3": 97.2972972972973,
        "4": 92.96482412060301
      },
      {
        "0": 0.0,
        "1": 100.0,
        "2": 96.66666666666667,
        "3": 97.2972972972973,
        "4": 88.44221105527639
      },
      {
        "0": 0.0,
        "1": 100.0,
        "2": 96.66666666666667,
        "3": 94.5945945945946,
        "4": 90.95477386934674
      },
      {
        "0": 0.0,
        "1": 100.0,
        "2": 89.52380952380953,
        "3": 97.2972972972973,
        "4": 92.96482412060301
      },
      {
        "0": 0.0,
        "1": 100.0,
        "2": 89.52380952380953,
        "3": 86.48648648648648,
        "4": 70.85427135678391
      }
    ],
    "learning_rates": [
      2.98214809386295e-05,
      2.929031948627973e-05,
      2.8419594600731333e-05,
      2.7230746418436738e-05,
      2.5753048327204938e-05,
      2.402288615824086e-05,
      2.208286224622343e-05,
      1.9980746418436738e-05,
      1.776829974308335e-05,
      1.55e-05,
      1.3231700256916657e-05,
      1.1019253581563265e-05,
      8.917137753776572e-06,
      6.977113841759141e-06,
      5.2469516727950615e-06,
      3.769253581563264e-06,
      2.580405399268667e-06,
      1.7096805137202739e-06,
      1.1785190613705039e-06,
      3e-05,
      2.995530133913036e-05,
      2.98214809386295e-05,
      2.959936384576631e-05,
      2.929031948627973e-05,
      2.8896253221413658e-05,
      2.8419594600731333e-05,
      2.7863282383134336e-05,
      2.7230746418436738e-05,
      2.652588650120045e-05,
      2.5753048327204938e-05,
      2.491699670078767e-05,
      2.402288615824086e-05,
      2.307622918838126e-05,
      2.208286224622343e-05,
      2.1048909769293804e-05,
      1.9980746418436738e-05,
      1.8884957775910632e-05,
      1.776829974308335e-05,
      1.6637656888053755e-05,
      1.55e-05,
      1.436234311194625e-05,
      1.3231700256916657e-05,
      1.2115042224089373e-05,
      1.1019253581563265e-05,
      9.951090230706199e-06,
      8.917137753776572e-06,
      7.923770811618742e-06,
      6.977113841759141e-06,
      6.083003299212339e-06,
      5.2469516727950615e-06,
      4.474113498799551e-06,
      3.769253581563264e-06,
      3.1367176168656638e-06,
      2.580405399268667e-06,
      2.1037467785863424e-06,
      1.7096805137202739e-06,
      1.4006361542336899e-06,
      1.1785190613705039e-06,
      1.0446986608696444e-06,
      3e-05,
      2.9988821025490485e-05,
      2.995530133913036e-05,
      2.9899492625846433e-05,
      2.98214809386295e-05,
      2.9721386565846843e-05,
      2.959936384576631e-05,
      2.9455600928577886e-05,
      2.929031948627973e-05,
      2.9103774370876022e-05,
      2.8896253221413658e-05,
      2.866807602046368e-05,
      2.8419594600731333e-05,
      2.8151192102555558e-05,
      2.7863282383134336e-05,
      2.7556309378386908e-05
    ]
  },
  "best_metrics": {
    "best_val_accuracy": 89.42307692307692,
    "best_epoch": 12,
    "best_class_accuracy": {
      "0": 0.0,
      "1": 100.0,
      "2": 96.66666666666667,
      "3": 97.2972972972973,
      "4": 92.96482412060301
    }
  },
  "last_update": "2025-08-25 01:09:42"
}