{
  "dataset": "MACHO",
  "model_type": "langevin",
  "sde_config": 1,
  "start_time": "20250830_092332",
  "date": "20250830",
  "epochs": [
    {
      "epoch": 1,
      "train_loss": 5.2011415630579,
      "train_acc": 65.703125,
      "val_loss": 0.9614664415518442,
      "val_acc": 68.32298136645963,
      "timestamp": "2025-08-30 09:23:35",
      "train_f1": 62.045601820306054,
      "train_recall": 65.703125,
      "val_f1": 65.17233800327814,
      "val_recall": 68.32298136645963,
      "confusion_matrix": [
        [
          17,
          0,
          0,
          0,
          7,
          0,
          0
        ],
        [
          0,
          18,
          4,
          0,
          0,
          0,
          0
        ],
        [
          1,
          12,
          17,
          2,
          9,
          0,
          14
        ],
        [
          4,
          0,
          0,
          14,
          2,
          0,
          0
        ],
        [
          5,
          1,
          1,
          0,
          46,
          0,
          29
        ],
        [
          2,
          0,
          0,
          0,
          6,
          0,
          1
        ],
        [
          0,
          0,
          0,
          0,
          2,
          0,
          108
        ]
      ],
      "class_accuracies": {
        "class_0": 70.83333333333334,
        "class_1": 81.81818181818183,
        "class_2": 30.909090909090907,
        "class_3": 70.0,
        "class_4": 56.09756097560976,
        "class_5": 0.0,
        "class_6": 98.18181818181819
      },
      "epoch_time": 3.1585147380828857,
      "learning_rate": 3e-05
    },
    {
      "epoch": 2,
      "train_loss": 5.176354908943177,
      "train_acc": 66.171875,
      "val_loss": 0.9575109283129374,
      "val_acc": 69.25465838509317,
      "timestamp": "2025-08-30 09:23:38",
      "train_f1": 62.47777322794944,
      "train_recall": 66.171875,
      "val_f1": 66.10110314759068,
      "val_recall": 69.25465838509317,
      "confusion_matrix": [
        [
          22,
          0,
          0,
          0,
          2,
          0,
          0
        ],
        [
          0,
          17,
          5,
          0,
          0,
          0,
          0
        ],
        [
          2,
          11,
          18,
          2,
          8,
          0,
          14
        ],
        [
          6,
          0,
          0,
          14,
          0,
          0,
          0
        ],
        [
          7,
          1,
          1,
          0,
          44,
          0,
          29
        ],
        [
          2,
          0,
          0,
          0,
          6,
          0,
          1
        ],
        [
          0,
          0,
          0,
          0,
          2,
          0,
          108
        ]
      ],
      "class_accuracies": {
        "class_0": 91.66666666666666,
        "class_1": 77.27272727272727,
        "class_2": 32.72727272727273,
        "class_3": 70.0,
        "class_4": 53.65853658536586,
        "class_5": 0.0,
        "class_6": 98.18181818181819
      },
      "epoch_time": 2.587784767150879,
      "learning_rate": 3e-05
    },
    {
      "epoch": 3,
      "train_loss": 5.130863204598427,
      "train_acc": 67.421875,
      "val_loss": 0.962694376707077,
      "val_acc": 69.56521739130434,
      "timestamp": "2025-08-30 09:23:41",
      "train_f1": 63.89007825973678,
      "train_recall": 67.421875,
      "val_f1": 66.56564025552498,
      "val_recall": 69.56521739130434,
      "confusion_matrix": [
        [
          21,
          0,
          0,
          0,
          3,
          0,
          0
        ],
        [
          0,
          17,
          5,
          0,
          0,
          0,
          0
        ],
        [
          3,
          11,
          18,
          2,
          7,
          0,
          14
        ],
        [
          6,
          0,
          0,
          14,
          0,
          0,
          0
        ],
        [
          7,
          1,
          1,
          0,
          46,
          0,
          27
        ],
        [
          2,
          0,
          0,
          0,
          6,
          0,
          1
        ],
        [
          0,
          0,
          0,
          0,
          2,
          0,
          108
        ]
      ],
      "class_accuracies": {
        "class_0": 87.5,
        "class_1": 77.27272727272727,
        "class_2": 32.72727272727273,
        "class_3": 70.0,
        "class_4": 56.09756097560976,
        "class_5": 0.0,
        "class_6": 98.18181818181819
      },
      "epoch_time": 2.6016926765441895,
      "learning_rate": 3e-05
    },
    {
      "epoch": 4,
      "train_loss": 5.111298900842667,
      "train_acc": 67.421875,
      "val_loss": 0.9593409399191538,
      "val_acc": 68.63354037267081,
      "timestamp": "2025-08-30 09:23:43",
      "train_f1": 64.18228584786722,
      "train_recall": 67.421875,
      "val_f1": 65.74154495009363,
      "val_recall": 68.63354037267081,
      "confusion_matrix": [
        [
          23,
          0,
          1,
          0,
          0,
          0,
          0
        ],
        [
          0,
          18,
          4,
          0,
          0,
          0,
          0
        ],
        [
          8,
          11,
          18,
          2,
          3,
          0,
          13
        ],
        [
          6,
          0,
          0,
          14,
          0,
          0,
          0
        ],
        [
          12,
          1,
          2,
          0,
          40,
          0,
          27
        ],
        [
          4,
          0,
          0,
          0,
          4,
          0,
          1
        ],
        [
          0,
          0,
          0,
          0,
          2,
          0,
          108
        ]
      ],
      "epoch_time": 2.5806522369384766,
      "learning_rate": 3e-05
    },
    {
      "epoch": 5,
      "train_loss": 5.111497616767883,
      "train_acc": 67.421875,
      "val_loss": 0.9606945117314657,
      "val_acc": 69.56521739130434,
      "timestamp": "2025-08-30 09:23:46",
      "train_f1": 63.89778472922588,
      "train_recall": 67.421875,
      "val_f1": 66.7152065524579,
      "val_recall": 69.56521739130434,
      "confusion_matrix": [
        [
          22,
          0,
          0,
          0,
          2,
          0,
          0
        ],
        [
          0,
          17,
          5,
          0,
          0,
          0,
          0
        ],
        [
          6,
          11,
          18,
          2,
          5,
          0,
          13
        ],
        [
          6,
          0,
          0,
          14,
          0,
          0,
          0
        ],
        [
          8,
          1,
          1,
          0,
          45,
          0,
          27
        ],
        [
          4,
          0,
          0,
          0,
          4,
          0,
          1
        ],
        [
          0,
          0,
          0,
          0,
          2,
          0,
          108
        ]
      ],
      "epoch_time": 2.584907054901123,
      "learning_rate": 3e-05
    },
    {
      "epoch": 6,
      "train_loss": 5.072929078340531,
      "train_acc": 69.0625,
      "val_loss": 0.9473240673542023,
      "val_acc": 67.70186335403727,
      "timestamp": "2025-08-30 09:23:49",
      "train_f1": 65.79478645061775,
      "train_recall": 69.0625,
      "val_f1": 64.745418776258,
      "val_recall": 67.70186335403726,
      "confusion_matrix": [
        [
          24,
          0,
          0,
          0,
          0,
          0,
          0
        ],
        [
          0,
          16,
          6,
          0,
          0,
          0,
          0
        ],
        [
          8,
          11,
          18,
          2,
          3,
          0,
          13
        ],
        [
          6,
          0,
          0,
          14,
          0,
          0,
          0
        ],
        [
          14,
          1,
          1,
          0,
          38,
          0,
          28
        ],
        [
          4,
          0,
          0,
          0,
          4,
          0,
          1
        ],
        [
          0,
          0,
          0,
          0,
          2,
          0,
          108
        ]
      ],
      "epoch_time": 2.586467981338501,
      "learning_rate": 3e-05
    },
    {
      "epoch": 7,
      "train_loss": 5.0123721837997435,
      "train_acc": 70.0,
      "val_loss": 0.944256196419398,
      "val_acc": 68.32298136645963,
      "timestamp": "2025-08-30 09:23:51",
      "train_f1": 67.19749578973115,
      "train_recall": 70.0,
      "val_f1": 65.51394866125221,
      "val_recall": 68.32298136645963,
      "confusion_matrix": [
        [
          24,
          0,
          0,
          0,
          0,
          0,
          0
        ],
        [
          0,
          16,
          6,
          0,
          0,
          0,
          0
        ],
        [
          8,
          11,
          18,
          2,
          3,
          0,
          13
        ],
        [
          6,
          0,
          0,
          14,
          0,
          0,
          0
        ],
        [
          14,
          1,
          1,
          0,
          40,
          0,
          26
        ],
        [
          4,
          0,
          0,
          0,
          4,
          0,
          1
        ],
        [
          0,
          0,
          0,
          0,
          2,
          0,
          108
        ]
      ],
      "epoch_time": 2.5799734592437744,
      "learning_rate": 3e-05
    },
    {
      "epoch": 8,
      "train_loss": 5.009408575296402,
      "train_acc": 70.0,
      "val_loss": 0.9478698372840881,
      "val_acc": 68.01242236024845,
      "timestamp": "2025-08-30 09:23:55",
      "train_f1": 67.22303419985764,
      "train_recall": 70.0,
      "val_f1": 65.24157018379654,
      "val_recall": 68.01242236024845,
      "confusion_matrix": [
        [
          24,
          0,
          0,
          0,
          0,
          0,
          0
        ],
        [
          0,
          16,
          6,
          0,
          0,
          0,
          0
        ],
        [
          8,
          11,
          18,
          2,
          3,
          0,
          13
        ],
        [
          6,
          0,
          0,
          14,
          0,
          0,
          0
        ],
        [
          14,
          1,
          1,
          0,
          40,
          0,
          26
        ],
        [
          4,
          0,
          0,
          0,
          4,
          0,
          1
        ],
        [
          0,
          0,
          0,
          0,
          3,
          0,
          107
        ]
      ],
      "epoch_time": 3.0351479053497314,
      "learning_rate": 3e-05
    },
    {
      "epoch": 9,
      "train_loss": 4.962676745653153,
      "train_acc": 70.390625,
      "val_loss": 0.9467334647973379,
      "val_acc": 67.70186335403727,
      "timestamp": "2025-08-30 09:23:58",
      "train_f1": 67.48458511158606,
      "train_recall": 70.390625,
      "val_f1": 65.00521726942506,
      "val_recall": 67.70186335403726,
      "confusion_matrix": [
        [
          22,
          0,
          0,
          0,
          2,
          0,
          0
        ],
        [
          0,
          16,
          6,
          0,
          0,
          0,
          0
        ],
        [
          7,
          11,
          18,
          2,
          4,
          0,
          13
        ],
        [
          6,
          0,
          0,
          14,
          0,
          0,
          0
        ],
        [
          13,
          1,
          1,
          0,
          41,
          0,
          26
        ],
        [
          4,
          0,
          0,
          0,
          4,
          0,
          1
        ],
        [
          0,
          0,
          0,
          0,
          3,
          0,
          107
        ]
      ],
      "epoch_time": 3.171218156814575,
      "learning_rate": 3e-05
    },
    {
      "epoch": 10,
      "train_loss": 4.908633646368981,
      "train_acc": 70.625,
      "val_loss": 0.955730527639389,
      "val_acc": 67.70186335403727,
      "timestamp": "2025-08-30 09:24:01",
      "train_f1": 67.79184256174406,
      "train_recall": 70.625,
      "val_f1": 64.89398448650289,
      "val_recall": 67.70186335403726,
      "confusion_matrix": [
        [
          21,
          0,
          0,
          0,
          3,
          0,
          0
        ],
        [
          0,
          16,
          6,
          0,
          0,
          0,
          0
        ],
        [
          8,
          9,
          17,
          2,
          6,
          0,
          13
        ],
        [
          6,
          0,
          0,
          14,
          0,
          0,
          0
        ],
        [
          11,
          1,
          1,
          0,
          43,
          0,
          26
        ],
        [
          3,
          0,
          0,
          0,
          5,
          0,
          1
        ],
        [
          0,
          0,
          0,
          0,
          3,
          0,
          107
        ]
      ],
      "epoch_time": 2.5853254795074463,
      "learning_rate": 3e-05
    },
    {
      "epoch": 11,
      "train_loss": 4.8965836554765705,
      "train_acc": 71.171875,
      "val_loss": 0.9440323909123739,
      "val_acc": 68.94409937888199,
      "timestamp": "2025-08-30 09:24:03",
      "train_f1": 68.7924965931189,
      "train_recall": 71.171875,
      "val_f1": 66.38644519094318,
      "val_recall": 68.94409937888199,
      "confusion_matrix": [
        [
          22,
          0,
          0,
          0,
          2,
          0,
          0
        ],
        [
          0,
          17,
          5,
          0,
          0,
          0,
          0
        ],
        [
          8,
          9,
          18,
          3,
          5,
          0,
          12
        ],
        [
          6,
          0,
          0,
          14,
          0,
          0,
          0
        ],
        [
          13,
          1,
          1,
          0,
          44,
          0,
          23
        ],
        [
          4,
          0,
          0,
          0,
          4,
          0,
          1
        ],
        [
          0,
          0,
          0,
          0,
          3,
          0,
          107
        ]
      ],
      "epoch_time": 2.5591633319854736,
      "learning_rate": 3e-05
    },
    {
      "epoch": 12,
      "train_loss": 4.856337904930115,
      "train_acc": 71.484375,
      "val_loss": 0.9343130985895792,
      "val_acc": 68.94409937888199,
      "timestamp": "2025-08-30 09:24:06",
      "train_f1": 69.18345903143688,
      "train_recall": 71.484375,
      "val_f1": 66.59422840869979,
      "val_recall": 68.94409937888199,
      "confusion_matrix": [
        [
          24,
          0,
          0,
          0,
          0,
          0,
          0
        ],
        [
          0,
          17,
          5,
          0,
          0,
          0,
          0
        ],
        [
          10,
          9,
          18,
          3,
          4,
          0,
          11
        ],
        [
          6,
          0,
          0,
          14,
          0,
          0,
          0
        ],
        [
          16,
          1,
          1,
          0,
          42,
          0,
          22
        ],
        [
          5,
          0,
          0,
          0,
          3,
          0,
          1
        ],
        [
          1,
          0,
          0,
          0,
          2,
          0,
          107
        ]
      ],
      "epoch_time": 2.6563944816589355,
      "learning_rate": 3e-05
    },
    {
      "epoch": 13,
      "train_loss": 4.853195634484291,
      "train_acc": 71.40625,
      "val_loss": 0.9576931595802307,
      "val_acc": 70.80745341614907,
      "timestamp": "2025-08-30 09:24:09",
      "train_f1": 69.03923404377483,
      "train_recall": 71.40625,
      "val_f1": 68.34214157146906,
      "val_recall": 70.80745341614907,
      "confusion_matrix": [
        [
          21,
          0,
          0,
          0,
          3,
          0,
          0
        ],
        [
          0,
          18,
          4,
          0,
          0,
          0,
          0
        ],
        [
          9,
          9,
          17,
          2,
          7,
          0,
          11
        ],
        [
          5,
          0,
          0,
          14,
          1,
          0,
          0
        ],
        [
          11,
          0,
          2,
          0,
          52,
          0,
          17
        ],
        [
          3,
          0,
          0,
          0,
          5,
          0,
          1
        ],
        [
          0,
          0,
          0,
          0,
          4,
          0,
          106
        ]
      ],
      "class_accuracies": {
        "class_0": 87.5,
        "class_1": 81.81818181818183,
        "class_2": 30.909090909090907,
        "class_3": 70.0,
        "class_4": 63.41463414634146,
        "class_5": 0.0,
        "class_6": 96.36363636363636
      },
      "epoch_time": 2.5681488513946533,
      "learning_rate": 3e-05
    },
    {
      "epoch": 14,
      "train_loss": 4.827003869414329,
      "train_acc": 73.59375,
      "val_loss": 0.9443905055522919,
      "val_acc": 71.73913043478261,
      "timestamp": "2025-08-30 09:24:12",
      "train_f1": 71.56045652220953,
      "train_recall": 73.59375,
      "val_f1": 69.39048068590655,
      "val_recall": 71.73913043478261,
      "confusion_matrix": [
        [
          22,
          0,
          0,
          0,
          2,
          0,
          0
        ],
        [
          0,
          18,
          4,
          0,
          0,
          0,
          0
        ],
        [
          9,
          9,
          17,
          2,
          7,
          0,
          11
        ],
        [
          6,
          0,
          0,
          14,
          0,
          0,
          0
        ],
        [
          11,
          0,
          2,
          0,
          54,
          0,
          15
        ],
        [
          4,
          0,
          0,
          0,
          4,
          0,
          1
        ],
        [
          0,
          0,
          0,
          0,
          4,
          0,
          106
        ]
      ],
      "class_accuracies": {
        "class_0": 91.66666666666666,
        "class_1": 81.81818181818183,
        "class_2": 30.909090909090907,
        "class_3": 70.0,
        "class_4": 65.85365853658537,
        "class_5": 0.0,
        "class_6": 96.36363636363636
      },
      "epoch_time": 2.655531883239746,
      "learning_rate": 3e-05
    },
    {
      "epoch": 15,
      "train_loss": 4.808599722385407,
      "train_acc": 73.671875,
      "val_loss": 0.9553739130496979,
      "val_acc": 72.36024844720497,
      "timestamp": "2025-08-30 09:24:15",
      "train_f1": 71.80507401027377,
      "train_recall": 73.671875,
      "val_f1": 70.14470915509592,
      "val_recall": 72.36024844720497,
      "confusion_matrix": [
        [
          21,
          0,
          0,
          0,
          3,
          0,
          0
        ],
        [
          0,
          18,
          4,
          0,
          0,
          0,
          0
        ],
        [
          9,
          9,
          18,
          2,
          8,
          0,
          9
        ],
        [
          5,
          0,
          0,
          14,
          1,
          0,
          0
        ],
        [
          11,
          0,
          1,
          0,
          57,
          0,
          13
        ],
        [
          2,
          0,
          0,
          0,
          6,
          0,
          1
        ],
        [
          0,
          0,
          0,
          0,
          5,
          0,
          105
        ]
      ],
      "class_accuracies": {
        "class_0": 87.5,
        "class_1": 81.81818181818183,
        "class_2": 32.72727272727273,
        "class_3": 70.0,
        "class_4": 69.51219512195121,
        "class_5": 0.0,
        "class_6": 95.45454545454545
      },
      "epoch_time": 2.5771689414978027,
      "learning_rate": 3e-05
    },
    {
      "epoch": 16,
      "train_loss": 4.793430539965629,
      "train_acc": 74.140625,
      "val_loss": 0.9571962058544159,
      "val_acc": 75.46583850931677,
      "timestamp": "2025-08-30 09:24:17",
      "train_f1": 72.45108535024349,
      "train_recall": 74.140625,
      "val_f1": 73.20791156326936,
      "val_recall": 75.46583850931677,
      "confusion_matrix": [
        [
          21,
          0,
          0,
          0,
          3,
          0,
          0
        ],
        [
          0,
          18,
          4,
          0,
          0,
          0,
          0
        ],
        [
          7,
          6,
          19,
          2,
          9,
          1,
          11
        ],
        [
          5,
          0,
          0,
          14,
          1,
          0,
          0
        ],
        [
          7,
          0,
          1,
          0,
          66,
          0,
          8
        ],
        [
          2,
          0,
          0,
          0,
          6,
          0,
          1
        ],
        [
          0,
          0,
          0,
          0,
          5,
          0,
          105
        ]
      ],
      "class_accuracies": {
        "class_0": 87.5,
        "class_1": 81.81818181818183,
        "class_2": 34.54545454545455,
        "class_3": 70.0,
        "class_4": 80.48780487804879,
        "class_5": 0.0,
        "class_6": 95.45454545454545
      },
      "epoch_time": 2.6176137924194336,
      "learning_rate": 3e-05
    },
    {
      "epoch": 17,
      "train_loss": 4.762980073690414,
      "train_acc": 74.453125,
      "val_loss": 0.9222024381160736,
      "val_acc": 73.91304347826087,
      "timestamp": "2025-08-30 09:24:20",
      "train_f1": 72.65264754514837,
      "train_recall": 74.453125,
      "val_f1": 72.81273923524819,
      "val_recall": 73.91304347826086,
      "confusion_matrix": [
        [
          22,
          0,
          0,
          0,
          2,
          0,
          0
        ],
        [
          0,
          18,
          4,
          0,
          0,
          0,
          0
        ],
        [
          9,
          6,
          25,
          2,
          5,
          0,
          8
        ],
        [
          6,
          0,
          0,
          14,
          0,
          0,
          0
        ],
        [
          15,
          0,
          2,
          0,
          52,
          0,
          13
        ],
        [
          4,
          0,
          0,
          0,
          4,
          0,
          1
        ],
        [
          0,
          0,
          0,
          0,
          2,
          1,
          107
        ]
      ],
      "epoch_time": 2.573486328125,
      "learning_rate": 1.5e-05
    },
    {
      "epoch": 18,
      "train_loss": 4.754921939969063,
      "train_acc": 76.171875,
      "val_loss": 0.9314955770969391,
      "val_acc": 76.08695652173913,
      "timestamp": "2025-08-30 09:24:23",
      "train_f1": 74.88556540042721,
      "train_recall": 76.171875,
      "val_f1": 74.65450087073093,
      "val_recall": 76.08695652173914,
      "confusion_matrix": [
        [
          21,
          0,
          0,
          0,
          3,
          0,
          0
        ],
        [
          0,
          18,
          4,
          0,
          0,
          0,
          0
        ],
        [
          8,
          4,
          25,
          2,
          8,
          0,
          8
        ],
        [
          5,
          0,
          0,
          14,
          1,
          0,
          0
        ],
        [
          10,
          0,
          2,
          0,
          62,
          0,
          8
        ],
        [
          2,
          0,
          0,
          0,
          6,
          0,
          1
        ],
        [
          0,
          0,
          0,
          0,
          5,
          0,
          105
        ]
      ],
      "class_accuracies": {
        "class_0": 87.5,
        "class_1": 81.81818181818183,
        "class_2": 45.45454545454545,
        "class_3": 70.0,
        "class_4": 75.60975609756098,
        "class_5": 0.0,
        "class_6": 95.45454545454545
      },
      "epoch_time": 2.6304256916046143,
      "learning_rate": 1.5e-05
    },
    {
      "epoch": 19,
      "train_loss": 4.737317496538163,
      "train_acc": 74.765625,
      "val_loss": 0.922950396935145,
      "val_acc": 77.32919254658385,
      "timestamp": "2025-08-30 09:24:26",
      "train_f1": 73.03721021309696,
      "train_recall": 74.765625,
      "val_f1": 76.36954917740387,
      "val_recall": 77.32919254658384,
      "confusion_matrix": [
        [
          22,
          0,
          0,
          0,
          2,
          0,
          0
        ],
        [
          0,
          18,
          4,
          0,
          0,
          0,
          0
        ],
        [
          8,
          4,
          28,
          2,
          6,
          0,
          7
        ],
        [
          5,
          0,
          0,
          14,
          1,
          0,
          0
        ],
        [
          11,
          0,
          2,
          0,
          61,
          1,
          7
        ],
        [
          4,
          0,
          0,
          0,
          4,
          0,
          1
        ],
        [
          0,
          0,
          0,
          0,
          4,
          0,
          106
        ]
      ],
      "class_accuracies": {
        "class_0": 91.66666666666666,
        "class_1": 81.81818181818183,
        "class_2": 50.90909090909091,
        "class_3": 70.0,
        "class_4": 74.39024390243902,
        "class_5": 0.0,
        "class_6": 96.36363636363636
      },
      "epoch_time": 2.5684120655059814,
      "learning_rate": 1.5e-05
    },
    {
      "epoch": 20,
      "train_loss": 4.736859381198883,
      "train_acc": 76.5625,
      "val_loss": 0.9214518964290619,
      "val_acc": 76.7080745341615,
      "timestamp": "2025-08-30 09:24:28",
      "train_f1": 75.23325208249133,
      "train_recall": 76.5625,
      "val_f1": 75.8185119361868,
      "val_recall": 76.70807453416148,
      "confusion_matrix": [
        [
          22,
          0,
          0,
          0,
          2,
          0,
          0
        ],
        [
          0,
          18,
          4,
          0,
          0,
          0,
          0
        ],
        [
          8,
          5,
          27,
          2,
          6,
          0,
          7
        ],
        [
          5,
          0,
          0,
          14,
          1,
          0,
          0
        ],
        [
          11,
          0,
          2,
          0,
          61,
          1,
          7
        ],
        [
          4,
          0,
          0,
          0,
          4,
          0,
          1
        ],
        [
          0,
          0,
          0,
          0,
          4,
          1,
          105
        ]
      ],
      "epoch_time": 2.5836119651794434,
      "learning_rate": 1.5e-05
    },
    {
      "epoch": 21,
      "train_loss": 4.70893814265728,
      "train_acc": 76.953125,
      "val_loss": 0.9191093444824219,
      "val_acc": 77.01863354037268,
      "timestamp": "2025-08-30 09:24:31",
      "train_f1": 75.59147040671735,
      "train_recall": 76.953125,
      "val_f1": 76.04229052846186,
      "val_recall": 77.01863354037268,
      "confusion_matrix": [
        [
          22,
          0,
          0,
          0,
          2,
          0,
          0
        ],
        [
          0,
          18,
          4,
          0,
          0,
          0,
          0
        ],
        [
          8,
          5,
          27,
          2,
          6,
          0,
          7
        ],
        [
          5,
          0,
          0,
          14,
          1,
          0,
          0
        ],
        [
          12,
          0,
          2,
          0,
          61,
          0,
          7
        ],
        [
          4,
          0,
          0,
          0,
          4,
          0,
          1
        ],
        [
          0,
          0,
          0,
          0,
          3,
          1,
          106
        ]
      ],
      "epoch_time": 2.615673065185547,
      "learning_rate": 1.5e-05
    },
    {
      "epoch": 22,
      "train_loss": 4.677739703655243,
      "train_acc": 76.09375,
      "val_loss": 0.926810751358668,
      "val_acc": 76.7080745341615,
      "timestamp": "2025-08-30 09:24:34",
      "train_f1": 74.93567086300882,
      "train_recall": 76.09375,
      "val_f1": 75.57906229456323,
      "val_recall": 76.70807453416148,
      "confusion_matrix": [
        [
          21,
          0,
          0,
          0,
          3,
          0,
          0
        ],
        [
          0,
          18,
          4,
          0,
          0,
          0,
          0
        ],
        [
          8,
          5,
          27,
          2,
          6,
          0,
          7
        ],
        [
          5,
          0,
          0,
          14,
          1,
          0,
          0
        ],
        [
          10,
          0,
          2,
          0,
          62,
          1,
          7
        ],
        [
          2,
          0,
          0,
          0,
          6,
          0,
          1
        ],
        [
          0,
          0,
          0,
          0,
          5,
          0,
          105
        ]
      ],
      "epoch_time": 2.641292095184326,
      "learning_rate": 1.5e-05
    },
    {
      "epoch": 23,
      "train_loss": 4.671843087673187,
      "train_acc": 77.734375,
      "val_loss": 0.9240209658940634,
      "val_acc": 77.32919254658385,
      "timestamp": "2025-08-30 09:24:37",
      "train_f1": 76.42566675026143,
      "train_recall": 77.734375,
      "val_f1": 76.32700213040476,
      "val_recall": 77.32919254658384,
      "confusion_matrix": [
        [
          21,
          0,
          0,
          0,
          3,
          0,
          0
        ],
        [
          0,
          19,
          3,
          0,
          0,
          0,
          0
        ],
        [
          7,
          5,
          28,
          2,
          6,
          0,
          7
        ],
        [
          5,
          0,
          0,
          14,
          1,
          0,
          0
        ],
        [
          10,
          0,
          2,
          0,
          62,
          1,
          7
        ],
        [
          2,
          0,
          0,
          0,
          6,
          0,
          1
        ],
        [
          0,
          0,
          0,
          0,
          4,
          1,
          105
        ]
      ],
      "epoch_time": 2.5637683868408203,
      "learning_rate": 1.5e-05
    },
    {
      "epoch": 24,
      "train_loss": 4.706062987446785,
      "train_acc": 77.890625,
      "val_loss": 0.9257493615150452,
      "val_acc": 78.88198757763975,
      "timestamp": "2025-08-30 09:24:40",
      "train_f1": 76.70026219939304,
      "train_recall": 77.890625,
      "val_f1": 77.72653220653226,
      "val_recall": 78.88198757763976,
      "confusion_matrix": [
        [
          21,
          0,
          0,
          0,
          3,
          0,
          0
        ],
        [
          0,
          20,
          2,
          0,
          0,
          0,
          0
        ],
        [
          7,
          5,
          29,
          2,
          5,
          0,
          7
        ],
        [
          5,
          0,
          0,
          14,
          1,
          0,
          0
        ],
        [
          8,
          0,
          2,
          0,
          65,
          1,
          6
        ],
        [
          2,
          0,
          0,
          0,
          6,
          0,
          1
        ],
        [
          0,
          0,
          0,
          0,
          5,
          0,
          105
        ]
      ],
      "class_accuracies": {
        "class_0": 87.5,
        "class_1": 90.9090909090909,
        "class_2": 52.72727272727272,
        "class_3": 70.0,
        "class_4": 79.26829268292683,
        "class_5": 0.0,
        "class_6": 95.45454545454545
      },
      "epoch_time": 2.552380323410034,
      "learning_rate": 1.5e-05
    },
    {
      "epoch": 25,
      "train_loss": 4.658189108967781,
      "train_acc": 77.96875,
      "val_loss": 0.9223644137382507,
      "val_acc": 78.26086956521739,
      "timestamp": "2025-08-30 09:24:43",
      "train_f1": 76.85855466616648,
      "train_recall": 77.96875,
      "val_f1": 77.0709584920995,
      "val_recall": 78.26086956521739,
      "confusion_matrix": [
        [
          21,
          0,
          0,
          0,
          3,
          0,
          0
        ],
        [
          0,
          20,
          2,
          0,
          0,
          0,
          0
        ],
        [
          7,
          5,
          28,
          2,
          6,
          0,
          7
        ],
        [
          5,
          0,
          0,
          14,
          1,
          0,
          0
        ],
        [
          9,
          0,
          2,
          0,
          64,
          0,
          7
        ],
        [
          2,
          0,
          0,
          0,
          6,
          0,
          1
        ],
        [
          0,
          0,
          0,
          0,
          4,
          1,
          105
        ]
      ],
      "epoch_time": 2.6324846744537354,
      "learning_rate": 1.5e-05
    },
    {
      "epoch": 26,
      "train_loss": 4.639663565158844,
      "train_acc": 77.96875,
      "val_loss": 0.9120623568693796,
      "val_acc": 77.95031055900621,
      "timestamp": "2025-08-30 09:24:45",
      "train_f1": 76.80563001903509,
      "train_recall": 77.96875,
      "val_f1": 77.14069535944434,
      "val_recall": 77.95031055900621,
      "confusion_matrix": [
        [
          22,
          0,
          0,
          0,
          2,
          0,
          0
        ],
        [
          0,
          20,
          2,
          0,
          0,
          0,
          0
        ],
        [
          7,
          5,
          29,
          2,
          4,
          0,
          8
        ],
        [
          5,
          0,
          0,
          14,
          1,
          0,
          0
        ],
        [
          12,
          0,
          2,
          0,
          60,
          1,
          7
        ],
        [
          4,
          0,
          0,
          0,
          4,
          0,
          1
        ],
        [
          0,
          0,
          1,
          0,
          2,
          1,
          106
        ]
      ],
      "epoch_time": 2.663466691970825,
      "learning_rate": 1.5e-05
    },
    {
      "epoch": 27,
      "train_loss": 4.659095805883408,
      "train_acc": 78.671875,
      "val_loss": 0.9162315527598063,
      "val_acc": 77.01863354037268,
      "timestamp": "2025-08-30 09:24:48",
      "train_f1": 77.53043145517235,
      "train_recall": 78.671875,
      "val_f1": 76.38653716660583,
      "val_recall": 77.01863354037268,
      "confusion_matrix": [
        [
          22,
          0,
          0,
          0,
          2,
          0,
          0
        ],
        [
          0,
          20,
          2,
          0,
          0,
          0,
          0
        ],
        [
          7,
          5,
          30,
          2,
          4,
          0,
          7
        ],
        [
          5,
          0,
          0,
          14,
          1,
          0,
          0
        ],
        [
          12,
          0,
          2,
          0,
          60,
          1,
          7
        ],
        [
          4,
          0,
          0,
          0,
          4,
          0,
          1
        ],
        [
          0,
          0,
          4,
          0,
          3,
          1,
          102
        ]
      ],
      "epoch_time": 2.543989896774292,
      "learning_rate": 1.5e-05
    },
    {
      "epoch": 28,
      "train_loss": 4.659437072277069,
      "train_acc": 79.21875,
      "val_loss": 0.9243303537368774,
      "val_acc": 77.01863354037268,
      "timestamp": "2025-08-30 09:24:51",
      "train_f1": 78.13863122002157,
      "train_recall": 79.21875,
      "val_f1": 76.20843131837567,
      "val_recall": 77.01863354037268,
      "confusion_matrix": [
        [
          21,
          0,
          0,
          0,
          3,
          0,
          0
        ],
        [
          0,
          20,
          2,
          0,
          0,
          0,
          0
        ],
        [
          7,
          6,
          29,
          2,
          4,
          0,
          7
        ],
        [
          5,
          0,
          0,
          14,
          1,
          0,
          0
        ],
        [
          12,
          0,
          2,
          0,
          62,
          0,
          6
        ],
        [
          3,
          0,
          0,
          0,
          5,
          0,
          1
        ],
        [
          0,
          0,
          3,
          0,
          4,
          1,
          102
        ]
      ],
      "epoch_time": 2.5475668907165527,
      "learning_rate": 7.5e-06
    },
    {
      "epoch": 29,
      "train_loss": 4.6162474125623705,
      "train_acc": 79.140625,
      "val_loss": 0.9356385668118795,
      "val_acc": 79.5031055900621,
      "timestamp": "2025-08-30 09:24:54",
      "train_f1": 78.4581026733426,
      "train_recall": 79.140625,
      "val_f1": 78.23843665940117,
      "val_recall": 79.5031055900621,
      "confusion_matrix": [
        [
          21,
          0,
          0,
          0,
          3,
          0,
          0
        ],
        [
          0,
          20,
          2,
          0,
          0,
          0,
          0
        ],
        [
          6,
          5,
          29,
          2,
          5,
          1,
          7
        ],
        [
          5,
          0,
          0,
          14,
          1,
          0,
          0
        ],
        [
          7,
          0,
          2,
          0,
          67,
          0,
          6
        ],
        [
          2,
          0,
          0,
          0,
          6,
          0,
          1
        ],
        [
          0,
          0,
          0,
          0,
          5,
          0,
          105
        ]
      ],
      "class_accuracies": {
        "class_0": 87.5,
        "class_1": 90.9090909090909,
        "class_2": 52.72727272727272,
        "class_3": 70.0,
        "class_4": 81.70731707317073,
        "class_5": 0.0,
        "class_6": 95.45454545454545
      },
      "epoch_time": 2.6414313316345215,
      "learning_rate": 7.5e-06
    },
    {
      "epoch": 30,
      "train_loss": 4.637862452864647,
      "train_acc": 78.984375,
      "val_loss": 0.9341526826222738,
      "val_acc": 79.19254658385093,
      "timestamp": "2025-08-30 09:24:56",
      "train_f1": 78.05808412025512,
      "train_recall": 78.984375,
      "val_f1": 77.78106488723468,
      "val_recall": 79.19254658385093,
      "confusion_matrix": [
        [
          21,
          0,
          0,
          0,
          3,
          0,
          0
        ],
        [
          0,
          20,
          2,
          0,
          0,
          0,
          0
        ],
        [
          7,
          6,
          28,
          2,
          5,
          0,
          7
        ],
        [
          5,
          0,
          0,
          14,
          1,
          0,
          0
        ],
        [
          7,
          0,
          2,
          0,
          67,
          0,
          6
        ],
        [
          2,
          0,
          0,
          0,
          6,
          0,
          1
        ],
        [
          0,
          0,
          0,
          0,
          5,
          0,
          105
        ]
      ],
      "epoch_time": 2.5920753479003906,
      "learning_rate": 7.5e-06
    },
    {
      "epoch": 31,
      "train_loss": 4.619863972067833,
      "train_acc": 79.21875,
      "val_loss": 0.9319518109162649,
      "val_acc": 79.5031055900621,
      "timestamp": "2025-08-30 09:24:59",
      "train_f1": 78.26653895777599,
      "train_recall": 79.21875,
      "val_f1": 78.11729662151738,
      "val_recall": 79.5031055900621,
      "confusion_matrix": [
        [
          21,
          0,
          0,
          0,
          3,
          0,
          0
        ],
        [
          0,
          20,
          2,
          0,
          0,
          0,
          0
        ],
        [
          6,
          6,
          29,
          2,
          5,
          0,
          7
        ],
        [
          5,
          0,
          0,
          14,
          1,
          0,
          0
        ],
        [
          7,
          0,
          2,
          0,
          67,
          0,
          6
        ],
        [
          2,
          0,
          0,
          0,
          6,
          0,
          1
        ],
        [
          0,
          0,
          0,
          0,
          5,
          0,
          105
        ]
      ],
      "epoch_time": 2.594053268432617,
      "learning_rate": 7.5e-06
    },
    {
      "epoch": 32,
      "train_loss": 4.640693664550781,
      "train_acc": 79.53125,
      "val_loss": 0.9256833593050638,
      "val_acc": 79.5031055900621,
      "timestamp": "2025-08-30 09:25:02",
      "train_f1": 78.55504526515631,
      "train_recall": 79.53125,
      "val_f1": 78.21498658443862,
      "val_recall": 79.5031055900621,
      "confusion_matrix": [
        [
          21,
          0,
          0,
          0,
          3,
          0,
          0
        ],
        [
          0,
          20,
          2,
          0,
          0,
          0,
          0
        ],
        [
          5,
          6,
          29,
          2,
          6,
          0,
          7
        ],
        [
          5,
          0,
          0,
          14,
          1,
          0,
          0
        ],
        [
          8,
          0,
          2,
          0,
          66,
          0,
          6
        ],
        [
          2,
          0,
          0,
          0,
          6,
          0,
          1
        ],
        [
          0,
          0,
          0,
          0,
          3,
          1,
          106
        ]
      ],
      "epoch_time": 2.7538959980010986,
      "learning_rate": 7.5e-06
    },
    {
      "epoch": 33,
      "train_loss": 4.600790023803711,
      "train_acc": 79.453125,
      "val_loss": 0.9169425467650095,
      "val_acc": 77.95031055900621,
      "timestamp": "2025-08-30 09:25:05",
      "train_f1": 78.46372089195658,
      "train_recall": 79.453125,
      "val_f1": 77.0955838511171,
      "val_recall": 77.95031055900621,
      "confusion_matrix": [
        [
          22,
          0,
          0,
          0,
          2,
          0,
          0
        ],
        [
          0,
          20,
          2,
          0,
          0,
          0,
          0
        ],
        [
          5,
          6,
          31,
          2,
          4,
          0,
          7
        ],
        [
          5,
          0,
          0,
          14,
          1,
          0,
          0
        ],
        [
          11,
          0,
          2,
          0,
          62,
          0,
          7
        ],
        [
          4,
          0,
          0,
          0,
          4,
          0,
          1
        ],
        [
          0,
          0,
          4,
          0,
          3,
          1,
          102
        ]
      ],
      "epoch_time": 2.5593323707580566,
      "learning_rate": 7.5e-06
    },
    {
      "epoch": 34,
      "train_loss": 4.625560083985329,
      "train_acc": 79.453125,
      "val_loss": 0.9285213847955068,
      "val_acc": 79.19254658385093,
      "timestamp": "2025-08-30 09:25:07",
      "train_f1": 78.33512547737367,
      "train_recall": 79.453125,
      "val_f1": 78.00044655808894,
      "val_recall": 79.19254658385093,
      "confusion_matrix": [
        [
          21,
          0,
          0,
          0,
          3,
          0,
          0
        ],
        [
          0,
          20,
          2,
          0,
          0,
          0,
          0
        ],
        [
          5,
          6,
          31,
          2,
          4,
          0,
          7
        ],
        [
          5,
          0,
          0,
          14,
          1,
          0,
          0
        ],
        [
          10,
          0,
          2,
          0,
          63,
          0,
          7
        ],
        [
          2,
          0,
          0,
          0,
          6,
          0,
          1
        ],
        [
          0,
          0,
          0,
          0,
          4,
          0,
          106
        ]
      ],
      "epoch_time": 2.6544241905212402,
      "learning_rate": 7.5e-06
    },
    {
      "epoch": 35,
      "train_loss": 4.59288959801197,
      "train_acc": 80.3125,
      "val_loss": 0.9299794832865397,
      "val_acc": 78.26086956521739,
      "timestamp": "2025-08-30 09:25:10",
      "train_f1": 79.29823450407613,
      "train_recall": 80.3125,
      "val_f1": 77.25872470376002,
      "val_recall": 78.26086956521739,
      "confusion_matrix": [
        [
          21,
          0,
          0,
          0,
          3,
          0,
          0
        ],
        [
          0,
          20,
          2,
          0,
          0,
          0,
          0
        ],
        [
          5,
          6,
          31,
          2,
          4,
          0,
          7
        ],
        [
          5,
          0,
          0,
          14,
          1,
          0,
          0
        ],
        [
          11,
          0,
          2,
          0,
          63,
          0,
          6
        ],
        [
          3,
          0,
          0,
          0,
          5,
          0,
          1
        ],
        [
          0,
          0,
          2,
          0,
          5,
          0,
          103
        ]
      ],
      "epoch_time": 2.5710458755493164,
      "learning_rate": 7.5e-06
    },
    {
      "epoch": 36,
      "train_loss": 4.587105411291122,
      "train_acc": 79.6875,
      "val_loss": 0.9340273340543112,
      "val_acc": 78.26086956521739,
      "timestamp": "2025-08-30 09:25:13",
      "train_f1": 78.42316122060815,
      "train_recall": 79.6875,
      "val_f1": 77.22705601414607,
      "val_recall": 78.26086956521739,
      "confusion_matrix": [
        [
          21,
          0,
          0,
          0,
          3,
          0,
          0
        ],
        [
          0,
          20,
          2,
          0,
          0,
          0,
          0
        ],
        [
          5,
          6,
          31,
          2,
          4,
          0,
          7
        ],
        [
          5,
          0,
          0,
          14,
          1,
          0,
          0
        ],
        [
          10,
          0,
          2,
          0,
          64,
          0,
          6
        ],
        [
          3,
          0,
          0,
          0,
          5,
          0,
          1
        ],
        [
          0,
          0,
          3,
          0,
          5,
          0,
          102
        ]
      ],
      "epoch_time": 2.578994035720825,
      "learning_rate": 7.5e-06
    },
    {
      "epoch": 37,
      "train_loss": 4.596183332800865,
      "train_acc": 80.46875,
      "val_loss": 0.9270243843396505,
      "val_acc": 77.63975155279503,
      "timestamp": "2025-08-30 09:25:16",
      "train_f1": 79.49949448657833,
      "train_recall": 80.46875,
      "val_f1": 76.84016977137127,
      "val_recall": 77.63975155279503,
      "confusion_matrix": [
        [
          21,
          0,
          0,
          0,
          3,
          0,
          0
        ],
        [
          0,
          20,
          2,
          0,
          0,
          0,
          0
        ],
        [
          5,
          6,
          31,
          2,
          4,
          0,
          7
        ],
        [
          5,
          0,
          0,
          14,
          1,
          0,
          0
        ],
        [
          11,
          0,
          2,
          0,
          62,
          0,
          7
        ],
        [
          4,
          0,
          1,
          0,
          4,
          0,
          0
        ],
        [
          0,
          0,
          4,
          0,
          3,
          1,
          102
        ]
      ],
      "epoch_time": 2.5790133476257324,
      "learning_rate": 7.5e-06
    },
    {
      "epoch": 38,
      "train_loss": 4.575903674960136,
      "train_acc": 80.078125,
      "val_loss": 0.9320752422014872,
      "val_acc": 77.95031055900621,
      "timestamp": "2025-08-30 09:25:19",
      "train_f1": 79.04643982733332,
      "train_recall": 80.078125,
      "val_f1": 76.9857194678763,
      "val_recall": 77.95031055900621,
      "confusion_matrix": [
        [
          21,
          0,
          0,
          0,
          3,
          0,
          0
        ],
        [
          0,
          20,
          2,
          0,
          0,
          0,
          0
        ],
        [
          5,
          6,
          31,
          2,
          4,
          0,
          7
        ],
        [
          5,
          0,
          0,
          14,
          1,
          0,
          0
        ],
        [
          11,
          0,
          2,
          0,
          63,
          0,
          6
        ],
        [
          3,
          0,
          1,
          0,
          5,
          0,
          0
        ],
        [
          0,
          0,
          3,
          0,
          5,
          0,
          102
        ]
      ],
      "epoch_time": 2.7372400760650635,
      "learning_rate": 7.5e-06
    },
    {
      "epoch": 39,
      "train_loss": 4.5970769166946415,
      "train_acc": 79.53125,
      "val_loss": 0.9424912532170614,
      "val_acc": 79.8136645962733,
      "timestamp": "2025-08-30 09:25:21",
      "train_f1": 78.682195273348,
      "train_recall": 79.53125,
      "val_f1": 78.624881795825,
      "val_recall": 79.8136645962733,
      "confusion_matrix": [
        [
          21,
          0,
          0,
          0,
          3,
          0,
          0
        ],
        [
          0,
          20,
          2,
          0,
          0,
          0,
          0
        ],
        [
          4,
          6,
          31,
          2,
          5,
          1,
          6
        ],
        [
          5,
          0,
          0,
          14,
          1,
          0,
          0
        ],
        [
          7,
          0,
          2,
          0,
          67,
          0,
          6
        ],
        [
          2,
          0,
          0,
          0,
          6,
          0,
          1
        ],
        [
          0,
          0,
          1,
          0,
          5,
          0,
          104
        ]
      ],
      "class_accuracies": {
        "class_0": 87.5,
        "class_1": 90.9090909090909,
        "class_2": 56.36363636363636,
        "class_3": 70.0,
        "class_4": 81.70731707317073,
        "class_5": 0.0,
        "class_6": 94.54545454545455
      },
      "epoch_time": 2.590546131134033,
      "learning_rate": 3.75e-06
    },
    {
      "epoch": 40,
      "train_loss": 4.599789351224899,
      "train_acc": 79.84375,
      "val_loss": 0.9344793260097504,
      "val_acc": 78.26086956521739,
      "timestamp": "2025-08-30 09:25:24",
      "train_f1": 78.82774096801163,
      "train_recall": 79.84375,
      "val_f1": 77.24364581142075,
      "val_recall": 78.26086956521739,
      "confusion_matrix": [
        [
          21,
          0,
          0,
          0,
          3,
          0,
          0
        ],
        [
          0,
          20,
          2,
          0,
          0,
          0,
          0
        ],
        [
          5,
          6,
          31,
          2,
          5,
          0,
          6
        ],
        [
          5,
          0,
          0,
          14,
          1,
          0,
          0
        ],
        [
          10,
          0,
          2,
          0,
          64,
          0,
          6
        ],
        [
          3,
          0,
          0,
          0,
          5,
          0,
          1
        ],
        [
          0,
          0,
          3,
          0,
          5,
          0,
          102
        ]
      ],
      "epoch_time": 2.5204739570617676,
      "learning_rate": 3.75e-06
    },
    {
      "epoch": 41,
      "train_loss": 4.59005284011364,
      "train_acc": 80.3125,
      "val_loss": 0.9339671631654104,
      "val_acc": 77.95031055900621,
      "timestamp": "2025-08-30 09:25:27",
      "train_f1": 79.11579819989873,
      "train_recall": 80.3125,
      "val_f1": 76.9857194678763,
      "val_recall": 77.95031055900621,
      "confusion_matrix": [
        [
          21,
          0,
          0,
          0,
          3,
          0,
          0
        ],
        [
          0,
          20,
          2,
          0,
          0,
          0,
          0
        ],
        [
          5,
          6,
          31,
          2,
          4,
          0,
          7
        ],
        [
          5,
          0,
          0,
          14,
          1,
          0,
          0
        ],
        [
          11,
          0,
          2,
          0,
          63,
          0,
          6
        ],
        [
          3,
          0,
          1,
          0,
          5,
          0,
          0
        ],
        [
          0,
          0,
          3,
          0,
          5,
          0,
          102
        ]
      ],
      "epoch_time": 2.5824828147888184,
      "learning_rate": 3.75e-06
    },
    {
      "epoch": 42,
      "train_loss": 4.603920382261276,
      "train_acc": 80.625,
      "val_loss": 0.9352275828520457,
      "val_acc": 77.95031055900621,
      "timestamp": "2025-08-30 09:25:29",
      "train_f1": 79.85404771656918,
      "train_recall": 80.625,
      "val_f1": 76.9857194678763,
      "val_recall": 77.95031055900621,
      "confusion_matrix": [
        [
          21,
          0,
          0,
          0,
          3,
          0,
          0
        ],
        [
          0,
          20,
          2,
          0,
          0,
          0,
          0
        ],
        [
          5,
          6,
          31,
          2,
          4,
          0,
          7
        ],
        [
          5,
          0,
          0,
          14,
          1,
          0,
          0
        ],
        [
          11,
          0,
          2,
          0,
          63,
          0,
          6
        ],
        [
          3,
          0,
          1,
          0,
          5,
          0,
          0
        ],
        [
          0,
          0,
          3,
          0,
          5,
          0,
          102
        ]
      ],
      "epoch_time": 2.579888105392456,
      "learning_rate": 3.75e-06
    },
    {
      "epoch": 43,
      "train_loss": 4.586546760797501,
      "train_acc": 81.171875,
      "val_loss": 0.9405734837055206,
      "val_acc": 79.19254658385093,
      "timestamp": "2025-08-30 09:25:32",
      "train_f1": 80.48179587896183,
      "train_recall": 81.171875,
      "val_f1": 78.06267314951278,
      "val_recall": 79.19254658385093,
      "confusion_matrix": [
        [
          21,
          0,
          0,
          0,
          3,
          0,
          0
        ],
        [
          0,
          20,
          2,
          0,
          0,
          0,
          0
        ],
        [
          4,
          6,
          31,
          2,
          5,
          1,
          6
        ],
        [
          5,
          0,
          0,
          14,
          1,
          0,
          0
        ],
        [
          7,
          0,
          2,
          0,
          67,
          0,
          6
        ],
        [
          2,
          0,
          1,
          0,
          6,
          0,
          0
        ],
        [
          0,
          0,
          3,
          0,
          5,
          0,
          102
        ]
      ],
      "epoch_time": 2.5733096599578857,
      "learning_rate": 3.75e-06
    },
    {
      "epoch": 44,
      "train_loss": 4.564195302128792,
      "train_acc": 80.078125,
      "val_loss": 0.9383050402005514,
      "val_acc": 78.26086956521739,
      "timestamp": "2025-08-30 09:25:35",
      "train_f1": 79.37640441766874,
      "train_recall": 80.078125,
      "val_f1": 77.31167518208262,
      "val_recall": 78.26086956521739,
      "confusion_matrix": [
        [
          21,
          0,
          0,
          0,
          3,
          0,
          0
        ],
        [
          0,
          20,
          2,
          0,
          0,
          0,
          0
        ],
        [
          4,
          6,
          31,
          2,
          4,
          1,
          7
        ],
        [
          5,
          0,
          0,
          14,
          1,
          0,
          0
        ],
        [
          10,
          0,
          2,
          0,
          64,
          0,
          6
        ],
        [
          3,
          0,
          1,
          0,
          5,
          0,
          0
        ],
        [
          0,
          0,
          3,
          0,
          5,
          0,
          102
        ]
      ],
      "epoch_time": 2.576970338821411,
      "learning_rate": 3.75e-06
    },
    {
      "epoch": 45,
      "train_loss": 4.570655879378319,
      "train_acc": 80.546875,
      "val_loss": 0.9353223244349161,
      "val_acc": 79.19254658385093,
      "timestamp": "2025-08-30 09:25:38",
      "train_f1": 79.70923895261895,
      "train_recall": 80.546875,
      "val_f1": 78.02868101197129,
      "val_recall": 79.19254658385093,
      "confusion_matrix": [
        [
          21,
          0,
          0,
          0,
          3,
          0,
          0
        ],
        [
          0,
          20,
          2,
          0,
          0,
          0,
          0
        ],
        [
          4,
          6,
          31,
          2,
          4,
          1,
          7
        ],
        [
          5,
          0,
          0,
          14,
          1,
          0,
          0
        ],
        [
          7,
          0,
          2,
          0,
          67,
          0,
          6
        ],
        [
          2,
          0,
          0,
          0,
          6,
          0,
          1
        ],
        [
          0,
          0,
          3,
          0,
          5,
          0,
          102
        ]
      ],
      "epoch_time": 2.883268356323242,
      "learning_rate": 3.75e-06
    },
    {
      "epoch": 46,
      "train_loss": 4.608341374993325,
      "train_acc": 80.3125,
      "val_loss": 0.9349907239278158,
      "val_acc": 78.26086956521739,
      "timestamp": "2025-08-30 09:25:41",
      "train_f1": 79.48932630999889,
      "train_recall": 80.3125,
      "val_f1": 77.22705601414607,
      "val_recall": 78.26086956521739,
      "confusion_matrix": [
        [
          21,
          0,
          0,
          0,
          3,
          0,
          0
        ],
        [
          0,
          20,
          2,
          0,
          0,
          0,
          0
        ],
        [
          5,
          6,
          31,
          2,
          4,
          0,
          7
        ],
        [
          5,
          0,
          0,
          14,
          1,
          0,
          0
        ],
        [
          10,
          0,
          2,
          0,
          64,
          0,
          6
        ],
        [
          3,
          0,
          0,
          0,
          5,
          0,
          1
        ],
        [
          0,
          0,
          3,
          0,
          5,
          0,
          102
        ]
      ],
      "epoch_time": 2.5799336433410645,
      "learning_rate": 3.75e-06
    },
    {
      "epoch": 47,
      "train_loss": 4.59542270898819,
      "train_acc": 80.234375,
      "val_loss": 0.939441074927648,
      "val_acc": 78.88198757763975,
      "timestamp": "2025-08-30 09:25:43",
      "train_f1": 79.26161021689722,
      "train_recall": 80.234375,
      "val_f1": 77.74936687030774,
      "val_recall": 78.88198757763976,
      "confusion_matrix": [
        [
          21,
          0,
          0,
          0,
          3,
          0,
          0
        ],
        [
          0,
          20,
          2,
          0,
          0,
          0,
          0
        ],
        [
          4,
          6,
          30,
          2,
          4,
          1,
          8
        ],
        [
          5,
          0,
          0,
          14,
          1,
          0,
          0
        ],
        [
          7,
          0,
          2,
          0,
          66,
          1,
          6
        ],
        [
          2,
          0,
          0,
          0,
          6,
          0,
          1
        ],
        [
          0,
          0,
          2,
          0,
          5,
          0,
          103
        ]
      ],
      "epoch_time": 2.582942485809326,
      "learning_rate": 3.75e-06
    },
    {
      "epoch": 48,
      "train_loss": 4.603733903169632,
      "train_acc": 80.703125,
      "val_loss": 0.9355568488438925,
      "val_acc": 78.26086956521739,
      "timestamp": "2025-08-30 09:25:46",
      "train_f1": 79.93711386355693,
      "train_recall": 80.703125,
      "val_f1": 77.22705601414607,
      "val_recall": 78.26086956521739,
      "confusion_matrix": [
        [
          21,
          0,
          0,
          0,
          3,
          0,
          0
        ],
        [
          0,
          20,
          2,
          0,
          0,
          0,
          0
        ],
        [
          5,
          6,
          31,
          2,
          4,
          0,
          7
        ],
        [
          5,
          0,
          0,
          14,
          1,
          0,
          0
        ],
        [
          10,
          0,
          2,
          0,
          64,
          0,
          6
        ],
        [
          3,
          0,
          0,
          0,
          5,
          0,
          1
        ],
        [
          0,
          0,
          3,
          0,
          5,
          0,
          102
        ]
      ],
      "epoch_time": 2.5878450870513916,
      "learning_rate": 3.75e-06
    },
    {
      "epoch": 49,
      "train_loss": 4.583312141895294,
      "train_acc": 80.546875,
      "val_loss": 0.9381313522656759,
      "val_acc": 79.19254658385093,
      "timestamp": "2025-08-30 09:25:49",
      "train_f1": 79.74263145821429,
      "train_recall": 80.546875,
      "val_f1": 78.25236739032655,
      "val_recall": 79.19254658385093,
      "confusion_matrix": [
        [
          21,
          0,
          0,
          0,
          3,
          0,
          0
        ],
        [
          0,
          20,
          2,
          0,
          0,
          0,
          0
        ],
        [
          4,
          5,
          32,
          2,
          4,
          1,
          7
        ],
        [
          5,
          0,
          0,
          14,
          1,
          0,
          0
        ],
        [
          7,
          0,
          2,
          0,
          66,
          1,
          6
        ],
        [
          3,
          0,
          0,
          0,
          5,
          0,
          1
        ],
        [
          0,
          0,
          3,
          0,
          5,
          0,
          102
        ]
      ],
      "epoch_time": 2.5641098022460938,
      "learning_rate": 3.75e-06
    },
    {
      "epoch": 50,
      "train_loss": 4.546745067834854,
      "train_acc": 81.328125,
      "val_loss": 0.9259788791338602,
      "val_acc": 77.95031055900621,
      "timestamp": "2025-08-30 09:25:52",
      "train_f1": 80.47506343158524,
      "train_recall": 81.328125,
      "val_f1": 77.1714158584868,
      "val_recall": 77.95031055900621,
      "confusion_matrix": [
        [
          21,
          0,
          0,
          0,
          3,
          0,
          0
        ],
        [
          0,
          20,
          2,
          0,
          0,
          0,
          0
        ],
        [
          5,
          6,
          31,
          2,
          4,
          0,
          7
        ],
        [
          5,
          0,
          0,
          14,
          1,
          0,
          0
        ],
        [
          11,
          0,
          2,
          0,
          63,
          0,
          6
        ],
        [
          4,
          0,
          1,
          0,
          4,
          0,
          0
        ],
        [
          0,
          0,
          4,
          0,
          3,
          1,
          102
        ]
      ],
      "epoch_time": 2.550896167755127,
      "learning_rate": 1.875e-06
    }
  ]
}