{
  "dataset": "MACHO",
  "model_type": "geometric",
  "sde_config": 1,
  "start_time": "20250830_095505",
  "date": "20250830",
  "epochs": [
    {
      "epoch": 1,
      "train_loss": 6.462905913591385,
      "train_acc": 6.5625,
      "val_loss": 1.1573194861412048,
      "val_acc": 6.832298136645963,
      "timestamp": "2025-08-30 10:05:45",
      "train_f1": 1.7160623274580586,
      "train_recall": 6.5625,
      "val_f1": 0.8738985988733209,
      "val_recall": 6.832298136645963,
      "confusion_matrix": [
        [
          0,
          24,
          0,
          0,
          0,
          0,
          0
        ],
        [
          0,
          22,
          0,
          0,
          0,
          0,
          0
        ],
        [
          0,
          55,
          0,
          0,
          0,
          0,
          0
        ],
        [
          0,
          20,
          0,
          0,
          0,
          0,
          0
        ],
        [
          0,
          82,
          0,
          0,
          0,
          0,
          0
        ],
        [
          0,
          9,
          0,
          0,
          0,
          0,
          0
        ],
        [
          0,
          110,
          0,
          0,
          0,
          0,
          0
        ]
      ],
      "class_accuracies": {
        "class_0": 0.0,
        "class_1": 100.0,
        "class_2": 0.0,
        "class_3": 0.0,
        "class_4": 0.0,
        "class_5": 0.0,
        "class_6": 0.0
      },
      "epoch_time": 639.7122855186462,
      "learning_rate": 3e-05
    },
    {
      "epoch": 2,
      "train_loss": 6.37993905544281,
      "train_acc": 6.640625,
      "val_loss": 1.1443420052528381,
      "val_acc": 6.832298136645963,
      "timestamp": "2025-08-30 10:10:55",
      "train_f1": 2.2311067980861985,
      "train_recall": 6.640625,
      "val_f1": 0.8738985988733209,
      "val_recall": 6.832298136645963,
      "confusion_matrix": [
        [
          0,
          24,
          0,
          0,
          0,
          0,
          0
        ],
        [
          0,
          22,
          0,
          0,
          0,
          0,
          0
        ],
        [
          0,
          55,
          0,
          0,
          0,
          0,
          0
        ],
        [
          0,
          20,
          0,
          0,
          0,
          0,
          0
        ],
        [
          0,
          82,
          0,
          0,
          0,
          0,
          0
        ],
        [
          0,
          9,
          0,
          0,
          0,
          0,
          0
        ],
        [
          0,
          110,
          0,
          0,
          0,
          0,
          0
        ]
      ],
      "epoch_time": 309.8989179134369,
      "learning_rate": 3e-05
    },
    {
      "epoch": 3,
      "train_loss": 6.307336068153381,
      "train_acc": 8.59375,
      "val_loss": 1.1335213383038838,
      "val_acc": 6.832298136645963,
      "timestamp": "2025-08-30 10:16:07",
      "train_f1": 5.017315102543152,
      "train_recall": 8.59375,
      "val_f1": 0.9027661201574244,
      "val_recall": 6.832298136645963,
      "confusion_matrix": [
        [
          0,
          23,
          1,
          0,
          0,
          0,
          0
        ],
        [
          0,
          22,
          0,
          0,
          0,
          0,
          0
        ],
        [
          0,
          55,
          0,
          0,
          0,
          0,
          0
        ],
        [
          0,
          19,
          1,
          0,
          0,
          0,
          0
        ],
        [
          0,
          74,
          8,
          0,
          0,
          0,
          0
        ],
        [
          0,
          8,
          1,
          0,
          0,
          0,
          0
        ],
        [
          0,
          110,
          0,
          0,
          0,
          0,
          0
        ]
      ],
      "epoch_time": 311.8838243484497,
      "learning_rate": 3e-05
    },
    {
      "epoch": 4,
      "train_loss": 6.228634124994278,
      "train_acc": 11.640625,
      "val_loss": 1.1230421264966328,
      "val_acc": 9.006211180124224,
      "timestamp": "2025-08-30 10:21:24",
      "train_f1": 9.814056403018437,
      "train_recall": 11.640625,
      "val_f1": 4.756488168280474,
      "val_recall": 9.006211180124224,
      "confusion_matrix": [
        [
          0,
          16,
          7,
          0,
          0,
          0,
          1
        ],
        [
          0,
          17,
          5,
          0,
          0,
          0,
          0
        ],
        [
          0,
          46,
          9,
          0,
          0,
          0,
          0
        ],
        [
          0,
          14,
          6,
          0,
          0,
          0,
          0
        ],
        [
          0,
          46,
          22,
          0,
          0,
          0,
          14
        ],
        [
          0,
          6,
          1,
          0,
          0,
          0,
          2
        ],
        [
          0,
          73,
          34,
          0,
          0,
          0,
          3
        ]
      ],
      "class_accuracies": {
        "class_0": 0.0,
        "class_1": 77.27272727272727,
        "class_2": 16.363636363636363,
        "class_3": 0.0,
        "class_4": 0.0,
        "class_5": 0.0,
        "class_6": 2.727272727272727
      },
      "epoch_time": 316.84508991241455,
      "learning_rate": 3e-05
    }
  ]
}