{
  "dataset": "ASAS",
  "model_type": "geometric",
  "sde_config": 1,
  "start_time": "20250829_114631",
  "date": "20250829",
  "epochs": [
    {
      "epoch": 1,
      "train_loss": 4.447153405617859,
      "train_acc": 92.83898305084746,
      "val_loss": 0.6235125104586283,
      "val_acc": 92.10084033613445,
      "timestamp": "2025-08-29 11:50:44",
      "train_f1": 83.57473455401419,
      "train_recall": 81.04490537921173,
      "val_f1": 76.91931111674415,
      "val_recall": 74.41055474366122,
      "confusion_matrix": [
        [
          44,
          1,
          22,
          0,
          0
        ],
        [
          2,
          21,
          0,
          0,
          0
        ],
        [
          0,
          0,
          156,
          0,
          6
        ],
        [
          10,
          1,
          0,
          3,
          1
        ],
        [
          2,
          0,
          2,
          0,
          324
        ]
      ],
      "epoch_time": 253.19591689109802,
      "learning_rate": 3e-05
    },
    {
      "epoch": 2,
      "train_loss": 4.431603624659069,
      "train_acc": 93.4322033898305,
      "val_loss": 0.6205375790596008,
      "val_acc": 92.94117647058823,
      "timestamp": "2025-08-29 11:54:17",
      "train_f1": 85.09555277260287,
      "train_recall": 82.0352410105297,
      "val_f1": 78.17615254099452,
      "val_recall": 76.3280674511266,
      "confusion_matrix": [
        [
          50,
          1,
          16,
          0,
          0
        ],
        [
          2,
          21,
          0,
          0,
          0
        ],
        [
          2,
          0,
          159,
          0,
          1
        ],
        [
          10,
          1,
          1,
          3,
          0
        ],
        [
          2,
          0,
          6,
          0,
          320
        ]
      ],
      "epoch_time": 212.25447964668274,
      "learning_rate": 3e-05
    },
    {
      "epoch": 3,
      "train_loss": 4.427667715791928,
      "train_acc": 93.77118644067797,
      "val_loss": 0.6208670934041342,
      "val_acc": 93.27731092436974,
      "timestamp": "2025-08-29 12:00:56",
      "train_f1": 85.64602370557924,
      "train_recall": 82.36722788200896,
      "val_f1": 78.72451910163434,
      "val_recall": 76.15000563734097,
      "confusion_matrix": [
        [
          49,
          0,
          18,
          0,
          0
        ],
        [
          2,
          21,
          0,
          0,
          0
        ],
        [
          0,
          0,
          158,
          0,
          4
        ],
        [
          10,
          1,
          0,
          3,
          1
        ],
        [
          2,
          0,
          2,
          0,
          324
        ]
      ],
      "class_accuracies": {
        "class_0": 73.13432835820896,
        "class_1": 91.30434782608695,
        "class_2": 97.53086419753086,
        "class_3": 20.0,
        "class_4": 98.78048780487805
      },
      "epoch_time": 398.6860320568085,
      "learning_rate": 3e-05
    },
    {
      "epoch": 4,
      "train_loss": 4.433280884209326,
      "train_acc": 93.55932203389831,
      "val_loss": 0.6190640807151795,
      "val_acc": 93.61344537815125,
      "timestamp": "2025-08-29 12:09:45",
      "train_f1": 85.7003167827816,
      "train_recall": 82.46771021604731,
      "val_f1": 78.9976905651387,
      "val_recall": 76.92207123527722,
      "confusion_matrix": [
        [
          52,
          0,
          15,
          0,
          0
        ],
        [
          2,
          21,
          0,
          0,
          0
        ],
        [
          4,
          0,
          157,
          0,
          1
        ],
        [
          10,
          1,
          1,
          3,
          0
        ],
        [
          2,
          0,
          2,
          0,
          324
        ]
      ],
      "class_accuracies": {
        "class_0": 77.61194029850746,
        "class_1": 91.30434782608695,
        "class_2": 96.91358024691358,
        "class_3": 20.0,
        "class_4": 98.78048780487805
      },
      "epoch_time": 528.6662983894348,
      "learning_rate": 3e-05
    },
    {
      "epoch": 5,
      "train_loss": 4.394623615984189,
      "train_acc": 94.36440677966101,
      "val_loss": 0.6193593899408977,
      "val_acc": 92.77310924369748,
      "timestamp": "2025-08-29 12:13:24",
      "train_f1": 86.14166432878811,
      "train_recall": 83.36183920769325,
      "val_f1": 78.05162749573336,
      "val_recall": 75.61697746294645,
      "confusion_matrix": [
        [
          47,
          0,
          20,
          0,
          0
        ],
        [
          2,
          21,
          0,
          0,
          0
        ],
        [
          1,
          0,
          160,
          0,
          1
        ],
        [
          10,
          1,
          1,
          3,
          0
        ],
        [
          2,
          0,
          5,
          0,
          321
        ]
      ],
      "epoch_time": 218.0084421634674,
      "learning_rate": 3e-05
    },
    {
      "epoch": 6,
      "train_loss": 4.424666356232207,
      "train_acc": 93.85593220338983,
      "val_loss": 0.6182182272275288,
      "val_acc": 92.43697478991596,
      "timestamp": "2025-08-29 12:22:21",
      "train_f1": 85.73834956072142,
      "train_recall": 82.75573858597556,
      "val_f1": 77.69438857602576,
      "val_recall": 74.94508848866698,
      "confusion_matrix": [
        [
          46,
          0,
          21,
          0,
          0
        ],
        [
          2,
          21,
          0,
          0,
          0
        ],
        [
          1,
          0,
          155,
          0,
          6
        ],
        [
          10,
          1,
          0,
          3,
          1
        ],
        [
          2,
          0,
          1,
          0,
          325
        ]
      ],
      "epoch_time": 536.5786159038544,
      "learning_rate": 3e-05
    },
    {
      "epoch": 7,
      "train_loss": 4.401536603095168,
      "train_acc": 94.23728813559322,
      "val_loss": 0.6169721802075704,
      "val_acc": 93.27731092436974,
      "timestamp": "2025-08-29 12:28:47",
      "train_f1": 85.88307053952498,
      "train_recall": 83.07275833332237,
      "val_f1": 78.93918857865727,
      "val_recall": 76.86260119613237,
      "confusion_matrix": [
        [
          52,
          0,
          15,
          0,
          0
        ],
        [
          2,
          21,
          0,
          0,
          0
        ],
        [
          3,
          0,
          158,
          0,
          1
        ],
        [
          10,
          1,
          0,
          3,
          1
        ],
        [
          2,
          0,
          5,
          0,
          321
        ]
      ],
      "epoch_time": 385.56610226631165,
      "learning_rate": 3e-05
    },
    {
      "epoch": 8,
      "train_loss": 4.390664784585015,
      "train_acc": 94.23728813559322,
      "val_loss": 0.6163732131322225,
      "val_acc": 93.61344537815125,
      "timestamp": "2025-08-29 12:32:28",
      "train_f1": 86.31275799975826,
      "train_recall": 83.26968445034866,
      "val_f1": 79.02280503710223,
      "val_recall": 76.92207123527722,
      "confusion_matrix": [
        [
          52,
          0,
          15,
          0,
          0
        ],
        [
          2,
          21,
          0,
          0,
          0
        ],
        [
          4,
          0,
          157,
          0,
          1
        ],
        [
          10,
          1,
          0,
          3,
          1
        ],
        [
          2,
          0,
          2,
          0,
          324
        ]
      ],
      "epoch_time": 220.2755901813507,
      "learning_rate": 3e-05
    },
    {
      "epoch": 9,
      "train_loss": 4.425724279072325,
      "train_acc": 93.05084745762711,
      "val_loss": 0.6166494369506836,
      "val_acc": 92.77310924369748,
      "timestamp": "2025-08-29 12:38:55",
      "train_f1": 85.43562287465785,
      "train_recall": 82.41050788421191,
      "val_f1": 78.35895235693407,
      "val_recall": 75.7796352669706,
      "confusion_matrix": [
        [
          49,
          0,
          18,
          0,
          0
        ],
        [
          2,
          21,
          0,
          0,
          0
        ],
        [
          1,
          0,
          155,
          0,
          6
        ],
        [
          10,
          1,
          0,
          3,
          1
        ],
        [
          2,
          0,
          2,
          0,
          324
        ]
      ],
      "epoch_time": 385.8068768978119,
      "learning_rate": 3e-05
    },
    {
      "epoch": 10,
      "train_loss": 4.376908824605457,
      "train_acc": 94.0677966101695,
      "val_loss": 0.6157868226369222,
      "val_acc": 93.10924369747899,
      "timestamp": "2025-08-29 12:42:39",
      "train_f1": 86.0034380751965,
      "train_recall": 83.02106538471861,
      "val_f1": 78.0560193908994,
      "val_recall": 75.97646053538911,
      "confusion_matrix": [
        [
          48,
          1,
          18,
          0,
          0
        ],
        [
          2,
          21,
          0,
          0,
          0
        ],
        [
          1,
          0,
          160,
          0,
          1
        ],
        [
          10,
          1,
          0,
          3,
          1
        ],
        [
          2,
          0,
          4,
          0,
          322
        ]
      ],
      "epoch_time": 223.71404242515564,
      "learning_rate": 3e-05
    },
    {
      "epoch": 11,
      "train_loss": 4.373867614794586,
      "train_acc": 93.89830508474576,
      "val_loss": 0.6160277962684632,
      "val_acc": 92.43697478991596,
      "timestamp": "2025-08-29 12:47:32",
      "train_f1": 85.5962919621162,
      "train_recall": 82.94702449238297,
      "val_f1": 77.2586756550911,
      "val_recall": 75.89521590038886,
      "confusion_matrix": [
        [
          50,
          2,
          15,
          0,
          0
        ],
        [
          2,
          21,
          0,
          0,
          0
        ],
        [
          6,
          0,
          155,
          0,
          1
        ],
        [
          10,
          1,
          0,
          3,
          1
        ],
        [
          2,
          0,
          5,
          0,
          321
        ]
      ],
      "epoch_time": 292.2296335697174,
      "learning_rate": 3e-05
    },
    {
      "epoch": 12,
      "train_loss": 4.374590094816887,
      "train_acc": 94.02542372881356,
      "val_loss": 0.6180341601371765,
      "val_acc": 92.10084033613445,
      "timestamp": "2025-08-29 12:53:37",
      "train_f1": 86.21747231915835,
      "train_recall": 83.4654138691399,
      "val_f1": 77.38185242316148,
      "val_recall": 75.88583417307242,
      "confusion_matrix": [
        [
          51,
          1,
          15,
          0,
          0
        ],
        [
          2,
          21,
          0,
          0,
          0
        ],
        [
          8,
          0,
          153,
          0,
          1
        ],
        [
          10,
          1,
          1,
          3,
          0
        ],
        [
          2,
          0,
          6,
          0,
          320
        ]
      ],
      "epoch_time": 364.7686195373535,
      "learning_rate": 1.5e-05
    },
    {
      "epoch": 13,
      "train_loss": 4.389416075358956,
      "train_acc": 93.51694915254237,
      "val_loss": 0.6173613826433818,
      "val_acc": 92.60504201680672,
      "timestamp": "2025-08-29 13:00:01",
      "train_f1": 85.38421024463128,
      "train_recall": 82.6498916763037,
      "val_f1": 77.26200115240195,
      "val_recall": 75.24359595135356,
      "confusion_matrix": [
        [
          47,
          2,
          18,
          0,
          0
        ],
        [
          2,
          21,
          0,
          0,
          0
        ],
        [
          1,
          0,
          155,
          0,
          6
        ],
        [
          10,
          1,
          0,
          3,
          1
        ],
        [
          2,
          0,
          1,
          0,
          325
        ]
      ],
      "epoch_time": 383.03146481513977,
      "learning_rate": 1.5e-05
    },
    {
      "epoch": 14,
      "train_loss": 4.366267937724873,
      "train_acc": 94.49152542372882,
      "val_loss": 0.6160199483235677,
      "val_acc": 92.77310924369748,
      "timestamp": "2025-08-29 13:04:22",
      "train_f1": 86.48634697282202,
      "train_recall": 83.43306260478103,
      "val_f1": 77.60239795747354,
      "val_recall": 76.14212948063577,
      "confusion_matrix": [
        [
          50,
          2,
          15,
          0,
          0
        ],
        [
          2,
          21,
          0,
          0,
          0
        ],
        [
          4,
          0,
          157,
          0,
          1
        ],
        [
          10,
          1,
          0,
          3,
          1
        ],
        [
          2,
          0,
          5,
          0,
          321
        ]
      ],
      "epoch_time": 260.1359317302704,
      "learning_rate": 1.5e-05
    },
    {
      "epoch": 15,
      "train_loss": 4.37101513753503,
      "train_acc": 94.32203389830508,
      "val_loss": 0.6156513810157775,
      "val_acc": 93.10924369747899,
      "timestamp": "2025-08-29 13:11:10",
      "train_f1": 86.17356670036388,
      "train_recall": 83.43622315374952,
      "val_f1": 78.19574588732394,
      "val_recall": 76.32656188051534,
      "confusion_matrix": [
        [
          50,
          1,
          16,
          0,
          0
        ],
        [
          2,
          21,
          0,
          0,
          0
        ],
        [
          3,
          0,
          158,
          0,
          1
        ],
        [
          10,
          1,
          0,
          3,
          1
        ],
        [
          2,
          0,
          4,
          0,
          322
        ]
      ],
      "epoch_time": 408.18197107315063,
      "learning_rate": 1.5e-05
    },
    {
      "epoch": 16,
      "train_loss": 4.382483347997827,
      "train_acc": 94.0677966101695,
      "val_loss": 0.6167364080746969,
      "val_acc": 92.43697478991596,
      "timestamp": "2025-08-29 13:18:05",
      "train_f1": 86.23605749743561,
      "train_recall": 83.36420318121351,
      "val_f1": 77.72188070438376,
      "val_recall": 76.13274775331934,
      "confusion_matrix": [
        [
          51,
          1,
          15,
          0,
          0
        ],
        [
          2,
          21,
          0,
          0,
          0
        ],
        [
          6,
          0,
          155,
          0,
          1
        ],
        [
          10,
          1,
          1,
          3,
          0
        ],
        [
          2,
          0,
          6,
          0,
          320
        ]
      ],
      "epoch_time": 413.69604420661926,
      "learning_rate": 1.5e-05
    },
    {
      "epoch": 17,
      "train_loss": 4.358846042115809,
      "train_acc": 94.19491525423729,
      "val_loss": 0.6161040186882019,
      "val_acc": 93.10924369747899,
      "timestamp": "2025-08-29 13:25:34",
      "train_f1": 85.9166430895271,
      "train_recall": 83.03267136538915,
      "val_f1": 78.17508065267715,
      "val_recall": 76.43913137271109,
      "confusion_matrix": [
        [
          51,
          1,
          15,
          0,
          0
        ],
        [
          2,
          21,
          0,
          0,
          0
        ],
        [
          5,
          0,
          156,
          0,
          1
        ],
        [
          10,
          1,
          0,
          3,
          1
        ],
        [
          2,
          0,
          3,
          0,
          323
        ]
      ],
      "epoch_time": 447.8543553352356,
      "learning_rate": 1.5e-05
    },
    {
      "epoch": 18,
      "train_loss": 4.3736716842247265,
      "train_acc": 94.0677966101695,
      "val_loss": 0.6163124084472656,
      "val_acc": 92.77310924369748,
      "timestamp": "2025-08-29 13:29:00",
      "train_f1": 85.91392317335497,
      "train_recall": 83.21263470615362,
      "val_f1": 77.85435409487214,
      "val_recall": 75.60458459440748,
      "confusion_matrix": [
        [
          48,
          1,
          18,
          0,
          0
        ],
        [
          2,
          21,
          0,
          0,
          0
        ],
        [
          1,
          0,
          156,
          0,
          5
        ],
        [
          10,
          1,
          0,
          3,
          1
        ],
        [
          2,
          0,
          2,
          0,
          324
        ]
      ],
      "epoch_time": 205.2670876979828,
      "learning_rate": 1.5e-05
    },
    {
      "epoch": 19,
      "train_loss": 4.354165063065998,
      "train_acc": 94.11016949152543,
      "val_loss": 0.61847851673762,
      "val_acc": 92.60504201680672,
      "timestamp": "2025-08-29 13:35:03",
      "train_f1": 86.13647699589349,
      "train_recall": 83.17938114245308,
      "val_f1": 77.59577545246611,
      "val_recall": 75.24359595135356,
      "confusion_matrix": [
        [
          47,
          1,
          19,
          0,
          0
        ],
        [
          2,
          21,
          0,
          0,
          0
        ],
        [
          1,
          0,
          155,
          0,
          6
        ],
        [
          10,
          1,
          0,
          3,
          1
        ],
        [
          2,
          0,
          1,
          0,
          325
        ]
      ],
      "epoch_time": 363.3652832508087,
      "learning_rate": 1.5e-05
    },
    {
      "epoch": 20,
      "train_loss": 4.345468060444977,
      "train_acc": 94.32203389830508,
      "val_loss": 0.6156875451405843,
      "val_acc": 93.10924369747899,
      "timestamp": "2025-08-29 13:38:17",
      "train_f1": 86.2465622225061,
      "train_recall": 83.44302750857501,
      "val_f1": 78.23755621475588,
      "val_recall": 76.50161255307844,
      "confusion_matrix": [
        [
          51,
          1,
          15,
          0,
          0
        ],
        [
          2,
          21,
          0,
          0,
          0
        ],
        [
          4,
          0,
          157,
          0,
          1
        ],
        [
          10,
          1,
          1,
          3,
          0
        ],
        [
          2,
          0,
          4,
          0,
          322
        ]
      ],
      "epoch_time": 193.37986540794373,
      "learning_rate": 1.5e-05
    },
    {
      "epoch": 21,
      "train_loss": 4.347649980399568,
      "train_acc": 94.32203389830508,
      "val_loss": 0.6157923777898152,
      "val_acc": 92.60504201680672,
      "timestamp": "2025-08-29 13:44:19",
      "train_f1": 86.3527112503618,
      "train_recall": 83.4921924652803,
      "val_f1": 77.76055396364686,
      "val_recall": 75.48112780428403,
      "confusion_matrix": [
        [
          48,
          1,
          18,
          0,
          0
        ],
        [
          2,
          21,
          0,
          0,
          0
        ],
        [
          1,
          0,
          155,
          0,
          6
        ],
        [
          10,
          1,
          0,
          3,
          1
        ],
        [
          2,
          0,
          2,
          0,
          324
        ]
      ],
      "epoch_time": 361.0529475212097,
      "learning_rate": 1.5e-05
    },
    {
      "epoch": 22,
      "train_loss": 4.373380269034434,
      "train_acc": 94.15254237288136,
      "val_loss": 0.6155919869740804,
      "val_acc": 93.10924369747899,
      "timestamp": "2025-08-29 13:47:51",
      "train_f1": 85.99375989113247,
      "train_recall": 83.08968085296073,
      "val_f1": 78.04109985620809,
      "val_recall": 75.8514981746544,
      "confusion_matrix": [
        [
          48,
          1,
          18,
          0,
          0
        ],
        [
          2,
          21,
          0,
          0,
          0
        ],
        [
          1,
          0,
          158,
          0,
          3
        ],
        [
          10,
          1,
          0,
          3,
          1
        ],
        [
          2,
          0,
          2,
          0,
          324
        ]
      ],
      "epoch_time": 211.36602520942688,
      "learning_rate": 1.5e-05
    },
    {
      "epoch": 23,
      "train_loss": 4.3460497159068865,
      "train_acc": 94.0677966101695,
      "val_loss": 0.6159957846005758,
      "val_acc": 92.77310924369748,
      "timestamp": "2025-08-29 13:55:59",
      "train_f1": 86.0007179530213,
      "train_recall": 83.07272082371122,
      "val_f1": 77.89271727685502,
      "val_recall": 76.25469897283153,
      "confusion_matrix": [
        [
          51,
          1,
          15,
          0,
          0
        ],
        [
          2,
          21,
          0,
          0,
          0
        ],
        [
          6,
          0,
          155,
          0,
          1
        ],
        [
          10,
          1,
          1,
          3,
          0
        ],
        [
          2,
          0,
          4,
          0,
          322
        ]
      ],
      "epoch_time": 487.10605120658875,
      "learning_rate": 7.5e-06
    }
  ]
}