{
  "dataset": "ASAS",
  "model_type": "langevin",
  "sde_config": 1,
  "start_time": "20250830_091738",
  "date": "20250830",
  "epochs": [
    {
      "epoch": 1,
      "train_loss": 9.00054273089847,
      "train_acc": 33.6570945945946,
      "val_loss": 0.9590189337730408,
      "val_acc": 55.12605042016807,
      "timestamp": "2025-08-30 09:19:55",
      "train_f1": 35.013343706346,
      "train_recall": 33.6570945945946,
      "val_f1": 40.63223491643848,
      "val_recall": 55.12605042016807,
      "confusion_matrix": [
        [
          0,
          0,
          6,
          0,
          61
        ],
        [
          4,
          0,
          19,
          0,
          0
        ],
        [
          0,
          0,
          0,
          0,
          162
        ],
        [
          4,
          0,
          0,
          0,
          11
        ],
        [
          0,
          0,
          0,
          0,
          328
        ]
      ],
      "class_accuracies": {
        "class_0": 0.0,
        "class_1": 0.0,
        "class_2": 0.0,
        "class_3": 0.0,
        "class_4": 100.0
      },
      "epoch_time": 136.75464916229248,
      "learning_rate": 3e-05
    },
    {
      "epoch": 2,
      "train_loss": 8.833520542930913,
      "train_acc": 45.48141891891892,
      "val_loss": 0.9440608382225036,
      "val_acc": 55.12605042016807,
      "timestamp": "2025-08-30 09:22:14",
      "train_f1": 40.93425794986378,
      "train_recall": 45.48141891891892,
      "val_f1": 40.18076563958917,
      "val_recall": 55.12605042016807,
      "confusion_matrix": [
        [
          0,
          0,
          0,
          0,
          67
        ],
        [
          4,
          0,
          15,
          0,
          4
        ],
        [
          0,
          0,
          0,
          0,
          162
        ],
        [
          4,
          0,
          0,
          0,
          11
        ],
        [
          0,
          0,
          0,
          0,
          328
        ]
      ],
      "epoch_time": 138.14324617385864,
      "learning_rate": 3e-05
    },
    {
      "epoch": 3,
      "train_loss": 8.689951371502232,
      "train_acc": 49.366554054054056,
      "val_loss": 0.9321042537689209,
      "val_acc": 55.12605042016807,
      "timestamp": "2025-08-30 09:23:58",
      "train_f1": 41.83824033640719,
      "train_recall": 49.36655405405405,
      "val_f1": 39.43586594943321,
      "val_recall": 55.12605042016807,
      "confusion_matrix": [
        [
          0,
          0,
          0,
          0,
          67
        ],
        [
          2,
          0,
          0,
          0,
          21
        ],
        [
          0,
          0,
          0,
          0,
          162
        ],
        [
          4,
          0,
          0,
          0,
          11
        ],
        [
          0,
          0,
          0,
          0,
          328
        ]
      ],
      "epoch_time": 103.89447617530823,
      "learning_rate": 3e-05
    }
  ]
}