{
  "dataset": "LINEAR",
  "model_type": "langevin",
  "sde_config": 1,
  "start_time": "20250829_181522",
  "date": "20250829",
  "epochs": [
    {
      "epoch": 1,
      "train_loss": 14.926049689146188,
      "train_acc": 50.04807692307692,
      "val_loss": 0.8640736972584444,
      "val_acc": 73.87127761767532,
      "timestamp": "2025-08-29 18:17:16",
      "train_f1": 27.34592959605507,
      "train_recall": 29.085890255188342,
      "val_f1": 64.42332135699735,
      "val_recall": 73.87127761767532,
      "confusion_matrix": [
        [
          0,
          0,
          51,
          0,
          11
        ],
        [
          0,
          0,
          0,
          0,
          19
        ],
        [
          0,
          0,
          414,
          0,
          6
        ],
        [
          0,
          0,
          146,
          0,
          18
        ],
        [
          0,
          0,
          21,
          0,
          355
        ]
      ],
      "class_accuracies": {
        "class_0": 0.0,
        "class_1": 0.0,
        "class_2": 98.57142857142858,
        "class_3": 0.0,
        "class_4": 94.41489361702128
      },
      "epoch_time": 113.84915494918823,
      "learning_rate": 3e-05
    },
    {
      "epoch": 2,
      "train_loss": 13.902374760921186,
      "train_acc": 68.91826923076923,
      "val_loss": 0.8005963108118843,
      "val_acc": 74.25552353506244,
      "timestamp": "2025-08-29 18:19:12",
      "train_f1": 36.882403650288055,
      "train_recall": 39.05155179297023,
      "val_f1": 64.57810065402492,
      "val_recall": 74.25552353506244,
      "confusion_matrix": [
        [
          0,
          0,
          38,
          0,
          24
        ],
        [
          0,
          0,
          0,
          0,
          19
        ],
        [
          0,
          0,
          408,
          0,
          12
        ],
        [
          0,
          0,
          38,
          0,
          126
        ],
        [
          0,
          0,
          11,
          0,
          365
        ]
      ],
      "class_accuracies": {
        "class_0": 0.0,
        "class_1": 0.0,
        "class_2": 97.14285714285714,
        "class_3": 0.0,
        "class_4": 97.07446808510637
      },
      "epoch_time": 115.42060279846191,
      "learning_rate": 3e-05
    },
    {
      "epoch": 3,
      "train_loss": 13.095626466090863,
      "train_acc": 75.1923076923077,
      "val_loss": 0.7909511222558863,
      "val_acc": 79.53890489913545,
      "timestamp": "2025-08-29 18:21:33",
      "train_f1": 43.52913817835828,
      "train_recall": 44.314526122918494,
      "val_f1": 74.92856499726871,
      "val_recall": 79.53890489913545,
      "confusion_matrix": [
        [
          0,
          0,
          31,
          9,
          22
        ],
        [
          0,
          0,
          0,
          0,
          19
        ],
        [
          0,
          0,
          404,
          7,
          9
        ],
        [
          0,
          0,
          14,
          63,
          87
        ],
        [
          0,
          0,
          10,
          5,
          361
        ]
      ],
      "class_accuracies": {
        "class_0": 0.0,
        "class_1": 0.0,
        "class_2": 96.19047619047619,
        "class_3": 38.41463414634146,
        "class_4": 96.01063829787235
      },
      "epoch_time": 140.61388850212097,
      "learning_rate": 3e-05
    },
    {
      "epoch": 4,
      "train_loss": 12.711171206144186,
      "train_acc": 79.42307692307692,
      "val_loss": 0.7761165745118085,
      "val_acc": 81.46013448607108,
      "timestamp": "2025-08-29 18:23:27",
      "train_f1": 48.24236269659817,
      "train_recall": 48.57085330018544,
      "val_f1": 77.51202852248163,
      "val_recall": 81.46013448607108,
      "confusion_matrix": [
        [
          0,
          0,
          29,
          12,
          21
        ],
        [
          0,
          0,
          0,
          0,
          19
        ],
        [
          0,
          0,
          402,
          9,
          9
        ],
        [
          0,
          0,
          10,
          86,
          68
        ],
        [
          0,
          0,
          10,
          6,
          360
        ]
      ],
      "class_accuracies": {
        "class_0": 0.0,
        "class_1": 0.0,
        "class_2": 95.71428571428572,
        "class_3": 52.4390243902439,
        "class_4": 95.74468085106383
      },
      "epoch_time": 114.25655484199524,
      "learning_rate": 3e-05
    },
    {
      "epoch": 5,
      "train_loss": 12.481690281171065,
      "train_acc": 82.9326923076923,
      "val_loss": 0.7569777649991652,
      "val_acc": 83.57348703170028,
      "timestamp": "2025-08-29 18:25:22",
      "train_f1": 52.63689092058442,
      "train_recall": 53.0745974760306,
      "val_f1": 79.9982350426167,
      "val_recall": 83.5734870317003,
      "confusion_matrix": [
        [
          0,
          0,
          29,
          17,
          16
        ],
        [
          0,
          0,
          0,
          0,
          19
        ],
        [
          0,
          0,
          402,
          10,
          8
        ],
        [
          0,
          0,
          9,
          112,
          43
        ],
        [
          0,
          0,
          10,
          10,
          356
        ]
      ],
      "class_accuracies": {
        "class_0": 0.0,
        "class_1": 0.0,
        "class_2": 95.71428571428572,
        "class_3": 68.29268292682927,
        "class_4": 94.68085106382979
      },
      "epoch_time": 114.8252546787262,
      "learning_rate": 3e-05
    },
    {
      "epoch": 6,
      "train_loss": 12.324060773849487,
      "train_acc": 84.54326923076923,
      "val_loss": 0.7528180164449355,
      "val_acc": 82.80499519692603,
      "timestamp": "2025-08-29 18:27:59",
      "train_f1": 53.845018774685585,
      "train_recall": 55.35067207481681,
      "val_f1": 79.34047000477982,
      "val_recall": 82.80499519692603,
      "confusion_matrix": [
        [
          0,
          0,
          28,
          18,
          16
        ],
        [
          0,
          0,
          0,
          0,
          19
        ],
        [
          0,
          0,
          393,
          19,
          8
        ],
        [
          0,
          0,
          7,
          112,
          45
        ],
        [
          0,
          0,
          9,
          10,
          357
        ]
      ],
      "epoch_time": 156.01481676101685,
      "learning_rate": 3e-05
    },
    {
      "epoch": 7,
      "train_loss": 12.111894234327169,
      "train_acc": 85.28846153846153,
      "val_loss": 0.7500044352868024,
      "val_acc": 82.22862632084534,
      "timestamp": "2025-08-29 18:30:03",
      "train_f1": 54.37846792195964,
      "train_recall": 56.33865968901146,
      "val_f1": 78.893615364561,
      "val_recall": 82.22862632084535,
      "confusion_matrix": [
        [
          0,
          0,
          26,
          20,
          16
        ],
        [
          0,
          0,
          0,
          0,
          19
        ],
        [
          0,
          0,
          385,
          27,
          8
        ],
        [
          0,
          0,
          6,
          114,
          44
        ],
        [
          0,
          0,
          9,
          10,
          357
        ]
      ],
      "epoch_time": 123.23605704307556,
      "learning_rate": 3e-05
    },
    {
      "epoch": 8,
      "train_loss": 12.053430844270267,
      "train_acc": 85.60096153846153,
      "val_loss": 0.7294913074549507,
      "val_acc": 86.45533141210375,
      "timestamp": "2025-08-29 18:32:16",
      "train_f1": 54.834326714350475,
      "train_recall": 57.26447202056737,
      "val_f1": 83.07810830411086,
      "val_recall": 86.45533141210375,
      "confusion_matrix": [
        [
          0,
          0,
          28,
          25,
          9
        ],
        [
          0,
          0,
          0,
          0,
          19
        ],
        [
          0,
          0,
          400,
          15,
          5
        ],
        [
          0,
          0,
          8,
          148,
          8
        ],
        [
          0,
          0,
          10,
          14,
          352
        ]
      ],
      "class_accuracies": {
        "class_0": 0.0,
        "class_1": 0.0,
        "class_2": 95.23809523809523,
        "class_3": 90.2439024390244,
        "class_4": 93.61702127659575
      },
      "epoch_time": 132.97412657737732,
      "learning_rate": 3e-05
    }
  ]
}