{
  "dataset": "MACHO",
  "model_type": "langevin",
  "sde_config": 1,
  "start_time": "20250830_091954",
  "date": "20250830",
  "epochs": [
    {
      "epoch": 1,
      "train_loss": 6.6234485566616055,
      "train_acc": 3.90625,
      "val_loss": 1.1993571519851685,
      "val_acc": 2.7950310559006213,
      "timestamp": "2025-08-30 09:20:34",
      "train_f1": 1.9354081447030622,
      "train_recall": 3.90625,
      "val_f1": 0.15199564654444464,
      "val_recall": 2.7950310559006213,
      "confusion_matrix": [
        [
          0,
          0,
          0,
          0,
          0,
          24,
          0
        ],
        [
          0,
          0,
          0,
          0,
          0,
          22,
          0
        ],
        [
          0,
          0,
          0,
          0,
          0,
          55,
          0
        ],
        [
          0,
          0,
          0,
          0,
          0,
          20,
          0
        ],
        [
          0,
          0,
          0,
          0,
          0,
          82,
          0
        ],
        [
          0,
          0,
          0,
          0,
          0,
          9,
          0
        ],
        [
          0,
          0,
          0,
          0,
          0,
          110,
          0
        ]
      ],
      "class_accuracies": {
        "class_0": 0.0,
        "class_1": 0.0,
        "class_2": 0.0,
        "class_3": 0.0,
        "class_4": 0.0,
        "class_5": 100.0,
        "class_6": 0.0
      },
      "epoch_time": 39.46584868431091,
      "learning_rate": 3e-05
    },
    {
      "epoch": 2,
      "train_loss": 6.560452085733414,
      "train_acc": 4.453125,
      "val_loss": 1.1925871968269348,
      "val_acc": 2.7950310559006213,
      "timestamp": "2025-08-30 09:21:24",
      "train_f1": 3.5979725975929013,
      "train_recall": 4.453125,
      "val_f1": 0.15199564654444464,
      "val_recall": 2.7950310559006213,
      "confusion_matrix": [
        [
          0,
          0,
          0,
          0,
          0,
          24,
          0
        ],
        [
          0,
          0,
          0,
          0,
          0,
          22,
          0
        ],
        [
          0,
          0,
          0,
          0,
          0,
          55,
          0
        ],
        [
          0,
          0,
          0,
          0,
          0,
          20,
          0
        ],
        [
          0,
          0,
          0,
          0,
          0,
          82,
          0
        ],
        [
          0,
          0,
          0,
          0,
          0,
          9,
          0
        ],
        [
          0,
          0,
          0,
          0,
          0,
          110,
          0
        ]
      ],
      "epoch_time": 50.3170862197876,
      "learning_rate": 3e-05
    },
    {
      "epoch": 3,
      "train_loss": 6.523196446895599,
      "train_acc": 5.546875,
      "val_loss": 1.1859522660573323,
      "val_acc": 2.7950310559006213,
      "timestamp": "2025-08-30 09:22:15",
      "train_f1": 4.61602024357393,
      "train_recall": 5.546875,
      "val_f1": 0.15199564654444464,
      "val_recall": 2.7950310559006213,
      "confusion_matrix": [
        [
          0,
          0,
          0,
          0,
          0,
          24,
          0
        ],
        [
          0,
          0,
          0,
          0,
          0,
          22,
          0
        ],
        [
          0,
          0,
          0,
          0,
          0,
          55,
          0
        ],
        [
          0,
          0,
          0,
          0,
          0,
          20,
          0
        ],
        [
          0,
          0,
          0,
          0,
          0,
          82,
          0
        ],
        [
          0,
          0,
          0,
          0,
          0,
          9,
          0
        ],
        [
          0,
          0,
          0,
          0,
          0,
          110,
          0
        ]
      ],
      "epoch_time": 50.736878633499146,
      "learning_rate": 3e-05
    },
    {
      "epoch": 4,
      "train_loss": 6.438714462518692,
      "train_acc": 9.21875,
      "val_loss": 1.179486095905304,
      "val_acc": 2.7950310559006213,
      "timestamp": "2025-08-30 09:25:21",
      "train_f1": 10.757504806654653,
      "train_recall": 9.21875,
      "val_f1": 0.15199564654444464,
      "val_recall": 2.7950310559006213,
      "confusion_matrix": [
        [
          0,
          0,
          0,
          0,
          0,
          24,
          0
        ],
        [
          0,
          0,
          0,
          0,
          0,
          22,
          0
        ],
        [
          0,
          0,
          0,
          0,
          0,
          55,
          0
        ],
        [
          0,
          0,
          0,
          0,
          0,
          20,
          0
        ],
        [
          0,
          0,
          0,
          0,
          0,
          82,
          0
        ],
        [
          0,
          0,
          0,
          0,
          0,
          9,
          0
        ],
        [
          0,
          0,
          0,
          0,
          0,
          110,
          0
        ]
      ],
      "epoch_time": 186.09923458099365,
      "learning_rate": 3e-05
    },
    {
      "epoch": 5,
      "train_loss": 6.340542429685593,
      "train_acc": 14.84375,
      "val_loss": 1.1732996503512065,
      "val_acc": 2.7950310559006213,
      "timestamp": "2025-08-30 09:27:18",
      "train_f1": 17.405519432332838,
      "train_recall": 14.84375,
      "val_f1": 0.15199564654444464,
      "val_recall": 2.7950310559006213,
      "confusion_matrix": [
        [
          0,
          0,
          0,
          0,
          0,
          24,
          0
        ],
        [
          0,
          0,
          0,
          0,
          0,
          22,
          0
        ],
        [
          0,
          0,
          0,
          0,
          0,
          55,
          0
        ],
        [
          0,
          0,
          0,
          0,
          0,
          20,
          0
        ],
        [
          0,
          0,
          0,
          0,
          0,
          82,
          0
        ],
        [
          0,
          0,
          0,
          0,
          0,
          9,
          0
        ],
        [
          0,
          0,
          0,
          0,
          0,
          110,
          0
        ]
      ],
      "epoch_time": 116.00994443893433,
      "learning_rate": 3e-05
    },
    {
      "epoch": 6,
      "train_loss": 6.369292181730271,
      "train_acc": 11.875,
      "val_loss": 1.1673959891001384,
      "val_acc": 2.7950310559006213,
      "timestamp": "2025-08-30 09:27:52",
      "train_f1": 13.746645562151095,
      "train_recall": 11.875,
      "val_f1": 0.15624397206897883,
      "val_recall": 2.7950310559006213,
      "confusion_matrix": [
        [
          0,
          0,
          0,
          0,
          0,
          24,
          0
        ],
        [
          0,
          0,
          0,
          0,
          0,
          22,
          0
        ],
        [
          0,
          0,
          0,
          0,
          1,
          54,
          0
        ],
        [
          0,
          0,
          0,
          0,
          8,
          12,
          0
        ],
        [
          0,
          0,
          0,
          0,
          0,
          82,
          0
        ],
        [
          0,
          0,
          0,
          0,
          0,
          9,
          0
        ],
        [
          0,
          0,
          0,
          0,
          0,
          110,
          0
        ]
      ],
      "epoch_time": 33.29930806159973,
      "learning_rate": 3e-05
    },
    {
      "epoch": 7,
      "train_loss": 6.307056874036789,
      "train_acc": 21.40625,
      "val_loss": 1.1617014408111572,
      "val_acc": 3.1055900621118013,
      "timestamp": "2025-08-30 09:29:11",
      "train_f1": 22.296998275575586,
      "train_recall": 21.40625,
      "val_f1": 0.685805445487131,
      "val_recall": 3.1055900621118013,
      "confusion_matrix": [
        [
          0,
          0,
          0,
          0,
          0,
          24,
          0
        ],
        [
          0,
          0,
          0,
          0,
          0,
          22,
          0
        ],
        [
          0,
          0,
          0,
          0,
          2,
          53,
          0
        ],
        [
          0,
          0,
          0,
          0,
          12,
          8,
          0
        ],
        [
          0,
          0,
          1,
          0,
          1,
          78,
          2
        ],
        [
          0,
          0,
          0,
          0,
          0,
          9,
          0
        ],
        [
          0,
          0,
          0,
          0,
          0,
          110,
          0
        ]
      ],
      "class_accuracies": {
        "class_0": 0.0,
        "class_1": 0.0,
        "class_2": 0.0,
        "class_3": 0.0,
        "class_4": 1.2195121951219512,
        "class_5": 100.0,
        "class_6": 0.0
      },
      "epoch_time": 78.71428298950195,
      "learning_rate": 3e-05
    },
    {
      "epoch": 8,
      "train_loss": 6.250513643026352,
      "train_acc": 30.3125,
      "val_loss": 1.1563413540522258,
      "val_acc": 27.32919254658385,
      "timestamp": "2025-08-30 09:30:05",
      "train_f1": 27.713712912049242,
      "train_recall": 30.312499999999996,
      "val_f1": 17.87311341420731,
      "val_recall": 27.32919254658385,
      "confusion_matrix": [
        [
          0,
          0,
          0,
          0,
          0,
          20,
          4
        ],
        [
          0,
          0,
          0,
          0,
          0,
          1,
          21
        ],
        [
          0,
          0,
          0,
          0,
          2,
          18,
          35
        ],
        [
          0,
          0,
          0,
          0,
          14,
          5,
          1
        ],
        [
          0,
          0,
          2,
          0,
          0,
          13,
          67
        ],
        [
          0,
          0,
          0,
          0,
          0,
          2,
          7
        ],
        [
          0,
          0,
          0,
          0,
          0,
          24,
          86
        ]
      ],
      "class_accuracies": {
        "class_0": 0.0,
        "class_1": 0.0,
        "class_2": 0.0,
        "class_3": 0.0,
        "class_4": 0.0,
        "class_5": 22.22222222222222,
        "class_6": 78.18181818181819
      },
      "epoch_time": 54.20248103141785,
      "learning_rate": 3e-05
    },
    {
      "epoch": 9,
      "train_loss": 6.243512922525406,
      "train_acc": 31.40625,
      "val_loss": 1.1512865622838337,
      "val_acc": 34.161490683229815,
      "timestamp": "2025-08-30 09:31:46",
      "train_f1": 26.60328922015459,
      "train_recall": 31.406250000000004,
      "val_f1": 18.066172957477306,
      "val_recall": 34.161490683229815,
      "confusion_matrix": [
        [
          0,
          0,
          0,
          0,
          0,
          0,
          24
        ],
        [
          0,
          0,
          0,
          0,
          0,
          0,
          22
        ],
        [
          0,
          0,
          0,
          0,
          2,
          0,
          53
        ],
        [
          0,
          0,
          0,
          0,
          14,
          0,
          6
        ],
        [
          0,
          0,
          0,
          0,
          0,
          0,
          82
        ],
        [
          0,
          0,
          0,
          0,
          0,
          0,
          9
        ],
        [
          0,
          0,
          0,
          0,
          0,
          0,
          110
        ]
      ],
      "class_accuracies": {
        "class_0": 0.0,
        "class_1": 0.0,
        "class_2": 0.0,
        "class_3": 0.0,
        "class_4": 0.0,
        "class_5": 0.0,
        "class_6": 100.0
      },
      "epoch_time": 100.73693323135376,
      "learning_rate": 3e-05
    },
    {
      "epoch": 10,
      "train_loss": 6.188385760784149,
      "train_acc": 34.21875,
      "val_loss": 1.1465985178947449,
      "val_acc": 34.161490683229815,
      "timestamp": "2025-08-30 09:32:43",
      "train_f1": 27.425764598155826,
      "train_recall": 34.21875,
      "val_f1": 18.066172957477306,
      "val_recall": 34.161490683229815,
      "confusion_matrix": [
        [
          0,
          0,
          0,
          0,
          0,
          0,
          24
        ],
        [
          0,
          0,
          0,
          0,
          0,
          0,
          22
        ],
        [
          0,
          0,
          0,
          0,
          2,
          0,
          53
        ],
        [
          0,
          0,
          0,
          0,
          14,
          0,
          6
        ],
        [
          0,
          0,
          0,
          0,
          0,
          0,
          82
        ],
        [
          0,
          0,
          0,
          0,
          0,
          0,
          9
        ],
        [
          0,
          0,
          0,
          0,
          0,
          0,
          110
        ]
      ],
      "epoch_time": 56.12623691558838,
      "learning_rate": 3e-05
    }
  ]
}