{
  "dataset": "LINEAR",
  "model_type": "langevin",
  "sde_config": 1,
  "start_time": "20250830_091904",
  "date": "20250830",
  "epochs": [
    {
      "epoch": 1,
      "train_loss": 15.49066691673719,
      "train_acc": 34.95192307692308,
      "val_loss": 0.93125301248887,
      "val_acc": 37.07973102785783,
      "timestamp": "2025-08-30 09:20:08",
      "train_f1": 28.911738771575557,
      "train_recall": 34.95192307692307,
      "val_f1": 22.169966583997574,
      "val_recall": 37.079731027857825,
      "confusion_matrix": [
        [
          0,
          0,
          12,
          0,
          50
        ],
        [
          0,
          0,
          0,
          0,
          19
        ],
        [
          0,
          0,
          16,
          0,
          404
        ],
        [
          0,
          0,
          0,
          0,
          164
        ],
        [
          0,
          0,
          6,
          0,
          370
        ]
      ],
      "class_accuracies": {
        "class_0": 0.0,
        "class_1": 0.0,
        "class_2": 3.8095238095238098,
        "class_3": 0.0,
        "class_4": 98.40425531914893
      },
      "epoch_time": 63.639159202575684,
      "learning_rate": 3e-05
    },
    {
      "epoch": 2,
      "train_loss": 15.0170002249571,
      "train_acc": 41.39423076923077,
      "val_loss": 0.9179594586877262,
      "val_acc": 40.345821325648416,
      "timestamp": "2025-08-30 09:21:16",
      "train_f1": 36.78788379531717,
      "train_recall": 41.39423076923077,
      "val_f1": 23.196776121522703,
      "val_recall": 40.345821325648416,
      "confusion_matrix": [
        [
          0,
          0,
          62,
          0,
          0
        ],
        [
          0,
          0,
          19,
          0,
          0
        ],
        [
          0,
          0,
          420,
          0,
          0
        ],
        [
          0,
          0,
          164,
          0,
          0
        ],
        [
          0,
          0,
          376,
          0,
          0
        ]
      ],
      "class_accuracies": {
        "class_0": 0.0,
        "class_1": 0.0,
        "class_2": 100.0,
        "class_3": 0.0,
        "class_4": 0.0
      },
      "epoch_time": 67.99533987045288,
      "learning_rate": 3e-05
    },
    {
      "epoch": 3,
      "train_loss": 14.807744503938235,
      "train_acc": 41.97115384615385,
      "val_loss": 0.9109662140116972,
      "val_acc": 40.345821325648416,
      "timestamp": "2025-08-30 09:22:23",
      "train_f1": 34.721233675599265,
      "train_recall": 41.97115384615385,
      "val_f1": 23.196776121522703,
      "val_recall": 40.345821325648416,
      "confusion_matrix": [
        [
          0,
          0,
          62,
          0,
          0
        ],
        [
          0,
          0,
          19,
          0,
          0
        ],
        [
          0,
          0,
          420,
          0,
          0
        ],
        [
          0,
          0,
          164,
          0,
          0
        ],
        [
          0,
          0,
          376,
          0,
          0
        ]
      ],
      "epoch_time": 66.51930832862854,
      "learning_rate": 3e-05
    },
    {
      "epoch": 4,
      "train_loss": 14.713936912096464,
      "train_acc": 41.70673076923077,
      "val_loss": 0.9102609087439144,
      "val_acc": 40.441882804995195,
      "timestamp": "2025-08-30 09:26:35",
      "train_f1": 36.127549012814995,
      "train_recall": 41.706730769230774,
      "val_f1": 28.34188972057844,
      "val_recall": 40.4418828049952,
      "confusion_matrix": [
        [
          0,
          0,
          15,
          0,
          47
        ],
        [
          0,
          0,
          0,
          0,
          19
        ],
        [
          0,
          0,
          52,
          0,
          368
        ],
        [
          0,
          0,
          0,
          0,
          164
        ],
        [
          0,
          0,
          7,
          0,
          369
        ]
      ],
      "class_accuracies": {
        "class_0": 0.0,
        "class_1": 0.0,
        "class_2": 12.380952380952381,
        "class_3": 0.0,
        "class_4": 98.13829787234043
      },
      "epoch_time": 251.47519040107727,
      "learning_rate": 3e-05
    },
    {
      "epoch": 5,
      "train_loss": 14.721326349331783,
      "train_acc": 39.35096153846154,
      "val_loss": 0.9124133376514211,
      "val_acc": 40.345821325648416,
      "timestamp": "2025-08-30 09:27:40",
      "train_f1": 35.26541232465527,
      "train_recall": 39.35096153846154,
      "val_f1": 23.196776121522703,
      "val_recall": 40.345821325648416,
      "confusion_matrix": [
        [
          0,
          0,
          62,
          0,
          0
        ],
        [
          0,
          0,
          19,
          0,
          0
        ],
        [
          0,
          0,
          420,
          0,
          0
        ],
        [
          0,
          0,
          164,
          0,
          0
        ],
        [
          0,
          0,
          376,
          0,
          0
        ]
      ],
      "epoch_time": 64.92235326766968,
      "learning_rate": 3e-05
    },
    {
      "epoch": 6,
      "train_loss": 14.749773398729472,
      "train_acc": 41.82692307692308,
      "val_loss": 0.9141769829918357,
      "val_acc": 40.345821325648416,
      "timestamp": "2025-08-30 09:28:41",
      "train_f1": 36.357132271747965,
      "train_recall": 41.82692307692308,
      "val_f1": 23.196776121522703,
      "val_recall": 40.345821325648416,
      "confusion_matrix": [
        [
          0,
          0,
          62,
          0,
          0
        ],
        [
          0,
          0,
          19,
          0,
          0
        ],
        [
          0,
          0,
          420,
          0,
          0
        ],
        [
          0,
          0,
          164,
          0,
          0
        ],
        [
          0,
          0,
          376,
          0,
          0
        ]
      ],
      "epoch_time": 61.38196873664856,
      "learning_rate": 3e-05
    },
    {
      "epoch": 7,
      "train_loss": 14.784585977517642,
      "train_acc": 41.89903846153846,
      "val_loss": 0.9133751041748944,
      "val_acc": 40.345821325648416,
      "timestamp": "2025-08-30 09:29:47",
      "train_f1": 35.919779011164536,
      "train_recall": 41.89903846153846,
      "val_f1": 23.196776121522703,
      "val_recall": 40.345821325648416,
      "confusion_matrix": [
        [
          0,
          0,
          62,
          0,
          0
        ],
        [
          0,
          0,
          19,
          0,
          0
        ],
        [
          0,
          0,
          420,
          0,
          0
        ],
        [
          0,
          0,
          164,
          0,
          0
        ],
        [
          0,
          0,
          376,
          0,
          0
        ]
      ],
      "epoch_time": 65.48546481132507,
      "learning_rate": 3e-05
    },
    {
      "epoch": 8,
      "train_loss": 14.754538735976586,
      "train_acc": 41.44230769230769,
      "val_loss": 0.9117028748287874,
      "val_acc": 40.345821325648416,
      "timestamp": "2025-08-30 09:30:48",
      "train_f1": 35.68591749048642,
      "train_recall": 41.44230769230769,
      "val_f1": 23.196776121522703,
      "val_recall": 40.345821325648416,
      "confusion_matrix": [
        [
          0,
          0,
          62,
          0,
          0
        ],
        [
          0,
          0,
          19,
          0,
          0
        ],
        [
          0,
          0,
          420,
          0,
          0
        ],
        [
          0,
          0,
          164,
          0,
          0
        ],
        [
          0,
          0,
          376,
          0,
          0
        ]
      ],
      "epoch_time": 60.90301012992859,
      "learning_rate": 3e-05
    },
    {
      "epoch": 9,
      "train_loss": 14.76339013668207,
      "train_acc": 40.81730769230769,
      "val_loss": 0.9115103868877187,
      "val_acc": 40.345821325648416,
      "timestamp": "2025-08-30 09:32:06",
      "train_f1": 34.40231392643133,
      "train_recall": 40.81730769230769,
      "val_f1": 23.196776121522703,
      "val_recall": 40.345821325648416,
      "confusion_matrix": [
        [
          0,
          0,
          62,
          0,
          0
        ],
        [
          0,
          0,
          19,
          0,
          0
        ],
        [
          0,
          0,
          420,
          0,
          0
        ],
        [
          0,
          0,
          164,
          0,
          0
        ],
        [
          0,
          0,
          376,
          0,
          0
        ]
      ],
      "epoch_time": 77.70581269264221,
      "learning_rate": 3e-05
    }
  ]
}