{
  "dataset": "LINEAR",
  "model_type": "langevin",
  "sde_config": 1,
  "start_time": "20250831_054517",
  "date": "20250831",
  "epochs": [
    {
      "epoch": 1,
      "train_loss": 29.640310604755694,
      "train_acc": 58.89423076923077,
      "val_loss": 0.8077073043042963,
      "val_acc": 74.25552353506244,
      "timestamp": "2025-08-31 05:47:25",
      "train_f1": 54.549017423631966,
      "train_recall": 58.894230769230774,
      "val_f1": 64.57810065402492,
      "val_recall": 74.25552353506244,
      "confusion_matrix": [
        [
          0,
          0,
          38,
          0,
          24
        ],
        [
          0,
          0,
          0,
          0,
          19
        ],
        [
          0,
          0,
          408,
          0,
          12
        ],
        [
          0,
          0,
          38,
          0,
          126
        ],
        [
          0,
          0,
          11,
          0,
          365
        ]
      ],
      "class_accuracies": {
        "class_0": 0.0,
        "class_1": 0.0,
        "class_2": 97.14285714285714,
        "class_3": 0.0,
        "class_4": 97.07446808510637
      },
      "epoch_time": 128.1165759563446,
      "learning_rate": 3e-05
    },
    {
      "epoch": 2,
      "train_loss": 26.662880220321508,
      "train_acc": 75.14423076923077,
      "val_loss": 0.7920261043490786,
      "val_acc": 79.2507204610951,
      "timestamp": "2025-08-31 05:49:37",
      "train_f1": 71.15648675668807,
      "train_recall": 75.14423076923077,
      "val_f1": 74.33259264068192,
      "val_recall": 79.2507204610951,
      "confusion_matrix": [
        [
          0,
          0,
          36,
          5,
          21
        ],
        [
          0,
          0,
          0,
          0,
          19
        ],
        [
          0,
          0,
          406,
          5,
          9
        ],
        [
          0,
          0,
          31,
          59,
          74
        ],
        [
          0,
          0,
          10,
          6,
          360
        ]
      ],
      "class_accuracies": {
        "class_0": 0.0,
        "class_1": 0.0,
        "class_2": 96.66666666666667,
        "class_3": 35.97560975609756,
        "class_4": 95.74468085106383
      },
      "epoch_time": 131.21341919898987,
      "learning_rate": 3e-05
    },
    {
      "epoch": 3,
      "train_loss": 25.848799933378512,
      "train_acc": 81.1298076923077,
      "val_loss": 0.7549590811584935,
      "val_acc": 84.82228626320845,
      "timestamp": "2025-08-31 05:52:28",
      "train_f1": 77.90844000802666,
      "train_recall": 81.1298076923077,
      "val_f1": 81.29664085592361,
      "val_recall": 84.82228626320845,
      "confusion_matrix": [
        [
          0,
          0,
          37,
          16,
          9
        ],
        [
          0,
          0,
          0,
          0,
          19
        ],
        [
          0,
          0,
          407,
          8,
          5
        ],
        [
          0,
          0,
          32,
          124,
          8
        ],
        [
          0,
          0,
          11,
          13,
          352
        ]
      ],
      "class_accuracies": {
        "class_0": 0.0,
        "class_1": 0.0,
        "class_2": 96.9047619047619,
        "class_3": 75.60975609756098,
        "class_4": 93.61702127659575
      },
      "epoch_time": 171.1340413093567,
      "learning_rate": 3e-05
    },
    {
      "epoch": 4,
      "train_loss": 25.077976647248637,
      "train_acc": 84.03846153846153,
      "val_loss": 0.7435652577515804,
      "val_acc": 84.34197886647455,
      "timestamp": "2025-08-31 05:54:49",
      "train_f1": 81.2706925975243,
      "train_recall": 84.03846153846153,
      "val_f1": 80.95141846442118,
      "val_recall": 84.34197886647455,
      "confusion_matrix": [
        [
          0,
          0,
          28,
          21,
          13
        ],
        [
          0,
          0,
          0,
          0,
          19
        ],
        [
          0,
          0,
          395,
          19,
          6
        ],
        [
          0,
          0,
          7,
          127,
          30
        ],
        [
          0,
          0,
          9,
          11,
          356
        ]
      ],
      "epoch_time": 140.8146035671234,
      "learning_rate": 3e-05
    },
    {
      "epoch": 5,
      "train_loss": 24.506446481209537,
      "train_acc": 86.25,
      "val_loss": 0.738789211619984,
      "val_acc": 84.43804034582132,
      "timestamp": "2025-08-31 05:57:01",
      "train_f1": 83.50901707633143,
      "train_recall": 86.25,
      "val_f1": 81.21300909904801,
      "val_recall": 84.43804034582134,
      "confusion_matrix": [
        [
          0,
          0,
          35,
          23,
          4
        ],
        [
          0,
          0,
          0,
          0,
          19
        ],
        [
          0,
          0,
          406,
          13,
          1
        ],
        [
          0,
          0,
          28,
          136,
          0
        ],
        [
          0,
          0,
          10,
          29,
          337
        ]
      ],
      "epoch_time": 131.23968648910522,
      "learning_rate": 3e-05
    },
    {
      "epoch": 6,
      "train_loss": 24.461872050853877,
      "train_acc": 85.86538461538461,
      "val_loss": 0.7302248026385452,
      "val_acc": 85.97502401536984,
      "timestamp": "2025-08-31 05:59:39",
      "train_f1": 83.3295046356293,
      "train_recall": 85.86538461538461,
      "val_f1": 82.66336043945238,
      "val_recall": 85.97502401536984,
      "confusion_matrix": [
        [
          0,
          0,
          28,
          25,
          9
        ],
        [
          0,
          0,
          0,
          0,
          19
        ],
        [
          0,
          0,
          395,
          20,
          5
        ],
        [
          0,
          0,
          7,
          149,
          8
        ],
        [
          0,
          0,
          10,
          15,
          351
        ]
      ],
      "class_accuracies": {
        "class_0": 0.0,
        "class_1": 0.0,
        "class_2": 94.04761904761905,
        "class_3": 90.85365853658537,
        "class_4": 93.35106382978722
      },
      "epoch_time": 158.13282322883606,
      "learning_rate": 3e-05
    },
    {
      "epoch": 7,
      "train_loss": 24.154871922272903,
      "train_acc": 86.58653846153847,
      "val_loss": 0.728213349978129,
      "val_acc": 86.26320845341019,
      "timestamp": "2025-08-31 06:01:55",
      "train_f1": 83.95847572089718,
      "train_recall": 86.58653846153847,
      "val_f1": 82.90780809957532,
      "val_recall": 86.26320845341017,
      "confusion_matrix": [
        [
          0,
          0,
          28,
          25,
          9
        ],
        [
          0,
          0,
          0,
          0,
          19
        ],
        [
          0,
          0,
          399,
          16,
          5
        ],
        [
          0,
          0,
          7,
          148,
          9
        ],
        [
          0,
          0,
          10,
          15,
          351
        ]
      ],
      "class_accuracies": {
        "class_0": 0.0,
        "class_1": 0.0,
        "class_2": 95.0,
        "class_3": 90.2439024390244,
        "class_4": 93.35106382978722
      },
      "epoch_time": 135.3850018978119,
      "learning_rate": 3e-05
    },
    {
      "epoch": 8,
      "train_loss": 24.124596344966154,
      "train_acc": 86.85096153846153,
      "val_loss": 0.7281074126561483,
      "val_acc": 85.97502401536984,
      "timestamp": "2025-08-31 06:04:13",
      "train_f1": 84.23713886716416,
      "train_recall": 86.85096153846153,
      "val_f1": 82.68214323024189,
      "val_recall": 85.97502401536984,
      "confusion_matrix": [
        [
          0,
          0,
          27,
          26,
          9
        ],
        [
          0,
          0,
          0,
          0,
          19
        ],
        [
          0,
          0,
          391,
          24,
          5
        ],
        [
          0,
          0,
          5,
          150,
          9
        ],
        [
          0,
          0,
          10,
          12,
          354
        ]
      ],
      "epoch_time": 138.39826273918152,
      "learning_rate": 3e-05
    },
    {
      "epoch": 9,
      "train_loss": 23.898309161571355,
      "train_acc": 86.94711538461539,
      "val_loss": 0.7220579945679867,
      "val_acc": 86.93563880883765,
      "timestamp": "2025-08-31 06:06:20",
      "train_f1": 84.81053845344817,
      "train_recall": 86.94711538461539,
      "val_f1": 83.5838379308753,
      "val_recall": 86.93563880883765,
      "confusion_matrix": [
        [
          0,
          0,
          30,
          26,
          6
        ],
        [
          0,
          0,
          0,
          0,
          19
        ],
        [
          0,
          0,
          404,
          14,
          2
        ],
        [
          0,
          0,
          10,
          153,
          1
        ],
        [
          0,
          0,
          10,
          18,
          348
        ]
      ],
      "class_accuracies": {
        "class_0": 0.0,
        "class_1": 0.0,
        "class_2": 96.19047619047619,
        "class_3": 93.29268292682927,
        "class_4": 92.5531914893617
      },
      "epoch_time": 126.64348936080933,
      "learning_rate": 3e-05
    },
    {
      "epoch": 10,
      "train_loss": 23.94325954409746,
      "train_acc": 87.28365384615384,
      "val_loss": 0.7195639628352541,
      "val_acc": 86.83957732949088,
      "timestamp": "2025-08-31 06:08:31",
      "train_f1": 85.01555166137942,
      "train_recall": 87.28365384615384,
      "val_f1": 83.61812947957236,
      "val_recall": 86.83957732949087,
      "confusion_matrix": [
        [
          0,
          0,
          28,
          29,
          5
        ],
        [
          0,
          0,
          0,
          0,
          19
        ],
        [
          2,
          0,
          402,
          14,
          2
        ],
        [
          0,
          0,
          7,
          156,
          1
        ],
        [
          0,
          0,
          10,
          20,
          346
        ]
      ],
      "epoch_time": 130.72250652313232,
      "learning_rate": 3e-05
    },
    {
      "epoch": 11,
      "train_loss": 23.897874819315398,
      "train_acc": 87.54807692307692,
      "val_loss": 0.7169810497399532,
      "val_acc": 86.55139289145053,
      "timestamp": "2025-08-31 06:11:01",
      "train_f1": 85.3425713058789,
      "train_recall": 87.54807692307692,
      "val_f1": 83.77717756470878,
      "val_recall": 86.55139289145053,
      "confusion_matrix": [
        [
          2,
          0,
          25,
          29,
          6
        ],
        [
          0,
          0,
          0,
          0,
          19
        ],
        [
          6,
          0,
          393,
          19,
          2
        ],
        [
          0,
          0,
          5,
          158,
          1
        ],
        [
          0,
          0,
          10,
          18,
          348
        ]
      ],
      "epoch_time": 149.78272891044617,
      "learning_rate": 3e-05
    },
    {
      "epoch": 12,
      "train_loss": 23.882781936113652,
      "train_acc": 87.3798076923077,
      "val_loss": 0.7170099146438368,
      "val_acc": 86.35926993275696,
      "timestamp": "2025-08-31 06:13:16",
      "train_f1": 85.63378121320811,
      "train_recall": 87.3798076923077,
      "val_f1": 84.01038614312576,
      "val_recall": 86.35926993275696,
      "confusion_matrix": [
        [
          5,
          0,
          24,
          28,
          5
        ],
        [
          0,
          0,
          0,
          0,
          19
        ],
        [
          7,
          0,
          397,
          14,
          2
        ],
        [
          0,
          0,
          8,
          155,
          1
        ],
        [
          2,
          0,
          8,
          24,
          342
        ]
      ],
      "epoch_time": 134.60918927192688,
      "learning_rate": 1.5e-05
    },
    {
      "epoch": 13,
      "train_loss": 23.81705194023939,
      "train_acc": 87.8125,
      "val_loss": 0.7167337157509543,
      "val_acc": 88.08837656099904,
      "timestamp": "2025-08-31 06:16:29",
      "train_f1": 86.27061402176173,
      "train_recall": 87.8125,
      "val_f1": 85.93874033381447,
      "val_recall": 88.08837656099904,
      "confusion_matrix": [
        [
          1,
          0,
          26,
          26,
          9
        ],
        [
          0,
          19,
          0,
          0,
          0
        ],
        [
          4,
          0,
          390,
          22,
          4
        ],
        [
          0,
          0,
          5,
          157,
          2
        ],
        [
          0,
          1,
          10,
          15,
          350
        ]
      ],
      "class_accuracies": {
        "class_0": 1.6129032258064515,
        "class_1": 100.0,
        "class_2": 92.85714285714286,
        "class_3": 95.73170731707317,
        "class_4": 93.08510638297872
      },
      "epoch_time": 192.36526036262512,
      "learning_rate": 1.5e-05
    },
    {
      "epoch": 14,
      "train_loss": 23.69935126900673,
      "train_acc": 88.17307692307692,
      "val_loss": 0.7138447598977522,
      "val_acc": 88.66474543707973,
      "timestamp": "2025-08-31 06:19:06",
      "train_f1": 86.50562931604217,
      "train_recall": 88.17307692307692,
      "val_f1": 86.23340949056141,
      "val_recall": 88.66474543707973,
      "confusion_matrix": [
        [
          0,
          0,
          27,
          27,
          8
        ],
        [
          0,
          19,
          0,
          0,
          0
        ],
        [
          1,
          0,
          399,
          18,
          2
        ],
        [
          0,
          0,
          5,
          157,
          2
        ],
        [
          0,
          2,
          10,
          16,
          348
        ]
      ],
      "class_accuracies": {
        "class_0": 0.0,
        "class_1": 100.0,
        "class_2": 95.0,
        "class_3": 95.73170731707317,
        "class_4": 92.5531914893617
      },
      "epoch_time": 157.20067858695984,
      "learning_rate": 1.5e-05
    },
    {
      "epoch": 15,
      "train_loss": 23.679570868840585,
      "train_acc": 88.22115384615384,
      "val_loss": 0.7136153651006294,
      "val_acc": 88.85686839577329,
      "timestamp": "2025-08-31 06:21:35",
      "train_f1": 86.58022034511865,
      "train_recall": 88.22115384615384,
      "val_f1": 86.37565223922144,
      "val_recall": 88.85686839577329,
      "confusion_matrix": [
        [
          0,
          0,
          28,
          26,
          8
        ],
        [
          0,
          19,
          0,
          0,
          0
        ],
        [
          1,
          0,
          403,
          14,
          2
        ],
        [
          0,
          0,
          6,
          156,
          2
        ],
        [
          0,
          3,
          10,
          16,
          347
        ]
      ],
      "class_accuracies": {
        "class_0": 0.0,
        "class_1": 100.0,
        "class_2": 95.95238095238095,
        "class_3": 95.1219512195122,
        "class_4": 92.2872340425532
      },
      "epoch_time": 148.36011481285095,
      "learning_rate": 1.5e-05
    },
    {
      "epoch": 16,
      "train_loss": 23.6996218424577,
      "train_acc": 88.6298076923077,
      "val_loss": 0.7120241269920812,
      "val_acc": 88.47262247838617,
      "timestamp": "2025-08-31 06:23:47",
      "train_f1": 86.93495439762452,
      "train_recall": 88.6298076923077,
      "val_f1": 86.96948134019263,
      "val_recall": 88.47262247838617,
      "confusion_matrix": [
        [
          5,
          0,
          22,
          29,
          6
        ],
        [
          0,
          19,
          0,
          0,
          0
        ],
        [
          7,
          0,
          393,
          18,
          2
        ],
        [
          0,
          0,
          5,
          158,
          1
        ],
        [
          2,
          2,
          8,
          18,
          346
        ]
      ],
      "epoch_time": 132.08022570610046,
      "learning_rate": 1.5e-05
    },
    {
      "epoch": 17,
      "train_loss": 23.70343734071805,
      "train_acc": 88.125,
      "val_loss": 0.711142872319077,
      "val_acc": 88.85686839577329,
      "timestamp": "2025-08-31 06:26:12",
      "train_f1": 86.45672413966582,
      "train_recall": 88.125,
      "val_f1": 86.39588829115257,
      "val_recall": 88.85686839577329,
      "confusion_matrix": [
        [
          0,
          0,
          28,
          27,
          7
        ],
        [
          0,
          19,
          0,
          0,
          0
        ],
        [
          1,
          0,
          403,
          14,
          2
        ],
        [
          0,
          0,
          5,
          158,
          1
        ],
        [
          0,
          4,
          10,
          17,
          345
        ]
      ],
      "epoch_time": 144.50607252120972,
      "learning_rate": 1.5e-05
    },
    {
      "epoch": 18,
      "train_loss": 23.648118104842993,
      "train_acc": 88.4375,
      "val_loss": 0.7104780854600848,
      "val_acc": 88.85686839577329,
      "timestamp": "2025-08-31 06:28:28",
      "train_f1": 87.13317367645496,
      "train_recall": 88.4375,
      "val_f1": 87.24973448972176,
      "val_recall": 88.85686839577329,
      "confusion_matrix": [
        [
          5,
          0,
          22,
          27,
          8
        ],
        [
          0,
          19,
          0,
          0,
          0
        ],
        [
          7,
          0,
          396,
          15,
          2
        ],
        [
          0,
          0,
          5,
          158,
          1
        ],
        [
          1,
          2,
          9,
          17,
          347
        ]
      ],
      "epoch_time": 135.58795523643494,
      "learning_rate": 1.5e-05
    },
    {
      "epoch": 19,
      "train_loss": 23.6122533931182,
      "train_acc": 88.34134615384616,
      "val_loss": 0.709982333761273,
      "val_acc": 88.85686839577329,
      "timestamp": "2025-08-31 06:30:39",
      "train_f1": 87.00414451857583,
      "train_recall": 88.34134615384616,
      "val_f1": 86.34171487674938,
      "val_recall": 88.85686839577329,
      "confusion_matrix": [
        [
          0,
          0,
          28,
          26,
          8
        ],
        [
          0,
          19,
          0,
          0,
          0
        ],
        [
          0,
          0,
          404,
          14,
          2
        ],
        [
          0,
          0,
          6,
          157,
          1
        ],
        [
          0,
          4,
          10,
          17,
          345
        ]
      ],
      "epoch_time": 131.21615934371948,
      "learning_rate": 1.5e-05
    },
    {
      "epoch": 20,
      "train_loss": 23.700033810047003,
      "train_acc": 88.38942307692308,
      "val_loss": 0.7126325603687402,
      "val_acc": 88.2804995196926,
      "timestamp": "2025-08-31 06:33:02",
      "train_f1": 86.77626529335333,
      "train_recall": 88.38942307692308,
      "val_f1": 85.809003115452,
      "val_recall": 88.2804995196926,
      "confusion_matrix": [
        [
          0,
          0,
          27,
          26,
          9
        ],
        [
          0,
          19,
          0,
          0,
          0
        ],
        [
          0,
          0,
          396,
          20,
          4
        ],
        [
          0,
          0,
          5,
          157,
          2
        ],
        [
          0,
          4,
          10,
          15,
          347
        ]
      ],
      "epoch_time": 142.55800795555115,
      "learning_rate": 1.5e-05
    },
    {
      "epoch": 21,
      "train_loss": 23.582130294579727,
      "train_acc": 88.82211538461539,
      "val_loss": 0.709541709134073,
      "val_acc": 88.76080691642652,
      "timestamp": "2025-08-31 06:35:12",
      "train_f1": 87.07259481792451,
      "train_recall": 88.82211538461539,
      "val_f1": 87.41605160123586,
      "val_recall": 88.76080691642652,
      "confusion_matrix": [
        [
          7,
          0,
          20,
          29,
          6
        ],
        [
          0,
          19,
          0,
          0,
          0
        ],
        [
          7,
          0,
          396,
          15,
          2
        ],
        [
          0,
          0,
          5,
          158,
          1
        ],
        [
          2,
          3,
          8,
          19,
          344
        ]
      ],
      "epoch_time": 129.88616108894348,
      "learning_rate": 1.5e-05
    },
    {
      "epoch": 22,
      "train_loss": 23.623778879642487,
      "train_acc": 88.6298076923077,
      "val_loss": 0.7090843518575033,
      "val_acc": 89.04899135446686,
      "timestamp": "2025-08-31 06:37:23",
      "train_f1": 86.9112502313141,
      "train_recall": 88.6298076923077,
      "val_f1": 86.53031480740825,
      "val_recall": 89.04899135446685,
      "confusion_matrix": [
        [
          0,
          0,
          28,
          27,
          7
        ],
        [
          0,
          19,
          0,
          0,
          0
        ],
        [
          0,
          0,
          405,
          13,
          2
        ],
        [
          0,
          0,
          6,
          157,
          1
        ],
        [
          0,
          3,
          10,
          17,
          346
        ]
      ],
      "class_accuracies": {
        "class_0": 0.0,
        "class_1": 100.0,
        "class_2": 96.42857142857143,
        "class_3": 95.73170731707317,
        "class_4": 92.02127659574468
      },
      "epoch_time": 131.23794651031494,
      "learning_rate": 1.5e-05
    },
    {
      "epoch": 23,
      "train_loss": 23.621424432442737,
      "train_acc": 88.8701923076923,
      "val_loss": 0.7089960593165774,
      "val_acc": 88.85686839577329,
      "timestamp": "2025-08-31 06:39:48",
      "train_f1": 86.90266911449174,
      "train_recall": 88.8701923076923,
      "val_f1": 86.60027036175885,
      "val_recall": 88.85686839577329,
      "confusion_matrix": [
        [
          1,
          0,
          27,
          26,
          8
        ],
        [
          0,
          19,
          0,
          0,
          0
        ],
        [
          3,
          0,
          401,
          14,
          2
        ],
        [
          0,
          0,
          5,
          158,
          1
        ],
        [
          0,
          3,
          10,
          17,
          346
        ]
      ],
      "epoch_time": 144.61982083320618,
      "learning_rate": 7.5e-06
    },
    {
      "epoch": 24,
      "train_loss": 23.60617822637925,
      "train_acc": 88.75,
      "val_loss": 0.7097119634801691,
      "val_acc": 88.95292987512008,
      "timestamp": "2025-08-31 06:41:55",
      "train_f1": 87.16408747572905,
      "train_recall": 88.75,
      "val_f1": 87.15021106093434,
      "val_recall": 88.95292987512008,
      "confusion_matrix": [
        [
          4,
          0,
          24,
          26,
          8
        ],
        [
          0,
          19,
          0,
          0,
          0
        ],
        [
          5,
          0,
          399,
          14,
          2
        ],
        [
          0,
          0,
          5,
          158,
          1
        ],
        [
          1,
          4,
          9,
          16,
          346
        ]
      ],
      "epoch_time": 126.86505126953125,
      "learning_rate": 7.5e-06
    },
    {
      "epoch": 25,
      "train_loss": 23.522004016087607,
      "train_acc": 88.89423076923077,
      "val_loss": 0.7097074624263879,
      "val_acc": 88.56868395773294,
      "timestamp": "2025-08-31 06:44:26",
      "train_f1": 87.28761105527224,
      "train_recall": 88.89423076923076,
      "val_f1": 87.30345245231051,
      "val_recall": 88.56868395773296,
      "confusion_matrix": [
        [
          8,
          0,
          19,
          27,
          8
        ],
        [
          0,
          19,
          0,
          0,
          0
        ],
        [
          7,
          0,
          392,
          19,
          2
        ],
        [
          0,
          0,
          5,
          157,
          2
        ],
        [
          2,
          4,
          8,
          16,
          346
        ]
      ],
      "epoch_time": 150.39422345161438,
      "learning_rate": 7.5e-06
    },
    {
      "epoch": 26,
      "train_loss": 23.581777091209705,
      "train_acc": 88.77403846153847,
      "val_loss": 0.7100067716656309,
      "val_acc": 88.95292987512008,
      "timestamp": "2025-08-31 06:46:49",
      "train_f1": 87.26389686233024,
      "train_recall": 88.77403846153847,
      "val_f1": 87.62593163804124,
      "val_recall": 88.95292987512008,
      "confusion_matrix": [
        [
          8,
          0,
          20,
          26,
          8
        ],
        [
          0,
          19,
          0,
          0,
          0
        ],
        [
          7,
          0,
          397,
          14,
          2
        ],
        [
          0,
          0,
          6,
          156,
          2
        ],
        [
          2,
          4,
          8,
          16,
          346
        ]
      ],
      "epoch_time": 143.02263236045837,
      "learning_rate": 7.5e-06
    },
    {
      "epoch": 27,
      "train_loss": 23.519671842685113,
      "train_acc": 88.79807692307692,
      "val_loss": 0.7096519054788532,
      "val_acc": 88.95292987512008,
      "timestamp": "2025-08-31 06:49:06",
      "train_f1": 87.2735884025659,
      "train_recall": 88.79807692307692,
      "val_f1": 87.64360746461576,
      "val_recall": 88.95292987512008,
      "confusion_matrix": [
        [
          8,
          0,
          19,
          27,
          8
        ],
        [
          0,
          19,
          0,
          0,
          0
        ],
        [
          7,
          0,
          396,
          15,
          2
        ],
        [
          0,
          0,
          5,
          157,
          2
        ],
        [
          2,
          4,
          8,
          16,
          346
        ]
      ],
      "epoch_time": 136.85166811943054,
      "learning_rate": 7.5e-06
    },
    {
      "epoch": 28,
      "train_loss": 23.53924158353072,
      "train_acc": 88.6298076923077,
      "val_loss": 0.7098498850157766,
      "val_acc": 88.47262247838617,
      "timestamp": "2025-08-31 06:51:15",
      "train_f1": 87.07421456302055,
      "train_recall": 88.6298076923077,
      "val_f1": 86.77766838612139,
      "val_recall": 88.47262247838617,
      "confusion_matrix": [
        [
          4,
          0,
          23,
          27,
          8
        ],
        [
          0,
          19,
          0,
          0,
          0
        ],
        [
          5,
          0,
          393,
          20,
          2
        ],
        [
          0,
          0,
          5,
          158,
          1
        ],
        [
          2,
          3,
          8,
          16,
          347
        ]
      ],
      "epoch_time": 128.6378948688507,
      "learning_rate": 7.5e-06
    },
    {
      "epoch": 29,
      "train_loss": 23.56142409306306,
      "train_acc": 88.70192307692308,
      "val_loss": 0.7086739919402383,
      "val_acc": 89.14505283381364,
      "timestamp": "2025-08-31 06:53:21",
      "train_f1": 87.35637754565026,
      "train_recall": 88.70192307692307,
      "val_f1": 87.83881996117158,
      "val_recall": 89.14505283381364,
      "confusion_matrix": [
        [
          8,
          0,
          19,
          27,
          8
        ],
        [
          0,
          19,
          0,
          0,
          0
        ],
        [
          7,
          0,
          397,
          13,
          3
        ],
        [
          0,
          0,
          5,
          157,
          2
        ],
        [
          3,
          3,
          7,
          16,
          347
        ]
      ],
      "class_accuracies": {
        "class_0": 12.903225806451612,
        "class_1": 100.0,
        "class_2": 94.52380952380952,
        "class_3": 95.73170731707317,
        "class_4": 92.2872340425532
      },
      "epoch_time": 125.75170612335205,
      "learning_rate": 7.5e-06
    },
    {
      "epoch": 30,
      "train_loss": 23.542799403117254,
      "train_acc": 89.08653846153847,
      "val_loss": 0.7105141896190066,
      "val_acc": 88.76080691642652,
      "timestamp": "2025-08-31 06:55:28",
      "train_f1": 87.55787217041406,
      "train_recall": 89.08653846153847,
      "val_f1": 87.35424614804244,
      "val_recall": 88.76080691642652,
      "confusion_matrix": [
        [
          7,
          0,
          20,
          26,
          9
        ],
        [
          0,
          19,
          0,
          0,
          0
        ],
        [
          7,
          0,
          394,
          16,
          3
        ],
        [
          0,
          0,
          5,
          157,
          2
        ],
        [
          2,
          4,
          8,
          15,
          347
        ]
      ],
      "epoch_time": 127.25621223449707,
      "learning_rate": 7.5e-06
    },
    {
      "epoch": 31,
      "train_loss": 23.654476365217796,
      "train_acc": 88.96634615384616,
      "val_loss": 0.7117022998405226,
      "val_acc": 88.08837656099904,
      "timestamp": "2025-08-31 06:57:55",
      "train_f1": 87.34682583566128,
      "train_recall": 88.96634615384616,
      "val_f1": 85.61779473940108,
      "val_recall": 88.08837656099904,
      "confusion_matrix": [
        [
          0,
          0,
          27,
          25,
          10
        ],
        [
          0,
          19,
          0,
          0,
          0
        ],
        [
          0,
          0,
          395,
          21,
          4
        ],
        [
          0,
          0,
          5,
          156,
          3
        ],
        [
          0,
          4,
          10,
          15,
          347
        ]
      ],
      "epoch_time": 146.7234170436859,
      "learning_rate": 7.5e-06
    },
    {
      "epoch": 32,
      "train_loss": 23.606231560156896,
      "train_acc": 88.82211538461539,
      "val_loss": 0.7082278656237053,
      "val_acc": 89.04899135446686,
      "timestamp": "2025-08-31 07:00:10",
      "train_f1": 87.1911043182305,
      "train_recall": 88.82211538461539,
      "val_f1": 87.63820938863249,
      "val_recall": 89.04899135446685,
      "confusion_matrix": [
        [
          7,
          0,
          21,
          26,
          8
        ],
        [
          0,
          19,
          0,
          0,
          0
        ],
        [
          7,
          0,
          397,
          14,
          2
        ],
        [
          0,
          0,
          5,
          158,
          1
        ],
        [
          2,
          3,
          8,
          17,
          346
        ]
      ],
      "epoch_time": 134.1369264125824,
      "learning_rate": 7.5e-06
    },
    {
      "epoch": 33,
      "train_loss": 23.587167991583165,
      "train_acc": 88.77403846153847,
      "val_loss": 0.7118393255002571,
      "val_acc": 88.08837656099904,
      "timestamp": "2025-08-31 07:02:24",
      "train_f1": 86.92268883409776,
      "train_recall": 88.77403846153847,
      "val_f1": 85.63934232545081,
      "val_recall": 88.08837656099904,
      "confusion_matrix": [
        [
          0,
          0,
          27,
          26,
          9
        ],
        [
          0,
          19,
          0,
          0,
          0
        ],
        [
          0,
          0,
          397,
          20,
          3
        ],
        [
          0,
          0,
          5,
          157,
          2
        ],
        [
          0,
          7,
          10,
          15,
          344
        ]
      ],
      "epoch_time": 134.40616059303284,
      "learning_rate": 7.5e-06
    },
    {
      "epoch": 34,
      "train_loss": 23.560960875566188,
      "train_acc": 88.91826923076923,
      "val_loss": 0.7087601080085292,
      "val_acc": 88.66474543707973,
      "timestamp": "2025-08-31 07:04:35",
      "train_f1": 87.38508778300184,
      "train_recall": 88.91826923076923,
      "val_f1": 86.234225795011,
      "val_recall": 88.66474543707973,
      "confusion_matrix": [
        [
          0,
          0,
          27,
          27,
          8
        ],
        [
          0,
          19,
          0,
          0,
          0
        ],
        [
          1,
          0,
          399,
          18,
          2
        ],
        [
          0,
          0,
          5,
          158,
          1
        ],
        [
          0,
          3,
          10,
          16,
          347
        ]
      ],
      "epoch_time": 130.82599329948425,
      "learning_rate": 3.75e-06
    },
    {
      "epoch": 35,
      "train_loss": 23.483010719372675,
      "train_acc": 89.42307692307692,
      "val_loss": 0.7096718459418325,
      "val_acc": 88.18443804034582,
      "timestamp": "2025-08-31 07:06:52",
      "train_f1": 87.79848698646622,
      "train_recall": 89.42307692307693,
      "val_f1": 86.10285182875694,
      "val_recall": 88.18443804034582,
      "confusion_matrix": [
        [
          2,
          0,
          25,
          27,
          8
        ],
        [
          0,
          19,
          0,
          0,
          0
        ],
        [
          2,
          0,
          393,
          22,
          3
        ],
        [
          0,
          0,
          5,
          157,
          2
        ],
        [
          0,
          3,
          10,
          16,
          347
        ]
      ],
      "epoch_time": 136.52131819725037,
      "learning_rate": 3.75e-06
    },
    {
      "epoch": 36,
      "train_loss": 23.503915590506335,
      "train_acc": 88.82211538461539,
      "val_loss": 0.7104293505350748,
      "val_acc": 88.85686839577329,
      "timestamp": "2025-08-31 07:09:09",
      "train_f1": 87.55502937537447,
      "train_recall": 88.82211538461539,
      "val_f1": 87.15817685357933,
      "val_recall": 88.85686839577329,
      "confusion_matrix": [
        [
          5,
          0,
          22,
          26,
          9
        ],
        [
          0,
          19,
          0,
          0,
          0
        ],
        [
          4,
          0,
          399,
          14,
          3
        ],
        [
          0,
          0,
          5,
          157,
          2
        ],
        [
          2,
          5,
          8,
          16,
          345
        ]
      ],
      "epoch_time": 136.73110485076904,
      "learning_rate": 3.75e-06
    },
    {
      "epoch": 37,
      "train_loss": 23.681975315167353,
      "train_acc": 89.27884615384616,
      "val_loss": 0.7094424114082799,
      "val_acc": 88.37656099903938,
      "timestamp": "2025-08-31 07:11:25",
      "train_f1": 87.51467765656109,
      "train_recall": 89.27884615384616,
      "val_f1": 85.92471279189532,
      "val_recall": 88.37656099903938,
      "confusion_matrix": [
        [
          0,
          0,
          27,
          27,
          8
        ],
        [
          0,
          19,
          0,
          0,
          0
        ],
        [
          0,
          0,
          397,
          20,
          3
        ],
        [
          0,
          0,
          5,
          157,
          2
        ],
        [
          0,
          3,
          10,
          16,
          347
        ]
      ],
      "epoch_time": 136.29004096984863,
      "learning_rate": 3.75e-06
    },
    {
      "epoch": 38,
      "train_loss": 23.479544007778166,
      "train_acc": 89.30288461538461,
      "val_loss": 0.7094907092325615,
      "val_acc": 88.47262247838617,
      "timestamp": "2025-08-31 07:13:53",
      "train_f1": 87.73936720733208,
      "train_recall": 89.30288461538461,
      "val_f1": 87.1940221267363,
      "val_recall": 88.47262247838617,
      "confusion_matrix": [
        [
          8,
          0,
          19,
          26,
          9
        ],
        [
          0,
          19,
          0,
          0,
          0
        ],
        [
          7,
          0,
          390,
          20,
          3
        ],
        [
          0,
          0,
          5,
          157,
          2
        ],
        [
          2,
          4,
          8,
          15,
          347
        ]
      ],
      "epoch_time": 147.50940918922424,
      "learning_rate": 3.75e-06
    },
    {
      "epoch": 39,
      "train_loss": 23.560536477657465,
      "train_acc": 89.32692307692308,
      "val_loss": 0.7096659324385903,
      "val_acc": 88.37656099903938,
      "timestamp": "2025-08-31 07:16:12",
      "train_f1": 87.54754535857036,
      "train_recall": 89.32692307692308,
      "val_f1": 86.08466521532468,
      "val_recall": 88.37656099903938,
      "confusion_matrix": [
        [
          1,
          0,
          26,
          26,
          9
        ],
        [
          0,
          19,
          0,
          0,
          0
        ],
        [
          1,
          0,
          396,
          20,
          3
        ],
        [
          0,
          0,
          5,
          157,
          2
        ],
        [
          0,
          4,
          10,
          15,
          347
        ]
      ],
      "epoch_time": 138.4010009765625,
      "learning_rate": 3.75e-06
    },
    {
      "epoch": 40,
      "train_loss": 23.48144129422995,
      "train_acc": 89.08653846153847,
      "val_loss": 0.7100623520937833,
      "val_acc": 88.2804995196926,
      "timestamp": "2025-08-31 07:18:21",
      "train_f1": 87.83376804615855,
      "train_recall": 89.08653846153847,
      "val_f1": 87.04321222744339,
      "val_recall": 88.2804995196926,
      "confusion_matrix": [
        [
          8,
          0,
          19,
          27,
          8
        ],
        [
          0,
          19,
          0,
          0,
          0
        ],
        [
          7,
          0,
          390,
          21,
          2
        ],
        [
          0,
          0,
          5,
          157,
          2
        ],
        [
          2,
          5,
          8,
          16,
          345
        ]
      ],
      "epoch_time": 129.08033418655396,
      "learning_rate": 3.75e-06
    },
    {
      "epoch": 41,
      "train_loss": 23.46396178328074,
      "train_acc": 89.11057692307692,
      "val_loss": 0.708467702070872,
      "val_acc": 88.95292987512008,
      "timestamp": "2025-08-31 07:20:35",
      "train_f1": 87.4806798456218,
      "train_recall": 89.11057692307692,
      "val_f1": 86.86988363602481,
      "val_recall": 88.95292987512008,
      "confusion_matrix": [
        [
          2,
          0,
          25,
          27,
          8
        ],
        [
          0,
          19,
          0,
          0,
          0
        ],
        [
          2,
          0,
          401,
          15,
          2
        ],
        [
          0,
          0,
          5,
          158,
          1
        ],
        [
          2,
          4,
          8,
          16,
          346
        ]
      ],
      "epoch_time": 133.18837022781372,
      "learning_rate": 3.75e-06
    },
    {
      "epoch": 42,
      "train_loss": 23.47945387684382,
      "train_acc": 89.35096153846153,
      "val_loss": 0.7082596276745652,
      "val_acc": 88.66474543707973,
      "timestamp": "2025-08-31 07:22:46",
      "train_f1": 87.87986734391828,
      "train_recall": 89.35096153846153,
      "val_f1": 87.39217858048688,
      "val_recall": 88.66474543707973,
      "confusion_matrix": [
        [
          8,
          0,
          19,
          27,
          8
        ],
        [
          0,
          19,
          0,
          0,
          0
        ],
        [
          7,
          0,
          391,
          19,
          3
        ],
        [
          0,
          0,
          5,
          157,
          2
        ],
        [
          2,
          2,
          8,
          16,
          348
        ]
      ],
      "epoch_time": 131.33609247207642,
      "learning_rate": 3.75e-06
    },
    {
      "epoch": 43,
      "train_loss": 23.597247399733618,
      "train_acc": 89.13461538461539,
      "val_loss": 0.7092332785779779,
      "val_acc": 88.56868395773294,
      "timestamp": "2025-08-31 07:25:06",
      "train_f1": 87.69050136905784,
      "train_recall": 89.13461538461539,
      "val_f1": 87.45212743484959,
      "val_recall": 88.56868395773296,
      "confusion_matrix": [
        [
          9,
          0,
          18,
          27,
          8
        ],
        [
          0,
          19,
          0,
          0,
          0
        ],
        [
          8,
          0,
          390,
          20,
          2
        ],
        [
          0,
          0,
          5,
          158,
          1
        ],
        [
          3,
          4,
          7,
          16,
          346
        ]
      ],
      "epoch_time": 139.88613510131836,
      "learning_rate": 3.75e-06
    },
    {
      "epoch": 44,
      "train_loss": 23.482750385082685,
      "train_acc": 88.75,
      "val_loss": 0.7086057753273936,
      "val_acc": 88.47262247838617,
      "timestamp": "2025-08-31 07:27:33",
      "train_f1": 87.53600629835518,
      "train_recall": 88.75,
      "val_f1": 87.20586054980689,
      "val_recall": 88.47262247838617,
      "confusion_matrix": [
        [
          8,
          0,
          19,
          27,
          8
        ],
        [
          0,
          19,
          0,
          0,
          0
        ],
        [
          7,
          0,
          391,
          19,
          3
        ],
        [
          0,
          0,
          5,
          157,
          2
        ],
        [
          2,
          4,
          8,
          16,
          346
        ]
      ],
      "epoch_time": 146.6097481250763,
      "learning_rate": 3.75e-06
    },
    {
      "epoch": 45,
      "train_loss": 23.541252098175196,
      "train_acc": 89.35096153846153,
      "val_loss": 0.7101975823893691,
      "val_acc": 88.2804995196926,
      "timestamp": "2025-08-31 07:29:57",
      "train_f1": 87.7756035055622,
      "train_recall": 89.35096153846153,
      "val_f1": 86.03109402952273,
      "val_recall": 88.2804995196926,
      "confusion_matrix": [
        [
          1,
          0,
          26,
          26,
          9
        ],
        [
          0,
          19,
          0,
          0,
          0
        ],
        [
          2,
          0,
          395,
          20,
          3
        ],
        [
          0,
          0,
          5,
          157,
          2
        ],
        [
          0,
          4,
          10,
          15,
          347
        ]
      ],
      "epoch_time": 143.73801803588867,
      "learning_rate": 1.875e-06
    },
    {
      "epoch": 46,
      "train_loss": 23.447943455439347,
      "train_acc": 89.27884615384616,
      "val_loss": 0.7083650520353606,
      "val_acc": 88.85686839577329,
      "timestamp": "2025-08-31 07:32:13",
      "train_f1": 87.7509314372272,
      "train_recall": 89.27884615384616,
      "val_f1": 87.52591250417098,
      "val_recall": 88.85686839577329,
      "confusion_matrix": [
        [
          8,
          0,
          19,
          27,
          8
        ],
        [
          0,
          19,
          0,
          0,
          0
        ],
        [
          5,
          0,
          393,
          19,
          3
        ],
        [
          0,
          0,
          5,
          157,
          2
        ],
        [
          2,
          2,
          8,
          16,
          348
        ]
      ],
      "epoch_time": 135.5320999622345,
      "learning_rate": 1.875e-06
    },
    {
      "epoch": 47,
      "train_loss": 23.583792145435627,
      "train_acc": 89.1826923076923,
      "val_loss": 0.7080606312462778,
      "val_acc": 89.43323727185398,
      "timestamp": "2025-08-31 07:34:23",
      "train_f1": 87.70834773735398,
      "train_recall": 89.1826923076923,
      "val_f1": 88.03873396312095,
      "val_recall": 89.43323727185398,
      "confusion_matrix": [
        [
          8,
          0,
          20,
          26,
          8
        ],
        [
          0,
          19,
          0,
          0,
          0
        ],
        [
          5,
          0,
          399,
          14,
          2
        ],
        [
          0,
          0,
          5,
          158,
          1
        ],
        [
          2,
          3,
          8,
          16,
          347
        ]
      ],
      "class_accuracies": {
        "class_0": 12.903225806451612,
        "class_1": 100.0,
        "class_2": 95.0,
        "class_3": 96.34146341463415,
        "class_4": 92.2872340425532
      },
      "epoch_time": 130.49053072929382,
      "learning_rate": 1.875e-06
    },
    {
      "epoch": 48,
      "train_loss": 23.55589428819143,
      "train_acc": 89.2548076923077,
      "val_loss": 0.7082825574007902,
      "val_acc": 89.04899135446686,
      "timestamp": "2025-08-31 07:36:40",
      "train_f1": 87.69835114921267,
      "train_recall": 89.2548076923077,
      "val_f1": 86.71680606560611,
      "val_recall": 89.04899135446685,
      "confusion_matrix": [
        [
          1,
          0,
          26,
          27,
          8
        ],
        [
          0,
          19,
          0,
          0,
          0
        ],
        [
          1,
          0,
          402,
          15,
          2
        ],
        [
          0,
          0,
          5,
          158,
          1
        ],
        [
          0,
          3,
          10,
          16,
          347
        ]
      ],
      "epoch_time": 136.23640608787537,
      "learning_rate": 1.875e-06
    },
    {
      "epoch": 49,
      "train_loss": 23.620736659490145,
      "train_acc": 89.32692307692308,
      "val_loss": 0.7077638597199412,
      "val_acc": 89.14505283381364,
      "timestamp": "2025-08-31 07:38:56",
      "train_f1": 87.53578626580291,
      "train_recall": 89.32692307692308,
      "val_f1": 86.80126174039779,
      "val_recall": 89.14505283381364,
      "confusion_matrix": [
        [
          1,
          0,
          26,
          27,
          8
        ],
        [
          0,
          19,
          0,
          0,
          0
        ],
        [
          1,
          0,
          403,
          14,
          2
        ],
        [
          0,
          0,
          5,
          158,
          1
        ],
        [
          0,
          3,
          10,
          16,
          347
        ]
      ],
      "epoch_time": 136.2390809059143,
      "learning_rate": 1.875e-06
    },
    {
      "epoch": 50,
      "train_loss": 23.659739792346954,
      "train_acc": 89.0625,
      "val_loss": 0.708044095472856,
      "val_acc": 89.14505283381364,
      "timestamp": "2025-08-31 07:41:42",
      "train_f1": 87.49164186659263,
      "train_recall": 89.0625,
      "val_f1": 87.83881996117158,
      "val_recall": 89.14505283381364,
      "confusion_matrix": [
        [
          8,
          0,
          19,
          27,
          8
        ],
        [
          0,
          19,
          0,
          0,
          0
        ],
        [
          7,
          0,
          397,
          13,
          3
        ],
        [
          0,
          0,
          5,
          157,
          2
        ],
        [
          3,
          3,
          7,
          16,
          347
        ]
      ],
      "epoch_time": 165.0644564628601,
      "learning_rate": 1.875e-06
    }
  ]
}