{
  "dataset": "MACHO",
  "model_type": "linear_noise",
  "sde_config": 1,
  "start_time": "20250831_100646",
  "date": "20250831",
  "epochs": [
    {
      "epoch": 1,
      "train_loss": 13.56693930029869,
      "train_acc": 26.171875,
      "val_loss": 1.1584525866941973,
      "val_acc": 34.161490683229815,
      "timestamp": "2025-08-31 10:06:52",
      "train_f1": 21.837738140698388,
      "train_recall": 26.171875,
      "val_f1": 17.397055440533705,
      "val_recall": 34.161490683229815,
      "confusion_matrix": [
        [
          0,
          0,
          0,
          0,
          0,
          0,
          24
        ],
        [
          0,
          0,
          0,
          0,
          0,
          0,
          22
        ],
        [
          0,
          0,
          0,
          0,
          0,
          0,
          55
        ],
        [
          0,
          0,
          0,
          0,
          0,
          0,
          20
        ],
        [
          0,
          0,
          0,
          0,
          0,
          0,
          82
        ],
        [
          0,
          0,
          0,
          0,
          0,
          0,
          9
        ],
        [
          0,
          0,
          0,
          0,
          0,
          0,
          110
        ]
      ],
      "class_accuracies": {
        "class_0": 0.0,
        "class_1": 0.0,
        "class_2": 0.0,
        "class_3": 0.0,
        "class_4": 0.0,
        "class_5": 0.0,
        "class_6": 100.0
      },
      "epoch_time": 5.6248674392700195,
      "learning_rate": 3e-05
    },
    {
      "epoch": 2,
      "train_loss": 11.610149045288562,
      "train_acc": 40.234375,
      "val_loss": 1.0995446118441494,
      "val_acc": 34.47204968944099,
      "timestamp": "2025-08-31 10:06:57",
      "train_f1": 26.11921216720304,
      "train_recall": 40.234375,
      "val_f1": 18.051054501182666,
      "val_recall": 34.47204968944099,
      "confusion_matrix": [
        [
          0,
          0,
          0,
          0,
          0,
          0,
          24
        ],
        [
          0,
          0,
          0,
          0,
          0,
          0,
          22
        ],
        [
          0,
          0,
          0,
          0,
          0,
          0,
          55
        ],
        [
          0,
          0,
          0,
          0,
          0,
          0,
          20
        ],
        [
          0,
          0,
          0,
          0,
          1,
          0,
          81
        ],
        [
          0,
          0,
          0,
          0,
          0,
          0,
          9
        ],
        [
          0,
          0,
          0,
          0,
          0,
          0,
          110
        ]
      ],
      "class_accuracies": {
        "class_0": 0.0,
        "class_1": 0.0,
        "class_2": 0.0,
        "class_3": 0.0,
        "class_4": 1.2195121951219512,
        "class_5": 0.0,
        "class_6": 100.0
      },
      "epoch_time": 5.007050275802612,
      "learning_rate": 3e-05
    },
    {
      "epoch": 3,
      "train_loss": 10.980758959054947,
      "train_acc": 41.796875,
      "val_loss": 1.0500752384012395,
      "val_acc": 38.81987577639752,
      "timestamp": "2025-08-31 10:07:02",
      "train_f1": 29.070850589603392,
      "train_recall": 41.796875,
      "val_f1": 25.70319060075741,
      "val_recall": 38.81987577639752,
      "confusion_matrix": [
        [
          0,
          0,
          0,
          0,
          3,
          0,
          21
        ],
        [
          0,
          0,
          0,
          0,
          0,
          0,
          22
        ],
        [
          0,
          0,
          0,
          0,
          0,
          0,
          55
        ],
        [
          0,
          0,
          0,
          0,
          0,
          0,
          20
        ],
        [
          0,
          0,
          0,
          0,
          15,
          0,
          67
        ],
        [
          0,
          0,
          0,
          0,
          3,
          0,
          6
        ],
        [
          0,
          0,
          0,
          0,
          0,
          0,
          110
        ]
      ],
      "class_accuracies": {
        "class_0": 0.0,
        "class_1": 0.0,
        "class_2": 0.0,
        "class_3": 0.0,
        "class_4": 18.29268292682927,
        "class_5": 0.0,
        "class_6": 100.0
      },
      "epoch_time": 5.000304222106934,
      "learning_rate": 3e-05
    },
    {
      "epoch": 4,
      "train_loss": 10.529477232694626,
      "train_acc": 46.5625,
      "val_loss": 1.0044169371778315,
      "val_acc": 46.8944099378882,
      "timestamp": "2025-08-31 10:07:08",
      "train_f1": 34.96978515167301,
      "train_recall": 46.5625,
      "val_f1": 34.88854834473344,
      "val_recall": 46.8944099378882,
      "confusion_matrix": [
        [
          0,
          0,
          0,
          0,
          8,
          0,
          16
        ],
        [
          0,
          0,
          0,
          0,
          0,
          0,
          22
        ],
        [
          0,
          0,
          0,
          0,
          1,
          0,
          54
        ],
        [
          0,
          0,
          0,
          0,
          8,
          0,
          12
        ],
        [
          0,
          0,
          0,
          0,
          42,
          0,
          40
        ],
        [
          0,
          0,
          0,
          0,
          4,
          0,
          5
        ],
        [
          0,
          0,
          0,
          0,
          1,
          0,
          109
        ]
      ],
      "class_accuracies": {
        "class_0": 0.0,
        "class_1": 0.0,
        "class_2": 0.0,
        "class_3": 0.0,
        "class_4": 51.21951219512195,
        "class_5": 0.0,
        "class_6": 99.0909090909091
      },
      "epoch_time": 5.131837606430054,
      "learning_rate": 3e-05
    },
    {
      "epoch": 5,
      "train_loss": 10.095271997153759,
      "train_acc": 48.75,
      "val_loss": 0.954465546391227,
      "val_acc": 47.20496894409938,
      "timestamp": "2025-08-31 10:07:13",
      "train_f1": 37.875513788779955,
      "train_recall": 48.75,
      "val_f1": 35.019438762600295,
      "val_recall": 47.20496894409938,
      "confusion_matrix": [
        [
          0,
          0,
          0,
          0,
          9,
          0,
          15
        ],
        [
          0,
          0,
          0,
          0,
          0,
          0,
          22
        ],
        [
          0,
          0,
          0,
          0,
          2,
          0,
          53
        ],
        [
          0,
          0,
          0,
          0,
          10,
          0,
          10
        ],
        [
          0,
          0,
          0,
          0,
          43,
          0,
          39
        ],
        [
          0,
          0,
          0,
          0,
          4,
          0,
          5
        ],
        [
          0,
          0,
          0,
          0,
          1,
          0,
          109
        ]
      ],
      "class_accuracies": {
        "class_0": 0.0,
        "class_1": 0.0,
        "class_2": 0.0,
        "class_3": 0.0,
        "class_4": 52.4390243902439,
        "class_5": 0.0,
        "class_6": 99.0909090909091
      },
      "epoch_time": 5.122501611709595,
      "learning_rate": 3e-05
    },
    {
      "epoch": 6,
      "train_loss": 9.543826708197594,
      "train_acc": 49.21875,
      "val_loss": 0.9028313918547197,
      "val_acc": 44.409937888198755,
      "timestamp": "2025-08-31 10:07:18",
      "train_f1": 38.55045009464318,
      "train_recall": 49.21875,
      "val_f1": 33.63997142792147,
      "val_recall": 44.409937888198755,
      "confusion_matrix": [
        [
          0,
          0,
          0,
          0,
          10,
          0,
          14
        ],
        [
          0,
          0,
          0,
          0,
          0,
          0,
          22
        ],
        [
          0,
          0,
          1,
          0,
          8,
          0,
          46
        ],
        [
          0,
          0,
          0,
          0,
          14,
          0,
          6
        ],
        [
          0,
          0,
          0,
          0,
          55,
          0,
          27
        ],
        [
          0,
          0,
          0,
          0,
          5,
          0,
          4
        ],
        [
          0,
          0,
          0,
          0,
          23,
          0,
          87
        ]
      ],
      "epoch_time": 5.166327953338623,
      "learning_rate": 3e-05
    },
    {
      "epoch": 7,
      "train_loss": 9.194978234171867,
      "train_acc": 48.90625,
      "val_loss": 0.8636118444529447,
      "val_acc": 46.27329192546584,
      "timestamp": "2025-08-31 10:07:24",
      "train_f1": 39.48604006131823,
      "train_recall": 48.90625,
      "val_f1": 37.81529627253747,
      "val_recall": 46.273291925465834,
      "confusion_matrix": [
        [
          0,
          0,
          0,
          0,
          12,
          0,
          12
        ],
        [
          0,
          0,
          5,
          0,
          0,
          0,
          17
        ],
        [
          0,
          0,
          9,
          0,
          8,
          0,
          38
        ],
        [
          0,
          0,
          0,
          0,
          14,
          0,
          6
        ],
        [
          0,
          0,
          0,
          0,
          55,
          0,
          27
        ],
        [
          0,
          0,
          0,
          0,
          5,
          0,
          4
        ],
        [
          0,
          0,
          0,
          0,
          25,
          0,
          85
        ]
      ],
      "epoch_time": 5.316714763641357,
      "learning_rate": 3e-05
    },
    {
      "epoch": 8,
      "train_loss": 8.875804196298123,
      "train_acc": 52.5,
      "val_loss": 0.8258826461705294,
      "val_acc": 55.590062111801245,
      "timestamp": "2025-08-31 10:07:29",
      "train_f1": 44.87441011032766,
      "train_recall": 52.5,
      "val_f1": 48.93988709607507,
      "val_recall": 55.590062111801245,
      "confusion_matrix": [
        [
          0,
          0,
          0,
          0,
          11,
          0,
          13
        ],
        [
          0,
          0,
          17,
          0,
          0,
          0,
          5
        ],
        [
          0,
          0,
          14,
          2,
          6,
          0,
          33
        ],
        [
          0,
          0,
          0,
          14,
          0,
          0,
          6
        ],
        [
          0,
          0,
          0,
          0,
          57,
          0,
          25
        ],
        [
          0,
          0,
          0,
          0,
          5,
          0,
          4
        ],
        [
          0,
          0,
          0,
          0,
          16,
          0,
          94
        ]
      ],
      "class_accuracies": {
        "class_0": 0.0,
        "class_1": 0.0,
        "class_2": 25.454545454545453,
        "class_3": 70.0,
        "class_4": 69.51219512195121,
        "class_5": 0.0,
        "class_6": 85.45454545454545
      },
      "epoch_time": 5.355392217636108,
      "learning_rate": 3e-05
    },
    {
      "epoch": 9,
      "train_loss": 8.059111273288726,
      "train_acc": 57.265625,
      "val_loss": 0.7795890352942727,
      "val_acc": 62.732919254658384,
      "timestamp": "2025-08-31 10:07:35",
      "train_f1": 50.63487621220488,
      "train_recall": 57.265625,
      "val_f1": 55.88067129082336,
      "val_recall": 62.732919254658384,
      "confusion_matrix": [
        [
          0,
          0,
          0,
          0,
          10,
          0,
          14
        ],
        [
          0,
          0,
          21,
          0,
          0,
          0,
          1
        ],
        [
          0,
          0,
          21,
          2,
          4,
          0,
          28
        ],
        [
          0,
          0,
          0,
          14,
          0,
          0,
          6
        ],
        [
          0,
          0,
          1,
          0,
          60,
          0,
          21
        ],
        [
          0,
          0,
          0,
          0,
          6,
          0,
          3
        ],
        [
          0,
          0,
          0,
          0,
          3,
          0,
          107
        ]
      ],
      "class_accuracies": {
        "class_0": 0.0,
        "class_1": 0.0,
        "class_2": 38.18181818181819,
        "class_3": 70.0,
        "class_4": 73.17073170731707,
        "class_5": 0.0,
        "class_6": 97.27272727272728
      },
      "epoch_time": 5.184299945831299,
      "learning_rate": 3e-05
    },
    {
      "epoch": 10,
      "train_loss": 7.800288040935993,
      "train_acc": 62.265625,
      "val_loss": 0.7490599480542269,
      "val_acc": 61.49068322981366,
      "timestamp": "2025-08-31 10:07:40",
      "train_f1": 56.16805375749474,
      "train_recall": 62.265625,
      "val_f1": 55.25457764671919,
      "val_recall": 61.49068322981367,
      "confusion_matrix": [
        [
          0,
          0,
          1,
          0,
          10,
          0,
          13
        ],
        [
          0,
          0,
          22,
          0,
          0,
          0,
          0
        ],
        [
          0,
          0,
          28,
          2,
          1,
          0,
          24
        ],
        [
          0,
          0,
          4,
          11,
          0,
          0,
          5
        ],
        [
          0,
          0,
          11,
          0,
          50,
          0,
          21
        ],
        [
          0,
          0,
          2,
          0,
          4,
          0,
          3
        ],
        [
          0,
          0,
          0,
          0,
          1,
          0,
          109
        ]
      ],
      "epoch_time": 5.055852890014648,
      "learning_rate": 3e-05
    },
    {
      "epoch": 11,
      "train_loss": 7.3556864716112615,
      "train_acc": 66.171875,
      "val_loss": 0.7115518233992837,
      "val_acc": 63.66459627329193,
      "timestamp": "2025-08-31 10:07:45",
      "train_f1": 60.42248827803299,
      "train_recall": 66.171875,
      "val_f1": 56.979394969895516,
      "val_recall": 63.66459627329193,
      "confusion_matrix": [
        [
          0,
          0,
          8,
          0,
          10,
          0,
          6
        ],
        [
          0,
          0,
          22,
          0,
          0,
          0,
          0
        ],
        [
          0,
          0,
          30,
          1,
          4,
          0,
          20
        ],
        [
          0,
          0,
          13,
          4,
          0,
          0,
          3
        ],
        [
          0,
          0,
          6,
          0,
          64,
          0,
          12
        ],
        [
          0,
          0,
          1,
          0,
          7,
          0,
          1
        ],
        [
          0,
          0,
          0,
          0,
          3,
          0,
          107
        ]
      ],
      "class_accuracies": {
        "class_0": 0.0,
        "class_1": 0.0,
        "class_2": 54.54545454545454,
        "class_3": 20.0,
        "class_4": 78.04878048780488,
        "class_5": 0.0,
        "class_6": 97.27272727272728
      },
      "epoch_time": 5.4148993492126465,
      "learning_rate": 3e-05
    },
    {
      "epoch": 12,
      "train_loss": 6.9693349912762645,
      "train_acc": 66.484375,
      "val_loss": 0.6862589445981112,
      "val_acc": 62.422360248447205,
      "timestamp": "2025-08-31 10:07:51",
      "train_f1": 61.076449201240436,
      "train_recall": 66.484375,
      "val_f1": 54.91847904098748,
      "val_recall": 62.422360248447205,
      "confusion_matrix": [
        [
          0,
          0,
          6,
          0,
          11,
          0,
          7
        ],
        [
          0,
          0,
          22,
          0,
          0,
          0,
          0
        ],
        [
          0,
          0,
          29,
          0,
          6,
          0,
          20
        ],
        [
          0,
          9,
          7,
          0,
          0,
          0,
          4
        ],
        [
          0,
          0,
          4,
          0,
          65,
          0,
          13
        ],
        [
          0,
          0,
          1,
          0,
          7,
          0,
          1
        ],
        [
          0,
          0,
          0,
          0,
          3,
          0,
          107
        ]
      ],
      "epoch_time": 5.144430637359619,
      "learning_rate": 1.5e-05
    },
    {
      "epoch": 13,
      "train_loss": 6.51184988617897,
      "train_acc": 66.875,
      "val_loss": 0.6733537316322327,
      "val_acc": 61.80124223602485,
      "timestamp": "2025-08-31 10:07:56",
      "train_f1": 61.618774354144556,
      "train_recall": 66.875,
      "val_f1": 55.12716382944631,
      "val_recall": 61.80124223602485,
      "confusion_matrix": [
        [
          0,
          0,
          7,
          0,
          11,
          0,
          6
        ],
        [
          0,
          0,
          22,
          0,
          0,
          0,
          0
        ],
        [
          0,
          3,
          28,
          0,
          5,
          0,
          19
        ],
        [
          0,
          14,
          4,
          0,
          0,
          0,
          2
        ],
        [
          0,
          0,
          5,
          0,
          64,
          0,
          13
        ],
        [
          0,
          0,
          1,
          0,
          7,
          0,
          1
        ],
        [
          0,
          0,
          0,
          0,
          3,
          0,
          107
        ]
      ],
      "epoch_time": 5.182168006896973,
      "learning_rate": 1.5e-05
    },
    {
      "epoch": 14,
      "train_loss": 6.4212660528719425,
      "train_acc": 66.484375,
      "val_loss": 0.6609662283550609,
      "val_acc": 62.422360248447205,
      "timestamp": "2025-08-31 10:08:01",
      "train_f1": 61.17236309614428,
      "train_recall": 66.484375,
      "val_f1": 56.9336953303208,
      "val_recall": 62.422360248447205,
      "confusion_matrix": [
        [
          0,
          0,
          12,
          0,
          10,
          0,
          2
        ],
        [
          0,
          3,
          19,
          0,
          0,
          0,
          0
        ],
        [
          0,
          8,
          28,
          0,
          5,
          0,
          14
        ],
        [
          0,
          14,
          6,
          0,
          0,
          0,
          0
        ],
        [
          0,
          1,
          4,
          0,
          65,
          0,
          12
        ],
        [
          0,
          0,
          1,
          0,
          7,
          0,
          1
        ],
        [
          0,
          0,
          0,
          0,
          5,
          0,
          105
        ]
      ],
      "epoch_time": 5.176379442214966,
      "learning_rate": 1.5e-05
    },
    {
      "epoch": 15,
      "train_loss": 6.329302298277616,
      "train_acc": 67.421875,
      "val_loss": 0.6560437435453589,
      "val_acc": 60.869565217391305,
      "timestamp": "2025-08-31 10:08:07",
      "train_f1": 62.424352056148855,
      "train_recall": 67.421875,
      "val_f1": 55.4847346632279,
      "val_recall": 60.86956521739131,
      "confusion_matrix": [
        [
          0,
          0,
          12,
          0,
          10,
          0,
          2
        ],
        [
          0,
          1,
          21,
          0,
          0,
          0,
          0
        ],
        [
          0,
          11,
          24,
          0,
          5,
          0,
          15
        ],
        [
          0,
          14,
          6,
          0,
          0,
          0,
          0
        ],
        [
          0,
          1,
          4,
          0,
          64,
          0,
          13
        ],
        [
          0,
          0,
          1,
          0,
          7,
          0,
          1
        ],
        [
          0,
          0,
          0,
          0,
          3,
          0,
          107
        ]
      ],
      "epoch_time": 5.297767639160156,
      "learning_rate": 1.5e-05
    },
    {
      "epoch": 16,
      "train_loss": 5.939205451309681,
      "train_acc": 67.1875,
      "val_loss": 0.6503972004760395,
      "val_acc": 60.869565217391305,
      "timestamp": "2025-08-31 10:08:12",
      "train_f1": 62.33056758767992,
      "train_recall": 67.1875,
      "val_f1": 55.60890058550264,
      "val_recall": 60.86956521739131,
      "confusion_matrix": [
        [
          0,
          0,
          12,
          0,
          10,
          0,
          2
        ],
        [
          0,
          2,
          20,
          0,
          0,
          0,
          0
        ],
        [
          0,
          12,
          24,
          0,
          5,
          0,
          14
        ],
        [
          0,
          14,
          6,
          0,
          0,
          0,
          0
        ],
        [
          0,
          1,
          4,
          0,
          63,
          0,
          14
        ],
        [
          0,
          0,
          1,
          0,
          7,
          0,
          1
        ],
        [
          0,
          0,
          0,
          0,
          3,
          0,
          107
        ]
      ],
      "epoch_time": 5.065694808959961,
      "learning_rate": 1.5e-05
    },
    {
      "epoch": 17,
      "train_loss": 5.79512971714139,
      "train_acc": 68.828125,
      "val_loss": 0.6438107273795388,
      "val_acc": 61.80124223602485,
      "timestamp": "2025-08-31 10:08:18",
      "train_f1": 64.17271714015753,
      "train_recall": 68.828125,
      "val_f1": 56.44246392822622,
      "val_recall": 61.80124223602485,
      "confusion_matrix": [
        [
          0,
          0,
          14,
          0,
          10,
          0,
          0
        ],
        [
          0,
          1,
          21,
          0,
          0,
          0,
          0
        ],
        [
          0,
          10,
          30,
          0,
          3,
          0,
          12
        ],
        [
          0,
          14,
          6,
          0,
          0,
          0,
          0
        ],
        [
          0,
          1,
          4,
          0,
          59,
          0,
          18
        ],
        [
          0,
          0,
          1,
          0,
          6,
          0,
          2
        ],
        [
          0,
          0,
          0,
          0,
          1,
          0,
          109
        ]
      ],
      "epoch_time": 5.31085729598999,
      "learning_rate": 1.5e-05
    },
    {
      "epoch": 18,
      "train_loss": 5.7097876124084,
      "train_acc": 67.734375,
      "val_loss": 0.6399395655501973,
      "val_acc": 63.35403726708075,
      "timestamp": "2025-08-31 10:08:23",
      "train_f1": 63.145938760231616,
      "train_recall": 67.734375,
      "val_f1": 58.156318227182624,
      "val_recall": 63.35403726708074,
      "confusion_matrix": [
        [
          0,
          0,
          14,
          0,
          10,
          0,
          0
        ],
        [
          0,
          7,
          15,
          0,
          0,
          0,
          0
        ],
        [
          0,
          11,
          28,
          0,
          4,
          0,
          12
        ],
        [
          0,
          14,
          6,
          0,
          0,
          0,
          0
        ],
        [
          0,
          1,
          5,
          0,
          61,
          0,
          15
        ],
        [
          0,
          0,
          1,
          0,
          6,
          0,
          2
        ],
        [
          0,
          0,
          0,
          0,
          2,
          0,
          108
        ]
      ],
      "epoch_time": 5.026506185531616,
      "learning_rate": 1.5e-05
    },
    {
      "epoch": 19,
      "train_loss": 5.486254558712244,
      "train_acc": 70.15625,
      "val_loss": 0.6472630961374803,
      "val_acc": 65.21739130434783,
      "timestamp": "2025-08-31 10:08:28",
      "train_f1": 65.57556310387092,
      "train_recall": 70.15625,
      "val_f1": 59.28063742502746,
      "val_recall": 65.21739130434783,
      "confusion_matrix": [
        [
          0,
          0,
          13,
          0,
          11,
          0,
          0
        ],
        [
          0,
          14,
          8,
          0,
          0,
          0,
          0
        ],
        [
          0,
          9,
          25,
          0,
          8,
          0,
          13
        ],
        [
          0,
          14,
          6,
          0,
          0,
          0,
          0
        ],
        [
          0,
          0,
          4,
          0,
          64,
          0,
          14
        ],
        [
          0,
          0,
          0,
          0,
          7,
          0,
          2
        ],
        [
          0,
          0,
          0,
          0,
          3,
          0,
          107
        ]
      ],
      "class_accuracies": {
        "class_0": 0.0,
        "class_1": 63.63636363636363,
        "class_2": 45.45454545454545,
        "class_3": 0.0,
        "class_4": 78.04878048780488,
        "class_5": 0.0,
        "class_6": 97.27272727272728
      },
      "epoch_time": 5.25947117805481,
      "learning_rate": 1.5e-05
    },
    {
      "epoch": 20,
      "train_loss": 5.514223839342594,
      "train_acc": 67.65625,
      "val_loss": 0.6217994744127447,
      "val_acc": 62.422360248447205,
      "timestamp": "2025-08-31 10:08:33",
      "train_f1": 63.19056975484705,
      "train_recall": 67.65625,
      "val_f1": 57.934562032385195,
      "val_recall": 62.422360248447205,
      "confusion_matrix": [
        [
          0,
          0,
          14,
          0,
          10,
          0,
          0
        ],
        [
          0,
          5,
          17,
          0,
          0,
          0,
          0
        ],
        [
          0,
          11,
          33,
          0,
          0,
          0,
          11
        ],
        [
          0,
          14,
          6,
          0,
          0,
          0,
          0
        ],
        [
          0,
          0,
          9,
          0,
          59,
          0,
          14
        ],
        [
          0,
          0,
          2,
          0,
          6,
          0,
          1
        ],
        [
          0,
          0,
          5,
          0,
          1,
          0,
          104
        ]
      ],
      "epoch_time": 5.042024374008179,
      "learning_rate": 1.5e-05
    },
    {
      "epoch": 21,
      "train_loss": 5.511085449904203,
      "train_acc": 68.90625,
      "val_loss": 0.6258287971669977,
      "val_acc": 67.0807453416149,
      "timestamp": "2025-08-31 10:08:39",
      "train_f1": 64.55620883746582,
      "train_recall": 68.90625,
      "val_f1": 61.19714095079133,
      "val_recall": 67.08074534161491,
      "confusion_matrix": [
        [
          0,
          0,
          14,
          0,
          10,
          0,
          0
        ],
        [
          0,
          11,
          11,
          0,
          0,
          0,
          0
        ],
        [
          0,
          2,
          34,
          0,
          6,
          0,
          13
        ],
        [
          0,
          9,
          11,
          0,
          0,
          0,
          0
        ],
        [
          0,
          0,
          6,
          0,
          63,
          0,
          13
        ],
        [
          0,
          0,
          1,
          0,
          6,
          0,
          2
        ],
        [
          0,
          0,
          0,
          0,
          2,
          0,
          108
        ]
      ],
      "class_accuracies": {
        "class_0": 0.0,
        "class_1": 50.0,
        "class_2": 61.81818181818181,
        "class_3": 0.0,
        "class_4": 76.82926829268293,
        "class_5": 0.0,
        "class_6": 98.18181818181819
      },
      "epoch_time": 5.220378160476685,
      "learning_rate": 1.5e-05
    },
    {
      "epoch": 22,
      "train_loss": 5.5274569191038605,
      "train_acc": 69.453125,
      "val_loss": 0.6234434951435436,
      "val_acc": 64.90683229813665,
      "timestamp": "2025-08-31 10:08:44",
      "train_f1": 65.00854390377265,
      "train_recall": 69.453125,
      "val_f1": 58.99232457709592,
      "val_recall": 64.90683229813664,
      "confusion_matrix": [
        [
          0,
          0,
          13,
          0,
          10,
          0,
          1
        ],
        [
          0,
          8,
          14,
          0,
          0,
          0,
          0
        ],
        [
          0,
          1,
          33,
          0,
          6,
          0,
          15
        ],
        [
          0,
          0,
          20,
          0,
          0,
          0,
          0
        ],
        [
          0,
          0,
          5,
          0,
          59,
          0,
          18
        ],
        [
          0,
          0,
          0,
          0,
          6,
          0,
          3
        ],
        [
          0,
          0,
          0,
          0,
          1,
          0,
          109
        ]
      ],
      "epoch_time": 5.205211162567139,
      "learning_rate": 1.5e-05
    },
    {
      "epoch": 23,
      "train_loss": 5.435272546857595,
      "train_acc": 68.90625,
      "val_loss": 0.6129895177754489,
      "val_acc": 68.01242236024845,
      "timestamp": "2025-08-31 10:08:49",
      "train_f1": 64.42240054164768,
      "train_recall": 68.90625,
      "val_f1": 62.43413278751334,
      "val_recall": 68.01242236024845,
      "confusion_matrix": [
        [
          0,
          0,
          13,
          0,
          11,
          0,
          0
        ],
        [
          0,
          13,
          9,
          0,
          0,
          0,
          0
        ],
        [
          0,
          1,
          34,
          0,
          7,
          0,
          13
        ],
        [
          0,
          0,
          20,
          0,
          0,
          0,
          0
        ],
        [
          0,
          0,
          6,
          0,
          64,
          0,
          12
        ],
        [
          0,
          0,
          1,
          0,
          7,
          0,
          1
        ],
        [
          0,
          0,
          0,
          0,
          2,
          0,
          108
        ]
      ],
      "class_accuracies": {
        "class_0": 0.0,
        "class_1": 59.09090909090909,
        "class_2": 61.81818181818181,
        "class_3": 0.0,
        "class_4": 78.04878048780488,
        "class_5": 0.0,
        "class_6": 98.18181818181819
      },
      "epoch_time": 5.2522032260894775,
      "learning_rate": 7.5e-06
    },
    {
      "epoch": 24,
      "train_loss": 5.057512153685093,
      "train_acc": 69.0625,
      "val_loss": 0.6063835512508046,
      "val_acc": 67.70186335403727,
      "timestamp": "2025-08-31 10:08:55",
      "train_f1": 64.52328780018408,
      "train_recall": 69.0625,
      "val_f1": 62.04839255539719,
      "val_recall": 67.70186335403726,
      "confusion_matrix": [
        [
          0,
          0,
          13,
          0,
          10,
          0,
          1
        ],
        [
          0,
          14,
          8,
          0,
          0,
          0,
          0
        ],
        [
          0,
          2,
          35,
          0,
          5,
          0,
          13
        ],
        [
          0,
          0,
          20,
          0,
          0,
          0,
          0
        ],
        [
          0,
          0,
          6,
          0,
          61,
          0,
          15
        ],
        [
          0,
          0,
          1,
          0,
          6,
          0,
          2
        ],
        [
          0,
          0,
          0,
          0,
          2,
          0,
          108
        ]
      ],
      "epoch_time": 5.398226737976074,
      "learning_rate": 7.5e-06
    },
    {
      "epoch": 25,
      "train_loss": 5.13373054638505,
      "train_acc": 69.453125,
      "val_loss": 0.6025659983808344,
      "val_acc": 67.70186335403727,
      "timestamp": "2025-08-31 10:09:00",
      "train_f1": 65.13278703126375,
      "train_recall": 69.453125,
      "val_f1": 62.105552762818405,
      "val_recall": 67.70186335403726,
      "confusion_matrix": [
        [
          0,
          0,
          14,
          0,
          10,
          0,
          0
        ],
        [
          0,
          14,
          8,
          0,
          0,
          0,
          0
        ],
        [
          0,
          2,
          35,
          0,
          5,
          0,
          13
        ],
        [
          0,
          0,
          20,
          0,
          0,
          0,
          0
        ],
        [
          0,
          0,
          6,
          0,
          61,
          0,
          15
        ],
        [
          0,
          0,
          1,
          0,
          6,
          0,
          2
        ],
        [
          0,
          0,
          0,
          0,
          2,
          0,
          108
        ]
      ],
      "epoch_time": 4.988124132156372,
      "learning_rate": 7.5e-06
    },
    {
      "epoch": 26,
      "train_loss": 5.026269815862179,
      "train_acc": 70.078125,
      "val_loss": 0.5973406840454448,
      "val_acc": 68.94409937888199,
      "timestamp": "2025-08-31 10:09:06",
      "train_f1": 65.72329743242469,
      "train_recall": 70.078125,
      "val_f1": 63.39156409286495,
      "val_recall": 68.94409937888199,
      "confusion_matrix": [
        [
          0,
          0,
          14,
          0,
          10,
          0,
          0
        ],
        [
          0,
          15,
          7,
          0,
          0,
          0,
          0
        ],
        [
          0,
          3,
          35,
          0,
          5,
          0,
          12
        ],
        [
          0,
          0,
          20,
          0,
          0,
          0,
          0
        ],
        [
          0,
          0,
          7,
          0,
          64,
          0,
          11
        ],
        [
          0,
          0,
          1,
          0,
          7,
          0,
          1
        ],
        [
          0,
          0,
          0,
          0,
          2,
          0,
          108
        ]
      ],
      "class_accuracies": {
        "class_0": 0.0,
        "class_1": 68.18181818181817,
        "class_2": 63.63636363636363,
        "class_3": 0.0,
        "class_4": 78.04878048780488,
        "class_5": 0.0,
        "class_6": 98.18181818181819
      },
      "epoch_time": 5.440678834915161,
      "learning_rate": 7.5e-06
    },
    {
      "epoch": 27,
      "train_loss": 5.225155814737081,
      "train_acc": 70.0,
      "val_loss": 0.6002787893468683,
      "val_acc": 68.01242236024845,
      "timestamp": "2025-08-31 10:09:11",
      "train_f1": 65.99182540199703,
      "train_recall": 70.0,
      "val_f1": 62.27863239031629,
      "val_recall": 68.01242236024845,
      "confusion_matrix": [
        [
          0,
          0,
          13,
          0,
          11,
          0,
          0
        ],
        [
          0,
          15,
          7,
          0,
          0,
          0,
          0
        ],
        [
          0,
          3,
          31,
          0,
          6,
          0,
          15
        ],
        [
          0,
          0,
          20,
          0,
          0,
          0,
          0
        ],
        [
          0,
          0,
          6,
          0,
          65,
          0,
          11
        ],
        [
          0,
          0,
          0,
          0,
          7,
          0,
          2
        ],
        [
          0,
          0,
          0,
          0,
          2,
          0,
          108
        ]
      ],
      "epoch_time": 5.254743337631226,
      "learning_rate": 7.5e-06
    },
    {
      "epoch": 28,
      "train_loss": 4.7832616224884985,
      "train_acc": 70.546875,
      "val_loss": 0.5926444693045183,
      "val_acc": 67.3913043478261,
      "timestamp": "2025-08-31 10:09:16",
      "train_f1": 66.3835005162993,
      "train_recall": 70.546875,
      "val_f1": 61.66818806303088,
      "val_recall": 67.3913043478261,
      "confusion_matrix": [
        [
          0,
          0,
          13,
          0,
          10,
          0,
          1
        ],
        [
          0,
          15,
          7,
          0,
          0,
          0,
          0
        ],
        [
          0,
          3,
          32,
          0,
          6,
          0,
          14
        ],
        [
          0,
          0,
          20,
          0,
          0,
          0,
          0
        ],
        [
          0,
          0,
          6,
          0,
          61,
          0,
          15
        ],
        [
          0,
          0,
          1,
          0,
          6,
          0,
          2
        ],
        [
          0,
          0,
          0,
          0,
          1,
          0,
          109
        ]
      ],
      "epoch_time": 5.102341890335083,
      "learning_rate": 7.5e-06
    },
    {
      "epoch": 29,
      "train_loss": 5.014314711093903,
      "train_acc": 71.40625,
      "val_loss": 0.5887032313780352,
      "val_acc": 68.32298136645963,
      "timestamp": "2025-08-31 10:09:22",
      "train_f1": 67.35129111810035,
      "train_recall": 71.40625,
      "val_f1": 62.65484400145588,
      "val_recall": 68.32298136645963,
      "confusion_matrix": [
        [
          0,
          0,
          13,
          0,
          11,
          0,
          0
        ],
        [
          0,
          15,
          7,
          0,
          0,
          0,
          0
        ],
        [
          0,
          3,
          33,
          0,
          5,
          0,
          14
        ],
        [
          0,
          0,
          20,
          0,
          0,
          0,
          0
        ],
        [
          0,
          0,
          6,
          0,
          64,
          0,
          12
        ],
        [
          0,
          0,
          1,
          0,
          7,
          0,
          1
        ],
        [
          0,
          0,
          0,
          0,
          2,
          0,
          108
        ]
      ],
      "epoch_time": 5.277848720550537,
      "learning_rate": 7.5e-06
    },
    {
      "epoch": 30,
      "train_loss": 5.118219422549009,
      "train_acc": 70.78125,
      "val_loss": 0.5876920900561593,
      "val_acc": 67.70186335403727,
      "timestamp": "2025-08-31 10:09:27",
      "train_f1": 66.86724313869831,
      "train_recall": 70.78125,
      "val_f1": 61.959986773789225,
      "val_recall": 67.70186335403726,
      "confusion_matrix": [
        [
          0,
          0,
          13,
          0,
          10,
          0,
          1
        ],
        [
          0,
          14,
          8,
          0,
          0,
          0,
          0
        ],
        [
          0,
          2,
          33,
          0,
          5,
          0,
          15
        ],
        [
          0,
          0,
          20,
          0,
          0,
          0,
          0
        ],
        [
          0,
          0,
          6,
          0,
          62,
          0,
          14
        ],
        [
          0,
          0,
          0,
          0,
          6,
          0,
          3
        ],
        [
          0,
          0,
          0,
          0,
          1,
          0,
          109
        ]
      ],
      "epoch_time": 4.998121738433838,
      "learning_rate": 7.5e-06
    },
    {
      "epoch": 31,
      "train_loss": 4.8553880549967285,
      "train_acc": 70.78125,
      "val_loss": 0.5680667487057772,
      "val_acc": 69.56521739130434,
      "timestamp": "2025-08-31 10:09:32",
      "train_f1": 66.20030593656884,
      "train_recall": 70.78125,
      "val_f1": 64.02724998042724,
      "val_recall": 69.56521739130434,
      "confusion_matrix": [
        [
          0,
          0,
          14,
          0,
          10,
          0,
          0
        ],
        [
          0,
          14,
          8,
          0,
          0,
          0,
          0
        ],
        [
          0,
          1,
          38,
          0,
          4,
          0,
          12
        ],
        [
          0,
          0,
          20,
          0,
          0,
          0,
          0
        ],
        [
          0,
          0,
          7,
          0,
          64,
          0,
          11
        ],
        [
          0,
          0,
          1,
          0,
          7,
          0,
          1
        ],
        [
          0,
          0,
          0,
          0,
          2,
          0,
          108
        ]
      ],
      "class_accuracies": {
        "class_0": 0.0,
        "class_1": 63.63636363636363,
        "class_2": 69.0909090909091,
        "class_3": 0.0,
        "class_4": 78.04878048780488,
        "class_5": 0.0,
        "class_6": 98.18181818181819
      },
      "epoch_time": 5.228822469711304,
      "learning_rate": 7.5e-06
    },
    {
      "epoch": 32,
      "train_loss": 4.955815380066634,
      "train_acc": 70.3125,
      "val_loss": 0.5710807009176775,
      "val_acc": 67.0807453416149,
      "timestamp": "2025-08-31 10:09:38",
      "train_f1": 66.1752818970406,
      "train_recall": 70.3125,
      "val_f1": 61.40843517070965,
      "val_recall": 67.08074534161491,
      "confusion_matrix": [
        [
          0,
          0,
          14,
          0,
          10,
          0,
          0
        ],
        [
          0,
          9,
          13,
          0,
          0,
          0,
          0
        ],
        [
          0,
          1,
          37,
          0,
          2,
          0,
          15
        ],
        [
          0,
          0,
          20,
          0,
          0,
          0,
          0
        ],
        [
          0,
          0,
          7,
          0,
          61,
          0,
          14
        ],
        [
          0,
          0,
          1,
          0,
          6,
          0,
          2
        ],
        [
          0,
          0,
          0,
          0,
          1,
          0,
          109
        ]
      ],
      "epoch_time": 5.0246734619140625,
      "learning_rate": 7.5e-06
    },
    {
      "epoch": 33,
      "train_loss": 4.700089955329895,
      "train_acc": 70.9375,
      "val_loss": 0.5597669021649794,
      "val_acc": 66.77018633540372,
      "timestamp": "2025-08-31 10:09:43",
      "train_f1": 66.80365582999225,
      "train_recall": 70.9375,
      "val_f1": 60.70346012801255,
      "val_recall": 66.77018633540372,
      "confusion_matrix": [
        [
          0,
          0,
          14,
          0,
          10,
          0,
          0
        ],
        [
          0,
          5,
          17,
          0,
          0,
          0,
          0
        ],
        [
          0,
          0,
          39,
          0,
          4,
          0,
          12
        ],
        [
          0,
          0,
          20,
          0,
          0,
          0,
          0
        ],
        [
          0,
          0,
          7,
          0,
          63,
          0,
          12
        ],
        [
          0,
          0,
          1,
          0,
          7,
          0,
          1
        ],
        [
          0,
          0,
          0,
          0,
          2,
          0,
          108
        ]
      ],
      "epoch_time": 5.205236911773682,
      "learning_rate": 7.5e-06
    },
    {
      "epoch": 34,
      "train_loss": 4.748512041196227,
      "train_acc": 70.46875,
      "val_loss": 0.5573957128958269,
      "val_acc": 67.0807453416149,
      "timestamp": "2025-08-31 10:09:48",
      "train_f1": 66.35177454341054,
      "train_recall": 70.46875,
      "val_f1": 61.017295308068476,
      "val_recall": 67.08074534161491,
      "confusion_matrix": [
        [
          0,
          0,
          14,
          0,
          10,
          0,
          0
        ],
        [
          0,
          5,
          17,
          0,
          0,
          0,
          0
        ],
        [
          0,
          0,
          39,
          0,
          4,
          0,
          12
        ],
        [
          0,
          0,
          20,
          0,
          0,
          0,
          0
        ],
        [
          0,
          0,
          7,
          0,
          64,
          0,
          11
        ],
        [
          0,
          0,
          1,
          0,
          7,
          0,
          1
        ],
        [
          0,
          0,
          0,
          0,
          2,
          0,
          108
        ]
      ],
      "epoch_time": 5.41295051574707,
      "learning_rate": 3.75e-06
    },
    {
      "epoch": 35,
      "train_loss": 4.612650346010923,
      "train_acc": 72.578125,
      "val_loss": 0.5567996393550526,
      "val_acc": 67.70186335403727,
      "timestamp": "2025-08-31 10:09:54",
      "train_f1": 68.35019428809801,
      "train_recall": 72.578125,
      "val_f1": 61.72905601238151,
      "val_recall": 67.70186335403726,
      "confusion_matrix": [
        [
          0,
          0,
          13,
          0,
          11,
          0,
          0
        ],
        [
          0,
          6,
          16,
          0,
          0,
          0,
          0
        ],
        [
          0,
          0,
          39,
          0,
          4,
          0,
          12
        ],
        [
          0,
          0,
          20,
          0,
          0,
          0,
          0
        ],
        [
          0,
          0,
          7,
          0,
          65,
          0,
          10
        ],
        [
          0,
          0,
          1,
          0,
          7,
          0,
          1
        ],
        [
          0,
          0,
          0,
          0,
          2,
          0,
          108
        ]
      ],
      "epoch_time": 5.366074085235596,
      "learning_rate": 3.75e-06
    },
    {
      "epoch": 36,
      "train_loss": 4.7834535360336305,
      "train_acc": 71.09375,
      "val_loss": 0.5539025853980671,
      "val_acc": 68.32298136645963,
      "timestamp": "2025-08-31 10:09:59",
      "train_f1": 66.72490724944902,
      "train_recall": 71.09375,
      "val_f1": 62.7060053460999,
      "val_recall": 68.32298136645963,
      "confusion_matrix": [
        [
          0,
          0,
          14,
          0,
          10,
          0,
          0
        ],
        [
          0,
          9,
          13,
          0,
          0,
          0,
          0
        ],
        [
          0,
          1,
          38,
          0,
          4,
          0,
          12
        ],
        [
          0,
          0,
          20,
          0,
          0,
          0,
          0
        ],
        [
          0,
          0,
          7,
          0,
          65,
          0,
          10
        ],
        [
          0,
          0,
          1,
          0,
          7,
          0,
          1
        ],
        [
          0,
          0,
          0,
          0,
          2,
          0,
          108
        ]
      ],
      "epoch_time": 4.996433973312378,
      "learning_rate": 3.75e-06
    },
    {
      "epoch": 37,
      "train_loss": 4.422100352495908,
      "train_acc": 71.40625,
      "val_loss": 0.5507357201792977,
      "val_acc": 69.87577639751552,
      "timestamp": "2025-08-31 10:10:05",
      "train_f1": 67.72571569022978,
      "train_recall": 71.40625,
      "val_f1": 64.33991051261377,
      "val_recall": 69.87577639751554,
      "confusion_matrix": [
        [
          0,
          0,
          14,
          0,
          10,
          0,
          0
        ],
        [
          0,
          14,
          8,
          0,
          0,
          0,
          0
        ],
        [
          0,
          1,
          38,
          0,
          4,
          0,
          12
        ],
        [
          0,
          0,
          20,
          0,
          0,
          0,
          0
        ],
        [
          0,
          0,
          7,
          0,
          65,
          0,
          10
        ],
        [
          0,
          0,
          1,
          0,
          7,
          0,
          1
        ],
        [
          0,
          0,
          0,
          0,
          2,
          0,
          108
        ]
      ],
      "class_accuracies": {
        "class_0": 0.0,
        "class_1": 63.63636363636363,
        "class_2": 69.0909090909091,
        "class_3": 0.0,
        "class_4": 79.26829268292683,
        "class_5": 0.0,
        "class_6": 98.18181818181819
      },
      "epoch_time": 5.3906190395355225,
      "learning_rate": 3.75e-06
    },
    {
      "epoch": 38,
      "train_loss": 4.593494308739901,
      "train_acc": 71.484375,
      "val_loss": 0.554598564451391,
      "val_acc": 69.87577639751552,
      "timestamp": "2025-08-31 10:10:10",
      "train_f1": 67.66533308665258,
      "train_recall": 71.484375,
      "val_f1": 64.23864250796812,
      "val_recall": 69.87577639751554,
      "confusion_matrix": [
        [
          0,
          0,
          13,
          0,
          11,
          0,
          0
        ],
        [
          0,
          14,
          8,
          0,
          0,
          0,
          0
        ],
        [
          0,
          2,
          37,
          0,
          5,
          0,
          11
        ],
        [
          0,
          0,
          20,
          0,
          0,
          0,
          0
        ],
        [
          0,
          0,
          6,
          0,
          66,
          0,
          10
        ],
        [
          0,
          0,
          1,
          0,
          7,
          0,
          1
        ],
        [
          0,
          0,
          0,
          0,
          2,
          0,
          108
        ]
      ],
      "epoch_time": 5.42354416847229,
      "learning_rate": 3.75e-06
    },
    {
      "epoch": 39,
      "train_loss": 4.41912625581026,
      "train_acc": 70.78125,
      "val_loss": 0.5499678687615828,
      "val_acc": 70.1863354037267,
      "timestamp": "2025-08-31 10:10:16",
      "train_f1": 66.98286878036998,
      "train_recall": 70.78125,
      "val_f1": 64.58713251352766,
      "val_recall": 70.1863354037267,
      "confusion_matrix": [
        [
          0,
          0,
          13,
          0,
          11,
          0,
          0
        ],
        [
          0,
          15,
          7,
          0,
          0,
          0,
          0
        ],
        [
          0,
          3,
          36,
          0,
          5,
          0,
          11
        ],
        [
          0,
          0,
          20,
          0,
          0,
          0,
          0
        ],
        [
          0,
          0,
          7,
          0,
          67,
          0,
          8
        ],
        [
          0,
          0,
          1,
          0,
          7,
          0,
          1
        ],
        [
          0,
          0,
          0,
          0,
          2,
          0,
          108
        ]
      ],
      "class_accuracies": {
        "class_0": 0.0,
        "class_1": 68.18181818181817,
        "class_2": 65.45454545454545,
        "class_3": 0.0,
        "class_4": 81.70731707317073,
        "class_5": 0.0,
        "class_6": 98.18181818181819
      },
      "epoch_time": 5.176316261291504,
      "learning_rate": 3.75e-06
    },
    {
      "epoch": 40,
      "train_loss": 4.52273561656475,
      "train_acc": 72.34375,
      "val_loss": 0.5468058613213626,
      "val_acc": 69.87577639751552,
      "timestamp": "2025-08-31 10:10:21",
      "train_f1": 69.14311883739235,
      "train_recall": 72.34375,
      "val_f1": 64.40369838046685,
      "val_recall": 69.87577639751554,
      "confusion_matrix": [
        [
          0,
          0,
          13,
          0,
          11,
          0,
          0
        ],
        [
          0,
          15,
          7,
          0,
          0,
          0,
          0
        ],
        [
          0,
          3,
          35,
          1,
          5,
          0,
          11
        ],
        [
          0,
          0,
          20,
          0,
          0,
          0,
          0
        ],
        [
          0,
          0,
          7,
          0,
          67,
          0,
          8
        ],
        [
          0,
          0,
          1,
          0,
          7,
          0,
          1
        ],
        [
          0,
          0,
          0,
          0,
          2,
          0,
          108
        ]
      ],
      "epoch_time": 5.48000168800354,
      "learning_rate": 3.75e-06
    },
    {
      "epoch": 41,
      "train_loss": 4.461245172470808,
      "train_acc": 72.65625,
      "val_loss": 0.542670645497062,
      "val_acc": 69.56521739130434,
      "timestamp": "2025-08-31 10:10:27",
      "train_f1": 69.06454313059298,
      "train_recall": 72.65625,
      "val_f1": 64.14357149881393,
      "val_recall": 69.56521739130434,
      "confusion_matrix": [
        [
          0,
          0,
          14,
          0,
          10,
          0,
          0
        ],
        [
          0,
          15,
          7,
          0,
          0,
          0,
          0
        ],
        [
          0,
          3,
          35,
          1,
          5,
          0,
          11
        ],
        [
          0,
          0,
          20,
          0,
          0,
          0,
          0
        ],
        [
          0,
          0,
          7,
          0,
          66,
          0,
          9
        ],
        [
          0,
          0,
          1,
          0,
          7,
          0,
          1
        ],
        [
          0,
          0,
          0,
          0,
          2,
          0,
          108
        ]
      ],
      "epoch_time": 5.402116060256958,
      "learning_rate": 3.75e-06
    },
    {
      "epoch": 42,
      "train_loss": 4.55070877596736,
      "train_acc": 72.890625,
      "val_loss": 0.5358198745684191,
      "val_acc": 70.1863354037267,
      "timestamp": "2025-08-31 10:10:32",
      "train_f1": 69.48491154779728,
      "train_recall": 72.890625,
      "val_f1": 65.54893316402269,
      "val_recall": 70.1863354037267,
      "confusion_matrix": [
        [
          0,
          0,
          14,
          0,
          10,
          0,
          0
        ],
        [
          0,
          15,
          7,
          0,
          0,
          0,
          0
        ],
        [
          0,
          3,
          35,
          1,
          3,
          0,
          13
        ],
        [
          0,
          0,
          17,
          3,
          0,
          0,
          0
        ],
        [
          0,
          0,
          7,
          0,
          65,
          0,
          10
        ],
        [
          0,
          0,
          1,
          0,
          7,
          0,
          1
        ],
        [
          0,
          0,
          0,
          0,
          2,
          0,
          108
        ]
      ],
      "epoch_time": 4.991171836853027,
      "learning_rate": 3.75e-06
    },
    {
      "epoch": 43,
      "train_loss": 4.554350237548351,
      "train_acc": 73.359375,
      "val_loss": 0.528686604716561,
      "val_acc": 70.1863354037267,
      "timestamp": "2025-08-31 10:10:37",
      "train_f1": 70.32318025889018,
      "train_recall": 73.359375,
      "val_f1": 64.71192916020753,
      "val_recall": 70.1863354037267,
      "confusion_matrix": [
        [
          0,
          0,
          14,
          0,
          10,
          0,
          0
        ],
        [
          0,
          16,
          6,
          0,
          0,
          0,
          0
        ],
        [
          0,
          3,
          36,
          1,
          4,
          0,
          11
        ],
        [
          0,
          0,
          20,
          0,
          0,
          0,
          0
        ],
        [
          0,
          0,
          7,
          0,
          66,
          0,
          9
        ],
        [
          0,
          0,
          1,
          0,
          7,
          0,
          1
        ],
        [
          0,
          0,
          0,
          0,
          2,
          0,
          108
        ]
      ],
      "epoch_time": 5.392963409423828,
      "learning_rate": 3.75e-06
    },
    {
      "epoch": 44,
      "train_loss": 4.465201280638576,
      "train_acc": 72.5,
      "val_loss": 0.5346320271492004,
      "val_acc": 70.4968944099379,
      "timestamp": "2025-08-31 10:10:43",
      "train_f1": 69.36361381371266,
      "train_recall": 72.5,
      "val_f1": 64.90240223637886,
      "val_recall": 70.4968944099379,
      "confusion_matrix": [
        [
          0,
          0,
          13,
          0,
          11,
          0,
          0
        ],
        [
          0,
          16,
          6,
          0,
          0,
          0,
          0
        ],
        [
          0,
          3,
          35,
          1,
          4,
          0,
          12
        ],
        [
          0,
          0,
          20,
          0,
          0,
          0,
          0
        ],
        [
          0,
          0,
          6,
          0,
          68,
          0,
          8
        ],
        [
          0,
          0,
          1,
          0,
          7,
          0,
          1
        ],
        [
          0,
          0,
          0,
          0,
          2,
          0,
          108
        ]
      ],
      "class_accuracies": {
        "class_0": 0.0,
        "class_1": 72.72727272727273,
        "class_2": 63.63636363636363,
        "class_3": 0.0,
        "class_4": 82.92682926829268,
        "class_5": 0.0,
        "class_6": 98.18181818181819
      },
      "epoch_time": 5.508558511734009,
      "learning_rate": 3.75e-06
    },
    {
      "epoch": 45,
      "train_loss": 4.5102987587451935,
      "train_acc": 73.28125,
      "val_loss": 0.5308533175425096,
      "val_acc": 70.4968944099379,
      "timestamp": "2025-08-31 10:10:47",
      "train_f1": 70.3091086374006,
      "train_recall": 73.28125,
      "val_f1": 64.90240223637886,
      "val_recall": 70.4968944099379,
      "confusion_matrix": [
        [
          0,
          0,
          13,
          0,
          11,
          0,
          0
        ],
        [
          0,
          16,
          6,
          0,
          0,
          0,
          0
        ],
        [
          0,
          3,
          35,
          1,
          4,
          0,
          12
        ],
        [
          0,
          0,
          20,
          0,
          0,
          0,
          0
        ],
        [
          0,
          0,
          6,
          0,
          68,
          0,
          8
        ],
        [
          0,
          0,
          1,
          0,
          7,
          0,
          1
        ],
        [
          0,
          0,
          0,
          0,
          2,
          0,
          108
        ]
      ],
      "epoch_time": 4.18407678604126,
      "learning_rate": 1.875e-06
    },
    {
      "epoch": 46,
      "train_loss": 4.391411858797073,
      "train_acc": 72.890625,
      "val_loss": 0.5234699655662883,
      "val_acc": 70.4968944099379,
      "timestamp": "2025-08-31 10:10:51",
      "train_f1": 69.94292130313052,
      "train_recall": 72.890625,
      "val_f1": 65.02347641110323,
      "val_recall": 70.4968944099379,
      "confusion_matrix": [
        [
          0,
          0,
          14,
          0,
          10,
          0,
          0
        ],
        [
          0,
          16,
          6,
          0,
          0,
          0,
          0
        ],
        [
          0,
          3,
          36,
          1,
          4,
          0,
          11
        ],
        [
          0,
          0,
          20,
          0,
          0,
          0,
          0
        ],
        [
          0,
          0,
          7,
          0,
          67,
          0,
          8
        ],
        [
          0,
          0,
          1,
          0,
          7,
          0,
          1
        ],
        [
          0,
          0,
          0,
          0,
          2,
          0,
          108
        ]
      ],
      "epoch_time": 3.2383530139923096,
      "learning_rate": 1.875e-06
    },
    {
      "epoch": 47,
      "train_loss": 4.562201278656721,
      "train_acc": 72.34375,
      "val_loss": 0.5237227515740828,
      "val_acc": 70.4968944099379,
      "timestamp": "2025-08-31 10:10:54",
      "train_f1": 68.9225500158962,
      "train_recall": 72.34375,
      "val_f1": 65.28770616875319,
      "val_recall": 70.4968944099379,
      "confusion_matrix": [
        [
          0,
          0,
          13,
          0,
          11,
          0,
          0
        ],
        [
          0,
          16,
          6,
          0,
          0,
          0,
          0
        ],
        [
          0,
          3,
          35,
          1,
          4,
          0,
          12
        ],
        [
          0,
          0,
          19,
          1,
          0,
          0,
          0
        ],
        [
          0,
          0,
          7,
          0,
          67,
          0,
          8
        ],
        [
          0,
          0,
          1,
          0,
          7,
          0,
          1
        ],
        [
          0,
          0,
          0,
          0,
          2,
          0,
          108
        ]
      ],
      "epoch_time": 3.232739210128784,
      "learning_rate": 1.875e-06
    },
    {
      "epoch": 48,
      "train_loss": 4.198677104339003,
      "train_acc": 73.4375,
      "val_loss": 0.5245397307656028,
      "val_acc": 71.11801242236025,
      "timestamp": "2025-08-31 10:10:58",
      "train_f1": 70.5170630693332,
      "train_recall": 73.4375,
      "val_f1": 66.58557682008139,
      "val_recall": 71.11801242236024,
      "confusion_matrix": [
        [
          0,
          0,
          13,
          0,
          11,
          0,
          0
        ],
        [
          0,
          16,
          6,
          0,
          0,
          0,
          0
        ],
        [
          0,
          3,
          35,
          1,
          3,
          0,
          13
        ],
        [
          0,
          0,
          16,
          4,
          0,
          0,
          0
        ],
        [
          0,
          0,
          7,
          0,
          66,
          0,
          9
        ],
        [
          0,
          0,
          1,
          0,
          7,
          0,
          1
        ],
        [
          0,
          0,
          0,
          0,
          2,
          0,
          108
        ]
      ],
      "class_accuracies": {
        "class_0": 0.0,
        "class_1": 72.72727272727273,
        "class_2": 63.63636363636363,
        "class_3": 20.0,
        "class_4": 80.48780487804879,
        "class_5": 0.0,
        "class_6": 98.18181818181819
      },
      "epoch_time": 3.2798867225646973,
      "learning_rate": 1.875e-06
    },
    {
      "epoch": 49,
      "train_loss": 4.5164159625768665,
      "train_acc": 73.75,
      "val_loss": 0.5176914523948323,
      "val_acc": 71.73913043478261,
      "timestamp": "2025-08-31 10:11:01",
      "train_f1": 71.2380427899023,
      "train_recall": 73.75,
      "val_f1": 67.41797094437548,
      "val_recall": 71.73913043478261,
      "confusion_matrix": [
        [
          0,
          0,
          14,
          0,
          10,
          0,
          0
        ],
        [
          0,
          16,
          6,
          0,
          0,
          0,
          0
        ],
        [
          0,
          3,
          36,
          1,
          3,
          0,
          12
        ],
        [
          0,
          0,
          15,
          5,
          0,
          0,
          0
        ],
        [
          0,
          0,
          7,
          0,
          66,
          0,
          9
        ],
        [
          0,
          0,
          1,
          0,
          7,
          0,
          1
        ],
        [
          0,
          0,
          0,
          0,
          2,
          0,
          108
        ]
      ],
      "class_accuracies": {
        "class_0": 0.0,
        "class_1": 72.72727272727273,
        "class_2": 65.45454545454545,
        "class_3": 25.0,
        "class_4": 80.48780487804879,
        "class_5": 0.0,
        "class_6": 98.18181818181819
      },
      "epoch_time": 3.289503574371338,
      "learning_rate": 1.875e-06
    },
    {
      "epoch": 50,
      "train_loss": 4.357712291926146,
      "train_acc": 73.75,
      "val_loss": 0.5213602727109735,
      "val_acc": 72.98136645962732,
      "timestamp": "2025-08-31 10:11:04",
      "train_f1": 71.10864494915631,
      "train_recall": 73.75,
      "val_f1": 68.87873274234437,
      "val_recall": 72.98136645962732,
      "confusion_matrix": [
        [
          0,
          0,
          13,
          0,
          11,
          0,
          0
        ],
        [
          0,
          16,
          6,
          0,
          0,
          0,
          0
        ],
        [
          0,
          3,
          35,
          1,
          4,
          0,
          12
        ],
        [
          0,
          0,
          12,
          8,
          0,
          0,
          0
        ],
        [
          0,
          0,
          6,
          0,
          68,
          0,
          8
        ],
        [
          0,
          0,
          1,
          0,
          7,
          0,
          1
        ],
        [
          0,
          0,
          0,
          0,
          2,
          0,
          108
        ]
      ],
      "class_accuracies": {
        "class_0": 0.0,
        "class_1": 72.72727272727273,
        "class_2": 63.63636363636363,
        "class_3": 40.0,
        "class_4": 82.92682926829268,
        "class_5": 0.0,
        "class_6": 98.18181818181819
      },
      "epoch_time": 3.2124104499816895,
      "learning_rate": 1.875e-06
    }
  ]
}