{
  "dataset": "ASAS",
  "model_type": "linear_noise",
  "sde_config": 1,
  "start_time": "20250830_095427",
  "date": "20250830",
  "epochs": [
    {
      "epoch": 1,
      "train_loss": 10.98198673854003,
      "train_acc": 12.035472972972974,
      "val_loss": 1.151195514202118,
      "val_acc": 11.260504201680673,
      "timestamp": "2025-08-30 09:54:30",
      "train_f1": 2.9339826538714133,
      "train_recall": 12.035472972972974,
      "val_f1": 2.2793165604610426,
      "val_recall": 11.260504201680673,
      "confusion_matrix": [
        [
          67,
          0,
          0,
          0,
          0
        ],
        [
          23,
          0,
          0,
          0,
          0
        ],
        [
          162,
          0,
          0,
          0,
          0
        ],
        [
          15,
          0,
          0,
          0,
          0
        ],
        [
          328,
          0,
          0,
          0,
          0
        ]
      ],
      "class_accuracies": {
        "class_0": 100.0,
        "class_1": 0.0,
        "class_2": 0.0,
        "class_3": 0.0,
        "class_4": 0.0
      },
      "epoch_time": 2.2160725593566895,
      "learning_rate": 3e-05
    },
    {
      "epoch": 2,
      "train_loss": 10.424986600875854,
      "train_acc": 12.035472972972974,
      "val_loss": 1.0950639963150024,
      "val_acc": 11.260504201680673,
      "timestamp": "2025-08-30 09:54:31",
      "train_f1": 2.9645755270199774,
      "train_recall": 12.035472972972974,
      "val_f1": 2.2793165604610426,
      "val_recall": 11.260504201680673,
      "confusion_matrix": [
        [
          67,
          0,
          0,
          0,
          0
        ],
        [
          23,
          0,
          0,
          0,
          0
        ],
        [
          162,
          0,
          0,
          0,
          0
        ],
        [
          15,
          0,
          0,
          0,
          0
        ],
        [
          328,
          0,
          0,
          0,
          0
        ]
      ],
      "epoch_time": 1.6531908512115479,
      "learning_rate": 3e-05
    },
    {
      "epoch": 3,
      "train_loss": 9.949461766191432,
      "train_acc": 12.837837837837839,
      "val_loss": 1.0428100943565368,
      "val_acc": 11.260504201680673,
      "timestamp": "2025-08-30 09:54:33",
      "train_f1": 4.573179001655051,
      "train_recall": 12.837837837837837,
      "val_f1": 2.2793165604610426,
      "val_recall": 11.260504201680673,
      "confusion_matrix": [
        [
          67,
          0,
          0,
          0,
          0
        ],
        [
          23,
          0,
          0,
          0,
          0
        ],
        [
          162,
          0,
          0,
          0,
          0
        ],
        [
          15,
          0,
          0,
          0,
          0
        ],
        [
          328,
          0,
          0,
          0,
          0
        ]
      ],
      "epoch_time": 1.623929500579834,
      "learning_rate": 3e-05
    },
    {
      "epoch": 4,
      "train_loss": 9.502736953464714,
      "train_acc": 16.80743243243243,
      "val_loss": 0.9940688073635101,
      "val_acc": 12.268907563025211,
      "timestamp": "2025-08-30 09:54:35",
      "train_f1": 11.898107422588708,
      "train_recall": 16.80743243243243,
      "val_f1": 4.28074062982868,
      "val_recall": 12.26890756302521,
      "confusion_matrix": [
        [
          67,
          0,
          0,
          0,
          0
        ],
        [
          23,
          0,
          0,
          0,
          0
        ],
        [
          162,
          0,
          0,
          0,
          0
        ],
        [
          15,
          0,
          0,
          0,
          0
        ],
        [
          322,
          0,
          0,
          0,
          6
        ]
      ],
      "class_accuracies": {
        "class_0": 100.0,
        "class_1": 0.0,
        "class_2": 0.0,
        "class_3": 0.0,
        "class_4": 1.8292682926829267
      },
      "epoch_time": 1.6232719421386719,
      "learning_rate": 3e-05
    },
    {
      "epoch": 5,
      "train_loss": 8.999367623715788,
      "train_acc": 29.72972972972973,
      "val_loss": 0.94787677526474,
      "val_acc": 39.66386554621849,
      "timestamp": "2025-08-30 09:54:37",
      "train_f1": 29.29413320502382,
      "train_recall": 29.72972972972973,
      "val_f1": 38.373696893963036,
      "val_recall": 39.66386554621849,
      "confusion_matrix": [
        [
          61,
          0,
          0,
          0,
          6
        ],
        [
          23,
          0,
          0,
          0,
          0
        ],
        [
          124,
          0,
          0,
          0,
          38
        ],
        [
          15,
          0,
          0,
          0,
          0
        ],
        [
          153,
          0,
          0,
          0,
          175
        ]
      ],
      "class_accuracies": {
        "class_0": 91.04477611940298,
        "class_1": 0.0,
        "class_2": 0.0,
        "class_3": 0.0,
        "class_4": 53.35365853658537
      },
      "epoch_time": 1.6461291313171387,
      "learning_rate": 3e-05
    },
    {
      "epoch": 6,
      "train_loss": 8.619582996175096,
      "train_acc": 41.891891891891895,
      "val_loss": 0.9040117561817169,
      "val_acc": 46.21848739495798,
      "timestamp": "2025-08-30 09:54:38",
      "train_f1": 39.9758578380286,
      "train_recall": 41.89189189189189,
      "val_f1": 41.78641245017645,
      "val_recall": 46.21848739495798,
      "confusion_matrix": [
        [
          41,
          0,
          0,
          0,
          26
        ],
        [
          23,
          0,
          0,
          0,
          0
        ],
        [
          91,
          0,
          0,
          0,
          71
        ],
        [
          12,
          0,
          0,
          0,
          3
        ],
        [
          94,
          0,
          0,
          0,
          234
        ]
      ],
      "class_accuracies": {
        "class_0": 61.19402985074627,
        "class_1": 0.0,
        "class_2": 0.0,
        "class_3": 0.0,
        "class_4": 71.34146341463415
      },
      "epoch_time": 1.6205523014068604,
      "learning_rate": 3e-05
    },
    {
      "epoch": 7,
      "train_loss": 8.214196058543953,
      "train_acc": 49.66216216216216,
      "val_loss": 0.8629635989665985,
      "val_acc": 52.10084033613445,
      "timestamp": "2025-08-30 09:54:40",
      "train_f1": 45.22317217449866,
      "train_recall": 49.66216216216216,
      "val_f1": 43.40790370202135,
      "val_recall": 52.10084033613446,
      "confusion_matrix": [
        [
          26,
          0,
          0,
          0,
          41
        ],
        [
          23,
          0,
          0,
          0,
          0
        ],
        [
          55,
          0,
          0,
          0,
          107
        ],
        [
          7,
          0,
          0,
          0,
          8
        ],
        [
          44,
          0,
          0,
          0,
          284
        ]
      ],
      "class_accuracies": {
        "class_0": 38.80597014925373,
        "class_1": 0.0,
        "class_2": 0.0,
        "class_3": 0.0,
        "class_4": 86.58536585365853
      },
      "epoch_time": 1.728999137878418,
      "learning_rate": 3e-05
    },
    {
      "epoch": 8,
      "train_loss": 7.83496132090285,
      "train_acc": 54.85641891891892,
      "val_loss": 0.8247855007648468,
      "val_acc": 56.30252100840336,
      "timestamp": "2025-08-30 09:54:42",
      "train_f1": 47.79135169426259,
      "train_recall": 54.85641891891891,
      "val_f1": 46.59958671107221,
      "val_recall": 56.30252100840336,
      "confusion_matrix": [
        [
          7,
          0,
          4,
          0,
          56
        ],
        [
          22,
          0,
          0,
          0,
          1
        ],
        [
          8,
          0,
          16,
          0,
          138
        ],
        [
          5,
          0,
          1,
          0,
          9
        ],
        [
          2,
          0,
          14,
          0,
          312
        ]
      ],
      "class_accuracies": {
        "class_0": 10.44776119402985,
        "class_1": 0.0,
        "class_2": 9.876543209876543,
        "class_3": 0.0,
        "class_4": 95.1219512195122
      },
      "epoch_time": 1.7725319862365723,
      "learning_rate": 3e-05
    },
    {
      "epoch": 9,
      "train_loss": 7.509879717955718,
      "train_acc": 56.41891891891892,
      "val_loss": 0.7895079791545868,
      "val_acc": 57.142857142857146,
      "timestamp": "2025-08-30 09:54:44",
      "train_f1": 46.80583197363496,
      "train_recall": 56.41891891891891,
      "val_f1": 46.28469707666264,
      "val_recall": 57.14285714285714,
      "confusion_matrix": [
        [
          0,
          0,
          3,
          0,
          64
        ],
        [
          13,
          0,
          8,
          0,
          2
        ],
        [
          0,
          0,
          21,
          0,
          141
        ],
        [
          3,
          0,
          2,
          0,
          10
        ],
        [
          0,
          0,
          9,
          0,
          319
        ]
      ],
      "class_accuracies": {
        "class_0": 0.0,
        "class_1": 0.0,
        "class_2": 12.962962962962962,
        "class_3": 0.0,
        "class_4": 97.2560975609756
      },
      "epoch_time": 1.815744161605835,
      "learning_rate": 3e-05
    },
    {
      "epoch": 10,
      "train_loss": 7.280973888732292,
      "train_acc": 56.50337837837838,
      "val_loss": 0.7577502846717834,
      "val_acc": 56.80672268907563,
      "timestamp": "2025-08-30 09:54:46",
      "train_f1": 45.597694148913185,
      "train_recall": 56.50337837837838,
      "val_f1": 43.969719250590224,
      "val_recall": 56.80672268907563,
      "confusion_matrix": [
        [
          0,
          0,
          2,
          0,
          65
        ],
        [
          0,
          0,
          20,
          0,
          3
        ],
        [
          0,
          0,
          12,
          0,
          150
        ],
        [
          0,
          0,
          5,
          0,
          10
        ],
        [
          0,
          0,
          2,
          0,
          326
        ]
      ],
      "epoch_time": 1.7679212093353271,
      "learning_rate": 3e-05
    },
    {
      "epoch": 11,
      "train_loss": 6.904673597297153,
      "train_acc": 56.16554054054054,
      "val_loss": 0.7301884591579437,
      "val_acc": 56.134453781512605,
      "timestamp": "2025-08-30 09:54:48",
      "train_f1": 44.03831756540255,
      "train_recall": 56.16554054054054,
      "val_f1": 42.6867544932639,
      "val_recall": 56.134453781512605,
      "confusion_matrix": [
        [
          0,
          0,
          1,
          0,
          66
        ],
        [
          0,
          0,
          19,
          0,
          4
        ],
        [
          0,
          0,
          8,
          0,
          154
        ],
        [
          0,
          0,
          5,
          0,
          10
        ],
        [
          0,
          0,
          2,
          0,
          326
        ]
      ],
      "epoch_time": 1.7384212017059326,
      "learning_rate": 3e-05
    },
    {
      "epoch": 12,
      "train_loss": 6.688611513859517,
      "train_acc": 55.236486486486484,
      "val_loss": 0.7068486392498017,
      "val_acc": 55.96638655462185,
      "timestamp": "2025-08-30 09:54:49",
      "train_f1": 42.35585261873006,
      "train_recall": 55.23648648648649,
      "val_f1": 41.800720288115244,
      "val_recall": 55.96638655462185,
      "confusion_matrix": [
        [
          0,
          0,
          0,
          0,
          67
        ],
        [
          0,
          0,
          18,
          0,
          5
        ],
        [
          0,
          0,
          5,
          0,
          157
        ],
        [
          0,
          0,
          4,
          0,
          11
        ],
        [
          0,
          0,
          0,
          0,
          328
        ]
      ],
      "epoch_time": 1.7437052726745605,
      "learning_rate": 1.5e-05
    },
    {
      "epoch": 13,
      "train_loss": 6.532500982284546,
      "train_acc": 55.91216216216216,
      "val_loss": 0.6965310633182525,
      "val_acc": 55.46218487394958,
      "timestamp": "2025-08-30 09:54:51",
      "train_f1": 42.11033587557473,
      "train_recall": 55.91216216216216,
      "val_f1": 40.810985128200336,
      "val_recall": 55.46218487394958,
      "confusion_matrix": [
        [
          0,
          0,
          0,
          0,
          67
        ],
        [
          0,
          0,
          18,
          0,
          5
        ],
        [
          0,
          0,
          2,
          0,
          160
        ],
        [
          0,
          0,
          4,
          0,
          11
        ],
        [
          0,
          0,
          0,
          0,
          328
        ]
      ],
      "epoch_time": 1.8118367195129395,
      "learning_rate": 1.5e-05
    },
    {
      "epoch": 14,
      "train_loss": 6.4544312164590165,
      "train_acc": 55.4054054054054,
      "val_loss": 0.6870858609676361,
      "val_acc": 55.46218487394958,
      "timestamp": "2025-08-30 09:54:53",
      "train_f1": 41.444930046039715,
      "train_recall": 55.4054054054054,
      "val_f1": 40.76945516945516,
      "val_recall": 55.46218487394958,
      "confusion_matrix": [
        [
          0,
          0,
          0,
          0,
          67
        ],
        [
          0,
          0,
          17,
          0,
          6
        ],
        [
          0,
          0,
          2,
          0,
          160
        ],
        [
          0,
          0,
          4,
          0,
          11
        ],
        [
          0,
          0,
          0,
          0,
          328
        ]
      ],
      "epoch_time": 1.7855265140533447,
      "learning_rate": 1.5e-05
    },
    {
      "epoch": 15,
      "train_loss": 6.336241536849254,
      "train_acc": 55.48986486486486,
      "val_loss": 0.6784295976161957,
      "val_acc": 55.294117647058826,
      "timestamp": "2025-08-30 09:54:55",
      "train_f1": 41.50266967523168,
      "train_recall": 55.48986486486487,
      "val_f1": 40.432114360003524,
      "val_recall": 55.294117647058826,
      "confusion_matrix": [
        [
          0,
          0,
          0,
          0,
          67
        ],
        [
          0,
          0,
          17,
          0,
          6
        ],
        [
          0,
          0,
          1,
          0,
          161
        ],
        [
          0,
          0,
          4,
          0,
          11
        ],
        [
          0,
          0,
          0,
          0,
          328
        ]
      ],
      "epoch_time": 1.8305952548980713,
      "learning_rate": 1.5e-05
    },
    {
      "epoch": 16,
      "train_loss": 6.263115898982899,
      "train_acc": 55.99662162162162,
      "val_loss": 0.6703526735305786,
      "val_acc": 55.294117647058826,
      "timestamp": "2025-08-30 09:54:57",
      "train_f1": 42.18962172380344,
      "train_recall": 55.99662162162162,
      "val_f1": 40.389234680459374,
      "val_recall": 55.294117647058826,
      "confusion_matrix": [
        [
          0,
          0,
          0,
          0,
          67
        ],
        [
          0,
          0,
          16,
          0,
          7
        ],
        [
          0,
          0,
          1,
          0,
          161
        ],
        [
          0,
          0,
          4,
          0,
          11
        ],
        [
          0,
          0,
          0,
          0,
          328
        ]
      ],
      "epoch_time": 1.844308853149414,
      "learning_rate": 1.5e-05
    },
    {
      "epoch": 17,
      "train_loss": 6.247027783780484,
      "train_acc": 55.44763513513514,
      "val_loss": 0.6629451632499694,
      "val_acc": 55.294117647058826,
      "timestamp": "2025-08-30 09:54:59",
      "train_f1": 41.50952981754173,
      "train_recall": 55.44763513513513,
      "val_f1": 40.389234680459374,
      "val_recall": 55.294117647058826,
      "confusion_matrix": [
        [
          0,
          0,
          0,
          0,
          67
        ],
        [
          0,
          0,
          16,
          0,
          7
        ],
        [
          0,
          0,
          1,
          0,
          161
        ],
        [
          0,
          0,
          4,
          0,
          11
        ],
        [
          0,
          0,
          0,
          0,
          328
        ]
      ],
      "epoch_time": 1.8406398296356201,
      "learning_rate": 1.5e-05
    },
    {
      "epoch": 18,
      "train_loss": 6.192653251660837,
      "train_acc": 55.616554054054056,
      "val_loss": 0.6560123205184937,
      "val_acc": 55.294117647058826,
      "timestamp": "2025-08-30 09:55:01",
      "train_f1": 41.658052070907004,
      "train_recall": 55.616554054054056,
      "val_f1": 40.432114360003524,
      "val_recall": 55.294117647058826,
      "confusion_matrix": [
        [
          0,
          0,
          0,
          0,
          67
        ],
        [
          0,
          0,
          17,
          0,
          6
        ],
        [
          0,
          0,
          1,
          0,
          161
        ],
        [
          0,
          0,
          4,
          0,
          11
        ],
        [
          0,
          0,
          0,
          0,
          328
        ]
      ],
      "epoch_time": 1.8282485008239746,
      "learning_rate": 1.5e-05
    },
    {
      "epoch": 19,
      "train_loss": 6.141697058806548,
      "train_acc": 55.74324324324324,
      "val_loss": 0.649130231142044,
      "val_acc": 55.46218487394958,
      "timestamp": "2025-08-30 09:55:03",
      "train_f1": 42.019000555664,
      "train_recall": 55.74324324324324,
      "val_f1": 40.76945516945516,
      "val_recall": 55.46218487394958,
      "confusion_matrix": [
        [
          0,
          0,
          0,
          0,
          67
        ],
        [
          0,
          0,
          17,
          0,
          6
        ],
        [
          0,
          0,
          2,
          0,
          160
        ],
        [
          0,
          0,
          4,
          0,
          11
        ],
        [
          0,
          0,
          0,
          0,
          328
        ]
      ],
      "epoch_time": 1.8237111568450928,
      "learning_rate": 1.5e-05
    },
    {
      "epoch": 20,
      "train_loss": 6.064632890997706,
      "train_acc": 55.36317567567568,
      "val_loss": 0.6427191734313965,
      "val_acc": 55.63025210084034,
      "timestamp": "2025-08-30 09:55:05",
      "train_f1": 41.7317054913627,
      "train_recall": 55.36317567567568,
      "val_f1": 41.14384517309895,
      "val_recall": 55.63025210084034,
      "confusion_matrix": [
        [
          0,
          0,
          0,
          0,
          67
        ],
        [
          0,
          0,
          18,
          0,
          5
        ],
        [
          0,
          0,
          3,
          0,
          159
        ],
        [
          0,
          0,
          4,
          0,
          11
        ],
        [
          0,
          0,
          0,
          0,
          328
        ]
      ],
      "epoch_time": 1.832768201828003,
      "learning_rate": 1.5e-05
    },
    {
      "epoch": 21,
      "train_loss": 5.93881194494866,
      "train_acc": 55.701013513513516,
      "val_loss": 0.6368663132190704,
      "val_acc": 55.96638655462185,
      "timestamp": "2025-08-30 09:55:07",
      "train_f1": 42.395148382893474,
      "train_recall": 55.70101351351351,
      "val_f1": 41.800720288115244,
      "val_recall": 55.96638655462185,
      "confusion_matrix": [
        [
          0,
          0,
          0,
          0,
          67
        ],
        [
          0,
          0,
          18,
          0,
          5
        ],
        [
          0,
          0,
          5,
          0,
          157
        ],
        [
          0,
          0,
          4,
          0,
          11
        ],
        [
          0,
          0,
          0,
          0,
          328
        ]
      ],
      "epoch_time": 2.1246044635772705,
      "learning_rate": 1.5e-05
    },
    {
      "epoch": 22,
      "train_loss": 5.859932140724079,
      "train_acc": 55.616554054054056,
      "val_loss": 0.631400465965271,
      "val_acc": 56.30252100840336,
      "timestamp": "2025-08-30 09:55:09",
      "train_f1": 42.479223756307746,
      "train_recall": 55.616554054054056,
      "val_f1": 42.708408991004504,
      "val_recall": 56.30252100840336,
      "confusion_matrix": [
        [
          0,
          0,
          1,
          0,
          66
        ],
        [
          0,
          0,
          18,
          0,
          5
        ],
        [
          0,
          0,
          8,
          0,
          154
        ],
        [
          0,
          0,
          4,
          0,
          11
        ],
        [
          0,
          0,
          1,
          0,
          327
        ]
      ],
      "epoch_time": 1.8483026027679443,
      "learning_rate": 1.5e-05
    },
    {
      "epoch": 23,
      "train_loss": 5.815885856344893,
      "train_acc": 55.954391891891895,
      "val_loss": 0.6263081908226014,
      "val_acc": 56.134453781512605,
      "timestamp": "2025-08-30 09:55:11",
      "train_f1": 43.10195310817988,
      "train_recall": 55.954391891891895,
      "val_f1": 42.61847867928502,
      "val_recall": 56.134453781512605,
      "confusion_matrix": [
        [
          0,
          0,
          1,
          0,
          66
        ],
        [
          0,
          0,
          18,
          0,
          5
        ],
        [
          0,
          0,
          8,
          0,
          154
        ],
        [
          0,
          0,
          4,
          0,
          11
        ],
        [
          0,
          0,
          2,
          0,
          326
        ]
      ],
      "epoch_time": 1.8417644500732422,
      "learning_rate": 7.5e-06
    },
    {
      "epoch": 24,
      "train_loss": 5.848966029850212,
      "train_acc": 55.616554054054056,
      "val_loss": 0.6239202678203583,
      "val_acc": 56.470588235294116,
      "timestamp": "2025-08-30 09:55:13",
      "train_f1": 42.73231418118312,
      "train_recall": 55.616554054054056,
      "val_f1": 43.27125623232792,
      "val_recall": 56.470588235294116,
      "confusion_matrix": [
        [
          0,
          0,
          1,
          0,
          66
        ],
        [
          0,
          0,
          18,
          0,
          5
        ],
        [
          0,
          0,
          10,
          0,
          152
        ],
        [
          0,
          0,
          5,
          0,
          10
        ],
        [
          0,
          0,
          2,
          0,
          326
        ]
      ],
      "epoch_time": 1.8572309017181396,
      "learning_rate": 7.5e-06
    },
    {
      "epoch": 25,
      "train_loss": 5.814388478124464,
      "train_acc": 55.91216216216216,
      "val_loss": 0.6216004908084869,
      "val_acc": 56.470588235294116,
      "timestamp": "2025-08-30 09:55:15",
      "train_f1": 43.230339468110216,
      "train_recall": 55.91216216216216,
      "val_f1": 43.27125623232792,
      "val_recall": 56.470588235294116,
      "confusion_matrix": [
        [
          0,
          0,
          1,
          0,
          66
        ],
        [
          0,
          0,
          18,
          0,
          5
        ],
        [
          0,
          0,
          10,
          0,
          152
        ],
        [
          0,
          0,
          5,
          0,
          10
        ],
        [
          0,
          0,
          2,
          0,
          326
        ]
      ],
      "epoch_time": 1.820178508758545,
      "learning_rate": 7.5e-06
    },
    {
      "epoch": 26,
      "train_loss": 5.91621699204316,
      "train_acc": 55.954391891891895,
      "val_loss": 0.6193486630916596,
      "val_acc": 56.470588235294116,
      "timestamp": "2025-08-30 09:55:17",
      "train_f1": 43.70372007117876,
      "train_recall": 55.954391891891895,
      "val_f1": 43.27125623232792,
      "val_recall": 56.470588235294116,
      "confusion_matrix": [
        [
          0,
          0,
          1,
          0,
          66
        ],
        [
          0,
          0,
          18,
          0,
          5
        ],
        [
          0,
          0,
          10,
          0,
          152
        ],
        [
          0,
          0,
          5,
          0,
          10
        ],
        [
          0,
          0,
          2,
          0,
          326
        ]
      ],
      "epoch_time": 1.8476171493530273,
      "learning_rate": 7.5e-06
    },
    {
      "epoch": 27,
      "train_loss": 5.799133155796979,
      "train_acc": 56.207770270270274,
      "val_loss": 0.617161238193512,
      "val_acc": 56.470588235294116,
      "timestamp": "2025-08-30 09:55:19",
      "train_f1": 43.95829253597698,
      "train_recall": 56.207770270270274,
      "val_f1": 43.27125623232792,
      "val_recall": 56.470588235294116,
      "confusion_matrix": [
        [
          0,
          0,
          1,
          0,
          66
        ],
        [
          0,
          0,
          18,
          0,
          5
        ],
        [
          0,
          0,
          10,
          0,
          152
        ],
        [
          0,
          0,
          5,
          0,
          10
        ],
        [
          0,
          0,
          2,
          0,
          326
        ]
      ],
      "epoch_time": 1.855212688446045,
      "learning_rate": 7.5e-06
    },
    {
      "epoch": 28,
      "train_loss": 5.782903054276028,
      "train_acc": 56.50337837837838,
      "val_loss": 0.6150408446788788,
      "val_acc": 56.470588235294116,
      "timestamp": "2025-08-30 09:55:21",
      "train_f1": 44.78110945285653,
      "train_recall": 56.50337837837838,
      "val_f1": 43.27125623232792,
      "val_recall": 56.470588235294116,
      "confusion_matrix": [
        [
          0,
          0,
          1,
          0,
          66
        ],
        [
          0,
          0,
          18,
          0,
          5
        ],
        [
          0,
          0,
          10,
          0,
          152
        ],
        [
          0,
          0,
          5,
          0,
          10
        ],
        [
          0,
          0,
          2,
          0,
          326
        ]
      ],
      "epoch_time": 1.8148324489593506,
      "learning_rate": 7.5e-06
    },
    {
      "epoch": 29,
      "train_loss": 5.757288915079993,
      "train_acc": 56.25,
      "val_loss": 0.612967723608017,
      "val_acc": 56.80672268907563,
      "timestamp": "2025-08-30 09:55:23",
      "train_f1": 44.407014671544935,
      "train_recall": 56.25,
      "val_f1": 43.9095522047544,
      "val_recall": 56.80672268907563,
      "confusion_matrix": [
        [
          0,
          0,
          1,
          0,
          66
        ],
        [
          0,
          0,
          19,
          0,
          4
        ],
        [
          0,
          0,
          12,
          0,
          150
        ],
        [
          0,
          0,
          5,
          0,
          10
        ],
        [
          0,
          0,
          2,
          0,
          326
        ]
      ],
      "epoch_time": 1.8042597770690918,
      "learning_rate": 7.5e-06
    },
    {
      "epoch": 30,
      "train_loss": 5.676152686815004,
      "train_acc": 56.545608108108105,
      "val_loss": 0.610931259393692,
      "val_acc": 57.3109243697479,
      "timestamp": "2025-08-30 09:55:25",
      "train_f1": 45.10410539278835,
      "train_recall": 56.545608108108105,
      "val_f1": 44.82781493972312,
      "val_recall": 57.310924369747895,
      "confusion_matrix": [
        [
          0,
          0,
          2,
          0,
          65
        ],
        [
          0,
          0,
          19,
          0,
          4
        ],
        [
          0,
          0,
          15,
          0,
          147
        ],
        [
          0,
          0,
          5,
          0,
          10
        ],
        [
          0,
          0,
          2,
          0,
          326
        ]
      ],
      "class_accuracies": {
        "class_0": 0.0,
        "class_1": 0.0,
        "class_2": 9.25925925925926,
        "class_3": 0.0,
        "class_4": 99.39024390243902
      },
      "epoch_time": 1.9726386070251465,
      "learning_rate": 7.5e-06
    },
    {
      "epoch": 31,
      "train_loss": 5.70754768397357,
      "train_acc": 56.58783783783784,
      "val_loss": 0.6089201152324677,
      "val_acc": 57.47899159663866,
      "timestamp": "2025-08-30 09:55:27",
      "train_f1": 45.30514587862949,
      "train_recall": 56.58783783783784,
      "val_f1": 45.11927757285359,
      "val_recall": 57.47899159663865,
      "confusion_matrix": [
        [
          0,
          0,
          2,
          0,
          65
        ],
        [
          0,
          0,
          19,
          0,
          4
        ],
        [
          0,
          0,
          16,
          0,
          146
        ],
        [
          0,
          0,
          5,
          0,
          10
        ],
        [
          0,
          0,
          2,
          0,
          326
        ]
      ],
      "class_accuracies": {
        "class_0": 0.0,
        "class_1": 0.0,
        "class_2": 9.876543209876543,
        "class_3": 0.0,
        "class_4": 99.39024390243902
      },
      "epoch_time": 2.100877523422241,
      "learning_rate": 7.5e-06
    },
    {
      "epoch": 32,
      "train_loss": 5.621026390307659,
      "train_acc": 55.869932432432435,
      "val_loss": 0.6069372415542602,
      "val_acc": 57.3109243697479,
      "timestamp": "2025-08-30 09:55:29",
      "train_f1": 44.0624269728382,
      "train_recall": 55.869932432432435,
      "val_f1": 45.20742923898274,
      "val_recall": 57.310924369747895,
      "confusion_matrix": [
        [
          0,
          0,
          2,
          0,
          65
        ],
        [
          0,
          0,
          19,
          0,
          4
        ],
        [
          0,
          0,
          17,
          0,
          145
        ],
        [
          0,
          0,
          5,
          0,
          10
        ],
        [
          0,
          0,
          4,
          0,
          324
        ]
      ],
      "epoch_time": 1.8629720211029053,
      "learning_rate": 7.5e-06
    },
    {
      "epoch": 33,
      "train_loss": 5.616122385940036,
      "train_acc": 55.616554054054056,
      "val_loss": 0.6050030708312988,
      "val_acc": 57.142857142857146,
      "timestamp": "2025-08-30 09:55:31",
      "train_f1": 44.210885294944845,
      "train_recall": 55.616554054054056,
      "val_f1": 45.31408635298027,
      "val_recall": 57.14285714285714,
      "confusion_matrix": [
        [
          0,
          0,
          3,
          0,
          64
        ],
        [
          0,
          0,
          19,
          0,
          4
        ],
        [
          0,
          0,
          18,
          0,
          144
        ],
        [
          0,
          0,
          5,
          0,
          10
        ],
        [
          0,
          0,
          6,
          0,
          322
        ]
      ],
      "epoch_time": 1.8310775756835938,
      "learning_rate": 7.5e-06
    },
    {
      "epoch": 34,
      "train_loss": 5.697113931179047,
      "train_acc": 56.33445945945946,
      "val_loss": 0.6031349122524261,
      "val_acc": 57.142857142857146,
      "timestamp": "2025-08-30 09:55:33",
      "train_f1": 45.528982409750405,
      "train_recall": 56.33445945945946,
      "val_f1": 45.49141805880331,
      "val_recall": 57.14285714285714,
      "confusion_matrix": [
        [
          0,
          0,
          3,
          0,
          64
        ],
        [
          0,
          0,
          19,
          0,
          4
        ],
        [
          0,
          0,
          19,
          0,
          143
        ],
        [
          0,
          0,
          5,
          0,
          10
        ],
        [
          0,
          0,
          7,
          0,
          321
        ]
      ],
      "epoch_time": 1.848433017730713,
      "learning_rate": 3.75e-06
    },
    {
      "epoch": 35,
      "train_loss": 5.700344794505352,
      "train_acc": 56.798986486486484,
      "val_loss": 0.6022250771522522,
      "val_acc": 56.80672268907563,
      "timestamp": "2025-08-30 09:55:35",
      "train_f1": 45.834501161991135,
      "train_recall": 56.79898648648649,
      "val_f1": 45.28675986523642,
      "val_recall": 56.80672268907563,
      "confusion_matrix": [
        [
          0,
          0,
          3,
          0,
          64
        ],
        [
          0,
          0,
          19,
          0,
          4
        ],
        [
          0,
          0,
          19,
          0,
          143
        ],
        [
          0,
          0,
          5,
          0,
          10
        ],
        [
          0,
          0,
          9,
          0,
          319
        ]
      ],
      "epoch_time": 1.774357795715332,
      "learning_rate": 3.75e-06
    },
    {
      "epoch": 36,
      "train_loss": 5.620009805705096,
      "train_acc": 57.01013513513514,
      "val_loss": 0.6013281881809235,
      "val_acc": 56.97478991596638,
      "timestamp": "2025-08-30 09:55:37",
      "train_f1": 46.08157421228564,
      "train_recall": 57.01013513513513,
      "val_f1": 45.56141163808148,
      "val_recall": 56.97478991596638,
      "confusion_matrix": [
        [
          0,
          0,
          3,
          0,
          64
        ],
        [
          0,
          0,
          19,
          0,
          4
        ],
        [
          0,
          0,
          20,
          0,
          142
        ],
        [
          0,
          0,
          5,
          0,
          10
        ],
        [
          0,
          0,
          9,
          0,
          319
        ]
      ],
      "epoch_time": 1.9009459018707275,
      "learning_rate": 3.75e-06
    },
    {
      "epoch": 37,
      "train_loss": 5.615145692954192,
      "train_acc": 56.41891891891892,
      "val_loss": 0.6004474580287933,
      "val_acc": 56.97478991596638,
      "timestamp": "2025-08-30 09:55:39",
      "train_f1": 45.74077192552632,
      "train_recall": 56.41891891891891,
      "val_f1": 45.72984716745342,
      "val_recall": 56.97478991596638,
      "confusion_matrix": [
        [
          0,
          0,
          3,
          0,
          64
        ],
        [
          0,
          0,
          19,
          0,
          4
        ],
        [
          0,
          0,
          21,
          0,
          141
        ],
        [
          0,
          0,
          5,
          0,
          10
        ],
        [
          0,
          0,
          10,
          0,
          318
        ]
      ],
      "epoch_time": 1.894315481185913,
      "learning_rate": 3.75e-06
    },
    {
      "epoch": 38,
      "train_loss": 5.5510489602346675,
      "train_acc": 56.16554054054054,
      "val_loss": 0.5995806753635406,
      "val_acc": 56.97478991596638,
      "timestamp": "2025-08-30 09:55:41",
      "train_f1": 45.31948070354559,
      "train_recall": 56.16554054054054,
      "val_f1": 45.72984716745342,
      "val_recall": 56.97478991596638,
      "confusion_matrix": [
        [
          0,
          0,
          3,
          0,
          64
        ],
        [
          0,
          0,
          19,
          0,
          4
        ],
        [
          0,
          0,
          21,
          0,
          141
        ],
        [
          0,
          0,
          5,
          0,
          10
        ],
        [
          0,
          0,
          10,
          0,
          318
        ]
      ],
      "epoch_time": 1.8636136054992676,
      "learning_rate": 3.75e-06
    },
    {
      "epoch": 39,
      "train_loss": 5.64793498612739,
      "train_acc": 57.01013513513514,
      "val_loss": 0.598732054233551,
      "val_acc": 56.80672268907563,
      "timestamp": "2025-08-30 09:55:43",
      "train_f1": 46.310165525587735,
      "train_recall": 57.01013513513513,
      "val_f1": 45.62563285746677,
      "val_recall": 56.80672268907563,
      "confusion_matrix": [
        [
          0,
          0,
          3,
          0,
          64
        ],
        [
          0,
          0,
          19,
          0,
          4
        ],
        [
          0,
          0,
          21,
          0,
          141
        ],
        [
          0,
          0,
          5,
          0,
          10
        ],
        [
          0,
          0,
          11,
          0,
          317
        ]
      ],
      "epoch_time": 1.8450384140014648,
      "learning_rate": 3.75e-06
    },
    {
      "epoch": 40,
      "train_loss": 5.603988143237862,
      "train_acc": 56.461148648648646,
      "val_loss": 0.5978950321674347,
      "val_acc": 56.80672268907563,
      "timestamp": "2025-08-30 09:55:45",
      "train_f1": 45.875592622842795,
      "train_recall": 56.46114864864865,
      "val_f1": 45.62563285746677,
      "val_recall": 56.80672268907563,
      "confusion_matrix": [
        [
          0,
          0,
          3,
          0,
          64
        ],
        [
          0,
          0,
          19,
          0,
          4
        ],
        [
          0,
          0,
          21,
          0,
          141
        ],
        [
          0,
          0,
          5,
          0,
          10
        ],
        [
          0,
          0,
          11,
          0,
          317
        ]
      ],
      "epoch_time": 2.1167101860046387,
      "learning_rate": 3.75e-06
    },
    {
      "epoch": 41,
      "train_loss": 5.610377023348937,
      "train_acc": 56.376689189189186,
      "val_loss": 0.5970725655555725,
      "val_acc": 56.97478991596638,
      "timestamp": "2025-08-30 09:55:47",
      "train_f1": 45.75675809490619,
      "train_recall": 56.376689189189186,
      "val_f1": 45.894485193783126,
      "val_recall": 56.97478991596638,
      "confusion_matrix": [
        [
          0,
          0,
          3,
          0,
          64
        ],
        [
          0,
          0,
          19,
          0,
          4
        ],
        [
          0,
          0,
          22,
          0,
          140
        ],
        [
          0,
          0,
          5,
          0,
          10
        ],
        [
          0,
          0,
          11,
          0,
          317
        ]
      ],
      "epoch_time": 1.820343017578125,
      "learning_rate": 3.75e-06
    },
    {
      "epoch": 42,
      "train_loss": 5.623171306139714,
      "train_acc": 56.50337837837838,
      "val_loss": 0.5962670981884003,
      "val_acc": 56.80672268907563,
      "timestamp": "2025-08-30 09:55:49",
      "train_f1": 45.73015068753477,
      "train_recall": 56.50337837837838,
      "val_f1": 45.94942349032636,
      "val_recall": 56.80672268907563,
      "confusion_matrix": [
        [
          0,
          0,
          3,
          0,
          64
        ],
        [
          0,
          0,
          19,
          0,
          4
        ],
        [
          0,
          0,
          23,
          0,
          139
        ],
        [
          0,
          0,
          5,
          0,
          10
        ],
        [
          0,
          0,
          13,
          0,
          315
        ]
      ],
      "epoch_time": 1.7825462818145752,
      "learning_rate": 3.75e-06
    },
    {
      "epoch": 43,
      "train_loss": 5.552937195913212,
      "train_acc": 56.33445945945946,
      "val_loss": 0.5954732596874237,
      "val_acc": 56.63865546218487,
      "timestamp": "2025-08-30 09:55:51",
      "train_f1": 45.18397170663764,
      "train_recall": 56.33445945945946,
      "val_f1": 45.84345578506676,
      "val_recall": 56.63865546218487,
      "confusion_matrix": [
        [
          0,
          0,
          3,
          0,
          64
        ],
        [
          0,
          0,
          19,
          0,
          4
        ],
        [
          0,
          0,
          23,
          0,
          139
        ],
        [
          0,
          0,
          5,
          0,
          10
        ],
        [
          0,
          0,
          14,
          0,
          314
        ]
      ],
      "epoch_time": 1.8056113719940186,
      "learning_rate": 3.75e-06
    },
    {
      "epoch": 44,
      "train_loss": 5.5839792683317855,
      "train_acc": 56.123310810810814,
      "val_loss": 0.5946892917156219,
      "val_acc": 56.63865546218487,
      "timestamp": "2025-08-30 09:55:53",
      "train_f1": 45.816066561927,
      "train_recall": 56.123310810810814,
      "val_f1": 45.84345578506676,
      "val_recall": 56.63865546218487,
      "confusion_matrix": [
        [
          0,
          0,
          3,
          0,
          64
        ],
        [
          0,
          0,
          19,
          0,
          4
        ],
        [
          0,
          0,
          23,
          0,
          139
        ],
        [
          0,
          0,
          5,
          0,
          10
        ],
        [
          0,
          0,
          14,
          0,
          314
        ]
      ],
      "epoch_time": 1.7916240692138672,
      "learning_rate": 3.75e-06
    },
    {
      "epoch": 45,
      "train_loss": 5.58953827458459,
      "train_acc": 56.58783783783784,
      "val_loss": 0.5939211487770081,
      "val_acc": 56.63865546218487,
      "timestamp": "2025-08-30 09:55:55",
      "train_f1": 46.11479949434993,
      "train_recall": 56.58783783783784,
      "val_f1": 45.888896859486906,
      "val_recall": 56.63865546218487,
      "confusion_matrix": [
        [
          0,
          0,
          5,
          0,
          62
        ],
        [
          0,
          0,
          19,
          0,
          4
        ],
        [
          0,
          0,
          23,
          0,
          139
        ],
        [
          0,
          0,
          5,
          0,
          10
        ],
        [
          0,
          0,
          14,
          0,
          314
        ]
      ],
      "epoch_time": 1.8070814609527588,
      "learning_rate": 1.875e-06
    },
    {
      "epoch": 46,
      "train_loss": 5.461889892011075,
      "train_acc": 56.33445945945946,
      "val_loss": 0.5935419738292694,
      "val_acc": 56.63865546218487,
      "timestamp": "2025-08-30 09:55:57",
      "train_f1": 45.843634004584125,
      "train_recall": 56.33445945945946,
      "val_f1": 45.888896859486906,
      "val_recall": 56.63865546218487,
      "confusion_matrix": [
        [
          0,
          0,
          5,
          0,
          62
        ],
        [
          0,
          0,
          19,
          0,
          4
        ],
        [
          0,
          0,
          23,
          0,
          139
        ],
        [
          0,
          0,
          5,
          0,
          10
        ],
        [
          0,
          0,
          14,
          0,
          314
        ]
      ],
      "epoch_time": 1.7909188270568848,
      "learning_rate": 1.875e-06
    },
    {
      "epoch": 47,
      "train_loss": 5.525817025352168,
      "train_acc": 56.41891891891892,
      "val_loss": 0.5931668698787689,
      "val_acc": 56.80672268907563,
      "timestamp": "2025-08-30 09:55:59",
      "train_f1": 46.272287227561534,
      "train_recall": 56.41891891891891,
      "val_f1": 46.17237894394982,
      "val_recall": 56.80672268907563,
      "confusion_matrix": [
        [
          0,
          0,
          5,
          0,
          62
        ],
        [
          0,
          0,
          19,
          0,
          4
        ],
        [
          0,
          0,
          24,
          0,
          138
        ],
        [
          0,
          0,
          6,
          0,
          9
        ],
        [
          0,
          0,
          14,
          0,
          314
        ]
      ],
      "epoch_time": 1.8847718238830566,
      "learning_rate": 1.875e-06
    },
    {
      "epoch": 48,
      "train_loss": 5.5149069347897095,
      "train_acc": 56.292229729729726,
      "val_loss": 0.5927945077419281,
      "val_acc": 56.80672268907563,
      "timestamp": "2025-08-30 09:56:01",
      "train_f1": 45.79487520084642,
      "train_recall": 56.292229729729726,
      "val_f1": 46.17237894394982,
      "val_recall": 56.80672268907563,
      "confusion_matrix": [
        [
          0,
          0,
          5,
          0,
          62
        ],
        [
          0,
          0,
          19,
          0,
          4
        ],
        [
          0,
          0,
          24,
          0,
          138
        ],
        [
          0,
          0,
          6,
          0,
          9
        ],
        [
          0,
          0,
          14,
          0,
          314
        ]
      ],
      "epoch_time": 1.8001701831817627,
      "learning_rate": 1.875e-06
    },
    {
      "epoch": 49,
      "train_loss": 5.597513914913745,
      "train_acc": 56.376689189189186,
      "val_loss": 0.5924243628978729,
      "val_acc": 56.80672268907563,
      "timestamp": "2025-08-30 09:56:03",
      "train_f1": 46.13707454666008,
      "train_recall": 56.376689189189186,
      "val_f1": 46.17237894394982,
      "val_recall": 56.80672268907563,
      "confusion_matrix": [
        [
          0,
          0,
          5,
          0,
          62
        ],
        [
          0,
          0,
          19,
          0,
          4
        ],
        [
          0,
          0,
          24,
          0,
          138
        ],
        [
          0,
          0,
          6,
          0,
          9
        ],
        [
          0,
          0,
          14,
          0,
          314
        ]
      ],
      "epoch_time": 1.8975074291229248,
      "learning_rate": 1.875e-06
    },
    {
      "epoch": 50,
      "train_loss": 5.532524949795491,
      "train_acc": 57.263513513513516,
      "val_loss": 0.5920558393001556,
      "val_acc": 56.80672268907563,
      "timestamp": "2025-08-30 09:56:05",
      "train_f1": 47.1710630007357,
      "train_recall": 57.26351351351351,
      "val_f1": 46.17237894394982,
      "val_recall": 56.80672268907563,
      "confusion_matrix": [
        [
          0,
          0,
          5,
          0,
          62
        ],
        [
          0,
          0,
          19,
          0,
          4
        ],
        [
          0,
          0,
          24,
          0,
          138
        ],
        [
          0,
          0,
          6,
          0,
          9
        ],
        [
          0,
          0,
          14,
          0,
          314
        ]
      ],
      "epoch_time": 2.0962846279144287,
      "learning_rate": 1.875e-06
    }
  ]
}