{
  "dataset": "ASAS",
  "model_type": "geometric",
  "sde_config": 1,
  "start_time": "20250830_095432",
  "date": "20250830",
  "epochs": [
    {
      "epoch": 1,
      "train_loss": 9.267788927297335,
      "train_acc": 15.66722972972973,
      "val_loss": 0.9614230453968048,
      "val_acc": 28.067226890756302,
      "timestamp": "2025-08-30 10:10:58",
      "train_f1": 10.521931749979288,
      "train_recall": 15.667229729729728,
      "val_f1": 13.024670827028432,
      "val_recall": 28.067226890756302,
      "confusion_matrix": [
        [
          0,
          0,
          67,
          0,
          0
        ],
        [
          0,
          5,
          18,
          0,
          0
        ],
        [
          0,
          0,
          162,
          0,
          0
        ],
        [
          0,
          3,
          12,
          0,
          0
        ],
        [
          0,
          0,
          328,
          0,
          0
        ]
      ],
      "class_accuracies": {
        "class_0": 0.0,
        "class_1": 21.73913043478261,
        "class_2": 100.0,
        "class_3": 0.0,
        "class_4": 0.0
      },
      "epoch_time": 985.8193354606628,
      "learning_rate": 3e-05
    }
  ]
}