{
  "dataset": "ASAS",
  "model_type": "langevin",
  "sde_config": 1,
  "start_time": "20250830_095422",
  "date": "20250830",
  "epochs": [
    {
      "epoch": 1,
      "train_loss": 9.09658881135889,
      "train_acc": 33.61486486486486,
      "val_loss": 0.956310260295868,
      "val_acc": 55.12605042016807,
      "timestamp": "2025-08-30 09:58:18",
      "train_f1": 35.75045493155049,
      "train_recall": 33.61486486486486,
      "val_f1": 40.3151494711597,
      "val_recall": 55.12605042016807,
      "confusion_matrix": [
        [
          0,
          0,
          2,
          0,
          65
        ],
        [
          4,
          0,
          16,
          0,
          3
        ],
        [
          0,
          0,
          0,
          0,
          162
        ],
        [
          4,
          0,
          0,
          0,
          11
        ],
        [
          0,
          0,
          0,
          0,
          328
        ]
      ],
      "class_accuracies": {
        "class_0": 0.0,
        "class_1": 0.0,
        "class_2": 0.0,
        "class_3": 0.0,
        "class_4": 100.0
      },
      "epoch_time": 235.66716647148132,
      "learning_rate": 3e-05
    },
    {
      "epoch": 2,
      "train_loss": 8.945206658260242,
      "train_acc": 42.1875,
      "val_loss": 0.9421707272529602,
      "val_acc": 55.12605042016807,
      "timestamp": "2025-08-30 10:01:03",
      "train_f1": 40.024074788337046,
      "train_recall": 42.18750000000001,
      "val_f1": 39.69559722901235,
      "val_recall": 55.12605042016807,
      "confusion_matrix": [
        [
          0,
          0,
          0,
          0,
          67
        ],
        [
          2,
          0,
          6,
          0,
          15
        ],
        [
          0,
          0,
          0,
          0,
          162
        ],
        [
          4,
          0,
          0,
          0,
          11
        ],
        [
          0,
          0,
          0,
          0,
          328
        ]
      ],
      "epoch_time": 164.2886185646057,
      "learning_rate": 3e-05
    },
    {
      "epoch": 3,
      "train_loss": 8.712800837851859,
      "train_acc": 48.817567567567565,
      "val_loss": 0.9310799300670624,
      "val_acc": 55.12605042016807,
      "timestamp": "2025-08-30 10:02:18",
      "train_f1": 41.898152188167316,
      "train_recall": 48.817567567567565,
      "val_f1": 39.35004251972824,
      "val_recall": 55.12605042016807,
      "confusion_matrix": [
        [
          0,
          0,
          0,
          0,
          67
        ],
        [
          1,
          0,
          0,
          0,
          22
        ],
        [
          0,
          0,
          0,
          0,
          162
        ],
        [
          3,
          0,
          0,
          0,
          12
        ],
        [
          0,
          0,
          0,
          0,
          328
        ]
      ],
      "epoch_time": 74.7656786441803,
      "learning_rate": 3e-05
    },
    {
      "epoch": 4,
      "train_loss": 8.702410596448022,
      "train_acc": 51.773648648648646,
      "val_loss": 0.9222705841064454,
      "val_acc": 55.12605042016807,
      "timestamp": "2025-08-30 10:04:49",
      "train_f1": 42.735794410796544,
      "train_recall": 51.77364864864865,
      "val_f1": 39.30727073438071,
      "val_recall": 55.12605042016807,
      "confusion_matrix": [
        [
          0,
          0,
          0,
          0,
          67
        ],
        [
          0,
          0,
          0,
          0,
          23
        ],
        [
          0,
          0,
          0,
          0,
          162
        ],
        [
          3,
          0,
          0,
          0,
          12
        ],
        [
          0,
          0,
          0,
          0,
          328
        ]
      ],
      "epoch_time": 150.98253655433655,
      "learning_rate": 3e-05
    }
  ]
}