{
  "dataset": "ASAS",
  "model_type": "langevin",
  "sde_config": 1,
  "start_time": "20250829_184342",
  "date": "20250829",
  "epochs": [
    {
      "epoch": 1,
      "train_loss": 8.796873037879532,
      "train_acc": 47.63513513513514,
      "val_loss": 0.8750309348106384,
      "val_acc": 56.63865546218487,
      "timestamp": "2025-08-29 18:46:07",
      "train_f1": 44.71913376189286,
      "train_recall": 47.63513513513514,
      "val_f1": 45.25777619725542,
      "val_recall": 56.63865546218487,
      "confusion_matrix": [
        [
          2,
          0,
          39,
          0,
          26
        ],
        [
          4,
          6,
          11,
          2,
          0
        ],
        [
          0,
          0,
          0,
          0,
          162
        ],
        [
          0,
          0,
          4,
          3,
          8
        ],
        [
          0,
          0,
          2,
          0,
          326
        ]
      ],
      "class_accuracies": {
        "class_0": 2.9850746268656714,
        "class_1": 26.08695652173913,
        "class_2": 0.0,
        "class_3": 20.0,
        "class_4": 99.39024390243902
      },
      "epoch_time": 144.52027010917664,
      "learning_rate": 3e-05
    },
    {
      "epoch": 2,
      "train_loss": 8.17960047560769,
      "train_acc": 62.75337837837838,
      "val_loss": 0.8337032616138458,
      "val_acc": 69.5798319327731,
      "timestamp": "2025-08-29 18:49:43",
      "train_f1": 58.68142192356738,
      "train_recall": 62.75337837837838,
      "val_f1": 64.39227015467806,
      "val_recall": 69.5798319327731,
      "confusion_matrix": [
        [
          14,
          0,
          47,
          0,
          6
        ],
        [
          2,
          21,
          0,
          0,
          0
        ],
        [
          0,
          0,
          53,
          0,
          109
        ],
        [
          0,
          4,
          10,
          0,
          1
        ],
        [
          0,
          0,
          2,
          0,
          326
        ]
      ],
      "class_accuracies": {
        "class_0": 20.8955223880597,
        "class_1": 91.30434782608695,
        "class_2": 32.71604938271605,
        "class_3": 0.0,
        "class_4": 99.39024390243902
      },
      "epoch_time": 215.36122012138367,
      "learning_rate": 3e-05
    },
    {
      "epoch": 3,
      "train_loss": 7.809925304876791,
      "train_acc": 74.49324324324324,
      "val_loss": 0.7784415900707244,
      "val_acc": 90.58823529411765,
      "timestamp": "2025-08-29 18:51:57",
      "train_f1": 72.60459642897452,
      "train_recall": 74.49324324324324,
      "val_f1": 89.03815263553493,
      "val_recall": 90.58823529411765,
      "confusion_matrix": [
        [
          38,
          0,
          27,
          0,
          2
        ],
        [
          2,
          21,
          0,
          0,
          0
        ],
        [
          0,
          0,
          154,
          0,
          8
        ],
        [
          0,
          4,
          10,
          0,
          1
        ],
        [
          2,
          0,
          0,
          0,
          326
        ]
      ],
      "class_accuracies": {
        "class_0": 56.71641791044776,
        "class_1": 91.30434782608695,
        "class_2": 95.06172839506173,
        "class_3": 0.0,
        "class_4": 99.39024390243902
      },
      "epoch_time": 133.85733199119568,
      "learning_rate": 3e-05
    },
    {
      "epoch": 4,
      "train_loss": 7.476673554729771,
      "train_acc": 82.26351351351352,
      "val_loss": 0.741634076833725,
      "val_acc": 91.59663865546219,
      "timestamp": "2025-08-29 18:55:24",
      "train_f1": 81.39748571080631,
      "train_recall": 82.26351351351352,
      "val_f1": 90.25240409483749,
      "val_recall": 91.59663865546219,
      "confusion_matrix": [
        [
          43,
          1,
          23,
          0,
          0
        ],
        [
          2,
          21,
          0,
          0,
          0
        ],
        [
          0,
          0,
          156,
          0,
          6
        ],
        [
          10,
          4,
          0,
          0,
          1
        ],
        [
          2,
          0,
          1,
          0,
          325
        ]
      ],
      "class_accuracies": {
        "class_0": 64.17910447761194,
        "class_1": 91.30434782608695,
        "class_2": 96.29629629629629,
        "class_3": 0.0,
        "class_4": 99.08536585365853
      },
      "epoch_time": 205.8782992362976,
      "learning_rate": 3e-05
    }
  ]
}