{
  "dataset": "LINEAR",
  "model_type": "langevin",
  "sde_config": 1,
  "start_time": "20250830_092259",
  "date": "20250830",
  "epochs": [
    {
      "epoch": 1,
      "train_loss": 11.661480631278112,
      "train_acc": 87.95673076923077,
      "val_loss": 0.7069606149897856,
      "val_acc": 88.85686839577329,
      "timestamp": "2025-08-30 09:23:09",
      "train_f1": 86.43778807302787,
      "train_recall": 87.95673076923077,
      "val_f1": 86.42478543059954,
      "val_recall": 88.85686839577329,
      "confusion_matrix": [
        [
          0,
          0,
          28,
          28,
          6
        ],
        [
          0,
          19,
          0,
          0,
          0
        ],
        [
          1,
          0,
          402,
          15,
          2
        ],
        [
          0,
          0,
          5,
          158,
          1
        ],
        [
          0,
          2,
          10,
          18,
          346
        ]
      ],
      "class_accuracies": {
        "class_0": 0.0,
        "class_1": 100.0,
        "class_2": 95.71428571428572,
        "class_3": 96.34146341463415,
        "class_4": 92.02127659574468
      },
      "epoch_time": 9.547568321228027,
      "learning_rate": 3e-05
    },
    {
      "epoch": 2,
      "train_loss": 11.620208738400386,
      "train_acc": 88.14903846153847,
      "val_loss": 0.7506010216825149,
      "val_acc": 73.87127761767532,
      "timestamp": "2025-08-30 09:23:17",
      "train_f1": 86.75221735870979,
      "train_recall": 88.14903846153847,
      "val_f1": 74.55909178579438,
      "val_recall": 73.87127761767532,
      "confusion_matrix": [
        [
          0,
          0,
          25,
          27,
          10
        ],
        [
          0,
          19,
          0,
          0,
          0
        ],
        [
          0,
          0,
          365,
          51,
          4
        ],
        [
          0,
          0,
          4,
          145,
          15
        ],
        [
          0,
          114,
          8,
          14,
          240
        ]
      ],
      "epoch_time": 8.266231298446655,
      "learning_rate": 3e-05
    },
    {
      "epoch": 3,
      "train_loss": 11.622821120115427,
      "train_acc": 88.2451923076923,
      "val_loss": 0.7126850380617029,
      "val_acc": 87.223823246878,
      "timestamp": "2025-08-30 09:23:26",
      "train_f1": 86.43602794117096,
      "train_recall": 88.2451923076923,
      "val_f1": 85.7423373257339,
      "val_recall": 87.22382324687801,
      "confusion_matrix": [
        [
          5,
          0,
          21,
          26,
          10
        ],
        [
          0,
          19,
          0,
          0,
          0
        ],
        [
          7,
          0,
          382,
          27,
          4
        ],
        [
          0,
          0,
          4,
          154,
          6
        ],
        [
          2,
          4,
          8,
          14,
          348
        ]
      ],
      "epoch_time": 8.213916540145874,
      "learning_rate": 3e-05
    },
    {
      "epoch": 4,
      "train_loss": 11.618634710862086,
      "train_acc": 88.0048076923077,
      "val_loss": 0.7062859465094173,
      "val_acc": 88.76080691642652,
      "timestamp": "2025-08-30 09:23:34",
      "train_f1": 86.5502501212627,
      "train_recall": 88.0048076923077,
      "val_f1": 86.33077521480357,
      "val_recall": 88.76080691642652,
      "confusion_matrix": [
        [
          0,
          0,
          28,
          28,
          6
        ],
        [
          0,
          19,
          0,
          0,
          0
        ],
        [
          1,
          0,
          403,
          14,
          2
        ],
        [
          0,
          0,
          6,
          157,
          1
        ],
        [
          0,
          2,
          10,
          19,
          345
        ]
      ],
      "epoch_time": 8.205394983291626,
      "learning_rate": 3e-05
    },
    {
      "epoch": 5,
      "train_loss": 11.590575505219974,
      "train_acc": 88.50961538461539,
      "val_loss": 0.7062627427718219,
      "val_acc": 88.76080691642652,
      "timestamp": "2025-08-30 09:23:42",
      "train_f1": 86.80262227188848,
      "train_recall": 88.50961538461539,
      "val_f1": 87.15066410370578,
      "val_recall": 88.76080691642652,
      "confusion_matrix": [
        [
          5,
          0,
          23,
          27,
          7
        ],
        [
          0,
          19,
          0,
          0,
          0
        ],
        [
          7,
          0,
          397,
          14,
          2
        ],
        [
          0,
          0,
          6,
          157,
          1
        ],
        [
          1,
          3,
          9,
          17,
          346
        ]
      ],
      "epoch_time": 8.25716495513916,
      "learning_rate": 3e-05
    },
    {
      "epoch": 6,
      "train_loss": 11.524213495621314,
      "train_acc": 88.60576923076923,
      "val_loss": 0.7191296570441302,
      "val_acc": 84.24591738712776,
      "timestamp": "2025-08-30 09:23:51",
      "train_f1": 86.97135358481741,
      "train_recall": 88.60576923076923,
      "val_f1": 83.18622501454868,
      "val_recall": 84.24591738712776,
      "confusion_matrix": [
        [
          4,
          0,
          22,
          26,
          10
        ],
        [
          0,
          19,
          0,
          0,
          0
        ],
        [
          6,
          0,
          380,
          30,
          4
        ],
        [
          0,
          0,
          4,
          156,
          4
        ],
        [
          1,
          33,
          9,
          15,
          318
        ]
      ],
      "epoch_time": 8.261114835739136,
      "learning_rate": 3e-05
    },
    {
      "epoch": 7,
      "train_loss": 11.611000632322751,
      "train_acc": 88.38942307692308,
      "val_loss": 0.7091621055322535,
      "val_acc": 87.60806916426513,
      "timestamp": "2025-08-30 09:23:59",
      "train_f1": 86.7674149599942,
      "train_recall": 88.38942307692308,
      "val_f1": 86.379805857471,
      "val_recall": 87.60806916426513,
      "confusion_matrix": [
        [
          7,
          0,
          19,
          28,
          8
        ],
        [
          0,
          19,
          0,
          0,
          0
        ],
        [
          7,
          0,
          382,
          29,
          2
        ],
        [
          0,
          0,
          4,
          158,
          2
        ],
        [
          2,
          4,
          8,
          16,
          346
        ]
      ],
      "epoch_time": 8.115757465362549,
      "learning_rate": 3e-05
    },
    {
      "epoch": 8,
      "train_loss": 11.581513761557066,
      "train_acc": 88.07692307692308,
      "val_loss": 0.7068356836543364,
      "val_acc": 88.76080691642652,
      "timestamp": "2025-08-30 09:24:07",
      "train_f1": 86.58618387742027,
      "train_recall": 88.07692307692308,
      "val_f1": 86.7801715686173,
      "val_recall": 88.76080691642652,
      "confusion_matrix": [
        [
          3,
          0,
          24,
          27,
          8
        ],
        [
          0,
          19,
          0,
          0,
          0
        ],
        [
          3,
          0,
          399,
          16,
          2
        ],
        [
          0,
          0,
          5,
          158,
          1
        ],
        [
          0,
          4,
          10,
          17,
          345
        ]
      ],
      "epoch_time": 8.166550636291504,
      "learning_rate": 3e-05
    },
    {
      "epoch": 9,
      "train_loss": 11.620066769306476,
      "train_acc": 88.36538461538461,
      "val_loss": 0.7075289452777189,
      "val_acc": 88.2804995196926,
      "timestamp": "2025-08-30 09:24:16",
      "train_f1": 86.86034346640656,
      "train_recall": 88.36538461538461,
      "val_f1": 86.91485392593087,
      "val_recall": 88.2804995196926,
      "confusion_matrix": [
        [
          7,
          0,
          20,
          26,
          9
        ],
        [
          0,
          19,
          0,
          0,
          0
        ],
        [
          7,
          0,
          389,
          20,
          4
        ],
        [
          0,
          0,
          5,
          157,
          2
        ],
        [
          2,
          4,
          8,
          15,
          347
        ]
      ],
      "epoch_time": 8.189796924591064,
      "learning_rate": 3e-05
    },
    {
      "epoch": 10,
      "train_loss": 11.587560618840731,
      "train_acc": 88.29326923076923,
      "val_loss": 0.7071363294825834,
      "val_acc": 88.37656099903938,
      "timestamp": "2025-08-30 09:24:24",
      "train_f1": 87.0324227372924,
      "train_recall": 88.29326923076923,
      "val_f1": 86.4080848165421,
      "val_recall": 88.37656099903938,
      "confusion_matrix": [
        [
          3,
          0,
          24,
          27,
          8
        ],
        [
          0,
          19,
          0,
          0,
          0
        ],
        [
          2,
          0,
          395,
          21,
          2
        ],
        [
          0,
          0,
          5,
          157,
          2
        ],
        [
          0,
          4,
          10,
          16,
          346
        ]
      ],
      "epoch_time": 8.187739849090576,
      "learning_rate": 3e-05
    },
    {
      "epoch": 11,
      "train_loss": 11.57225095308744,
      "train_acc": 88.65384615384616,
      "val_loss": 0.7062456537695492,
      "val_acc": 89.04899135446686,
      "timestamp": "2025-08-30 09:24:32",
      "train_f1": 87.07129436465874,
      "train_recall": 88.65384615384615,
      "val_f1": 87.70768663568151,
      "val_recall": 89.04899135446685,
      "confusion_matrix": [
        [
          8,
          0,
          20,
          26,
          8
        ],
        [
          0,
          19,
          0,
          0,
          0
        ],
        [
          7,
          0,
          397,
          13,
          3
        ],
        [
          0,
          0,
          5,
          157,
          2
        ],
        [
          2,
          4,
          8,
          16,
          346
        ]
      ],
      "class_accuracies": {
        "class_0": 12.903225806451612,
        "class_1": 100.0,
        "class_2": 94.52380952380952,
        "class_3": 95.73170731707317,
        "class_4": 92.02127659574468
      },
      "epoch_time": 8.184327363967896,
      "learning_rate": 3e-05
    },
    {
      "epoch": 12,
      "train_loss": 11.544079862191127,
      "train_acc": 88.70192307692308,
      "val_loss": 0.7060850297703463,
      "val_acc": 88.95292987512008,
      "timestamp": "2025-08-30 09:24:41",
      "train_f1": 87.10213473333064,
      "train_recall": 88.70192307692307,
      "val_f1": 86.48067763481436,
      "val_recall": 88.95292987512008,
      "confusion_matrix": [
        [
          0,
          0,
          28,
          27,
          7
        ],
        [
          0,
          19,
          0,
          0,
          0
        ],
        [
          1,
          0,
          404,
          13,
          2
        ],
        [
          0,
          0,
          6,
          157,
          1
        ],
        [
          0,
          3,
          10,
          17,
          346
        ]
      ],
      "epoch_time": 8.222678661346436,
      "learning_rate": 3e-05
    },
    {
      "epoch": 13,
      "train_loss": 11.612307492586282,
      "train_acc": 88.41346153846153,
      "val_loss": 0.760011259247275,
      "val_acc": 76.36887608069165,
      "timestamp": "2025-08-30 09:24:49",
      "train_f1": 86.82584696843413,
      "train_recall": 88.41346153846153,
      "val_f1": 77.67172480830762,
      "val_recall": 76.36887608069163,
      "confusion_matrix": [
        [
          8,
          0,
          16,
          28,
          10
        ],
        [
          0,
          19,
          0,
          0,
          0
        ],
        [
          7,
          0,
          358,
          51,
          4
        ],
        [
          0,
          0,
          4,
          146,
          14
        ],
        [
          3,
          90,
          5,
          14,
          264
        ]
      ],
      "epoch_time": 8.208483457565308,
      "learning_rate": 1.5e-05
    },
    {
      "epoch": 14,
      "train_loss": 11.54795781649076,
      "train_acc": 88.60576923076923,
      "val_loss": 0.7203718774458941,
      "val_acc": 84.82228626320845,
      "timestamp": "2025-08-30 09:24:58",
      "train_f1": 87.49730505700116,
      "train_recall": 88.60576923076923,
      "val_f1": 84.31107756384763,
      "val_recall": 84.82228626320845,
      "confusion_matrix": [
        [
          8,
          0,
          19,
          26,
          9
        ],
        [
          0,
          19,
          0,
          0,
          0
        ],
        [
          7,
          0,
          387,
          23,
          3
        ],
        [
          0,
          0,
          5,
          157,
          2
        ],
        [
          3,
          39,
          7,
          15,
          312
        ]
      ],
      "epoch_time": 8.185211420059204,
      "learning_rate": 1.5e-05
    },
    {
      "epoch": 15,
      "train_loss": 11.50063934968068,
      "train_acc": 88.4375,
      "val_loss": 0.7106392453698551,
      "val_acc": 87.31988472622479,
      "timestamp": "2025-08-30 09:25:06",
      "train_f1": 87.25206574224225,
      "train_recall": 88.4375,
      "val_f1": 85.05746555537283,
      "val_recall": 87.31988472622479,
      "confusion_matrix": [
        [
          0,
          0,
          25,
          29,
          8
        ],
        [
          0,
          19,
          0,
          0,
          0
        ],
        [
          1,
          0,
          386,
          30,
          3
        ],
        [
          0,
          0,
          4,
          158,
          2
        ],
        [
          0,
          4,
          10,
          16,
          346
        ]
      ],
      "epoch_time": 8.22363805770874,
      "learning_rate": 1.5e-05
    },
    {
      "epoch": 16,
      "train_loss": 11.536673117600955,
      "train_acc": 88.9423076923077,
      "val_loss": 0.7069189548492432,
      "val_acc": 87.99231508165225,
      "timestamp": "2025-08-30 09:25:14",
      "train_f1": 87.43585681325375,
      "train_recall": 88.9423076923077,
      "val_f1": 86.77576216932648,
      "val_recall": 87.99231508165227,
      "confusion_matrix": [
        [
          8,
          0,
          19,
          27,
          8
        ],
        [
          0,
          19,
          0,
          0,
          0
        ],
        [
          5,
          0,
          386,
          26,
          3
        ],
        [
          0,
          0,
          5,
          157,
          2
        ],
        [
          3,
          4,
          7,
          16,
          346
        ]
      ],
      "epoch_time": 8.236826658248901,
      "learning_rate": 1.5e-05
    },
    {
      "epoch": 17,
      "train_loss": 11.557505081250117,
      "train_acc": 88.96634615384616,
      "val_loss": 0.7116925365784589,
      "val_acc": 86.83957732949088,
      "timestamp": "2025-08-30 09:25:23",
      "train_f1": 87.70298395201472,
      "train_recall": 88.96634615384616,
      "val_f1": 85.74921412248572,
      "val_recall": 86.83957732949087,
      "confusion_matrix": [
        [
          8,
          0,
          19,
          26,
          9
        ],
        [
          0,
          19,
          0,
          0,
          0
        ],
        [
          5,
          0,
          385,
          26,
          4
        ],
        [
          0,
          0,
          5,
          157,
          2
        ],
        [
          3,
          16,
          7,
          15,
          335
        ]
      ],
      "epoch_time": 8.185709953308105,
      "learning_rate": 1.5e-05
    },
    {
      "epoch": 18,
      "train_loss": 11.516401681533226,
      "train_acc": 88.48557692307692,
      "val_loss": 0.7061088646159452,
      "val_acc": 88.95292987512008,
      "timestamp": "2025-08-30 09:25:31",
      "train_f1": 87.11400985782441,
      "train_recall": 88.48557692307692,
      "val_f1": 87.86058891468977,
      "val_recall": 88.95292987512008,
      "confusion_matrix": [
        [
          10,
          0,
          19,
          25,
          8
        ],
        [
          0,
          19,
          0,
          0,
          0
        ],
        [
          9,
          0,
          396,
          13,
          2
        ],
        [
          0,
          0,
          7,
          156,
          1
        ],
        [
          3,
          4,
          7,
          17,
          345
        ]
      ],
      "epoch_time": 8.27831745147705,
      "learning_rate": 1.5e-05
    },
    {
      "epoch": 19,
      "train_loss": 11.53805750975242,
      "train_acc": 88.8701923076923,
      "val_loss": 0.706254945081823,
      "val_acc": 88.76080691642652,
      "timestamp": "2025-08-30 09:25:39",
      "train_f1": 87.49719136123437,
      "train_recall": 88.8701923076923,
      "val_f1": 87.1819615591099,
      "val_recall": 88.76080691642652,
      "confusion_matrix": [
        [
          6,
          0,
          21,
          27,
          8
        ],
        [
          0,
          19,
          0,
          0,
          0
        ],
        [
          2,
          0,
          395,
          21,
          2
        ],
        [
          0,
          0,
          5,
          158,
          1
        ],
        [
          2,
          4,
          8,
          16,
          346
        ]
      ],
      "epoch_time": 8.191030979156494,
      "learning_rate": 1.5e-05
    },
    {
      "epoch": 20,
      "train_loss": 11.521476698838747,
      "train_acc": 89.08653846153847,
      "val_loss": 0.7058385435272666,
      "val_acc": 88.76080691642652,
      "timestamp": "2025-08-30 09:25:48",
      "train_f1": 87.67938241746872,
      "train_recall": 89.08653846153847,
      "val_f1": 87.0467458794231,
      "val_recall": 88.76080691642652,
      "confusion_matrix": [
        [
          5,
          0,
          22,
          27,
          8
        ],
        [
          0,
          19,
          0,
          0,
          0
        ],
        [
          1,
          0,
          396,
          21,
          2
        ],
        [
          0,
          0,
          5,
          158,
          1
        ],
        [
          2,
          4,
          8,
          16,
          346
        ]
      ],
      "epoch_time": 8.210542440414429,
      "learning_rate": 1.5e-05
    },
    {
      "epoch": 21,
      "train_loss": 11.541591203212738,
      "train_acc": 88.99038461538461,
      "val_loss": 0.7096084251123316,
      "val_acc": 87.80019212295869,
      "timestamp": "2025-08-30 09:25:56",
      "train_f1": 87.48127179885614,
      "train_recall": 88.99038461538461,
      "val_f1": 86.4609631094732,
      "val_recall": 87.80019212295869,
      "confusion_matrix": [
        [
          7,
          0,
          20,
          26,
          9
        ],
        [
          0,
          19,
          0,
          0,
          0
        ],
        [
          3,
          0,
          394,
          20,
          3
        ],
        [
          0,
          0,
          5,
          157,
          2
        ],
        [
          3,
          14,
          7,
          15,
          337
        ]
      ],
      "epoch_time": 8.218302726745605,
      "learning_rate": 1.5e-05
    },
    {
      "epoch": 22,
      "train_loss": 11.533976214665634,
      "train_acc": 89.01442307692308,
      "val_loss": 0.7052097390679752,
      "val_acc": 89.04899135446686,
      "timestamp": "2025-08-30 09:26:05",
      "train_f1": 87.55231594846582,
      "train_recall": 89.01442307692308,
      "val_f1": 88.09777002060746,
      "val_recall": 89.04899135446685,
      "confusion_matrix": [
        [
          11,
          0,
          17,
          26,
          8
        ],
        [
          0,
          19,
          0,
          0,
          0
        ],
        [
          10,
          0,
          394,
          14,
          2
        ],
        [
          0,
          0,
          5,
          158,
          1
        ],
        [
          4,
          4,
          6,
          17,
          345
        ]
      ],
      "epoch_time": 8.217047452926636,
      "learning_rate": 1.5e-05
    },
    {
      "epoch": 23,
      "train_loss": 11.534266859751481,
      "train_acc": 88.5576923076923,
      "val_loss": 0.7040314043269438,
      "val_acc": 89.14505283381364,
      "timestamp": "2025-08-30 09:26:13",
      "train_f1": 87.49461775843488,
      "train_recall": 88.5576923076923,
      "val_f1": 88.20869559562811,
      "val_recall": 89.14505283381364,
      "confusion_matrix": [
        [
          11,
          0,
          17,
          26,
          8
        ],
        [
          0,
          19,
          0,
          0,
          0
        ],
        [
          11,
          0,
          393,
          14,
          2
        ],
        [
          0,
          0,
          5,
          158,
          1
        ],
        [
          4,
          3,
          6,
          16,
          347
        ]
      ],
      "class_accuracies": {
        "class_0": 17.741935483870968,
        "class_1": 100.0,
        "class_2": 93.57142857142857,
        "class_3": 96.34146341463415,
        "class_4": 92.2872340425532
      },
      "epoch_time": 8.237501859664917,
      "learning_rate": 1.5e-05
    },
    {
      "epoch": 24,
      "train_loss": 11.475400638580322,
      "train_acc": 88.60576923076923,
      "val_loss": 0.7112841150339912,
      "val_acc": 86.83957732949088,
      "timestamp": "2025-08-30 09:26:21",
      "train_f1": 87.3656890104481,
      "train_recall": 88.60576923076923,
      "val_f1": 86.06941109578472,
      "val_recall": 86.83957732949087,
      "confusion_matrix": [
        [
          11,
          0,
          15,
          26,
          10
        ],
        [
          0,
          19,
          0,
          0,
          0
        ],
        [
          10,
          0,
          381,
          25,
          4
        ],
        [
          0,
          0,
          5,
          156,
          3
        ],
        [
          3,
          14,
          7,
          15,
          337
        ]
      ],
      "epoch_time": 8.196520805358887,
      "learning_rate": 7.5e-06
    },
    {
      "epoch": 25,
      "train_loss": 11.553467830327842,
      "train_acc": 88.53365384615384,
      "val_loss": 0.7059117380310508,
      "val_acc": 88.56868395773294,
      "timestamp": "2025-08-30 09:26:30",
      "train_f1": 87.57981682487869,
      "train_recall": 88.53365384615385,
      "val_f1": 87.40028356268114,
      "val_recall": 88.56868395773296,
      "confusion_matrix": [
        [
          9,
          0,
          18,
          26,
          9
        ],
        [
          0,
          19,
          0,
          0,
          0
        ],
        [
          7,
          0,
          390,
          20,
          3
        ],
        [
          0,
          0,
          5,
          157,
          2
        ],
        [
          3,
          4,
          7,
          15,
          347
        ]
      ],
      "epoch_time": 8.184484720230103,
      "learning_rate": 7.5e-06
    },
    {
      "epoch": 26,
      "train_loss": 11.470801283763006,
      "train_acc": 89.20673076923077,
      "val_loss": 0.7054838923846974,
      "val_acc": 89.33717579250721,
      "timestamp": "2025-08-30 09:26:38",
      "train_f1": 87.38224103414754,
      "train_recall": 89.20673076923077,
      "val_f1": 87.58250545043312,
      "val_recall": 89.33717579250721,
      "confusion_matrix": [
        [
          5,
          0,
          22,
          27,
          8
        ],
        [
          0,
          19,
          0,
          0,
          0
        ],
        [
          1,
          0,
          403,
          14,
          2
        ],
        [
          0,
          0,
          5,
          158,
          1
        ],
        [
          3,
          4,
          7,
          17,
          345
        ]
      ],
      "class_accuracies": {
        "class_0": 8.064516129032258,
        "class_1": 100.0,
        "class_2": 95.95238095238095,
        "class_3": 96.34146341463415,
        "class_4": 91.75531914893617
      },
      "epoch_time": 8.213204622268677,
      "learning_rate": 7.5e-06
    },
    {
      "epoch": 27,
      "train_loss": 11.558937935645764,
      "train_acc": 88.82211538461539,
      "val_loss": 0.7041260074166691,
      "val_acc": 89.33717579250721,
      "timestamp": "2025-08-30 09:26:46",
      "train_f1": 87.30526317722754,
      "train_recall": 88.82211538461539,
      "val_f1": 88.21816238046858,
      "val_recall": 89.33717579250721,
      "confusion_matrix": [
        [
          10,
          0,
          18,
          26,
          8
        ],
        [
          0,
          19,
          0,
          0,
          0
        ],
        [
          8,
          0,
          396,
          14,
          2
        ],
        [
          0,
          0,
          5,
          158,
          1
        ],
        [
          3,
          3,
          7,
          16,
          347
        ]
      ],
      "epoch_time": 8.256431102752686,
      "learning_rate": 7.5e-06
    },
    {
      "epoch": 28,
      "train_loss": 11.482137481065896,
      "train_acc": 89.13461538461539,
      "val_loss": 0.7078404111020705,
      "val_acc": 88.37656099903938,
      "timestamp": "2025-08-30 09:26:55",
      "train_f1": 87.85278314728961,
      "train_recall": 89.13461538461539,
      "val_f1": 87.20189930435654,
      "val_recall": 88.37656099903938,
      "confusion_matrix": [
        [
          9,
          0,
          18,
          26,
          9
        ],
        [
          0,
          19,
          0,
          0,
          0
        ],
        [
          6,
          0,
          391,
          20,
          3
        ],
        [
          0,
          0,
          5,
          157,
          2
        ],
        [
          3,
          7,
          7,
          15,
          344
        ]
      ],
      "epoch_time": 8.195958614349365,
      "learning_rate": 7.5e-06
    },
    {
      "epoch": 29,
      "train_loss": 11.509411714627193,
      "train_acc": 89.20673076923077,
      "val_loss": 0.7071748691446641,
      "val_acc": 88.76080691642652,
      "timestamp": "2025-08-30 09:27:03",
      "train_f1": 87.88628965835258,
      "train_recall": 89.20673076923077,
      "val_f1": 87.79395209600473,
      "val_recall": 88.76080691642652,
      "confusion_matrix": [
        [
          11,
          0,
          16,
          26,
          9
        ],
        [
          0,
          19,
          0,
          0,
          0
        ],
        [
          9,
          0,
          393,
          15,
          3
        ],
        [
          0,
          0,
          5,
          157,
          2
        ],
        [
          4,
          7,
          6,
          15,
          344
        ]
      ],
      "epoch_time": 8.238979816436768,
      "learning_rate": 7.5e-06
    },
    {
      "epoch": 30,
      "train_loss": 11.536771594561063,
      "train_acc": 88.70192307692308,
      "val_loss": 0.7055102621807772,
      "val_acc": 89.33717579250721,
      "timestamp": "2025-08-30 09:27:12",
      "train_f1": 87.58024570418878,
      "train_recall": 88.70192307692307,
      "val_f1": 88.29135567067789,
      "val_recall": 89.33717579250721,
      "confusion_matrix": [
        [
          11,
          0,
          17,
          25,
          9
        ],
        [
          0,
          19,
          0,
          0,
          0
        ],
        [
          8,
          0,
          396,
          13,
          3
        ],
        [
          0,
          0,
          5,
          157,
          2
        ],
        [
          4,
          4,
          6,
          15,
          347
        ]
      ],
      "epoch_time": 8.211416482925415,
      "learning_rate": 7.5e-06
    },
    {
      "epoch": 31,
      "train_loss": 11.520207799397982,
      "train_acc": 89.11057692307692,
      "val_loss": 0.7048869413488051,
      "val_acc": 88.76080691642652,
      "timestamp": "2025-08-30 09:27:19",
      "train_f1": 87.86134223667537,
      "train_recall": 89.11057692307692,
      "val_f1": 87.24075081140842,
      "val_recall": 88.76080691642652,
      "confusion_matrix": [
        [
          6,
          0,
          21,
          27,
          8
        ],
        [
          0,
          19,
          0,
          0,
          0
        ],
        [
          3,
          0,
          394,
          21,
          2
        ],
        [
          0,
          0,
          5,
          158,
          1
        ],
        [
          3,
          3,
          7,
          16,
          347
        ]
      ],
      "epoch_time": 7.71906590461731,
      "learning_rate": 7.5e-06
    },
    {
      "epoch": 32,
      "train_loss": 11.50989846082834,
      "train_acc": 88.96634615384616,
      "val_loss": 0.705394026111154,
      "val_acc": 88.66474543707973,
      "timestamp": "2025-08-30 09:27:27",
      "train_f1": 87.71465292830254,
      "train_recall": 88.96634615384616,
      "val_f1": 87.58592282347921,
      "val_recall": 88.66474543707973,
      "confusion_matrix": [
        [
          10,
          0,
          17,
          27,
          8
        ],
        [
          0,
          19,
          0,
          0,
          0
        ],
        [
          7,
          0,
          391,
          19,
          3
        ],
        [
          0,
          0,
          5,
          157,
          2
        ],
        [
          3,
          4,
          7,
          16,
          346
        ]
      ],
      "epoch_time": 7.290110111236572,
      "learning_rate": 7.5e-06
    },
    {
      "epoch": 33,
      "train_loss": 11.494213184026572,
      "train_acc": 89.1826923076923,
      "val_loss": 0.706821858882904,
      "val_acc": 88.95292987512008,
      "timestamp": "2025-08-30 09:27:34",
      "train_f1": 87.80975458975816,
      "train_recall": 89.1826923076923,
      "val_f1": 87.31512180708401,
      "val_recall": 88.95292987512008,
      "confusion_matrix": [
        [
          6,
          0,
          21,
          26,
          9
        ],
        [
          0,
          19,
          0,
          0,
          0
        ],
        [
          1,
          0,
          400,
          16,
          3
        ],
        [
          0,
          0,
          5,
          157,
          2
        ],
        [
          3,
          7,
          7,
          15,
          344
        ]
      ],
      "epoch_time": 7.343867063522339,
      "learning_rate": 7.5e-06
    },
    {
      "epoch": 34,
      "train_loss": 11.50826560992461,
      "train_acc": 89.13461538461539,
      "val_loss": 0.7037966286434847,
      "val_acc": 88.95292987512008,
      "timestamp": "2025-08-30 09:27:42",
      "train_f1": 87.49955223360811,
      "train_recall": 89.13461538461539,
      "val_f1": 87.30830076198518,
      "val_recall": 88.95292987512008,
      "confusion_matrix": [
        [
          5,
          0,
          22,
          27,
          8
        ],
        [
          0,
          19,
          0,
          0,
          0
        ],
        [
          2,
          0,
          397,
          19,
          2
        ],
        [
          0,
          0,
          5,
          158,
          1
        ],
        [
          4,
          2,
          7,
          16,
          347
        ]
      ],
      "epoch_time": 7.3655054569244385,
      "learning_rate": 7.5e-06
    },
    {
      "epoch": 35,
      "train_loss": 11.49595613663013,
      "train_acc": 89.08653846153847,
      "val_loss": 0.7049298251376432,
      "val_acc": 89.33717579250721,
      "timestamp": "2025-08-30 09:27:49",
      "train_f1": 87.6874690714104,
      "train_recall": 89.08653846153847,
      "val_f1": 88.1254953074491,
      "val_recall": 89.33717579250721,
      "confusion_matrix": [
        [
          9,
          0,
          18,
          27,
          8
        ],
        [
          0,
          19,
          0,
          0,
          0
        ],
        [
          6,
          0,
          398,
          14,
          2
        ],
        [
          0,
          0,
          5,
          158,
          1
        ],
        [
          4,
          4,
          6,
          16,
          346
        ]
      ],
      "epoch_time": 7.390120506286621,
      "learning_rate": 3.75e-06
    },
    {
      "epoch": 36,
      "train_loss": 11.506417972307938,
      "train_acc": 89.01442307692308,
      "val_loss": 0.7052161798757666,
      "val_acc": 88.56868395773294,
      "timestamp": "2025-08-30 09:27:57",
      "train_f1": 87.72459406415274,
      "train_recall": 89.01442307692308,
      "val_f1": 87.42316443067782,
      "val_recall": 88.56868395773296,
      "confusion_matrix": [
        [
          9,
          0,
          18,
          27,
          8
        ],
        [
          0,
          19,
          0,
          0,
          0
        ],
        [
          6,
          0,
          391,
          20,
          3
        ],
        [
          0,
          0,
          5,
          157,
          2
        ],
        [
          4,
          4,
          6,
          16,
          346
        ]
      ],
      "epoch_time": 7.368290185928345,
      "learning_rate": 3.75e-06
    },
    {
      "epoch": 37,
      "train_loss": 11.460926238390115,
      "train_acc": 89.15865384615384,
      "val_loss": 0.7044436966671663,
      "val_acc": 89.24111431316042,
      "timestamp": "2025-08-30 09:28:04",
      "train_f1": 87.87194269882484,
      "train_recall": 89.15865384615384,
      "val_f1": 87.80145533469799,
      "val_recall": 89.24111431316042,
      "confusion_matrix": [
        [
          7,
          0,
          20,
          27,
          8
        ],
        [
          0,
          19,
          0,
          0,
          0
        ],
        [
          5,
          0,
          399,
          14,
          2
        ],
        [
          0,
          0,
          5,
          158,
          1
        ],
        [
          3,
          4,
          7,
          16,
          346
        ]
      ],
      "epoch_time": 7.38977837562561,
      "learning_rate": 3.75e-06
    },
    {
      "epoch": 38,
      "train_loss": 11.530265641212463,
      "train_acc": 88.96634615384616,
      "val_loss": 0.7076540589332581,
      "val_acc": 88.08837656099904,
      "timestamp": "2025-08-30 09:28:12",
      "train_f1": 87.60854410611668,
      "train_recall": 88.96634615384616,
      "val_f1": 86.73651820487692,
      "val_recall": 88.08837656099904,
      "confusion_matrix": [
        [
          7,
          0,
          20,
          26,
          9
        ],
        [
          0,
          19,
          0,
          0,
          0
        ],
        [
          5,
          0,
          392,
          20,
          3
        ],
        [
          0,
          0,
          5,
          157,
          2
        ],
        [
          3,
          9,
          7,
          15,
          342
        ]
      ],
      "epoch_time": 7.42563796043396,
      "learning_rate": 3.75e-06
    },
    {
      "epoch": 39,
      "train_loss": 11.490778978971335,
      "train_acc": 89.11057692307692,
      "val_loss": 0.7049334890702191,
      "val_acc": 88.95292987512008,
      "timestamp": "2025-08-30 09:28:20",
      "train_f1": 87.86556863688337,
      "train_recall": 89.11057692307692,
      "val_f1": 87.85200638827352,
      "val_recall": 88.95292987512008,
      "confusion_matrix": [
        [
          10,
          0,
          17,
          27,
          8
        ],
        [
          0,
          19,
          0,
          0,
          0
        ],
        [
          6,
          0,
          394,
          17,
          3
        ],
        [
          0,
          0,
          5,
          157,
          2
        ],
        [
          4,
          4,
          6,
          16,
          346
        ]
      ],
      "epoch_time": 7.359208345413208,
      "learning_rate": 3.75e-06
    },
    {
      "epoch": 40,
      "train_loss": 11.521374245790335,
      "train_acc": 89.11057692307692,
      "val_loss": 0.7048452180974624,
      "val_acc": 88.95292987512008,
      "timestamp": "2025-08-30 09:28:27",
      "train_f1": 87.90802396772843,
      "train_recall": 89.11057692307692,
      "val_f1": 87.94178664585834,
      "val_recall": 88.95292987512008,
      "confusion_matrix": [
        [
          11,
          0,
          16,
          26,
          9
        ],
        [
          0,
          19,
          0,
          0,
          0
        ],
        [
          7,
          0,
          392,
          18,
          3
        ],
        [
          0,
          0,
          5,
          157,
          2
        ],
        [
          4,
          4,
          6,
          15,
          347
        ]
      ],
      "epoch_time": 7.370779037475586,
      "learning_rate": 3.75e-06
    },
    {
      "epoch": 41,
      "train_loss": 11.527725034493667,
      "train_acc": 89.01442307692308,
      "val_loss": 0.705177531522863,
      "val_acc": 88.85686839577329,
      "timestamp": "2025-08-30 09:28:35",
      "train_f1": 88.02876052438195,
      "train_recall": 89.01442307692308,
      "val_f1": 87.8721339009392,
      "val_recall": 88.85686839577329,
      "confusion_matrix": [
        [
          11,
          0,
          16,
          26,
          9
        ],
        [
          0,
          19,
          0,
          0,
          0
        ],
        [
          8,
          0,
          391,
          18,
          3
        ],
        [
          0,
          0,
          5,
          157,
          2
        ],
        [
          4,
          4,
          6,
          15,
          347
        ]
      ],
      "epoch_time": 7.421578884124756,
      "learning_rate": 3.75e-06
    },
    {
      "epoch": 42,
      "train_loss": 11.5530239710441,
      "train_acc": 88.96634615384616,
      "val_loss": 0.7043748918701621,
      "val_acc": 89.14505283381364,
      "timestamp": "2025-08-30 09:28:42",
      "train_f1": 87.7552509027607,
      "train_recall": 88.96634615384616,
      "val_f1": 88.02225957451698,
      "val_recall": 89.14505283381364,
      "confusion_matrix": [
        [
          10,
          0,
          17,
          27,
          8
        ],
        [
          0,
          19,
          0,
          0,
          0
        ],
        [
          6,
          0,
          396,
          15,
          3
        ],
        [
          0,
          0,
          5,
          157,
          2
        ],
        [
          4,
          4,
          6,
          16,
          346
        ]
      ],
      "epoch_time": 7.398304462432861,
      "learning_rate": 3.75e-06
    },
    {
      "epoch": 43,
      "train_loss": 11.513794245169713,
      "train_acc": 89.0625,
      "val_loss": 0.7057494591264164,
      "val_acc": 88.76080691642652,
      "timestamp": "2025-08-30 09:28:50",
      "train_f1": 87.77197850593272,
      "train_recall": 89.0625,
      "val_f1": 87.5816198251848,
      "val_recall": 88.76080691642652,
      "confusion_matrix": [
        [
          9,
          0,
          18,
          26,
          9
        ],
        [
          0,
          19,
          0,
          0,
          0
        ],
        [
          6,
          0,
          392,
          19,
          3
        ],
        [
          0,
          0,
          5,
          157,
          2
        ],
        [
          4,
          4,
          6,
          15,
          347
        ]
      ],
      "epoch_time": 7.407576322555542,
      "learning_rate": 3.75e-06
    },
    {
      "epoch": 44,
      "train_loss": 11.504614394444685,
      "train_acc": 89.03846153846153,
      "val_loss": 0.704586831962361,
      "val_acc": 88.56868395773294,
      "timestamp": "2025-08-30 09:28:57",
      "train_f1": 87.8158751277762,
      "train_recall": 89.03846153846153,
      "val_f1": 87.52813742278785,
      "val_recall": 88.56868395773296,
      "confusion_matrix": [
        [
          10,
          0,
          17,
          27,
          8
        ],
        [
          0,
          19,
          0,
          0,
          0
        ],
        [
          7,
          0,
          390,
          20,
          3
        ],
        [
          0,
          0,
          5,
          157,
          2
        ],
        [
          4,
          4,
          6,
          16,
          346
        ]
      ],
      "epoch_time": 7.385014295578003,
      "learning_rate": 3.75e-06
    },
    {
      "epoch": 45,
      "train_loss": 11.493425451792204,
      "train_acc": 89.03846153846153,
      "val_loss": 0.7055466736064238,
      "val_acc": 88.66474543707973,
      "timestamp": "2025-08-30 09:29:05",
      "train_f1": 87.91454172189191,
      "train_recall": 89.03846153846153,
      "val_f1": 87.70100643154669,
      "val_recall": 88.66474543707973,
      "confusion_matrix": [
        [
          11,
          0,
          16,
          26,
          9
        ],
        [
          0,
          19,
          0,
          0,
          0
        ],
        [
          8,
          0,
          389,
          20,
          3
        ],
        [
          0,
          0,
          5,
          157,
          2
        ],
        [
          4,
          4,
          6,
          15,
          347
        ]
      ],
      "epoch_time": 7.429657220840454,
      "learning_rate": 3.75e-06
    },
    {
      "epoch": 46,
      "train_loss": 11.504019099932451,
      "train_acc": 88.8701923076923,
      "val_loss": 0.7039797200876123,
      "val_acc": 88.95292987512008,
      "timestamp": "2025-08-30 09:29:13",
      "train_f1": 87.87674090541383,
      "train_recall": 88.8701923076923,
      "val_f1": 87.96888045880165,
      "val_recall": 88.95292987512008,
      "confusion_matrix": [
        [
          11,
          0,
          16,
          27,
          8
        ],
        [
          0,
          19,
          0,
          0,
          0
        ],
        [
          8,
          0,
          393,
          16,
          3
        ],
        [
          0,
          0,
          5,
          157,
          2
        ],
        [
          4,
          4,
          6,
          16,
          346
        ]
      ],
      "epoch_time": 7.427343130111694,
      "learning_rate": 1.875e-06
    },
    {
      "epoch": 47,
      "train_loss": 11.48031723682697,
      "train_acc": 88.77403846153847,
      "val_loss": 0.705146544119891,
      "val_acc": 88.76080691642652,
      "timestamp": "2025-08-30 09:29:20",
      "train_f1": 87.73089824246833,
      "train_recall": 88.77403846153847,
      "val_f1": 87.78278336554709,
      "val_recall": 88.76080691642652,
      "confusion_matrix": [
        [
          11,
          0,
          16,
          27,
          8
        ],
        [
          0,
          19,
          0,
          0,
          0
        ],
        [
          7,
          0,
          391,
          19,
          3
        ],
        [
          0,
          0,
          5,
          157,
          2
        ],
        [
          4,
          4,
          6,
          16,
          346
        ]
      ],
      "epoch_time": 7.394130706787109,
      "learning_rate": 1.875e-06
    },
    {
      "epoch": 48,
      "train_loss": 11.491286538197445,
      "train_acc": 89.08653846153847,
      "val_loss": 0.7052702833624447,
      "val_acc": 89.14505283381364,
      "timestamp": "2025-08-30 09:29:28",
      "train_f1": 87.99461753304068,
      "train_recall": 89.08653846153847,
      "val_f1": 88.03419781018025,
      "val_recall": 89.14505283381364,
      "confusion_matrix": [
        [
          10,
          0,
          17,
          27,
          8
        ],
        [
          0,
          19,
          0,
          0,
          0
        ],
        [
          7,
          0,
          397,
          13,
          3
        ],
        [
          0,
          0,
          5,
          157,
          2
        ],
        [
          4,
          5,
          6,
          16,
          345
        ]
      ],
      "epoch_time": 7.371028661727905,
      "learning_rate": 1.875e-06
    },
    {
      "epoch": 49,
      "train_loss": 11.503935853334573,
      "train_acc": 88.84615384615384,
      "val_loss": 0.704730419551625,
      "val_acc": 89.24111431316042,
      "timestamp": "2025-08-30 09:29:35",
      "train_f1": 87.62367077634251,
      "train_recall": 88.84615384615384,
      "val_f1": 88.0188168409775,
      "val_recall": 89.24111431316042,
      "confusion_matrix": [
        [
          9,
          0,
          18,
          27,
          8
        ],
        [
          0,
          19,
          0,
          0,
          0
        ],
        [
          6,
          0,
          398,
          13,
          3
        ],
        [
          0,
          0,
          5,
          157,
          2
        ],
        [
          4,
          4,
          6,
          16,
          346
        ]
      ],
      "epoch_time": 7.415131092071533,
      "learning_rate": 1.875e-06
    },
    {
      "epoch": 50,
      "train_loss": 11.533603379359612,
      "train_acc": 89.15865384615384,
      "val_loss": 0.7049820177695331,
      "val_acc": 89.04899135446686,
      "timestamp": "2025-08-30 09:29:43",
      "train_f1": 87.82408655115913,
      "train_recall": 89.15865384615384,
      "val_f1": 87.9276773643635,
      "val_recall": 89.04899135446685,
      "confusion_matrix": [
        [
          10,
          0,
          18,
          26,
          8
        ],
        [
          0,
          19,
          0,
          0,
          0
        ],
        [
          6,
          0,
          394,
          17,
          3
        ],
        [
          0,
          0,
          5,
          157,
          2
        ],
        [
          4,
          4,
          6,
          15,
          347
        ]
      ],
      "epoch_time": 7.367405652999878,
      "learning_rate": 1.875e-06
    }
  ]
}