{
  "dataset": "ASAS",
  "model_type": "langevin",
  "sde_config": 1,
  "start_time": "20250829_190028",
  "date": "20250829",
  "epochs": [
    {
      "epoch": 1,
      "train_loss": 17.598409800110637,
      "train_acc": 53.758445945945944,
      "val_loss": 0.8457540148182919,
      "val_acc": 62.6890756302521,
      "timestamp": "2025-08-29 19:06:11",
      "train_f1": 49.55556841528592,
      "train_recall": 53.758445945945944,
      "val_f1": 54.052573593499076,
      "val_recall": 62.6890756302521,
      "confusion_matrix": [
        [
          14,
          0,
          41,
          0,
          12
        ],
        [
          2,
          21,
          0,
          0,
          0
        ],
        [
          0,
          0,
          12,
          0,
          150
        ],
        [
          0,
          4,
          10,
          0,
          1
        ],
        [
          0,
          0,
          2,
          0,
          326
        ]
      ],
      "class_accuracies": {
        "class_0": 20.8955223880597,
        "class_1": 91.30434782608695,
        "class_2": 7.4074074074074066,
        "class_3": 0.0,
        "class_4": 99.39024390243902
      },
      "epoch_time": 342.5923271179199,
      "learning_rate": 3e-05
    },
    {
      "epoch": 2,
      "train_loss": 16.066335777173173,
      "train_acc": 74.91554054054055,
      "val_loss": 0.7629539464649401,
      "val_acc": 91.26050420168067,
      "timestamp": "2025-08-29 19:11:19",
      "train_f1": 73.29249147858636,
      "train_recall": 74.91554054054053,
      "val_f1": 89.8078154890144,
      "val_recall": 91.26050420168067,
      "confusion_matrix": [
        [
          40,
          1,
          25,
          0,
          1
        ],
        [
          2,
          21,
          0,
          0,
          0
        ],
        [
          0,
          0,
          156,
          0,
          6
        ],
        [
          9,
          4,
          1,
          0,
          1
        ],
        [
          2,
          0,
          0,
          0,
          326
        ]
      ],
      "class_accuracies": {
        "class_0": 59.70149253731343,
        "class_1": 91.30434782608695,
        "class_2": 96.29629629629629,
        "class_3": 0.0,
        "class_4": 99.39024390243902
      },
      "epoch_time": 307.6673412322998,
      "learning_rate": 3e-05
    },
    {
      "epoch": 3,
      "train_loss": 14.72777048236615,
      "train_acc": 85.00844594594595,
      "val_loss": 0.7295858169856825,
      "val_acc": 92.60504201680672,
      "timestamp": "2025-08-29 19:15:00",
      "train_f1": 84.45718986438025,
      "train_recall": 85.00844594594594,
      "val_f1": 91.52527892295548,
      "val_recall": 92.60504201680672,
      "confusion_matrix": [
        [
          52,
          0,
          15,
          0,
          0
        ],
        [
          2,
          21,
          0,
          0,
          0
        ],
        [
          5,
          0,
          156,
          0,
          1
        ],
        [
          10,
          4,
          0,
          0,
          1
        ],
        [
          2,
          0,
          4,
          0,
          322
        ]
      ],
      "class_accuracies": {
        "class_0": 77.61194029850746,
        "class_1": 91.30434782608695,
        "class_2": 96.29629629629629,
        "class_3": 0.0,
        "class_4": 98.17073170731707
      },
      "epoch_time": 220.39850497245789,
      "learning_rate": 3e-05
    },
    {
      "epoch": 4,
      "train_loss": 14.076333058041495,
      "train_acc": 89.35810810810811,
      "val_loss": 0.7188980171554967,
      "val_acc": 92.60504201680672,
      "timestamp": "2025-08-29 19:20:16",
      "train_f1": 88.63072867288754,
      "train_recall": 89.3581081081081,
      "val_f1": 91.5324238456712,
      "val_recall": 92.60504201680672,
      "confusion_matrix": [
        [
          53,
          0,
          14,
          0,
          0
        ],
        [
          2,
          21,
          0,
          0,
          0
        ],
        [
          6,
          0,
          153,
          0,
          3
        ],
        [
          10,
          4,
          0,
          0,
          1
        ],
        [
          2,
          0,
          2,
          0,
          324
        ]
      ],
      "epoch_time": 316.2766351699829,
      "learning_rate": 3e-05
    },
    {
      "epoch": 5,
      "train_loss": 13.843918133426357,
      "train_acc": 90.87837837837837,
      "val_loss": 0.7111950391217282,
      "val_acc": 91.76470588235294,
      "timestamp": "2025-08-29 19:25:52",
      "train_f1": 90.19079156323657,
      "train_recall": 90.87837837837837,
      "val_f1": 90.759476500664,
      "val_recall": 91.76470588235294,
      "confusion_matrix": [
        [
          51,
          2,
          14,
          0,
          0
        ],
        [
          2,
          21,
          0,
          0,
          0
        ],
        [
          8,
          0,
          153,
          0,
          1
        ],
        [
          10,
          4,
          0,
          0,
          1
        ],
        [
          2,
          0,
          5,
          0,
          321
        ]
      ],
      "epoch_time": 335.0066077709198,
      "learning_rate": 3e-05
    },
    {
      "epoch": 6,
      "train_loss": 13.811571582749083,
      "train_acc": 91.42736486486487,
      "val_loss": 0.7098701815856131,
      "val_acc": 92.43697478991596,
      "timestamp": "2025-08-29 19:35:20",
      "train_f1": 91.09129467188107,
      "train_recall": 91.42736486486487,
      "val_f1": 91.90579112598284,
      "val_recall": 92.43697478991596,
      "confusion_matrix": [
        [
          54,
          1,
          12,
          0,
          0
        ],
        [
          2,
          21,
          0,
          0,
          0
        ],
        [
          12,
          0,
          149,
          0,
          1
        ],
        [
          10,
          2,
          0,
          2,
          1
        ],
        [
          2,
          0,
          2,
          0,
          324
        ]
      ],
      "epoch_time": 567.076744556427,
      "learning_rate": 3e-05
    },
    {
      "epoch": 7,
      "train_loss": 13.448340324131218,
      "train_acc": 93.45439189189189,
      "val_loss": 0.7080947066608229,
      "val_acc": 92.26890756302521,
      "timestamp": "2025-08-29 19:38:41",
      "train_f1": 93.23923515239764,
      "train_recall": 93.4543918918919,
      "val_f1": 91.77333742675859,
      "val_recall": 92.26890756302521,
      "confusion_matrix": [
        [
          50,
          2,
          15,
          0,
          0
        ],
        [
          2,
          21,
          0,
          0,
          0
        ],
        [
          6,
          0,
          155,
          0,
          1
        ],
        [
          10,
          1,
          1,
          3,
          0
        ],
        [
          2,
          0,
          6,
          0,
          320
        ]
      ],
      "epoch_time": 200.36976885795593,
      "learning_rate": 3e-05
    },
    {
      "epoch": 8,
      "train_loss": 13.442590968834388,
      "train_acc": 93.70777027027027,
      "val_loss": 0.7098182157466286,
      "val_acc": 91.42857142857143,
      "timestamp": "2025-08-29 19:43:22",
      "train_f1": 93.51812490166967,
      "train_recall": 93.70777027027027,
      "val_f1": 91.14053315718456,
      "val_recall": 91.42857142857143,
      "confusion_matrix": [
        [
          53,
          2,
          12,
          0,
          0
        ],
        [
          2,
          21,
          0,
          0,
          0
        ],
        [
          14,
          0,
          148,
          0,
          0
        ],
        [
          10,
          1,
          1,
          3,
          0
        ],
        [
          2,
          0,
          7,
          0,
          319
        ]
      ],
      "epoch_time": 280.9355368614197,
      "learning_rate": 3e-05
    },
    {
      "epoch": 9,
      "train_loss": 13.448478723699981,
      "train_acc": 92.98986486486487,
      "val_loss": 0.7072797511753283,
      "val_acc": 92.26890756302521,
      "timestamp": "2025-08-29 19:52:59",
      "train_f1": 92.813242950243,
      "train_recall": 92.98986486486487,
      "val_f1": 91.8766938789876,
      "val_recall": 92.26890756302521,
      "confusion_matrix": [
        [
          53,
          0,
          14,
          0,
          0
        ],
        [
          2,
          21,
          0,
          0,
          0
        ],
        [
          9,
          0,
          153,
          0,
          0
        ],
        [
          10,
          1,
          1,
          3,
          0
        ],
        [
          2,
          0,
          7,
          0,
          319
        ]
      ],
      "epoch_time": 577.2004389762878,
      "learning_rate": 3e-05
    },
    {
      "epoch": 10,
      "train_loss": 13.477075915884328,
      "train_acc": 93.45439189189189,
      "val_loss": 0.7048245762523851,
      "val_acc": 92.94117647058823,
      "timestamp": "2025-08-29 19:57:43",
      "train_f1": 93.27948310264507,
      "train_recall": 93.4543918918919,
      "val_f1": 92.33897070683992,
      "val_recall": 92.94117647058823,
      "confusion_matrix": [
        [
          51,
          1,
          15,
          0,
          0
        ],
        [
          2,
          21,
          0,
          0,
          0
        ],
        [
          3,
          0,
          153,
          0,
          6
        ],
        [
          10,
          1,
          0,
          3,
          1
        ],
        [
          2,
          0,
          1,
          0,
          325
        ]
      ],
      "class_accuracies": {
        "class_0": 76.11940298507463,
        "class_1": 91.30434782608695,
        "class_2": 94.44444444444444,
        "class_3": 20.0,
        "class_4": 99.08536585365853
      },
      "epoch_time": 282.73435497283936,
      "learning_rate": 3e-05
    },
    {
      "epoch": 11,
      "train_loss": 13.386336589987213,
      "train_acc": 93.83445945945945,
      "val_loss": 0.7046801604722676,
      "val_acc": 92.77310924369748,
      "timestamp": "2025-08-29 20:01:03",
      "train_f1": 93.67087589415463,
      "train_recall": 93.83445945945947,
      "val_f1": 92.17823750765336,
      "val_recall": 92.77310924369748,
      "confusion_matrix": [
        [
          51,
          1,
          15,
          0,
          0
        ],
        [
          2,
          21,
          0,
          0,
          0
        ],
        [
          3,
          0,
          153,
          0,
          6
        ],
        [
          10,
          1,
          0,
          3,
          1
        ],
        [
          2,
          0,
          2,
          0,
          324
        ]
      ],
      "epoch_time": 199.68460822105408,
      "learning_rate": 3e-05
    },
    {
      "epoch": 12,
      "train_loss": 13.35616259478234,
      "train_acc": 93.53885135135135,
      "val_loss": 0.7042064478522853,
      "val_acc": 92.94117647058823,
      "timestamp": "2025-08-29 20:06:08",
      "train_f1": 93.33109400827176,
      "train_recall": 93.53885135135135,
      "val_f1": 92.36885498368174,
      "val_recall": 92.94117647058823,
      "confusion_matrix": [
        [
          51,
          1,
          15,
          0,
          0
        ],
        [
          2,
          21,
          0,
          0,
          0
        ],
        [
          4,
          0,
          154,
          0,
          4
        ],
        [
          10,
          1,
          0,
          3,
          1
        ],
        [
          2,
          0,
          2,
          0,
          324
        ]
      ],
      "epoch_time": 305.0147602558136,
      "learning_rate": 1.5e-05
    },
    {
      "epoch": 13,
      "train_loss": 13.377585949124517,
      "train_acc": 94.25675675675676,
      "val_loss": 0.7037507358350252,
      "val_acc": 92.60504201680672,
      "timestamp": "2025-08-29 20:13:12",
      "train_f1": 94.07138672048572,
      "train_recall": 94.25675675675676,
      "val_f1": 92.1117139008935,
      "val_recall": 92.60504201680672,
      "confusion_matrix": [
        [
          51,
          1,
          15,
          0,
          0
        ],
        [
          2,
          21,
          0,
          0,
          0
        ],
        [
          6,
          0,
          155,
          0,
          1
        ],
        [
          10,
          1,
          1,
          3,
          0
        ],
        [
          2,
          0,
          5,
          0,
          321
        ]
      ],
      "epoch_time": 423.7403724193573,
      "learning_rate": 1.5e-05
    },
    {
      "epoch": 14,
      "train_loss": 13.357900414112452,
      "train_acc": 93.91891891891892,
      "val_loss": 0.703922921105435,
      "val_acc": 93.10924369747899,
      "timestamp": "2025-08-29 20:17:10",
      "train_f1": 93.77716214433947,
      "train_recall": 93.91891891891892,
      "val_f1": 92.58350357237546,
      "val_recall": 93.10924369747899,
      "confusion_matrix": [
        [
          51,
          1,
          15,
          0,
          0
        ],
        [
          2,
          21,
          0,
          0,
          0
        ],
        [
          6,
          0,
          155,
          0,
          1
        ],
        [
          10,
          1,
          0,
          3,
          1
        ],
        [
          2,
          0,
          2,
          0,
          324
        ]
      ],
      "class_accuracies": {
        "class_0": 76.11940298507463,
        "class_1": 91.30434782608695,
        "class_2": 95.67901234567901,
        "class_3": 20.0,
        "class_4": 98.78048780487805
      },
      "epoch_time": 236.82713723182678,
      "learning_rate": 1.5e-05
    },
    {
      "epoch": 15,
      "train_loss": 13.26701859122998,
      "train_acc": 94.34121621621621,
      "val_loss": 0.7040829219316181,
      "val_acc": 92.43697478991596,
      "timestamp": "2025-08-29 20:21:19",
      "train_f1": 94.16535478644022,
      "train_recall": 94.34121621621621,
      "val_f1": 91.95206652793875,
      "val_recall": 92.43697478991596,
      "confusion_matrix": [
        [
          51,
          1,
          15,
          0,
          0
        ],
        [
          2,
          21,
          0,
          0,
          0
        ],
        [
          6,
          0,
          155,
          0,
          1
        ],
        [
          10,
          1,
          1,
          3,
          0
        ],
        [
          2,
          0,
          6,
          0,
          320
        ]
      ],
      "epoch_time": 248.31167602539062,
      "learning_rate": 1.5e-05
    },
    {
      "epoch": 16,
      "train_loss": 13.273573069959074,
      "train_acc": 94.29898648648648,
      "val_loss": 0.7052786663958901,
      "val_acc": 92.77310924369748,
      "timestamp": "2025-08-29 20:25:59",
      "train_f1": 94.1210229000066,
      "train_recall": 94.29898648648648,
      "val_f1": 92.187675070028,
      "val_recall": 92.77310924369748,
      "confusion_matrix": [
        [
          51,
          1,
          15,
          0,
          0
        ],
        [
          2,
          21,
          0,
          0,
          0
        ],
        [
          4,
          0,
          152,
          0,
          6
        ],
        [
          10,
          1,
          0,
          3,
          1
        ],
        [
          2,
          0,
          1,
          0,
          325
        ]
      ],
      "epoch_time": 280.57580614089966,
      "learning_rate": 1.5e-05
    },
    {
      "epoch": 17,
      "train_loss": 13.282978584637513,
      "train_acc": 93.91891891891892,
      "val_loss": 0.7042561393035086,
      "val_acc": 92.60504201680672,
      "timestamp": "2025-08-29 20:35:34",
      "train_f1": 93.75126372685466,
      "train_recall": 93.91891891891892,
      "val_f1": 92.02698091188118,
      "val_recall": 92.60504201680672,
      "confusion_matrix": [
        [
          51,
          1,
          15,
          0,
          0
        ],
        [
          2,
          21,
          0,
          0,
          0
        ],
        [
          4,
          0,
          152,
          0,
          6
        ],
        [
          10,
          1,
          0,
          3,
          1
        ],
        [
          2,
          0,
          2,
          0,
          324
        ]
      ],
      "epoch_time": 574.3769702911377,
      "learning_rate": 1.5e-05
    },
    {
      "epoch": 18,
      "train_loss": 13.341223623301532,
      "train_acc": 94.34121621621621,
      "val_loss": 0.7035002269242939,
      "val_acc": 92.26890756302521,
      "timestamp": "2025-08-29 20:40:24",
      "train_f1": 94.15657308522032,
      "train_recall": 94.34121621621621,
      "val_f1": 91.8458153369236,
      "val_recall": 92.26890756302521,
      "confusion_matrix": [
        [
          52,
          1,
          14,
          0,
          0
        ],
        [
          2,
          21,
          0,
          0,
          0
        ],
        [
          9,
          0,
          152,
          0,
          1
        ],
        [
          10,
          1,
          1,
          3,
          0
        ],
        [
          2,
          0,
          5,
          0,
          321
        ]
      ],
      "epoch_time": 288.9849519729614,
      "learning_rate": 1.5e-05
    },
    {
      "epoch": 19,
      "train_loss": 13.330639410663295,
      "train_acc": 93.96114864864865,
      "val_loss": 0.7039047291404322,
      "val_acc": 92.77310924369748,
      "timestamp": "2025-08-29 20:47:01",
      "train_f1": 93.76824554891007,
      "train_recall": 93.96114864864865,
      "val_f1": 92.09594375761039,
      "val_recall": 92.77310924369748,
      "confusion_matrix": [
        [
          48,
          2,
          17,
          0,
          0
        ],
        [
          2,
          21,
          0,
          0,
          0
        ],
        [
          1,
          0,
          155,
          0,
          6
        ],
        [
          10,
          1,
          0,
          3,
          1
        ],
        [
          2,
          0,
          1,
          0,
          325
        ]
      ],
      "epoch_time": 397.14188027381897,
      "learning_rate": 1.5e-05
    },
    {
      "epoch": 20,
      "train_loss": 13.326609133868605,
      "train_acc": 94.38344594594595,
      "val_loss": 0.7023180409481651,
      "val_acc": 93.27731092436974,
      "timestamp": "2025-08-29 20:52:19",
      "train_f1": 94.20499198772174,
      "train_recall": 94.38344594594594,
      "val_f1": 92.70025276469275,
      "val_recall": 93.27731092436974,
      "confusion_matrix": [
        [
          50,
          2,
          15,
          0,
          0
        ],
        [
          2,
          21,
          0,
          0,
          0
        ],
        [
          4,
          0,
          157,
          0,
          1
        ],
        [
          10,
          1,
          0,
          3,
          1
        ],
        [
          2,
          0,
          2,
          0,
          324
        ]
      ],
      "class_accuracies": {
        "class_0": 74.6268656716418,
        "class_1": 91.30434782608695,
        "class_2": 96.91358024691358,
        "class_3": 20.0,
        "class_4": 98.78048780487805
      },
      "epoch_time": 317.51329588890076,
      "learning_rate": 1.5e-05
    },
    {
      "epoch": 21,
      "train_loss": 13.296732629473144,
      "train_acc": 94.34121621621621,
      "val_loss": 0.702157061350973,
      "val_acc": 92.60504201680672,
      "timestamp": "2025-08-29 20:56:53",
      "train_f1": 94.16363043578401,
      "train_recall": 94.34121621621621,
      "val_f1": 92.08038981975378,
      "val_recall": 92.60504201680672,
      "confusion_matrix": [
        [
          50,
          2,
          15,
          0,
          0
        ],
        [
          2,
          21,
          0,
          0,
          0
        ],
        [
          5,
          0,
          156,
          0,
          1
        ],
        [
          10,
          1,
          1,
          3,
          0
        ],
        [
          2,
          0,
          5,
          0,
          321
        ]
      ],
      "epoch_time": 272.56325125694275,
      "learning_rate": 1.5e-05
    },
    {
      "epoch": 22,
      "train_loss": 13.224343627691269,
      "train_acc": 94.4679054054054,
      "val_loss": 0.7028587240921823,
      "val_acc": 92.60504201680672,
      "timestamp": "2025-08-29 21:00:26",
      "train_f1": 94.29560729667746,
      "train_recall": 94.4679054054054,
      "val_f1": 92.09974773087238,
      "val_recall": 92.60504201680672,
      "confusion_matrix": [
        [
          51,
          1,
          15,
          0,
          0
        ],
        [
          2,
          21,
          0,
          0,
          0
        ],
        [
          5,
          0,
          156,
          0,
          1
        ],
        [
          10,
          1,
          1,
          3,
          0
        ],
        [
          2,
          0,
          6,
          0,
          320
        ]
      ],
      "epoch_time": 213.25554728507996,
      "learning_rate": 1.5e-05
    },
    {
      "epoch": 23,
      "train_loss": 13.316545428456488,
      "train_acc": 94.13006756756756,
      "val_loss": 0.7038166773946661,
      "val_acc": 92.43697478991596,
      "timestamp": "2025-08-29 21:06:12",
      "train_f1": 93.93644751881824,
      "train_recall": 94.13006756756756,
      "val_f1": 91.98020832653519,
      "val_recall": 92.43697478991596,
      "confusion_matrix": [
        [
          52,
          1,
          14,
          0,
          0
        ],
        [
          2,
          21,
          0,
          0,
          0
        ],
        [
          7,
          0,
          154,
          0,
          1
        ],
        [
          10,
          1,
          1,
          3,
          0
        ],
        [
          2,
          0,
          6,
          0,
          320
        ]
      ],
      "epoch_time": 345.4244637489319,
      "learning_rate": 7.5e-06
    }
  ]
}