{
  "dataset": "LINEAR",
  "model_type": "langevin",
  "sde_config": 1,
  "start_time": "20250830_095710",
  "date": "20250830",
  "epochs": [
    {
      "epoch": 1,
      "train_loss": 14.933588857834156,
      "train_acc": 50.24038461538461,
      "val_loss": 0.8664944557582631,
      "val_acc": 73.96733909702209,
      "timestamp": "2025-08-30 09:57:20",
      "train_f1": 47.06862771053441,
      "train_recall": 50.24038461538461,
      "val_f1": 64.16042418406235,
      "val_recall": 73.96733909702209,
      "confusion_matrix": [
        [
          0,
          0,
          45,
          0,
          17
        ],
        [
          0,
          0,
          0,
          0,
          19
        ],
        [
          0,
          0,
          411,
          0,
          9
        ],
        [
          0,
          0,
          110,
          0,
          54
        ],
        [
          0,
          0,
          17,
          0,
          359
        ]
      ],
      "class_accuracies": {
        "class_0": 0.0,
        "class_1": 0.0,
        "class_2": 97.85714285714285,
        "class_3": 0.0,
        "class_4": 95.47872340425532
      },
      "epoch_time": 10.150165557861328,
      "learning_rate": 3e-05
    },
    {
      "epoch": 2,
      "train_loss": 13.840789141104771,
      "train_acc": 72.5,
      "val_loss": 0.7982688335811391,
      "val_acc": 74.35158501440922,
      "timestamp": "2025-08-30 09:57:29",
      "train_f1": 65.63495476093077,
      "train_recall": 72.5,
      "val_f1": 64.7463436424318,
      "val_recall": 74.35158501440922,
      "confusion_matrix": [
        [
          0,
          0,
          36,
          0,
          26
        ],
        [
          0,
          0,
          0,
          0,
          19
        ],
        [
          0,
          0,
          408,
          0,
          12
        ],
        [
          0,
          0,
          31,
          0,
          133
        ],
        [
          0,
          0,
          10,
          0,
          366
        ]
      ],
      "class_accuracies": {
        "class_0": 0.0,
        "class_1": 0.0,
        "class_2": 97.14285714285714,
        "class_3": 0.0,
        "class_4": 97.3404255319149
      },
      "epoch_time": 8.465728282928467,
      "learning_rate": 3e-05
    },
    {
      "epoch": 3,
      "train_loss": 12.835697304285489,
      "train_acc": 79.11057692307692,
      "val_loss": 0.7808664020370034,
      "val_acc": 82.80499519692603,
      "timestamp": "2025-08-30 09:57:37",
      "train_f1": 75.63660995294204,
      "train_recall": 79.11057692307692,
      "val_f1": 79.10230577344598,
      "val_recall": 82.80499519692603,
      "confusion_matrix": [
        [
          0,
          0,
          28,
          17,
          17
        ],
        [
          0,
          0,
          0,
          0,
          19
        ],
        [
          0,
          0,
          402,
          9,
          9
        ],
        [
          0,
          0,
          9,
          101,
          54
        ],
        [
          0,
          0,
          10,
          7,
          359
        ]
      ],
      "class_accuracies": {
        "class_0": 0.0,
        "class_1": 0.0,
        "class_2": 95.71428571428572,
        "class_3": 61.58536585365854,
        "class_4": 95.47872340425532
      },
      "epoch_time": 8.488200902938843,
      "learning_rate": 3e-05
    },
    {
      "epoch": 4,
      "train_loss": 12.469896936416626,
      "train_acc": 84.03846153846153,
      "val_loss": 0.7508073869873496,
      "val_acc": 86.26320845341019,
      "timestamp": "2025-08-30 09:57:46",
      "train_f1": 81.67476810194378,
      "train_recall": 84.03846153846153,
      "val_f1": 82.82704877288805,
      "val_recall": 86.26320845341017,
      "confusion_matrix": [
        [
          0,
          0,
          31,
          22,
          9
        ],
        [
          0,
          0,
          0,
          0,
          19
        ],
        [
          0,
          0,
          404,
          11,
          5
        ],
        [
          0,
          0,
          13,
          142,
          9
        ],
        [
          0,
          0,
          10,
          14,
          352
        ]
      ],
      "class_accuracies": {
        "class_0": 0.0,
        "class_1": 0.0,
        "class_2": 96.19047619047619,
        "class_3": 86.58536585365853,
        "class_4": 93.61702127659575
      },
      "epoch_time": 8.478944778442383,
      "learning_rate": 3e-05
    },
    {
      "epoch": 5,
      "train_loss": 12.159039944868821,
      "train_acc": 85.4326923076923,
      "val_loss": 0.7416201023494496,
      "val_acc": 86.26320845341019,
      "timestamp": "2025-08-30 09:57:55",
      "train_f1": 82.8289381962194,
      "train_recall": 85.4326923076923,
      "val_f1": 82.83559953059057,
      "val_recall": 86.26320845341017,
      "confusion_matrix": [
        [
          0,
          0,
          29,
          23,
          10
        ],
        [
          0,
          0,
          0,
          0,
          19
        ],
        [
          0,
          0,
          402,
          13,
          5
        ],
        [
          0,
          0,
          9,
          142,
          13
        ],
        [
          0,
          0,
          10,
          12,
          354
        ]
      ],
      "epoch_time": 8.465022325515747,
      "learning_rate": 3e-05
    },
    {
      "epoch": 6,
      "train_loss": 11.958030515450698,
      "train_acc": 86.29807692307692,
      "val_loss": 0.7750208307715023,
      "val_acc": 77.80979827089337,
      "timestamp": "2025-08-30 09:58:05",
      "train_f1": 83.68381815672089,
      "train_recall": 86.29807692307693,
      "val_f1": 74.72252608088421,
      "val_recall": 77.80979827089337,
      "confusion_matrix": [
        [
          0,
          0,
          25,
          20,
          17
        ],
        [
          0,
          0,
          0,
          0,
          19
        ],
        [
          0,
          0,
          356,
          55,
          9
        ],
        [
          0,
          0,
          4,
          94,
          66
        ],
        [
          0,
          0,
          8,
          8,
          360
        ]
      ],
      "epoch_time": 9.792709350585938,
      "learning_rate": 3e-05
    },
    {
      "epoch": 7,
      "train_loss": 11.99592609313818,
      "train_acc": 86.22596153846153,
      "val_loss": 0.7282102633925045,
      "val_acc": 86.6474543707973,
      "timestamp": "2025-08-30 09:58:13",
      "train_f1": 83.58542799913376,
      "train_recall": 86.22596153846153,
      "val_f1": 83.2964447373869,
      "val_recall": 86.6474543707973,
      "confusion_matrix": [
        [
          0,
          0,
          31,
          24,
          7
        ],
        [
          0,
          0,
          0,
          0,
          19
        ],
        [
          0,
          0,
          403,
          15,
          2
        ],
        [
          0,
          0,
          12,
          151,
          1
        ],
        [
          0,
          0,
          10,
          18,
          348
        ]
      ],
      "class_accuracies": {
        "class_0": 0.0,
        "class_1": 0.0,
        "class_2": 95.95238095238095,
        "class_3": 92.07317073170732,
        "class_4": 92.5531914893617
      },
      "epoch_time": 8.486518383026123,
      "learning_rate": 3e-05
    },
    {
      "epoch": 8,
      "train_loss": 11.963071563610663,
      "train_acc": 86.70673076923077,
      "val_loss": 0.7259234821095186,
      "val_acc": 86.74351585014409,
      "timestamp": "2025-08-30 09:58:22",
      "train_f1": 84.01904136114136,
      "train_recall": 86.70673076923077,
      "val_f1": 83.36864136651792,
      "val_recall": 86.74351585014409,
      "confusion_matrix": [
        [
          0,
          0,
          29,
          24,
          9
        ],
        [
          0,
          0,
          0,
          0,
          19
        ],
        [
          0,
          0,
          402,
          15,
          3
        ],
        [
          0,
          0,
          10,
          151,
          3
        ],
        [
          0,
          0,
          10,
          16,
          350
        ]
      ],
      "class_accuracies": {
        "class_0": 0.0,
        "class_1": 0.0,
        "class_2": 95.71428571428572,
        "class_3": 92.07317073170732,
        "class_4": 93.08510638297872
      },
      "epoch_time": 8.478840827941895,
      "learning_rate": 3e-05
    },
    {
      "epoch": 9,
      "train_loss": 11.922152998814216,
      "train_acc": 86.77884615384616,
      "val_loss": 0.7264350231956033,
      "val_acc": 85.87896253602305,
      "timestamp": "2025-08-30 09:58:31",
      "train_f1": 84.05720311205742,
      "train_recall": 86.77884615384616,
      "val_f1": 82.5978648127086,
      "val_recall": 85.87896253602305,
      "confusion_matrix": [
        [
          0,
          0,
          28,
          25,
          9
        ],
        [
          0,
          0,
          0,
          0,
          19
        ],
        [
          0,
          0,
          393,
          22,
          5
        ],
        [
          0,
          0,
          7,
          150,
          7
        ],
        [
          0,
          0,
          9,
          16,
          351
        ]
      ],
      "epoch_time": 8.540132999420166,
      "learning_rate": 3e-05
    },
    {
      "epoch": 10,
      "train_loss": 11.860070631137262,
      "train_acc": 86.97115384615384,
      "val_loss": 0.7315398875404807,
      "val_acc": 85.01440922190201,
      "timestamp": "2025-08-30 09:58:39",
      "train_f1": 84.31898163273476,
      "train_recall": 86.97115384615385,
      "val_f1": 81.8131231453534,
      "val_recall": 85.01440922190201,
      "confusion_matrix": [
        [
          0,
          0,
          26,
          26,
          10
        ],
        [
          0,
          0,
          0,
          0,
          19
        ],
        [
          0,
          0,
          385,
          30,
          5
        ],
        [
          0,
          0,
          6,
          146,
          12
        ],
        [
          0,
          0,
          9,
          13,
          354
        ]
      ],
      "epoch_time": 8.493753910064697,
      "learning_rate": 3e-05
    },
    {
      "epoch": 11,
      "train_loss": 11.846589013246389,
      "train_acc": 86.63461538461539,
      "val_loss": 0.7225385588758132,
      "val_acc": 86.83957732949088,
      "timestamp": "2025-08-30 09:58:49",
      "train_f1": 84.06698766785294,
      "train_recall": 86.63461538461539,
      "val_f1": 83.46944793590181,
      "val_recall": 86.83957732949087,
      "confusion_matrix": [
        [
          0,
          0,
          29,
          24,
          9
        ],
        [
          0,
          0,
          0,
          0,
          19
        ],
        [
          0,
          0,
          402,
          15,
          3
        ],
        [
          0,
          0,
          9,
          153,
          2
        ],
        [
          0,
          0,
          10,
          17,
          349
        ]
      ],
      "class_accuracies": {
        "class_0": 0.0,
        "class_1": 0.0,
        "class_2": 95.71428571428572,
        "class_3": 93.29268292682927,
        "class_4": 92.81914893617021
      },
      "epoch_time": 9.172354459762573,
      "learning_rate": 3e-05
    },
    {
      "epoch": 12,
      "train_loss": 11.769453161496383,
      "train_acc": 87.1875,
      "val_loss": 0.722477888359743,
      "val_acc": 86.55139289145053,
      "timestamp": "2025-08-30 09:58:58",
      "train_f1": 84.50700738127051,
      "train_recall": 87.1875,
      "val_f1": 83.22531302236243,
      "val_recall": 86.55139289145053,
      "confusion_matrix": [
        [
          0,
          0,
          28,
          25,
          9
        ],
        [
          0,
          0,
          0,
          0,
          19
        ],
        [
          0,
          0,
          397,
          20,
          3
        ],
        [
          0,
          0,
          7,
          153,
          4
        ],
        [
          0,
          0,
          10,
          15,
          351
        ]
      ],
      "epoch_time": 9.04432725906372,
      "learning_rate": 1.5e-05
    },
    {
      "epoch": 13,
      "train_loss": 11.787659515784338,
      "train_acc": 87.40384615384616,
      "val_loss": 0.72444648251814,
      "val_acc": 85.49471661863593,
      "timestamp": "2025-08-30 09:59:06",
      "train_f1": 84.72725689923072,
      "train_recall": 87.40384615384616,
      "val_f1": 82.31308319714172,
      "val_recall": 85.49471661863592,
      "confusion_matrix": [
        [
          0,
          0,
          26,
          27,
          9
        ],
        [
          0,
          0,
          0,
          0,
          19
        ],
        [
          0,
          0,
          387,
          29,
          4
        ],
        [
          0,
          0,
          6,
          152,
          6
        ],
        [
          0,
          0,
          9,
          16,
          351
        ]
      ],
      "epoch_time": 8.457441568374634,
      "learning_rate": 1.5e-05
    },
    {
      "epoch": 14,
      "train_loss": 11.731635986841642,
      "train_acc": 87.45192307692308,
      "val_loss": 0.7194270316292258,
      "val_acc": 86.6474543707973,
      "timestamp": "2025-08-30 09:59:15",
      "train_f1": 84.86342604373705,
      "train_recall": 87.45192307692308,
      "val_f1": 83.32562502033241,
      "val_recall": 86.6474543707973,
      "confusion_matrix": [
        [
          0,
          0,
          28,
          25,
          9
        ],
        [
          0,
          0,
          0,
          0,
          19
        ],
        [
          0,
          0,
          398,
          19,
          3
        ],
        [
          0,
          0,
          7,
          155,
          2
        ],
        [
          0,
          0,
          10,
          17,
          349
        ]
      ],
      "epoch_time": 8.512043237686157,
      "learning_rate": 1.5e-05
    },
    {
      "epoch": 15,
      "train_loss": 11.695344362809108,
      "train_acc": 87.74038461538461,
      "val_loss": 0.728935907868778,
      "val_acc": 83.95773294908741,
      "timestamp": "2025-08-30 09:59:24",
      "train_f1": 85.17806054520506,
      "train_recall": 87.74038461538461,
      "val_f1": 80.9560547583706,
      "val_recall": 83.95773294908741,
      "confusion_matrix": [
        [
          0,
          0,
          26,
          27,
          9
        ],
        [
          0,
          0,
          0,
          0,
          19
        ],
        [
          0,
          0,
          371,
          44,
          5
        ],
        [
          0,
          0,
          4,
          151,
          9
        ],
        [
          0,
          0,
          9,
          15,
          352
        ]
      ],
      "epoch_time": 8.479790687561035,
      "learning_rate": 1.5e-05
    },
    {
      "epoch": 16,
      "train_loss": 11.710281198758345,
      "train_acc": 86.9951923076923,
      "val_loss": 0.7211714667432448,
      "val_acc": 85.49471661863593,
      "timestamp": "2025-08-30 09:59:33",
      "train_f1": 84.40597483077656,
      "train_recall": 86.9951923076923,
      "val_f1": 82.36143459504991,
      "val_recall": 85.49471661863592,
      "confusion_matrix": [
        [
          0,
          0,
          26,
          27,
          9
        ],
        [
          0,
          0,
          0,
          0,
          19
        ],
        [
          0,
          0,
          384,
          33,
          3
        ],
        [
          0,
          0,
          5,
          156,
          3
        ],
        [
          0,
          0,
          9,
          17,
          350
        ]
      ],
      "epoch_time": 8.811990737915039,
      "learning_rate": 1.5e-05
    },
    {
      "epoch": 17,
      "train_loss": 11.735997176170349,
      "train_acc": 87.35576923076923,
      "val_loss": 0.7240966067594641,
      "val_acc": 85.01440922190201,
      "timestamp": "2025-08-30 09:59:42",
      "train_f1": 84.8889639160444,
      "train_recall": 87.35576923076923,
      "val_f1": 81.90493403254877,
      "val_recall": 85.01440922190201,
      "confusion_matrix": [
        [
          0,
          0,
          26,
          27,
          9
        ],
        [
          0,
          0,
          0,
          0,
          19
        ],
        [
          0,
          0,
          381,
          35,
          4
        ],
        [
          0,
          0,
          5,
          153,
          6
        ],
        [
          0,
          0,
          9,
          16,
          351
        ]
      ],
      "epoch_time": 9.366904258728027,
      "learning_rate": 1.5e-05
    },
    {
      "epoch": 18,
      "train_loss": 11.64994587806555,
      "train_acc": 87.76442307692308,
      "val_loss": 0.7159509518567253,
      "val_acc": 87.03170028818444,
      "timestamp": "2025-08-30 09:59:51",
      "train_f1": 85.3746361534882,
      "train_recall": 87.76442307692308,
      "val_f1": 83.73404889939063,
      "val_recall": 87.03170028818444,
      "confusion_matrix": [
        [
          0,
          0,
          28,
          27,
          7
        ],
        [
          0,
          0,
          0,
          0,
          19
        ],
        [
          1,
          0,
          402,
          15,
          2
        ],
        [
          0,
          0,
          7,
          156,
          1
        ],
        [
          0,
          0,
          10,
          18,
          348
        ]
      ],
      "class_accuracies": {
        "class_0": 0.0,
        "class_1": 0.0,
        "class_2": 95.71428571428572,
        "class_3": 95.1219512195122,
        "class_4": 92.5531914893617
      },
      "epoch_time": 8.485456943511963,
      "learning_rate": 1.5e-05
    },
    {
      "epoch": 19,
      "train_loss": 11.698467316077306,
      "train_acc": 87.54807692307692,
      "val_loss": 0.7186140558298897,
      "val_acc": 86.07108549471661,
      "timestamp": "2025-08-30 10:00:00",
      "train_f1": 85.48544071822597,
      "train_recall": 87.54807692307692,
      "val_f1": 82.9706606183821,
      "val_recall": 86.07108549471661,
      "confusion_matrix": [
        [
          0,
          0,
          27,
          26,
          9
        ],
        [
          0,
          0,
          0,
          0,
          19
        ],
        [
          4,
          0,
          389,
          24,
          3
        ],
        [
          0,
          0,
          5,
          156,
          3
        ],
        [
          0,
          0,
          10,
          15,
          351
        ]
      ],
      "epoch_time": 8.473014116287231,
      "learning_rate": 1.5e-05
    },
    {
      "epoch": 20,
      "train_loss": 11.640551791741299,
      "train_acc": 87.3076923076923,
      "val_loss": 0.722066202584435,
      "val_acc": 85.78290105667627,
      "timestamp": "2025-08-30 10:00:08",
      "train_f1": 85.34207378804457,
      "train_recall": 87.3076923076923,
      "val_f1": 84.02151211517,
      "val_recall": 85.78290105667628,
      "confusion_matrix": [
        [
          2,
          0,
          24,
          27,
          9
        ],
        [
          0,
          15,
          0,
          0,
          4
        ],
        [
          6,
          0,
          373,
          37,
          4
        ],
        [
          0,
          0,
          4,
          153,
          7
        ],
        [
          0,
          1,
          9,
          16,
          350
        ]
      ],
      "epoch_time": 8.488401174545288,
      "learning_rate": 1.5e-05
    },
    {
      "epoch": 21,
      "train_loss": 11.670900958317977,
      "train_acc": 87.45192307692308,
      "val_loss": 0.7246838422382579,
      "val_acc": 86.1671469740634,
      "timestamp": "2025-08-30 10:00:17",
      "train_f1": 85.76324841650003,
      "train_recall": 87.45192307692308,
      "val_f1": 84.04212485874802,
      "val_recall": 86.1671469740634,
      "confusion_matrix": [
        [
          0,
          0,
          26,
          27,
          9
        ],
        [
          0,
          19,
          0,
          0,
          0
        ],
        [
          3,
          0,
          377,
          36,
          4
        ],
        [
          0,
          0,
          4,
          152,
          8
        ],
        [
          0,
          2,
          9,
          16,
          349
        ]
      ],
      "epoch_time": 8.505361318588257,
      "learning_rate": 1.5e-05
    },
    {
      "epoch": 22,
      "train_loss": 11.667337849506964,
      "train_acc": 87.74038461538461,
      "val_loss": 0.7142208569190082,
      "val_acc": 88.2804995196926,
      "timestamp": "2025-08-30 10:00:26",
      "train_f1": 86.07216884289235,
      "train_recall": 87.74038461538461,
      "val_f1": 86.33244352851811,
      "val_recall": 88.2804995196926,
      "confusion_matrix": [
        [
          2,
          0,
          25,
          27,
          8
        ],
        [
          0,
          19,
          0,
          0,
          0
        ],
        [
          6,
          0,
          393,
          19,
          2
        ],
        [
          0,
          0,
          5,
          158,
          1
        ],
        [
          0,
          2,
          10,
          17,
          347
        ]
      ],
      "class_accuracies": {
        "class_0": 3.225806451612903,
        "class_1": 100.0,
        "class_2": 93.57142857142857,
        "class_3": 96.34146341463415,
        "class_4": 92.2872340425532
      },
      "epoch_time": 9.147810220718384,
      "learning_rate": 1.5e-05
    },
    {
      "epoch": 23,
      "train_loss": 11.670452301318829,
      "train_acc": 87.88461538461539,
      "val_loss": 0.7175899218110477,
      "val_acc": 87.41594620557157,
      "timestamp": "2025-08-30 10:00:36",
      "train_f1": 86.4920144508253,
      "train_recall": 87.88461538461539,
      "val_f1": 85.92555559363821,
      "val_recall": 87.41594620557157,
      "confusion_matrix": [
        [
          5,
          0,
          22,
          26,
          9
        ],
        [
          0,
          19,
          0,
          0,
          0
        ],
        [
          7,
          0,
          384,
          25,
          4
        ],
        [
          0,
          0,
          5,
          155,
          4
        ],
        [
          2,
          4,
          8,
          15,
          347
        ]
      ],
      "epoch_time": 9.181246280670166,
      "learning_rate": 7.5e-06
    },
    {
      "epoch": 24,
      "train_loss": 11.599140719267039,
      "train_acc": 87.83653846153847,
      "val_loss": 0.7247528784415301,
      "val_acc": 85.1104707012488,
      "timestamp": "2025-08-30 10:00:44",
      "train_f1": 86.66278160133666,
      "train_recall": 87.83653846153847,
      "val_f1": 83.85964510099106,
      "val_recall": 85.1104707012488,
      "confusion_matrix": [
        [
          5,
          0,
          21,
          27,
          9
        ],
        [
          0,
          19,
          0,
          0,
          0
        ],
        [
          6,
          0,
          374,
          36,
          4
        ],
        [
          0,
          0,
          4,
          153,
          7
        ],
        [
          1,
          16,
          8,
          16,
          335
        ]
      ],
      "epoch_time": 8.495213508605957,
      "learning_rate": 7.5e-06
    },
    {
      "epoch": 25,
      "train_loss": 11.648859135921185,
      "train_acc": 88.0048076923077,
      "val_loss": 0.7211062347187716,
      "val_acc": 86.6474543707973,
      "timestamp": "2025-08-30 10:00:53",
      "train_f1": 86.72306229312902,
      "train_recall": 88.0048076923077,
      "val_f1": 85.13604482133134,
      "val_recall": 86.6474543707973,
      "confusion_matrix": [
        [
          5,
          0,
          21,
          27,
          9
        ],
        [
          0,
          19,
          0,
          0,
          0
        ],
        [
          6,
          0,
          382,
          28,
          4
        ],
        [
          0,
          0,
          4,
          153,
          7
        ],
        [
          0,
          8,
          10,
          15,
          343
        ]
      ],
      "epoch_time": 8.499765634536743,
      "learning_rate": 7.5e-06
    },
    {
      "epoch": 26,
      "train_loss": 11.560208328870626,
      "train_acc": 88.41346153846153,
      "val_loss": 0.7166504369062536,
      "val_acc": 87.12776176753123,
      "timestamp": "2025-08-30 10:01:02",
      "train_f1": 86.94327769860631,
      "train_recall": 88.41346153846153,
      "val_f1": 85.23149239981612,
      "val_recall": 87.12776176753123,
      "confusion_matrix": [
        [
          2,
          0,
          24,
          27,
          9
        ],
        [
          0,
          19,
          0,
          0,
          0
        ],
        [
          6,
          0,
          385,
          25,
          4
        ],
        [
          0,
          0,
          5,
          154,
          5
        ],
        [
          0,
          4,
          10,
          15,
          347
        ]
      ],
      "epoch_time": 8.530456304550171,
      "learning_rate": 7.5e-06
    },
    {
      "epoch": 27,
      "train_loss": 11.660077846050262,
      "train_acc": 88.4375,
      "val_loss": 0.7146065866245943,
      "val_acc": 87.41594620557157,
      "timestamp": "2025-08-30 10:01:11",
      "train_f1": 86.88154061947077,
      "train_recall": 88.4375,
      "val_f1": 85.35932139264493,
      "val_recall": 87.41594620557157,
      "confusion_matrix": [
        [
          1,
          0,
          26,
          26,
          9
        ],
        [
          0,
          19,
          0,
          0,
          0
        ],
        [
          6,
          0,
          388,
          22,
          4
        ],
        [
          0,
          0,
          5,
          155,
          4
        ],
        [
          0,
          4,
          10,
          15,
          347
        ]
      ],
      "epoch_time": 8.904453754425049,
      "learning_rate": 7.5e-06
    },
    {
      "epoch": 28,
      "train_loss": 11.586777081856361,
      "train_acc": 88.4375,
      "val_loss": 0.724906819708207,
      "val_acc": 82.42074927953891,
      "timestamp": "2025-08-30 10:01:19",
      "train_f1": 86.77722508597924,
      "train_recall": 88.4375,
      "val_f1": 81.18226579307256,
      "val_recall": 82.42074927953891,
      "confusion_matrix": [
        [
          0,
          0,
          26,
          26,
          10
        ],
        [
          0,
          19,
          0,
          0,
          0
        ],
        [
          5,
          0,
          382,
          29,
          4
        ],
        [
          0,
          0,
          4,
          152,
          8
        ],
        [
          0,
          46,
          10,
          15,
          305
        ]
      ],
      "epoch_time": 8.658071279525757,
      "learning_rate": 7.5e-06
    },
    {
      "epoch": 29,
      "train_loss": 11.58340319119967,
      "train_acc": 88.5576923076923,
      "val_loss": 0.7188874763600966,
      "val_acc": 84.43804034582132,
      "timestamp": "2025-08-30 10:01:29",
      "train_f1": 86.98978997912248,
      "train_recall": 88.5576923076923,
      "val_f1": 83.17805737377509,
      "val_recall": 84.43804034582134,
      "confusion_matrix": [
        [
          2,
          0,
          25,
          26,
          9
        ],
        [
          0,
          19,
          0,
          0,
          0
        ],
        [
          6,
          0,
          393,
          17,
          4
        ],
        [
          0,
          0,
          5,
          154,
          5
        ],
        [
          0,
          40,
          10,
          15,
          311
        ]
      ],
      "epoch_time": 9.17142653465271,
      "learning_rate": 7.5e-06
    },
    {
      "epoch": 30,
      "train_loss": 11.633398850147541,
      "train_acc": 88.34134615384616,
      "val_loss": 0.7208322321667391,
      "val_acc": 83.38136407300672,
      "timestamp": "2025-08-30 10:01:38",
      "train_f1": 86.78170477857012,
      "train_recall": 88.34134615384616,
      "val_f1": 82.08514331529524,
      "val_recall": 83.38136407300672,
      "confusion_matrix": [
        [
          1,
          0,
          26,
          25,
          10
        ],
        [
          0,
          19,
          0,
          0,
          0
        ],
        [
          6,
          0,
          385,
          25,
          4
        ],
        [
          0,
          0,
          5,
          152,
          7
        ],
        [
          0,
          40,
          10,
          15,
          311
        ]
      ],
      "epoch_time": 8.620686769485474,
      "learning_rate": 7.5e-06
    },
    {
      "epoch": 31,
      "train_loss": 11.611514605925633,
      "train_acc": 88.53365384615384,
      "val_loss": 0.7182520592913908,
      "val_acc": 85.30259365994236,
      "timestamp": "2025-08-30 10:01:46",
      "train_f1": 86.93458542661371,
      "train_recall": 88.53365384615385,
      "val_f1": 83.31781586782353,
      "val_recall": 85.30259365994236,
      "confusion_matrix": [
        [
          0,
          0,
          27,
          25,
          10
        ],
        [
          0,
          19,
          0,
          0,
          0
        ],
        [
          4,
          0,
          387,
          25,
          4
        ],
        [
          0,
          0,
          5,
          152,
          7
        ],
        [
          0,
          21,
          10,
          15,
          330
        ]
      ],
      "epoch_time": 8.532955169677734,
      "learning_rate": 7.5e-06
    },
    {
      "epoch": 32,
      "train_loss": 11.607376341636364,
      "train_acc": 88.53365384615384,
      "val_loss": 0.7214722738546484,
      "val_acc": 83.76560999039386,
      "timestamp": "2025-08-30 10:01:55",
      "train_f1": 86.99587169271065,
      "train_recall": 88.53365384615385,
      "val_f1": 82.49461011465765,
      "val_recall": 83.76560999039386,
      "confusion_matrix": [
        [
          2,
          0,
          24,
          26,
          10
        ],
        [
          0,
          19,
          0,
          0,
          0
        ],
        [
          6,
          0,
          381,
          29,
          4
        ],
        [
          0,
          0,
          4,
          153,
          7
        ],
        [
          0,
          35,
          10,
          14,
          317
        ]
      ],
      "epoch_time": 8.526848554611206,
      "learning_rate": 7.5e-06
    },
    {
      "epoch": 33,
      "train_loss": 11.56972721356612,
      "train_acc": 88.53365384615384,
      "val_loss": 0.7236522050464854,
      "val_acc": 81.65225744476464,
      "timestamp": "2025-08-30 10:02:04",
      "train_f1": 86.9632334164293,
      "train_recall": 88.53365384615385,
      "val_f1": 81.02156340724757,
      "val_recall": 81.65225744476466,
      "confusion_matrix": [
        [
          1,
          0,
          26,
          26,
          9
        ],
        [
          0,
          19,
          0,
          0,
          0
        ],
        [
          5,
          0,
          394,
          17,
          4
        ],
        [
          0,
          0,
          5,
          153,
          6
        ],
        [
          0,
          68,
          10,
          15,
          283
        ]
      ],
      "epoch_time": 9.107110023498535,
      "learning_rate": 7.5e-06
    },
    {
      "epoch": 34,
      "train_loss": 11.575907989648671,
      "train_acc": 88.60576923076923,
      "val_loss": 0.7127564654630774,
      "val_acc": 86.74351585014409,
      "timestamp": "2025-08-30 10:02:13",
      "train_f1": 87.0951049385823,
      "train_recall": 88.60576923076923,
      "val_f1": 84.887311087128,
      "val_recall": 86.74351585014409,
      "confusion_matrix": [
        [
          2,
          0,
          24,
          27,
          9
        ],
        [
          0,
          19,
          0,
          0,
          0
        ],
        [
          6,
          0,
          384,
          26,
          4
        ],
        [
          0,
          0,
          4,
          155,
          5
        ],
        [
          0,
          8,
          10,
          15,
          343
        ]
      ],
      "epoch_time": 8.527618885040283,
      "learning_rate": 3.75e-06
    },
    {
      "epoch": 35,
      "train_loss": 11.57097698358389,
      "train_acc": 88.41346153846153,
      "val_loss": 0.7183115868007436,
      "val_acc": 83.18924111431316,
      "timestamp": "2025-08-30 10:02:21",
      "train_f1": 86.74349197507256,
      "train_recall": 88.41346153846153,
      "val_f1": 82.03646168025419,
      "val_recall": 83.18924111431316,
      "confusion_matrix": [
        [
          1,
          0,
          26,
          26,
          9
        ],
        [
          0,
          19,
          0,
          0,
          0
        ],
        [
          6,
          0,
          388,
          22,
          4
        ],
        [
          0,
          0,
          5,
          153,
          6
        ],
        [
          0,
          46,
          10,
          15,
          305
        ]
      ],
      "epoch_time": 8.470752477645874,
      "learning_rate": 3.75e-06
    },
    {
      "epoch": 36,
      "train_loss": 11.563976788520813,
      "train_acc": 88.36538461538461,
      "val_loss": 0.7193034256205839,
      "val_acc": 83.76560999039386,
      "timestamp": "2025-08-30 10:02:30",
      "train_f1": 86.81012254395166,
      "train_recall": 88.36538461538461,
      "val_f1": 82.35265955593637,
      "val_recall": 83.76560999039386,
      "confusion_matrix": [
        [
          1,
          0,
          25,
          26,
          10
        ],
        [
          0,
          19,
          0,
          0,
          0
        ],
        [
          6,
          0,
          381,
          29,
          4
        ],
        [
          0,
          0,
          4,
          153,
          7
        ],
        [
          0,
          34,
          10,
          14,
          318
        ]
      ],
      "epoch_time": 8.473667860031128,
      "learning_rate": 3.75e-06
    },
    {
      "epoch": 37,
      "train_loss": 11.527903185440945,
      "train_acc": 88.82211538461539,
      "val_loss": 0.7178464041036718,
      "val_acc": 84.14985590778097,
      "timestamp": "2025-08-30 10:02:39",
      "train_f1": 87.09991929727052,
      "train_recall": 88.82211538461539,
      "val_f1": 82.64894536172552,
      "val_recall": 84.14985590778097,
      "confusion_matrix": [
        [
          1,
          0,
          26,
          25,
          10
        ],
        [
          0,
          19,
          0,
          0,
          0
        ],
        [
          4,
          0,
          388,
          24,
          4
        ],
        [
          0,
          0,
          5,
          153,
          6
        ],
        [
          0,
          36,
          10,
          15,
          315
        ]
      ],
      "epoch_time": 8.524809122085571,
      "learning_rate": 3.75e-06
    },
    {
      "epoch": 38,
      "train_loss": 11.596184902007764,
      "train_acc": 88.5576923076923,
      "val_loss": 0.7243696906987358,
      "val_acc": 81.74831892411143,
      "timestamp": "2025-08-30 10:02:47",
      "train_f1": 86.97398018490887,
      "train_recall": 88.5576923076923,
      "val_f1": 80.89453343381686,
      "val_recall": 81.74831892411143,
      "confusion_matrix": [
        [
          1,
          0,
          25,
          26,
          10
        ],
        [
          0,
          19,
          0,
          0,
          0
        ],
        [
          4,
          0,
          383,
          29,
          4
        ],
        [
          0,
          0,
          4,
          152,
          8
        ],
        [
          0,
          57,
          10,
          13,
          296
        ]
      ],
      "epoch_time": 8.510509252548218,
      "learning_rate": 3.75e-06
    },
    {
      "epoch": 39,
      "train_loss": 11.54867075773386,
      "train_acc": 88.41346153846153,
      "val_loss": 0.716679152320413,
      "val_acc": 84.0537944284342,
      "timestamp": "2025-08-30 10:02:58",
      "train_f1": 86.90828355900834,
      "train_recall": 88.41346153846153,
      "val_f1": 82.79515995007044,
      "val_recall": 84.0537944284342,
      "confusion_matrix": [
        [
          2,
          0,
          25,
          26,
          9
        ],
        [
          0,
          19,
          0,
          0,
          0
        ],
        [
          6,
          0,
          388,
          22,
          4
        ],
        [
          0,
          0,
          5,
          153,
          6
        ],
        [
          0,
          38,
          10,
          15,
          313
        ]
      ],
      "epoch_time": 10.456830978393555,
      "learning_rate": 3.75e-06
    },
    {
      "epoch": 40,
      "train_loss": 11.600968381991754,
      "train_acc": 88.58173076923077,
      "val_loss": 0.7257818439427544,
      "val_acc": 80.69164265129683,
      "timestamp": "2025-08-30 10:03:07",
      "train_f1": 87.07091125768872,
      "train_recall": 88.58173076923077,
      "val_f1": 80.2773834856274,
      "val_recall": 80.69164265129683,
      "confusion_matrix": [
        [
          2,
          0,
          24,
          26,
          10
        ],
        [
          0,
          19,
          0,
          0,
          0
        ],
        [
          6,
          0,
          380,
          30,
          4
        ],
        [
          0,
          0,
          4,
          151,
          9
        ],
        [
          0,
          65,
          10,
          13,
          288
        ]
      ],
      "epoch_time": 8.501155138015747,
      "learning_rate": 3.75e-06
    },
    {
      "epoch": 41,
      "train_loss": 11.595509069699508,
      "train_acc": 88.5576923076923,
      "val_loss": 0.7216277753605562,
      "val_acc": 82.9971181556196,
      "timestamp": "2025-08-30 10:03:15",
      "train_f1": 87.05433306508849,
      "train_recall": 88.5576923076923,
      "val_f1": 82.20110877421114,
      "val_recall": 82.9971181556196,
      "confusion_matrix": [
        [
          4,
          0,
          22,
          26,
          10
        ],
        [
          0,
          19,
          0,
          0,
          0
        ],
        [
          6,
          0,
          382,
          28,
          4
        ],
        [
          0,
          0,
          4,
          150,
          10
        ],
        [
          0,
          45,
          10,
          12,
          309
        ]
      ],
      "epoch_time": 8.453241109848022,
      "learning_rate": 3.75e-06
    },
    {
      "epoch": 42,
      "train_loss": 11.608686967079455,
      "train_acc": 88.53365384615384,
      "val_loss": 0.7209217793801251,
      "val_acc": 83.18924111431316,
      "timestamp": "2025-08-30 10:03:24",
      "train_f1": 86.98170555061917,
      "train_recall": 88.53365384615385,
      "val_f1": 82.15510080608576,
      "val_recall": 83.18924111431316,
      "confusion_matrix": [
        [
          2,
          0,
          24,
          26,
          10
        ],
        [
          0,
          19,
          0,
          0,
          0
        ],
        [
          6,
          0,
          384,
          26,
          4
        ],
        [
          0,
          0,
          4,
          153,
          7
        ],
        [
          0,
          45,
          10,
          13,
          308
        ]
      ],
      "epoch_time": 8.456449270248413,
      "learning_rate": 3.75e-06
    },
    {
      "epoch": 43,
      "train_loss": 11.582409747747274,
      "train_acc": 88.5576923076923,
      "val_loss": 0.721609024440541,
      "val_acc": 82.9971181556196,
      "timestamp": "2025-08-30 10:03:33",
      "train_f1": 87.2085352753848,
      "train_recall": 88.5576923076923,
      "val_f1": 82.36238271687397,
      "val_recall": 82.9971181556196,
      "confusion_matrix": [
        [
          5,
          0,
          21,
          26,
          10
        ],
        [
          0,
          19,
          0,
          0,
          0
        ],
        [
          6,
          0,
          382,
          28,
          4
        ],
        [
          0,
          0,
          4,
          152,
          8
        ],
        [
          0,
          47,
          10,
          13,
          306
        ]
      ],
      "epoch_time": 8.478616952896118,
      "learning_rate": 3.75e-06
    },
    {
      "epoch": 44,
      "train_loss": 11.572544484872084,
      "train_acc": 88.50961538461539,
      "val_loss": 0.7281224166645723,
      "val_acc": 79.92315081652258,
      "timestamp": "2025-08-30 10:03:41",
      "train_f1": 87.17222625946529,
      "train_recall": 88.50961538461539,
      "val_f1": 79.98157021640104,
      "val_recall": 79.92315081652256,
      "confusion_matrix": [
        [
          5,
          0,
          20,
          27,
          10
        ],
        [
          0,
          19,
          0,
          0,
          0
        ],
        [
          6,
          0,
          368,
          42,
          4
        ],
        [
          0,
          0,
          4,
          149,
          11
        ],
        [
          1,
          63,
          7,
          14,
          291
        ]
      ],
      "epoch_time": 8.489993810653687,
      "learning_rate": 3.75e-06
    },
    {
      "epoch": 45,
      "train_loss": 11.549824657806983,
      "train_acc": 88.26923076923077,
      "val_loss": 0.7199382606674644,
      "val_acc": 83.86167146974063,
      "timestamp": "2025-08-30 10:03:51",
      "train_f1": 86.90240351021818,
      "train_recall": 88.26923076923077,
      "val_f1": 83.1912657965525,
      "val_recall": 83.86167146974063,
      "confusion_matrix": [
        [
          6,
          0,
          20,
          26,
          10
        ],
        [
          0,
          19,
          0,
          0,
          0
        ],
        [
          7,
          0,
          384,
          25,
          4
        ],
        [
          0,
          0,
          4,
          151,
          9
        ],
        [
          2,
          40,
          8,
          13,
          313
        ]
      ],
      "epoch_time": 9.408954620361328,
      "learning_rate": 1.875e-06
    },
    {
      "epoch": 46,
      "train_loss": 11.566005934201755,
      "train_acc": 88.65384615384616,
      "val_loss": 0.7182112301097197,
      "val_acc": 85.01440922190201,
      "timestamp": "2025-08-30 10:04:00",
      "train_f1": 87.29630664576548,
      "train_recall": 88.65384615384615,
      "val_f1": 83.88472801505299,
      "val_recall": 85.01440922190201,
      "confusion_matrix": [
        [
          5,
          0,
          21,
          26,
          10
        ],
        [
          0,
          19,
          0,
          0,
          0
        ],
        [
          7,
          0,
          379,
          30,
          4
        ],
        [
          0,
          0,
          4,
          153,
          7
        ],
        [
          2,
          24,
          8,
          13,
          329
        ]
      ],
      "epoch_time": 8.954709768295288,
      "learning_rate": 1.875e-06
    },
    {
      "epoch": 47,
      "train_loss": 11.559805399637956,
      "train_acc": 88.4375,
      "val_loss": 0.7212534546852112,
      "val_acc": 83.09317963496638,
      "timestamp": "2025-08-30 10:04:09",
      "train_f1": 86.98637165626012,
      "train_recall": 88.4375,
      "val_f1": 82.5102163794308,
      "val_recall": 83.09317963496638,
      "confusion_matrix": [
        [
          5,
          0,
          21,
          26,
          10
        ],
        [
          0,
          19,
          0,
          0,
          0
        ],
        [
          7,
          0,
          380,
          29,
          4
        ],
        [
          0,
          0,
          4,
          153,
          7
        ],
        [
          2,
          45,
          8,
          13,
          308
        ]
      ],
      "epoch_time": 8.463499307632446,
      "learning_rate": 1.875e-06
    },
    {
      "epoch": 48,
      "train_loss": 11.545326118285839,
      "train_acc": 88.48557692307692,
      "val_loss": 0.7264599694925196,
      "val_acc": 81.46013448607108,
      "timestamp": "2025-08-30 10:04:17",
      "train_f1": 87.07494983219952,
      "train_recall": 88.48557692307692,
      "val_f1": 81.39511071091927,
      "val_recall": 81.46013448607108,
      "confusion_matrix": [
        [
          5,
          0,
          21,
          26,
          10
        ],
        [
          0,
          19,
          0,
          0,
          0
        ],
        [
          6,
          0,
          385,
          25,
          4
        ],
        [
          0,
          0,
          4,
          153,
          7
        ],
        [
          1,
          67,
          9,
          13,
          286
        ]
      ],
      "epoch_time": 8.46401572227478,
      "learning_rate": 1.875e-06
    },
    {
      "epoch": 49,
      "train_loss": 11.560502288891719,
      "train_acc": 88.3173076923077,
      "val_loss": 0.7197567364748787,
      "val_acc": 83.38136407300672,
      "timestamp": "2025-08-30 10:04:26",
      "train_f1": 86.76796875339956,
      "train_recall": 88.3173076923077,
      "val_f1": 82.50767475387613,
      "val_recall": 83.38136407300672,
      "confusion_matrix": [
        [
          4,
          0,
          22,
          26,
          10
        ],
        [
          0,
          19,
          0,
          0,
          0
        ],
        [
          6,
          0,
          382,
          28,
          4
        ],
        [
          0,
          0,
          4,
          153,
          7
        ],
        [
          0,
          42,
          10,
          14,
          310
        ]
      ],
      "epoch_time": 8.499709129333496,
      "learning_rate": 1.875e-06
    },
    {
      "epoch": 50,
      "train_loss": 11.583438004897191,
      "train_acc": 88.6298076923077,
      "val_loss": 0.7238000385901507,
      "val_acc": 82.22862632084534,
      "timestamp": "2025-08-30 10:04:34",
      "train_f1": 87.11837887710374,
      "train_recall": 88.6298076923077,
      "val_f1": 81.8822531965473,
      "val_recall": 82.22862632084535,
      "confusion_matrix": [
        [
          5,
          0,
          21,
          26,
          10
        ],
        [
          0,
          19,
          0,
          0,
          0
        ],
        [
          6,
          0,
          385,
          25,
          4
        ],
        [
          0,
          0,
          4,
          151,
          9
        ],
        [
          1,
          57,
          9,
          13,
          296
        ]
      ],
      "epoch_time": 8.524662733078003,
      "learning_rate": 1.875e-06
    }
  ]
}