{
  "dataset": "ASAS",
  "model_type": "linear_noise",
  "sde_config": 1,
  "start_time": "20250831_101449",
  "date": "20250831",
  "epochs": [
    {
      "epoch": 1,
      "train_loss": 15.292407975003526,
      "train_acc": 52.36486486486486,
      "val_loss": 0.6385257087255779,
      "val_acc": 55.12605042016807,
      "timestamp": "2025-08-31 10:14:56",
      "train_f1": 43.40417544872307,
      "train_recall": 52.36486486486487,
      "val_f1": 39.1795114578876,
      "val_recall": 55.12605042016807,
      "confusion_matrix": [
        [
          0,
          0,
          0,
          0,
          67
        ],
        [
          0,
          0,
          0,
          0,
          23
        ],
        [
          0,
          0,
          0,
          0,
          162
        ],
        [
          0,
          0,
          0,
          0,
          15
        ],
        [
          0,
          0,
          0,
          0,
          328
        ]
      ],
      "class_accuracies": {
        "class_0": 0.0,
        "class_1": 0.0,
        "class_2": 0.0,
        "class_3": 0.0,
        "class_4": 100.0
      },
      "epoch_time": 6.6100544929504395,
      "learning_rate": 3e-05
    },
    {
      "epoch": 2,
      "train_loss": 12.277777118054596,
      "train_acc": 54.94087837837838,
      "val_loss": 0.6111614155141931,
      "val_acc": 56.134453781512605,
      "timestamp": "2025-08-31 10:15:02",
      "train_f1": 41.83815839908332,
      "train_recall": 54.94087837837838,
      "val_f1": 41.95717304295578,
      "val_recall": 56.134453781512605,
      "confusion_matrix": [
        [
          0,
          0,
          0,
          0,
          67
        ],
        [
          0,
          0,
          1,
          0,
          22
        ],
        [
          0,
          0,
          8,
          0,
          154
        ],
        [
          0,
          0,
          1,
          0,
          14
        ],
        [
          0,
          0,
          2,
          0,
          326
        ]
      ],
      "class_accuracies": {
        "class_0": 0.0,
        "class_1": 0.0,
        "class_2": 4.938271604938271,
        "class_3": 0.0,
        "class_4": 99.39024390243902
      },
      "epoch_time": 5.91534423828125,
      "learning_rate": 3e-05
    },
    {
      "epoch": 3,
      "train_loss": 11.611251369521424,
      "train_acc": 55.27871621621622,
      "val_loss": 0.5515373929550773,
      "val_acc": 57.142857142857146,
      "timestamp": "2025-08-31 10:15:08",
      "train_f1": 45.75284017707012,
      "train_recall": 55.27871621621622,
      "val_f1": 50.33815726848716,
      "val_recall": 57.14285714285714,
      "confusion_matrix": [
        [
          1,
          0,
          13,
          0,
          53
        ],
        [
          5,
          3,
          11,
          0,
          4
        ],
        [
          0,
          0,
          47,
          0,
          115
        ],
        [
          0,
          2,
          4,
          0,
          9
        ],
        [
          0,
          0,
          39,
          0,
          289
        ]
      ],
      "class_accuracies": {
        "class_0": 1.4925373134328357,
        "class_1": 13.043478260869565,
        "class_2": 29.01234567901235,
        "class_3": 0.0,
        "class_4": 88.10975609756098
      },
      "epoch_time": 5.9615724086761475,
      "learning_rate": 3e-05
    },
    {
      "epoch": 4,
      "train_loss": 10.048673028881485,
      "train_acc": 58.9527027027027,
      "val_loss": 0.464500671938846,
      "val_acc": 62.857142857142854,
      "timestamp": "2025-08-31 10:15:14",
      "train_f1": 53.81872014643001,
      "train_recall": 58.952702702702695,
      "val_f1": 57.5127138301208,
      "val_recall": 62.857142857142854,
      "confusion_matrix": [
        [
          15,
          2,
          16,
          0,
          34
        ],
        [
          2,
          20,
          1,
          0,
          0
        ],
        [
          0,
          0,
          40,
          0,
          122
        ],
        [
          0,
          4,
          2,
          0,
          9
        ],
        [
          0,
          0,
          29,
          0,
          299
        ]
      ],
      "class_accuracies": {
        "class_0": 22.388059701492537,
        "class_1": 86.95652173913044,
        "class_2": 24.691358024691358,
        "class_3": 0.0,
        "class_4": 91.15853658536585
      },
      "epoch_time": 5.925912857055664,
      "learning_rate": 3e-05
    },
    {
      "epoch": 5,
      "train_loss": 8.167679385961714,
      "train_acc": 66.13175675675676,
      "val_loss": 0.35906225129177693,
      "val_acc": 71.26050420168067,
      "timestamp": "2025-08-31 10:15:20",
      "train_f1": 62.57968908498482,
      "train_recall": 66.13175675675676,
      "val_f1": 69.1938366352073,
      "val_recall": 71.26050420168067,
      "confusion_matrix": [
        [
          30,
          19,
          10,
          0,
          8
        ],
        [
          0,
          23,
          0,
          0,
          0
        ],
        [
          4,
          0,
          80,
          0,
          78
        ],
        [
          8,
          4,
          3,
          0,
          0
        ],
        [
          2,
          0,
          35,
          0,
          291
        ]
      ],
      "class_accuracies": {
        "class_0": 44.776119402985074,
        "class_1": 100.0,
        "class_2": 49.382716049382715,
        "class_3": 0.0,
        "class_4": 88.71951219512195
      },
      "epoch_time": 5.920859098434448,
      "learning_rate": 3e-05
    },
    {
      "epoch": 6,
      "train_loss": 6.690469156850028,
      "train_acc": 72.76182432432432,
      "val_loss": 0.3518957330992347,
      "val_acc": 65.54621848739495,
      "timestamp": "2025-08-31 10:15:26",
      "train_f1": 70.75659355743358,
      "train_recall": 72.76182432432432,
      "val_f1": 56.33069047391298,
      "val_recall": 65.54621848739495,
      "confusion_matrix": [
        [
          29,
          19,
          9,
          0,
          10
        ],
        [
          0,
          23,
          0,
          0,
          0
        ],
        [
          1,
          0,
          12,
          0,
          149
        ],
        [
          9,
          4,
          1,
          0,
          1
        ],
        [
          2,
          0,
          0,
          0,
          326
        ]
      ],
      "epoch_time": 5.90970516204834,
      "learning_rate": 3e-05
    },
    {
      "epoch": 7,
      "train_loss": 5.581501372158527,
      "train_acc": 77.95608108108108,
      "val_loss": 0.23258697516039797,
      "val_acc": 85.71428571428571,
      "timestamp": "2025-08-31 10:15:33",
      "train_f1": 76.3754289743207,
      "train_recall": 77.95608108108108,
      "val_f1": 84.29612014835318,
      "val_recall": 85.71428571428571,
      "confusion_matrix": [
        [
          50,
          11,
          5,
          0,
          1
        ],
        [
          0,
          23,
          0,
          0,
          0
        ],
        [
          8,
          0,
          111,
          0,
          43
        ],
        [
          10,
          4,
          0,
          0,
          1
        ],
        [
          2,
          0,
          0,
          0,
          326
        ]
      ],
      "class_accuracies": {
        "class_0": 74.6268656716418,
        "class_1": 100.0,
        "class_2": 68.51851851851852,
        "class_3": 0.0,
        "class_4": 99.39024390243902
      },
      "epoch_time": 5.929234027862549,
      "learning_rate": 3e-05
    },
    {
      "epoch": 8,
      "train_loss": 5.124638535887809,
      "train_acc": 78.88513513513513,
      "val_loss": 0.20083357550595937,
      "val_acc": 88.40336134453781,
      "timestamp": "2025-08-31 10:15:39",
      "train_f1": 77.47624824436417,
      "train_recall": 78.88513513513513,
      "val_f1": 86.30308454546015,
      "val_recall": 88.40336134453781,
      "confusion_matrix": [
        [
          63,
          0,
          4,
          0,
          0
        ],
        [
          23,
          0,
          0,
          0,
          0
        ],
        [
          13,
          0,
          137,
          0,
          12
        ],
        [
          14,
          0,
          0,
          0,
          1
        ],
        [
          2,
          0,
          0,
          0,
          326
        ]
      ],
      "class_accuracies": {
        "class_0": 94.02985074626866,
        "class_1": 0.0,
        "class_2": 84.5679012345679,
        "class_3": 0.0,
        "class_4": 99.39024390243902
      },
      "epoch_time": 5.936401844024658,
      "learning_rate": 3e-05
    },
    {
      "epoch": 9,
      "train_loss": 4.839915563528602,
      "train_acc": 78.33614864864865,
      "val_loss": 0.378630394214078,
      "val_acc": 67.22689075630252,
      "timestamp": "2025-08-31 10:15:45",
      "train_f1": 75.85761661444317,
      "train_recall": 78.33614864864865,
      "val_f1": 58.73802510827923,
      "val_recall": 67.22689075630252,
      "confusion_matrix": [
        [
          51,
          0,
          12,
          0,
          4
        ],
        [
          23,
          0,
          0,
          0,
          0
        ],
        [
          1,
          0,
          23,
          0,
          138
        ],
        [
          13,
          0,
          1,
          0,
          1
        ],
        [
          2,
          0,
          0,
          0,
          326
        ]
      ],
      "epoch_time": 5.923441648483276,
      "learning_rate": 3e-05
    },
    {
      "epoch": 10,
      "train_loss": 4.84813835713509,
      "train_acc": 80.74324324324324,
      "val_loss": 0.18194643094351418,
      "val_acc": 89.74789915966386,
      "timestamp": "2025-08-31 10:15:51",
      "train_f1": 78.38633318806295,
      "train_recall": 80.74324324324324,
      "val_f1": 87.45715786702432,
      "val_recall": 89.74789915966387,
      "confusion_matrix": [
        [
          61,
          0,
          6,
          0,
          0
        ],
        [
          23,
          0,
          0,
          0,
          0
        ],
        [
          5,
          0,
          148,
          0,
          9
        ],
        [
          14,
          0,
          1,
          0,
          0
        ],
        [
          2,
          0,
          1,
          0,
          325
        ]
      ],
      "class_accuracies": {
        "class_0": 91.04477611940298,
        "class_1": 0.0,
        "class_2": 91.35802469135803,
        "class_3": 0.0,
        "class_4": 99.08536585365853
      },
      "epoch_time": 5.9069883823394775,
      "learning_rate": 3e-05
    },
    {
      "epoch": 11,
      "train_loss": 4.585134577912253,
      "train_acc": 81.63006756756756,
      "val_loss": 0.39703516583693654,
      "val_acc": 68.57142857142857,
      "timestamp": "2025-08-31 10:15:57",
      "train_f1": 80.10205180641923,
      "train_recall": 81.63006756756756,
      "val_f1": 61.34321947415092,
      "val_recall": 68.57142857142857,
      "confusion_matrix": [
        [
          51,
          0,
          13,
          0,
          3
        ],
        [
          20,
          3,
          0,
          0,
          0
        ],
        [
          1,
          0,
          28,
          0,
          133
        ],
        [
          9,
          4,
          1,
          0,
          1
        ],
        [
          2,
          0,
          0,
          0,
          326
        ]
      ],
      "epoch_time": 6.027364730834961,
      "learning_rate": 3e-05
    },
    {
      "epoch": 12,
      "train_loss": 4.95728293020983,
      "train_acc": 82.55912162162163,
      "val_loss": 0.1675322404817531,
      "val_acc": 92.94117647058823,
      "timestamp": "2025-08-31 10:16:03",
      "train_f1": 81.75772293710489,
      "train_recall": 82.55912162162163,
      "val_f1": 91.84752519978686,
      "val_recall": 92.94117647058823,
      "confusion_matrix": [
        [
          54,
          3,
          10,
          0,
          0
        ],
        [
          2,
          21,
          0,
          0,
          0
        ],
        [
          3,
          0,
          153,
          0,
          6
        ],
        [
          10,
          4,
          1,
          0,
          0
        ],
        [
          2,
          0,
          1,
          0,
          325
        ]
      ],
      "class_accuracies": {
        "class_0": 80.59701492537313,
        "class_1": 91.30434782608695,
        "class_2": 94.44444444444444,
        "class_3": 0.0,
        "class_4": 99.08536585365853
      },
      "epoch_time": 5.9435272216796875,
      "learning_rate": 1.5e-05
    },
    {
      "epoch": 13,
      "train_loss": 3.715785825171986,
      "train_acc": 87.71114864864865,
      "val_loss": 0.2637436499721126,
      "val_acc": 81.34453781512605,
      "timestamp": "2025-08-31 10:16:09",
      "train_f1": 87.0755368791448,
      "train_recall": 87.71114864864865,
      "val_f1": 79.0090281874274,
      "val_recall": 81.34453781512605,
      "confusion_matrix": [
        [
          52,
          1,
          12,
          0,
          2
        ],
        [
          3,
          20,
          0,
          0,
          0
        ],
        [
          1,
          0,
          86,
          0,
          75
        ],
        [
          10,
          4,
          0,
          0,
          1
        ],
        [
          2,
          0,
          0,
          0,
          326
        ]
      ],
      "epoch_time": 5.920027494430542,
      "learning_rate": 1.5e-05
    },
    {
      "epoch": 14,
      "train_loss": 3.64614392947909,
      "train_acc": 88.09121621621621,
      "val_loss": 0.16377919990765422,
      "val_acc": 92.43697478991596,
      "timestamp": "2025-08-31 10:16:15",
      "train_f1": 87.377137657426,
      "train_recall": 88.09121621621621,
      "val_f1": 91.54414696188651,
      "val_recall": 92.43697478991596,
      "confusion_matrix": [
        [
          61,
          1,
          5,
          0,
          0
        ],
        [
          3,
          20,
          0,
          0,
          0
        ],
        [
          10,
          0,
          152,
          0,
          0
        ],
        [
          10,
          4,
          1,
          0,
          0
        ],
        [
          2,
          0,
          9,
          0,
          317
        ]
      ],
      "epoch_time": 5.897587537765503,
      "learning_rate": 1.5e-05
    },
    {
      "epoch": 15,
      "train_loss": 4.014056572640264,
      "train_acc": 86.7820945945946,
      "val_loss": 0.1743154996319821,
      "val_acc": 91.26050420168067,
      "timestamp": "2025-08-31 10:16:21",
      "train_f1": 86.13849773417127,
      "train_recall": 86.7820945945946,
      "val_f1": 90.0802293768186,
      "val_recall": 91.26050420168067,
      "confusion_matrix": [
        [
          53,
          3,
          11,
          0,
          0
        ],
        [
          1,
          22,
          0,
          0,
          0
        ],
        [
          3,
          0,
          142,
          0,
          17
        ],
        [
          10,
          4,
          0,
          0,
          1
        ],
        [
          2,
          0,
          0,
          0,
          326
        ]
      ],
      "epoch_time": 5.91187858581543,
      "learning_rate": 1.5e-05
    },
    {
      "epoch": 16,
      "train_loss": 3.7056390331000895,
      "train_acc": 88.55574324324324,
      "val_loss": 0.2899754800294575,
      "val_acc": 78.82352941176471,
      "timestamp": "2025-08-31 10:16:27",
      "train_f1": 87.80721039316415,
      "train_recall": 88.55574324324324,
      "val_f1": 75.92679229454096,
      "val_recall": 78.82352941176471,
      "confusion_matrix": [
        [
          48,
          3,
          14,
          0,
          2
        ],
        [
          2,
          21,
          0,
          0,
          0
        ],
        [
          1,
          0,
          74,
          0,
          87
        ],
        [
          9,
          4,
          1,
          0,
          1
        ],
        [
          2,
          0,
          0,
          0,
          326
        ]
      ],
      "epoch_time": 5.971299648284912,
      "learning_rate": 1.5e-05
    },
    {
      "epoch": 17,
      "train_loss": 3.6511060609608084,
      "train_acc": 87.88006756756756,
      "val_loss": 0.20866185544352783,
      "val_acc": 87.56302521008404,
      "timestamp": "2025-08-31 10:16:33",
      "train_f1": 87.1380624653398,
      "train_recall": 87.88006756756756,
      "val_f1": 86.17223786675426,
      "val_recall": 87.56302521008404,
      "confusion_matrix": [
        [
          50,
          3,
          14,
          0,
          0
        ],
        [
          2,
          21,
          0,
          0,
          0
        ],
        [
          2,
          0,
          124,
          0,
          36
        ],
        [
          10,
          4,
          0,
          0,
          1
        ],
        [
          2,
          0,
          0,
          0,
          326
        ]
      ],
      "epoch_time": 5.964528799057007,
      "learning_rate": 1.5e-05
    },
    {
      "epoch": 18,
      "train_loss": 3.5305089682743356,
      "train_acc": 88.51351351351352,
      "val_loss": 0.2448345085507945,
      "val_acc": 84.36974789915966,
      "timestamp": "2025-08-31 10:16:40",
      "train_f1": 87.83216460556578,
      "train_recall": 88.51351351351352,
      "val_f1": 82.60661514721195,
      "val_recall": 84.36974789915966,
      "confusion_matrix": [
        [
          51,
          3,
          12,
          0,
          1
        ],
        [
          2,
          21,
          0,
          0,
          0
        ],
        [
          2,
          0,
          104,
          0,
          56
        ],
        [
          10,
          4,
          0,
          0,
          1
        ],
        [
          2,
          0,
          0,
          0,
          326
        ]
      ],
      "epoch_time": 5.915675640106201,
      "learning_rate": 1.5e-05
    },
    {
      "epoch": 19,
      "train_loss": 3.3710958796578483,
      "train_acc": 89.7804054054054,
      "val_loss": 0.14903576358368523,
      "val_acc": 92.10084033613445,
      "timestamp": "2025-08-31 10:16:46",
      "train_f1": 89.0693783728697,
      "train_recall": 89.7804054054054,
      "val_f1": 90.97919835092057,
      "val_recall": 92.10084033613445,
      "confusion_matrix": [
        [
          53,
          3,
          11,
          0,
          0
        ],
        [
          2,
          21,
          0,
          0,
          0
        ],
        [
          3,
          0,
          149,
          0,
          10
        ],
        [
          10,
          4,
          0,
          0,
          1
        ],
        [
          2,
          0,
          1,
          0,
          325
        ]
      ],
      "epoch_time": 5.978977680206299,
      "learning_rate": 1.5e-05
    },
    {
      "epoch": 20,
      "train_loss": 3.426917493846771,
      "train_acc": 88.89358108108108,
      "val_loss": 0.1538075349832836,
      "val_acc": 92.60504201680672,
      "timestamp": "2025-08-31 10:16:52",
      "train_f1": 88.15835240645693,
      "train_recall": 88.89358108108108,
      "val_f1": 91.44665919836322,
      "val_recall": 92.60504201680672,
      "confusion_matrix": [
        [
          53,
          1,
          13,
          0,
          0
        ],
        [
          2,
          21,
          0,
          0,
          0
        ],
        [
          2,
          0,
          151,
          0,
          9
        ],
        [
          10,
          4,
          1,
          0,
          0
        ],
        [
          2,
          0,
          0,
          0,
          326
        ]
      ],
      "epoch_time": 5.976743698120117,
      "learning_rate": 1.5e-05
    },
    {
      "epoch": 21,
      "train_loss": 3.3133803501322463,
      "train_acc": 89.52702702702703,
      "val_loss": 0.14106386252924016,
      "val_acc": 93.27731092436974,
      "timestamp": "2025-08-31 10:16:58",
      "train_f1": 88.80515342094918,
      "train_recall": 89.52702702702703,
      "val_f1": 92.18202415409186,
      "val_recall": 93.27731092436974,
      "confusion_matrix": [
        [
          58,
          1,
          8,
          0,
          0
        ],
        [
          2,
          21,
          0,
          0,
          0
        ],
        [
          3,
          0,
          152,
          0,
          7
        ],
        [
          10,
          4,
          0,
          0,
          1
        ],
        [
          2,
          0,
          2,
          0,
          324
        ]
      ],
      "class_accuracies": {
        "class_0": 86.56716417910447,
        "class_1": 91.30434782608695,
        "class_2": 93.82716049382715,
        "class_3": 0.0,
        "class_4": 98.78048780487805
      },
      "epoch_time": 5.931222677230835,
      "learning_rate": 1.5e-05
    },
    {
      "epoch": 22,
      "train_loss": 3.3402616721955507,
      "train_acc": 88.97804054054055,
      "val_loss": 0.19669249575389058,
      "val_acc": 88.23529411764706,
      "timestamp": "2025-08-31 10:17:04",
      "train_f1": 88.2893311835415,
      "train_recall": 88.97804054054053,
      "val_f1": 86.88608593704215,
      "val_recall": 88.23529411764706,
      "confusion_matrix": [
        [
          54,
          2,
          10,
          0,
          1
        ],
        [
          2,
          21,
          0,
          0,
          0
        ],
        [
          3,
          0,
          124,
          0,
          35
        ],
        [
          10,
          4,
          0,
          0,
          1
        ],
        [
          2,
          0,
          0,
          0,
          326
        ]
      ],
      "epoch_time": 5.947901725769043,
      "learning_rate": 1.5e-05
    },
    {
      "epoch": 23,
      "train_loss": 3.3765118293262817,
      "train_acc": 88.85135135135135,
      "val_loss": 0.1353252937919215,
      "val_acc": 92.94117647058823,
      "timestamp": "2025-08-31 10:17:10",
      "train_f1": 88.16507285405358,
      "train_recall": 88.85135135135135,
      "val_f1": 91.83351504779456,
      "val_recall": 92.94117647058823,
      "confusion_matrix": [
        [
          54,
          2,
          11,
          0,
          0
        ],
        [
          2,
          21,
          0,
          0,
          0
        ],
        [
          3,
          0,
          153,
          0,
          6
        ],
        [
          10,
          4,
          1,
          0,
          0
        ],
        [
          2,
          0,
          1,
          0,
          325
        ]
      ],
      "epoch_time": 5.960932970046997,
      "learning_rate": 7.5e-06
    },
    {
      "epoch": 24,
      "train_loss": 2.8511426481040747,
      "train_acc": 91.04729729729729,
      "val_loss": 0.2701788901498443,
      "val_acc": 82.52100840336135,
      "timestamp": "2025-08-31 10:17:16",
      "train_f1": 90.2570558539485,
      "train_recall": 91.0472972972973,
      "val_f1": 80.4019540817122,
      "val_recall": 82.52100840336134,
      "confusion_matrix": [
        [
          52,
          2,
          11,
          0,
          2
        ],
        [
          2,
          21,
          0,
          0,
          0
        ],
        [
          2,
          0,
          92,
          0,
          68
        ],
        [
          10,
          4,
          0,
          0,
          1
        ],
        [
          2,
          0,
          0,
          0,
          326
        ]
      ],
      "epoch_time": 5.943252325057983,
      "learning_rate": 7.5e-06
    },
    {
      "epoch": 25,
      "train_loss": 3.0720101731854514,
      "train_acc": 90.45608108108108,
      "val_loss": 0.16190479186020398,
      "val_acc": 91.42857142857143,
      "timestamp": "2025-08-31 10:17:22",
      "train_f1": 89.7707490742992,
      "train_recall": 90.45608108108108,
      "val_f1": 90.25794749442298,
      "val_recall": 91.42857142857143,
      "confusion_matrix": [
        [
          56,
          1,
          10,
          0,
          0
        ],
        [
          2,
          21,
          0,
          0,
          0
        ],
        [
          3,
          0,
          141,
          0,
          18
        ],
        [
          10,
          4,
          0,
          0,
          1
        ],
        [
          2,
          0,
          0,
          0,
          326
        ]
      ],
      "epoch_time": 5.904757976531982,
      "learning_rate": 7.5e-06
    },
    {
      "epoch": 26,
      "train_loss": 2.8400254615053937,
      "train_acc": 91.38513513513513,
      "val_loss": 0.24681382665508672,
      "val_acc": 84.53781512605042,
      "timestamp": "2025-08-31 10:17:28",
      "train_f1": 90.63053053415457,
      "train_recall": 91.38513513513513,
      "val_f1": 82.75458598832041,
      "val_recall": 84.53781512605042,
      "confusion_matrix": [
        [
          53,
          1,
          12,
          0,
          1
        ],
        [
          2,
          21,
          0,
          0,
          0
        ],
        [
          3,
          0,
          103,
          0,
          56
        ],
        [
          10,
          4,
          0,
          0,
          1
        ],
        [
          2,
          0,
          0,
          0,
          326
        ]
      ],
      "epoch_time": 5.920821905136108,
      "learning_rate": 7.5e-06
    },
    {
      "epoch": 27,
      "train_loss": 3.015470260099785,
      "train_acc": 90.92060810810811,
      "val_loss": 0.15453689682640528,
      "val_acc": 91.42857142857143,
      "timestamp": "2025-08-31 10:17:34",
      "train_f1": 90.13942152153837,
      "train_recall": 90.9206081081081,
      "val_f1": 90.27838111380987,
      "val_recall": 91.42857142857143,
      "confusion_matrix": [
        [
          54,
          2,
          11,
          0,
          0
        ],
        [
          2,
          21,
          0,
          0,
          0
        ],
        [
          3,
          0,
          144,
          0,
          15
        ],
        [
          10,
          4,
          0,
          0,
          1
        ],
        [
          2,
          0,
          1,
          0,
          325
        ]
      ],
      "epoch_time": 5.942262887954712,
      "learning_rate": 7.5e-06
    },
    {
      "epoch": 28,
      "train_loss": 2.784640987177153,
      "train_acc": 91.76520270270271,
      "val_loss": 0.14077573249998845,
      "val_acc": 92.43697478991596,
      "timestamp": "2025-08-31 10:17:40",
      "train_f1": 90.96449269549272,
      "train_recall": 91.7652027027027,
      "val_f1": 91.314858833559,
      "val_recall": 92.43697478991596,
      "confusion_matrix": [
        [
          54,
          2,
          11,
          0,
          0
        ],
        [
          2,
          21,
          0,
          0,
          0
        ],
        [
          3,
          0,
          150,
          0,
          9
        ],
        [
          10,
          4,
          0,
          0,
          1
        ],
        [
          2,
          0,
          1,
          0,
          325
        ]
      ],
      "epoch_time": 5.946722507476807,
      "learning_rate": 7.5e-06
    },
    {
      "epoch": 29,
      "train_loss": 2.804471766525829,
      "train_acc": 91.76520270270271,
      "val_loss": 0.15808697358558052,
      "val_acc": 91.9327731092437,
      "timestamp": "2025-08-31 10:17:47",
      "train_f1": 90.97647917475948,
      "train_recall": 91.7652027027027,
      "val_f1": 90.77191099614194,
      "val_recall": 91.9327731092437,
      "confusion_matrix": [
        [
          56,
          0,
          11,
          0,
          0
        ],
        [
          2,
          21,
          0,
          0,
          0
        ],
        [
          3,
          0,
          144,
          0,
          15
        ],
        [
          10,
          4,
          0,
          0,
          1
        ],
        [
          2,
          0,
          0,
          0,
          326
        ]
      ],
      "epoch_time": 5.965681791305542,
      "learning_rate": 7.5e-06
    },
    {
      "epoch": 30,
      "train_loss": 2.7160114338873207,
      "train_acc": 91.21621621621621,
      "val_loss": 0.19993847843847776,
      "val_acc": 88.73949579831933,
      "timestamp": "2025-08-31 10:17:53",
      "train_f1": 90.45533112391698,
      "train_recall": 91.21621621621621,
      "val_f1": 87.40567933380478,
      "val_recall": 88.73949579831933,
      "confusion_matrix": [
        [
          55,
          0,
          12,
          0,
          0
        ],
        [
          2,
          21,
          0,
          0,
          0
        ],
        [
          3,
          0,
          126,
          0,
          33
        ],
        [
          10,
          4,
          0,
          0,
          1
        ],
        [
          2,
          0,
          0,
          0,
          326
        ]
      ],
      "epoch_time": 5.950550317764282,
      "learning_rate": 7.5e-06
    },
    {
      "epoch": 31,
      "train_loss": 2.8512992211491675,
      "train_acc": 91.80743243243244,
      "val_loss": 0.14155818620010427,
      "val_acc": 92.26890756302521,
      "timestamp": "2025-08-31 10:17:59",
      "train_f1": 91.0293015633304,
      "train_recall": 91.80743243243244,
      "val_f1": 91.1355675404844,
      "val_recall": 92.26890756302521,
      "confusion_matrix": [
        [
          55,
          1,
          11,
          0,
          0
        ],
        [
          2,
          21,
          0,
          0,
          0
        ],
        [
          3,
          0,
          148,
          0,
          11
        ],
        [
          10,
          4,
          0,
          0,
          1
        ],
        [
          2,
          0,
          1,
          0,
          325
        ]
      ],
      "epoch_time": 5.952670574188232,
      "learning_rate": 7.5e-06
    },
    {
      "epoch": 32,
      "train_loss": 2.640923631050297,
      "train_acc": 92.3141891891892,
      "val_loss": 0.13957034227879425,
      "val_acc": 92.10084033613445,
      "timestamp": "2025-08-31 10:18:05",
      "train_f1": 91.52042295954854,
      "train_recall": 92.3141891891892,
      "val_f1": 90.95455085438923,
      "val_recall": 92.10084033613445,
      "confusion_matrix": [
        [
          53,
          1,
          13,
          0,
          0
        ],
        [
          2,
          21,
          0,
          0,
          0
        ],
        [
          3,
          0,
          149,
          0,
          10
        ],
        [
          10,
          4,
          0,
          0,
          1
        ],
        [
          2,
          0,
          1,
          0,
          325
        ]
      ],
      "epoch_time": 5.941854000091553,
      "learning_rate": 7.5e-06
    },
    {
      "epoch": 33,
      "train_loss": 2.6858409167946995,
      "train_acc": 91.89189189189189,
      "val_loss": 0.24472950791057788,
      "val_acc": 85.54621848739495,
      "timestamp": "2025-08-31 10:18:11",
      "train_f1": 91.20642496251851,
      "train_recall": 91.8918918918919,
      "val_f1": 83.91117284261611,
      "val_recall": 85.54621848739495,
      "confusion_matrix": [
        [
          53,
          1,
          11,
          0,
          2
        ],
        [
          2,
          21,
          0,
          0,
          0
        ],
        [
          3,
          0,
          109,
          0,
          50
        ],
        [
          10,
          4,
          0,
          0,
          1
        ],
        [
          2,
          0,
          0,
          0,
          326
        ]
      ],
      "epoch_time": 5.906335830688477,
      "learning_rate": 7.5e-06
    },
    {
      "epoch": 34,
      "train_loss": 2.9107777743122063,
      "train_acc": 91.00506756756756,
      "val_loss": 0.18863590767509059,
      "val_acc": 89.41176470588235,
      "timestamp": "2025-08-31 10:18:17",
      "train_f1": 90.2428586454077,
      "train_recall": 91.00506756756756,
      "val_f1": 88.13082401387796,
      "val_recall": 89.41176470588236,
      "confusion_matrix": [
        [
          54,
          0,
          13,
          0,
          0
        ],
        [
          2,
          21,
          0,
          0,
          0
        ],
        [
          3,
          0,
          131,
          0,
          28
        ],
        [
          10,
          4,
          0,
          0,
          1
        ],
        [
          2,
          0,
          0,
          0,
          326
        ]
      ],
      "epoch_time": 5.924060821533203,
      "learning_rate": 3.75e-06
    },
    {
      "epoch": 35,
      "train_loss": 2.60517782083637,
      "train_acc": 92.0608108108108,
      "val_loss": 0.15958875221641441,
      "val_acc": 90.58823529411765,
      "timestamp": "2025-08-31 10:18:23",
      "train_f1": 91.29192056811625,
      "train_recall": 92.0608108108108,
      "val_f1": 89.3722104958127,
      "val_recall": 90.58823529411765,
      "confusion_matrix": [
        [
          54,
          0,
          13,
          0,
          0
        ],
        [
          2,
          21,
          0,
          0,
          0
        ],
        [
          3,
          0,
          138,
          0,
          21
        ],
        [
          10,
          4,
          0,
          0,
          1
        ],
        [
          2,
          0,
          0,
          0,
          326
        ]
      ],
      "epoch_time": 5.9511048793792725,
      "learning_rate": 3.75e-06
    },
    {
      "epoch": 36,
      "train_loss": 2.7307564858347178,
      "train_acc": 91.84966216216216,
      "val_loss": 0.19205776876524874,
      "val_acc": 88.40336134453781,
      "timestamp": "2025-08-31 10:18:29",
      "train_f1": 91.0454511895772,
      "train_recall": 91.84966216216216,
      "val_f1": 87.05060602246012,
      "val_recall": 88.40336134453781,
      "confusion_matrix": [
        [
          53,
          1,
          12,
          0,
          1
        ],
        [
          2,
          21,
          0,
          0,
          0
        ],
        [
          2,
          0,
          126,
          0,
          34
        ],
        [
          10,
          4,
          0,
          0,
          1
        ],
        [
          2,
          0,
          0,
          0,
          326
        ]
      ],
      "epoch_time": 5.878798723220825,
      "learning_rate": 3.75e-06
    },
    {
      "epoch": 37,
      "train_loss": 2.62329791164076,
      "train_acc": 91.93412162162163,
      "val_loss": 0.24486655310580605,
      "val_acc": 85.04201680672269,
      "timestamp": "2025-08-31 10:18:35",
      "train_f1": 91.12161446292068,
      "train_recall": 91.93412162162163,
      "val_f1": 83.34727443720104,
      "val_recall": 85.04201680672269,
      "confusion_matrix": [
        [
          52,
          2,
          11,
          0,
          2
        ],
        [
          2,
          21,
          0,
          0,
          0
        ],
        [
          1,
          0,
          107,
          0,
          54
        ],
        [
          10,
          4,
          0,
          0,
          1
        ],
        [
          2,
          0,
          0,
          0,
          326
        ]
      ],
      "epoch_time": 5.967933893203735,
      "learning_rate": 3.75e-06
    },
    {
      "epoch": 38,
      "train_loss": 2.4128007112523995,
      "train_acc": 92.60979729729729,
      "val_loss": 0.15416958653613141,
      "val_acc": 90.92436974789916,
      "timestamp": "2025-08-31 10:18:41",
      "train_f1": 91.83261455200754,
      "train_recall": 92.6097972972973,
      "val_f1": 89.72916846014792,
      "val_recall": 90.92436974789916,
      "confusion_matrix": [
        [
          53,
          1,
          13,
          0,
          0
        ],
        [
          2,
          21,
          0,
          0,
          0
        ],
        [
          3,
          0,
          141,
          0,
          18
        ],
        [
          10,
          4,
          0,
          0,
          1
        ],
        [
          2,
          0,
          0,
          0,
          326
        ]
      ],
      "epoch_time": 5.849881172180176,
      "learning_rate": 3.75e-06
    },
    {
      "epoch": 39,
      "train_loss": 2.555639265558204,
      "train_acc": 92.22972972972973,
      "val_loss": 0.17465974625788236,
      "val_acc": 89.5798319327731,
      "timestamp": "2025-08-31 10:18:47",
      "train_f1": 91.44767688925647,
      "train_recall": 92.22972972972973,
      "val_f1": 88.29658864255191,
      "val_recall": 89.57983193277312,
      "confusion_matrix": [
        [
          54,
          0,
          13,
          0,
          0
        ],
        [
          2,
          21,
          0,
          0,
          0
        ],
        [
          2,
          0,
          132,
          0,
          28
        ],
        [
          10,
          4,
          0,
          0,
          1
        ],
        [
          2,
          0,
          0,
          0,
          326
        ]
      ],
      "epoch_time": 5.8334877490997314,
      "learning_rate": 3.75e-06
    },
    {
      "epoch": 40,
      "train_loss": 2.5651330999224573,
      "train_acc": 92.1875,
      "val_loss": 0.15059382154753334,
      "val_acc": 91.9327731092437,
      "timestamp": "2025-08-31 10:18:53",
      "train_f1": 91.40730807932644,
      "train_recall": 92.1875,
      "val_f1": 90.77191099614194,
      "val_recall": 91.9327731092437,
      "confusion_matrix": [
        [
          56,
          0,
          11,
          0,
          0
        ],
        [
          2,
          21,
          0,
          0,
          0
        ],
        [
          3,
          0,
          144,
          0,
          15
        ],
        [
          10,
          4,
          0,
          0,
          1
        ],
        [
          2,
          0,
          0,
          0,
          326
        ]
      ],
      "epoch_time": 5.884462833404541,
      "learning_rate": 3.75e-06
    },
    {
      "epoch": 41,
      "train_loss": 2.5533786245395205,
      "train_acc": 92.39864864864865,
      "val_loss": 0.13640309968277028,
      "val_acc": 92.60504201680672,
      "timestamp": "2025-08-31 10:18:59",
      "train_f1": 91.62880670636797,
      "train_recall": 92.39864864864865,
      "val_f1": 91.49156065825315,
      "val_recall": 92.60504201680672,
      "confusion_matrix": [
        [
          56,
          0,
          11,
          0,
          0
        ],
        [
          2,
          21,
          0,
          0,
          0
        ],
        [
          4,
          0,
          149,
          0,
          9
        ],
        [
          10,
          4,
          0,
          0,
          1
        ],
        [
          2,
          0,
          1,
          0,
          325
        ]
      ],
      "epoch_time": 5.873501300811768,
      "learning_rate": 3.75e-06
    },
    {
      "epoch": 42,
      "train_loss": 2.653392869576409,
      "train_acc": 92.3141891891892,
      "val_loss": 0.15263236882655243,
      "val_acc": 91.76470588235294,
      "timestamp": "2025-08-31 10:19:05",
      "train_f1": 91.53714687483598,
      "train_recall": 92.3141891891892,
      "val_f1": 90.59791979196177,
      "val_recall": 91.76470588235294,
      "confusion_matrix": [
        [
          56,
          0,
          11,
          0,
          0
        ],
        [
          2,
          21,
          0,
          0,
          0
        ],
        [
          3,
          0,
          143,
          0,
          16
        ],
        [
          10,
          4,
          0,
          0,
          1
        ],
        [
          2,
          0,
          0,
          0,
          326
        ]
      ],
      "epoch_time": 5.872518539428711,
      "learning_rate": 3.75e-06
    },
    {
      "epoch": 43,
      "train_loss": 2.512408532756003,
      "train_acc": 92.52533783783784,
      "val_loss": 0.2013519451414284,
      "val_acc": 88.90756302521008,
      "timestamp": "2025-08-31 10:19:11",
      "train_f1": 91.72089449733076,
      "train_recall": 92.52533783783784,
      "val_f1": 87.5805430019763,
      "val_recall": 88.90756302521008,
      "confusion_matrix": [
        [
          54,
          0,
          12,
          0,
          1
        ],
        [
          2,
          21,
          0,
          0,
          0
        ],
        [
          2,
          0,
          128,
          0,
          32
        ],
        [
          10,
          4,
          0,
          0,
          1
        ],
        [
          2,
          0,
          0,
          0,
          326
        ]
      ],
      "epoch_time": 5.9253528118133545,
      "learning_rate": 3.75e-06
    },
    {
      "epoch": 44,
      "train_loss": 2.4757848275271623,
      "train_acc": 92.1875,
      "val_loss": 0.18859918729255074,
      "val_acc": 89.5798319327731,
      "timestamp": "2025-08-31 10:19:17",
      "train_f1": 91.38006059607949,
      "train_recall": 92.1875,
      "val_f1": 88.29658864255191,
      "val_recall": 89.57983193277312,
      "confusion_matrix": [
        [
          54,
          0,
          13,
          0,
          0
        ],
        [
          2,
          21,
          0,
          0,
          0
        ],
        [
          2,
          0,
          132,
          0,
          28
        ],
        [
          10,
          4,
          0,
          0,
          1
        ],
        [
          2,
          0,
          0,
          0,
          326
        ]
      ],
      "epoch_time": 5.898469686508179,
      "learning_rate": 3.75e-06
    },
    {
      "epoch": 45,
      "train_loss": 2.683917086319746,
      "train_acc": 92.48310810810811,
      "val_loss": 0.15875591141612908,
      "val_acc": 90.75630252100841,
      "timestamp": "2025-08-31 10:19:23",
      "train_f1": 91.67167249101706,
      "train_recall": 92.4831081081081,
      "val_f1": 89.56716641320222,
      "val_recall": 90.75630252100841,
      "confusion_matrix": [
        [
          54,
          2,
          11,
          0,
          0
        ],
        [
          2,
          21,
          0,
          0,
          0
        ],
        [
          3,
          0,
          139,
          0,
          20
        ],
        [
          10,
          4,
          0,
          0,
          1
        ],
        [
          2,
          0,
          0,
          0,
          326
        ]
      ],
      "epoch_time": 5.888577938079834,
      "learning_rate": 1.875e-06
    },
    {
      "epoch": 46,
      "train_loss": 2.623640080561509,
      "train_acc": 91.72297297297297,
      "val_loss": 0.16963740555863632,
      "val_acc": 89.91596638655462,
      "timestamp": "2025-08-31 10:19:29",
      "train_f1": 90.99851144300983,
      "train_recall": 91.72297297297297,
      "val_f1": 88.68388162949476,
      "val_recall": 89.91596638655463,
      "confusion_matrix": [
        [
          54,
          2,
          11,
          0,
          0
        ],
        [
          2,
          21,
          0,
          0,
          0
        ],
        [
          3,
          0,
          134,
          0,
          25
        ],
        [
          10,
          4,
          0,
          0,
          1
        ],
        [
          2,
          0,
          0,
          0,
          326
        ]
      ],
      "epoch_time": 5.928359031677246,
      "learning_rate": 1.875e-06
    },
    {
      "epoch": 47,
      "train_loss": 2.4898041833091424,
      "train_acc": 92.14527027027027,
      "val_loss": 0.15673872083425522,
      "val_acc": 90.75630252100841,
      "timestamp": "2025-08-31 10:19:36",
      "train_f1": 91.36250324718891,
      "train_recall": 92.14527027027027,
      "val_f1": 89.5559253869318,
      "val_recall": 90.75630252100841,
      "confusion_matrix": [
        [
          54,
          1,
          12,
          0,
          0
        ],
        [
          2,
          21,
          0,
          0,
          0
        ],
        [
          3,
          0,
          139,
          0,
          20
        ],
        [
          10,
          4,
          0,
          0,
          1
        ],
        [
          2,
          0,
          0,
          0,
          326
        ]
      ],
      "epoch_time": 5.962574005126953,
      "learning_rate": 1.875e-06
    },
    {
      "epoch": 48,
      "train_loss": 2.49484490844849,
      "train_acc": 91.72297297297297,
      "val_loss": 0.1404049741594415,
      "val_acc": 92.26890756302521,
      "timestamp": "2025-08-31 10:19:42",
      "train_f1": 90.93450816276902,
      "train_recall": 91.72297297297297,
      "val_f1": 91.12710770211375,
      "val_recall": 92.26890756302521,
      "confusion_matrix": [
        [
          55,
          0,
          12,
          0,
          0
        ],
        [
          2,
          21,
          0,
          0,
          0
        ],
        [
          3,
          0,
          148,
          0,
          11
        ],
        [
          10,
          4,
          0,
          0,
          1
        ],
        [
          2,
          0,
          1,
          0,
          325
        ]
      ],
      "epoch_time": 5.96269154548645,
      "learning_rate": 1.875e-06
    },
    {
      "epoch": 49,
      "train_loss": 2.695262149026668,
      "train_acc": 91.80743243243244,
      "val_loss": 0.17508318588921898,
      "val_acc": 89.74789915966386,
      "timestamp": "2025-08-31 10:19:48",
      "train_f1": 91.02264654367897,
      "train_recall": 91.80743243243244,
      "val_f1": 88.47453053186511,
      "val_recall": 89.74789915966387,
      "confusion_matrix": [
        [
          54,
          0,
          13,
          0,
          0
        ],
        [
          2,
          21,
          0,
          0,
          0
        ],
        [
          2,
          0,
          133,
          0,
          27
        ],
        [
          10,
          4,
          0,
          0,
          1
        ],
        [
          2,
          0,
          0,
          0,
          326
        ]
      ],
      "epoch_time": 6.007964134216309,
      "learning_rate": 1.875e-06
    },
    {
      "epoch": 50,
      "train_loss": 2.4855067277377523,
      "train_acc": 92.39864864864865,
      "val_loss": 0.1509609159670378,
      "val_acc": 91.76470588235294,
      "timestamp": "2025-08-31 10:19:54",
      "train_f1": 91.66991019746312,
      "train_recall": 92.39864864864865,
      "val_f1": 90.59791979196177,
      "val_recall": 91.76470588235294,
      "confusion_matrix": [
        [
          56,
          0,
          11,
          0,
          0
        ],
        [
          2,
          21,
          0,
          0,
          0
        ],
        [
          3,
          0,
          143,
          0,
          16
        ],
        [
          10,
          4,
          0,
          0,
          1
        ],
        [
          2,
          0,
          0,
          0,
          326
        ]
      ],
      "epoch_time": 5.974605083465576,
      "learning_rate": 1.875e-06
    }
  ]
}