{
  "dataset": "LINEAR",
  "model_type": "geometric",
  "sde_config": 1,
  "start_time": "20250830_102325",
  "date": "20250830",
  "epochs": [
    {
      "epoch": 1,
      "train_loss": 15.863732975262861,
      "train_acc": 10.48076923076923,
      "val_loss": 0.9230136520722333,
      "val_acc": 15.754082612872239,
      "timestamp": "2025-08-30 10:38:32",
      "train_f1": 7.609193464392493,
      "train_recall": 10.480769230769232,
      "val_f1": 4.2882482132963435,
      "val_recall": 15.754082612872239,
      "confusion_matrix": [
        [
          0,
          0,
          0,
          62,
          0
        ],
        [
          0,
          0,
          0,
          19,
          0
        ],
        [
          0,
          0,
          0,
          420,
          0
        ],
        [
          0,
          0,
          0,
          164,
          0
        ],
        [
          0,
          0,
          0,
          376,
          0
        ]
      ],
      "class_accuracies": {
        "class_0": 0.0,
        "class_1": 0.0,
        "class_2": 0.0,
        "class_3": 100.0,
        "class_4": 0.0
      },
      "epoch_time": 906.9516940116882,
      "learning_rate": 3e-05
    },
    {
      "epoch": 2,
      "train_loss": 14.774849445086259,
      "train_acc": 27.884615384615383,
      "val_loss": 0.8798607552752775,
      "val_acc": 40.345821325648416,
      "timestamp": "2025-08-30 10:53:41",
      "train_f1": 29.36582048911689,
      "train_recall": 27.884615384615387,
      "val_f1": 23.196776121522703,
      "val_recall": 40.345821325648416,
      "confusion_matrix": [
        [
          0,
          0,
          62,
          0,
          0
        ],
        [
          0,
          0,
          19,
          0,
          0
        ],
        [
          0,
          0,
          420,
          0,
          0
        ],
        [
          0,
          0,
          164,
          0,
          0
        ],
        [
          0,
          0,
          376,
          0,
          0
        ]
      ],
      "class_accuracies": {
        "class_0": 0.0,
        "class_1": 0.0,
        "class_2": 100.0,
        "class_3": 0.0,
        "class_4": 0.0
      },
      "epoch_time": 909.0114164352417,
      "learning_rate": 3e-05
    },
    {
      "epoch": 3,
      "train_loss": 14.15921273781703,
      "train_acc": 42.28365384615385,
      "val_loss": 0.8630341677104726,
      "val_acc": 40.345821325648416,
      "timestamp": "2025-08-30 11:08:54",
      "train_f1": 29.65880550770929,
      "train_recall": 42.28365384615385,
      "val_f1": 23.196776121522703,
      "val_recall": 40.345821325648416,
      "confusion_matrix": [
        [
          0,
          0,
          62,
          0,
          0
        ],
        [
          0,
          0,
          19,
          0,
          0
        ],
        [
          0,
          0,
          420,
          0,
          0
        ],
        [
          0,
          0,
          164,
          0,
          0
        ],
        [
          0,
          0,
          376,
          0,
          0
        ]
      ],
      "epoch_time": 913.0045828819275,
      "learning_rate": 3e-05
    }
  ]
}