{
  "dataset": "ASAS",
  "model_type": "langevin",
  "sde_config": 1,
  "start_time": "20250830_092225",
  "date": "20250830",
  "epochs": [
    {
      "epoch": 1,
      "train_loss": 6.443945974917026,
      "train_acc": 94.04560810810811,
      "val_loss": 0.7013159096240997,
      "val_acc": 92.26890756302521,
      "timestamp": "2025-08-30 09:22:31",
      "train_f1": 93.84031092477487,
      "train_recall": 94.0456081081081,
      "val_f1": 91.87184089922,
      "val_recall": 92.26890756302521,
      "confusion_matrix": [
        [
          53,
          1,
          13,
          0,
          0
        ],
        [
          2,
          21,
          0,
          0,
          0
        ],
        [
          9,
          0,
          153,
          0,
          0
        ],
        [
          10,
          1,
          1,
          3,
          0
        ],
        [
          2,
          0,
          7,
          0,
          319
        ]
      ],
      "class_accuracies": {
        "class_0": 79.1044776119403,
        "class_1": 91.30434782608695,
        "class_2": 94.44444444444444,
        "class_3": 20.0,
        "class_4": 97.2560975609756
      },
      "epoch_time": 5.48316216468811,
      "learning_rate": 3e-05
    },
    {
      "epoch": 2,
      "train_loss": 6.422946812333287,
      "train_acc": 94.04560810810811,
      "val_loss": 0.7000485241413117,
      "val_acc": 92.77310924369748,
      "timestamp": "2025-08-30 09:22:36",
      "train_f1": 93.88560002767592,
      "train_recall": 94.0456081081081,
      "val_f1": 92.2478124904716,
      "val_recall": 92.77310924369748,
      "confusion_matrix": [
        [
          51,
          1,
          15,
          0,
          0
        ],
        [
          2,
          21,
          0,
          0,
          0
        ],
        [
          4,
          0,
          157,
          0,
          1
        ],
        [
          10,
          1,
          1,
          3,
          0
        ],
        [
          2,
          0,
          6,
          0,
          320
        ]
      ],
      "class_accuracies": {
        "class_0": 76.11940298507463,
        "class_1": 91.30434782608695,
        "class_2": 96.91358024691358,
        "class_3": 20.0,
        "class_4": 97.5609756097561
      },
      "epoch_time": 4.791971683502197,
      "learning_rate": 3e-05
    },
    {
      "epoch": 3,
      "train_loss": 6.4483926199577954,
      "train_acc": 94.29898648648648,
      "val_loss": 0.7030783712863922,
      "val_acc": 92.77310924369748,
      "timestamp": "2025-08-30 09:22:41",
      "train_f1": 94.10951958154978,
      "train_recall": 94.29898648648648,
      "val_f1": 92.1813095277346,
      "val_recall": 92.77310924369748,
      "confusion_matrix": [
        [
          51,
          0,
          16,
          0,
          0
        ],
        [
          2,
          21,
          0,
          0,
          0
        ],
        [
          3,
          0,
          153,
          0,
          6
        ],
        [
          10,
          1,
          0,
          3,
          1
        ],
        [
          2,
          0,
          2,
          0,
          324
        ]
      ],
      "epoch_time": 4.785120248794556,
      "learning_rate": 3e-05
    },
    {
      "epoch": 4,
      "train_loss": 6.446892345273817,
      "train_acc": 94.25675675675676,
      "val_loss": 0.7000621974468231,
      "val_acc": 92.77310924369748,
      "timestamp": "2025-08-30 09:22:45",
      "train_f1": 94.0824191969958,
      "train_recall": 94.25675675675676,
      "val_f1": 92.21871533649453,
      "val_recall": 92.77310924369748,
      "confusion_matrix": [
        [
          50,
          2,
          15,
          0,
          0
        ],
        [
          2,
          21,
          0,
          0,
          0
        ],
        [
          4,
          0,
          157,
          0,
          1
        ],
        [
          10,
          1,
          0,
          3,
          1
        ],
        [
          2,
          0,
          5,
          0,
          321
        ]
      ],
      "epoch_time": 4.755737781524658,
      "learning_rate": 3e-05
    },
    {
      "epoch": 5,
      "train_loss": 6.427158004528767,
      "train_acc": 94.55236486486487,
      "val_loss": 0.6996837198734284,
      "val_acc": 92.26890756302521,
      "timestamp": "2025-08-30 09:22:50",
      "train_f1": 94.36665604280114,
      "train_recall": 94.55236486486487,
      "val_f1": 91.77333742675859,
      "val_recall": 92.26890756302521,
      "confusion_matrix": [
        [
          50,
          2,
          15,
          0,
          0
        ],
        [
          2,
          21,
          0,
          0,
          0
        ],
        [
          6,
          0,
          155,
          0,
          1
        ],
        [
          10,
          1,
          1,
          3,
          0
        ],
        [
          2,
          0,
          6,
          0,
          320
        ]
      ],
      "epoch_time": 4.830952167510986,
      "learning_rate": 3e-05
    },
    {
      "epoch": 6,
      "train_loss": 6.437682037417953,
      "train_acc": 94.25675675675676,
      "val_loss": 0.7051445841789246,
      "val_acc": 92.77310924369748,
      "timestamp": "2025-08-30 09:22:55",
      "train_f1": 94.09510730692456,
      "train_recall": 94.25675675675676,
      "val_f1": 92.187675070028,
      "val_recall": 92.77310924369748,
      "confusion_matrix": [
        [
          51,
          1,
          15,
          0,
          0
        ],
        [
          2,
          21,
          0,
          0,
          0
        ],
        [
          4,
          0,
          152,
          0,
          6
        ],
        [
          10,
          1,
          0,
          3,
          1
        ],
        [
          2,
          0,
          1,
          0,
          325
        ]
      ],
      "epoch_time": 4.787420034408569,
      "learning_rate": 3e-05
    },
    {
      "epoch": 7,
      "train_loss": 6.4218566562678365,
      "train_acc": 94.25675675675676,
      "val_loss": 0.703914999961853,
      "val_acc": 92.94117647058823,
      "timestamp": "2025-08-30 09:23:00",
      "train_f1": 94.0768421197237,
      "train_recall": 94.25675675675676,
      "val_f1": 92.27981737165892,
      "val_recall": 92.94117647058823,
      "confusion_matrix": [
        [
          49,
          2,
          16,
          0,
          0
        ],
        [
          2,
          21,
          0,
          0,
          0
        ],
        [
          1,
          0,
          155,
          0,
          6
        ],
        [
          10,
          1,
          0,
          3,
          1
        ],
        [
          2,
          0,
          1,
          0,
          325
        ]
      ],
      "class_accuracies": {
        "class_0": 73.13432835820896,
        "class_1": 91.30434782608695,
        "class_2": 95.67901234567901,
        "class_3": 20.0,
        "class_4": 99.08536585365853
      },
      "epoch_time": 4.773434162139893,
      "learning_rate": 3e-05
    },
    {
      "epoch": 8,
      "train_loss": 6.396908201075889,
      "train_acc": 94.72128378378379,
      "val_loss": 0.7002233684062957,
      "val_acc": 92.77310924369748,
      "timestamp": "2025-08-30 09:23:05",
      "train_f1": 94.55277283830708,
      "train_recall": 94.72128378378379,
      "val_f1": 92.1986132701166,
      "val_recall": 92.77310924369748,
      "confusion_matrix": [
        [
          49,
          2,
          16,
          0,
          0
        ],
        [
          2,
          21,
          0,
          0,
          0
        ],
        [
          4,
          0,
          157,
          0,
          1
        ],
        [
          10,
          1,
          0,
          3,
          1
        ],
        [
          2,
          0,
          4,
          0,
          322
        ]
      ],
      "epoch_time": 4.74660587310791,
      "learning_rate": 3e-05
    },
    {
      "epoch": 9,
      "train_loss": 6.4215139263385055,
      "train_acc": 94.04560810810811,
      "val_loss": 0.7003170490264893,
      "val_acc": 92.43697478991596,
      "timestamp": "2025-08-30 09:23:10",
      "train_f1": 93.85327379854053,
      "train_recall": 94.0456081081081,
      "val_f1": 91.95418159417966,
      "val_recall": 92.43697478991596,
      "confusion_matrix": [
        [
          51,
          2,
          14,
          0,
          0
        ],
        [
          2,
          21,
          0,
          0,
          0
        ],
        [
          7,
          0,
          154,
          0,
          1
        ],
        [
          10,
          1,
          0,
          3,
          1
        ],
        [
          2,
          0,
          5,
          0,
          321
        ]
      ],
      "epoch_time": 4.788581609725952,
      "learning_rate": 3e-05
    },
    {
      "epoch": 10,
      "train_loss": 6.436205965441626,
      "train_acc": 94.38344594594595,
      "val_loss": 0.7018906474113464,
      "val_acc": 92.43697478991596,
      "timestamp": "2025-08-30 09:23:15",
      "train_f1": 94.21562670207268,
      "train_recall": 94.38344594594594,
      "val_f1": 91.84762311675368,
      "val_recall": 92.43697478991596,
      "confusion_matrix": [
        [
          50,
          2,
          15,
          0,
          0
        ],
        [
          2,
          21,
          0,
          0,
          0
        ],
        [
          4,
          0,
          152,
          0,
          6
        ],
        [
          10,
          1,
          0,
          3,
          1
        ],
        [
          2,
          0,
          2,
          0,
          324
        ]
      ],
      "epoch_time": 4.797474145889282,
      "learning_rate": 3e-05
    },
    {
      "epoch": 11,
      "train_loss": 6.417945755494608,
      "train_acc": 94.25675675675676,
      "val_loss": 0.7002316355705261,
      "val_acc": 93.27731092436974,
      "timestamp": "2025-08-30 09:23:20",
      "train_f1": 94.09476436632886,
      "train_recall": 94.25675675675676,
      "val_f1": 92.70962494602489,
      "val_recall": 93.27731092436974,
      "confusion_matrix": [
        [
          51,
          1,
          15,
          0,
          0
        ],
        [
          2,
          21,
          0,
          0,
          0
        ],
        [
          4,
          0,
          156,
          0,
          2
        ],
        [
          10,
          1,
          0,
          3,
          1
        ],
        [
          2,
          0,
          2,
          0,
          324
        ]
      ],
      "class_accuracies": {
        "class_0": 76.11940298507463,
        "class_1": 91.30434782608695,
        "class_2": 96.29629629629629,
        "class_3": 20.0,
        "class_4": 98.78048780487805
      },
      "epoch_time": 4.691895961761475,
      "learning_rate": 3e-05
    },
    {
      "epoch": 12,
      "train_loss": 6.422589271455197,
      "train_acc": 94.42567567567568,
      "val_loss": 0.6998824596405029,
      "val_acc": 93.27731092436974,
      "timestamp": "2025-08-30 09:23:25",
      "train_f1": 94.25540098460907,
      "train_recall": 94.42567567567568,
      "val_f1": 92.81798257578927,
      "val_recall": 93.27731092436974,
      "confusion_matrix": [
        [
          54,
          1,
          12,
          0,
          0
        ],
        [
          2,
          21,
          0,
          0,
          0
        ],
        [
          8,
          0,
          153,
          0,
          1
        ],
        [
          10,
          1,
          0,
          3,
          1
        ],
        [
          2,
          0,
          2,
          0,
          324
        ]
      ],
      "epoch_time": 4.805131912231445,
      "learning_rate": 1.5e-05
    },
    {
      "epoch": 13,
      "train_loss": 6.399943712595347,
      "train_acc": 94.13006756756756,
      "val_loss": 0.6998048424720764,
      "val_acc": 93.27731092436974,
      "timestamp": "2025-08-30 09:23:30",
      "train_f1": 93.98662266350591,
      "train_recall": 94.13006756756756,
      "val_f1": 92.70962494602489,
      "val_recall": 93.27731092436974,
      "confusion_matrix": [
        [
          51,
          1,
          15,
          0,
          0
        ],
        [
          2,
          21,
          0,
          0,
          0
        ],
        [
          4,
          0,
          156,
          0,
          2
        ],
        [
          10,
          1,
          0,
          3,
          1
        ],
        [
          2,
          0,
          2,
          0,
          324
        ]
      ],
      "epoch_time": 4.696709394454956,
      "learning_rate": 1.5e-05
    },
    {
      "epoch": 14,
      "train_loss": 6.404296833115655,
      "train_acc": 94.63682432432432,
      "val_loss": 0.6992768287658692,
      "val_acc": 93.27731092436974,
      "timestamp": "2025-08-30 09:23:35",
      "train_f1": 94.45269587471662,
      "train_recall": 94.63682432432432,
      "val_f1": 92.76153494147259,
      "val_recall": 93.27731092436974,
      "confusion_matrix": [
        [
          52,
          1,
          14,
          0,
          0
        ],
        [
          2,
          21,
          0,
          0,
          0
        ],
        [
          6,
          0,
          155,
          0,
          1
        ],
        [
          10,
          1,
          0,
          3,
          1
        ],
        [
          2,
          0,
          2,
          0,
          324
        ]
      ],
      "epoch_time": 4.807880640029907,
      "learning_rate": 1.5e-05
    },
    {
      "epoch": 15,
      "train_loss": 6.4136570917593465,
      "train_acc": 94.42567567567568,
      "val_loss": 0.6993037343025208,
      "val_acc": 92.60504201680672,
      "timestamp": "2025-08-30 09:23:40",
      "train_f1": 94.26548936007332,
      "train_recall": 94.42567567567568,
      "val_f1": 92.19334896145669,
      "val_recall": 92.60504201680672,
      "confusion_matrix": [
        [
          54,
          1,
          12,
          0,
          0
        ],
        [
          2,
          21,
          0,
          0,
          0
        ],
        [
          9,
          0,
          152,
          0,
          1
        ],
        [
          10,
          1,
          1,
          3,
          0
        ],
        [
          2,
          0,
          5,
          0,
          321
        ]
      ],
      "epoch_time": 4.755528450012207,
      "learning_rate": 1.5e-05
    },
    {
      "epoch": 16,
      "train_loss": 6.40754664105338,
      "train_acc": 94.51013513513513,
      "val_loss": 0.703050047159195,
      "val_acc": 92.77310924369748,
      "timestamp": "2025-08-30 09:23:45",
      "train_f1": 94.35535064233615,
      "train_recall": 94.51013513513513,
      "val_f1": 92.187675070028,
      "val_recall": 92.77310924369748,
      "confusion_matrix": [
        [
          51,
          1,
          15,
          0,
          0
        ],
        [
          2,
          21,
          0,
          0,
          0
        ],
        [
          4,
          0,
          152,
          0,
          6
        ],
        [
          10,
          1,
          0,
          3,
          1
        ],
        [
          2,
          0,
          1,
          0,
          325
        ]
      ],
      "epoch_time": 4.802510976791382,
      "learning_rate": 1.5e-05
    },
    {
      "epoch": 17,
      "train_loss": 6.425108840336671,
      "train_acc": 94.51013513513513,
      "val_loss": 0.6990709185600281,
      "val_acc": 92.94117647058823,
      "timestamp": "2025-08-30 09:23:50",
      "train_f1": 94.32152780701557,
      "train_recall": 94.51013513513513,
      "val_f1": 92.39807313162203,
      "val_recall": 92.94117647058823,
      "confusion_matrix": [
        [
          51,
          1,
          15,
          0,
          0
        ],
        [
          2,
          21,
          0,
          0,
          0
        ],
        [
          4,
          0,
          157,
          0,
          1
        ],
        [
          10,
          1,
          0,
          3,
          1
        ],
        [
          2,
          0,
          5,
          0,
          321
        ]
      ],
      "epoch_time": 4.819887399673462,
      "learning_rate": 1.5e-05
    },
    {
      "epoch": 18,
      "train_loss": 6.380303629346796,
      "train_acc": 94.4679054054054,
      "val_loss": 0.6997959792613984,
      "val_acc": 93.27731092436974,
      "timestamp": "2025-08-30 09:23:55",
      "train_f1": 94.30256996708971,
      "train_recall": 94.4679054054054,
      "val_f1": 92.70962494602489,
      "val_recall": 93.27731092436974,
      "confusion_matrix": [
        [
          51,
          1,
          15,
          0,
          0
        ],
        [
          2,
          21,
          0,
          0,
          0
        ],
        [
          4,
          0,
          156,
          0,
          2
        ],
        [
          10,
          1,
          0,
          3,
          1
        ],
        [
          2,
          0,
          2,
          0,
          324
        ]
      ],
      "epoch_time": 4.755340099334717,
      "learning_rate": 1.5e-05
    },
    {
      "epoch": 19,
      "train_loss": 6.423117025478466,
      "train_acc": 94.29898648648648,
      "val_loss": 0.7009603321552277,
      "val_acc": 92.43697478991596,
      "timestamp": "2025-08-30 09:23:59",
      "train_f1": 94.12284276831497,
      "train_recall": 94.29898648648648,
      "val_f1": 91.84762311675368,
      "val_recall": 92.43697478991596,
      "confusion_matrix": [
        [
          50,
          2,
          15,
          0,
          0
        ],
        [
          2,
          21,
          0,
          0,
          0
        ],
        [
          4,
          0,
          152,
          0,
          6
        ],
        [
          10,
          1,
          0,
          3,
          1
        ],
        [
          2,
          0,
          2,
          0,
          324
        ]
      ],
      "epoch_time": 4.789620637893677,
      "learning_rate": 1.5e-05
    },
    {
      "epoch": 20,
      "train_loss": 6.4099946537533325,
      "train_acc": 94.72128378378379,
      "val_loss": 0.699168735742569,
      "val_acc": 93.27731092436974,
      "timestamp": "2025-08-30 09:24:04",
      "train_f1": 94.55193739792273,
      "train_recall": 94.72128378378379,
      "val_f1": 92.73219666783741,
      "val_recall": 93.27731092436974,
      "confusion_matrix": [
        [
          51,
          2,
          14,
          0,
          0
        ],
        [
          2,
          21,
          0,
          0,
          0
        ],
        [
          5,
          0,
          156,
          0,
          1
        ],
        [
          10,
          1,
          0,
          3,
          1
        ],
        [
          2,
          0,
          2,
          0,
          324
        ]
      ],
      "epoch_time": 4.748771667480469,
      "learning_rate": 1.5e-05
    },
    {
      "epoch": 21,
      "train_loss": 6.3892487061990275,
      "train_acc": 94.5945945945946,
      "val_loss": 0.7008442044258117,
      "val_acc": 92.60504201680672,
      "timestamp": "2025-08-30 09:24:09",
      "train_f1": 94.41621046741133,
      "train_recall": 94.5945945945946,
      "val_f1": 92.02698091188118,
      "val_recall": 92.60504201680672,
      "confusion_matrix": [
        [
          51,
          1,
          15,
          0,
          0
        ],
        [
          2,
          21,
          0,
          0,
          0
        ],
        [
          4,
          0,
          152,
          0,
          6
        ],
        [
          10,
          1,
          0,
          3,
          1
        ],
        [
          2,
          0,
          2,
          0,
          324
        ]
      ],
      "epoch_time": 4.771755695343018,
      "learning_rate": 1.5e-05
    },
    {
      "epoch": 22,
      "train_loss": 6.402854073692012,
      "train_acc": 94.42567567567568,
      "val_loss": 0.6990774095058441,
      "val_acc": 93.27731092436974,
      "timestamp": "2025-08-30 09:24:14",
      "train_f1": 94.25984680173059,
      "train_recall": 94.42567567567568,
      "val_f1": 92.70962494602489,
      "val_recall": 93.27731092436974,
      "confusion_matrix": [
        [
          51,
          1,
          15,
          0,
          0
        ],
        [
          2,
          21,
          0,
          0,
          0
        ],
        [
          4,
          0,
          156,
          0,
          2
        ],
        [
          10,
          1,
          0,
          3,
          1
        ],
        [
          2,
          0,
          2,
          0,
          324
        ]
      ],
      "epoch_time": 4.81943416595459,
      "learning_rate": 1.5e-05
    },
    {
      "epoch": 23,
      "train_loss": 6.406601298499751,
      "train_acc": 94.29898648648648,
      "val_loss": 0.6978614270687103,
      "val_acc": 92.77310924369748,
      "timestamp": "2025-08-30 09:24:19",
      "train_f1": 94.13121273067449,
      "train_recall": 94.29898648648648,
      "val_f1": 92.27589286493757,
      "val_recall": 92.77310924369748,
      "confusion_matrix": [
        [
          52,
          1,
          14,
          0,
          0
        ],
        [
          2,
          21,
          0,
          0,
          0
        ],
        [
          5,
          0,
          156,
          0,
          1
        ],
        [
          10,
          1,
          1,
          3,
          0
        ],
        [
          2,
          0,
          6,
          0,
          320
        ]
      ],
      "epoch_time": 4.715503931045532,
      "learning_rate": 7.5e-06
    },
    {
      "epoch": 24,
      "train_loss": 6.415072463654183,
      "train_acc": 94.55236486486487,
      "val_loss": 0.6983436703681946,
      "val_acc": 93.27731092436974,
      "timestamp": "2025-08-30 09:24:24",
      "train_f1": 94.415439516003,
      "train_recall": 94.55236486486487,
      "val_f1": 92.70025276469275,
      "val_recall": 93.27731092436974,
      "confusion_matrix": [
        [
          50,
          2,
          15,
          0,
          0
        ],
        [
          2,
          21,
          0,
          0,
          0
        ],
        [
          4,
          0,
          157,
          0,
          1
        ],
        [
          10,
          1,
          0,
          3,
          1
        ],
        [
          2,
          0,
          2,
          0,
          324
        ]
      ],
      "epoch_time": 4.857536554336548,
      "learning_rate": 7.5e-06
    },
    {
      "epoch": 25,
      "train_loss": 6.418943335881105,
      "train_acc": 94.4679054054054,
      "val_loss": 0.6985408961772919,
      "val_acc": 93.27731092436974,
      "timestamp": "2025-08-30 09:24:29",
      "train_f1": 94.28875741956794,
      "train_recall": 94.4679054054054,
      "val_f1": 92.70962494602489,
      "val_recall": 93.27731092436974,
      "confusion_matrix": [
        [
          51,
          1,
          15,
          0,
          0
        ],
        [
          2,
          21,
          0,
          0,
          0
        ],
        [
          4,
          0,
          156,
          0,
          2
        ],
        [
          10,
          1,
          0,
          3,
          1
        ],
        [
          2,
          0,
          2,
          0,
          324
        ]
      ],
      "epoch_time": 4.776414394378662,
      "learning_rate": 7.5e-06
    },
    {
      "epoch": 26,
      "train_loss": 6.403533151020875,
      "train_acc": 94.72128378378379,
      "val_loss": 0.6985644817352294,
      "val_acc": 93.27731092436974,
      "timestamp": "2025-08-30 09:24:34",
      "train_f1": 94.55273480938946,
      "train_recall": 94.72128378378379,
      "val_f1": 92.70962494602489,
      "val_recall": 93.27731092436974,
      "confusion_matrix": [
        [
          51,
          1,
          15,
          0,
          0
        ],
        [
          2,
          21,
          0,
          0,
          0
        ],
        [
          4,
          0,
          156,
          0,
          2
        ],
        [
          10,
          1,
          0,
          3,
          1
        ],
        [
          2,
          0,
          2,
          0,
          324
        ]
      ],
      "epoch_time": 4.76366400718689,
      "learning_rate": 7.5e-06
    },
    {
      "epoch": 27,
      "train_loss": 6.454706101804166,
      "train_acc": 94.42567567567568,
      "val_loss": 0.6996009469032287,
      "val_acc": 92.94117647058823,
      "timestamp": "2025-08-30 09:24:39",
      "train_f1": 94.25726911617926,
      "train_recall": 94.42567567567568,
      "val_f1": 92.37661544372678,
      "val_recall": 92.94117647058823,
      "confusion_matrix": [
        [
          52,
          1,
          14,
          0,
          0
        ],
        [
          2,
          21,
          0,
          0,
          0
        ],
        [
          4,
          0,
          153,
          0,
          5
        ],
        [
          10,
          1,
          0,
          3,
          1
        ],
        [
          2,
          0,
          2,
          0,
          324
        ]
      ],
      "epoch_time": 4.711900472640991,
      "learning_rate": 7.5e-06
    },
    {
      "epoch": 28,
      "train_loss": 6.406638920307159,
      "train_acc": 94.80574324324324,
      "val_loss": 0.6979077577590942,
      "val_acc": 93.4453781512605,
      "timestamp": "2025-08-30 09:24:44",
      "train_f1": 94.64744900946663,
      "train_recall": 94.80574324324324,
      "val_f1": 92.90973455943313,
      "val_recall": 93.4453781512605,
      "confusion_matrix": [
        [
          52,
          1,
          14,
          0,
          0
        ],
        [
          2,
          21,
          0,
          0,
          0
        ],
        [
          5,
          0,
          156,
          0,
          1
        ],
        [
          10,
          1,
          0,
          3,
          1
        ],
        [
          2,
          0,
          2,
          0,
          324
        ]
      ],
      "class_accuracies": {
        "class_0": 77.61194029850746,
        "class_1": 91.30434782608695,
        "class_2": 96.29629629629629,
        "class_3": 20.0,
        "class_4": 98.78048780487805
      },
      "epoch_time": 4.817980051040649,
      "learning_rate": 7.5e-06
    },
    {
      "epoch": 29,
      "train_loss": 6.389272815472371,
      "train_acc": 94.76351351351352,
      "val_loss": 0.6974977910518646,
      "val_acc": 92.94117647058823,
      "timestamp": "2025-08-30 09:24:49",
      "train_f1": 94.5998302592996,
      "train_recall": 94.76351351351352,
      "val_f1": 92.45487094841636,
      "val_recall": 92.94117647058823,
      "confusion_matrix": [
        [
          53,
          2,
          12,
          0,
          0
        ],
        [
          2,
          21,
          0,
          0,
          0
        ],
        [
          6,
          0,
          155,
          0,
          1
        ],
        [
          10,
          1,
          0,
          3,
          1
        ],
        [
          2,
          0,
          5,
          0,
          321
        ]
      ],
      "epoch_time": 4.780055522918701,
      "learning_rate": 7.5e-06
    },
    {
      "epoch": 30,
      "train_loss": 6.394483044340804,
      "train_acc": 94.55236486486487,
      "val_loss": 0.6985298693180084,
      "val_acc": 93.4453781512605,
      "timestamp": "2025-08-30 09:24:54",
      "train_f1": 94.39789596263392,
      "train_recall": 94.55236486486487,
      "val_f1": 92.87961055982026,
      "val_recall": 93.4453781512605,
      "confusion_matrix": [
        [
          51,
          1,
          15,
          0,
          0
        ],
        [
          2,
          21,
          0,
          0,
          0
        ],
        [
          4,
          0,
          157,
          0,
          1
        ],
        [
          10,
          1,
          0,
          3,
          1
        ],
        [
          2,
          0,
          2,
          0,
          324
        ]
      ],
      "epoch_time": 4.746830224990845,
      "learning_rate": 7.5e-06
    },
    {
      "epoch": 31,
      "train_loss": 6.410662926532127,
      "train_acc": 94.72128378378379,
      "val_loss": 0.6982295453548432,
      "val_acc": 93.4453781512605,
      "timestamp": "2025-08-30 09:24:59",
      "train_f1": 94.53910407668441,
      "train_recall": 94.72128378378379,
      "val_f1": 92.88828767639127,
      "val_recall": 93.4453781512605,
      "confusion_matrix": [
        [
          52,
          1,
          14,
          0,
          0
        ],
        [
          2,
          21,
          0,
          0,
          0
        ],
        [
          4,
          0,
          156,
          0,
          2
        ],
        [
          10,
          1,
          0,
          3,
          1
        ],
        [
          2,
          0,
          2,
          0,
          324
        ]
      ],
      "epoch_time": 4.82581901550293,
      "learning_rate": 7.5e-06
    },
    {
      "epoch": 32,
      "train_loss": 6.381684119636948,
      "train_acc": 94.67905405405405,
      "val_loss": 0.6972449481487274,
      "val_acc": 93.10924369747899,
      "timestamp": "2025-08-30 09:25:04",
      "train_f1": 94.51456824152055,
      "train_recall": 94.67905405405406,
      "val_f1": 92.60294695738587,
      "val_recall": 93.10924369747899,
      "confusion_matrix": [
        [
          53,
          1,
          13,
          0,
          0
        ],
        [
          2,
          21,
          0,
          0,
          0
        ],
        [
          5,
          0,
          156,
          0,
          1
        ],
        [
          10,
          1,
          0,
          3,
          1
        ],
        [
          2,
          0,
          5,
          0,
          321
        ]
      ],
      "epoch_time": 4.72005295753479,
      "learning_rate": 7.5e-06
    },
    {
      "epoch": 33,
      "train_loss": 6.414433658123016,
      "train_acc": 94.63682432432432,
      "val_loss": 0.6976210117340088,
      "val_acc": 93.27731092436974,
      "timestamp": "2025-08-30 09:25:08",
      "train_f1": 94.49063011423301,
      "train_recall": 94.63682432432432,
      "val_f1": 92.73620070073177,
      "val_recall": 93.27731092436974,
      "confusion_matrix": [
        [
          52,
          1,
          14,
          0,
          0
        ],
        [
          2,
          21,
          0,
          0,
          0
        ],
        [
          4,
          0,
          157,
          0,
          1
        ],
        [
          10,
          1,
          0,
          3,
          1
        ],
        [
          2,
          0,
          4,
          0,
          322
        ]
      ],
      "epoch_time": 4.737093448638916,
      "learning_rate": 7.5e-06
    },
    {
      "epoch": 34,
      "train_loss": 6.372357178378749,
      "train_acc": 94.67905405405405,
      "val_loss": 0.698160320520401,
      "val_acc": 93.4453781512605,
      "timestamp": "2025-08-30 09:25:13",
      "train_f1": 94.50554587935419,
      "train_recall": 94.67905405405406,
      "val_f1": 92.87961055982026,
      "val_recall": 93.4453781512605,
      "confusion_matrix": [
        [
          51,
          1,
          15,
          0,
          0
        ],
        [
          2,
          21,
          0,
          0,
          0
        ],
        [
          4,
          0,
          157,
          0,
          1
        ],
        [
          10,
          1,
          0,
          3,
          1
        ],
        [
          2,
          0,
          2,
          0,
          324
        ]
      ],
      "epoch_time": 4.787851810455322,
      "learning_rate": 3.75e-06
    },
    {
      "epoch": 35,
      "train_loss": 6.39315061794745,
      "train_acc": 94.76351351351352,
      "val_loss": 0.6987742602825164,
      "val_acc": 93.4453781512605,
      "timestamp": "2025-08-30 09:25:18",
      "train_f1": 94.58465195975229,
      "train_recall": 94.76351351351352,
      "val_f1": 92.88828767639127,
      "val_recall": 93.4453781512605,
      "confusion_matrix": [
        [
          52,
          1,
          14,
          0,
          0
        ],
        [
          2,
          21,
          0,
          0,
          0
        ],
        [
          4,
          0,
          156,
          0,
          2
        ],
        [
          10,
          1,
          0,
          3,
          1
        ],
        [
          2,
          0,
          2,
          0,
          324
        ]
      ],
      "epoch_time": 4.791390657424927,
      "learning_rate": 3.75e-06
    },
    {
      "epoch": 36,
      "train_loss": 6.377424454366839,
      "train_acc": 94.5945945945946,
      "val_loss": 0.6974481344223022,
      "val_acc": 93.27731092436974,
      "timestamp": "2025-08-30 09:25:23",
      "train_f1": 94.43970562618424,
      "train_recall": 94.5945945945946,
      "val_f1": 92.77794353176994,
      "val_recall": 93.27731092436974,
      "confusion_matrix": [
        [
          54,
          1,
          12,
          0,
          0
        ],
        [
          2,
          21,
          0,
          0,
          0
        ],
        [
          5,
          0,
          156,
          0,
          1
        ],
        [
          10,
          1,
          0,
          3,
          1
        ],
        [
          2,
          0,
          5,
          0,
          321
        ]
      ],
      "epoch_time": 4.766629934310913,
      "learning_rate": 3.75e-06
    },
    {
      "epoch": 37,
      "train_loss": 6.387007043168351,
      "train_acc": 94.67905405405405,
      "val_loss": 0.6973377585411071,
      "val_acc": 93.10924369747899,
      "timestamp": "2025-08-30 09:25:28",
      "train_f1": 94.51441704988201,
      "train_recall": 94.67905405405406,
      "val_f1": 92.57538879395541,
      "val_recall": 93.10924369747899,
      "confusion_matrix": [
        [
          52,
          2,
          13,
          0,
          0
        ],
        [
          2,
          21,
          0,
          0,
          0
        ],
        [
          4,
          0,
          157,
          0,
          1
        ],
        [
          10,
          1,
          0,
          3,
          1
        ],
        [
          2,
          0,
          5,
          0,
          321
        ]
      ],
      "epoch_time": 4.785595178604126,
      "learning_rate": 3.75e-06
    },
    {
      "epoch": 38,
      "train_loss": 6.349726791317399,
      "train_acc": 94.80574324324324,
      "val_loss": 0.6981283545494079,
      "val_acc": 93.27731092436974,
      "timestamp": "2025-08-30 09:25:33",
      "train_f1": 94.63591422552037,
      "train_recall": 94.80574324324324,
      "val_f1": 92.71045198239942,
      "val_recall": 93.27731092436974,
      "confusion_matrix": [
        [
          51,
          2,
          14,
          0,
          0
        ],
        [
          2,
          21,
          0,
          0,
          0
        ],
        [
          4,
          0,
          156,
          0,
          2
        ],
        [
          10,
          1,
          0,
          3,
          1
        ],
        [
          2,
          0,
          2,
          0,
          324
        ]
      ],
      "epoch_time": 4.72046160697937,
      "learning_rate": 3.75e-06
    },
    {
      "epoch": 39,
      "train_loss": 6.385416884680052,
      "train_acc": 94.5945945945946,
      "val_loss": 0.6971894979476929,
      "val_acc": 93.4453781512605,
      "timestamp": "2025-08-30 09:25:38",
      "train_f1": 94.42744423900639,
      "train_recall": 94.5945945945946,
      "val_f1": 92.88046946165348,
      "val_recall": 93.4453781512605,
      "confusion_matrix": [
        [
          51,
          2,
          14,
          0,
          0
        ],
        [
          2,
          21,
          0,
          0,
          0
        ],
        [
          4,
          0,
          157,
          0,
          1
        ],
        [
          10,
          1,
          0,
          3,
          1
        ],
        [
          2,
          0,
          2,
          0,
          324
        ]
      ],
      "epoch_time": 4.795898914337158,
      "learning_rate": 3.75e-06
    },
    {
      "epoch": 40,
      "train_loss": 6.382442190840438,
      "train_acc": 94.55236486486487,
      "val_loss": 0.6967663288116455,
      "val_acc": 93.10924369747899,
      "timestamp": "2025-08-30 09:25:43",
      "train_f1": 94.39170353281023,
      "train_recall": 94.55236486486487,
      "val_f1": 92.57538879395541,
      "val_recall": 93.10924369747899,
      "confusion_matrix": [
        [
          52,
          2,
          13,
          0,
          0
        ],
        [
          2,
          21,
          0,
          0,
          0
        ],
        [
          4,
          0,
          157,
          0,
          1
        ],
        [
          10,
          1,
          0,
          3,
          1
        ],
        [
          2,
          0,
          5,
          0,
          321
        ]
      ],
      "epoch_time": 4.799761533737183,
      "learning_rate": 3.75e-06
    },
    {
      "epoch": 41,
      "train_loss": 6.405501826389416,
      "train_acc": 94.5945945945946,
      "val_loss": 0.6978124856948853,
      "val_acc": 93.4453781512605,
      "timestamp": "2025-08-30 09:25:48",
      "train_f1": 94.44740986859135,
      "train_recall": 94.5945945945946,
      "val_f1": 92.88828767639127,
      "val_recall": 93.4453781512605,
      "confusion_matrix": [
        [
          52,
          1,
          14,
          0,
          0
        ],
        [
          2,
          21,
          0,
          0,
          0
        ],
        [
          4,
          0,
          156,
          0,
          2
        ],
        [
          10,
          1,
          0,
          3,
          1
        ],
        [
          2,
          0,
          2,
          0,
          324
        ]
      ],
      "epoch_time": 4.793503522872925,
      "learning_rate": 3.75e-06
    },
    {
      "epoch": 42,
      "train_loss": 6.396690692450549,
      "train_acc": 94.67905405405405,
      "val_loss": 0.6974042356014252,
      "val_acc": 93.61344537815125,
      "timestamp": "2025-08-30 09:25:53",
      "train_f1": 94.52243772484174,
      "train_recall": 94.67905405405406,
      "val_f1": 93.0583051556453,
      "val_recall": 93.61344537815125,
      "confusion_matrix": [
        [
          52,
          1,
          14,
          0,
          0
        ],
        [
          2,
          21,
          0,
          0,
          0
        ],
        [
          4,
          0,
          157,
          0,
          1
        ],
        [
          10,
          1,
          0,
          3,
          1
        ],
        [
          2,
          0,
          2,
          0,
          324
        ]
      ],
      "class_accuracies": {
        "class_0": 77.61194029850746,
        "class_1": 91.30434782608695,
        "class_2": 96.91358024691358,
        "class_3": 20.0,
        "class_4": 98.78048780487805
      },
      "epoch_time": 4.788723707199097,
      "learning_rate": 3.75e-06
    },
    {
      "epoch": 43,
      "train_loss": 6.365084722235396,
      "train_acc": 94.84797297297297,
      "val_loss": 0.6975424468517304,
      "val_acc": 93.4453781512605,
      "timestamp": "2025-08-30 09:25:58",
      "train_f1": 94.6928923121758,
      "train_recall": 94.84797297297297,
      "val_f1": 92.88828767639127,
      "val_recall": 93.4453781512605,
      "confusion_matrix": [
        [
          52,
          1,
          14,
          0,
          0
        ],
        [
          2,
          21,
          0,
          0,
          0
        ],
        [
          4,
          0,
          156,
          0,
          2
        ],
        [
          10,
          1,
          0,
          3,
          1
        ],
        [
          2,
          0,
          2,
          0,
          324
        ]
      ],
      "epoch_time": 4.805747747421265,
      "learning_rate": 3.75e-06
    },
    {
      "epoch": 44,
      "train_loss": 6.380038090654321,
      "train_acc": 94.51013513513513,
      "val_loss": 0.6972155451774598,
      "val_acc": 93.78151260504201,
      "timestamp": "2025-08-30 09:26:03",
      "train_f1": 94.36962431280844,
      "train_recall": 94.51013513513513,
      "val_f1": 93.2359655464908,
      "val_recall": 93.78151260504201,
      "confusion_matrix": [
        [
          53,
          1,
          13,
          0,
          0
        ],
        [
          2,
          21,
          0,
          0,
          0
        ],
        [
          4,
          0,
          157,
          0,
          1
        ],
        [
          10,
          1,
          0,
          3,
          1
        ],
        [
          2,
          0,
          2,
          0,
          324
        ]
      ],
      "class_accuracies": {
        "class_0": 79.1044776119403,
        "class_1": 91.30434782608695,
        "class_2": 96.91358024691358,
        "class_3": 20.0,
        "class_4": 98.78048780487805
      },
      "epoch_time": 4.808568477630615,
      "learning_rate": 3.75e-06
    },
    {
      "epoch": 45,
      "train_loss": 6.370746902517371,
      "train_acc": 94.89020270270271,
      "val_loss": 0.6966743171215057,
      "val_acc": 93.10924369747899,
      "timestamp": "2025-08-30 09:26:08",
      "train_f1": 94.72652111161176,
      "train_recall": 94.8902027027027,
      "val_f1": 92.57542740785712,
      "val_recall": 93.10924369747899,
      "confusion_matrix": [
        [
          52,
          1,
          14,
          0,
          0
        ],
        [
          2,
          21,
          0,
          0,
          0
        ],
        [
          4,
          0,
          157,
          0,
          1
        ],
        [
          10,
          1,
          0,
          3,
          1
        ],
        [
          2,
          0,
          5,
          0,
          321
        ]
      ],
      "epoch_time": 4.804095983505249,
      "learning_rate": 1.875e-06
    },
    {
      "epoch": 46,
      "train_loss": 6.392296459223773,
      "train_acc": 94.89020270270271,
      "val_loss": 0.6967603623867035,
      "val_acc": 93.61344537815125,
      "timestamp": "2025-08-30 09:26:13",
      "train_f1": 94.73729207507802,
      "train_recall": 94.8902027027027,
      "val_f1": 93.0583051556453,
      "val_recall": 93.61344537815125,
      "confusion_matrix": [
        [
          52,
          1,
          14,
          0,
          0
        ],
        [
          2,
          21,
          0,
          0,
          0
        ],
        [
          4,
          0,
          157,
          0,
          1
        ],
        [
          10,
          1,
          0,
          3,
          1
        ],
        [
          2,
          0,
          2,
          0,
          324
        ]
      ],
      "epoch_time": 4.794799089431763,
      "learning_rate": 1.875e-06
    },
    {
      "epoch": 47,
      "train_loss": 6.394494361168629,
      "train_acc": 94.72128378378379,
      "val_loss": 0.6968907177448272,
      "val_acc": 93.61344537815125,
      "timestamp": "2025-08-30 09:26:18",
      "train_f1": 94.55499745455508,
      "train_recall": 94.72128378378379,
      "val_f1": 93.0583051556453,
      "val_recall": 93.61344537815125,
      "confusion_matrix": [
        [
          52,
          1,
          14,
          0,
          0
        ],
        [
          2,
          21,
          0,
          0,
          0
        ],
        [
          4,
          0,
          157,
          0,
          1
        ],
        [
          10,
          1,
          0,
          3,
          1
        ],
        [
          2,
          0,
          2,
          0,
          324
        ]
      ],
      "epoch_time": 4.731742858886719,
      "learning_rate": 1.875e-06
    },
    {
      "epoch": 48,
      "train_loss": 6.387927683624062,
      "train_acc": 94.76351351351352,
      "val_loss": 0.6968884110450745,
      "val_acc": 93.61344537815125,
      "timestamp": "2025-08-30 09:26:23",
      "train_f1": 94.61355834498882,
      "train_recall": 94.76351351351352,
      "val_f1": 93.0583051556453,
      "val_recall": 93.61344537815125,
      "confusion_matrix": [
        [
          52,
          1,
          14,
          0,
          0
        ],
        [
          2,
          21,
          0,
          0,
          0
        ],
        [
          4,
          0,
          157,
          0,
          1
        ],
        [
          10,
          1,
          0,
          3,
          1
        ],
        [
          2,
          0,
          2,
          0,
          324
        ]
      ],
      "epoch_time": 4.877334356307983,
      "learning_rate": 1.875e-06
    },
    {
      "epoch": 49,
      "train_loss": 6.388533601889739,
      "train_acc": 94.72128378378379,
      "val_loss": 0.6970617234706878,
      "val_acc": 93.61344537815125,
      "timestamp": "2025-08-30 09:26:27",
      "train_f1": 94.55830204870345,
      "train_recall": 94.72128378378379,
      "val_f1": 93.0583051556453,
      "val_recall": 93.61344537815125,
      "confusion_matrix": [
        [
          52,
          1,
          14,
          0,
          0
        ],
        [
          2,
          21,
          0,
          0,
          0
        ],
        [
          4,
          0,
          157,
          0,
          1
        ],
        [
          10,
          1,
          0,
          3,
          1
        ],
        [
          2,
          0,
          2,
          0,
          324
        ]
      ],
      "epoch_time": 4.765554428100586,
      "learning_rate": 1.875e-06
    },
    {
      "epoch": 50,
      "train_loss": 6.36578110424248,
      "train_acc": 94.63682432432432,
      "val_loss": 0.6970901668071747,
      "val_acc": 93.78151260504201,
      "timestamp": "2025-08-30 09:26:32",
      "train_f1": 94.47003451663824,
      "train_recall": 94.63682432432432,
      "val_f1": 93.2359655464908,
      "val_recall": 93.78151260504201,
      "confusion_matrix": [
        [
          53,
          1,
          13,
          0,
          0
        ],
        [
          2,
          21,
          0,
          0,
          0
        ],
        [
          4,
          0,
          157,
          0,
          1
        ],
        [
          10,
          1,
          0,
          3,
          1
        ],
        [
          2,
          0,
          2,
          0,
          324
        ]
      ],
      "epoch_time": 4.770868539810181,
      "learning_rate": 1.875e-06
    }
  ]
}