{
  "dataset": "MACHO",
  "model_type": "geometric",
  "sde_config": 1,
  "start_time": "20250830_102334",
  "date": "20250830",
  "epochs": [
    {
      "epoch": 1,
      "train_loss": 6.360129868984222,
      "train_acc": 16.484375,
      "val_loss": 1.1688292622566223,
      "val_acc": 34.161490683229815,
      "timestamp": "2025-08-30 10:28:20",
      "train_f1": 14.793863850662376,
      "train_recall": 16.484375,
      "val_f1": 17.683595177201315,
      "val_recall": 34.161490683229815,
      "confusion_matrix": [
        [
          0,
          0,
          0,
          0,
          0,
          0,
          24
        ],
        [
          0,
          0,
          0,
          0,
          0,
          0,
          22
        ],
        [
          0,
          0,
          0,
          3,
          0,
          0,
          52
        ],
        [
          0,
          0,
          0,
          0,
          0,
          0,
          20
        ],
        [
          0,
          0,
          0,
          0,
          0,
          4,
          78
        ],
        [
          0,
          0,
          0,
          0,
          0,
          0,
          9
        ],
        [
          0,
          0,
          0,
          0,
          0,
          0,
          110
        ]
      ],
      "class_accuracies": {
        "class_0": 0.0,
        "class_1": 0.0,
        "class_2": 0.0,
        "class_3": 0.0,
        "class_4": 0.0,
        "class_5": 0.0,
        "class_6": 100.0
      },
      "epoch_time": 286.5499882698059,
      "learning_rate": 3e-05
    },
    {
      "epoch": 2,
      "train_loss": 6.303627753257752,
      "train_acc": 30.234375,
      "val_loss": 1.1591701904932659,
      "val_acc": 34.161490683229815,
      "timestamp": "2025-08-30 10:33:10",
      "train_f1": 21.17861821771389,
      "train_recall": 30.234375000000004,
      "val_f1": 17.397055440533705,
      "val_recall": 34.161490683229815,
      "confusion_matrix": [
        [
          0,
          0,
          0,
          0,
          0,
          0,
          24
        ],
        [
          0,
          0,
          0,
          0,
          0,
          0,
          22
        ],
        [
          0,
          0,
          0,
          0,
          0,
          0,
          55
        ],
        [
          0,
          0,
          0,
          0,
          0,
          0,
          20
        ],
        [
          0,
          0,
          0,
          0,
          0,
          0,
          82
        ],
        [
          0,
          0,
          0,
          0,
          0,
          0,
          9
        ],
        [
          0,
          0,
          0,
          0,
          0,
          0,
          110
        ]
      ],
      "epoch_time": 289.1418285369873,
      "learning_rate": 3e-05
    },
    {
      "epoch": 3,
      "train_loss": 6.273239511251449,
      "train_acc": 33.59375,
      "val_loss": 1.1503968040148418,
      "val_acc": 34.161490683229815,
      "timestamp": "2025-08-30 10:37:58",
      "train_f1": 21.18398436762184,
      "train_recall": 33.59375,
      "val_f1": 17.397055440533705,
      "val_recall": 34.161490683229815,
      "confusion_matrix": [
        [
          0,
          0,
          0,
          0,
          0,
          0,
          24
        ],
        [
          0,
          0,
          0,
          0,
          0,
          0,
          22
        ],
        [
          0,
          0,
          0,
          0,
          0,
          0,
          55
        ],
        [
          0,
          0,
          0,
          0,
          0,
          0,
          20
        ],
        [
          0,
          0,
          0,
          0,
          0,
          0,
          82
        ],
        [
          0,
          0,
          0,
          0,
          0,
          0,
          9
        ],
        [
          0,
          0,
          0,
          0,
          0,
          0,
          110
        ]
      ],
      "epoch_time": 287.7645318508148,
      "learning_rate": 3e-05
    },
    {
      "epoch": 4,
      "train_loss": 6.208730852603912,
      "train_acc": 37.03125,
      "val_loss": 1.141442318757375,
      "val_acc": 34.161490683229815,
      "timestamp": "2025-08-30 10:42:46",
      "train_f1": 22.48716066970066,
      "train_recall": 37.03125,
      "val_f1": 17.397055440533705,
      "val_recall": 34.161490683229815,
      "confusion_matrix": [
        [
          0,
          0,
          0,
          0,
          0,
          0,
          24
        ],
        [
          0,
          0,
          0,
          0,
          0,
          0,
          22
        ],
        [
          0,
          0,
          0,
          0,
          0,
          0,
          55
        ],
        [
          0,
          0,
          0,
          0,
          0,
          0,
          20
        ],
        [
          0,
          0,
          0,
          0,
          0,
          0,
          82
        ],
        [
          0,
          0,
          0,
          0,
          0,
          0,
          9
        ],
        [
          0,
          0,
          0,
          0,
          0,
          0,
          110
        ]
      ],
      "epoch_time": 288.139532327652,
      "learning_rate": 3e-05
    },
    {
      "epoch": 5,
      "train_loss": 6.146062576770783,
      "train_acc": 37.34375,
      "val_loss": 1.1326063474019368,
      "val_acc": 34.161490683229815,
      "timestamp": "2025-08-30 10:47:31",
      "train_f1": 22.52965402383839,
      "train_recall": 37.34375,
      "val_f1": 17.397055440533705,
      "val_recall": 34.161490683229815,
      "confusion_matrix": [
        [
          0,
          0,
          0,
          0,
          0,
          0,
          24
        ],
        [
          0,
          0,
          0,
          0,
          0,
          0,
          22
        ],
        [
          0,
          0,
          0,
          0,
          0,
          0,
          55
        ],
        [
          0,
          0,
          0,
          0,
          0,
          0,
          20
        ],
        [
          0,
          0,
          0,
          0,
          0,
          0,
          82
        ],
        [
          0,
          0,
          0,
          0,
          0,
          0,
          9
        ],
        [
          0,
          0,
          0,
          0,
          0,
          0,
          110
        ]
      ],
      "epoch_time": 285.25882387161255,
      "learning_rate": 3e-05
    },
    {
      "epoch": 6,
      "train_loss": 6.118690079450607,
      "train_acc": 38.359375,
      "val_loss": 1.125171999136607,
      "val_acc": 34.161490683229815,
      "timestamp": "2025-08-30 10:52:22",
      "train_f1": 23.137596336235873,
      "train_recall": 38.359375,
      "val_f1": 17.397055440533705,
      "val_recall": 34.161490683229815,
      "confusion_matrix": [
        [
          0,
          0,
          0,
          0,
          0,
          0,
          24
        ],
        [
          0,
          0,
          0,
          0,
          0,
          0,
          22
        ],
        [
          0,
          0,
          0,
          0,
          0,
          0,
          55
        ],
        [
          0,
          0,
          0,
          0,
          0,
          0,
          20
        ],
        [
          0,
          0,
          0,
          0,
          0,
          0,
          82
        ],
        [
          0,
          0,
          0,
          0,
          0,
          0,
          9
        ],
        [
          0,
          0,
          0,
          0,
          0,
          0,
          110
        ]
      ],
      "epoch_time": 290.4675979614258,
      "learning_rate": 3e-05
    },
    {
      "epoch": 7,
      "train_loss": 6.0777814269065855,
      "train_acc": 37.734375,
      "val_loss": 1.1199501554171245,
      "val_acc": 34.161490683229815,
      "timestamp": "2025-08-30 10:57:24",
      "train_f1": 22.358110805992908,
      "train_recall": 37.734375,
      "val_f1": 17.397055440533705,
      "val_recall": 34.161490683229815,
      "confusion_matrix": [
        [
          0,
          0,
          0,
          0,
          0,
          0,
          24
        ],
        [
          0,
          0,
          0,
          0,
          0,
          0,
          22
        ],
        [
          0,
          0,
          0,
          0,
          0,
          0,
          55
        ],
        [
          0,
          0,
          0,
          0,
          0,
          0,
          20
        ],
        [
          0,
          0,
          0,
          0,
          0,
          0,
          82
        ],
        [
          0,
          0,
          0,
          0,
          0,
          0,
          9
        ],
        [
          0,
          0,
          0,
          0,
          0,
          0,
          110
        ]
      ],
      "epoch_time": 301.24692249298096,
      "learning_rate": 3e-05
    },
    {
      "epoch": 8,
      "train_loss": 6.047613000869751,
      "train_acc": 38.359375,
      "val_loss": 1.1146769523620605,
      "val_acc": 34.161490683229815,
      "timestamp": "2025-08-30 11:02:34",
      "train_f1": 23.008249200693818,
      "train_recall": 38.359375,
      "val_f1": 17.397055440533705,
      "val_recall": 34.161490683229815,
      "confusion_matrix": [
        [
          0,
          0,
          0,
          0,
          0,
          0,
          24
        ],
        [
          0,
          0,
          0,
          0,
          0,
          0,
          22
        ],
        [
          0,
          0,
          0,
          0,
          0,
          0,
          55
        ],
        [
          0,
          0,
          0,
          0,
          0,
          0,
          20
        ],
        [
          0,
          0,
          0,
          0,
          0,
          0,
          82
        ],
        [
          0,
          0,
          0,
          0,
          0,
          0,
          9
        ],
        [
          0,
          0,
          0,
          0,
          0,
          0,
          110
        ]
      ],
      "epoch_time": 310.40354347229004,
      "learning_rate": 3e-05
    },
    {
      "epoch": 9,
      "train_loss": 6.013623690605163,
      "train_acc": 38.75,
      "val_loss": 1.1098890105883281,
      "val_acc": 34.161490683229815,
      "timestamp": "2025-08-30 11:07:56",
      "train_f1": 23.116999008439354,
      "train_recall": 38.75,
      "val_f1": 17.397055440533705,
      "val_recall": 34.161490683229815,
      "confusion_matrix": [
        [
          0,
          0,
          0,
          0,
          0,
          0,
          24
        ],
        [
          0,
          0,
          0,
          0,
          0,
          0,
          22
        ],
        [
          0,
          0,
          0,
          0,
          0,
          0,
          55
        ],
        [
          0,
          0,
          0,
          0,
          0,
          0,
          20
        ],
        [
          0,
          0,
          0,
          0,
          0,
          0,
          82
        ],
        [
          0,
          0,
          0,
          0,
          0,
          0,
          9
        ],
        [
          0,
          0,
          0,
          0,
          0,
          0,
          110
        ]
      ],
      "epoch_time": 321.55832147598267,
      "learning_rate": 3e-05
    },
    {
      "epoch": 10,
      "train_loss": 5.994472342729568,
      "train_acc": 38.203125,
      "val_loss": 1.1050382455190022,
      "val_acc": 34.161490683229815,
      "timestamp": "2025-08-30 11:13:30",
      "train_f1": 22.777962883458326,
      "train_recall": 38.203125,
      "val_f1": 17.397055440533705,
      "val_recall": 34.161490683229815,
      "confusion_matrix": [
        [
          0,
          0,
          0,
          0,
          0,
          0,
          24
        ],
        [
          0,
          0,
          0,
          0,
          0,
          0,
          22
        ],
        [
          0,
          0,
          0,
          0,
          0,
          0,
          55
        ],
        [
          0,
          0,
          0,
          0,
          0,
          0,
          20
        ],
        [
          0,
          0,
          0,
          0,
          0,
          0,
          82
        ],
        [
          0,
          0,
          0,
          0,
          0,
          0,
          9
        ],
        [
          0,
          0,
          0,
          0,
          0,
          0,
          110
        ]
      ],
      "epoch_time": 333.4919035434723,
      "learning_rate": 3e-05
    },
    {
      "epoch": 11,
      "train_loss": 5.9790801227092745,
      "train_acc": 37.734375,
      "val_loss": 1.1007728179295857,
      "val_acc": 34.161490683229815,
      "timestamp": "2025-08-30 11:19:19",
      "train_f1": 22.949461586184192,
      "train_recall": 37.734375,
      "val_f1": 17.397055440533705,
      "val_recall": 34.161490683229815,
      "confusion_matrix": [
        [
          0,
          0,
          0,
          0,
          0,
          0,
          24
        ],
        [
          0,
          0,
          0,
          0,
          0,
          0,
          22
        ],
        [
          0,
          0,
          0,
          0,
          0,
          0,
          55
        ],
        [
          0,
          0,
          0,
          0,
          0,
          0,
          20
        ],
        [
          0,
          0,
          0,
          0,
          0,
          0,
          82
        ],
        [
          0,
          0,
          0,
          0,
          0,
          0,
          9
        ],
        [
          0,
          0,
          0,
          0,
          0,
          0,
          110
        ]
      ],
      "epoch_time": 349.57494020462036,
      "learning_rate": 3e-05
    }
  ]
}