{
  "dataset": "LINEAR",
  "model_type": "langevin",
  "sde_config": 1,
  "start_time": "20250830_100522",
  "date": "20250830",
  "epochs": [
    {
      "epoch": 1,
      "train_loss": 16.793261105280656,
      "train_acc": 6.875,
      "val_loss": 0.9837838200961843,
      "val_acc": 2.0172910662824206,
      "timestamp": "2025-08-30 10:06:54",
      "train_f1": 8.333682144337152,
      "train_recall": 6.875000000000001,
      "val_f1": 0.4367587725625206,
      "val_recall": 2.0172910662824206,
      "confusion_matrix": [
        [
          0,
          57,
          0,
          0,
          5
        ],
        [
          0,
          19,
          0,
          0,
          0
        ],
        [
          0,
          413,
          0,
          0,
          7
        ],
        [
          0,
          164,
          0,
          0,
          0
        ],
        [
          0,
          374,
          0,
          0,
          2
        ]
      ],
      "class_accuracies": {
        "class_0": 0.0,
        "class_1": 100.0,
        "class_2": 0.0,
        "class_3": 0.0,
        "class_4": 0.5319148936170213
      },
      "epoch_time": 91.65319442749023,
      "learning_rate": 3e-05
    },
    {
      "epoch": 2,
      "train_loss": 15.836521731890166,
      "train_acc": 22.548076923076923,
      "val_loss": 0.9499498816097484,
      "val_acc": 36.119116234390006,
      "timestamp": "2025-08-30 10:08:36",
      "train_f1": 26.322098404636797,
      "train_recall": 22.548076923076923,
      "val_f1": 19.16836655487741,
      "val_recall": 36.119116234390006,
      "confusion_matrix": [
        [
          0,
          0,
          0,
          0,
          62
        ],
        [
          0,
          0,
          0,
          0,
          19
        ],
        [
          0,
          0,
          0,
          0,
          420
        ],
        [
          0,
          0,
          0,
          0,
          164
        ],
        [
          0,
          0,
          0,
          0,
          376
        ]
      ],
      "class_accuracies": {
        "class_0": 0.0,
        "class_1": 0.0,
        "class_2": 0.0,
        "class_3": 0.0,
        "class_4": 100.0
      },
      "epoch_time": 101.54557538032532,
      "learning_rate": 3e-05
    },
    {
      "epoch": 3,
      "train_loss": 15.228740930557251,
      "train_acc": 38.70192307692308,
      "val_loss": 0.9284970199360567,
      "val_acc": 36.119116234390006,
      "timestamp": "2025-08-30 10:10:16",
      "train_f1": 35.421556106897015,
      "train_recall": 38.70192307692308,
      "val_f1": 19.16836655487741,
      "val_recall": 36.119116234390006,
      "confusion_matrix": [
        [
          0,
          0,
          0,
          0,
          62
        ],
        [
          0,
          0,
          0,
          0,
          19
        ],
        [
          0,
          0,
          0,
          0,
          420
        ],
        [
          0,
          0,
          0,
          0,
          164
        ],
        [
          0,
          0,
          0,
          0,
          376
        ]
      ],
      "epoch_time": 99.82193183898926,
      "learning_rate": 3e-05
    },
    {
      "epoch": 4,
      "train_loss": 14.883771021549519,
      "train_acc": 40.43269230769231,
      "val_loss": 0.9168540940565222,
      "val_acc": 40.05763688760807,
      "timestamp": "2025-08-30 10:11:51",
      "train_f1": 35.06523160620407,
      "train_recall": 40.43269230769231,
      "val_f1": 23.07847392701699,
      "val_recall": 40.05763688760807,
      "confusion_matrix": [
        [
          0,
          0,
          62,
          0,
          0
        ],
        [
          0,
          0,
          19,
          0,
          0
        ],
        [
          0,
          0,
          417,
          0,
          3
        ],
        [
          0,
          0,
          164,
          0,
          0
        ],
        [
          0,
          0,
          376,
          0,
          0
        ]
      ],
      "class_accuracies": {
        "class_0": 0.0,
        "class_1": 0.0,
        "class_2": 99.28571428571429,
        "class_3": 0.0,
        "class_4": 0.0
      },
      "epoch_time": 94.84938287734985,
      "learning_rate": 3e-05
    },
    {
      "epoch": 5,
      "train_loss": 14.758086681365967,
      "train_acc": 41.15384615384615,
      "val_loss": 0.9121466804953182,
      "val_acc": 40.05763688760807,
      "timestamp": "2025-08-30 10:13:26",
      "train_f1": 34.87837347837348,
      "train_recall": 41.15384615384615,
      "val_f1": 23.07847392701699,
      "val_recall": 40.05763688760807,
      "confusion_matrix": [
        [
          0,
          0,
          62,
          0,
          0
        ],
        [
          0,
          0,
          19,
          0,
          0
        ],
        [
          0,
          0,
          417,
          0,
          3
        ],
        [
          0,
          0,
          164,
          0,
          0
        ],
        [
          0,
          0,
          376,
          0,
          0
        ]
      ],
      "epoch_time": 95.32082557678223,
      "learning_rate": 3e-05
    },
    {
      "epoch": 6,
      "train_loss": 14.707118789049295,
      "train_acc": 40.76923076923077,
      "val_loss": 0.9112727431689992,
      "val_acc": 39.8655139289145,
      "timestamp": "2025-08-30 10:14:58",
      "train_f1": 35.372746204474865,
      "train_recall": 40.76923076923077,
      "val_f1": 23.030970908038643,
      "val_recall": 39.8655139289145,
      "confusion_matrix": [
        [
          0,
          0,
          60,
          0,
          2
        ],
        [
          0,
          0,
          19,
          0,
          0
        ],
        [
          0,
          0,
          415,
          0,
          5
        ],
        [
          0,
          0,
          164,
          0,
          0
        ],
        [
          0,
          0,
          376,
          0,
          0
        ]
      ],
      "epoch_time": 91.38355708122253,
      "learning_rate": 3e-05
    },
    {
      "epoch": 7,
      "train_loss": 14.725679151828473,
      "train_acc": 39.30288461538461,
      "val_loss": 0.913540384348701,
      "val_acc": 40.05763688760807,
      "timestamp": "2025-08-30 10:16:35",
      "train_f1": 34.32933316278142,
      "train_recall": 39.30288461538461,
      "val_f1": 23.07847392701699,
      "val_recall": 40.05763688760807,
      "confusion_matrix": [
        [
          0,
          0,
          62,
          0,
          0
        ],
        [
          0,
          0,
          19,
          0,
          0
        ],
        [
          0,
          0,
          417,
          0,
          3
        ],
        [
          0,
          0,
          164,
          0,
          0
        ],
        [
          0,
          0,
          376,
          0,
          0
        ]
      ],
      "epoch_time": 97.50016570091248,
      "learning_rate": 3e-05
    },
    {
      "epoch": 8,
      "train_loss": 14.778906049178197,
      "train_acc": 40.84134615384615,
      "val_loss": 0.9139192735447603,
      "val_acc": 40.249759846301636,
      "timestamp": "2025-08-30 10:18:08",
      "train_f1": 34.669915819420766,
      "train_recall": 40.84134615384615,
      "val_f1": 23.157396075954367,
      "val_recall": 40.24975984630163,
      "confusion_matrix": [
        [
          0,
          0,
          62,
          0,
          0
        ],
        [
          0,
          0,
          19,
          0,
          0
        ],
        [
          0,
          0,
          419,
          0,
          1
        ],
        [
          0,
          0,
          164,
          0,
          0
        ],
        [
          0,
          0,
          376,
          0,
          0
        ]
      ],
      "class_accuracies": {
        "class_0": 0.0,
        "class_1": 0.0,
        "class_2": 99.76190476190476,
        "class_3": 0.0,
        "class_4": 0.0
      },
      "epoch_time": 92.56056880950928,
      "learning_rate": 3e-05
    },
    {
      "epoch": 9,
      "train_loss": 14.772198053506704,
      "train_acc": 41.65865384615385,
      "val_loss": 0.9128367304801941,
      "val_acc": 40.249759846301636,
      "timestamp": "2025-08-30 10:19:52",
      "train_f1": 34.99342744814269,
      "train_recall": 41.65865384615385,
      "val_f1": 23.157396075954367,
      "val_recall": 40.24975984630163,
      "confusion_matrix": [
        [
          0,
          0,
          62,
          0,
          0
        ],
        [
          0,
          0,
          19,
          0,
          0
        ],
        [
          0,
          0,
          419,
          0,
          1
        ],
        [
          0,
          0,
          164,
          0,
          0
        ],
        [
          0,
          0,
          376,
          0,
          0
        ]
      ],
      "epoch_time": 103.88097333908081,
      "learning_rate": 3e-05
    },
    {
      "epoch": 10,
      "train_loss": 14.727830224770766,
      "train_acc": 40.67307692307692,
      "val_loss": 0.9123873009401209,
      "val_acc": 40.249759846301636,
      "timestamp": "2025-08-30 10:21:20",
      "train_f1": 34.817046329921865,
      "train_recall": 40.67307692307692,
      "val_f1": 23.157396075954367,
      "val_recall": 40.24975984630163,
      "confusion_matrix": [
        [
          0,
          0,
          62,
          0,
          0
        ],
        [
          0,
          0,
          19,
          0,
          0
        ],
        [
          0,
          0,
          419,
          0,
          1
        ],
        [
          0,
          0,
          164,
          0,
          0
        ],
        [
          0,
          0,
          376,
          0,
          0
        ]
      ],
      "epoch_time": 87.54803133010864,
      "learning_rate": 3e-05
    },
    {
      "epoch": 11,
      "train_loss": 14.733382685367877,
      "train_acc": 41.77884615384615,
      "val_loss": 0.9123395576196558,
      "val_acc": 40.345821325648416,
      "timestamp": "2025-08-30 10:23:06",
      "train_f1": 34.88898453504982,
      "train_recall": 41.77884615384615,
      "val_f1": 23.196776121522703,
      "val_recall": 40.345821325648416,
      "confusion_matrix": [
        [
          0,
          0,
          62,
          0,
          0
        ],
        [
          0,
          0,
          19,
          0,
          0
        ],
        [
          0,
          0,
          420,
          0,
          0
        ],
        [
          0,
          0,
          164,
          0,
          0
        ],
        [
          0,
          0,
          376,
          0,
          0
        ]
      ],
      "class_accuracies": {
        "class_0": 0.0,
        "class_1": 0.0,
        "class_2": 100.0,
        "class_3": 0.0,
        "class_4": 0.0
      },
      "epoch_time": 106.41036868095398,
      "learning_rate": 3e-05
    },
    {
      "epoch": 12,
      "train_loss": 14.752077397016379,
      "train_acc": 40.74519230769231,
      "val_loss": 0.9120242876165053,
      "val_acc": 40.345821325648416,
      "timestamp": "2025-08-30 10:25:00",
      "train_f1": 34.869857924915316,
      "train_recall": 40.74519230769231,
      "val_f1": 23.196776121522703,
      "val_recall": 40.345821325648416,
      "confusion_matrix": [
        [
          0,
          0,
          62,
          0,
          0
        ],
        [
          0,
          0,
          19,
          0,
          0
        ],
        [
          0,
          0,
          420,
          0,
          0
        ],
        [
          0,
          0,
          164,
          0,
          0
        ],
        [
          0,
          0,
          376,
          0,
          0
        ]
      ],
      "epoch_time": 113.3641448020935,
      "learning_rate": 1.5e-05
    },
    {
      "epoch": 13,
      "train_loss": 14.713913431534401,
      "train_acc": 41.61057692307692,
      "val_loss": 0.9117650635102216,
      "val_acc": 40.345821325648416,
      "timestamp": "2025-08-30 10:26:34",
      "train_f1": 35.187904186451554,
      "train_recall": 41.61057692307693,
      "val_f1": 23.196776121522703,
      "val_recall": 40.345821325648416,
      "confusion_matrix": [
        [
          0,
          0,
          62,
          0,
          0
        ],
        [
          0,
          0,
          19,
          0,
          0
        ],
        [
          0,
          0,
          420,
          0,
          0
        ],
        [
          0,
          0,
          164,
          0,
          0
        ],
        [
          0,
          0,
          376,
          0,
          0
        ]
      ],
      "epoch_time": 93.85335922241211,
      "learning_rate": 1.5e-05
    },
    {
      "epoch": 14,
      "train_loss": 14.722534459370832,
      "train_acc": 41.75480769230769,
      "val_loss": 0.9117824294987846,
      "val_acc": 40.345821325648416,
      "timestamp": "2025-08-30 10:28:17",
      "train_f1": 34.591369380669576,
      "train_recall": 41.75480769230769,
      "val_f1": 23.196776121522703,
      "val_recall": 40.345821325648416,
      "confusion_matrix": [
        [
          0,
          0,
          62,
          0,
          0
        ],
        [
          0,
          0,
          19,
          0,
          0
        ],
        [
          0,
          0,
          420,
          0,
          0
        ],
        [
          0,
          0,
          164,
          0,
          0
        ],
        [
          0,
          0,
          376,
          0,
          0
        ]
      ],
      "epoch_time": 103.46230840682983,
      "learning_rate": 1.5e-05
    },
    {
      "epoch": 15,
      "train_loss": 14.740264553290148,
      "train_acc": 42.16346153846154,
      "val_loss": 0.9119819017017589,
      "val_acc": 40.345821325648416,
      "timestamp": "2025-08-30 10:29:51",
      "train_f1": 34.7971782907764,
      "train_recall": 42.16346153846154,
      "val_f1": 23.196776121522703,
      "val_recall": 40.345821325648416,
      "confusion_matrix": [
        [
          0,
          0,
          62,
          0,
          0
        ],
        [
          0,
          0,
          19,
          0,
          0
        ],
        [
          0,
          0,
          420,
          0,
          0
        ],
        [
          0,
          0,
          164,
          0,
          0
        ],
        [
          0,
          0,
          376,
          0,
          0
        ]
      ],
      "epoch_time": 93.71154856681824,
      "learning_rate": 1.5e-05
    },
    {
      "epoch": 16,
      "train_loss": 14.746465302430666,
      "train_acc": 42.47596153846154,
      "val_loss": 0.9120959218810586,
      "val_acc": 40.345821325648416,
      "timestamp": "2025-08-30 10:31:35",
      "train_f1": 34.26267989237577,
      "train_recall": 42.47596153846154,
      "val_f1": 23.196776121522703,
      "val_recall": 40.345821325648416,
      "confusion_matrix": [
        [
          0,
          0,
          62,
          0,
          0
        ],
        [
          0,
          0,
          19,
          0,
          0
        ],
        [
          0,
          0,
          420,
          0,
          0
        ],
        [
          0,
          0,
          164,
          0,
          0
        ],
        [
          0,
          0,
          376,
          0,
          0
        ]
      ],
      "epoch_time": 103.5449481010437,
      "learning_rate": 1.5e-05
    },
    {
      "epoch": 17,
      "train_loss": 14.749163589110742,
      "train_acc": 42.71634615384615,
      "val_loss": 0.9120528768090641,
      "val_acc": 40.345821325648416,
      "timestamp": "2025-08-30 10:33:05",
      "train_f1": 34.17124553676916,
      "train_recall": 42.71634615384615,
      "val_f1": 23.196776121522703,
      "val_recall": 40.345821325648416,
      "confusion_matrix": [
        [
          0,
          0,
          62,
          0,
          0
        ],
        [
          0,
          0,
          19,
          0,
          0
        ],
        [
          0,
          0,
          420,
          0,
          0
        ],
        [
          0,
          0,
          164,
          0,
          0
        ],
        [
          0,
          0,
          376,
          0,
          0
        ]
      ],
      "epoch_time": 89.86507534980774,
      "learning_rate": 1.5e-05
    },
    {
      "epoch": 18,
      "train_loss": 14.723691265399639,
      "train_acc": 42.47596153846154,
      "val_loss": 0.9119576741667355,
      "val_acc": 40.345821325648416,
      "timestamp": "2025-08-30 10:34:24",
      "train_f1": 33.855698489048905,
      "train_recall": 42.47596153846154,
      "val_f1": 23.196776121522703,
      "val_recall": 40.345821325648416,
      "confusion_matrix": [
        [
          0,
          0,
          62,
          0,
          0
        ],
        [
          0,
          0,
          19,
          0,
          0
        ],
        [
          0,
          0,
          420,
          0,
          0
        ],
        [
          0,
          0,
          164,
          0,
          0
        ],
        [
          0,
          0,
          376,
          0,
          0
        ]
      ],
      "epoch_time": 78.91746687889099,
      "learning_rate": 1.5e-05
    },
    {
      "epoch": 19,
      "train_loss": 14.74412051806083,
      "train_acc": 40.74519230769231,
      "val_loss": 0.9119913823464337,
      "val_acc": 40.345821325648416,
      "timestamp": "2025-08-30 10:35:44",
      "train_f1": 32.74231266319233,
      "train_recall": 40.74519230769231,
      "val_f1": 23.196776121522703,
      "val_recall": 40.345821325648416,
      "confusion_matrix": [
        [
          0,
          0,
          62,
          0,
          0
        ],
        [
          0,
          0,
          19,
          0,
          0
        ],
        [
          0,
          0,
          420,
          0,
          0
        ],
        [
          0,
          0,
          164,
          0,
          0
        ],
        [
          0,
          0,
          376,
          0,
          0
        ]
      ],
      "epoch_time": 79.8088390827179,
      "learning_rate": 1.5e-05
    },
    {
      "epoch": 20,
      "train_loss": 14.725180457188532,
      "train_acc": 42.01923076923077,
      "val_loss": 0.9121325121206396,
      "val_acc": 40.345821325648416,
      "timestamp": "2025-08-30 10:37:06",
      "train_f1": 34.54689366285446,
      "train_recall": 42.01923076923077,
      "val_f1": 23.196776121522703,
      "val_recall": 40.345821325648416,
      "confusion_matrix": [
        [
          0,
          0,
          62,
          0,
          0
        ],
        [
          0,
          0,
          19,
          0,
          0
        ],
        [
          0,
          0,
          420,
          0,
          0
        ],
        [
          0,
          0,
          164,
          0,
          0
        ],
        [
          0,
          0,
          376,
          0,
          0
        ]
      ],
      "epoch_time": 81.71804237365723,
      "learning_rate": 1.5e-05
    },
    {
      "epoch": 21,
      "train_loss": 14.727594127104833,
      "train_acc": 42.45192307692308,
      "val_loss": 0.9121965485460618,
      "val_acc": 40.345821325648416,
      "timestamp": "2025-08-30 10:38:31",
      "train_f1": 34.3654064090271,
      "train_recall": 42.45192307692307,
      "val_f1": 23.196776121522703,
      "val_recall": 40.345821325648416,
      "confusion_matrix": [
        [
          0,
          0,
          62,
          0,
          0
        ],
        [
          0,
          0,
          19,
          0,
          0
        ],
        [
          0,
          0,
          420,
          0,
          0
        ],
        [
          0,
          0,
          164,
          0,
          0
        ],
        [
          0,
          0,
          376,
          0,
          0
        ]
      ],
      "epoch_time": 84.70841956138611,
      "learning_rate": 1.5e-05
    },
    {
      "epoch": 22,
      "train_loss": 14.725469368237716,
      "train_acc": 42.66826923076923,
      "val_loss": 0.9121773383196663,
      "val_acc": 40.345821325648416,
      "timestamp": "2025-08-30 10:39:52",
      "train_f1": 32.95717814961945,
      "train_recall": 42.668269230769226,
      "val_f1": 23.196776121522703,
      "val_recall": 40.345821325648416,
      "confusion_matrix": [
        [
          0,
          0,
          62,
          0,
          0
        ],
        [
          0,
          0,
          19,
          0,
          0
        ],
        [
          0,
          0,
          420,
          0,
          0
        ],
        [
          0,
          0,
          164,
          0,
          0
        ],
        [
          0,
          0,
          376,
          0,
          0
        ]
      ],
      "epoch_time": 81.50720739364624,
      "learning_rate": 1.5e-05
    },
    {
      "epoch": 23,
      "train_loss": 14.735656049618354,
      "train_acc": 41.63461538461539,
      "val_loss": 0.9120504645740285,
      "val_acc": 40.345821325648416,
      "timestamp": "2025-08-30 10:41:29",
      "train_f1": 32.122363208545366,
      "train_recall": 41.63461538461539,
      "val_f1": 23.196776121522703,
      "val_recall": 40.345821325648416,
      "confusion_matrix": [
        [
          0,
          0,
          62,
          0,
          0
        ],
        [
          0,
          0,
          19,
          0,
          0
        ],
        [
          0,
          0,
          420,
          0,
          0
        ],
        [
          0,
          0,
          164,
          0,
          0
        ],
        [
          0,
          0,
          376,
          0,
          0
        ]
      ],
      "epoch_time": 96.48048663139343,
      "learning_rate": 7.5e-06
    },
    {
      "epoch": 24,
      "train_loss": 14.733447554478278,
      "train_acc": 42.42788461538461,
      "val_loss": 0.9120259916081148,
      "val_acc": 40.345821325648416,
      "timestamp": "2025-08-30 10:42:48",
      "train_f1": 32.92820392575141,
      "train_recall": 42.42788461538461,
      "val_f1": 23.196776121522703,
      "val_recall": 40.345821325648416,
      "confusion_matrix": [
        [
          0,
          0,
          62,
          0,
          0
        ],
        [
          0,
          0,
          19,
          0,
          0
        ],
        [
          0,
          0,
          420,
          0,
          0
        ],
        [
          0,
          0,
          164,
          0,
          0
        ],
        [
          0,
          0,
          376,
          0,
          0
        ]
      ],
      "epoch_time": 78.66938138008118,
      "learning_rate": 7.5e-06
    },
    {
      "epoch": 25,
      "train_loss": 14.724501418150389,
      "train_acc": 42.30769230769231,
      "val_loss": 0.9120219560230479,
      "val_acc": 40.345821325648416,
      "timestamp": "2025-08-30 10:44:10",
      "train_f1": 32.55107658596574,
      "train_recall": 42.30769230769231,
      "val_f1": 23.196776121522703,
      "val_recall": 40.345821325648416,
      "confusion_matrix": [
        [
          0,
          0,
          62,
          0,
          0
        ],
        [
          0,
          0,
          19,
          0,
          0
        ],
        [
          0,
          0,
          420,
          0,
          0
        ],
        [
          0,
          0,
          164,
          0,
          0
        ],
        [
          0,
          0,
          376,
          0,
          0
        ]
      ],
      "epoch_time": 82.04690361022949,
      "learning_rate": 7.5e-06
    },
    {
      "epoch": 26,
      "train_loss": 14.721884497312399,
      "train_acc": 43.07692307692308,
      "val_loss": 0.9119616010609795,
      "val_acc": 40.345821325648416,
      "timestamp": "2025-08-30 10:45:29",
      "train_f1": 33.68347684360467,
      "train_recall": 43.07692307692308,
      "val_f1": 23.196776121522703,
      "val_recall": 40.345821325648416,
      "confusion_matrix": [
        [
          0,
          0,
          62,
          0,
          0
        ],
        [
          0,
          0,
          19,
          0,
          0
        ],
        [
          0,
          0,
          420,
          0,
          0
        ],
        [
          0,
          0,
          164,
          0,
          0
        ],
        [
          0,
          0,
          376,
          0,
          0
        ]
      ],
      "epoch_time": 78.6448187828064,
      "learning_rate": 7.5e-06
    },
    {
      "epoch": 27,
      "train_loss": 14.752583299233363,
      "train_acc": 42.11538461538461,
      "val_loss": 0.911949049024021,
      "val_acc": 40.345821325648416,
      "timestamp": "2025-08-30 10:46:50",
      "train_f1": 32.6632236026265,
      "train_recall": 42.11538461538461,
      "val_f1": 23.196776121522703,
      "val_recall": 40.345821325648416,
      "confusion_matrix": [
        [
          0,
          0,
          62,
          0,
          0
        ],
        [
          0,
          0,
          19,
          0,
          0
        ],
        [
          0,
          0,
          420,
          0,
          0
        ],
        [
          0,
          0,
          164,
          0,
          0
        ],
        [
          0,
          0,
          376,
          0,
          0
        ]
      ],
      "epoch_time": 80.63973736763,
      "learning_rate": 7.5e-06
    },
    {
      "epoch": 28,
      "train_loss": 14.72207428767131,
      "train_acc": 42.35576923076923,
      "val_loss": 0.9118832209530998,
      "val_acc": 40.345821325648416,
      "timestamp": "2025-08-30 10:48:13",
      "train_f1": 32.34275759025496,
      "train_recall": 42.35576923076923,
      "val_f1": 23.196776121522703,
      "val_recall": 40.345821325648416,
      "confusion_matrix": [
        [
          0,
          0,
          62,
          0,
          0
        ],
        [
          0,
          0,
          19,
          0,
          0
        ],
        [
          0,
          0,
          420,
          0,
          0
        ],
        [
          0,
          0,
          164,
          0,
          0
        ],
        [
          0,
          0,
          376,
          0,
          0
        ]
      ],
      "epoch_time": 83.44927906990051,
      "learning_rate": 7.5e-06
    },
    {
      "epoch": 29,
      "train_loss": 14.748802542686462,
      "train_acc": 41.46634615384615,
      "val_loss": 0.9118653921520009,
      "val_acc": 40.345821325648416,
      "timestamp": "2025-08-30 10:49:33",
      "train_f1": 31.882416646192453,
      "train_recall": 41.46634615384615,
      "val_f1": 23.196776121522703,
      "val_recall": 40.345821325648416,
      "confusion_matrix": [
        [
          0,
          0,
          62,
          0,
          0
        ],
        [
          0,
          0,
          19,
          0,
          0
        ],
        [
          0,
          0,
          420,
          0,
          0
        ],
        [
          0,
          0,
          164,
          0,
          0
        ],
        [
          0,
          0,
          376,
          0,
          0
        ]
      ],
      "epoch_time": 79.97042298316956,
      "learning_rate": 7.5e-06
    },
    {
      "epoch": 30,
      "train_loss": 14.727995266364172,
      "train_acc": 42.52403846153846,
      "val_loss": 0.9118169931804433,
      "val_acc": 40.345821325648416,
      "timestamp": "2025-08-30 10:50:51",
      "train_f1": 32.55243369635683,
      "train_recall": 42.52403846153846,
      "val_f1": 23.196776121522703,
      "val_recall": 40.345821325648416,
      "confusion_matrix": [
        [
          0,
          0,
          62,
          0,
          0
        ],
        [
          0,
          0,
          19,
          0,
          0
        ],
        [
          0,
          0,
          420,
          0,
          0
        ],
        [
          0,
          0,
          164,
          0,
          0
        ],
        [
          0,
          0,
          376,
          0,
          0
        ]
      ],
      "epoch_time": 77.87008929252625,
      "learning_rate": 7.5e-06
    },
    {
      "epoch": 31,
      "train_loss": 14.718686538476211,
      "train_acc": 43.38942307692308,
      "val_loss": 0.9117457936791813,
      "val_acc": 40.345821325648416,
      "timestamp": "2025-08-30 10:52:27",
      "train_f1": 33.23509315936915,
      "train_recall": 43.38942307692308,
      "val_f1": 23.196776121522703,
      "val_recall": 40.345821325648416,
      "confusion_matrix": [
        [
          0,
          0,
          62,
          0,
          0
        ],
        [
          0,
          0,
          19,
          0,
          0
        ],
        [
          0,
          0,
          420,
          0,
          0
        ],
        [
          0,
          0,
          164,
          0,
          0
        ],
        [
          0,
          0,
          376,
          0,
          0
        ]
      ],
      "epoch_time": 95.86407804489136,
      "learning_rate": 7.5e-06
    },
    {
      "epoch": 32,
      "train_loss": 14.733794132562783,
      "train_acc": 43.36538461538461,
      "val_loss": 0.9117136808002696,
      "val_acc": 40.345821325648416,
      "timestamp": "2025-08-30 10:53:45",
      "train_f1": 32.02340675701385,
      "train_recall": 43.36538461538461,
      "val_f1": 23.196776121522703,
      "val_recall": 40.345821325648416,
      "confusion_matrix": [
        [
          0,
          0,
          62,
          0,
          0
        ],
        [
          0,
          0,
          19,
          0,
          0
        ],
        [
          0,
          0,
          420,
          0,
          0
        ],
        [
          0,
          0,
          164,
          0,
          0
        ],
        [
          0,
          0,
          376,
          0,
          0
        ]
      ],
      "epoch_time": 77.13936185836792,
      "learning_rate": 7.5e-06
    },
    {
      "epoch": 33,
      "train_loss": 14.735483309855828,
      "train_acc": 42.40384615384615,
      "val_loss": 0.9117560667150161,
      "val_acc": 40.345821325648416,
      "timestamp": "2025-08-30 10:55:09",
      "train_f1": 31.402779493740525,
      "train_recall": 42.40384615384615,
      "val_f1": 23.196776121522703,
      "val_recall": 40.345821325648416,
      "confusion_matrix": [
        [
          0,
          0,
          62,
          0,
          0
        ],
        [
          0,
          0,
          19,
          0,
          0
        ],
        [
          0,
          0,
          420,
          0,
          0
        ],
        [
          0,
          0,
          164,
          0,
          0
        ],
        [
          0,
          0,
          376,
          0,
          0
        ]
      ],
      "epoch_time": 84.21421408653259,
      "learning_rate": 7.5e-06
    },
    {
      "epoch": 34,
      "train_loss": 14.755908353512103,
      "train_acc": 42.54807692307692,
      "val_loss": 0.911878715543186,
      "val_acc": 40.345821325648416,
      "timestamp": "2025-08-30 10:56:30",
      "train_f1": 31.941764166130536,
      "train_recall": 42.54807692307692,
      "val_f1": 23.196776121522703,
      "val_recall": 40.345821325648416,
      "confusion_matrix": [
        [
          0,
          0,
          62,
          0,
          0
        ],
        [
          0,
          0,
          19,
          0,
          0
        ],
        [
          0,
          0,
          420,
          0,
          0
        ],
        [
          0,
          0,
          164,
          0,
          0
        ],
        [
          0,
          0,
          376,
          0,
          0
        ]
      ],
      "epoch_time": 81.03521752357483,
      "learning_rate": 3.75e-06
    },
    {
      "epoch": 35,
      "train_loss": 14.711664566626915,
      "train_acc": 42.37980769230769,
      "val_loss": 0.9118409577537986,
      "val_acc": 40.345821325648416,
      "timestamp": "2025-08-30 10:57:49",
      "train_f1": 31.573396638280453,
      "train_recall": 42.37980769230769,
      "val_f1": 23.196776121522703,
      "val_recall": 40.345821325648416,
      "confusion_matrix": [
        [
          0,
          0,
          62,
          0,
          0
        ],
        [
          0,
          0,
          19,
          0,
          0
        ],
        [
          0,
          0,
          420,
          0,
          0
        ],
        [
          0,
          0,
          164,
          0,
          0
        ],
        [
          0,
          0,
          376,
          0,
          0
        ]
      ],
      "epoch_time": 78.76639485359192,
      "learning_rate": 3.75e-06
    },
    {
      "epoch": 36,
      "train_loss": 14.72594441450559,
      "train_acc": 41.77884615384615,
      "val_loss": 0.9117531320627998,
      "val_acc": 40.345821325648416,
      "timestamp": "2025-08-30 10:59:16",
      "train_f1": 30.8733539384136,
      "train_recall": 41.77884615384615,
      "val_f1": 23.196776121522703,
      "val_recall": 40.345821325648416,
      "confusion_matrix": [
        [
          0,
          0,
          62,
          0,
          0
        ],
        [
          0,
          0,
          19,
          0,
          0
        ],
        [
          0,
          0,
          420,
          0,
          0
        ],
        [
          0,
          0,
          164,
          0,
          0
        ],
        [
          0,
          0,
          376,
          0,
          0
        ]
      ],
      "epoch_time": 86.88524889945984,
      "learning_rate": 3.75e-06
    },
    {
      "epoch": 37,
      "train_loss": 14.715799490305093,
      "train_acc": 42.40384615384615,
      "val_loss": 0.9117152059779448,
      "val_acc": 40.345821325648416,
      "timestamp": "2025-08-30 11:00:32",
      "train_f1": 31.95480189618397,
      "train_recall": 42.40384615384615,
      "val_f1": 23.196776121522703,
      "val_recall": 40.345821325648416,
      "confusion_matrix": [
        [
          0,
          0,
          62,
          0,
          0
        ],
        [
          0,
          0,
          19,
          0,
          0
        ],
        [
          0,
          0,
          420,
          0,
          0
        ],
        [
          0,
          0,
          164,
          0,
          0
        ],
        [
          0,
          0,
          376,
          0,
          0
        ]
      ],
      "epoch_time": 75.5111825466156,
      "learning_rate": 3.75e-06
    },
    {
      "epoch": 38,
      "train_loss": 14.744142845043768,
      "train_acc": 42.86057692307692,
      "val_loss": 0.9116920443142161,
      "val_acc": 40.345821325648416,
      "timestamp": "2025-08-30 11:01:50",
      "train_f1": 32.073656084202035,
      "train_recall": 42.86057692307692,
      "val_f1": 23.196776121522703,
      "val_recall": 40.345821325648416,
      "confusion_matrix": [
        [
          0,
          0,
          62,
          0,
          0
        ],
        [
          0,
          0,
          19,
          0,
          0
        ],
        [
          0,
          0,
          420,
          0,
          0
        ],
        [
          0,
          0,
          164,
          0,
          0
        ],
        [
          0,
          0,
          376,
          0,
          0
        ]
      ],
      "epoch_time": 78.6199471950531,
      "learning_rate": 3.75e-06
    },
    {
      "epoch": 39,
      "train_loss": 14.74609706218426,
      "train_acc": 42.45192307692308,
      "val_loss": 0.9116288704030654,
      "val_acc": 40.345821325648416,
      "timestamp": "2025-08-30 11:03:46",
      "train_f1": 31.654938081038992,
      "train_recall": 42.45192307692307,
      "val_f1": 23.196776121522703,
      "val_recall": 40.345821325648416,
      "confusion_matrix": [
        [
          0,
          0,
          62,
          0,
          0
        ],
        [
          0,
          0,
          19,
          0,
          0
        ],
        [
          0,
          0,
          420,
          0,
          0
        ],
        [
          0,
          0,
          164,
          0,
          0
        ],
        [
          0,
          0,
          376,
          0,
          0
        ]
      ],
      "epoch_time": 115.11341500282288,
      "learning_rate": 3.75e-06
    },
    {
      "epoch": 40,
      "train_loss": 14.711448097229004,
      "train_acc": 42.64423076923077,
      "val_loss": 0.9115845210411969,
      "val_acc": 40.345821325648416,
      "timestamp": "2025-08-30 11:05:09",
      "train_f1": 31.826549580755813,
      "train_recall": 42.64423076923077,
      "val_f1": 23.196776121522703,
      "val_recall": 40.345821325648416,
      "confusion_matrix": [
        [
          0,
          0,
          62,
          0,
          0
        ],
        [
          0,
          0,
          19,
          0,
          0
        ],
        [
          0,
          0,
          420,
          0,
          0
        ],
        [
          0,
          0,
          164,
          0,
          0
        ],
        [
          0,
          0,
          376,
          0,
          0
        ]
      ],
      "epoch_time": 82.53430676460266,
      "learning_rate": 3.75e-06
    },
    {
      "epoch": 41,
      "train_loss": 14.704463685475863,
      "train_acc": 42.93269230769231,
      "val_loss": 0.911526620388031,
      "val_acc": 40.345821325648416,
      "timestamp": "2025-08-30 11:06:31",
      "train_f1": 32.27747044758771,
      "train_recall": 42.93269230769231,
      "val_f1": 23.196776121522703,
      "val_recall": 40.345821325648416,
      "confusion_matrix": [
        [
          0,
          0,
          62,
          0,
          0
        ],
        [
          0,
          0,
          19,
          0,
          0
        ],
        [
          0,
          0,
          420,
          0,
          0
        ],
        [
          0,
          0,
          164,
          0,
          0
        ],
        [
          0,
          0,
          376,
          0,
          0
        ]
      ],
      "epoch_time": 82.25079822540283,
      "learning_rate": 3.75e-06
    },
    {
      "epoch": 42,
      "train_loss": 14.739188125500313,
      "train_acc": 43.31730769230769,
      "val_loss": 0.9115290852154002,
      "val_acc": 40.345821325648416,
      "timestamp": "2025-08-30 11:07:42",
      "train_f1": 32.41323060143286,
      "train_recall": 43.31730769230769,
      "val_f1": 23.196776121522703,
      "val_recall": 40.345821325648416,
      "confusion_matrix": [
        [
          0,
          0,
          62,
          0,
          0
        ],
        [
          0,
          0,
          19,
          0,
          0
        ],
        [
          0,
          0,
          420,
          0,
          0
        ],
        [
          0,
          0,
          164,
          0,
          0
        ],
        [
          0,
          0,
          376,
          0,
          0
        ]
      ],
      "epoch_time": 70.84487891197205,
      "learning_rate": 3.75e-06
    },
    {
      "epoch": 43,
      "train_loss": 14.712173090531277,
      "train_acc": 42.57211538461539,
      "val_loss": 0.9115707558744094,
      "val_acc": 40.345821325648416,
      "timestamp": "2025-08-30 11:09:13",
      "train_f1": 30.766934709547982,
      "train_recall": 42.57211538461539,
      "val_f1": 23.196776121522703,
      "val_recall": 40.345821325648416,
      "confusion_matrix": [
        [
          0,
          0,
          62,
          0,
          0
        ],
        [
          0,
          0,
          19,
          0,
          0
        ],
        [
          0,
          0,
          420,
          0,
          0
        ],
        [
          0,
          0,
          164,
          0,
          0
        ],
        [
          0,
          0,
          376,
          0,
          0
        ]
      ],
      "epoch_time": 90.97089672088623,
      "learning_rate": 3.75e-06
    },
    {
      "epoch": 44,
      "train_loss": 14.736513807223393,
      "train_acc": 42.47596153846154,
      "val_loss": 0.9116432561593897,
      "val_acc": 40.345821325648416,
      "timestamp": "2025-08-30 11:10:33",
      "train_f1": 31.172338294772146,
      "train_recall": 42.47596153846154,
      "val_f1": 23.196776121522703,
      "val_recall": 40.345821325648416,
      "confusion_matrix": [
        [
          0,
          0,
          62,
          0,
          0
        ],
        [
          0,
          0,
          19,
          0,
          0
        ],
        [
          0,
          0,
          420,
          0,
          0
        ],
        [
          0,
          0,
          164,
          0,
          0
        ],
        [
          0,
          0,
          376,
          0,
          0
        ]
      ],
      "epoch_time": 79.80636548995972,
      "learning_rate": 3.75e-06
    },
    {
      "epoch": 45,
      "train_loss": 14.72832052891071,
      "train_acc": 43.00480769230769,
      "val_loss": 0.9117099677815157,
      "val_acc": 40.345821325648416,
      "timestamp": "2025-08-30 11:11:54",
      "train_f1": 31.931672798428867,
      "train_recall": 43.00480769230769,
      "val_f1": 23.196776121522703,
      "val_recall": 40.345821325648416,
      "confusion_matrix": [
        [
          0,
          0,
          62,
          0,
          0
        ],
        [
          0,
          0,
          19,
          0,
          0
        ],
        [
          0,
          0,
          420,
          0,
          0
        ],
        [
          0,
          0,
          164,
          0,
          0
        ],
        [
          0,
          0,
          376,
          0,
          0
        ]
      ],
      "epoch_time": 80.46574592590332,
      "learning_rate": 1.875e-06
    },
    {
      "epoch": 46,
      "train_loss": 14.72394655576119,
      "train_acc": 43.19711538461539,
      "val_loss": 0.9117365584653967,
      "val_acc": 40.345821325648416,
      "timestamp": "2025-08-30 11:13:29",
      "train_f1": 32.75846437592572,
      "train_recall": 43.19711538461539,
      "val_f1": 23.196776121522703,
      "val_recall": 40.345821325648416,
      "confusion_matrix": [
        [
          0,
          0,
          62,
          0,
          0
        ],
        [
          0,
          0,
          19,
          0,
          0
        ],
        [
          0,
          0,
          420,
          0,
          0
        ],
        [
          0,
          0,
          164,
          0,
          0
        ],
        [
          0,
          0,
          376,
          0,
          0
        ]
      ],
      "epoch_time": 94.88114905357361,
      "learning_rate": 1.875e-06
    },
    {
      "epoch": 47,
      "train_loss": 14.750959806258862,
      "train_acc": 42.57211538461539,
      "val_loss": 0.9117594361305237,
      "val_acc": 40.345821325648416,
      "timestamp": "2025-08-30 11:14:53",
      "train_f1": 32.0982911587163,
      "train_recall": 42.57211538461539,
      "val_f1": 23.196776121522703,
      "val_recall": 40.345821325648416,
      "confusion_matrix": [
        [
          0,
          0,
          62,
          0,
          0
        ],
        [
          0,
          0,
          19,
          0,
          0
        ],
        [
          0,
          0,
          420,
          0,
          0
        ],
        [
          0,
          0,
          164,
          0,
          0
        ],
        [
          0,
          0,
          376,
          0,
          0
        ]
      ],
      "epoch_time": 83.75141453742981,
      "learning_rate": 1.875e-06
    },
    {
      "epoch": 48,
      "train_loss": 14.714677465879,
      "train_acc": 42.66826923076923,
      "val_loss": 0.9117455868160024,
      "val_acc": 40.345821325648416,
      "timestamp": "2025-08-30 11:16:11",
      "train_f1": 32.07120652857595,
      "train_recall": 42.668269230769226,
      "val_f1": 23.196776121522703,
      "val_recall": 40.345821325648416,
      "confusion_matrix": [
        [
          0,
          0,
          62,
          0,
          0
        ],
        [
          0,
          0,
          19,
          0,
          0
        ],
        [
          0,
          0,
          420,
          0,
          0
        ],
        [
          0,
          0,
          164,
          0,
          0
        ],
        [
          0,
          0,
          376,
          0,
          0
        ]
      ],
      "epoch_time": 78.4980320930481,
      "learning_rate": 1.875e-06
    },
    {
      "epoch": 49,
      "train_loss": 14.711860288106479,
      "train_acc": 42.5,
      "val_loss": 0.9117048032143537,
      "val_acc": 40.345821325648416,
      "timestamp": "2025-08-30 11:17:37",
      "train_f1": 32.10648412136038,
      "train_recall": 42.5,
      "val_f1": 23.196776121522703,
      "val_recall": 40.345821325648416,
      "confusion_matrix": [
        [
          0,
          0,
          62,
          0,
          0
        ],
        [
          0,
          0,
          19,
          0,
          0
        ],
        [
          0,
          0,
          420,
          0,
          0
        ],
        [
          0,
          0,
          164,
          0,
          0
        ],
        [
          0,
          0,
          376,
          0,
          0
        ]
      ],
      "epoch_time": 86.05280876159668,
      "learning_rate": 1.875e-06
    },
    {
      "epoch": 50,
      "train_loss": 14.745725249327146,
      "train_acc": 42.8125,
      "val_loss": 0.9116699309910045,
      "val_acc": 40.345821325648416,
      "timestamp": "2025-08-30 11:19:02",
      "train_f1": 32.34838402627943,
      "train_recall": 42.8125,
      "val_f1": 23.196776121522703,
      "val_recall": 40.345821325648416,
      "confusion_matrix": [
        [
          0,
          0,
          62,
          0,
          0
        ],
        [
          0,
          0,
          19,
          0,
          0
        ],
        [
          0,
          0,
          420,
          0,
          0
        ],
        [
          0,
          0,
          164,
          0,
          0
        ],
        [
          0,
          0,
          376,
          0,
          0
        ]
      ],
      "epoch_time": 84.72455286979675,
      "learning_rate": 1.875e-06
    }
  ]
}