{
  "dataset": "MACHO",
  "model_type": "linear_noise",
  "sde_config": 1,
  "start_time": "20250828_184711",
  "date": "20250828",
  "epochs": [
    {
      "epoch": 1,
      "train_loss": 24.230462866276504,
      "train_acc": 34.140625,
      "val_loss": 1.0198054569108146,
      "val_acc": 35.714285714285715,
      "timestamp": "2025-08-28 18:50:20",
      "train_f1": 13.283472894842937,
      "train_recall": 16.255301639794098,
      "val_f1": 22.17465362684504,
      "val_recall": 35.714285714285715,
      "confusion_matrix": [
        [
          0,
          0,
          0,
          0,
          0,
          0,
          24
        ],
        [
          0,
          0,
          0,
          0,
          20,
          0,
          2
        ],
        [
          0,
          0,
          3,
          0,
          16,
          0,
          36
        ],
        [
          0,
          0,
          13,
          0,
          0,
          0,
          7
        ],
        [
          0,
          0,
          0,
          0,
          2,
          0,
          80
        ],
        [
          0,
          0,
          0,
          0,
          0,
          0,
          9
        ],
        [
          0,
          0,
          0,
          0,
          0,
          0,
          110
        ]
      ],
      "class_accuracies": {
        "class_0": 0.0,
        "class_1": 0.0,
        "class_2": 5.454545454545454,
        "class_3": 0.0,
        "class_4": 2.4390243902439024,
        "class_5": 0.0,
        "class_6": 100.0
      },
      "epoch_time": 189.17616057395935,
      "learning_rate": 5e-05
    },
    {
      "epoch": 2,
      "train_loss": 19.388522232323886,
      "train_acc": 44.375,
      "val_loss": 0.8765970326605297,
      "val_acc": 54.6583850931677,
      "timestamp": "2025-08-28 18:52:55",
      "train_f1": 20.007750793136314,
      "train_recall": 22.307178207421476,
      "val_f1": 46.03979752512354,
      "val_recall": 54.6583850931677,
      "confusion_matrix": [
        [
          0,
          0,
          0,
          0,
          11,
          0,
          13
        ],
        [
          0,
          0,
          21,
          0,
          1,
          0,
          0
        ],
        [
          0,
          0,
          21,
          0,
          12,
          0,
          22
        ],
        [
          0,
          0,
          14,
          0,
          2,
          0,
          4
        ],
        [
          0,
          0,
          1,
          0,
          45,
          0,
          36
        ],
        [
          0,
          0,
          0,
          0,
          6,
          0,
          3
        ],
        [
          0,
          0,
          0,
          0,
          0,
          0,
          110
        ]
      ],
      "class_accuracies": {
        "class_0": 0.0,
        "class_1": 0.0,
        "class_2": 38.18181818181819,
        "class_3": 0.0,
        "class_4": 54.87804878048781,
        "class_5": 0.0,
        "class_6": 100.0
      },
      "epoch_time": 154.83821272850037,
      "learning_rate": 5e-05
    },
    {
      "epoch": 3,
      "train_loss": 16.85116763934493,
      "train_acc": 57.03125,
      "val_loss": 0.7688650432087126,
      "val_acc": 57.453416149068325,
      "timestamp": "2025-08-28 18:55:40",
      "train_f1": 28.780414955157543,
      "train_recall": 30.770830332765573,
      "val_f1": 49.27335654979189,
      "val_recall": 57.453416149068325,
      "confusion_matrix": [
        [
          0,
          0,
          0,
          0,
          24,
          0,
          0
        ],
        [
          0,
          0,
          22,
          0,
          0,
          0,
          0
        ],
        [
          0,
          0,
          28,
          0,
          9,
          0,
          18
        ],
        [
          0,
          0,
          14,
          0,
          6,
          0,
          0
        ],
        [
          0,
          0,
          4,
          0,
          48,
          0,
          30
        ],
        [
          0,
          0,
          0,
          0,
          7,
          0,
          2
        ],
        [
          0,
          0,
          0,
          0,
          1,
          0,
          109
        ]
      ],
      "class_accuracies": {
        "class_0": 0.0,
        "class_1": 0.0,
        "class_2": 50.90909090909091,
        "class_3": 0.0,
        "class_4": 58.536585365853654,
        "class_5": 0.0,
        "class_6": 99.0909090909091
      },
      "epoch_time": 164.9330644607544,
      "learning_rate": 5e-05
    },
    {
      "epoch": 4,
      "train_loss": 14.771477489918471,
      "train_acc": 62.265625,
      "val_loss": 0.6602439525581542,
      "val_acc": 61.18012422360248,
      "timestamp": "2025-08-28 18:58:40",
      "train_f1": 37.469825460198905,
      "train_recall": 37.34633483412901,
      "val_f1": 54.75252818651266,
      "val_recall": 61.18012422360248,
      "confusion_matrix": [
        [
          0,
          0,
          0,
          0,
          24,
          0,
          0
        ],
        [
          0,
          0,
          22,
          0,
          0,
          0,
          0
        ],
        [
          0,
          0,
          26,
          2,
          12,
          0,
          15
        ],
        [
          0,
          0,
          2,
          12,
          6,
          0,
          0
        ],
        [
          0,
          0,
          2,
          0,
          51,
          0,
          29
        ],
        [
          0,
          0,
          0,
          0,
          7,
          0,
          2
        ],
        [
          0,
          0,
          0,
          0,
          2,
          0,
          108
        ]
      ],
      "class_accuracies": {
        "class_0": 0.0,
        "class_1": 0.0,
        "class_2": 47.27272727272727,
        "class_3": 60.0,
        "class_4": 62.19512195121951,
        "class_5": 0.0,
        "class_6": 98.18181818181819
      },
      "epoch_time": 179.48384141921997,
      "learning_rate": 5e-05
    },
    {
      "epoch": 5,
      "train_loss": 12.75031599700451,
      "train_acc": 65.0,
      "val_loss": 0.5790797826789674,
      "val_acc": 67.0807453416149,
      "timestamp": "2025-08-28 19:00:39",
      "train_f1": 45.52510529099308,
      "train_recall": 44.24576821408739,
      "val_f1": 63.87501999840667,
      "val_recall": 67.08074534161491,
      "confusion_matrix": [
        [
          22,
          0,
          2,
          0,
          0,
          0,
          0
        ],
        [
          0,
          15,
          7,
          0,
          0,
          0,
          0
        ],
        [
          2,
          10,
          19,
          2,
          8,
          0,
          14
        ],
        [
          6,
          0,
          0,
          14,
          0,
          0,
          0
        ],
        [
          9,
          1,
          3,
          0,
          38,
          0,
          31
        ],
        [
          2,
          0,
          0,
          0,
          6,
          0,
          1
        ],
        [
          0,
          0,
          0,
          0,
          2,
          0,
          108
        ]
      ],
      "class_accuracies": {
        "class_0": 91.66666666666666,
        "class_1": 68.18181818181817,
        "class_2": 34.54545454545455,
        "class_3": 70.0,
        "class_4": 46.34146341463415,
        "class_5": 0.0,
        "class_6": 98.18181818181819
      },
      "epoch_time": 118.62978267669678,
      "learning_rate": 5e-05
    },
    {
      "epoch": 6,
      "train_loss": 11.615895853191613,
      "train_acc": 66.328125,
      "val_loss": 0.5110312168087278,
      "val_acc": 65.83850931677019,
      "timestamp": "2025-08-28 19:02:43",
      "train_f1": 51.48202203740668,
      "train_recall": 49.53009263248484,
      "val_f1": 61.3763508173446,
      "val_recall": 65.83850931677019,
      "confusion_matrix": [
        [
          24,
          0,
          0,
          0,
          0,
          0,
          0
        ],
        [
          0,
          0,
          22,
          0,
          0,
          0,
          0
        ],
        [
          6,
          0,
          28,
          2,
          6,
          0,
          13
        ],
        [
          6,
          0,
          0,
          14,
          0,
          0,
          0
        ],
        [
          13,
          0,
          3,
          0,
          38,
          0,
          28
        ],
        [
          4,
          0,
          0,
          0,
          4,
          0,
          1
        ],
        [
          0,
          0,
          0,
          0,
          2,
          0,
          108
        ]
      ],
      "epoch_time": 123.91818308830261,
      "learning_rate": 5e-05
    },
    {
      "epoch": 7,
      "train_loss": 9.94950436912477,
      "train_acc": 67.96875,
      "val_loss": 0.484149293530555,
      "val_acc": 66.45962732919254,
      "timestamp": "2025-08-28 19:06:08",
      "train_f1": 53.23635525800421,
      "train_recall": 52.93163865604587,
      "val_f1": 62.16203680898612,
      "val_recall": 66.45962732919256,
      "confusion_matrix": [
        [
          16,
          0,
          0,
          0,
          8,
          0,
          0
        ],
        [
          0,
          0,
          22,
          0,
          0,
          0,
          0
        ],
        [
          5,
          1,
          22,
          2,
          12,
          0,
          13
        ],
        [
          4,
          0,
          0,
          14,
          2,
          0,
          0
        ],
        [
          0,
          0,
          1,
          0,
          55,
          0,
          26
        ],
        [
          1,
          0,
          1,
          0,
          6,
          0,
          1
        ],
        [
          0,
          0,
          0,
          0,
          3,
          0,
          107
        ]
      ],
      "epoch_time": 205.13150453567505,
      "learning_rate": 5e-05
    },
    {
      "epoch": 8,
      "train_loss": 9.619196215458214,
      "train_acc": 70.0,
      "val_loss": 0.4418448380061558,
      "val_acc": 71.42857142857143,
      "timestamp": "2025-08-28 19:09:07",
      "train_f1": 55.96060105280604,
      "train_recall": 55.92976837355462,
      "val_f1": 69.28457492956447,
      "val_recall": 71.42857142857143,
      "confusion_matrix": [
        [
          21,
          0,
          0,
          0,
          3,
          0,
          0
        ],
        [
          0,
          18,
          4,
          0,
          0,
          0,
          0
        ],
        [
          4,
          4,
          26,
          2,
          9,
          0,
          10
        ],
        [
          5,
          0,
          1,
          13,
          1,
          0,
          0
        ],
        [
          7,
          0,
          3,
          0,
          46,
          0,
          26
        ],
        [
          2,
          0,
          0,
          0,
          5,
          0,
          2
        ],
        [
          0,
          0,
          0,
          0,
          4,
          0,
          106
        ]
      ],
      "class_accuracies": {
        "class_0": 87.5,
        "class_1": 81.81818181818183,
        "class_2": 47.27272727272727,
        "class_3": 65.0,
        "class_4": 56.09756097560976,
        "class_5": 0.0,
        "class_6": 96.36363636363636
      },
      "epoch_time": 178.7591416835785,
      "learning_rate": 5e-05
    },
    {
      "epoch": 9,
      "train_loss": 8.458884768933057,
      "train_acc": 71.796875,
      "val_loss": 0.41212186217308044,
      "val_acc": 77.01863354037268,
      "timestamp": "2025-08-28 19:13:38",
      "train_f1": 58.26194644385534,
      "train_recall": 57.91032423238996,
      "val_f1": 75.71421821485661,
      "val_recall": 77.01863354037268,
      "confusion_matrix": [
        [
          20,
          0,
          1,
          0,
          3,
          0,
          0
        ],
        [
          0,
          18,
          4,
          0,
          0,
          0,
          0
        ],
        [
          4,
          4,
          32,
          2,
          5,
          0,
          8
        ],
        [
          5,
          0,
          1,
          13,
          1,
          0,
          0
        ],
        [
          8,
          0,
          3,
          0,
          60,
          0,
          11
        ],
        [
          2,
          0,
          1,
          0,
          5,
          0,
          1
        ],
        [
          0,
          0,
          0,
          0,
          5,
          0,
          105
        ]
      ],
      "class_accuracies": {
        "class_0": 83.33333333333334,
        "class_1": 81.81818181818183,
        "class_2": 58.18181818181818,
        "class_3": 65.0,
        "class_4": 73.17073170731707,
        "class_5": 0.0,
        "class_6": 95.45454545454545
      },
      "epoch_time": 270.55683183670044,
      "learning_rate": 5e-05
    },
    {
      "epoch": 10,
      "train_loss": 7.4018229961395265,
      "train_acc": 76.71875,
      "val_loss": 0.4075009652546474,
      "val_acc": 78.26086956521739,
      "timestamp": "2025-08-28 19:16:06",
      "train_f1": 62.06421275899331,
      "train_recall": 62.302676879903515,
      "val_f1": 77.21308056849766,
      "val_recall": 78.26086956521739,
      "confusion_matrix": [
        [
          22,
          0,
          2,
          0,
          0,
          0,
          0
        ],
        [
          0,
          19,
          3,
          0,
          0,
          0,
          0
        ],
        [
          1,
          7,
          35,
          2,
          1,
          0,
          9
        ],
        [
          5,
          0,
          1,
          14,
          0,
          0,
          0
        ],
        [
          13,
          0,
          4,
          0,
          56,
          0,
          9
        ],
        [
          3,
          0,
          2,
          0,
          3,
          0,
          1
        ],
        [
          0,
          0,
          3,
          0,
          1,
          0,
          106
        ]
      ],
      "class_accuracies": {
        "class_0": 91.66666666666666,
        "class_1": 86.36363636363636,
        "class_2": 63.63636363636363,
        "class_3": 70.0,
        "class_4": 68.29268292682927,
        "class_5": 0.0,
        "class_6": 96.36363636363636
      },
      "epoch_time": 147.5851855278015,
      "learning_rate": 5e-05
    },
    {
      "epoch": 11,
      "train_loss": 7.248869011551141,
      "train_acc": 75.15625,
      "val_loss": 0.4088100585199538,
      "val_acc": 70.80745341614907,
      "timestamp": "2025-08-28 19:18:37",
      "train_f1": 59.45374131504085,
      "train_recall": 59.12452246511071,
      "val_f1": 68.6221829492051,
      "val_recall": 70.80745341614907,
      "confusion_matrix": [
        [
          20,
          0,
          0,
          0,
          4,
          0,
          0
        ],
        [
          0,
          2,
          20,
          0,
          0,
          0,
          0
        ],
        [
          3,
          1,
          39,
          2,
          5,
          0,
          5
        ],
        [
          5,
          0,
          2,
          12,
          1,
          0,
          0
        ],
        [
          7,
          0,
          2,
          0,
          60,
          0,
          13
        ],
        [
          2,
          0,
          2,
          0,
          5,
          0,
          0
        ],
        [
          0,
          0,
          11,
          0,
          4,
          0,
          95
        ]
      ],
      "epoch_time": 151.06539273262024,
      "learning_rate": 5e-05
    },
    {
      "epoch": 12,
      "train_loss": 6.978313633799553,
      "train_acc": 77.421875,
      "val_loss": 0.36809553844588144,
      "val_acc": 79.19254658385093,
      "timestamp": "2025-08-28 19:20:57",
      "train_f1": 63.80096169286131,
      "train_recall": 63.609585631913944,
      "val_f1": 77.73534793062375,
      "val_recall": 79.19254658385093,
      "confusion_matrix": [
        [
          20,
          0,
          0,
          0,
          4,
          0,
          0
        ],
        [
          0,
          21,
          1,
          0,
          0,
          0,
          0
        ],
        [
          3,
          6,
          31,
          1,
          7,
          0,
          7
        ],
        [
          5,
          0,
          2,
          12,
          1,
          0,
          0
        ],
        [
          6,
          0,
          2,
          0,
          68,
          0,
          6
        ],
        [
          1,
          0,
          1,
          0,
          7,
          0,
          0
        ],
        [
          0,
          0,
          2,
          0,
          5,
          0,
          103
        ]
      ],
      "class_accuracies": {
        "class_0": 83.33333333333334,
        "class_1": 95.45454545454545,
        "class_2": 56.36363636363636,
        "class_3": 60.0,
        "class_4": 82.92682926829268,
        "class_5": 0.0,
        "class_6": 93.63636363636364
      },
      "epoch_time": 139.19362616539001,
      "learning_rate": 5e-05
    },
    {
      "epoch": 13,
      "train_loss": 6.7373104391619565,
      "train_acc": 77.265625,
      "val_loss": 0.3493864131825311,
      "val_acc": 79.5031055900621,
      "timestamp": "2025-08-28 19:25:00",
      "train_f1": 62.3838858975751,
      "train_recall": 62.06871584859273,
      "val_f1": 78.01635989591247,
      "val_recall": 79.5031055900621,
      "confusion_matrix": [
        [
          20,
          0,
          0,
          0,
          4,
          0,
          0
        ],
        [
          0,
          21,
          1,
          0,
          0,
          0,
          0
        ],
        [
          2,
          6,
          30,
          2,
          7,
          0,
          8
        ],
        [
          5,
          0,
          0,
          14,
          1,
          0,
          0
        ],
        [
          7,
          0,
          1,
          0,
          67,
          0,
          7
        ],
        [
          2,
          0,
          1,
          0,
          6,
          0,
          0
        ],
        [
          0,
          0,
          4,
          0,
          2,
          0,
          104
        ]
      ],
      "class_accuracies": {
        "class_0": 83.33333333333334,
        "class_1": 95.45454545454545,
        "class_2": 54.54545454545454,
        "class_3": 70.0,
        "class_4": 81.70731707317073,
        "class_5": 0.0,
        "class_6": 94.54545454545455
      },
      "epoch_time": 243.1351375579834,
      "learning_rate": 5e-05
    },
    {
      "epoch": 14,
      "train_loss": 6.569538177084178,
      "train_acc": 78.4375,
      "val_loss": 0.3385763516028722,
      "val_acc": 79.8136645962733,
      "timestamp": "2025-08-28 19:28:10",
      "train_f1": 64.83035742911501,
      "train_recall": 65.59466748670187,
      "val_f1": 78.43822972441477,
      "val_recall": 79.8136645962733,
      "confusion_matrix": [
        [
          20,
          0,
          0,
          0,
          4,
          0,
          0
        ],
        [
          0,
          20,
          2,
          0,
          0,
          0,
          0
        ],
        [
          1,
          5,
          33,
          2,
          4,
          0,
          10
        ],
        [
          5,
          0,
          0,
          14,
          1,
          0,
          0
        ],
        [
          6,
          0,
          2,
          0,
          68,
          0,
          6
        ],
        [
          1,
          0,
          3,
          0,
          5,
          0,
          0
        ],
        [
          0,
          0,
          3,
          0,
          5,
          0,
          102
        ]
      ],
      "class_accuracies": {
        "class_0": 83.33333333333334,
        "class_1": 90.9090909090909,
        "class_2": 60.0,
        "class_3": 70.0,
        "class_4": 82.92682926829268,
        "class_5": 0.0,
        "class_6": 92.72727272727272
      },
      "epoch_time": 190.36202883720398,
      "learning_rate": 5e-05
    },
    {
      "epoch": 15,
      "train_loss": 6.822456213086843,
      "train_acc": 77.578125,
      "val_loss": 0.3382442586478733,
      "val_acc": 77.63975155279503,
      "timestamp": "2025-08-28 19:32:11",
      "train_f1": 64.07286214802363,
      "train_recall": 64.19426654803927,
      "val_f1": 76.29062442782497,
      "val_recall": 77.63975155279503,
      "confusion_matrix": [
        [
          21,
          0,
          0,
          0,
          3,
          0,
          0
        ],
        [
          0,
          20,
          2,
          0,
          0,
          0,
          0
        ],
        [
          3,
          7,
          31,
          2,
          5,
          0,
          7
        ],
        [
          5,
          0,
          0,
          14,
          1,
          0,
          0
        ],
        [
          8,
          0,
          2,
          0,
          61,
          0,
          11
        ],
        [
          2,
          0,
          1,
          0,
          6,
          0,
          0
        ],
        [
          0,
          0,
          5,
          0,
          2,
          0,
          103
        ]
      ],
      "epoch_time": 240.40254998207092,
      "learning_rate": 5e-05
    },
    {
      "epoch": 16,
      "train_loss": 6.05197790376842,
      "train_acc": 79.609375,
      "val_loss": 0.3374266028404236,
      "val_acc": 78.57142857142857,
      "timestamp": "2025-08-28 19:34:09",
      "train_f1": 66.0251521442433,
      "train_recall": 66.02400383687657,
      "val_f1": 76.97308501491112,
      "val_recall": 78.57142857142857,
      "confusion_matrix": [
        [
          20,
          0,
          0,
          0,
          4,
          0,
          0
        ],
        [
          0,
          19,
          3,
          0,
          0,
          0,
          0
        ],
        [
          2,
          5,
          28,
          2,
          9,
          0,
          9
        ],
        [
          5,
          0,
          0,
          14,
          1,
          0,
          0
        ],
        [
          6,
          0,
          1,
          0,
          69,
          0,
          6
        ],
        [
          1,
          0,
          0,
          0,
          7,
          0,
          1
        ],
        [
          0,
          0,
          0,
          0,
          7,
          0,
          103
        ]
      ],
      "epoch_time": 117.54878401756287,
      "learning_rate": 5e-05
    },
    {
      "epoch": 17,
      "train_loss": 5.947628819849342,
      "train_acc": 80.390625,
      "val_loss": 0.3202741685367766,
      "val_acc": 78.26086956521739,
      "timestamp": "2025-08-28 19:37:02",
      "train_f1": 68.47972184831724,
      "train_recall": 67.71250697179534,
      "val_f1": 77.11970989540052,
      "val_recall": 78.26086956521739,
      "confusion_matrix": [
        [
          21,
          0,
          0,
          0,
          3,
          0,
          0
        ],
        [
          0,
          19,
          3,
          0,
          0,
          0,
          0
        ],
        [
          2,
          7,
          31,
          2,
          5,
          0,
          8
        ],
        [
          5,
          0,
          0,
          14,
          1,
          0,
          0
        ],
        [
          11,
          0,
          2,
          0,
          63,
          0,
          6
        ],
        [
          3,
          0,
          3,
          0,
          3,
          0,
          0
        ],
        [
          0,
          0,
          3,
          0,
          3,
          0,
          104
        ]
      ],
      "epoch_time": 173.2917652130127,
      "learning_rate": 5e-05
    }
  ]
}