{
  "dataset": "MACHO",
  "model_type": "geometric",
  "sde_config": 1,
  "start_time": "20250829_113202",
  "date": "20250829",
  "epochs": [
    {
      "epoch": 1,
      "train_loss": 5.2730456531047825,
      "train_acc": 59.6875,
      "val_loss": 0.9707742875272577,
      "val_acc": 54.96894409937888,
      "timestamp": "2025-08-29 11:38:57",
      "train_f1": 33.64269098563517,
      "train_recall": 34.663857201005996,
      "val_f1": 47.284758912311595,
      "val_recall": 54.96894409937888,
      "confusion_matrix": [
        [
          0,
          0,
          0,
          0,
          22,
          0,
          2
        ],
        [
          0,
          0,
          22,
          0,
          0,
          0,
          0
        ],
        [
          0,
          1,
          26,
          0,
          9,
          0,
          19
        ],
        [
          0,
          10,
          4,
          0,
          6,
          0,
          0
        ],
        [
          0,
          0,
          2,
          0,
          41,
          0,
          39
        ],
        [
          0,
          0,
          0,
          0,
          6,
          0,
          3
        ],
        [
          0,
          0,
          0,
          0,
          0,
          0,
          110
        ]
      ],
      "epoch_time": 415.01997900009155,
      "learning_rate": 3e-05
    },
    {
      "epoch": 2,
      "train_loss": 5.241706454753876,
      "train_acc": 61.40625,
      "val_loss": 0.9576702497222207,
      "val_acc": 59.006211180124225,
      "timestamp": "2025-08-29 11:42:41",
      "train_f1": 37.53790262277154,
      "train_recall": 37.752094064475514,
      "val_f1": 53.50757280651679,
      "val_recall": 59.006211180124225,
      "confusion_matrix": [
        [
          0,
          0,
          0,
          0,
          24,
          0,
          0
        ],
        [
          0,
          10,
          12,
          0,
          0,
          0,
          0
        ],
        [
          0,
          6,
          21,
          1,
          8,
          0,
          19
        ],
        [
          0,
          9,
          0,
          5,
          6,
          0,
          0
        ],
        [
          0,
          1,
          0,
          0,
          44,
          0,
          37
        ],
        [
          0,
          0,
          0,
          0,
          6,
          0,
          3
        ],
        [
          0,
          0,
          0,
          0,
          0,
          0,
          110
        ]
      ],
      "class_accuracies": {
        "class_0": 0.0,
        "class_1": 45.45454545454545,
        "class_2": 38.18181818181819,
        "class_3": 25.0,
        "class_4": 53.65853658536586,
        "class_5": 0.0,
        "class_6": 100.0
      },
      "epoch_time": 222.7339699268341,
      "learning_rate": 3e-05
    }
  ]
}