{
  "dataset": "MACHO",
  "model_type": "langevin",
  "sde_config": 1,
  "start_time": "20250829_175616",
  "date": "20250829",
  "epochs": [
    {
      "epoch": 1,
      "train_loss": 5.2123551443219185,
      "train_acc": 25.3125,
      "val_loss": 1.112200093269348,
      "val_acc": 36.024844720496894,
      "timestamp": "2025-08-29 17:58:51",
      "train_f1": 12.576467316157668,
      "train_recall": 15.994031150967805,
      "val_f1": 10.0416285917352,
      "val_recall": 15.844155844155845,
      "confusion_matrix": [
        [
          0,
          0,
          0,
          0,
          0,
          0,
          24
        ],
        [
          0,
          0,
          6,
          0,
          0,
          0,
          16
        ],
        [
          0,
          0,
          6,
          0,
          0,
          0,
          49
        ],
        [
          0,
          0,
          0,
          0,
          0,
          0,
          20
        ],
        [
          0,
          0,
          0,
          0,
          0,
          0,
          82
        ],
        [
          0,
          0,
          0,
          0,
          0,
          0,
          9
        ],
        [
          0,
          0,
          0,
          0,
          0,
          0,
          110
        ]
      ],
      "class_accuracies": {
        "class_0": 0.0,
        "class_1": 0.0,
        "class_2": 10.909090909090908,
        "class_3": 0.0,
        "class_4": 0.0,
        "class_5": 0.0,
        "class_6": 100.0
      },
      "epoch_time": 154.13354325294495,
      "learning_rate": 3e-05
    },
    {
      "epoch": 2,
      "train_loss": 4.973599791526794,
      "train_acc": 37.890625,
      "val_loss": 1.090807032585144,
      "val_acc": 36.64596273291925,
      "timestamp": "2025-08-29 18:01:00",
      "train_f1": 11.857336173334533,
      "train_recall": 15.310717793990088,
      "val_f1": 10.69862667925622,
      "val_recall": 16.363636363636363,
      "confusion_matrix": [
        [
          0,
          0,
          0,
          0,
          0,
          0,
          24
        ],
        [
          0,
          0,
          11,
          0,
          0,
          0,
          11
        ],
        [
          0,
          0,
          8,
          0,
          0,
          0,
          47
        ],
        [
          0,
          0,
          0,
          0,
          0,
          0,
          20
        ],
        [
          0,
          0,
          0,
          0,
          0,
          0,
          82
        ],
        [
          0,
          0,
          0,
          0,
          0,
          0,
          9
        ],
        [
          0,
          0,
          0,
          0,
          0,
          0,
          110
        ]
      ],
      "class_accuracies": {
        "class_0": 0.0,
        "class_1": 0.0,
        "class_2": 14.545454545454545,
        "class_3": 0.0,
        "class_4": 0.0,
        "class_5": 0.0,
        "class_6": 100.0
      },
      "epoch_time": 128.03191256523132,
      "learning_rate": 3e-05
    },
    {
      "epoch": 3,
      "train_loss": 4.8708798214793205,
      "train_acc": 40.3125,
      "val_loss": 1.0757691383361816,
      "val_acc": 44.099378881987576,
      "timestamp": "2025-08-29 18:02:06",
      "train_f1": 15.777223343923072,
      "train_recall": 17.669808540309564,
      "val_f1": 25.224610046038613,
      "val_recall": 28.50649350649351,
      "confusion_matrix": [
        [
          0,
          0,
          0,
          0,
          0,
          0,
          24
        ],
        [
          0,
          0,
          21,
          0,
          0,
          0,
          1
        ],
        [
          0,
          0,
          19,
          0,
          0,
          0,
          36
        ],
        [
          0,
          0,
          0,
          13,
          0,
          0,
          7
        ],
        [
          0,
          0,
          1,
          0,
          0,
          0,
          81
        ],
        [
          0,
          0,
          0,
          0,
          0,
          0,
          9
        ],
        [
          0,
          0,
          0,
          0,
          0,
          0,
          110
        ]
      ],
      "class_accuracies": {
        "class_0": 0.0,
        "class_1": 0.0,
        "class_2": 34.54545454545455,
        "class_3": 65.0,
        "class_4": 0.0,
        "class_5": 0.0,
        "class_6": 100.0
      },
      "epoch_time": 65.13198041915894,
      "learning_rate": 3e-05
    },
    {
      "epoch": 4,
      "train_loss": 4.803035587072372,
      "train_acc": 44.609375,
      "val_loss": 1.0643475532531739,
      "val_acc": 45.3416149068323,
      "timestamp": "2025-08-29 18:02:58",
      "train_f1": 21.949038506239987,
      "train_recall": 22.76130804942651,
      "val_f1": 25.908858166922684,
      "val_recall": 30.0,
      "confusion_matrix": [
        [
          0,
          0,
          0,
          0,
          0,
          0,
          24
        ],
        [
          0,
          0,
          21,
          0,
          0,
          0,
          1
        ],
        [
          0,
          0,
          22,
          2,
          0,
          0,
          31
        ],
        [
          0,
          0,
          0,
          14,
          0,
          0,
          6
        ],
        [
          0,
          0,
          1,
          0,
          0,
          0,
          81
        ],
        [
          0,
          0,
          0,
          0,
          0,
          0,
          9
        ],
        [
          0,
          0,
          0,
          0,
          0,
          0,
          110
        ]
      ],
      "class_accuracies": {
        "class_0": 0.0,
        "class_1": 0.0,
        "class_2": 40.0,
        "class_3": 70.0,
        "class_4": 0.0,
        "class_5": 0.0,
        "class_6": 100.0
      },
      "epoch_time": 52.294509410858154,
      "learning_rate": 3e-05
    },
    {
      "epoch": 5,
      "train_loss": 4.7741589397192,
      "train_acc": 46.328125,
      "val_loss": 1.0531522750854492,
      "val_acc": 46.58385093167702,
      "timestamp": "2025-08-29 18:03:50",
      "train_f1": 27.006568283589832,
      "train_recall": 27.810562281722127,
      "val_f1": 27.14115949410067,
      "val_recall": 30.867912575229646,
      "confusion_matrix": [
        [
          0,
          0,
          0,
          0,
          0,
          0,
          24
        ],
        [
          0,
          0,
          22,
          0,
          0,
          0,
          0
        ],
        [
          0,
          0,
          24,
          2,
          4,
          0,
          25
        ],
        [
          0,
          0,
          0,
          14,
          0,
          0,
          6
        ],
        [
          0,
          0,
          1,
          0,
          2,
          0,
          79
        ],
        [
          0,
          0,
          0,
          0,
          0,
          0,
          9
        ],
        [
          0,
          0,
          0,
          0,
          0,
          0,
          110
        ]
      ],
      "class_accuracies": {
        "class_0": 0.0,
        "class_1": 0.0,
        "class_2": 43.63636363636363,
        "class_3": 70.0,
        "class_4": 2.4390243902439024,
        "class_5": 0.0,
        "class_6": 100.0
      },
      "epoch_time": 50.758941650390625,
      "learning_rate": 3e-05
    },
    {
      "epoch": 6,
      "train_loss": 4.729090861976147,
      "train_acc": 46.796875,
      "val_loss": 1.0454245805740356,
      "val_acc": 61.18012422360248,
      "timestamp": "2025-08-29 18:04:59",
      "train_f1": 28.59398570749953,
      "train_recall": 28.97378446717892,
      "val_f1": 37.165578901452406,
      "val_recall": 39.014887551472924,
      "confusion_matrix": [
        [
          0,
          0,
          0,
          0,
          23,
          0,
          1
        ],
        [
          0,
          0,
          22,
          0,
          0,
          0,
          0
        ],
        [
          0,
          0,
          23,
          2,
          9,
          0,
          21
        ],
        [
          0,
          0,
          0,
          14,
          6,
          0,
          0
        ],
        [
          0,
          0,
          1,
          0,
          51,
          0,
          30
        ],
        [
          0,
          0,
          0,
          0,
          7,
          0,
          2
        ],
        [
          0,
          0,
          0,
          0,
          1,
          0,
          109
        ]
      ],
      "class_accuracies": {
        "class_0": 0.0,
        "class_1": 0.0,
        "class_2": 41.81818181818181,
        "class_3": 70.0,
        "class_4": 62.19512195121951,
        "class_5": 0.0,
        "class_6": 99.0909090909091
      },
      "epoch_time": 68.78032374382019,
      "learning_rate": 3e-05
    },
    {
      "epoch": 7,
      "train_loss": 4.694991484284401,
      "train_acc": 49.375,
      "val_loss": 1.0390105724334717,
      "val_acc": 62.422360248447205,
      "timestamp": "2025-08-29 18:06:43",
      "train_f1": 33.47949306221054,
      "train_recall": 33.331271692131345,
      "val_f1": 41.01024423605069,
      "val_recall": 41.267025657269556,
      "confusion_matrix": [
        [
          0,
          0,
          0,
          0,
          24,
          0,
          0
        ],
        [
          0,
          3,
          19,
          0,
          0,
          0,
          0
        ],
        [
          0,
          1,
          24,
          2,
          12,
          0,
          16
        ],
        [
          0,
          0,
          0,
          14,
          6,
          0,
          0
        ],
        [
          0,
          0,
          1,
          0,
          52,
          0,
          29
        ],
        [
          0,
          0,
          0,
          0,
          8,
          0,
          1
        ],
        [
          0,
          0,
          0,
          0,
          2,
          0,
          108
        ]
      ],
      "class_accuracies": {
        "class_0": 0.0,
        "class_1": 13.636363636363635,
        "class_2": 43.63636363636363,
        "class_3": 70.0,
        "class_4": 63.41463414634146,
        "class_5": 0.0,
        "class_6": 98.18181818181819
      },
      "epoch_time": 103.44489812850952,
      "learning_rate": 3e-05
    },
    {
      "epoch": 8,
      "train_loss": 4.639239810407162,
      "train_acc": 51.484375,
      "val_loss": 1.0251113414764403,
      "val_acc": 64.90683229813665,
      "timestamp": "2025-08-29 18:09:38",
      "train_f1": 34.9515933056554,
      "train_recall": 34.76462984310218,
      "val_f1": 46.44354301133055,
      "val_recall": 46.376306620209064,
      "confusion_matrix": [
        [
          0,
          0,
          0,
          0,
          24,
          0,
          0
        ],
        [
          0,
          11,
          11,
          0,
          0,
          0,
          0
        ],
        [
          0,
          6,
          23,
          2,
          9,
          0,
          15
        ],
        [
          0,
          0,
          0,
          14,
          6,
          0,
          0
        ],
        [
          0,
          0,
          2,
          0,
          53,
          0,
          27
        ],
        [
          0,
          0,
          0,
          0,
          8,
          0,
          1
        ],
        [
          0,
          0,
          0,
          0,
          2,
          0,
          108
        ]
      ],
      "class_accuracies": {
        "class_0": 0.0,
        "class_1": 50.0,
        "class_2": 41.81818181818181,
        "class_3": 70.0,
        "class_4": 64.63414634146342,
        "class_5": 0.0,
        "class_6": 98.18181818181819
      },
      "epoch_time": 175.109797000885,
      "learning_rate": 3e-05
    },
    {
      "epoch": 9,
      "train_loss": 4.6385774575173855,
      "train_acc": 53.125,
      "val_loss": 1.0166486978530884,
      "val_acc": 64.59627329192547,
      "timestamp": "2025-08-29 18:11:08",
      "train_f1": 36.236834804730954,
      "train_recall": 36.89514028894349,
      "val_f1": 46.787636633409264,
      "val_recall": 47.45644599303135,
      "confusion_matrix": [
        [
          0,
          0,
          2,
          0,
          22,
          0,
          0
        ],
        [
          0,
          14,
          8,
          0,
          0,
          0,
          0
        ],
        [
          0,
          8,
          21,
          2,
          8,
          0,
          16
        ],
        [
          0,
          0,
          0,
          14,
          6,
          0,
          0
        ],
        [
          0,
          0,
          3,
          0,
          51,
          0,
          28
        ],
        [
          0,
          0,
          1,
          0,
          7,
          0,
          1
        ],
        [
          0,
          0,
          0,
          0,
          2,
          0,
          108
        ]
      ],
      "epoch_time": 88.497567653656,
      "learning_rate": 3e-05
    },
    {
      "epoch": 10,
      "train_loss": 4.582320090383291,
      "train_acc": 53.515625,
      "val_loss": 1.0099620699882508,
      "val_acc": 63.975155279503106,
      "timestamp": "2025-08-29 18:12:14",
      "train_f1": 36.68716018913204,
      "train_recall": 37.529821474658405,
      "val_f1": 45.53827542559023,
      "val_recall": 47.32657586316123,
      "confusion_matrix": [
        [
          0,
          0,
          7,
          0,
          17,
          0,
          0
        ],
        [
          0,
          17,
          5,
          0,
          0,
          0,
          0
        ],
        [
          0,
          10,
          19,
          2,
          11,
          0,
          13
        ],
        [
          0,
          2,
          0,
          12,
          6,
          0,
          0
        ],
        [
          0,
          1,
          3,
          0,
          51,
          0,
          27
        ],
        [
          0,
          0,
          1,
          0,
          7,
          0,
          1
        ],
        [
          0,
          0,
          0,
          0,
          3,
          0,
          107
        ]
      ],
      "epoch_time": 65.97848176956177,
      "learning_rate": 3e-05
    },
    {
      "epoch": 11,
      "train_loss": 4.5656398087739944,
      "train_acc": 52.96875,
      "val_loss": 1.0023324251174928,
      "val_acc": 60.559006211180126,
      "timestamp": "2025-08-29 18:13:43",
      "train_f1": 35.903481430793605,
      "train_recall": 36.162137188748446,
      "val_f1": 42.47910333390562,
      "val_recall": 45.43078872347166,
      "confusion_matrix": [
        [
          0,
          0,
          18,
          0,
          6,
          0,
          0
        ],
        [
          0,
          20,
          2,
          0,
          0,
          0,
          0
        ],
        [
          0,
          11,
          21,
          2,
          9,
          0,
          12
        ],
        [
          0,
          5,
          4,
          9,
          2,
          0,
          0
        ],
        [
          0,
          1,
          16,
          0,
          39,
          0,
          26
        ],
        [
          0,
          0,
          3,
          0,
          5,
          0,
          1
        ],
        [
          0,
          0,
          0,
          0,
          4,
          0,
          106
        ]
      ],
      "epoch_time": 88.21834826469421,
      "learning_rate": 3e-05
    },
    {
      "epoch": 12,
      "train_loss": 4.531304731965065,
      "train_acc": 56.25,
      "val_loss": 0.9976423740386963,
      "val_acc": 59.93788819875776,
      "timestamp": "2025-08-29 18:14:38",
      "train_f1": 37.33456389373484,
      "train_recall": 38.15062943213291,
      "val_f1": 41.74771571622038,
      "val_recall": 45.300918593601516,
      "confusion_matrix": [
        [
          0,
          0,
          18,
          0,
          6,
          0,
          0
        ],
        [
          0,
          21,
          1,
          0,
          0,
          0,
          0
        ],
        [
          0,
          14,
          18,
          2,
          9,
          0,
          12
        ],
        [
          0,
          5,
          4,
          9,
          2,
          0,
          0
        ],
        [
          0,
          1,
          16,
          0,
          39,
          0,
          26
        ],
        [
          0,
          0,
          3,
          0,
          5,
          0,
          1
        ],
        [
          0,
          0,
          0,
          0,
          4,
          0,
          106
        ]
      ],
      "epoch_time": 54.504024028778076,
      "learning_rate": 1.5e-05
    },
    {
      "epoch": 13,
      "train_loss": 4.545392170548439,
      "train_acc": 53.984375,
      "val_loss": 0.9979443788528443,
      "val_acc": 56.83229813664596,
      "timestamp": "2025-08-29 18:16:48",
      "train_f1": 35.24745300228183,
      "train_recall": 35.94837104277548,
      "val_f1": 40.2158258014591,
      "val_recall": 43.25467215711117,
      "confusion_matrix": [
        [
          0,
          0,
          24,
          0,
          0,
          0,
          0
        ],
        [
          0,
          20,
          2,
          0,
          0,
          0,
          0
        ],
        [
          0,
          14,
          20,
          1,
          9,
          0,
          11
        ],
        [
          0,
          5,
          6,
          9,
          0,
          0,
          0
        ],
        [
          0,
          1,
          27,
          0,
          28,
          0,
          26
        ],
        [
          0,
          0,
          7,
          0,
          1,
          0,
          1
        ],
        [
          0,
          0,
          0,
          0,
          4,
          0,
          106
        ]
      ],
      "epoch_time": 129.90059781074524,
      "learning_rate": 1.5e-05
    },
    {
      "epoch": 14,
      "train_loss": 4.512528084218502,
      "train_acc": 55.078125,
      "val_loss": 0.9936877608299255,
      "val_acc": 58.69565217391305,
      "timestamp": "2025-08-29 18:17:57",
      "train_f1": 36.35629713194746,
      "train_recall": 37.04037301579907,
      "val_f1": 41.0893333490479,
      "val_recall": 44.60405448210326,
      "confusion_matrix": [
        [
          0,
          0,
          22,
          0,
          2,
          0,
          0
        ],
        [
          0,
          21,
          1,
          0,
          0,
          0,
          0
        ],
        [
          0,
          14,
          18,
          2,
          9,
          0,
          12
        ],
        [
          0,
          5,
          4,
          9,
          2,
          0,
          0
        ],
        [
          0,
          1,
          20,
          0,
          35,
          0,
          26
        ],
        [
          0,
          0,
          4,
          0,
          4,
          0,
          1
        ],
        [
          0,
          0,
          0,
          0,
          4,
          0,
          106
        ]
      ],
      "epoch_time": 68.35078883171082,
      "learning_rate": 1.5e-05
    },
    {
      "epoch": 15,
      "train_loss": 4.479613043367863,
      "train_acc": 58.046875,
      "val_loss": 0.991041624546051,
      "val_acc": 60.559006211180126,
      "timestamp": "2025-08-29 18:19:10",
      "train_f1": 39.602947866857285,
      "train_recall": 40.024316267899266,
      "val_f1": 41.64314516129032,
      "val_recall": 45.392777953753566,
      "confusion_matrix": [
        [
          0,
          0,
          14,
          0,
          10,
          0,
          0
        ],
        [
          0,
          21,
          1,
          0,
          0,
          0,
          0
        ],
        [
          0,
          15,
          15,
          2,
          11,
          0,
          12
        ],
        [
          0,
          5,
          4,
          9,
          2,
          0,
          0
        ],
        [
          0,
          1,
          10,
          0,
          44,
          0,
          27
        ],
        [
          0,
          0,
          1,
          0,
          7,
          0,
          1
        ],
        [
          0,
          0,
          0,
          0,
          4,
          0,
          106
        ]
      ],
      "epoch_time": 72.6286268234253,
      "learning_rate": 1.5e-05
    },
    {
      "epoch": 16,
      "train_loss": 4.488388050347567,
      "train_acc": 57.734375,
      "val_loss": 0.988727331161499,
      "val_acc": 60.24844720496895,
      "timestamp": "2025-08-29 18:21:10",
      "train_f1": 38.9620884954819,
      "train_recall": 39.59385322990933,
      "val_f1": 42.51698560655934,
      "val_recall": 45.63958399324254,
      "confusion_matrix": [
        [
          1,
          0,
          15,
          0,
          8,
          0,
          0
        ],
        [
          0,
          21,
          1,
          0,
          0,
          0,
          0
        ],
        [
          0,
          15,
          15,
          2,
          11,
          0,
          12
        ],
        [
          0,
          5,
          4,
          9,
          2,
          0,
          0
        ],
        [
          0,
          1,
          12,
          0,
          42,
          0,
          27
        ],
        [
          0,
          0,
          3,
          0,
          5,
          0,
          1
        ],
        [
          0,
          0,
          0,
          0,
          4,
          0,
          106
        ]
      ],
      "epoch_time": 119.07611012458801,
      "learning_rate": 1.5e-05
    },
    {
      "epoch": 17,
      "train_loss": 4.457598693668842,
      "train_acc": 58.046875,
      "val_loss": 0.9877952098846435,
      "val_acc": 62.422360248447205,
      "timestamp": "2025-08-29 18:22:02",
      "train_f1": 39.341536855178624,
      "train_recall": 40.53783037917943,
      "val_f1": 45.51518459972136,
      "val_recall": 48.070161545771306,
      "confusion_matrix": [
        [
          3,
          0,
          7,
          0,
          14,
          0,
          0
        ],
        [
          0,
          21,
          1,
          0,
          0,
          0,
          0
        ],
        [
          0,
          16,
          13,
          2,
          12,
          0,
          12
        ],
        [
          0,
          4,
          1,
          10,
          5,
          0,
          0
        ],
        [
          4,
          1,
          2,
          0,
          48,
          0,
          27
        ],
        [
          0,
          0,
          1,
          0,
          7,
          0,
          1
        ],
        [
          0,
          0,
          0,
          0,
          4,
          0,
          106
        ]
      ],
      "epoch_time": 51.57235360145569,
      "learning_rate": 1.5e-05
    },
    {
      "epoch": 18,
      "train_loss": 4.46763638406992,
      "train_acc": 58.59375,
      "val_loss": 0.985107171535492,
      "val_acc": 62.732919254658384,
      "timestamp": "2025-08-29 18:23:03",
      "train_f1": 39.761925142051794,
      "train_recall": 41.31881400898384,
      "val_f1": 46.643551322484115,
      "val_recall": 49.119945095554854,
      "confusion_matrix": [
        [
          4,
          0,
          8,
          0,
          12,
          0,
          0
        ],
        [
          0,
          21,
          1,
          0,
          0,
          0,
          0
        ],
        [
          0,
          17,
          12,
          2,
          12,
          0,
          12
        ],
        [
          3,
          3,
          1,
          11,
          2,
          0,
          0
        ],
        [
          1,
          1,
          5,
          0,
          48,
          0,
          27
        ],
        [
          0,
          0,
          1,
          0,
          7,
          0,
          1
        ],
        [
          0,
          0,
          0,
          0,
          4,
          0,
          106
        ]
      ],
      "epoch_time": 60.192594051361084,
      "learning_rate": 1.5e-05
    },
    {
      "epoch": 19,
      "train_loss": 4.412112284451723,
      "train_acc": 60.15625,
      "val_loss": 0.9841064929962158,
      "val_acc": 65.527950310559,
      "timestamp": "2025-08-29 18:23:53",
      "train_f1": 42.86603219135944,
      "train_recall": 43.50686882096696,
      "val_f1": 51.41225897402503,
      "val_recall": 52.98674902333439,
      "confusion_matrix": [
        [
          7,
          0,
          2,
          0,
          15,
          0,
          0
        ],
        [
          0,
          21,
          1,
          0,
          0,
          0,
          0
        ],
        [
          0,
          17,
          12,
          2,
          11,
          0,
          13
        ],
        [
          0,
          1,
          0,
          13,
          6,
          0,
          0
        ],
        [
          1,
          1,
          2,
          0,
          51,
          0,
          27
        ],
        [
          0,
          0,
          1,
          0,
          7,
          0,
          1
        ],
        [
          0,
          0,
          0,
          0,
          3,
          0,
          107
        ]
      ],
      "class_accuracies": {
        "class_0": 29.166666666666668,
        "class_1": 95.45454545454545,
        "class_2": 21.818181818181817,
        "class_3": 65.0,
        "class_4": 62.19512195121951,
        "class_5": 0.0,
        "class_6": 97.27272727272728
      },
      "epoch_time": 50.22337818145752,
      "learning_rate": 1.5e-05
    },
    {
      "epoch": 20,
      "train_loss": 4.470522213727236,
      "train_acc": 57.96875,
      "val_loss": 0.9824540257453919,
      "val_acc": 66.14906832298136,
      "timestamp": "2025-08-29 18:26:16",
      "train_f1": 39.8588087452678,
      "train_recall": 41.155900326923145,
      "val_f1": 52.38641213864808,
      "val_recall": 53.87525076549468,
      "confusion_matrix": [
        [
          7,
          0,
          2,
          0,
          15,
          0,
          0
        ],
        [
          0,
          21,
          1,
          0,
          0,
          0,
          0
        ],
        [
          0,
          17,
          12,
          2,
          11,
          0,
          13
        ],
        [
          0,
          0,
          0,
          14,
          6,
          0,
          0
        ],
        [
          0,
          1,
          2,
          0,
          52,
          0,
          27
        ],
        [
          0,
          0,
          1,
          0,
          7,
          0,
          1
        ],
        [
          0,
          0,
          0,
          0,
          3,
          0,
          107
        ]
      ],
      "class_accuracies": {
        "class_0": 29.166666666666668,
        "class_1": 95.45454545454545,
        "class_2": 21.818181818181817,
        "class_3": 70.0,
        "class_4": 63.41463414634146,
        "class_5": 0.0,
        "class_6": 97.27272727272728
      },
      "epoch_time": 142.63788437843323,
      "learning_rate": 1.5e-05
    },
    {
      "epoch": 21,
      "train_loss": 4.451920360326767,
      "train_acc": 59.765625,
      "val_loss": 0.9800200581550598,
      "val_acc": 65.527950310559,
      "timestamp": "2025-08-29 18:28:35",
      "train_f1": 41.69667697167738,
      "train_recall": 43.05880758076906,
      "val_f1": 51.76402747844363,
      "val_recall": 53.52681870974554,
      "confusion_matrix": [
        [
          7,
          0,
          2,
          0,
          15,
          0,
          0
        ],
        [
          0,
          21,
          1,
          0,
          0,
          0,
          0
        ],
        [
          0,
          17,
          12,
          2,
          11,
          0,
          13
        ],
        [
          0,
          0,
          0,
          14,
          6,
          0,
          0
        ],
        [
          2,
          1,
          2,
          0,
          50,
          0,
          27
        ],
        [
          0,
          0,
          1,
          0,
          7,
          0,
          1
        ],
        [
          0,
          0,
          0,
          0,
          3,
          0,
          107
        ]
      ],
      "epoch_time": 138.2301836013794,
      "learning_rate": 1.5e-05
    },
    {
      "epoch": 22,
      "train_loss": 4.392044134438038,
      "train_acc": 61.71875,
      "val_loss": 0.9778115510940552,
      "val_acc": 65.527950310559,
      "timestamp": "2025-08-29 18:29:47",
      "train_f1": 46.03705788673651,
      "train_recall": 46.79975493696055,
      "val_f1": 52.35522977861912,
      "val_recall": 54.70436067997044,
      "confusion_matrix": [
        [
          10,
          0,
          2,
          0,
          12,
          0,
          0
        ],
        [
          0,
          21,
          1,
          0,
          0,
          0,
          0
        ],
        [
          0,
          18,
          11,
          2,
          12,
          0,
          12
        ],
        [
          2,
          0,
          0,
          14,
          4,
          0,
          0
        ],
        [
          4,
          1,
          2,
          0,
          48,
          0,
          27
        ],
        [
          0,
          0,
          1,
          0,
          7,
          0,
          1
        ],
        [
          0,
          0,
          0,
          0,
          3,
          0,
          107
        ]
      ],
      "epoch_time": 70.68957710266113,
      "learning_rate": 1.5e-05
    },
    {
      "epoch": 23,
      "train_loss": 4.394266501069069,
      "train_acc": 63.125,
      "val_loss": 0.9772454142570496,
      "val_acc": 65.83850931677019,
      "timestamp": "2025-08-29 18:30:48",
      "train_f1": 46.584800714948514,
      "train_recall": 47.81024268831439,
      "val_f1": 52.48404887034424,
      "val_recall": 54.83423080984057,
      "confusion_matrix": [
        [
          10,
          0,
          2,
          0,
          12,
          0,
          0
        ],
        [
          0,
          21,
          1,
          0,
          0,
          0,
          0
        ],
        [
          0,
          18,
          11,
          2,
          11,
          0,
          13
        ],
        [
          1,
          0,
          0,
          14,
          5,
          0,
          0
        ],
        [
          4,
          1,
          2,
          0,
          48,
          0,
          27
        ],
        [
          1,
          0,
          0,
          0,
          7,
          0,
          1
        ],
        [
          0,
          0,
          0,
          0,
          2,
          0,
          108
        ]
      ],
      "epoch_time": 60.64870500564575,
      "learning_rate": 7.5e-06
    },
    {
      "epoch": 24,
      "train_loss": 4.398781910538673,
      "train_acc": 59.921875,
      "val_loss": 0.9772335052490234,
      "val_acc": 65.527950310559,
      "timestamp": "2025-08-29 18:32:00",
      "train_f1": 42.813536162273365,
      "train_recall": 43.611168827802835,
      "val_f1": 51.900649709937206,
      "val_recall": 54.238992714602475,
      "confusion_matrix": [
        [
          9,
          0,
          1,
          0,
          14,
          0,
          0
        ],
        [
          0,
          21,
          1,
          0,
          0,
          0,
          0
        ],
        [
          0,
          18,
          11,
          2,
          11,
          0,
          13
        ],
        [
          1,
          0,
          0,
          14,
          5,
          0,
          0
        ],
        [
          4,
          1,
          2,
          0,
          48,
          0,
          27
        ],
        [
          1,
          0,
          0,
          0,
          7,
          0,
          1
        ],
        [
          0,
          0,
          0,
          0,
          2,
          0,
          108
        ]
      ],
      "epoch_time": 71.70586585998535,
      "learning_rate": 7.5e-06
    },
    {
      "epoch": 25,
      "train_loss": 4.3754545748233795,
      "train_acc": 61.71875,
      "val_loss": 0.9771636009216309,
      "val_acc": 65.83850931677019,
      "timestamp": "2025-08-29 18:33:03",
      "train_f1": 44.22367265407954,
      "train_recall": 45.349258527819245,
      "val_f1": 52.32922260814572,
      "val_recall": 54.41320874247704,
      "confusion_matrix": [
        [
          9,
          0,
          1,
          0,
          14,
          0,
          0
        ],
        [
          0,
          21,
          1,
          0,
          0,
          0,
          0
        ],
        [
          0,
          18,
          11,
          2,
          11,
          0,
          13
        ],
        [
          0,
          0,
          0,
          14,
          6,
          0,
          0
        ],
        [
          3,
          1,
          2,
          0,
          49,
          0,
          27
        ],
        [
          1,
          0,
          0,
          0,
          7,
          0,
          1
        ],
        [
          0,
          0,
          0,
          0,
          2,
          0,
          108
        ]
      ],
      "epoch_time": 62.783117055892944,
      "learning_rate": 7.5e-06
    },
    {
      "epoch": 26,
      "train_loss": 4.394141368567944,
      "train_acc": 61.953125,
      "val_loss": 0.9776468515396118,
      "val_acc": 66.14906832298136,
      "timestamp": "2025-08-29 18:34:49",
      "train_f1": 45.07179099876329,
      "train_recall": 46.88902645594784,
      "val_f1": 52.28935446749825,
      "val_recall": 54.16640270298807,
      "confusion_matrix": [
        [
          8,
          0,
          1,
          0,
          15,
          0,
          0
        ],
        [
          0,
          21,
          1,
          0,
          0,
          0,
          0
        ],
        [
          0,
          18,
          11,
          2,
          11,
          0,
          13
        ],
        [
          0,
          0,
          0,
          14,
          6,
          0,
          0
        ],
        [
          1,
          1,
          2,
          0,
          51,
          0,
          27
        ],
        [
          1,
          0,
          0,
          0,
          7,
          0,
          1
        ],
        [
          0,
          0,
          0,
          0,
          2,
          0,
          108
        ]
      ],
      "epoch_time": 105.43030142784119,
      "learning_rate": 7.5e-06
    },
    {
      "epoch": 27,
      "train_loss": 4.387688599526882,
      "train_acc": 60.9375,
      "val_loss": 0.9786805033683776,
      "val_acc": 65.21739130434783,
      "timestamp": "2025-08-29 18:37:12",
      "train_f1": 44.655812804924494,
      "train_recall": 45.56781856652828,
      "val_f1": 48.96872391825149,
      "val_recall": 51.62416851441242,
      "confusion_matrix": [
        [
          3,
          0,
          1,
          0,
          20,
          0,
          0
        ],
        [
          0,
          21,
          1,
          0,
          0,
          0,
          0
        ],
        [
          0,
          17,
          12,
          2,
          11,
          0,
          13
        ],
        [
          0,
          0,
          0,
          14,
          6,
          0,
          0
        ],
        [
          1,
          1,
          1,
          0,
          52,
          0,
          27
        ],
        [
          1,
          0,
          0,
          0,
          7,
          0,
          1
        ],
        [
          0,
          0,
          0,
          0,
          2,
          0,
          108
        ]
      ],
      "epoch_time": 141.94120979309082,
      "learning_rate": 7.5e-06
    },
    {
      "epoch": 28,
      "train_loss": 4.383845243602991,
      "train_acc": 61.796875,
      "val_loss": 0.9775513768196106,
      "val_acc": 66.45962732919254,
      "timestamp": "2025-08-29 18:38:22",
      "train_f1": 44.10961316458902,
      "train_recall": 45.96681149329926,
      "val_f1": 52.787178611121035,
      "val_recall": 54.42614296272833,
      "confusion_matrix": [
        [
          8,
          0,
          1,
          0,
          15,
          0,
          0
        ],
        [
          0,
          21,
          1,
          0,
          0,
          0,
          0
        ],
        [
          0,
          17,
          12,
          2,
          11,
          0,
          13
        ],
        [
          0,
          0,
          0,
          14,
          6,
          0,
          0
        ],
        [
          1,
          1,
          2,
          0,
          51,
          0,
          27
        ],
        [
          1,
          0,
          0,
          0,
          7,
          0,
          1
        ],
        [
          0,
          0,
          0,
          0,
          2,
          0,
          108
        ]
      ],
      "class_accuracies": {
        "class_0": 33.33333333333333,
        "class_1": 95.45454545454545,
        "class_2": 21.818181818181817,
        "class_3": 70.0,
        "class_4": 62.19512195121951,
        "class_5": 0.0,
        "class_6": 98.18181818181819
      },
      "epoch_time": 69.16984915733337,
      "learning_rate": 7.5e-06
    },
    {
      "epoch": 29,
      "train_loss": 4.398129601031542,
      "train_acc": 61.40625,
      "val_loss": 0.9772448539733887,
      "val_acc": 66.45962732919254,
      "timestamp": "2025-08-29 18:40:32",
      "train_f1": 45.05303691531575,
      "train_recall": 45.95815289481115,
      "val_f1": 52.787178611121035,
      "val_recall": 54.42614296272833,
      "confusion_matrix": [
        [
          8,
          0,
          1,
          0,
          15,
          0,
          0
        ],
        [
          0,
          21,
          1,
          0,
          0,
          0,
          0
        ],
        [
          0,
          17,
          12,
          2,
          11,
          0,
          13
        ],
        [
          0,
          0,
          0,
          14,
          6,
          0,
          0
        ],
        [
          1,
          1,
          2,
          0,
          51,
          0,
          27
        ],
        [
          1,
          0,
          0,
          0,
          7,
          0,
          1
        ],
        [
          0,
          0,
          0,
          0,
          2,
          0,
          108
        ]
      ],
      "epoch_time": 130.08649730682373,
      "learning_rate": 7.5e-06
    },
    {
      "epoch": 30,
      "train_loss": 4.413742706179619,
      "train_acc": 61.25,
      "val_loss": 0.9766198635101319,
      "val_acc": 66.45962732919254,
      "timestamp": "2025-08-29 18:43:26",
      "train_f1": 44.48498518615091,
      "train_recall": 46.52402197633027,
      "val_f1": 53.13861028242629,
      "val_recall": 54.84716503009187,
      "confusion_matrix": [
        [
          9,
          0,
          1,
          0,
          14,
          0,
          0
        ],
        [
          0,
          21,
          1,
          0,
          0,
          0,
          0
        ],
        [
          0,
          17,
          12,
          2,
          11,
          0,
          13
        ],
        [
          0,
          0,
          0,
          14,
          6,
          0,
          0
        ],
        [
          2,
          1,
          2,
          0,
          50,
          0,
          27
        ],
        [
          1,
          0,
          0,
          0,
          7,
          0,
          1
        ],
        [
          0,
          0,
          0,
          0,
          2,
          0,
          108
        ]
      ],
      "epoch_time": 173.3354172706604,
      "learning_rate": 7.5e-06
    },
    {
      "epoch": 31,
      "train_loss": 4.356623884290457,
      "train_acc": 62.34375,
      "val_loss": 0.9765863656997681,
      "val_acc": 66.45962732919254,
      "timestamp": "2025-08-29 18:45:03",
      "train_f1": 45.80837687970665,
      "train_recall": 47.23509395436062,
      "val_f1": 52.787178611121035,
      "val_recall": 54.42614296272833,
      "confusion_matrix": [
        [
          8,
          0,
          1,
          0,
          15,
          0,
          0
        ],
        [
          0,
          21,
          1,
          0,
          0,
          0,
          0
        ],
        [
          0,
          17,
          12,
          2,
          11,
          0,
          13
        ],
        [
          0,
          0,
          0,
          14,
          6,
          0,
          0
        ],
        [
          1,
          1,
          2,
          0,
          51,
          0,
          27
        ],
        [
          1,
          0,
          0,
          0,
          7,
          0,
          1
        ],
        [
          0,
          0,
          0,
          0,
          2,
          0,
          108
        ]
      ],
      "epoch_time": 95.68186831474304,
      "learning_rate": 7.5e-06
    },
    {
      "epoch": 32,
      "train_loss": 4.355175826698542,
      "train_acc": 61.328125,
      "val_loss": 0.9758976221084594,
      "val_acc": 66.77018633540372,
      "timestamp": "2025-08-29 18:47:20",
      "train_f1": 44.94481298784246,
      "train_recall": 46.32511955037594,
      "val_f1": 53.63230102432761,
      "val_recall": 55.10690528983212,
      "confusion_matrix": [
        [
          9,
          0,
          1,
          0,
          14,
          0,
          0
        ],
        [
          0,
          21,
          1,
          0,
          0,
          0,
          0
        ],
        [
          0,
          16,
          13,
          2,
          11,
          0,
          13
        ],
        [
          0,
          0,
          0,
          14,
          6,
          0,
          0
        ],
        [
          2,
          1,
          2,
          0,
          50,
          0,
          27
        ],
        [
          1,
          0,
          0,
          0,
          7,
          0,
          1
        ],
        [
          0,
          0,
          0,
          0,
          2,
          0,
          108
        ]
      ],
      "class_accuracies": {
        "class_0": 37.5,
        "class_1": 95.45454545454545,
        "class_2": 23.636363636363637,
        "class_3": 70.0,
        "class_4": 60.97560975609756,
        "class_5": 0.0,
        "class_6": 98.18181818181819
      },
      "epoch_time": 136.9175889492035,
      "learning_rate": 7.5e-06
    },
    {
      "epoch": 33,
      "train_loss": 4.356877252459526,
      "train_acc": 62.8125,
      "val_loss": 0.9759814143180847,
      "val_acc": 67.0807453416149,
      "timestamp": "2025-08-29 18:48:22",
      "train_f1": 46.033476587424836,
      "train_recall": 47.52717191469624,
      "val_f1": 53.25227746535253,
      "val_recall": 54.52460141484533,
      "confusion_matrix": [
        [
          7,
          0,
          1,
          0,
          16,
          0,
          0
        ],
        [
          0,
          21,
          1,
          0,
          0,
          0,
          0
        ],
        [
          0,
          15,
          14,
          2,
          11,
          0,
          13
        ],
        [
          0,
          0,
          0,
          14,
          6,
          0,
          0
        ],
        [
          1,
          1,
          1,
          0,
          52,
          0,
          27
        ],
        [
          1,
          0,
          0,
          0,
          7,
          0,
          1
        ],
        [
          0,
          0,
          0,
          0,
          2,
          0,
          108
        ]
      ],
      "class_accuracies": {
        "class_0": 29.166666666666668,
        "class_1": 95.45454545454545,
        "class_2": 25.454545454545453,
        "class_3": 70.0,
        "class_4": 63.41463414634146,
        "class_5": 0.0,
        "class_6": 98.18181818181819
      },
      "epoch_time": 61.07970404624939,
      "learning_rate": 7.5e-06
    },
    {
      "epoch": 34,
      "train_loss": 4.351065993309021,
      "train_acc": 61.71875,
      "val_loss": 0.9752339363098145,
      "val_acc": 67.0807453416149,
      "timestamp": "2025-08-29 18:50:41",
      "train_f1": 45.03018006359975,
      "train_recall": 46.0056823910057,
      "val_f1": 54.00556775352654,
      "val_recall": 55.36664554957238,
      "confusion_matrix": [
        [
          9,
          0,
          1,
          0,
          14,
          0,
          0
        ],
        [
          0,
          21,
          1,
          0,
          0,
          0,
          0
        ],
        [
          0,
          15,
          14,
          2,
          11,
          0,
          13
        ],
        [
          0,
          0,
          0,
          14,
          6,
          0,
          0
        ],
        [
          3,
          1,
          1,
          0,
          50,
          0,
          27
        ],
        [
          1,
          0,
          0,
          0,
          7,
          0,
          1
        ],
        [
          0,
          0,
          0,
          0,
          2,
          0,
          108
        ]
      ],
      "epoch_time": 137.86449480056763,
      "learning_rate": 3.75e-06
    },
    {
      "epoch": 35,
      "train_loss": 4.322582870721817,
      "train_acc": 63.359375,
      "val_loss": 0.9754366040229797,
      "val_acc": 67.0807453416149,
      "timestamp": "2025-08-29 18:52:01",
      "train_f1": 46.83366072392865,
      "train_recall": 47.60803203194616,
      "val_f1": 54.122514445815696,
      "val_recall": 55.36664554957238,
      "confusion_matrix": [
        [
          9,
          0,
          1,
          0,
          14,
          0,
          0
        ],
        [
          0,
          21,
          1,
          0,
          0,
          0,
          0
        ],
        [
          0,
          15,
          14,
          2,
          11,
          0,
          13
        ],
        [
          0,
          0,
          0,
          14,
          6,
          0,
          0
        ],
        [
          2,
          1,
          2,
          0,
          50,
          0,
          27
        ],
        [
          1,
          0,
          0,
          0,
          7,
          0,
          1
        ],
        [
          0,
          0,
          0,
          0,
          2,
          0,
          108
        ]
      ],
      "epoch_time": 80.2279417514801,
      "learning_rate": 3.75e-06
    },
    {
      "epoch": 36,
      "train_loss": 4.342821426689625,
      "train_acc": 62.421875,
      "val_loss": 0.9755993485450745,
      "val_acc": 66.77018633540372,
      "timestamp": "2025-08-29 18:54:06",
      "train_f1": 46.49102981885288,
      "train_recall": 47.04484742578255,
      "val_f1": 53.63230102432761,
      "val_recall": 55.10690528983212,
      "confusion_matrix": [
        [
          9,
          0,
          1,
          0,
          14,
          0,
          0
        ],
        [
          0,
          21,
          1,
          0,
          0,
          0,
          0
        ],
        [
          0,
          16,
          13,
          2,
          11,
          0,
          13
        ],
        [
          0,
          0,
          0,
          14,
          6,
          0,
          0
        ],
        [
          2,
          1,
          2,
          0,
          50,
          0,
          27
        ],
        [
          1,
          0,
          0,
          0,
          7,
          0,
          1
        ],
        [
          0,
          0,
          0,
          0,
          2,
          0,
          108
        ]
      ],
      "epoch_time": 123.96948719024658,
      "learning_rate": 3.75e-06
    },
    {
      "epoch": 37,
      "train_loss": 4.335786484181881,
      "train_acc": 62.109375,
      "val_loss": 0.9761378288269043,
      "val_acc": 67.0807453416149,
      "timestamp": "2025-08-29 18:56:06",
      "train_f1": 46.01276403021311,
      "train_recall": 46.90130214969195,
      "val_f1": 53.655109444539185,
      "val_recall": 54.94562348220885,
      "confusion_matrix": [
        [
          8,
          0,
          1,
          0,
          15,
          0,
          0
        ],
        [
          0,
          21,
          1,
          0,
          0,
          0,
          0
        ],
        [
          0,
          15,
          14,
          2,
          11,
          0,
          13
        ],
        [
          0,
          0,
          0,
          14,
          6,
          0,
          0
        ],
        [
          2,
          1,
          1,
          0,
          51,
          0,
          27
        ],
        [
          1,
          0,
          0,
          0,
          7,
          0,
          1
        ],
        [
          0,
          0,
          0,
          0,
          2,
          0,
          108
        ]
      ],
      "epoch_time": 118.99782872200012,
      "learning_rate": 3.75e-06
    },
    {
      "epoch": 38,
      "train_loss": 4.328313611447811,
      "train_acc": 61.796875,
      "val_loss": 0.9765353083610535,
      "val_acc": 67.0807453416149,
      "timestamp": "2025-08-29 18:58:13",
      "train_f1": 45.39562554515193,
      "train_recall": 46.66004377339698,
      "val_f1": 53.655109444539185,
      "val_recall": 54.94562348220885,
      "confusion_matrix": [
        [
          8,
          0,
          1,
          0,
          15,
          0,
          0
        ],
        [
          0,
          21,
          1,
          0,
          0,
          0,
          0
        ],
        [
          0,
          15,
          14,
          2,
          11,
          0,
          13
        ],
        [
          0,
          0,
          0,
          14,
          6,
          0,
          0
        ],
        [
          2,
          1,
          1,
          0,
          51,
          0,
          27
        ],
        [
          1,
          0,
          0,
          0,
          7,
          0,
          1
        ],
        [
          0,
          0,
          0,
          0,
          2,
          0,
          108
        ]
      ],
      "epoch_time": 127.136638879776,
      "learning_rate": 3.75e-06
    },
    {
      "epoch": 39,
      "train_loss": 4.315586220473051,
      "train_acc": 62.734375,
      "val_loss": 0.9763685822486877,
      "val_acc": 67.0807453416149,
      "timestamp": "2025-08-29 18:59:14",
      "train_f1": 45.11817846776175,
      "train_recall": 45.748006340771646,
      "val_f1": 54.00556775352654,
      "val_recall": 55.36664554957238,
      "confusion_matrix": [
        [
          9,
          0,
          1,
          0,
          14,
          0,
          0
        ],
        [
          0,
          21,
          1,
          0,
          0,
          0,
          0
        ],
        [
          0,
          15,
          14,
          2,
          11,
          0,
          13
        ],
        [
          0,
          0,
          0,
          14,
          6,
          0,
          0
        ],
        [
          3,
          1,
          1,
          0,
          50,
          0,
          27
        ],
        [
          1,
          0,
          0,
          0,
          7,
          0,
          1
        ],
        [
          0,
          0,
          0,
          0,
          2,
          0,
          108
        ]
      ],
      "epoch_time": 60.27440333366394,
      "learning_rate": 3.75e-06
    },
    {
      "epoch": 40,
      "train_loss": 4.344478987157345,
      "train_acc": 62.03125,
      "val_loss": 0.9762513279914856,
      "val_acc": 66.77018633540372,
      "timestamp": "2025-08-29 19:00:23",
      "train_f1": 44.62067019373415,
      "train_recall": 46.066332383872016,
      "val_f1": 53.81095091515792,
      "val_recall": 55.19242952169782,
      "confusion_matrix": [
        [
          9,
          0,
          1,
          0,
          14,
          0,
          0
        ],
        [
          0,
          21,
          1,
          0,
          0,
          0,
          0
        ],
        [
          0,
          15,
          14,
          2,
          11,
          0,
          13
        ],
        [
          0,
          0,
          0,
          14,
          6,
          0,
          0
        ],
        [
          3,
          1,
          2,
          0,
          49,
          0,
          27
        ],
        [
          1,
          0,
          0,
          0,
          7,
          0,
          1
        ],
        [
          0,
          0,
          0,
          0,
          2,
          0,
          108
        ]
      ],
      "epoch_time": 68.63432216644287,
      "learning_rate": 3.75e-06
    },
    {
      "epoch": 41,
      "train_loss": 4.297875944525003,
      "train_acc": 66.328125,
      "val_loss": 0.9760319948196411,
      "val_acc": 66.77018633540372,
      "timestamp": "2025-08-29 19:01:21",
      "train_f1": 50.92902319418179,
      "train_recall": 52.25724404452335,
      "val_f1": 53.81095091515792,
      "val_recall": 55.19242952169782,
      "confusion_matrix": [
        [
          9,
          0,
          1,
          0,
          14,
          0,
          0
        ],
        [
          0,
          21,
          1,
          0,
          0,
          0,
          0
        ],
        [
          0,
          15,
          14,
          2,
          11,
          0,
          13
        ],
        [
          0,
          0,
          0,
          14,
          6,
          0,
          0
        ],
        [
          3,
          1,
          2,
          0,
          49,
          0,
          27
        ],
        [
          1,
          0,
          0,
          0,
          7,
          0,
          1
        ],
        [
          0,
          0,
          0,
          0,
          2,
          0,
          108
        ]
      ],
      "epoch_time": 56.945369720458984,
      "learning_rate": 3.75e-06
    },
    {
      "epoch": 42,
      "train_loss": 4.323700662702322,
      "train_acc": 63.90625,
      "val_loss": 0.9762218832969666,
      "val_acc": 67.0807453416149,
      "timestamp": "2025-08-29 19:02:20",
      "train_f1": 47.75305502644199,
      "train_recall": 49.13855474122269,
      "val_f1": 53.655109444539185,
      "val_recall": 54.94562348220885,
      "confusion_matrix": [
        [
          8,
          0,
          1,
          0,
          15,
          0,
          0
        ],
        [
          0,
          21,
          1,
          0,
          0,
          0,
          0
        ],
        [
          0,
          15,
          14,
          2,
          11,
          0,
          13
        ],
        [
          0,
          0,
          0,
          14,
          6,
          0,
          0
        ],
        [
          2,
          1,
          1,
          0,
          51,
          0,
          27
        ],
        [
          1,
          0,
          0,
          0,
          7,
          0,
          1
        ],
        [
          0,
          0,
          0,
          0,
          2,
          0,
          108
        ]
      ],
      "epoch_time": 58.957329988479614,
      "learning_rate": 3.75e-06
    },
    {
      "epoch": 43,
      "train_loss": 4.361819613724947,
      "train_acc": 61.40625,
      "val_loss": 0.9755875706672669,
      "val_acc": 67.0807453416149,
      "timestamp": "2025-08-29 19:05:51",
      "train_f1": 44.324755193351436,
      "train_recall": 44.95201721229541,
      "val_f1": 54.00556775352654,
      "val_recall": 55.36664554957238,
      "confusion_matrix": [
        [
          9,
          0,
          1,
          0,
          14,
          0,
          0
        ],
        [
          0,
          21,
          1,
          0,
          0,
          0,
          0
        ],
        [
          0,
          15,
          14,
          2,
          11,
          0,
          13
        ],
        [
          0,
          0,
          0,
          14,
          6,
          0,
          0
        ],
        [
          3,
          1,
          1,
          0,
          50,
          0,
          27
        ],
        [
          1,
          0,
          0,
          0,
          7,
          0,
          1
        ],
        [
          0,
          0,
          0,
          0,
          2,
          0,
          108
        ]
      ],
      "epoch_time": 210.1875445842743,
      "learning_rate": 3.75e-06
    },
    {
      "epoch": 44,
      "train_loss": 4.294671110808849,
      "train_acc": 61.640625,
      "val_loss": 0.9752004146575928,
      "val_acc": 67.0807453416149,
      "timestamp": "2025-08-29 19:07:18",
      "train_f1": 46.00227316704835,
      "train_recall": 47.05403876277486,
      "val_f1": 54.19478675185253,
      "val_recall": 55.45216978143807,
      "confusion_matrix": [
        [
          9,
          0,
          1,
          0,
          14,
          0,
          0
        ],
        [
          0,
          21,
          1,
          0,
          0,
          0,
          0
        ],
        [
          0,
          14,
          15,
          2,
          11,
          0,
          13
        ],
        [
          0,
          0,
          0,
          14,
          6,
          0,
          0
        ],
        [
          4,
          1,
          1,
          0,
          49,
          0,
          27
        ],
        [
          1,
          0,
          0,
          0,
          7,
          0,
          1
        ],
        [
          0,
          0,
          0,
          0,
          2,
          0,
          108
        ]
      ],
      "epoch_time": 86.31501054763794,
      "learning_rate": 3.75e-06
    },
    {
      "epoch": 45,
      "train_loss": 4.339337553828955,
      "train_acc": 62.421875,
      "val_loss": 0.9746694922447204,
      "val_acc": 67.0807453416149,
      "timestamp": "2025-08-29 19:09:52",
      "train_f1": 47.42642175055431,
      "train_recall": 48.253059066440365,
      "val_f1": 54.19478675185253,
      "val_recall": 55.45216978143807,
      "confusion_matrix": [
        [
          9,
          0,
          1,
          0,
          14,
          0,
          0
        ],
        [
          0,
          21,
          1,
          0,
          0,
          0,
          0
        ],
        [
          0,
          14,
          15,
          2,
          11,
          0,
          13
        ],
        [
          0,
          0,
          0,
          14,
          6,
          0,
          0
        ],
        [
          4,
          1,
          1,
          0,
          49,
          0,
          27
        ],
        [
          1,
          0,
          0,
          0,
          7,
          0,
          1
        ],
        [
          0,
          0,
          0,
          0,
          2,
          0,
          108
        ]
      ],
      "epoch_time": 153.84626150131226,
      "learning_rate": 1.875e-06
    },
    {
      "epoch": 46,
      "train_loss": 4.314110726118088,
      "train_acc": 63.984375,
      "val_loss": 0.9747046232223511,
      "val_acc": 67.70186335403727,
      "timestamp": "2025-08-29 19:10:51",
      "train_f1": 47.375858884702225,
      "train_recall": 48.54232982412888,
      "val_f1": 54.98444263962712,
      "val_recall": 55.8861260690529,
      "confusion_matrix": [
        [
          9,
          0,
          1,
          0,
          14,
          0,
          0
        ],
        [
          0,
          21,
          1,
          0,
          0,
          0,
          0
        ],
        [
          0,
          13,
          16,
          2,
          11,
          0,
          13
        ],
        [
          0,
          0,
          0,
          14,
          6,
          0,
          0
        ],
        [
          3,
          1,
          1,
          0,
          50,
          0,
          27
        ],
        [
          1,
          0,
          0,
          0,
          7,
          0,
          1
        ],
        [
          0,
          0,
          0,
          0,
          2,
          0,
          108
        ]
      ],
      "class_accuracies": {
        "class_0": 37.5,
        "class_1": 95.45454545454545,
        "class_2": 29.09090909090909,
        "class_3": 70.0,
        "class_4": 60.97560975609756,
        "class_5": 0.0,
        "class_6": 98.18181818181819
      },
      "epoch_time": 57.706289291381836,
      "learning_rate": 1.875e-06
    },
    {
      "epoch": 47,
      "train_loss": 4.290254071354866,
      "train_acc": 64.0625,
      "val_loss": 0.974644911289215,
      "val_acc": 68.01242236024845,
      "timestamp": "2025-08-29 19:11:58",
      "train_f1": 47.2413528365174,
      "train_recall": 47.83925373926831,
      "val_f1": 55.63805742446035,
      "val_recall": 56.481364164291,
      "confusion_matrix": [
        [
          10,
          0,
          0,
          0,
          14,
          0,
          0
        ],
        [
          0,
          21,
          1,
          0,
          0,
          0,
          0
        ],
        [
          0,
          13,
          16,
          2,
          11,
          0,
          13
        ],
        [
          0,
          0,
          0,
          14,
          6,
          0,
          0
        ],
        [
          3,
          1,
          1,
          0,
          50,
          0,
          27
        ],
        [
          1,
          0,
          0,
          0,
          7,
          0,
          1
        ],
        [
          0,
          0,
          0,
          0,
          2,
          0,
          108
        ]
      ],
      "class_accuracies": {
        "class_0": 41.66666666666667,
        "class_1": 95.45454545454545,
        "class_2": 29.09090909090909,
        "class_3": 70.0,
        "class_4": 60.97560975609756,
        "class_5": 0.0,
        "class_6": 98.18181818181819
      },
      "epoch_time": 66.609539270401,
      "learning_rate": 1.875e-06
    },
    {
      "epoch": 48,
      "train_loss": 4.326717272400856,
      "train_acc": 63.125,
      "val_loss": 0.9745803356170655,
      "val_acc": 67.70186335403727,
      "timestamp": "2025-08-29 19:14:14",
      "train_f1": 46.51234287465122,
      "train_recall": 47.69355599502986,
      "val_f1": 55.23119852548074,
      "val_recall": 55.83201351494035,
      "confusion_matrix": [
        [
          10,
          0,
          0,
          0,
          14,
          0,
          0
        ],
        [
          0,
          20,
          2,
          0,
          0,
          0,
          0
        ],
        [
          0,
          13,
          16,
          2,
          11,
          0,
          13
        ],
        [
          0,
          0,
          0,
          14,
          6,
          0,
          0
        ],
        [
          3,
          1,
          1,
          0,
          50,
          0,
          27
        ],
        [
          1,
          0,
          0,
          0,
          7,
          0,
          1
        ],
        [
          0,
          0,
          0,
          0,
          2,
          0,
          108
        ]
      ],
      "epoch_time": 135.3937439918518,
      "learning_rate": 1.875e-06
    },
    {
      "epoch": 49,
      "train_loss": 4.293756157159805,
      "train_acc": 62.5,
      "val_loss": 0.9745100259780883,
      "val_acc": 67.3913043478261,
      "timestamp": "2025-08-29 19:15:57",
      "train_f1": 46.1692617513226,
      "train_recall": 46.67530874423078,
      "val_f1": 54.88568705375428,
      "val_recall": 55.65779748706577,
      "confusion_matrix": [
        [
          10,
          0,
          1,
          0,
          13,
          0,
          0
        ],
        [
          0,
          20,
          2,
          0,
          0,
          0,
          0
        ],
        [
          0,
          13,
          16,
          2,
          11,
          0,
          13
        ],
        [
          0,
          0,
          0,
          14,
          6,
          0,
          0
        ],
        [
          4,
          1,
          1,
          0,
          49,
          0,
          27
        ],
        [
          1,
          0,
          0,
          0,
          7,
          0,
          1
        ],
        [
          0,
          0,
          0,
          0,
          2,
          0,
          108
        ]
      ],
      "epoch_time": 102.55421924591064,
      "learning_rate": 1.875e-06
    },
    {
      "epoch": 50,
      "train_loss": 4.297124017030001,
      "train_acc": 64.765625,
      "val_loss": 0.9743462204933167,
      "val_acc": 67.70186335403727,
      "timestamp": "2025-08-29 19:17:11",
      "train_f1": 49.049719778181746,
      "train_recall": 50.19000528116445,
      "val_f1": 55.23119852548074,
      "val_recall": 55.83201351494035,
      "confusion_matrix": [
        [
          10,
          0,
          0,
          0,
          14,
          0,
          0
        ],
        [
          0,
          20,
          2,
          0,
          0,
          0,
          0
        ],
        [
          0,
          13,
          16,
          2,
          11,
          0,
          13
        ],
        [
          0,
          0,
          0,
          14,
          6,
          0,
          0
        ],
        [
          3,
          1,
          1,
          0,
          50,
          0,
          27
        ],
        [
          1,
          0,
          0,
          0,
          7,
          0,
          1
        ],
        [
          0,
          0,
          0,
          0,
          2,
          0,
          108
        ]
      ],
      "epoch_time": 72.91396951675415,
      "learning_rate": 1.875e-06
    }
  ]
}