{
  "dataset": "MACHO",
  "model_type": "langevin",
  "sde_config": 1,
  "start_time": "20250830_095716",
  "date": "20250830",
  "epochs": [
    {
      "epoch": 1,
      "train_loss": 6.308345681428909,
      "train_acc": 32.03125,
      "val_loss": 1.1016889413197835,
      "val_acc": 34.161490683229815,
      "timestamp": "2025-08-30 09:57:22",
      "train_f1": 26.671778261981764,
      "train_recall": 32.03125,
      "val_f1": 17.642084390400374,
      "val_recall": 34.161490683229815,
      "confusion_matrix": [
        [
          0,
          0,
          0,
          0,
          0,
          0,
          24
        ],
        [
          0,
          0,
          0,
          0,
          0,
          0,
          22
        ],
        [
          0,
          0,
          0,
          0,
          0,
          0,
          55
        ],
        [
          0,
          0,
          0,
          0,
          6,
          0,
          14
        ],
        [
          0,
          0,
          0,
          0,
          0,
          0,
          82
        ],
        [
          0,
          0,
          0,
          0,
          0,
          0,
          9
        ],
        [
          0,
          0,
          0,
          0,
          0,
          0,
          110
        ]
      ],
      "class_accuracies": {
        "class_0": 0.0,
        "class_1": 0.0,
        "class_2": 0.0,
        "class_3": 0.0,
        "class_4": 0.0,
        "class_5": 0.0,
        "class_6": 100.0
      },
      "epoch_time": 5.765546560287476,
      "learning_rate": 3e-05
    },
    {
      "epoch": 2,
      "train_loss": 5.998866766691208,
      "train_acc": 39.453125,
      "val_loss": 1.0851572155952454,
      "val_acc": 35.09316770186335,
      "timestamp": "2025-08-30 09:57:27",
      "train_f1": 27.78922345108618,
      "train_recall": 39.453125,
      "val_f1": 19.589796239436236,
      "val_recall": 35.09316770186335,
      "confusion_matrix": [
        [
          0,
          0,
          0,
          0,
          0,
          0,
          24
        ],
        [
          0,
          0,
          4,
          0,
          0,
          0,
          18
        ],
        [
          0,
          0,
          3,
          0,
          1,
          0,
          51
        ],
        [
          0,
          0,
          0,
          0,
          5,
          0,
          15
        ],
        [
          0,
          0,
          0,
          0,
          0,
          0,
          82
        ],
        [
          0,
          0,
          0,
          0,
          0,
          0,
          9
        ],
        [
          0,
          0,
          0,
          0,
          0,
          0,
          110
        ]
      ],
      "class_accuracies": {
        "class_0": 0.0,
        "class_1": 0.0,
        "class_2": 5.454545454545454,
        "class_3": 0.0,
        "class_4": 0.0,
        "class_5": 0.0,
        "class_6": 100.0
      },
      "epoch_time": 4.68433141708374,
      "learning_rate": 3e-05
    },
    {
      "epoch": 3,
      "train_loss": 5.906670194864273,
      "train_acc": 42.65625,
      "val_loss": 1.0766207575798035,
      "val_acc": 39.130434782608695,
      "timestamp": "2025-08-30 09:57:32",
      "train_f1": 31.28557732046569,
      "train_recall": 42.65625,
      "val_f1": 27.225227044274742,
      "val_recall": 39.130434782608695,
      "confusion_matrix": [
        [
          0,
          0,
          0,
          0,
          0,
          0,
          24
        ],
        [
          0,
          0,
          14,
          0,
          7,
          0,
          1
        ],
        [
          0,
          0,
          8,
          0,
          13,
          0,
          34
        ],
        [
          0,
          0,
          0,
          7,
          6,
          0,
          7
        ],
        [
          0,
          0,
          0,
          0,
          1,
          0,
          81
        ],
        [
          0,
          0,
          0,
          0,
          0,
          0,
          9
        ],
        [
          0,
          0,
          0,
          0,
          0,
          0,
          110
        ]
      ],
      "class_accuracies": {
        "class_0": 0.0,
        "class_1": 0.0,
        "class_2": 14.545454545454545,
        "class_3": 35.0,
        "class_4": 1.2195121951219512,
        "class_5": 0.0,
        "class_6": 100.0
      },
      "epoch_time": 5.016712427139282,
      "learning_rate": 3e-05
    },
    {
      "epoch": 4,
      "train_loss": 5.865024000406265,
      "train_acc": 47.734375,
      "val_loss": 1.0644304553667705,
      "val_acc": 47.515527950310556,
      "timestamp": "2025-08-30 09:57:37",
      "train_f1": 38.57458902700722,
      "train_recall": 47.734375,
      "val_f1": 38.475087296696636,
      "val_recall": 47.51552795031056,
      "confusion_matrix": [
        [
          0,
          0,
          0,
          0,
          0,
          0,
          24
        ],
        [
          0,
          0,
          17,
          0,
          5,
          0,
          0
        ],
        [
          0,
          0,
          10,
          2,
          15,
          0,
          28
        ],
        [
          0,
          0,
          0,
          14,
          0,
          0,
          6
        ],
        [
          0,
          0,
          1,
          0,
          19,
          0,
          62
        ],
        [
          0,
          0,
          0,
          0,
          1,
          0,
          8
        ],
        [
          0,
          0,
          0,
          0,
          0,
          0,
          110
        ]
      ],
      "class_accuracies": {
        "class_0": 0.0,
        "class_1": 0.0,
        "class_2": 18.181818181818183,
        "class_3": 70.0,
        "class_4": 23.170731707317074,
        "class_5": 0.0,
        "class_6": 100.0
      },
      "epoch_time": 4.806297302246094,
      "learning_rate": 3e-05
    },
    {
      "epoch": 5,
      "train_loss": 5.811884313821793,
      "train_acc": 52.65625,
      "val_loss": 1.0499048630396526,
      "val_acc": 54.6583850931677,
      "timestamp": "2025-08-30 09:57:42",
      "train_f1": 45.808628890558,
      "train_recall": 52.65625000000001,
      "val_f1": 47.2249302628699,
      "val_recall": 54.6583850931677,
      "confusion_matrix": [
        [
          0,
          0,
          0,
          0,
          2,
          0,
          22
        ],
        [
          0,
          0,
          21,
          0,
          1,
          0,
          0
        ],
        [
          0,
          0,
          14,
          2,
          17,
          0,
          22
        ],
        [
          0,
          0,
          0,
          14,
          1,
          0,
          5
        ],
        [
          0,
          0,
          1,
          0,
          39,
          0,
          42
        ],
        [
          0,
          0,
          0,
          0,
          5,
          0,
          4
        ],
        [
          0,
          0,
          0,
          0,
          1,
          0,
          109
        ]
      ],
      "class_accuracies": {
        "class_0": 0.0,
        "class_1": 0.0,
        "class_2": 25.454545454545453,
        "class_3": 70.0,
        "class_4": 47.5609756097561,
        "class_5": 0.0,
        "class_6": 99.0909090909091
      },
      "epoch_time": 4.730086803436279,
      "learning_rate": 3e-05
    },
    {
      "epoch": 6,
      "train_loss": 5.750446397066116,
      "train_acc": 56.953125,
      "val_loss": 1.0357579986254375,
      "val_acc": 58.69565217391305,
      "timestamp": "2025-08-30 09:57:47",
      "train_f1": 50.40183793334923,
      "train_recall": 56.95312500000001,
      "val_f1": 51.5139259233395,
      "val_recall": 58.69565217391305,
      "confusion_matrix": [
        [
          0,
          0,
          0,
          0,
          6,
          0,
          18
        ],
        [
          0,
          0,
          21,
          0,
          1,
          0,
          0
        ],
        [
          0,
          0,
          17,
          2,
          14,
          0,
          22
        ],
        [
          0,
          0,
          0,
          14,
          1,
          0,
          5
        ],
        [
          0,
          0,
          1,
          0,
          49,
          0,
          32
        ],
        [
          0,
          0,
          0,
          0,
          6,
          0,
          3
        ],
        [
          0,
          0,
          0,
          0,
          1,
          0,
          109
        ]
      ],
      "class_accuracies": {
        "class_0": 0.0,
        "class_1": 0.0,
        "class_2": 30.909090909090907,
        "class_3": 70.0,
        "class_4": 59.756097560975604,
        "class_5": 0.0,
        "class_6": 99.0909090909091
      },
      "epoch_time": 5.0264880657196045,
      "learning_rate": 3e-05
    },
    {
      "epoch": 7,
      "train_loss": 5.676812621951103,
      "train_acc": 59.0625,
      "val_loss": 1.0188834269841511,
      "val_acc": 60.559006211180126,
      "timestamp": "2025-08-30 09:57:52",
      "train_f1": 53.131249344878675,
      "train_recall": 59.06249999999999,
      "val_f1": 53.929084614225864,
      "val_recall": 60.55900621118012,
      "confusion_matrix": [
        [
          0,
          0,
          0,
          0,
          24,
          0,
          0
        ],
        [
          0,
          0,
          21,
          0,
          1,
          0,
          0
        ],
        [
          0,
          0,
          19,
          2,
          18,
          0,
          16
        ],
        [
          0,
          0,
          0,
          14,
          6,
          0,
          0
        ],
        [
          0,
          0,
          1,
          0,
          55,
          0,
          26
        ],
        [
          0,
          0,
          0,
          0,
          8,
          0,
          1
        ],
        [
          0,
          0,
          0,
          0,
          3,
          0,
          107
        ]
      ],
      "class_accuracies": {
        "class_0": 0.0,
        "class_1": 0.0,
        "class_2": 34.54545454545455,
        "class_3": 70.0,
        "class_4": 67.07317073170732,
        "class_5": 0.0,
        "class_6": 97.27272727272728
      },
      "epoch_time": 4.730940818786621,
      "learning_rate": 3e-05
    },
    {
      "epoch": 8,
      "train_loss": 5.6216985285282135,
      "train_acc": 60.9375,
      "val_loss": 1.0097952087720234,
      "val_acc": 61.18012422360248,
      "timestamp": "2025-08-30 09:57:57",
      "train_f1": 55.27479837140415,
      "train_recall": 60.9375,
      "val_f1": 54.63411674591799,
      "val_recall": 61.18012422360248,
      "confusion_matrix": [
        [
          0,
          0,
          0,
          0,
          24,
          0,
          0
        ],
        [
          0,
          0,
          21,
          0,
          1,
          0,
          0
        ],
        [
          0,
          0,
          21,
          2,
          16,
          0,
          16
        ],
        [
          0,
          0,
          0,
          14,
          6,
          0,
          0
        ],
        [
          0,
          0,
          1,
          0,
          55,
          0,
          26
        ],
        [
          0,
          0,
          0,
          0,
          8,
          0,
          1
        ],
        [
          0,
          0,
          0,
          0,
          3,
          0,
          107
        ]
      ],
      "class_accuracies": {
        "class_0": 0.0,
        "class_1": 0.0,
        "class_2": 38.18181818181819,
        "class_3": 70.0,
        "class_4": 67.07317073170732,
        "class_5": 0.0,
        "class_6": 97.27272727272728
      },
      "epoch_time": 4.9716856479644775,
      "learning_rate": 3e-05
    },
    {
      "epoch": 9,
      "train_loss": 5.574787637591362,
      "train_acc": 61.640625,
      "val_loss": 1.000556965668996,
      "val_acc": 60.869565217391305,
      "timestamp": "2025-08-30 09:58:02",
      "train_f1": 56.54702885793373,
      "train_recall": 61.64062500000001,
      "val_f1": 55.274102875302276,
      "val_recall": 60.86956521739131,
      "confusion_matrix": [
        [
          0,
          0,
          0,
          0,
          24,
          0,
          0
        ],
        [
          0,
          5,
          16,
          0,
          1,
          0,
          0
        ],
        [
          0,
          6,
          15,
          2,
          16,
          0,
          16
        ],
        [
          0,
          0,
          0,
          14,
          6,
          0,
          0
        ],
        [
          0,
          0,
          1,
          0,
          55,
          0,
          26
        ],
        [
          0,
          0,
          0,
          0,
          8,
          0,
          1
        ],
        [
          0,
          0,
          0,
          0,
          3,
          0,
          107
        ]
      ],
      "epoch_time": 4.9509875774383545,
      "learning_rate": 3e-05
    },
    {
      "epoch": 10,
      "train_loss": 5.496265199780464,
      "train_acc": 64.296875,
      "val_loss": 0.9893951217333475,
      "val_acc": 61.49068322981366,
      "timestamp": "2025-08-30 09:58:07",
      "train_f1": 59.48471213493758,
      "train_recall": 64.296875,
      "val_f1": 55.50738819598562,
      "val_recall": 61.49068322981367,
      "confusion_matrix": [
        [
          0,
          0,
          0,
          0,
          24,
          0,
          0
        ],
        [
          0,
          12,
          10,
          0,
          0,
          0,
          0
        ],
        [
          0,
          11,
          10,
          2,
          16,
          0,
          16
        ],
        [
          0,
          0,
          0,
          14,
          6,
          0,
          0
        ],
        [
          0,
          1,
          0,
          0,
          55,
          0,
          26
        ],
        [
          0,
          0,
          0,
          0,
          8,
          0,
          1
        ],
        [
          0,
          0,
          0,
          0,
          3,
          0,
          107
        ]
      ],
      "class_accuracies": {
        "class_0": 0.0,
        "class_1": 54.54545454545454,
        "class_2": 18.181818181818183,
        "class_3": 70.0,
        "class_4": 67.07317073170732,
        "class_5": 0.0,
        "class_6": 97.27272727272728
      },
      "epoch_time": 4.942848205566406,
      "learning_rate": 3e-05
    },
    {
      "epoch": 11,
      "train_loss": 5.450581848621368,
      "train_acc": 63.75,
      "val_loss": 0.9801911612351736,
      "val_acc": 63.04347826086956,
      "timestamp": "2025-08-30 09:58:12",
      "train_f1": 59.58480699125731,
      "train_recall": 63.74999999999999,
      "val_f1": 57.26396376892631,
      "val_recall": 63.04347826086957,
      "confusion_matrix": [
        [
          1,
          0,
          0,
          0,
          23,
          0,
          0
        ],
        [
          0,
          17,
          5,
          0,
          0,
          0,
          0
        ],
        [
          0,
          11,
          10,
          2,
          16,
          0,
          16
        ],
        [
          0,
          0,
          0,
          14,
          6,
          0,
          0
        ],
        [
          0,
          1,
          0,
          0,
          55,
          0,
          26
        ],
        [
          0,
          0,
          0,
          0,
          8,
          0,
          1
        ],
        [
          0,
          0,
          0,
          0,
          4,
          0,
          106
        ]
      ],
      "class_accuracies": {
        "class_0": 4.166666666666666,
        "class_1": 77.27272727272727,
        "class_2": 18.181818181818183,
        "class_3": 70.0,
        "class_4": 67.07317073170732,
        "class_5": 0.0,
        "class_6": 96.36363636363636
      },
      "epoch_time": 4.815746784210205,
      "learning_rate": 3e-05
    },
    {
      "epoch": 12,
      "train_loss": 5.375725272297859,
      "train_acc": 65.078125,
      "val_loss": 0.9706312914689382,
      "val_acc": 67.70186335403727,
      "timestamp": "2025-08-30 09:58:18",
      "train_f1": 61.132669761881075,
      "train_recall": 65.078125,
      "val_f1": 63.57180718131056,
      "val_recall": 67.70186335403726,
      "confusion_matrix": [
        [
          18,
          0,
          0,
          0,
          6,
          0,
          0
        ],
        [
          0,
          16,
          6,
          0,
          0,
          0,
          0
        ],
        [
          5,
          11,
          10,
          2,
          11,
          0,
          16
        ],
        [
          5,
          0,
          0,
          14,
          1,
          0,
          0
        ],
        [
          2,
          1,
          0,
          0,
          53,
          0,
          26
        ],
        [
          1,
          0,
          0,
          0,
          7,
          0,
          1
        ],
        [
          0,
          0,
          0,
          0,
          3,
          0,
          107
        ]
      ],
      "class_accuracies": {
        "class_0": 75.0,
        "class_1": 72.72727272727273,
        "class_2": 18.181818181818183,
        "class_3": 70.0,
        "class_4": 64.63414634146342,
        "class_5": 0.0,
        "class_6": 97.27272727272728
      },
      "epoch_time": 5.437926292419434,
      "learning_rate": 1.5e-05
    },
    {
      "epoch": 13,
      "train_loss": 5.372204968333245,
      "train_acc": 66.640625,
      "val_loss": 0.9652512768904368,
      "val_acc": 67.70186335403727,
      "timestamp": "2025-08-30 09:58:23",
      "train_f1": 62.824130620706775,
      "train_recall": 66.640625,
      "val_f1": 63.76008825015925,
      "val_recall": 67.70186335403726,
      "confusion_matrix": [
        [
          19,
          0,
          0,
          0,
          5,
          0,
          0
        ],
        [
          0,
          16,
          6,
          0,
          0,
          0,
          0
        ],
        [
          5,
          11,
          11,
          2,
          10,
          0,
          16
        ],
        [
          5,
          0,
          0,
          14,
          1,
          0,
          0
        ],
        [
          4,
          1,
          0,
          0,
          51,
          0,
          26
        ],
        [
          1,
          0,
          0,
          0,
          7,
          0,
          1
        ],
        [
          0,
          0,
          0,
          0,
          3,
          0,
          107
        ]
      ],
      "epoch_time": 5.071737051010132,
      "learning_rate": 1.5e-05
    },
    {
      "epoch": 14,
      "train_loss": 5.3536715537309645,
      "train_acc": 66.5625,
      "val_loss": 0.9604784150918325,
      "val_acc": 67.70186335403727,
      "timestamp": "2025-08-30 09:58:28",
      "train_f1": 63.06382772258038,
      "train_recall": 66.5625,
      "val_f1": 63.950900007577374,
      "val_recall": 67.70186335403726,
      "confusion_matrix": [
        [
          20,
          0,
          0,
          0,
          4,
          0,
          0
        ],
        [
          0,
          16,
          6,
          0,
          0,
          0,
          0
        ],
        [
          5,
          11,
          12,
          2,
          9,
          0,
          16
        ],
        [
          5,
          0,
          0,
          14,
          1,
          0,
          0
        ],
        [
          6,
          1,
          0,
          0,
          49,
          0,
          26
        ],
        [
          2,
          0,
          0,
          0,
          6,
          0,
          1
        ],
        [
          0,
          0,
          0,
          0,
          3,
          0,
          107
        ]
      ],
      "epoch_time": 4.719163656234741,
      "learning_rate": 1.5e-05
    },
    {
      "epoch": 15,
      "train_loss": 5.329369282722473,
      "train_acc": 67.8125,
      "val_loss": 0.955859363079071,
      "val_acc": 68.01242236024845,
      "timestamp": "2025-08-30 09:58:33",
      "train_f1": 64.4075265772236,
      "train_recall": 67.8125,
      "val_f1": 64.5113196969133,
      "val_recall": 68.01242236024845,
      "confusion_matrix": [
        [
          20,
          0,
          0,
          0,
          4,
          0,
          0
        ],
        [
          0,
          16,
          6,
          0,
          0,
          0,
          0
        ],
        [
          4,
          11,
          14,
          2,
          8,
          0,
          16
        ],
        [
          5,
          0,
          0,
          14,
          1,
          0,
          0
        ],
        [
          7,
          1,
          0,
          0,
          47,
          0,
          27
        ],
        [
          2,
          0,
          0,
          0,
          6,
          0,
          1
        ],
        [
          0,
          0,
          0,
          0,
          2,
          0,
          108
        ]
      ],
      "class_accuracies": {
        "class_0": 83.33333333333334,
        "class_1": 72.72727272727273,
        "class_2": 25.454545454545453,
        "class_3": 70.0,
        "class_4": 57.3170731707317,
        "class_5": 0.0,
        "class_6": 98.18181818181819
      },
      "epoch_time": 5.065780162811279,
      "learning_rate": 1.5e-05
    },
    {
      "epoch": 16,
      "train_loss": 5.315097579360009,
      "train_acc": 67.34375,
      "val_loss": 0.9538353780905405,
      "val_acc": 68.01242236024845,
      "timestamp": "2025-08-30 09:58:38",
      "train_f1": 64.42146468916306,
      "train_recall": 67.34375,
      "val_f1": 64.62333648412492,
      "val_recall": 68.01242236024845,
      "confusion_matrix": [
        [
          20,
          0,
          0,
          0,
          4,
          0,
          0
        ],
        [
          0,
          15,
          7,
          0,
          0,
          0,
          0
        ],
        [
          4,
          11,
          14,
          2,
          8,
          0,
          16
        ],
        [
          5,
          0,
          0,
          14,
          1,
          0,
          0
        ],
        [
          6,
          1,
          0,
          0,
          49,
          0,
          26
        ],
        [
          2,
          0,
          0,
          0,
          6,
          0,
          1
        ],
        [
          0,
          0,
          0,
          0,
          3,
          0,
          107
        ]
      ],
      "epoch_time": 4.787284851074219,
      "learning_rate": 1.5e-05
    },
    {
      "epoch": 17,
      "train_loss": 5.237145313620568,
      "train_acc": 68.28125,
      "val_loss": 0.946579784154892,
      "val_acc": 66.77018633540372,
      "timestamp": "2025-08-30 09:58:43",
      "train_f1": 65.38205493990901,
      "train_recall": 68.28125,
      "val_f1": 63.396828009242846,
      "val_recall": 66.77018633540372,
      "confusion_matrix": [
        [
          21,
          0,
          0,
          0,
          3,
          0,
          0
        ],
        [
          0,
          15,
          7,
          0,
          0,
          0,
          0
        ],
        [
          5,
          10,
          15,
          2,
          7,
          0,
          16
        ],
        [
          5,
          0,
          0,
          14,
          1,
          0,
          0
        ],
        [
          11,
          1,
          1,
          0,
          42,
          0,
          27
        ],
        [
          2,
          0,
          0,
          0,
          6,
          0,
          1
        ],
        [
          0,
          0,
          0,
          0,
          2,
          0,
          108
        ]
      ],
      "epoch_time": 5.023560523986816,
      "learning_rate": 1.5e-05
    },
    {
      "epoch": 18,
      "train_loss": 5.230083546042442,
      "train_acc": 68.4375,
      "val_loss": 0.9457063774267832,
      "val_acc": 68.32298136645963,
      "timestamp": "2025-08-30 09:58:48",
      "train_f1": 65.36718629966047,
      "train_recall": 68.4375,
      "val_f1": 65.22653426030459,
      "val_recall": 68.32298136645963,
      "confusion_matrix": [
        [
          21,
          0,
          0,
          0,
          3,
          0,
          0
        ],
        [
          0,
          14,
          8,
          0,
          0,
          0,
          0
        ],
        [
          4,
          8,
          17,
          2,
          8,
          0,
          16
        ],
        [
          5,
          0,
          0,
          14,
          1,
          0,
          0
        ],
        [
          8,
          1,
          0,
          0,
          46,
          0,
          27
        ],
        [
          2,
          0,
          0,
          0,
          6,
          0,
          1
        ],
        [
          0,
          0,
          0,
          0,
          2,
          0,
          108
        ]
      ],
      "class_accuracies": {
        "class_0": 87.5,
        "class_1": 63.63636363636363,
        "class_2": 30.909090909090907,
        "class_3": 70.0,
        "class_4": 56.09756097560976,
        "class_5": 0.0,
        "class_6": 98.18181818181819
      },
      "epoch_time": 4.785955190658569,
      "learning_rate": 1.5e-05
    },
    {
      "epoch": 19,
      "train_loss": 5.203262078762054,
      "train_acc": 68.984375,
      "val_loss": 0.9447343846162161,
      "val_acc": 68.01242236024845,
      "timestamp": "2025-08-30 09:58:53",
      "train_f1": 66.17963291492883,
      "train_recall": 68.984375,
      "val_f1": 65.00531165023918,
      "val_recall": 68.01242236024845,
      "confusion_matrix": [
        [
          21,
          0,
          0,
          0,
          3,
          0,
          0
        ],
        [
          0,
          13,
          9,
          0,
          0,
          0,
          0
        ],
        [
          5,
          8,
          17,
          2,
          8,
          0,
          15
        ],
        [
          5,
          0,
          0,
          14,
          1,
          0,
          0
        ],
        [
          7,
          1,
          0,
          0,
          47,
          0,
          27
        ],
        [
          2,
          0,
          0,
          0,
          6,
          0,
          1
        ],
        [
          0,
          0,
          0,
          0,
          3,
          0,
          107
        ]
      ],
      "epoch_time": 4.951077461242676,
      "learning_rate": 1.5e-05
    },
    {
      "epoch": 20,
      "train_loss": 5.186194923520088,
      "train_acc": 69.53125,
      "val_loss": 0.9406326214472452,
      "val_acc": 66.45962732919254,
      "timestamp": "2025-08-30 09:58:58",
      "train_f1": 67.1123711464104,
      "train_recall": 69.53125,
      "val_f1": 63.558704756158946,
      "val_recall": 66.45962732919256,
      "confusion_matrix": [
        [
          21,
          0,
          0,
          0,
          3,
          0,
          0
        ],
        [
          0,
          11,
          11,
          0,
          0,
          0,
          0
        ],
        [
          6,
          8,
          18,
          2,
          6,
          0,
          15
        ],
        [
          5,
          0,
          0,
          14,
          1,
          0,
          0
        ],
        [
          11,
          1,
          1,
          0,
          42,
          0,
          27
        ],
        [
          3,
          0,
          0,
          0,
          5,
          0,
          1
        ],
        [
          0,
          0,
          0,
          0,
          2,
          0,
          108
        ]
      ],
      "epoch_time": 4.817274570465088,
      "learning_rate": 1.5e-05
    },
    {
      "epoch": 21,
      "train_loss": 5.140800708532334,
      "train_acc": 69.21875,
      "val_loss": 0.9392126897970835,
      "val_acc": 65.83850931677019,
      "timestamp": "2025-08-30 09:59:03",
      "train_f1": 66.55489342611271,
      "train_recall": 69.21875,
      "val_f1": 62.96565592752217,
      "val_recall": 65.83850931677019,
      "confusion_matrix": [
        [
          21,
          0,
          0,
          0,
          3,
          0,
          0
        ],
        [
          0,
          11,
          11,
          0,
          0,
          0,
          0
        ],
        [
          7,
          8,
          17,
          2,
          7,
          0,
          14
        ],
        [
          5,
          0,
          0,
          14,
          1,
          0,
          0
        ],
        [
          12,
          1,
          1,
          0,
          42,
          0,
          26
        ],
        [
          3,
          0,
          0,
          0,
          5,
          0,
          1
        ],
        [
          0,
          0,
          0,
          0,
          3,
          0,
          107
        ]
      ],
      "epoch_time": 4.865792751312256,
      "learning_rate": 1.5e-05
    },
    {
      "epoch": 22,
      "train_loss": 5.139628085494041,
      "train_acc": 69.6875,
      "val_loss": 0.9387584328651428,
      "val_acc": 65.527950310559,
      "timestamp": "2025-08-30 09:59:09",
      "train_f1": 67.15631745154822,
      "train_recall": 69.6875,
      "val_f1": 62.452800279872854,
      "val_recall": 65.527950310559,
      "confusion_matrix": [
        [
          21,
          0,
          0,
          0,
          3,
          0,
          0
        ],
        [
          0,
          11,
          11,
          0,
          0,
          0,
          0
        ],
        [
          8,
          8,
          15,
          2,
          9,
          0,
          13
        ],
        [
          5,
          0,
          0,
          14,
          1,
          0,
          0
        ],
        [
          11,
          1,
          1,
          0,
          43,
          0,
          26
        ],
        [
          3,
          0,
          0,
          0,
          5,
          0,
          1
        ],
        [
          0,
          0,
          0,
          0,
          3,
          0,
          107
        ]
      ],
      "epoch_time": 5.048007488250732,
      "learning_rate": 1.5e-05
    },
    {
      "epoch": 23,
      "train_loss": 5.078161203861237,
      "train_acc": 70.78125,
      "val_loss": 0.9349862138430277,
      "val_acc": 65.83850931677019,
      "timestamp": "2025-08-30 09:59:13",
      "train_f1": 68.24343245315625,
      "train_recall": 70.78125,
      "val_f1": 62.927116698032805,
      "val_recall": 65.83850931677019,
      "confusion_matrix": [
        [
          22,
          0,
          0,
          0,
          2,
          0,
          0
        ],
        [
          0,
          11,
          11,
          0,
          0,
          0,
          0
        ],
        [
          8,
          8,
          16,
          2,
          8,
          0,
          13
        ],
        [
          6,
          0,
          0,
          14,
          0,
          0,
          0
        ],
        [
          12,
          1,
          1,
          0,
          42,
          0,
          26
        ],
        [
          4,
          0,
          0,
          0,
          4,
          0,
          1
        ],
        [
          0,
          0,
          0,
          0,
          3,
          0,
          107
        ]
      ],
      "epoch_time": 4.744791030883789,
      "learning_rate": 7.5e-06
    },
    {
      "epoch": 24,
      "train_loss": 5.1025414109230045,
      "train_acc": 70.78125,
      "val_loss": 0.9329948127269745,
      "val_acc": 65.83850931677019,
      "timestamp": "2025-08-30 09:59:19",
      "train_f1": 68.35554232613583,
      "train_recall": 70.78125,
      "val_f1": 62.927116698032805,
      "val_recall": 65.83850931677019,
      "confusion_matrix": [
        [
          22,
          0,
          0,
          0,
          2,
          0,
          0
        ],
        [
          0,
          11,
          11,
          0,
          0,
          0,
          0
        ],
        [
          8,
          8,
          16,
          2,
          8,
          0,
          13
        ],
        [
          6,
          0,
          0,
          14,
          0,
          0,
          0
        ],
        [
          12,
          1,
          1,
          0,
          42,
          0,
          26
        ],
        [
          4,
          0,
          0,
          0,
          4,
          0,
          1
        ],
        [
          0,
          0,
          0,
          0,
          3,
          0,
          107
        ]
      ],
      "epoch_time": 5.005948781967163,
      "learning_rate": 7.5e-06
    },
    {
      "epoch": 25,
      "train_loss": 5.074470660090446,
      "train_acc": 70.3125,
      "val_loss": 0.9313609103361765,
      "val_acc": 67.0807453416149,
      "timestamp": "2025-08-30 09:59:24",
      "train_f1": 67.99623675146931,
      "train_recall": 70.3125,
      "val_f1": 64.44769057332218,
      "val_recall": 67.08074534161491,
      "confusion_matrix": [
        [
          22,
          0,
          0,
          0,
          2,
          0,
          0
        ],
        [
          0,
          11,
          11,
          0,
          0,
          0,
          0
        ],
        [
          8,
          8,
          17,
          2,
          7,
          0,
          13
        ],
        [
          6,
          0,
          0,
          14,
          0,
          0,
          0
        ],
        [
          12,
          1,
          1,
          0,
          45,
          0,
          23
        ],
        [
          4,
          0,
          0,
          0,
          4,
          0,
          1
        ],
        [
          0,
          0,
          0,
          0,
          3,
          0,
          107
        ]
      ],
      "epoch_time": 4.75294041633606,
      "learning_rate": 7.5e-06
    },
    {
      "epoch": 26,
      "train_loss": 5.044960761070252,
      "train_acc": 71.09375,
      "val_loss": 0.9319196740786234,
      "val_acc": 67.0807453416149,
      "timestamp": "2025-08-30 09:59:29",
      "train_f1": 68.85658638200216,
      "train_recall": 71.09375,
      "val_f1": 64.36334958582141,
      "val_recall": 67.08074534161491,
      "confusion_matrix": [
        [
          22,
          0,
          0,
          0,
          2,
          0,
          0
        ],
        [
          0,
          11,
          11,
          0,
          0,
          0,
          0
        ],
        [
          8,
          8,
          16,
          2,
          8,
          0,
          13
        ],
        [
          6,
          0,
          0,
          14,
          0,
          0,
          0
        ],
        [
          12,
          1,
          1,
          0,
          46,
          0,
          22
        ],
        [
          4,
          0,
          0,
          0,
          4,
          0,
          1
        ],
        [
          0,
          0,
          0,
          0,
          3,
          0,
          107
        ]
      ],
      "epoch_time": 5.045916557312012,
      "learning_rate": 7.5e-06
    },
    {
      "epoch": 27,
      "train_loss": 5.0620707213878635,
      "train_acc": 70.234375,
      "val_loss": 0.9303245941797892,
      "val_acc": 67.0807453416149,
      "timestamp": "2025-08-30 09:59:34",
      "train_f1": 67.70695654545908,
      "train_recall": 70.234375,
      "val_f1": 64.36334958582141,
      "val_recall": 67.08074534161491,
      "confusion_matrix": [
        [
          22,
          0,
          0,
          0,
          2,
          0,
          0
        ],
        [
          0,
          11,
          11,
          0,
          0,
          0,
          0
        ],
        [
          8,
          8,
          16,
          2,
          8,
          0,
          13
        ],
        [
          6,
          0,
          0,
          14,
          0,
          0,
          0
        ],
        [
          12,
          1,
          1,
          0,
          46,
          0,
          22
        ],
        [
          4,
          0,
          0,
          0,
          4,
          0,
          1
        ],
        [
          0,
          0,
          0,
          0,
          3,
          0,
          107
        ]
      ],
      "epoch_time": 4.7954041957855225,
      "learning_rate": 7.5e-06
    },
    {
      "epoch": 28,
      "train_loss": 5.039548987150193,
      "train_acc": 71.796875,
      "val_loss": 0.93019566933314,
      "val_acc": 67.0807453416149,
      "timestamp": "2025-08-30 09:59:39",
      "train_f1": 69.5951961160339,
      "train_recall": 71.796875,
      "val_f1": 64.36334958582141,
      "val_recall": 67.08074534161491,
      "confusion_matrix": [
        [
          22,
          0,
          0,
          0,
          2,
          0,
          0
        ],
        [
          0,
          11,
          11,
          0,
          0,
          0,
          0
        ],
        [
          8,
          8,
          16,
          2,
          8,
          0,
          13
        ],
        [
          6,
          0,
          0,
          14,
          0,
          0,
          0
        ],
        [
          12,
          1,
          1,
          0,
          46,
          0,
          22
        ],
        [
          4,
          0,
          0,
          0,
          4,
          0,
          1
        ],
        [
          0,
          0,
          0,
          0,
          3,
          0,
          107
        ]
      ],
      "epoch_time": 4.88291335105896,
      "learning_rate": 7.5e-06
    },
    {
      "epoch": 29,
      "train_loss": 5.029051610827446,
      "train_acc": 71.5625,
      "val_loss": 0.9299821654955546,
      "val_acc": 66.77018633540372,
      "timestamp": "2025-08-30 09:59:44",
      "train_f1": 69.63813148777939,
      "train_recall": 71.5625,
      "val_f1": 64.05861389679092,
      "val_recall": 66.77018633540372,
      "confusion_matrix": [
        [
          22,
          0,
          0,
          0,
          2,
          0,
          0
        ],
        [
          0,
          10,
          12,
          0,
          0,
          0,
          0
        ],
        [
          9,
          8,
          15,
          2,
          8,
          0,
          13
        ],
        [
          6,
          0,
          0,
          14,
          0,
          0,
          0
        ],
        [
          11,
          1,
          1,
          0,
          47,
          1,
          21
        ],
        [
          4,
          0,
          0,
          0,
          4,
          0,
          1
        ],
        [
          0,
          0,
          0,
          0,
          3,
          0,
          107
        ]
      ],
      "epoch_time": 5.085946321487427,
      "learning_rate": 7.5e-06
    },
    {
      "epoch": 30,
      "train_loss": 5.014285945892334,
      "train_acc": 72.109375,
      "val_loss": 0.9275970359643301,
      "val_acc": 67.70186335403727,
      "timestamp": "2025-08-30 09:59:49",
      "train_f1": 70.11915919000835,
      "train_recall": 72.109375,
      "val_f1": 65.02263953741003,
      "val_recall": 67.70186335403726,
      "confusion_matrix": [
        [
          22,
          0,
          0,
          0,
          2,
          0,
          0
        ],
        [
          0,
          11,
          11,
          0,
          0,
          0,
          0
        ],
        [
          9,
          8,
          15,
          2,
          8,
          0,
          13
        ],
        [
          6,
          0,
          0,
          14,
          0,
          0,
          0
        ],
        [
          12,
          1,
          1,
          0,
          49,
          0,
          19
        ],
        [
          4,
          0,
          0,
          0,
          4,
          0,
          1
        ],
        [
          0,
          0,
          0,
          0,
          3,
          0,
          107
        ]
      ],
      "epoch_time": 4.800150394439697,
      "learning_rate": 7.5e-06
    },
    {
      "epoch": 31,
      "train_loss": 5.026281413435936,
      "train_acc": 71.640625,
      "val_loss": 0.927828977505366,
      "val_acc": 68.32298136645963,
      "timestamp": "2025-08-30 09:59:55",
      "train_f1": 69.45159478190483,
      "train_recall": 71.640625,
      "val_f1": 65.81122426321973,
      "val_recall": 68.32298136645963,
      "confusion_matrix": [
        [
          22,
          0,
          0,
          0,
          2,
          0,
          0
        ],
        [
          0,
          11,
          11,
          0,
          0,
          0,
          0
        ],
        [
          9,
          7,
          16,
          2,
          8,
          0,
          13
        ],
        [
          6,
          0,
          0,
          14,
          0,
          0,
          0
        ],
        [
          11,
          1,
          0,
          0,
          50,
          1,
          19
        ],
        [
          4,
          0,
          0,
          0,
          4,
          0,
          1
        ],
        [
          0,
          0,
          0,
          0,
          3,
          0,
          107
        ]
      ],
      "epoch_time": 5.45627236366272,
      "learning_rate": 7.5e-06
    },
    {
      "epoch": 32,
      "train_loss": 4.999527904391289,
      "train_acc": 73.671875,
      "val_loss": 0.9248431126276652,
      "val_acc": 68.32298136645963,
      "timestamp": "2025-08-30 10:00:00",
      "train_f1": 71.88005467877885,
      "train_recall": 73.671875,
      "val_f1": 65.6765962648167,
      "val_recall": 68.32298136645963,
      "confusion_matrix": [
        [
          22,
          0,
          0,
          0,
          2,
          0,
          0
        ],
        [
          0,
          13,
          9,
          0,
          0,
          0,
          0
        ],
        [
          10,
          7,
          15,
          2,
          8,
          0,
          13
        ],
        [
          6,
          0,
          0,
          14,
          0,
          0,
          0
        ],
        [
          12,
          1,
          1,
          0,
          49,
          0,
          19
        ],
        [
          4,
          0,
          0,
          0,
          4,
          0,
          1
        ],
        [
          0,
          0,
          0,
          0,
          3,
          0,
          107
        ]
      ],
      "epoch_time": 4.813442707061768,
      "learning_rate": 7.5e-06
    },
    {
      "epoch": 33,
      "train_loss": 4.955207598209381,
      "train_acc": 73.125,
      "val_loss": 0.9236108263333639,
      "val_acc": 68.63354037267081,
      "timestamp": "2025-08-30 10:00:05",
      "train_f1": 71.16203311821842,
      "train_recall": 73.125,
      "val_f1": 66.02268705988637,
      "val_recall": 68.63354037267081,
      "confusion_matrix": [
        [
          22,
          0,
          0,
          0,
          2,
          0,
          0
        ],
        [
          0,
          13,
          9,
          0,
          0,
          0,
          0
        ],
        [
          10,
          7,
          15,
          2,
          8,
          0,
          13
        ],
        [
          6,
          0,
          0,
          14,
          0,
          0,
          0
        ],
        [
          12,
          1,
          1,
          0,
          50,
          0,
          18
        ],
        [
          4,
          0,
          0,
          0,
          4,
          0,
          1
        ],
        [
          0,
          0,
          0,
          0,
          3,
          0,
          107
        ]
      ],
      "class_accuracies": {
        "class_0": 91.66666666666666,
        "class_1": 59.09090909090909,
        "class_2": 27.27272727272727,
        "class_3": 70.0,
        "class_4": 60.97560975609756,
        "class_5": 0.0,
        "class_6": 97.27272727272728
      },
      "epoch_time": 5.121108531951904,
      "learning_rate": 7.5e-06
    },
    {
      "epoch": 34,
      "train_loss": 4.984416288137436,
      "train_acc": 73.671875,
      "val_loss": 0.9234368006388346,
      "val_acc": 70.1863354037267,
      "timestamp": "2025-08-30 10:00:10",
      "train_f1": 71.91397033865721,
      "train_recall": 73.671875,
      "val_f1": 67.78402096496978,
      "val_recall": 70.1863354037267,
      "confusion_matrix": [
        [
          22,
          0,
          0,
          0,
          2,
          0,
          0
        ],
        [
          0,
          13,
          9,
          0,
          0,
          0,
          0
        ],
        [
          9,
          7,
          16,
          2,
          8,
          0,
          13
        ],
        [
          6,
          0,
          0,
          14,
          0,
          0,
          0
        ],
        [
          12,
          1,
          1,
          0,
          54,
          0,
          14
        ],
        [
          4,
          0,
          0,
          0,
          4,
          0,
          1
        ],
        [
          0,
          0,
          0,
          0,
          3,
          0,
          107
        ]
      ],
      "class_accuracies": {
        "class_0": 91.66666666666666,
        "class_1": 59.09090909090909,
        "class_2": 29.09090909090909,
        "class_3": 70.0,
        "class_4": 65.85365853658537,
        "class_5": 0.0,
        "class_6": 97.27272727272728
      },
      "epoch_time": 4.793967008590698,
      "learning_rate": 3.75e-06
    },
    {
      "epoch": 35,
      "train_loss": 4.949128755927086,
      "train_acc": 72.8125,
      "val_loss": 0.9223116338253021,
      "val_acc": 70.1863354037267,
      "timestamp": "2025-08-30 10:00:15",
      "train_f1": 70.91594515741,
      "train_recall": 72.8125,
      "val_f1": 67.84006168789512,
      "val_recall": 70.1863354037267,
      "confusion_matrix": [
        [
          22,
          0,
          0,
          0,
          2,
          0,
          0
        ],
        [
          0,
          13,
          9,
          0,
          0,
          0,
          0
        ],
        [
          9,
          7,
          16,
          2,
          8,
          0,
          13
        ],
        [
          6,
          0,
          0,
          14,
          0,
          0,
          0
        ],
        [
          11,
          1,
          1,
          0,
          54,
          1,
          14
        ],
        [
          4,
          0,
          0,
          0,
          4,
          0,
          1
        ],
        [
          0,
          0,
          0,
          0,
          3,
          0,
          107
        ]
      ],
      "epoch_time": 4.921414375305176,
      "learning_rate": 3.75e-06
    },
    {
      "epoch": 36,
      "train_loss": 4.96221441924572,
      "train_acc": 73.671875,
      "val_loss": 0.9218854506810507,
      "val_acc": 70.4968944099379,
      "timestamp": "2025-08-30 10:00:20",
      "train_f1": 71.64517569675215,
      "train_recall": 73.671875,
      "val_f1": 68.06995824220343,
      "val_recall": 70.4968944099379,
      "confusion_matrix": [
        [
          22,
          0,
          0,
          0,
          2,
          0,
          0
        ],
        [
          0,
          13,
          9,
          0,
          0,
          0,
          0
        ],
        [
          10,
          7,
          15,
          2,
          8,
          0,
          13
        ],
        [
          6,
          0,
          0,
          14,
          0,
          0,
          0
        ],
        [
          11,
          1,
          0,
          0,
          56,
          1,
          13
        ],
        [
          4,
          0,
          0,
          0,
          4,
          0,
          1
        ],
        [
          0,
          0,
          0,
          0,
          3,
          0,
          107
        ]
      ],
      "class_accuracies": {
        "class_0": 91.66666666666666,
        "class_1": 59.09090909090909,
        "class_2": 27.27272727272727,
        "class_3": 70.0,
        "class_4": 68.29268292682927,
        "class_5": 0.0,
        "class_6": 97.27272727272728
      },
      "epoch_time": 4.883895635604858,
      "learning_rate": 3.75e-06
    },
    {
      "epoch": 37,
      "train_loss": 4.948246654868126,
      "train_acc": 73.828125,
      "val_loss": 0.9220438599586487,
      "val_acc": 71.11801242236025,
      "timestamp": "2025-08-30 10:00:25",
      "train_f1": 72.11042371377185,
      "train_recall": 73.828125,
      "val_f1": 68.80376487132676,
      "val_recall": 71.11801242236024,
      "confusion_matrix": [
        [
          22,
          0,
          0,
          0,
          2,
          0,
          0
        ],
        [
          0,
          13,
          9,
          0,
          0,
          0,
          0
        ],
        [
          9,
          7,
          16,
          2,
          8,
          0,
          13
        ],
        [
          6,
          0,
          0,
          14,
          0,
          0,
          0
        ],
        [
          11,
          1,
          0,
          0,
          57,
          1,
          12
        ],
        [
          4,
          0,
          0,
          0,
          4,
          0,
          1
        ],
        [
          0,
          0,
          0,
          0,
          3,
          0,
          107
        ]
      ],
      "class_accuracies": {
        "class_0": 91.66666666666666,
        "class_1": 59.09090909090909,
        "class_2": 29.09090909090909,
        "class_3": 70.0,
        "class_4": 69.51219512195121,
        "class_5": 0.0,
        "class_6": 97.27272727272728
      },
      "epoch_time": 4.764679431915283,
      "learning_rate": 3.75e-06
    },
    {
      "epoch": 38,
      "train_loss": 4.918565467000008,
      "train_acc": 73.59375,
      "val_loss": 0.9208863576253256,
      "val_acc": 71.11801242236025,
      "timestamp": "2025-08-30 10:00:30",
      "train_f1": 71.44741385878855,
      "train_recall": 73.59375,
      "val_f1": 68.8460850296599,
      "val_recall": 71.11801242236024,
      "confusion_matrix": [
        [
          22,
          0,
          0,
          0,
          2,
          0,
          0
        ],
        [
          0,
          13,
          9,
          0,
          0,
          0,
          0
        ],
        [
          10,
          6,
          16,
          2,
          8,
          0,
          13
        ],
        [
          6,
          0,
          0,
          14,
          0,
          0,
          0
        ],
        [
          11,
          1,
          0,
          0,
          57,
          1,
          12
        ],
        [
          4,
          0,
          0,
          0,
          4,
          0,
          1
        ],
        [
          0,
          0,
          0,
          0,
          3,
          0,
          107
        ]
      ],
      "epoch_time": 5.0187718868255615,
      "learning_rate": 3.75e-06
    },
    {
      "epoch": 39,
      "train_loss": 4.9206185907125475,
      "train_acc": 74.453125,
      "val_loss": 0.9221300184726715,
      "val_acc": 72.36024844720497,
      "timestamp": "2025-08-30 10:00:35",
      "train_f1": 72.93899809673853,
      "train_recall": 74.453125,
      "val_f1": 69.96562711576854,
      "val_recall": 72.36024844720497,
      "confusion_matrix": [
        [
          22,
          0,
          0,
          0,
          2,
          0,
          0
        ],
        [
          0,
          13,
          9,
          0,
          0,
          0,
          0
        ],
        [
          9,
          6,
          16,
          2,
          9,
          0,
          13
        ],
        [
          6,
          0,
          0,
          14,
          0,
          0,
          0
        ],
        [
          11,
          1,
          0,
          0,
          61,
          0,
          9
        ],
        [
          4,
          0,
          0,
          0,
          4,
          0,
          1
        ],
        [
          0,
          0,
          0,
          0,
          3,
          0,
          107
        ]
      ],
      "class_accuracies": {
        "class_0": 91.66666666666666,
        "class_1": 59.09090909090909,
        "class_2": 29.09090909090909,
        "class_3": 70.0,
        "class_4": 74.39024390243902,
        "class_5": 0.0,
        "class_6": 97.27272727272728
      },
      "epoch_time": 4.792446136474609,
      "learning_rate": 3.75e-06
    },
    {
      "epoch": 40,
      "train_loss": 4.930781468749046,
      "train_acc": 74.21875,
      "val_loss": 0.9187847773234049,
      "val_acc": 72.67080745341615,
      "timestamp": "2025-08-30 10:00:40",
      "train_f1": 72.3674259038547,
      "train_recall": 74.21875,
      "val_f1": 70.33609845067753,
      "val_recall": 72.67080745341616,
      "confusion_matrix": [
        [
          22,
          0,
          0,
          0,
          2,
          0,
          0
        ],
        [
          0,
          14,
          8,
          0,
          0,
          0,
          0
        ],
        [
          10,
          6,
          16,
          2,
          8,
          0,
          13
        ],
        [
          6,
          0,
          0,
          14,
          0,
          0,
          0
        ],
        [
          11,
          1,
          0,
          0,
          61,
          0,
          9
        ],
        [
          4,
          0,
          0,
          0,
          4,
          0,
          1
        ],
        [
          0,
          0,
          0,
          0,
          3,
          0,
          107
        ]
      ],
      "class_accuracies": {
        "class_0": 91.66666666666666,
        "class_1": 63.63636363636363,
        "class_2": 29.09090909090909,
        "class_3": 70.0,
        "class_4": 74.39024390243902,
        "class_5": 0.0,
        "class_6": 97.27272727272728
      },
      "epoch_time": 5.117772579193115,
      "learning_rate": 3.75e-06
    },
    {
      "epoch": 41,
      "train_loss": 4.951404845714569,
      "train_acc": 73.828125,
      "val_loss": 0.917796770731608,
      "val_acc": 73.2919254658385,
      "timestamp": "2025-08-30 10:00:45",
      "train_f1": 72.02688467956028,
      "train_recall": 73.828125,
      "val_f1": 71.29817619818147,
      "val_recall": 73.29192546583852,
      "confusion_matrix": [
        [
          22,
          0,
          0,
          0,
          2,
          0,
          0
        ],
        [
          0,
          14,
          8,
          0,
          0,
          0,
          0
        ],
        [
          9,
          5,
          18,
          2,
          8,
          0,
          13
        ],
        [
          6,
          0,
          0,
          14,
          0,
          0,
          0
        ],
        [
          11,
          1,
          0,
          0,
          61,
          1,
          8
        ],
        [
          4,
          0,
          0,
          0,
          4,
          0,
          1
        ],
        [
          0,
          0,
          0,
          0,
          3,
          0,
          107
        ]
      ],
      "class_accuracies": {
        "class_0": 91.66666666666666,
        "class_1": 63.63636363636363,
        "class_2": 32.72727272727273,
        "class_3": 70.0,
        "class_4": 74.39024390243902,
        "class_5": 0.0,
        "class_6": 97.27272727272728
      },
      "epoch_time": 4.708590745925903,
      "learning_rate": 3.75e-06
    },
    {
      "epoch": 42,
      "train_loss": 4.944757586717605,
      "train_acc": 73.4375,
      "val_loss": 0.9164276917775472,
      "val_acc": 72.67080745341615,
      "timestamp": "2025-08-30 10:00:50",
      "train_f1": 71.40870813979741,
      "train_recall": 73.4375,
      "val_f1": 70.5723011951238,
      "val_recall": 72.67080745341616,
      "confusion_matrix": [
        [
          22,
          0,
          0,
          0,
          2,
          0,
          0
        ],
        [
          0,
          14,
          8,
          0,
          0,
          0,
          0
        ],
        [
          9,
          6,
          17,
          2,
          8,
          0,
          13
        ],
        [
          6,
          0,
          0,
          14,
          0,
          0,
          0
        ],
        [
          11,
          1,
          1,
          0,
          60,
          1,
          8
        ],
        [
          4,
          0,
          0,
          0,
          4,
          0,
          1
        ],
        [
          0,
          0,
          0,
          0,
          3,
          0,
          107
        ]
      ],
      "epoch_time": 4.988041639328003,
      "learning_rate": 3.75e-06
    },
    {
      "epoch": 43,
      "train_loss": 4.911258482933045,
      "train_acc": 74.53125,
      "val_loss": 0.918070395787557,
      "val_acc": 72.98136645962732,
      "timestamp": "2025-08-30 10:00:55",
      "train_f1": 72.90042357596028,
      "train_recall": 74.53125,
      "val_f1": 70.72277948125573,
      "val_recall": 72.98136645962732,
      "confusion_matrix": [
        [
          22,
          0,
          0,
          0,
          2,
          0,
          0
        ],
        [
          0,
          14,
          8,
          0,
          0,
          0,
          0
        ],
        [
          9,
          6,
          16,
          2,
          9,
          0,
          13
        ],
        [
          6,
          0,
          0,
          14,
          0,
          0,
          0
        ],
        [
          11,
          1,
          0,
          0,
          62,
          1,
          7
        ],
        [
          4,
          0,
          0,
          0,
          4,
          0,
          1
        ],
        [
          0,
          0,
          0,
          0,
          3,
          0,
          107
        ]
      ],
      "epoch_time": 4.756381273269653,
      "learning_rate": 3.75e-06
    },
    {
      "epoch": 44,
      "train_loss": 4.910343295335769,
      "train_acc": 73.90625,
      "val_loss": 0.9154935876528422,
      "val_acc": 73.2919254658385,
      "timestamp": "2025-08-30 10:01:00",
      "train_f1": 72.05451007218672,
      "train_recall": 73.90625,
      "val_f1": 71.05586246754274,
      "val_recall": 73.29192546583852,
      "confusion_matrix": [
        [
          22,
          0,
          0,
          0,
          2,
          0,
          0
        ],
        [
          0,
          14,
          8,
          0,
          0,
          0,
          0
        ],
        [
          9,
          6,
          17,
          2,
          8,
          0,
          13
        ],
        [
          6,
          0,
          0,
          14,
          0,
          0,
          0
        ],
        [
          11,
          1,
          0,
          0,
          62,
          0,
          8
        ],
        [
          4,
          0,
          0,
          0,
          4,
          0,
          1
        ],
        [
          0,
          0,
          0,
          0,
          3,
          0,
          107
        ]
      ],
      "epoch_time": 4.810171127319336,
      "learning_rate": 3.75e-06
    },
    {
      "epoch": 45,
      "train_loss": 4.912651070952416,
      "train_acc": 74.0625,
      "val_loss": 0.9163088301817576,
      "val_acc": 72.98136645962732,
      "timestamp": "2025-08-30 10:01:05",
      "train_f1": 72.24207332220465,
      "train_recall": 74.0625,
      "val_f1": 70.5942579980763,
      "val_recall": 72.98136645962732,
      "confusion_matrix": [
        [
          22,
          0,
          0,
          0,
          2,
          0,
          0
        ],
        [
          0,
          14,
          8,
          0,
          0,
          0,
          0
        ],
        [
          9,
          6,
          16,
          2,
          9,
          0,
          13
        ],
        [
          6,
          0,
          0,
          14,
          0,
          0,
          0
        ],
        [
          11,
          1,
          0,
          0,
          62,
          0,
          8
        ],
        [
          4,
          0,
          0,
          0,
          4,
          0,
          1
        ],
        [
          0,
          0,
          0,
          0,
          3,
          0,
          107
        ]
      ],
      "epoch_time": 5.077251434326172,
      "learning_rate": 1.875e-06
    },
    {
      "epoch": 46,
      "train_loss": 4.915879380702973,
      "train_acc": 74.296875,
      "val_loss": 0.9161315361658732,
      "val_acc": 72.98136645962732,
      "timestamp": "2025-08-30 10:01:10",
      "train_f1": 72.26467887695733,
      "train_recall": 74.296875,
      "val_f1": 70.5942579980763,
      "val_recall": 72.98136645962732,
      "confusion_matrix": [
        [
          22,
          0,
          0,
          0,
          2,
          0,
          0
        ],
        [
          0,
          14,
          8,
          0,
          0,
          0,
          0
        ],
        [
          9,
          6,
          16,
          2,
          9,
          0,
          13
        ],
        [
          6,
          0,
          0,
          14,
          0,
          0,
          0
        ],
        [
          11,
          1,
          0,
          0,
          62,
          0,
          8
        ],
        [
          4,
          0,
          0,
          0,
          4,
          0,
          1
        ],
        [
          0,
          0,
          0,
          0,
          3,
          0,
          107
        ]
      ],
      "epoch_time": 4.764299392700195,
      "learning_rate": 1.875e-06
    },
    {
      "epoch": 47,
      "train_loss": 4.895364534854889,
      "train_acc": 75.15625,
      "val_loss": 0.9150716960430145,
      "val_acc": 73.2919254658385,
      "timestamp": "2025-08-30 10:01:16",
      "train_f1": 73.44371905187339,
      "train_recall": 75.15625,
      "val_f1": 70.89240711487615,
      "val_recall": 73.29192546583852,
      "confusion_matrix": [
        [
          22,
          0,
          0,
          0,
          2,
          0,
          0
        ],
        [
          0,
          15,
          7,
          0,
          0,
          0,
          0
        ],
        [
          9,
          6,
          16,
          2,
          9,
          0,
          13
        ],
        [
          6,
          0,
          0,
          14,
          0,
          0,
          0
        ],
        [
          11,
          1,
          0,
          0,
          62,
          0,
          8
        ],
        [
          4,
          0,
          0,
          0,
          4,
          0,
          1
        ],
        [
          0,
          0,
          0,
          0,
          3,
          0,
          107
        ]
      ],
      "epoch_time": 5.041569948196411,
      "learning_rate": 1.875e-06
    },
    {
      "epoch": 48,
      "train_loss": 4.927154889702797,
      "train_acc": 74.609375,
      "val_loss": 0.9159818887710571,
      "val_acc": 73.6024844720497,
      "timestamp": "2025-08-30 10:01:21",
      "train_f1": 72.82512391887319,
      "train_recall": 74.609375,
      "val_f1": 71.34446323945663,
      "val_recall": 73.6024844720497,
      "confusion_matrix": [
        [
          22,
          0,
          0,
          0,
          2,
          0,
          0
        ],
        [
          0,
          15,
          7,
          0,
          0,
          0,
          0
        ],
        [
          9,
          5,
          17,
          2,
          9,
          0,
          13
        ],
        [
          6,
          0,
          0,
          14,
          0,
          0,
          0
        ],
        [
          11,
          1,
          0,
          0,
          62,
          0,
          8
        ],
        [
          4,
          0,
          0,
          0,
          4,
          0,
          1
        ],
        [
          0,
          0,
          0,
          0,
          3,
          0,
          107
        ]
      ],
      "class_accuracies": {
        "class_0": 91.66666666666666,
        "class_1": 68.18181818181817,
        "class_2": 30.909090909090907,
        "class_3": 70.0,
        "class_4": 75.60975609756098,
        "class_5": 0.0,
        "class_6": 97.27272727272728
      },
      "epoch_time": 4.7565202713012695,
      "learning_rate": 1.875e-06
    },
    {
      "epoch": 49,
      "train_loss": 4.905915558338165,
      "train_acc": 75.546875,
      "val_loss": 0.9160983363787333,
      "val_acc": 73.6024844720497,
      "timestamp": "2025-08-30 10:01:26",
      "train_f1": 73.89886135249148,
      "train_recall": 75.546875,
      "val_f1": 71.2824132883041,
      "val_recall": 73.6024844720497,
      "confusion_matrix": [
        [
          22,
          0,
          0,
          0,
          2,
          0,
          0
        ],
        [
          0,
          15,
          7,
          0,
          0,
          0,
          0
        ],
        [
          9,
          5,
          17,
          2,
          9,
          0,
          13
        ],
        [
          5,
          0,
          0,
          14,
          1,
          0,
          0
        ],
        [
          11,
          1,
          0,
          0,
          62,
          0,
          8
        ],
        [
          4,
          0,
          0,
          0,
          4,
          0,
          1
        ],
        [
          0,
          0,
          0,
          0,
          3,
          0,
          107
        ]
      ],
      "epoch_time": 5.0203728675842285,
      "learning_rate": 1.875e-06
    },
    {
      "epoch": 50,
      "train_loss": 4.858020830154419,
      "train_acc": 75.546875,
      "val_loss": 0.916759729385376,
      "val_acc": 73.2919254658385,
      "timestamp": "2025-08-30 10:01:31",
      "train_f1": 73.83919745840858,
      "train_recall": 75.546875,
      "val_f1": 71.02193301608733,
      "val_recall": 73.29192546583852,
      "confusion_matrix": [
        [
          21,
          0,
          0,
          0,
          3,
          0,
          0
        ],
        [
          0,
          15,
          7,
          0,
          0,
          0,
          0
        ],
        [
          9,
          5,
          17,
          2,
          9,
          0,
          13
        ],
        [
          5,
          0,
          0,
          14,
          1,
          0,
          0
        ],
        [
          11,
          1,
          0,
          0,
          62,
          0,
          8
        ],
        [
          4,
          0,
          0,
          0,
          4,
          0,
          1
        ],
        [
          0,
          0,
          0,
          0,
          3,
          0,
          107
        ]
      ],
      "epoch_time": 4.657668590545654,
      "learning_rate": 1.875e-06
    }
  ]
}