{
  "dataset": "MACHO",
  "model_type": "geometric",
  "sde_config": 1,
  "start_time": "20250829_102502",
  "date": "20250829",
  "epochs": [
    {
      "epoch": 1,
      "train_loss": 6.44579419195652,
      "train_acc": 11.640625,
      "val_loss": 1.1187353784387761,
      "val_acc": 39.130434782608695,
      "timestamp": "2025-08-29 10:30:53",
      "train_f1": 8.253570454938377,
      "train_recall": 13.412931117619095,
      "val_f1": 12.882982650424509,
      "val_recall": 18.441558441558442,
      "confusion_matrix": [
        [
          0,
          0,
          0,
          0,
          0,
          0,
          24
        ],
        [
          0,
          0,
          18,
          0,
          0,
          0,
          4
        ],
        [
          0,
          0,
          16,
          0,
          0,
          0,
          39
        ],
        [
          0,
          2,
          6,
          0,
          2,
          0,
          10
        ],
        [
          0,
          0,
          1,
          0,
          0,
          0,
          81
        ],
        [
          0,
          0,
          0,
          0,
          0,
          0,
          9
        ],
        [
          0,
          0,
          0,
          0,
          0,
          0,
          110
        ]
      ],
      "class_accuracies": {
        "class_0": 0.0,
        "class_1": 0.0,
        "class_2": 29.09090909090909,
        "class_3": 0.0,
        "class_4": 0.0,
        "class_5": 0.0,
        "class_6": 100.0
      },
      "epoch_time": 351.3293468952179,
      "learning_rate": 3e-05
    },
    {
      "epoch": 2,
      "train_loss": 6.110182929039001,
      "train_acc": 37.65625,
      "val_loss": 1.0918850140138106,
      "val_acc": 34.47204968944099,
      "timestamp": "2025-08-29 10:34:13",
      "train_f1": 12.350698768964676,
      "train_recall": 16.501022763259257,
      "val_f1": 7.931175456371424,
      "val_recall": 14.545454545454545,
      "confusion_matrix": [
        [
          0,
          0,
          0,
          0,
          0,
          0,
          24
        ],
        [
          0,
          0,
          0,
          0,
          0,
          0,
          22
        ],
        [
          0,
          0,
          1,
          0,
          0,
          0,
          54
        ],
        [
          0,
          0,
          1,
          0,
          7,
          0,
          12
        ],
        [
          0,
          0,
          0,
          0,
          0,
          0,
          82
        ],
        [
          0,
          0,
          0,
          0,
          0,
          0,
          9
        ],
        [
          0,
          0,
          0,
          0,
          0,
          0,
          110
        ]
      ],
      "epoch_time": 198.62084865570068,
      "learning_rate": 3e-05
    },
    {
      "epoch": 3,
      "train_loss": 5.950815933942795,
      "train_acc": 40.0,
      "val_loss": 1.0777349472045898,
      "val_acc": 34.161490683229815,
      "timestamp": "2025-08-29 10:38:27",
      "train_f1": 10.969786926881605,
      "train_recall": 15.644811386294352,
      "val_f1": 7.412398921832884,
      "val_recall": 14.285714285714285,
      "confusion_matrix": [
        [
          0,
          0,
          0,
          0,
          0,
          0,
          24
        ],
        [
          0,
          0,
          0,
          0,
          0,
          0,
          22
        ],
        [
          0,
          0,
          0,
          0,
          0,
          0,
          55
        ],
        [
          0,
          0,
          0,
          0,
          8,
          0,
          12
        ],
        [
          0,
          0,
          0,
          0,
          0,
          0,
          82
        ],
        [
          0,
          0,
          0,
          0,
          0,
          0,
          9
        ],
        [
          0,
          0,
          0,
          0,
          0,
          0,
          110
        ]
      ],
      "epoch_time": 253.65683794021606,
      "learning_rate": 3e-05
    },
    {
      "epoch": 4,
      "train_loss": 5.861867693066597,
      "train_acc": 39.765625,
      "val_loss": 1.069025083021684,
      "val_acc": 34.161490683229815,
      "timestamp": "2025-08-29 10:43:49",
      "train_f1": 10.217946389716438,
      "train_recall": 15.272456850901728,
      "val_f1": 7.394957983193278,
      "val_recall": 14.285714285714285,
      "confusion_matrix": [
        [
          0,
          0,
          0,
          0,
          0,
          0,
          24
        ],
        [
          0,
          0,
          0,
          0,
          0,
          0,
          22
        ],
        [
          0,
          0,
          0,
          0,
          0,
          0,
          55
        ],
        [
          0,
          0,
          0,
          0,
          7,
          0,
          13
        ],
        [
          0,
          0,
          0,
          0,
          0,
          0,
          82
        ],
        [
          0,
          0,
          0,
          0,
          0,
          0,
          9
        ],
        [
          0,
          0,
          0,
          0,
          0,
          0,
          110
        ]
      ],
      "epoch_time": 321.7028901576996,
      "learning_rate": 3e-05
    },
    {
      "epoch": 5,
      "train_loss": 5.801914989948273,
      "train_acc": 40.15625,
      "val_loss": 1.0610110434618862,
      "val_acc": 36.024844720496894,
      "timestamp": "2025-08-29 10:48:17",
      "train_f1": 10.839574972740191,
      "train_recall": 15.717429651761448,
      "val_f1": 10.070344316919659,
      "val_recall": 15.844155844155845,
      "confusion_matrix": [
        [
          0,
          0,
          0,
          0,
          0,
          0,
          24
        ],
        [
          0,
          0,
          8,
          0,
          0,
          0,
          14
        ],
        [
          0,
          0,
          6,
          0,
          0,
          0,
          49
        ],
        [
          0,
          0,
          3,
          0,
          7,
          0,
          10
        ],
        [
          0,
          0,
          1,
          0,
          0,
          0,
          81
        ],
        [
          0,
          0,
          0,
          0,
          0,
          0,
          9
        ],
        [
          0,
          0,
          0,
          0,
          0,
          0,
          110
        ]
      ],
      "epoch_time": 267.69256591796875,
      "learning_rate": 3e-05
    },
    {
      "epoch": 6,
      "train_loss": 5.778334790468216,
      "train_acc": 41.09375,
      "val_loss": 1.051094802943143,
      "val_acc": 37.88819875776397,
      "timestamp": "2025-08-29 10:53:17",
      "train_f1": 12.466709661488633,
      "train_recall": 16.562363159289788,
      "val_f1": 11.634756995581737,
      "val_recall": 17.402597402597404,
      "confusion_matrix": [
        [
          0,
          0,
          0,
          0,
          0,
          0,
          24
        ],
        [
          0,
          0,
          17,
          0,
          0,
          0,
          5
        ],
        [
          0,
          0,
          12,
          0,
          0,
          0,
          43
        ],
        [
          0,
          0,
          12,
          0,
          2,
          0,
          6
        ],
        [
          0,
          0,
          1,
          0,
          0,
          0,
          81
        ],
        [
          0,
          0,
          0,
          0,
          0,
          0,
          9
        ],
        [
          0,
          0,
          0,
          0,
          0,
          0,
          110
        ]
      ],
      "epoch_time": 298.69127917289734,
      "learning_rate": 3e-05
    },
    {
      "epoch": 7,
      "train_loss": 5.677343846857548,
      "train_acc": 43.28125,
      "val_loss": 1.0378724553368308,
      "val_acc": 39.440993788819874,
      "timestamp": "2025-08-29 10:59:40",
      "train_f1": 14.99489449901002,
      "train_recall": 18.606449267456863,
      "val_f1": 12.78985355502506,
      "val_recall": 18.7012987012987,
      "confusion_matrix": [
        [
          0,
          0,
          0,
          0,
          0,
          0,
          24
        ],
        [
          0,
          0,
          21,
          0,
          0,
          0,
          1
        ],
        [
          0,
          0,
          17,
          0,
          0,
          0,
          38
        ],
        [
          0,
          0,
          14,
          0,
          0,
          0,
          6
        ],
        [
          0,
          0,
          1,
          0,
          0,
          0,
          81
        ],
        [
          0,
          0,
          0,
          0,
          0,
          0,
          9
        ],
        [
          0,
          0,
          0,
          0,
          0,
          0,
          110
        ]
      ],
      "class_accuracies": {
        "class_0": 0.0,
        "class_1": 0.0,
        "class_2": 30.909090909090907,
        "class_3": 0.0,
        "class_4": 0.0,
        "class_5": 0.0,
        "class_6": 100.0
      },
      "epoch_time": 383.1965494155884,
      "learning_rate": 3e-05
    },
    {
      "epoch": 8,
      "train_loss": 5.649304029345513,
      "train_acc": 44.84375,
      "val_loss": 1.0229673223061995,
      "val_acc": 42.2360248447205,
      "timestamp": "2025-08-29 11:05:01",
      "train_f1": 17.316851942470286,
      "train_recall": 20.573624442468518,
      "val_f1": 20.544618145988792,
      "val_recall": 23.766233766233764,
      "confusion_matrix": [
        [
          0,
          0,
          0,
          0,
          0,
          0,
          24
        ],
        [
          0,
          0,
          21,
          0,
          0,
          0,
          1
        ],
        [
          0,
          0,
          20,
          0,
          2,
          0,
          33
        ],
        [
          0,
          2,
          6,
          6,
          0,
          0,
          6
        ],
        [
          0,
          0,
          1,
          0,
          0,
          0,
          81
        ],
        [
          0,
          0,
          0,
          0,
          0,
          0,
          9
        ],
        [
          0,
          0,
          0,
          0,
          0,
          0,
          110
        ]
      ],
      "class_accuracies": {
        "class_0": 0.0,
        "class_1": 0.0,
        "class_2": 36.36363636363637,
        "class_3": 30.0,
        "class_4": 0.0,
        "class_5": 0.0,
        "class_6": 100.0
      },
      "epoch_time": 320.12229228019714,
      "learning_rate": 3e-05
    },
    {
      "epoch": 9,
      "train_loss": 5.562054601311684,
      "train_acc": 46.25,
      "val_loss": 1.004549871791493,
      "val_acc": 43.16770186335404,
      "timestamp": "2025-08-29 11:10:26",
      "train_f1": 20.174863982618714,
      "train_recall": 22.485222145686652,
      "val_f1": 20.087103446788472,
      "val_recall": 23.465315172632245,
      "confusion_matrix": [
        [
          0,
          0,
          0,
          0,
          0,
          0,
          24
        ],
        [
          0,
          0,
          21,
          0,
          1,
          0,
          0
        ],
        [
          0,
          0,
          23,
          0,
          8,
          0,
          24
        ],
        [
          0,
          1,
          9,
          4,
          0,
          0,
          6
        ],
        [
          0,
          0,
          1,
          0,
          2,
          0,
          79
        ],
        [
          0,
          0,
          0,
          0,
          0,
          0,
          9
        ],
        [
          0,
          0,
          0,
          0,
          0,
          0,
          110
        ]
      ],
      "class_accuracies": {
        "class_0": 0.0,
        "class_1": 0.0,
        "class_2": 41.81818181818181,
        "class_3": 20.0,
        "class_4": 2.4390243902439024,
        "class_5": 0.0,
        "class_6": 100.0
      },
      "epoch_time": 324.47767424583435,
      "learning_rate": 3e-05
    },
    {
      "epoch": 10,
      "train_loss": 5.495197948813439,
      "train_acc": 51.328125,
      "val_loss": 0.9943513490936973,
      "val_acc": 45.03105590062112,
      "timestamp": "2025-08-29 11:16:21",
      "train_f1": 26.46959862906203,
      "train_recall": 26.876277759570517,
      "val_f1": 20.254459904605678,
      "val_recall": 23.515996198923027,
      "confusion_matrix": [
        [
          0,
          0,
          0,
          0,
          8,
          0,
          16
        ],
        [
          0,
          0,
          21,
          0,
          1,
          0,
          0
        ],
        [
          0,
          0,
          24,
          0,
          8,
          0,
          23
        ],
        [
          0,
          2,
          10,
          2,
          2,
          0,
          4
        ],
        [
          0,
          0,
          1,
          0,
          9,
          0,
          72
        ],
        [
          0,
          0,
          0,
          0,
          1,
          0,
          8
        ],
        [
          0,
          0,
          0,
          0,
          0,
          0,
          110
        ]
      ],
      "class_accuracies": {
        "class_0": 0.0,
        "class_1": 0.0,
        "class_2": 43.63636363636363,
        "class_3": 10.0,
        "class_4": 10.975609756097562,
        "class_5": 0.0,
        "class_6": 100.0
      },
      "epoch_time": 353.92710065841675,
      "learning_rate": 3e-05
    },
    {
      "epoch": 11,
      "train_loss": 5.4064272969961165,
      "train_acc": 53.59375,
      "val_loss": 0.9855350960384716,
      "val_acc": 50.93167701863354,
      "timestamp": "2025-08-29 11:20:16",
      "train_f1": 26.259363965185578,
      "train_recall": 27.36707171884671,
      "val_f1": 23.421055835191215,
      "val_recall": 26.371555273994296,
      "confusion_matrix": [
        [
          0,
          0,
          0,
          0,
          22,
          0,
          2
        ],
        [
          0,
          0,
          22,
          0,
          0,
          0,
          0
        ],
        [
          0,
          0,
          25,
          0,
          9,
          0,
          21
        ],
        [
          0,
          3,
          10,
          1,
          5,
          0,
          1
        ],
        [
          0,
          0,
          1,
          0,
          28,
          0,
          53
        ],
        [
          0,
          0,
          0,
          0,
          5,
          0,
          4
        ],
        [
          0,
          0,
          0,
          0,
          0,
          0,
          110
        ]
      ],
      "class_accuracies": {
        "class_0": 0.0,
        "class_1": 0.0,
        "class_2": 45.45454545454545,
        "class_3": 5.0,
        "class_4": 34.146341463414636,
        "class_5": 0.0,
        "class_6": 100.0
      },
      "epoch_time": 234.25117373466492,
      "learning_rate": 3e-05
    },
    {
      "epoch": 12,
      "train_loss": 5.328682982921601,
      "train_acc": 57.265625,
      "val_loss": 0.9752654053948142,
      "val_acc": 55.590062111801245,
      "timestamp": "2025-08-29 11:25:49",
      "train_f1": 29.334470575093302,
      "train_recall": 29.971048018865005,
      "val_f1": 25.122487229039585,
      "val_recall": 28.7012987012987,
      "confusion_matrix": [
        [
          0,
          0,
          0,
          0,
          24,
          0,
          0
        ],
        [
          0,
          0,
          22,
          0,
          0,
          0,
          0
        ],
        [
          0,
          0,
          28,
          0,
          7,
          0,
          20
        ],
        [
          0,
          5,
          9,
          0,
          6,
          0,
          0
        ],
        [
          0,
          0,
          1,
          0,
          41,
          0,
          40
        ],
        [
          0,
          0,
          0,
          0,
          5,
          0,
          4
        ],
        [
          0,
          0,
          0,
          0,
          0,
          0,
          110
        ]
      ],
      "class_accuracies": {
        "class_0": 0.0,
        "class_1": 0.0,
        "class_2": 50.90909090909091,
        "class_3": 0.0,
        "class_4": 50.0,
        "class_5": 0.0,
        "class_6": 100.0
      },
      "epoch_time": 332.709712266922,
      "learning_rate": 3e-05
    },
    {
      "epoch": 13,
      "train_loss": 5.328094036877156,
      "train_acc": 59.140625,
      "val_loss": 0.9671587402170355,
      "val_acc": 56.2111801242236,
      "timestamp": "2025-08-29 11:29:20",
      "train_f1": 30.6711538551175,
      "train_recall": 31.591801350560782,
      "val_f1": 25.804631788550537,
      "val_recall": 29.094076655052266,
      "confusion_matrix": [
        [
          0,
          0,
          0,
          0,
          24,
          0,
          0
        ],
        [
          0,
          0,
          22,
          0,
          0,
          0,
          0
        ],
        [
          0,
          1,
          28,
          0,
          7,
          0,
          19
        ],
        [
          0,
          9,
          5,
          0,
          6,
          0,
          0
        ],
        [
          0,
          0,
          1,
          0,
          44,
          0,
          37
        ],
        [
          0,
          0,
          0,
          0,
          6,
          0,
          3
        ],
        [
          0,
          0,
          0,
          0,
          1,
          0,
          109
        ]
      ],
      "class_accuracies": {
        "class_0": 0.0,
        "class_1": 0.0,
        "class_2": 50.90909090909091,
        "class_3": 0.0,
        "class_4": 53.65853658536586,
        "class_5": 0.0,
        "class_6": 99.0909090909091
      },
      "epoch_time": 210.1387209892273,
      "learning_rate": 3e-05
    }
  ]
}